<?xml version="1.0" encoding="UTF-8"?>
<testsuites name="C:\Program Files\OneScript\lib\add\tests\smoke_nonadmin - &lt;test&gt;" time="51.895" tests="3655" failures="246" errors="0" skipped="0">
	<testsuite name="C:\Program Files\OneScript\lib\add\tests\smoke_nonadmin - &lt;test&gt;">
		<testsuite name="Проверка чтения не-администраторами - &lt;test&gt;">
			<testcase classname="Проверка чтения не-администраторами - &lt;test&gt;" name="Справочник.ТОРО_ПроизводственныеЕдиницы: Проверка доступа на Чтение Не-Администраторами - &lt;test&gt;" time="0.015" status="passed"/>
			<testcase classname="Проверка чтения не-администраторами - &lt;test&gt;" name="Константа.ТОРО_ИспользоватьСогласованиеБизнесПроцессов: Проверка доступа на Чтение Не-Администраторами - &lt;test&gt;" time="0.015" status="passed"/>
			<testcase classname="Проверка чтения не-администраторами - &lt;test&gt;" name="Константа.АвтоПостановкаКлиентовНаМониторингСПАРКНастройка: Проверка доступа на Чтение Не-Администраторами - &lt;test&gt;" time="0" status="passed"/>
			<testcase classname="Проверка чтения не-администраторами - &lt;test&gt;" name="Константа.ИспользоватьБюджетирование: Проверка доступа на Чтение Не-Администраторами - &lt;test&gt;" time="0.016" status="passed"/>
			<testcase classname="Проверка чтения не-администраторами - &lt;test&gt;" name="Константа.ИспользоватьУправлениеРемонтами: Проверка доступа на Чтение Не-Администраторами - &lt;test&gt;" time="0" status="passed"/>
			<testcase classname="Проверка чтения не-администраторами - &lt;test&gt;" name="РегистрНакопления.ДанныеИндивидуальныхГрафиковСотрудников: Проверка доступа на Чтение Не-Администраторами - &lt;test&gt;" time="0" status="passed"/>
			<testcase classname="Проверка чтения не-администраторами - &lt;test&gt;" name="РегистрСведений.СведенияОВремениДляРасчетаСреднегоФCC: Проверка доступа на Чтение Не-Администраторами - &lt;test&gt;" time="0.016" status="passed"/>
			<testcase classname="Проверка чтения не-администраторами - &lt;test&gt;" name="РегистрСведений.РеестрКадровыхПриказовИспр: Проверка доступа на Чтение Не-Администраторами - &lt;test&gt;" time="0.016" status="passed"/>
			<testcase classname="Проверка чтения не-администраторами - &lt;test&gt;" name="Справочник.СценарииТоварногоПланирования: Проверка доступа на Чтение Не-Администраторами - &lt;test&gt;" time="0.016" status="passed"/>
			<testcase classname="Проверка чтения не-администраторами - &lt;test&gt;" name="Справочник.УслугиСервиса: Проверка доступа на Чтение Не-Администраторами - &lt;test&gt;" time="0" status="passed"/>
			<testcase classname="Проверка чтения не-администраторами - &lt;test&gt;" name="РегистрНакопления.РезервыТоваровОрганизаций: Проверка доступа на Чтение Не-Администраторами - &lt;test&gt;" time="0.016" status="passed"/>
			<testcase classname="Проверка чтения не-администраторами - &lt;test&gt;" name="Справочник.ПродукцияВЕТИС: Проверка доступа на Чтение Не-Администраторами - &lt;test&gt;" time="0.016" status="passed"/>
			<testcase classname="Проверка чтения не-администраторами - &lt;test&gt;" name="Справочник.ТОРО_ВидыАтрибутов: Проверка доступа на Чтение Не-Администраторами - &lt;test&gt;" time="0.015" status="passed"/>
			<testcase classname="Проверка чтения не-администраторами - &lt;test&gt;" name="РегистрСведений.ИсторияИспользованияШтатногоРасписания: Проверка доступа на Чтение Не-Администраторами - &lt;test&gt;" time="0" status="passed"/>
			<testcase classname="Проверка чтения не-администраторами - &lt;test&gt;" name="РегистрСведений.ПорядокОтраженияНоменклатурыПереданной: Проверка доступа на Чтение Не-Администраторами - &lt;test&gt;" time="0.016" status="passed"/>
			<testcase classname="Проверка чтения не-администраторами - &lt;test&gt;" name="РегистрСведений.СостоянияОбменСБанками: Проверка доступа на Чтение Не-Администраторами - &lt;test&gt;" time="0" status="passed"/>
			<testcase classname="Проверка чтения не-администраторами - &lt;test&gt;" name="Константа.АдресСервисаПодключенияЭлектроннойПодписиВМоделиСервиса: Проверка доступа на Чтение Не-Администраторами - &lt;test&gt;" time="0" status="passed"/>
			<testcase classname="Проверка чтения не-администраторами - &lt;test&gt;" name="Константа.ТОРО_ДатаНачалаВторогоЭтапа: Проверка доступа на Чтение Не-Администраторами - &lt;test&gt;" time="0.016" status="passed"/>
			<testcase classname="Проверка чтения не-администраторами - &lt;test&gt;" name="РегистрСведений.СведенияОРежимахРаботыФормыСотрудникаРасширенный: Проверка доступа на Чтение Не-Администраторами - &lt;test&gt;" time="0.063" status="failure">
				<failure message="[Failed] Ожидали, что проверяемое значение (Ложь) является ИСТИНОЙ.
РегистрСведений.СведенияОРежимахРаботыФормыСотрудникаРасширенный недоступно для чтения ролями без привилегий
{ВнешняяОбработка.УтвержденияBDD.МодульОбъекта(293)}:	ВызватьИсключение Префикс + &quot; &quot; + СообщениеОшибки;
{ВнешняяОбработка.УтвержденияBDD.МодульОбъекта(46)}:		ВызватьОшибкуПроверки(СообщениеОшибки);
{ВнешняяОбработка.УтвержденияBDD.МодульОбъекта(53)}:	Возврат ЭтоИстина();
{ВнешняяОбработка.ПроверкаЧтенияНеАдминистраторами.МодульОбъекта(100)}:	Ожидаем.Что(ЧтениеДоступно, ПолноеИмяМетаданного + &quot; недоступно для чтения ролями без привилегий&quot;).ЕстьИстина();
{(1)}:КонтекстВыполнения.Тест_ПроверитьНеАдминистраторскиеПраваНаЧтение(Параметры[0],Параметры[1]);
{ВнешняяОбработка.xddTestRunner.МодульОбъекта(337)}:	Выполнить(ИcполняемыйКод);
{ВнешняяОбработка.xddTestRunner.МодульОбъекта(261)}:			ВыполнитьПроцедуруКонтекста(КонтекстВыполнения, ЭлементДереваТестов.ИмяМетода, ЭлементДереваТестов.Параметры);
{ВнешняяОбработка.xddTestRunner.Форма.УправляемаяФорма.Форма(913)}:	РезультатТестирования = ОбъектНаСервере.ВыполнитьТестовыйМетод(КонтекстВыполнения, ЭлементДереваТестов);
"/>
			</testcase>
			<testcase classname="Проверка чтения не-администраторами - &lt;test&gt;" name="РегистрСведений.ПорядокОтраженияПодарочныхСертификатов: Проверка доступа на Чтение Не-Администраторами - &lt;test&gt;" time="0.016" status="passed"/>
			<testcase classname="Проверка чтения не-администраторами - &lt;test&gt;" name="Константа.ИспользоватьОтчетДавальцуПоНесколькимЗаказам: Проверка доступа на Чтение Не-Администраторами - &lt;test&gt;" time="0" status="passed"/>
			<testcase classname="Проверка чтения не-администраторами - &lt;test&gt;" name="РегистрСведений.УдалитьСтраныМира: Проверка доступа на Чтение Не-Администраторами - &lt;test&gt;" time="0.047" status="passed"/>
			<testcase classname="Проверка чтения не-администраторами - &lt;test&gt;" name="Константа.ИспользованиеКаталогаРасширенийВМоделиСервиса: Проверка доступа на Чтение Не-Администраторами - &lt;test&gt;" time="0.031" status="passed"/>
			<testcase classname="Проверка чтения не-администраторами - &lt;test&gt;" name="РегистрСведений.КоэффициентИндексацииЗаработка: Проверка доступа на Чтение Не-Администраторами - &lt;test&gt;" time="0.015" status="passed"/>
			<testcase classname="Проверка чтения не-администраторами - &lt;test&gt;" name="РегистрСведений.СостоянияУспешныхОбменовДаннымиОбластейДанных: Проверка доступа на Чтение Не-Администраторами - &lt;test&gt;" time="0.062" status="failure">
				<failure message="[Failed] Ожидали, что проверяемое значение (Ложь) является ИСТИНОЙ.
РегистрСведений.СостоянияУспешныхОбменовДаннымиОбластейДанных недоступно для чтения ролями без привилегий
{ВнешняяОбработка.УтвержденияBDD.МодульОбъекта(293)}:	ВызватьИсключение Префикс + &quot; &quot; + СообщениеОшибки;
{ВнешняяОбработка.УтвержденияBDD.МодульОбъекта(46)}:		ВызватьОшибкуПроверки(СообщениеОшибки);
{ВнешняяОбработка.УтвержденияBDD.МодульОбъекта(53)}:	Возврат ЭтоИстина();
{ВнешняяОбработка.ПроверкаЧтенияНеАдминистраторами.МодульОбъекта(100)}:	Ожидаем.Что(ЧтениеДоступно, ПолноеИмяМетаданного + &quot; недоступно для чтения ролями без привилегий&quot;).ЕстьИстина();
{(1)}:КонтекстВыполнения.Тест_ПроверитьНеАдминистраторскиеПраваНаЧтение(Параметры[0],Параметры[1]);
{ВнешняяОбработка.xddTestRunner.МодульОбъекта(337)}:	Выполнить(ИcполняемыйКод);
{ВнешняяОбработка.xddTestRunner.МодульОбъекта(261)}:			ВыполнитьПроцедуруКонтекста(КонтекстВыполнения, ЭлементДереваТестов.ИмяМетода, ЭлементДереваТестов.Параметры);
{ВнешняяОбработка.xddTestRunner.Форма.УправляемаяФорма.Форма(913)}:	РезультатТестирования = ОбъектНаСервере.ВыполнитьТестовыйМетод(КонтекстВыполнения, ЭлементДереваТестов);
"/>
			</testcase>
			<testcase classname="Проверка чтения не-администраторами - &lt;test&gt;" name="РегистрСведений.НастройкиПечатиОбъектов: Проверка доступа на Чтение Не-Администраторами - &lt;test&gt;" time="0" status="passed"/>
			<testcase classname="Проверка чтения не-администраторами - &lt;test&gt;" name="РегистрСведений.СведенияОВремениДляРасчетаСреднегоОбщий: Проверка доступа на Чтение Не-Администраторами - &lt;test&gt;" time="0.016" status="passed"/>
			<testcase classname="Проверка чтения не-администраторами - &lt;test&gt;" name="Документ.ПринятиеКУчетуОСМеждународныйУчет: Проверка доступа на Чтение Не-Администраторами - &lt;test&gt;" time="0" status="passed"/>
			<testcase classname="Проверка чтения не-администраторами - &lt;test&gt;" name="Константа.ИспользоватьЗаметки: Проверка доступа на Чтение Не-Администраторами - &lt;test&gt;" time="0.016" status="passed"/>
			<testcase classname="Проверка чтения не-администраторами - &lt;test&gt;" name="Документ.ЭкземплярФинансовогоОтчета: Проверка доступа на Чтение Не-Администраторами - &lt;test&gt;" time="0" status="passed"/>
			<testcase classname="Проверка чтения не-администраторами - &lt;test&gt;" name="РегистрНакопления.РезервыПредстоящихРасходов: Проверка доступа на Чтение Не-Администраторами - &lt;test&gt;" time="0.016" status="passed"/>
			<testcase classname="Проверка чтения не-администраторами - &lt;test&gt;" name="Константа.ДатаНачалаРегистрацииРозничныхПродажВЕГАИСВСельскойМестности: Проверка доступа на Чтение Не-Администраторами - &lt;test&gt;" time="0" status="passed"/>
			<testcase classname="Проверка чтения не-администраторами - &lt;test&gt;" name="РегистрСведений.ТОРО_ЗначенияКоэффициентов: Проверка доступа на Чтение Не-Администраторами - &lt;test&gt;" time="0.015" status="passed"/>
			<testcase classname="Проверка чтения не-администраторами - &lt;test&gt;" name="ПланОбмена.ИнтеграцияС1СДокументооборотом: Проверка доступа на Чтение Не-Администраторами - &lt;test&gt;" time="0" status="passed"/>
			<testcase classname="Проверка чтения не-администраторами - &lt;test&gt;" name="Константа.ПрефиксУзлаРаспределеннойИнформационнойБазы: Проверка доступа на Чтение Не-Администраторами - &lt;test&gt;" time="0" status="passed"/>
			<testcase classname="Проверка чтения не-администраторами - &lt;test&gt;" name="Документ.ПроцессПодготовкиБюджетов: Проверка доступа на Чтение Не-Администраторами - &lt;test&gt;" time="0.015" status="passed"/>
			<testcase classname="Проверка чтения не-администраторами - &lt;test&gt;" name="Справочник.СерииНоменклатуры: Проверка доступа на Чтение Не-Администраторами - &lt;test&gt;" time="0.016" status="passed"/>
			<testcase classname="Проверка чтения не-администраторами - &lt;test&gt;" name="Документ.ТОРО_ЗаказНаТО: Проверка доступа на Чтение Не-Администраторами - &lt;test&gt;" time="0.016" status="passed"/>
			<testcase classname="Проверка чтения не-администраторами - &lt;test&gt;" name="Справочник.КоммерческоеПредложениеКлиентуПрисоединенныеФайлы: Проверка доступа на Чтение Не-Администраторами - &lt;test&gt;" time="0" status="passed"/>
			<testcase classname="Проверка чтения не-администраторами - &lt;test&gt;" name="Константа.ИспользоватьПеремещениеПоНесколькимЗаказам: Проверка доступа на Чтение Не-Администраторами - &lt;test&gt;" time="0" status="passed"/>
			<testcase classname="Проверка чтения не-администраторами - &lt;test&gt;" name="Справочник.Проекты: Проверка доступа на Чтение Не-Администраторами - &lt;test&gt;" time="0.015" status="passed"/>
			<testcase classname="Проверка чтения не-администраторами - &lt;test&gt;" name="ПланОбмена.ОбменУправлениеПредприятиемДокументооборот: Проверка доступа на Чтение Не-Администраторами - &lt;test&gt;" time="0.046" status="failure">
				<failure message="[Failed] Ожидали, что проверяемое значение (Ложь) является ИСТИНОЙ.
ПланОбмена.ОбменУправлениеПредприятиемДокументооборот недоступно для чтения ролями без привилегий
{ВнешняяОбработка.УтвержденияBDD.МодульОбъекта(293)}:	ВызватьИсключение Префикс + &quot; &quot; + СообщениеОшибки;
{ВнешняяОбработка.УтвержденияBDD.МодульОбъекта(46)}:		ВызватьОшибкуПроверки(СообщениеОшибки);
{ВнешняяОбработка.УтвержденияBDD.МодульОбъекта(53)}:	Возврат ЭтоИстина();
{ВнешняяОбработка.ПроверкаЧтенияНеАдминистраторами.МодульОбъекта(100)}:	Ожидаем.Что(ЧтениеДоступно, ПолноеИмяМетаданного + &quot; недоступно для чтения ролями без привилегий&quot;).ЕстьИстина();
{(1)}:КонтекстВыполнения.Тест_ПроверитьНеАдминистраторскиеПраваНаЧтение(Параметры[0],Параметры[1]);
{ВнешняяОбработка.xddTestRunner.МодульОбъекта(337)}:	Выполнить(ИcполняемыйКод);
{ВнешняяОбработка.xddTestRunner.МодульОбъекта(261)}:			ВыполнитьПроцедуруКонтекста(КонтекстВыполнения, ЭлементДереваТестов.ИмяМетода, ЭлементДереваТестов.Параметры);
{ВнешняяОбработка.xddTestRunner.Форма.УправляемаяФорма.Форма(913)}:	РезультатТестирования = ОбъектНаСервере.ВыполнитьТестовыйМетод(КонтекстВыполнения, ЭлементДереваТестов);
"/>
			</testcase>
			<testcase classname="Проверка чтения не-администраторами - &lt;test&gt;" name="РегистрСведений.Удалить_АктивныеПредметыВзаимодействий: Проверка доступа на Чтение Не-Администраторами - &lt;test&gt;" time="0.063" status="failure">
				<failure message="[Failed] Ожидали, что проверяемое значение (Ложь) является ИСТИНОЙ.
РегистрСведений.Удалить_АктивныеПредметыВзаимодействий недоступно для чтения ролями без привилегий
{ВнешняяОбработка.УтвержденияBDD.МодульОбъекта(293)}:	ВызватьИсключение Префикс + &quot; &quot; + СообщениеОшибки;
{ВнешняяОбработка.УтвержденияBDD.МодульОбъекта(46)}:		ВызватьОшибкуПроверки(СообщениеОшибки);
{ВнешняяОбработка.УтвержденияBDD.МодульОбъекта(53)}:	Возврат ЭтоИстина();
{ВнешняяОбработка.ПроверкаЧтенияНеАдминистраторами.МодульОбъекта(100)}:	Ожидаем.Что(ЧтениеДоступно, ПолноеИмяМетаданного + &quot; недоступно для чтения ролями без привилегий&quot;).ЕстьИстина();
{(1)}:КонтекстВыполнения.Тест_ПроверитьНеАдминистраторскиеПраваНаЧтение(Параметры[0],Параметры[1]);
{ВнешняяОбработка.xddTestRunner.МодульОбъекта(337)}:	Выполнить(ИcполняемыйКод);
{ВнешняяОбработка.xddTestRunner.МодульОбъекта(261)}:			ВыполнитьПроцедуруКонтекста(КонтекстВыполнения, ЭлементДереваТестов.ИмяМетода, ЭлементДереваТестов.Параметры);
{ВнешняяОбработка.xddTestRunner.Форма.УправляемаяФорма.Форма(913)}:	РезультатТестирования = ОбъектНаСервере.ВыполнитьТестовыйМетод(КонтекстВыполнения, ЭлементДереваТестов);
"/>
			</testcase>
			<testcase classname="Проверка чтения не-администраторами - &lt;test&gt;" name="Константа.НастройкиОбменаГосИС: Проверка доступа на Чтение Не-Администраторами - &lt;test&gt;" time="0" status="passed"/>
			<testcase classname="Проверка чтения не-администраторами - &lt;test&gt;" name="Документ.ТОРО_АктОВыявленныхДефектах: Проверка доступа на Чтение Не-Администраторами - &lt;test&gt;" time="0.015" status="passed"/>
			<testcase classname="Проверка чтения не-администраторами - &lt;test&gt;" name="Константа.ИспользоватьСегментыПартнеров: Проверка доступа на Чтение Не-Администраторами - &lt;test&gt;" time="0" status="passed"/>
			<testcase classname="Проверка чтения не-администраторами - &lt;test&gt;" name="Константа.ИспользоватьУпаковочныеЛисты: Проверка доступа на Чтение Не-Администраторами - &lt;test&gt;" time="0.016" status="passed"/>
			<testcase classname="Проверка чтения не-администраторами - &lt;test&gt;" name="Константа.ВидМаксимальноДопустимыхЦенПродажи: Проверка доступа на Чтение Не-Администраторами - &lt;test&gt;" time="0.016" status="passed"/>
			<testcase classname="Проверка чтения не-администраторами - &lt;test&gt;" name="Справочник.УдалитьВидыОбщественноПолезнойДеятельностиСЗВК: Проверка доступа на Чтение Не-Администраторами - &lt;test&gt;" time="0.031" status="passed"/>
			<testcase classname="Проверка чтения не-администраторами - &lt;test&gt;" name="Справочник.ГруппыФинансовогоУчетаВнеоборотныхАктивов: Проверка доступа на Чтение Не-Администраторами - &lt;test&gt;" time="0" status="passed"/>
			<testcase classname="Проверка чтения не-администраторами - &lt;test&gt;" name="Константа.ИспользоватьУчетПрочихДоходовРасходовРегл: Проверка доступа на Чтение Не-Администраторами - &lt;test&gt;" time="0" status="passed"/>
			<testcase classname="Проверка чтения не-администраторами - &lt;test&gt;" name="Константа.УведомлятьОбОшибкахМеханизмаОнлайнСервисовРО: Проверка доступа на Чтение Не-Администраторами - &lt;test&gt;" time="0" status="passed"/>
			<testcase classname="Проверка чтения не-администраторами - &lt;test&gt;" name="Документ.ВзаимозачетЗадолженности: Проверка доступа на Чтение Не-Администраторами - &lt;test&gt;" time="0" status="passed"/>
			<testcase classname="Проверка чтения не-администраторами - &lt;test&gt;" name="РегистрСведений.СтатусыСинхронизацииФайловСОблачнымСервисом: Проверка доступа на Чтение Не-Администраторами - &lt;test&gt;" time="0" status="passed"/>
			<testcase classname="Проверка чтения не-администраторами - &lt;test&gt;" name="Документ.НачислениеДивидендов: Проверка доступа на Чтение Не-Администраторами - &lt;test&gt;" time="0.016" status="passed"/>
			<testcase classname="Проверка чтения не-администраторами - &lt;test&gt;" name="Константа.АдресДляВосстановленияПароляУчетнойЗаписи: Проверка доступа на Чтение Не-Администраторами - &lt;test&gt;" time="0.015" status="passed"/>
			<testcase classname="Проверка чтения не-администраторами - &lt;test&gt;" name="Справочник.ТОРО_ДополнительныеСоглашения: Проверка доступа на Чтение Не-Администраторами - &lt;test&gt;" time="0.016" status="passed"/>
			<testcase classname="Проверка чтения не-администраторами - &lt;test&gt;" name="Константа.ИспользоватьПараметризациюРесурсныхСпецификаций: Проверка доступа на Чтение Не-Администраторами - &lt;test&gt;" time="0" status="passed"/>
			<testcase classname="Проверка чтения не-администраторами - &lt;test&gt;" name="РегистрСведений.ТОРО_СписокОрганизацийДляОтчетовУЗ: Проверка доступа на Чтение Не-Администраторами - &lt;test&gt;" time="0.016" status="passed"/>
			<testcase classname="Проверка чтения не-администраторами - &lt;test&gt;" name="РегистрНакопления.СтраховыеВзносыПоФизическимЛицам: Проверка доступа на Чтение Не-Администраторами - &lt;test&gt;" time="0.015" status="passed"/>
			<testcase classname="Проверка чтения не-администраторами - &lt;test&gt;" name="Документ.ПогашениеЗадолженностиПоВзысканиям: Проверка доступа на Чтение Не-Администраторами - &lt;test&gt;" time="0" status="passed"/>
			<testcase classname="Проверка чтения не-администраторами - &lt;test&gt;" name="Константа.РассчитыватьПредварительнуюСтоимостьРегламентнымЗаданием: Проверка доступа на Чтение Не-Администраторами - &lt;test&gt;" time="0.016" status="passed"/>
			<testcase classname="Проверка чтения не-администраторами - &lt;test&gt;" name="Константа.ИспользоватьПодработки: Проверка доступа на Чтение Не-Администраторами - &lt;test&gt;" time="0" status="passed"/>
			<testcase classname="Проверка чтения не-администраторами - &lt;test&gt;" name="Документ.УведомлениеОПравеНаИмущественныйВычетДляНДФЛ: Проверка доступа на Чтение Не-Администраторами - &lt;test&gt;" time="0" status="passed"/>
			<testcase classname="Проверка чтения не-администраторами - &lt;test&gt;" name="Константа.ВариантПриемкиТоваров: Проверка доступа на Чтение Не-Администраторами - &lt;test&gt;" time="0" status="passed"/>
			<testcase classname="Проверка чтения не-администраторами - &lt;test&gt;" name="РегистрСведений.ЗначенияПериодическихПоказателейРасчетаЗарплатыСотрудниковИспр: Проверка доступа на Чтение Не-Администраторами - &lt;test&gt;" time="0.078" status="failure">
				<failure message="[Failed] Ожидали, что проверяемое значение (Ложь) является ИСТИНОЙ.
РегистрСведений.ЗначенияПериодическихПоказателейРасчетаЗарплатыСотрудниковИспр недоступно для чтения ролями без привилегий
{ВнешняяОбработка.УтвержденияBDD.МодульОбъекта(293)}:	ВызватьИсключение Префикс + &quot; &quot; + СообщениеОшибки;
{ВнешняяОбработка.УтвержденияBDD.МодульОбъекта(46)}:		ВызватьОшибкуПроверки(СообщениеОшибки);
{ВнешняяОбработка.УтвержденияBDD.МодульОбъекта(53)}:	Возврат ЭтоИстина();
{ВнешняяОбработка.ПроверкаЧтенияНеАдминистраторами.МодульОбъекта(100)}:	Ожидаем.Что(ЧтениеДоступно, ПолноеИмяМетаданного + &quot; недоступно для чтения ролями без привилегий&quot;).ЕстьИстина();
{(1)}:КонтекстВыполнения.Тест_ПроверитьНеАдминистраторскиеПраваНаЧтение(Параметры[0],Параметры[1]);
{ВнешняяОбработка.xddTestRunner.МодульОбъекта(337)}:	Выполнить(ИcполняемыйКод);
{ВнешняяОбработка.xddTestRunner.МодульОбъекта(261)}:			ВыполнитьПроцедуруКонтекста(КонтекстВыполнения, ЭлементДереваТестов.ИмяМетода, ЭлементДереваТестов.Параметры);
{ВнешняяОбработка.xddTestRunner.Форма.УправляемаяФорма.Форма(913)}:	РезультатТестирования = ОбъектНаСервере.ВыполнитьТестовыйМетод(КонтекстВыполнения, ЭлементДереваТестов);
"/>
			</testcase>
			<testcase classname="Проверка чтения не-администраторами - &lt;test&gt;" name="Документ.ДвижениеПродукцииИМатериалов: Проверка доступа на Чтение Не-Администраторами - &lt;test&gt;" time="0.016" status="passed"/>
			<testcase classname="Проверка чтения не-администраторами - &lt;test&gt;" name="РегистрСведений.ЖурналОбменСБанками: Проверка доступа на Чтение Не-Администраторами - &lt;test&gt;" time="0" status="passed"/>
			<testcase classname="Проверка чтения не-администраторами - &lt;test&gt;" name="Константа.ИспользоватьСчетаНаОплатуКлиентам: Проверка доступа на Чтение Не-Администраторами - &lt;test&gt;" time="0" status="passed"/>
			<testcase classname="Проверка чтения не-администраторами - &lt;test&gt;" name="РегистрСведений.ФИОФизическихЛиц: Проверка доступа на Чтение Не-Администраторами - &lt;test&gt;" time="0.016" status="passed"/>
			<testcase classname="Проверка чтения не-администраторами - &lt;test&gt;" name="РегистрСведений.СведенияОФайлах: Проверка доступа на Чтение Не-Администраторами - &lt;test&gt;" time="0.078" status="failure">
				<failure message="[Failed] Ожидали, что проверяемое значение (Ложь) является ИСТИНОЙ.
РегистрСведений.СведенияОФайлах недоступно для чтения ролями без привилегий
{ВнешняяОбработка.УтвержденияBDD.МодульОбъекта(293)}:	ВызватьИсключение Префикс + &quot; &quot; + СообщениеОшибки;
{ВнешняяОбработка.УтвержденияBDD.МодульОбъекта(46)}:		ВызватьОшибкуПроверки(СообщениеОшибки);
{ВнешняяОбработка.УтвержденияBDD.МодульОбъекта(53)}:	Возврат ЭтоИстина();
{ВнешняяОбработка.ПроверкаЧтенияНеАдминистраторами.МодульОбъекта(100)}:	Ожидаем.Что(ЧтениеДоступно, ПолноеИмяМетаданного + &quot; недоступно для чтения ролями без привилегий&quot;).ЕстьИстина();
{(1)}:КонтекстВыполнения.Тест_ПроверитьНеАдминистраторскиеПраваНаЧтение(Параметры[0],Параметры[1]);
{ВнешняяОбработка.xddTestRunner.МодульОбъекта(337)}:	Выполнить(ИcполняемыйКод);
{ВнешняяОбработка.xddTestRunner.МодульОбъекта(261)}:			ВыполнитьПроцедуруКонтекста(КонтекстВыполнения, ЭлементДереваТестов.ИмяМетода, ЭлементДереваТестов.Параметры);
{ВнешняяОбработка.xddTestRunner.Форма.УправляемаяФорма.Форма(913)}:	РезультатТестирования = ОбъектНаСервере.ВыполнитьТестовыйМетод(КонтекстВыполнения, ЭлементДереваТестов);
"/>
			</testcase>
			<testcase classname="Проверка чтения не-администраторами - &lt;test&gt;" name="Документ.ОтчетПоКомиссииМеждуОрганизациями: Проверка доступа на Чтение Не-Администраторами - &lt;test&gt;" time="0.016" status="passed"/>
			<testcase classname="Проверка чтения не-администраторами - &lt;test&gt;" name="РегистрСведений.ПериодыАктуальностиОбъектовЭксплуатации: Проверка доступа на Чтение Не-Администраторами - &lt;test&gt;" time="0.047" status="passed"/>
			<testcase classname="Проверка чтения не-администраторами - &lt;test&gt;" name="Константа.ВариантУчетаСезонныхКолебаний: Проверка доступа на Чтение Не-Администраторами - &lt;test&gt;" time="0" status="passed"/>
			<testcase classname="Проверка чтения не-администраторами - &lt;test&gt;" name="Документ.ЭлектронныйДокументВходящий: Проверка доступа на Чтение Не-Администраторами - &lt;test&gt;" time="0.015" status="passed"/>
			<testcase classname="Проверка чтения не-администраторами - &lt;test&gt;" name="Справочник.ДрагоценныеМатериалы: Проверка доступа на Чтение Не-Администраторами - &lt;test&gt;" time="0.015" status="passed"/>
			<testcase classname="Проверка чтения не-администраторами - &lt;test&gt;" name="Константа.АдресЦКК: Проверка доступа на Чтение Не-Администраторами - &lt;test&gt;" time="0.031" status="passed"/>
			<testcase classname="Проверка чтения не-администраторами - &lt;test&gt;" name="Справочник.СезонныеГруппыБизнесРегионов: Проверка доступа на Чтение Не-Администраторами - &lt;test&gt;" time="0.016" status="passed"/>
			<testcase classname="Проверка чтения не-администраторами - &lt;test&gt;" name="Справочник.ПользователиВЕТИС: Проверка доступа на Чтение Не-Администраторами - &lt;test&gt;" time="0" status="passed"/>
			<testcase classname="Проверка чтения не-администраторами - &lt;test&gt;" name="Документ.ТОРО_РезультатТехническогоМероприятия: Проверка доступа на Чтение Не-Администраторами - &lt;test&gt;" time="0.015" status="passed"/>
			<testcase classname="Проверка чтения не-администраторами - &lt;test&gt;" name="Справочник.ВидыДоходовПоСтраховымВзносам: Проверка доступа на Чтение Не-Администраторами - &lt;test&gt;" time="0" status="passed"/>
			<testcase classname="Проверка чтения не-администраторами - &lt;test&gt;" name="Документ.АктОРасхожденияхПослеОтгрузки: Проверка доступа на Чтение Не-Администраторами - &lt;test&gt;" time="0" status="passed"/>
			<testcase classname="Проверка чтения не-администраторами - &lt;test&gt;" name="РегистрСведений.ПараметрыПериодовСтажаПФРИспр: Проверка доступа на Чтение Не-Администраторами - &lt;test&gt;" time="0.078" status="failure">
				<failure message="[Failed] Ожидали, что проверяемое значение (Ложь) является ИСТИНОЙ.
РегистрСведений.ПараметрыПериодовСтажаПФРИспр недоступно для чтения ролями без привилегий
{ВнешняяОбработка.УтвержденияBDD.МодульОбъекта(293)}:	ВызватьИсключение Префикс + &quot; &quot; + СообщениеОшибки;
{ВнешняяОбработка.УтвержденияBDD.МодульОбъекта(46)}:		ВызватьОшибкуПроверки(СообщениеОшибки);
{ВнешняяОбработка.УтвержденияBDD.МодульОбъекта(53)}:	Возврат ЭтоИстина();
{ВнешняяОбработка.ПроверкаЧтенияНеАдминистраторами.МодульОбъекта(100)}:	Ожидаем.Что(ЧтениеДоступно, ПолноеИмяМетаданного + &quot; недоступно для чтения ролями без привилегий&quot;).ЕстьИстина();
{(1)}:КонтекстВыполнения.Тест_ПроверитьНеАдминистраторскиеПраваНаЧтение(Параметры[0],Параметры[1]);
{ВнешняяОбработка.xddTestRunner.МодульОбъекта(337)}:	Выполнить(ИcполняемыйКод);
{ВнешняяОбработка.xddTestRunner.МодульОбъекта(261)}:			ВыполнитьПроцедуруКонтекста(КонтекстВыполнения, ЭлементДереваТестов.ИмяМетода, ЭлементДереваТестов.Параметры);
{ВнешняяОбработка.xddTestRunner.Форма.УправляемаяФорма.Форма(913)}:	РезультатТестирования = ОбъектНаСервере.ВыполнитьТестовыйМетод(КонтекстВыполнения, ЭлементДереваТестов);
"/>
			</testcase>
			<testcase classname="Проверка чтения не-администраторами - &lt;test&gt;" name="Документ.ЗаявкаНаЗакрытиеЛицевыхСчетовСотрудников: Проверка доступа на Чтение Не-Администраторами - &lt;test&gt;" time="0.016" status="passed"/>
			<testcase classname="Проверка чтения не-администраторами - &lt;test&gt;" name="Справочник.ПравилаПолученияФактаПоПоказателямБюджетов: Проверка доступа на Чтение Не-Администраторами - &lt;test&gt;" time="0.016" status="passed"/>
			<testcase classname="Проверка чтения не-администраторами - &lt;test&gt;" name="РегистрСведений.ПорядокУплатыНалоговНаМестах: Проверка доступа на Чтение Не-Администраторами - &lt;test&gt;" time="0.016" status="passed"/>
			<testcase classname="Проверка чтения не-администраторами - &lt;test&gt;" name="Справочник.ДанныеОКорректировкеСведенийЗастрахованныхЛицСЗВ_КОРРПрисоединенныеФайлы: Проверка доступа на Чтение Не-Администраторами - &lt;test&gt;" time="0.015" status="passed"/>
			<testcase classname="Проверка чтения не-администраторами - &lt;test&gt;" name="Справочник.ТерриторииВыполненияРабот: Проверка доступа на Чтение Не-Администраторами - &lt;test&gt;" time="0" status="passed"/>
			<testcase classname="Проверка чтения не-администраторами - &lt;test&gt;" name="Константа.НеДетализироватьЗаданияТорговымПредставителямПоНоменклатуре: Проверка доступа на Чтение Не-Администраторами - &lt;test&gt;" time="0.016" status="passed"/>
			<testcase classname="Проверка чтения не-администраторами - &lt;test&gt;" name="Справочник.ПланПродажПоКатегориямПрисоединенныеФайлы: Проверка доступа на Чтение Не-Администраторами - &lt;test&gt;" time="0.016" status="passed"/>
			<testcase classname="Проверка чтения не-администраторами - &lt;test&gt;" name="РегистрСведений.КодировкиФайлов: Проверка доступа на Чтение Не-Администраторами - &lt;test&gt;" time="0.016" status="passed"/>
			<testcase classname="Проверка чтения не-администраторами - &lt;test&gt;" name="РегистрСведений.ЗапросыРазрешенийНаИспользованиеВнешнихРесурсовВМоделиСервиса: Проверка доступа на Чтение Не-Администраторами - &lt;test&gt;" time="0.031" status="passed"/>
			<testcase classname="Проверка чтения не-администраторами - &lt;test&gt;" name="РегистрСведений.СостоянияОбменовЭДЧерезОператоровЭДО: Проверка доступа на Чтение Не-Администраторами - &lt;test&gt;" time="0.016" status="passed"/>
			<testcase classname="Проверка чтения не-администраторами - &lt;test&gt;" name="Справочник.ВерсииФайлов: Проверка доступа на Чтение Не-Администраторами - &lt;test&gt;" time="0" status="passed"/>
			<testcase classname="Проверка чтения не-администраторами - &lt;test&gt;" name="Константа.ФормироватьПроводкиМеждународногоУчетаПоДаннымОперативного: Проверка доступа на Чтение Не-Администраторами - &lt;test&gt;" time="0" status="passed"/>
			<testcase classname="Проверка чтения не-администраторами - &lt;test&gt;" name="Справочник.ТОРО_Мероприятия: Проверка доступа на Чтение Не-Администраторами - &lt;test&gt;" time="0.016" status="passed"/>
			<testcase classname="Проверка чтения не-администраторами - &lt;test&gt;" name="РегистрСведений.НапоминанияПользователя: Проверка доступа на Чтение Не-Администраторами - &lt;test&gt;" time="0.016" status="passed"/>
			<testcase classname="Проверка чтения не-администраторами - &lt;test&gt;" name="РегистрСведений.МиграцияПриложенийСостояниеЗагрузки: Проверка доступа на Чтение Не-Администраторами - &lt;test&gt;" time="0.078" status="failure">
				<failure message="[Failed] Ожидали, что проверяемое значение (Ложь) является ИСТИНОЙ.
РегистрСведений.МиграцияПриложенийСостояниеЗагрузки недоступно для чтения ролями без привилегий
{ВнешняяОбработка.УтвержденияBDD.МодульОбъекта(293)}:	ВызватьИсключение Префикс + &quot; &quot; + СообщениеОшибки;
{ВнешняяОбработка.УтвержденияBDD.МодульОбъекта(46)}:		ВызватьОшибкуПроверки(СообщениеОшибки);
{ВнешняяОбработка.УтвержденияBDD.МодульОбъекта(53)}:	Возврат ЭтоИстина();
{ВнешняяОбработка.ПроверкаЧтенияНеАдминистраторами.МодульОбъекта(100)}:	Ожидаем.Что(ЧтениеДоступно, ПолноеИмяМетаданного + &quot; недоступно для чтения ролями без привилегий&quot;).ЕстьИстина();
{(1)}:КонтекстВыполнения.Тест_ПроверитьНеАдминистраторскиеПраваНаЧтение(Параметры[0],Параметры[1]);
{ВнешняяОбработка.xddTestRunner.МодульОбъекта(337)}:	Выполнить(ИcполняемыйКод);
{ВнешняяОбработка.xddTestRunner.МодульОбъекта(261)}:			ВыполнитьПроцедуруКонтекста(КонтекстВыполнения, ЭлементДереваТестов.ИмяМетода, ЭлементДереваТестов.Параметры);
{ВнешняяОбработка.xddTestRunner.Форма.УправляемаяФорма.Форма(913)}:	РезультатТестирования = ОбъектНаСервере.ВыполнитьТестовыйМетод(КонтекстВыполнения, ЭлементДереваТестов);
"/>
			</testcase>
			<testcase classname="Проверка чтения не-администраторами - &lt;test&gt;" name="Константа.ФормироватьПроводкиМеждународногоУчетаПоДаннымРегламентированного: Проверка доступа на Чтение Не-Администраторами - &lt;test&gt;" time="0.016" status="passed"/>
			<testcase classname="Проверка чтения не-администраторами - &lt;test&gt;" name="РегистрСведений.ТОРО_НастройкиРегламентированнойОтчетности: Проверка доступа на Чтение Не-Администраторами - &lt;test&gt;" time="0.031" status="passed"/>
			<testcase classname="Проверка чтения не-администраторами - &lt;test&gt;" name="РегистрСведений.ТОРО_ДополнительныеРасходыДляТОиР: Проверка доступа на Чтение Не-Администраторами - &lt;test&gt;" time="0.016" status="passed"/>
			<testcase classname="Проверка чтения не-администраторами - &lt;test&gt;" name="РегистрСведений.ЗначенияПериодическихПоказателейРасчетаЗарплатыПодразделений: Проверка доступа на Чтение Не-Администраторами - &lt;test&gt;" time="0.016" status="passed"/>
			<testcase classname="Проверка чтения не-администраторами - &lt;test&gt;" name="Справочник.ТОРО_ТехнологическиеЦепочкиОборудования: Проверка доступа на Чтение Не-Администраторами - &lt;test&gt;" time="0.016" status="passed"/>
			<testcase classname="Проверка чтения не-администраторами - &lt;test&gt;" name="Документ.ГрафикОтпусков: Проверка доступа на Чтение Не-Администраторами - &lt;test&gt;" time="0.015" status="passed"/>
			<testcase classname="Проверка чтения не-администраторами - &lt;test&gt;" name="Константа.АдресПубликацииИнформационнойБазыВЛокальнойСети: Проверка доступа на Чтение Не-Администраторами - &lt;test&gt;" time="0.016" status="passed"/>
			<testcase classname="Проверка чтения не-администраторами - &lt;test&gt;" name="РегистрСведений.СостоянияОСОрганизаций: Проверка доступа на Чтение Не-Администраторами - &lt;test&gt;" time="0" status="passed"/>
			<testcase classname="Проверка чтения не-администраторами - &lt;test&gt;" name="Документ.ПроизводственнаяОперация2_2: Проверка доступа на Чтение Не-Администраторами - &lt;test&gt;" time="0.016" status="passed"/>
			<testcase classname="Проверка чтения не-администраторами - &lt;test&gt;" name="Константа.УдалитьВыполнятьРасчетТоварныхОграниченийПоКоличествуПродаж: Проверка доступа на Чтение Не-Администраторами - &lt;test&gt;" time="0.016" status="passed"/>
			<testcase classname="Проверка чтения не-администраторами - &lt;test&gt;" name="Справочник.ИнойДокументПодтвержденияНДСПрисоединенныеФайлы: Проверка доступа на Чтение Не-Администраторами - &lt;test&gt;" time="0.093" status="failure">
				<failure message="[Failed] Ожидали, что проверяемое значение (Ложь) является ИСТИНОЙ.
Справочник.ИнойДокументПодтвержденияНДСПрисоединенныеФайлы недоступно для чтения ролями без привилегий
{ВнешняяОбработка.УтвержденияBDD.МодульОбъекта(293)}:	ВызватьИсключение Префикс + &quot; &quot; + СообщениеОшибки;
{ВнешняяОбработка.УтвержденияBDD.МодульОбъекта(46)}:		ВызватьОшибкуПроверки(СообщениеОшибки);
{ВнешняяОбработка.УтвержденияBDD.МодульОбъекта(53)}:	Возврат ЭтоИстина();
{ВнешняяОбработка.ПроверкаЧтенияНеАдминистраторами.МодульОбъекта(100)}:	Ожидаем.Что(ЧтениеДоступно, ПолноеИмяМетаданного + &quot; недоступно для чтения ролями без привилегий&quot;).ЕстьИстина();
{(1)}:КонтекстВыполнения.Тест_ПроверитьНеАдминистраторскиеПраваНаЧтение(Параметры[0],Параметры[1]);
{ВнешняяОбработка.xddTestRunner.МодульОбъекта(337)}:	Выполнить(ИcполняемыйКод);
{ВнешняяОбработка.xddTestRunner.МодульОбъекта(261)}:			ВыполнитьПроцедуруКонтекста(КонтекстВыполнения, ЭлементДереваТестов.ИмяМетода, ЭлементДереваТестов.Параметры);
{ВнешняяОбработка.xddTestRunner.Форма.УправляемаяФорма.Форма(913)}:	РезультатТестирования = ОбъектНаСервере.ВыполнитьТестовыйМетод(КонтекстВыполнения, ЭлементДереваТестов);
"/>
			</testcase>
			<testcase classname="Проверка чтения не-администраторами - &lt;test&gt;" name="РегистрСведений.НастройкиОбменаФСРАР: Проверка доступа на Чтение Не-Администраторами - &lt;test&gt;" time="0.016" status="passed"/>
			<testcase classname="Проверка чтения не-администраторами - &lt;test&gt;" name="РегистрСведений.ТОРО_СоответствиеЯчейкиАдресномуСкладу: Проверка доступа на Чтение Не-Администраторами - &lt;test&gt;" time="0.032" status="passed"/>
			<testcase classname="Проверка чтения не-администраторами - &lt;test&gt;" name="Документ.БольничныйЛист: Проверка доступа на Чтение Не-Администраторами - &lt;test&gt;" time="0" status="passed"/>
			<testcase classname="Проверка чтения не-администраторами - &lt;test&gt;" name="Константа.ИспользоватьПрочиеВзаимодействия: Проверка доступа на Чтение Не-Администраторами - &lt;test&gt;" time="0" status="passed"/>
			<testcase classname="Проверка чтения не-администраторами - &lt;test&gt;" name="Документ.ИзменениеАванса: Проверка доступа на Чтение Не-Администраторами - &lt;test&gt;" time="0" status="passed"/>
			<testcase classname="Проверка чтения не-администраторами - &lt;test&gt;" name="РегистрНакопления.ТоварыКОформлениюЗаявленийОВвозе: Проверка доступа на Чтение Не-Администраторами - &lt;test&gt;" time="0" status="passed"/>
			<testcase classname="Проверка чтения не-администраторами - &lt;test&gt;" name="РегистрНакопления.ДетализацияПартийТоваровДляНДСиУСН2_4: Проверка доступа на Чтение Не-Администраторами - &lt;test&gt;" time="0.031" status="passed"/>
			<testcase classname="Проверка чтения не-администраторами - &lt;test&gt;" name="РегистрСведений.ДанныеОВремениДляРасчетаСреднегоФССИспр: Проверка доступа на Чтение Не-Администраторами - &lt;test&gt;" time="0.047" status="failure">
				<failure message="[Failed] Ожидали, что проверяемое значение (Ложь) является ИСТИНОЙ.
РегистрСведений.ДанныеОВремениДляРасчетаСреднегоФССИспр недоступно для чтения ролями без привилегий
{ВнешняяОбработка.УтвержденияBDD.МодульОбъекта(293)}:	ВызватьИсключение Префикс + &quot; &quot; + СообщениеОшибки;
{ВнешняяОбработка.УтвержденияBDD.МодульОбъекта(46)}:		ВызватьОшибкуПроверки(СообщениеОшибки);
{ВнешняяОбработка.УтвержденияBDD.МодульОбъекта(53)}:	Возврат ЭтоИстина();
{ВнешняяОбработка.ПроверкаЧтенияНеАдминистраторами.МодульОбъекта(100)}:	Ожидаем.Что(ЧтениеДоступно, ПолноеИмяМетаданного + &quot; недоступно для чтения ролями без привилегий&quot;).ЕстьИстина();
{(1)}:КонтекстВыполнения.Тест_ПроверитьНеАдминистраторскиеПраваНаЧтение(Параметры[0],Параметры[1]);
{ВнешняяОбработка.xddTestRunner.МодульОбъекта(337)}:	Выполнить(ИcполняемыйКод);
{ВнешняяОбработка.xddTestRunner.МодульОбъекта(261)}:			ВыполнитьПроцедуруКонтекста(КонтекстВыполнения, ЭлементДереваТестов.ИмяМетода, ЭлементДереваТестов.Параметры);
{ВнешняяОбработка.xddTestRunner.Форма.УправляемаяФорма.Форма(913)}:	РезультатТестирования = ОбъектНаСервере.ВыполнитьТестовыйМетод(КонтекстВыполнения, ЭлементДереваТестов);
"/>
			</testcase>
			<testcase classname="Проверка чтения не-администраторами - &lt;test&gt;" name="РегистрСведений.ТОРО_ТекущийМаршрутБизнесПроцесса: Проверка доступа на Чтение Не-Администраторами - &lt;test&gt;" time="0.016" status="passed"/>
			<testcase classname="Проверка чтения не-администраторами - &lt;test&gt;" name="Справочник.ПризПодарокПрисоединенныеФайлы: Проверка доступа на Чтение Не-Администраторами - &lt;test&gt;" time="0" status="passed"/>
			<testcase classname="Проверка чтения не-администраторами - &lt;test&gt;" name="Справочник.КомандировкаПрисоединенныеФайлы: Проверка доступа на Чтение Не-Администраторами - &lt;test&gt;" time="0.015" status="passed"/>
			<testcase classname="Проверка чтения не-администраторами - &lt;test&gt;" name="Документ.АктОРасхожденияхПослеПриемки: Проверка доступа на Чтение Не-Администраторами - &lt;test&gt;" time="0" status="passed"/>
			<testcase classname="Проверка чтения не-администраторами - &lt;test&gt;" name="РегистрСведений.СинхронизацияОбъектовВЕТИС: Проверка доступа на Чтение Не-Администраторами - &lt;test&gt;" time="0" status="passed"/>
			<testcase classname="Проверка чтения не-администраторами - &lt;test&gt;" name="Константа.РегистрационныйНомерПрограммы: Проверка доступа на Чтение Не-Администраторами - &lt;test&gt;" time="0" status="passed"/>
			<testcase classname="Проверка чтения не-администраторами - &lt;test&gt;" name="Документ.ТОРО_УстановкаПризнаковОСП: Проверка доступа на Чтение Не-Администраторами - &lt;test&gt;" time="0.031" status="passed"/>
			<testcase classname="Проверка чтения не-администраторами - &lt;test&gt;" name="Константа.ИспользоватьЗаказыНаВнутреннееПотребление: Проверка доступа на Чтение Не-Администраторами - &lt;test&gt;" time="0" status="passed"/>
			<testcase classname="Проверка чтения не-администраторами - &lt;test&gt;" name="Справочник.ДенежныеДокументы: Проверка доступа на Чтение Не-Администраторами - &lt;test&gt;" time="0" status="passed"/>
			<testcase classname="Проверка чтения не-администраторами - &lt;test&gt;" name="Константа.РаботаВМедицинскомУчреждении: Проверка доступа на Чтение Не-Администраторами - &lt;test&gt;" time="0" status="passed"/>
			<testcase classname="Проверка чтения не-администраторами - &lt;test&gt;" name="Документ.КонтролируемаяСделка: Проверка доступа на Чтение Не-Администраторами - &lt;test&gt;" time="0.015" status="passed"/>
			<testcase classname="Проверка чтения не-администраторами - &lt;test&gt;" name="РегистрСведений.ОчередьПередачиДанныхЕГАИС: Проверка доступа на Чтение Не-Администраторами - &lt;test&gt;" time="0" status="passed"/>
			<testcase classname="Проверка чтения не-администраторами - &lt;test&gt;" name="Константа.ТОРО_КодЛИС_АСУД: Проверка доступа на Чтение Не-Администраторами - &lt;test&gt;" time="0.015" status="passed"/>
			<testcase classname="Проверка чтения не-администраторами - &lt;test&gt;" name="Документ.ВводВыводДенежныхСредствПоНаправлению: Проверка доступа на Чтение Не-Администраторами - &lt;test&gt;" time="0.015" status="passed"/>
			<testcase classname="Проверка чтения не-администраторами - &lt;test&gt;" name="Константа.ИспользуетсяТолькоУправлениеПроизводством22: Проверка доступа на Чтение Не-Администраторами - &lt;test&gt;" time="0" status="passed"/>
			<testcase classname="Проверка чтения не-администраторами - &lt;test&gt;" name="РегистрСведений.УдалитьЗамерыВремени3: Проверка доступа на Чтение Не-Администраторами - &lt;test&gt;" time="0.031" status="passed"/>
			<testcase classname="Проверка чтения не-администраторами - &lt;test&gt;" name="Константа.ИспользоватьКадровыйУчет: Проверка доступа на Чтение Не-Администраторами - &lt;test&gt;" time="0" status="passed"/>
			<testcase classname="Проверка чтения не-администраторами - &lt;test&gt;" name="Справочник.ОчередьЗаданий: Проверка доступа на Чтение Не-Администраторами - &lt;test&gt;" time="0.031" status="passed"/>
			<testcase classname="Проверка чтения не-администраторами - &lt;test&gt;" name="Справочник.УстановкаЦенНоменклатурыПрисоединенныеФайлы: Проверка доступа на Чтение Не-Администраторами - &lt;test&gt;" time="0.016" status="passed"/>
			<testcase classname="Проверка чтения не-администраторами - &lt;test&gt;" name="Документ.РеестрДСВ_3: Проверка доступа на Чтение Не-Администраторами - &lt;test&gt;" time="0.016" status="passed"/>
			<testcase classname="Проверка чтения не-администраторами - &lt;test&gt;" name="Константа.ТОРО_КоличествоДнейДоНаступленияМероприятия: Проверка доступа на Чтение Не-Администраторами - &lt;test&gt;" time="0.016" status="passed"/>
			<testcase classname="Проверка чтения не-администраторами - &lt;test&gt;" name="Константа.ИспользоватьПострочнуюОтгрузкуВЗаказеКлиента: Проверка доступа на Чтение Не-Администраторами - &lt;test&gt;" time="0.016" status="passed"/>
			<testcase classname="Проверка чтения не-администраторами - &lt;test&gt;" name="Документ.ДоступностьВидаРабочихЦентров: Проверка доступа на Чтение Не-Администраторами - &lt;test&gt;" time="0.016" status="passed"/>
			<testcase classname="Проверка чтения не-администраторами - &lt;test&gt;" name="Справочник.ПроектыПрисоединенныеФайлы: Проверка доступа на Чтение Не-Администраторами - &lt;test&gt;" time="0.016" status="passed"/>
			<testcase classname="Проверка чтения не-администраторами - &lt;test&gt;" name="РегистрСведений.ДанныеОбъектовДляРегистрацииВОбменах: Проверка доступа на Чтение Не-Администраторами - &lt;test&gt;" time="0.062" status="failure">
				<failure message="[Failed] Ожидали, что проверяемое значение (Ложь) является ИСТИНОЙ.
РегистрСведений.ДанныеОбъектовДляРегистрацииВОбменах недоступно для чтения ролями без привилегий
{ВнешняяОбработка.УтвержденияBDD.МодульОбъекта(293)}:	ВызватьИсключение Префикс + &quot; &quot; + СообщениеОшибки;
{ВнешняяОбработка.УтвержденияBDD.МодульОбъекта(46)}:		ВызватьОшибкуПроверки(СообщениеОшибки);
{ВнешняяОбработка.УтвержденияBDD.МодульОбъекта(53)}:	Возврат ЭтоИстина();
{ВнешняяОбработка.ПроверкаЧтенияНеАдминистраторами.МодульОбъекта(100)}:	Ожидаем.Что(ЧтениеДоступно, ПолноеИмяМетаданного + &quot; недоступно для чтения ролями без привилегий&quot;).ЕстьИстина();
{(1)}:КонтекстВыполнения.Тест_ПроверитьНеАдминистраторскиеПраваНаЧтение(Параметры[0],Параметры[1]);
{ВнешняяОбработка.xddTestRunner.МодульОбъекта(337)}:	Выполнить(ИcполняемыйКод);
{ВнешняяОбработка.xddTestRunner.МодульОбъекта(261)}:			ВыполнитьПроцедуруКонтекста(КонтекстВыполнения, ЭлементДереваТестов.ИмяМетода, ЭлементДереваТестов.Параметры);
{ВнешняяОбработка.xddTestRunner.Форма.УправляемаяФорма.Форма(913)}:	РезультатТестирования = ОбъектНаСервере.ВыполнитьТестовыйМетод(КонтекстВыполнения, ЭлементДереваТестов);
"/>
			</testcase>
			<testcase classname="Проверка чтения не-администраторами - &lt;test&gt;" name="РегистрСведений.ИсточникиДанныхВариантовАнализаЦелевыхПоказателей: Проверка доступа на Чтение Не-Администраторами - &lt;test&gt;" time="0.015" status="passed"/>
			<testcase classname="Проверка чтения не-администраторами - &lt;test&gt;" name="Константа.КонтролироватьУникальностьНоменклатурыПоСочетаниюЗначенийРеквизитов: Проверка доступа на Чтение Не-Администраторами - &lt;test&gt;" time="0" status="passed"/>
			<testcase classname="Проверка чтения не-администраторами - &lt;test&gt;" name="Константа.ИспользоватьСогласованиеЦенНоменклатуры: Проверка доступа на Чтение Не-Администраторами - &lt;test&gt;" time="0" status="passed"/>
			<testcase classname="Проверка чтения не-администраторами - &lt;test&gt;" name="Справочник.ЗаказНаПроизводство2_2ПрисоединенныеФайлы: Проверка доступа на Чтение Не-Администраторами - &lt;test&gt;" time="0.016" status="passed"/>
			<testcase classname="Проверка чтения не-администраторами - &lt;test&gt;" name="Документ.ВыгрузкаРегламентированныхОтчетов: Проверка доступа на Чтение Не-Администраторами - &lt;test&gt;" time="0.015" status="passed"/>
			<testcase classname="Проверка чтения не-администраторами - &lt;test&gt;" name="Константа.ВестиСведенияДляДекларацийПоАлкогольнойПродукции: Проверка доступа на Чтение Не-Администраторами - &lt;test&gt;" time="0" status="passed"/>
			<testcase classname="Проверка чтения не-администраторами - &lt;test&gt;" name="РегистрСведений.РеквизитыШтрихкодовУпаковокТоваровВЕТИС: Проверка доступа на Чтение Не-Администраторами - &lt;test&gt;" time="0.016" status="passed"/>
			<testcase classname="Проверка чтения не-администраторами - &lt;test&gt;" name="Документ.ПоступлениеТоваровОтХранителя: Проверка доступа на Чтение Не-Администраторами - &lt;test&gt;" time="0.015" status="passed"/>
			<testcase classname="Проверка чтения не-администраторами - &lt;test&gt;" name="РегистрСведений.НастройкиВзаиморасчетовССотрудниками: Проверка доступа на Чтение Не-Администраторами - &lt;test&gt;" time="0" status="passed"/>
			<testcase classname="Проверка чтения не-администраторами - &lt;test&gt;" name="РегистрСведений.ТОРО_ДатаПечатиДокументов: Проверка доступа на Чтение Не-Администраторами - &lt;test&gt;" time="0.031" status="passed"/>
			<testcase classname="Проверка чтения не-администраторами - &lt;test&gt;" name="РегистрНакопления.ТОРО_ТоварыПереданныеПереработчикуПоДоговорам: Проверка доступа на Чтение Не-Администраторами - &lt;test&gt;" time="0.015" status="passed"/>
			<testcase classname="Проверка чтения не-администраторами - &lt;test&gt;" name="Справочник.ПолныеПутиКФормам: Проверка доступа на Чтение Не-Администраторами - &lt;test&gt;" time="0" status="passed"/>
			<testcase classname="Проверка чтения не-администраторами - &lt;test&gt;" name="РегистрСведений.СпособыОтраженияРасходовПоАмортизацииНМАБухгалтерскийУчет: Проверка доступа на Чтение Не-Администраторами - &lt;test&gt;" time="0.015" status="passed"/>
			<testcase classname="Проверка чтения не-администраторами - &lt;test&gt;" name="Константа.ИспользоватьОграниченияРучныхСкидокВПродажахПоСоглашениям: Проверка доступа на Чтение Не-Администраторами - &lt;test&gt;" time="0.016" status="passed"/>
			<testcase classname="Проверка чтения не-администраторами - &lt;test&gt;" name="РегистрНакопления.ПланыПроизводства: Проверка доступа на Чтение Не-Администраторами - &lt;test&gt;" time="0.016" status="passed"/>
			<testcase classname="Проверка чтения не-администраторами - &lt;test&gt;" name="Документ.ОперацияУчетаПоСтраховымВзносам: Проверка доступа на Чтение Не-Администраторами - &lt;test&gt;" time="0.016" status="passed"/>
			<testcase classname="Проверка чтения не-администраторами - &lt;test&gt;" name="Константа.НастройкиПрефиксацииШтрихкодов: Проверка доступа на Чтение Не-Администраторами - &lt;test&gt;" time="0" status="passed"/>
			<testcase classname="Проверка чтения не-администраторами - &lt;test&gt;" name="Константа.ИспользованиеЗаданийТорговымПредставителям: Проверка доступа на Чтение Не-Администраторами - &lt;test&gt;" time="0" status="passed"/>
			<testcase classname="Проверка чтения не-администраторами - &lt;test&gt;" name="РегистрСведений.БухучетЗарплатыСотрудниковИсправления: Проверка доступа на Чтение Не-Администраторами - &lt;test&gt;" time="0" status="passed"/>
			<testcase classname="Проверка чтения не-администраторами - &lt;test&gt;" name="РегистрСведений.ТекущаяТарифнаяСтавкаСотрудников: Проверка доступа на Чтение Не-Администраторами - &lt;test&gt;" time="0.015" status="passed"/>
			<testcase classname="Проверка чтения не-администраторами - &lt;test&gt;" name="РегистрСведений.ТОРО_КритичностьТМ_ЕО: Проверка доступа на Чтение Не-Администраторами - &lt;test&gt;" time="0.016" status="passed"/>
			<testcase classname="Проверка чтения не-администраторами - &lt;test&gt;" name="Справочник.СменыРаботыСотрудников: Проверка доступа на Чтение Не-Администраторами - &lt;test&gt;" time="0.016" status="passed"/>
			<testcase classname="Проверка чтения не-администраторами - &lt;test&gt;" name="Документ.ПервичныйДокумент: Проверка доступа на Чтение Не-Администраторами - &lt;test&gt;" time="0" status="passed"/>
			<testcase classname="Проверка чтения не-администраторами - &lt;test&gt;" name="ПланОбмена.МобильноеПриложениеЗаказыКлиентов: Проверка доступа на Чтение Не-Администраторами - &lt;test&gt;" time="0.015" status="passed"/>
			<testcase classname="Проверка чтения не-администраторами - &lt;test&gt;" name="РегистрСведений.ТОРО_ОчередьОтложенногоПроведения: Проверка доступа на Чтение Не-Администраторами - &lt;test&gt;" time="0.015" status="passed"/>
			<testcase classname="Проверка чтения не-администраторами - &lt;test&gt;" name="Документ.ВыемкаДенежныхСредствИзКассыККМ: Проверка доступа на Чтение Не-Администраторами - &lt;test&gt;" time="0" status="passed"/>
			<testcase classname="Проверка чтения не-администраторами - &lt;test&gt;" name="Справочник.ПроизводственныеУчастки: Проверка доступа на Чтение Не-Администраторами - &lt;test&gt;" time="0" status="passed"/>
			<testcase classname="Проверка чтения не-администраторами - &lt;test&gt;" name="РегистрСведений.ТОРО_СвязанныеРемонты: Проверка доступа на Чтение Не-Администраторами - &lt;test&gt;" time="0.016" status="passed"/>
			<testcase classname="Проверка чтения не-администраторами - &lt;test&gt;" name="РегистрСведений.НастройкиЗаполненияДополнительныхПолей: Проверка доступа на Чтение Не-Администраторами - &lt;test&gt;" time="0" status="passed"/>
			<testcase classname="Проверка чтения не-администраторами - &lt;test&gt;" name="РегистрСведений.ТОРО_ПотребностиПлановВоздействий: Проверка доступа на Чтение Не-Администраторами - &lt;test&gt;" time="0.016" status="passed"/>
			<testcase classname="Проверка чтения не-администраторами - &lt;test&gt;" name="Справочник.РегистрацияПрочихДоходовПрисоединенныеФайлы: Проверка доступа на Чтение Не-Администраторами - &lt;test&gt;" time="0.016" status="passed"/>
			<testcase classname="Проверка чтения не-администраторами - &lt;test&gt;" name="РегистрСведений.ТОРО_ПараметрыРасчетаИТС: Проверка доступа на Чтение Не-Администраторами - &lt;test&gt;" time="0.015" status="passed"/>
			<testcase classname="Проверка чтения не-администраторами - &lt;test&gt;" name="Константа.ВалютаРасценокВидовРабот: Проверка доступа на Чтение Не-Администраторами - &lt;test&gt;" time="0.016" status="passed"/>
			<testcase classname="Проверка чтения не-администраторами - &lt;test&gt;" name="Константа.ИспользоватьСогласованиеКоммерческихПредложений: Проверка доступа на Чтение Не-Администраторами - &lt;test&gt;" time="0" status="passed"/>
			<testcase classname="Проверка чтения не-администраторами - &lt;test&gt;" name="Константа.ДатаНачалаВеденияРеглУчета: Проверка доступа на Чтение Не-Администраторами - &lt;test&gt;" time="0.016" status="passed"/>
			<testcase classname="Проверка чтения не-администраторами - &lt;test&gt;" name="Константа.КопироватьОбластиДанныхИзЭталонной: Проверка доступа на Чтение Не-Администраторами - &lt;test&gt;" time="0" status="passed"/>
			<testcase classname="Проверка чтения не-администраторами - &lt;test&gt;" name="РегистрРасчета.Начисления: Проверка доступа на Чтение Не-Администраторами - &lt;test&gt;" time="0.016" status="passed"/>
			<testcase classname="Проверка чтения не-администраторами - &lt;test&gt;" name="РегистрСведений.ТОРО_ЧастиПакетаКОтправке: Проверка доступа на Чтение Не-Администраторами - &lt;test&gt;" time="0.015" status="passed"/>
			<testcase classname="Проверка чтения не-администраторами - &lt;test&gt;" name="Справочник.ОбщиеВидыРемонтов: Проверка доступа на Чтение Не-Администраторами - &lt;test&gt;" time="0.015" status="passed"/>
			<testcase classname="Проверка чтения не-администраторами - &lt;test&gt;" name="РегистрСведений.СтатусыЗаявокНаВыпускКиЗГИСМ: Проверка доступа на Чтение Не-Администраторами - &lt;test&gt;" time="0.015" status="passed"/>
			<testcase classname="Проверка чтения не-администраторами - &lt;test&gt;" name="Константа.НаименованиеДляПечатиВидовНоменклатуры: Проверка доступа на Чтение Не-Администраторами - &lt;test&gt;" time="0" status="passed"/>
			<testcase classname="Проверка чтения не-администраторами - &lt;test&gt;" name="Справочник.АктВыполненныхВнутреннихРаботПрисоединенныеФайлы: Проверка доступа на Чтение Не-Администраторами - &lt;test&gt;" time="0" status="passed"/>
			<testcase classname="Проверка чтения не-администраторами - &lt;test&gt;" name="РегистрСведений.ОсновныеСпецификации: Проверка доступа на Чтение Не-Администраторами - &lt;test&gt;" time="0" status="passed"/>
			<testcase classname="Проверка чтения не-администраторами - &lt;test&gt;" name="Справочник.ТЦПользователи: Проверка доступа на Чтение Не-Администраторами - &lt;test&gt;" time="0.016" status="passed"/>
			<testcase classname="Проверка чтения не-администраторами - &lt;test&gt;" name="Константа.ПроектСППР: Проверка доступа на Чтение Не-Администраторами - &lt;test&gt;" time="0" status="passed"/>
			<testcase classname="Проверка чтения не-администраторами - &lt;test&gt;" name="Справочник.ПодклассыОбъектовЭксплуатации: Проверка доступа на Чтение Не-Администраторами - &lt;test&gt;" time="0" status="passed"/>
			<testcase classname="Проверка чтения не-администраторами - &lt;test&gt;" name="Справочник.ДополнительныеВнешниеКомпоненты: Проверка доступа на Чтение Не-Администраторами - &lt;test&gt;" time="0.031" status="passed"/>
			<testcase classname="Проверка чтения не-администраторами - &lt;test&gt;" name="Константа.ВыполнятьЗамерыПроизводительности: Проверка доступа на Чтение Не-Администраторами - &lt;test&gt;" time="0" status="passed"/>
			<testcase classname="Проверка чтения не-администраторами - &lt;test&gt;" name="Документ.ЭлектронныйДокументИсходящий: Проверка доступа на Чтение Не-Администраторами - &lt;test&gt;" time="0.015" status="passed"/>
			<testcase classname="Проверка чтения не-администраторами - &lt;test&gt;" name="Справочник.НастройкиОбменСБанками: Проверка доступа на Чтение Не-Администраторами - &lt;test&gt;" time="0.016" status="passed"/>
			<testcase classname="Проверка чтения не-администраторами - &lt;test&gt;" name="РегистрСведений.ТОРО_СоставРеквизитовОбъектовНСИиБДО: Проверка доступа на Чтение Не-Администраторами - &lt;test&gt;" time="0.015" status="passed"/>
			<testcase classname="Проверка чтения не-администраторами - &lt;test&gt;" name="РегистрСведений.НастройкиСинхронизацииФайлов: Проверка доступа на Чтение Не-Администраторами - &lt;test&gt;" time="0.016" status="passed"/>
			<testcase classname="Проверка чтения не-администраторами - &lt;test&gt;" name="Справочник.ТранспортнаяНакладнаяПрисоединенныеФайлы: Проверка доступа на Чтение Не-Администраторами - &lt;test&gt;" time="0.016" status="passed"/>
			<testcase classname="Проверка чтения не-администраторами - &lt;test&gt;" name="РегистрСведений.ДанныеПервичныхДокументов: Проверка доступа на Чтение Не-Администраторами - &lt;test&gt;" time="0.032" status="passed"/>
			<testcase classname="Проверка чтения не-администраторами - &lt;test&gt;" name="РегистрСведений.УдалитьПротоколОбменаЕГАИС: Проверка доступа на Чтение Не-Администраторами - &lt;test&gt;" time="0.063" status="failure">
				<failure message="[Failed] Ожидали, что проверяемое значение (Ложь) является ИСТИНОЙ.
РегистрСведений.УдалитьПротоколОбменаЕГАИС недоступно для чтения ролями без привилегий
{ВнешняяОбработка.УтвержденияBDD.МодульОбъекта(293)}:	ВызватьИсключение Префикс + &quot; &quot; + СообщениеОшибки;
{ВнешняяОбработка.УтвержденияBDD.МодульОбъекта(46)}:		ВызватьОшибкуПроверки(СообщениеОшибки);
{ВнешняяОбработка.УтвержденияBDD.МодульОбъекта(53)}:	Возврат ЭтоИстина();
{ВнешняяОбработка.ПроверкаЧтенияНеАдминистраторами.МодульОбъекта(100)}:	Ожидаем.Что(ЧтениеДоступно, ПолноеИмяМетаданного + &quot; недоступно для чтения ролями без привилегий&quot;).ЕстьИстина();
{(1)}:КонтекстВыполнения.Тест_ПроверитьНеАдминистраторскиеПраваНаЧтение(Параметры[0],Параметры[1]);
{ВнешняяОбработка.xddTestRunner.МодульОбъекта(337)}:	Выполнить(ИcполняемыйКод);
{ВнешняяОбработка.xddTestRunner.МодульОбъекта(261)}:			ВыполнитьПроцедуруКонтекста(КонтекстВыполнения, ЭлементДереваТестов.ИмяМетода, ЭлементДереваТестов.Параметры);
{ВнешняяОбработка.xddTestRunner.Форма.УправляемаяФорма.Форма(913)}:	РезультатТестирования = ОбъектНаСервере.ВыполнитьТестовыйМетод(КонтекстВыполнения, ЭлементДереваТестов);
"/>
			</testcase>
			<testcase classname="Проверка чтения не-администраторами - &lt;test&gt;" name="РегистрСведений.ЗамещениеПланов: Проверка доступа на Чтение Не-Администраторами - &lt;test&gt;" time="0.016" status="passed"/>
			<testcase classname="Проверка чтения не-администраторами - &lt;test&gt;" name="Константа.ИспользоватьПродажуАгентскихУслуг: Проверка доступа на Чтение Не-Администраторами - &lt;test&gt;" time="0.016" status="passed"/>
			<testcase classname="Проверка чтения не-администраторами - &lt;test&gt;" name="Документ.КорректировкаВидаДеятельностиНДС: Проверка доступа на Чтение Не-Администраторами - &lt;test&gt;" time="0" status="passed"/>
			<testcase classname="Проверка чтения не-администраторами - &lt;test&gt;" name="РегистрСведений.ПрогнозныеКурсыСценариев: Проверка доступа на Чтение Не-Администраторами - &lt;test&gt;" time="0.016" status="passed"/>
			<testcase classname="Проверка чтения не-администраторами - &lt;test&gt;" name="Справочник.НоменклатураПоставщиковПрисоединенныеФайлы: Проверка доступа на Чтение Не-Администраторами - &lt;test&gt;" time="0.031" status="passed"/>
			<testcase classname="Проверка чтения не-администраторами - &lt;test&gt;" name="РегистрСведений.УдалитьБлокировкиСеансовОбластиДанных: Проверка доступа на Чтение Не-Администраторами - &lt;test&gt;" time="0.032" status="passed"/>
			<testcase classname="Проверка чтения не-администраторами - &lt;test&gt;" name="Константа.ИспользуетсяОбменСБухгалтериейПредприятия: Проверка доступа на Чтение Не-Администраторами - &lt;test&gt;" time="0" status="passed"/>
			<testcase classname="Проверка чтения не-администраторами - &lt;test&gt;" name="РегистрСведений.ДействиеСкидокНаценокПоНоменклатуре: Проверка доступа на Чтение Не-Администраторами - &lt;test&gt;" time="0.015" status="passed"/>
			<testcase classname="Проверка чтения не-администраторами - &lt;test&gt;" name="Справочник.ГодовыеГрафикиАмортизацииОС: Проверка доступа на Чтение Не-Администраторами - &lt;test&gt;" time="0.016" status="passed"/>
			<testcase classname="Проверка чтения не-администраторами - &lt;test&gt;" name="Константа.ПредельноеКоличествоЗаписейВРазделеДекларацииПоНДС: Проверка доступа на Чтение Не-Администраторами - &lt;test&gt;" time="0" status="passed"/>
			<testcase classname="Проверка чтения не-администраторами - &lt;test&gt;" name="Справочник.ЗаявлениеОПодтвержденииПраваНаЗачетАвансовПоНДФЛПрисоединенныеФайлы: Проверка доступа на Чтение Не-Администраторами - &lt;test&gt;" time="0.078" status="failure">
				<failure message="[Failed] Ожидали, что проверяемое значение (Ложь) является ИСТИНОЙ.
Справочник.ЗаявлениеОПодтвержденииПраваНаЗачетАвансовПоНДФЛПрисоединенныеФайлы недоступно для чтения ролями без привилегий
{ВнешняяОбработка.УтвержденияBDD.МодульОбъекта(293)}:	ВызватьИсключение Префикс + &quot; &quot; + СообщениеОшибки;
{ВнешняяОбработка.УтвержденияBDD.МодульОбъекта(46)}:		ВызватьОшибкуПроверки(СообщениеОшибки);
{ВнешняяОбработка.УтвержденияBDD.МодульОбъекта(53)}:	Возврат ЭтоИстина();
{ВнешняяОбработка.ПроверкаЧтенияНеАдминистраторами.МодульОбъекта(100)}:	Ожидаем.Что(ЧтениеДоступно, ПолноеИмяМетаданного + &quot; недоступно для чтения ролями без привилегий&quot;).ЕстьИстина();
{(1)}:КонтекстВыполнения.Тест_ПроверитьНеАдминистраторскиеПраваНаЧтение(Параметры[0],Параметры[1]);
{ВнешняяОбработка.xddTestRunner.МодульОбъекта(337)}:	Выполнить(ИcполняемыйКод);
{ВнешняяОбработка.xddTestRunner.МодульОбъекта(261)}:			ВыполнитьПроцедуруКонтекста(КонтекстВыполнения, ЭлементДереваТестов.ИмяМетода, ЭлементДереваТестов.Параметры);
{ВнешняяОбработка.xddTestRunner.Форма.УправляемаяФорма.Форма(913)}:	РезультатТестирования = ОбъектНаСервере.ВыполнитьТестовыйМетод(КонтекстВыполнения, ЭлементДереваТестов);
"/>
			</testcase>
			<testcase classname="Проверка чтения не-администраторами - &lt;test&gt;" name="Справочник.ГруппыСотрудников: Проверка доступа на Чтение Не-Администраторами - &lt;test&gt;" time="0" status="passed"/>
			<testcase classname="Проверка чтения не-администраторами - &lt;test&gt;" name="РегистрСведений.ТОРО_КлючиАналитикиВоздействия: Проверка доступа на Чтение Не-Администраторами - &lt;test&gt;" time="0.016" status="passed"/>
			<testcase classname="Проверка чтения не-администраторами - &lt;test&gt;" name="Справочник.ПричиныОтменыЗаказовПоставщикам: Проверка доступа на Чтение Не-Администраторами - &lt;test&gt;" time="0" status="passed"/>
			<testcase classname="Проверка чтения не-администраторами - &lt;test&gt;" name="РегистрСведений.ЗамерыОбластиСтатистики: Проверка доступа на Чтение Не-Администраторами - &lt;test&gt;" time="0.047" status="passed"/>
			<testcase classname="Проверка чтения не-администраторами - &lt;test&gt;" name="Константа.ИспользоватьРеализациюПоНесколькимЗаказам: Проверка доступа на Чтение Не-Администраторами - &lt;test&gt;" time="0.015" status="passed"/>
			<testcase classname="Проверка чтения не-администраторами - &lt;test&gt;" name="РегистрСведений.ТерриторииСотрудников: Проверка доступа на Чтение Не-Администраторами - &lt;test&gt;" time="0.015" status="passed"/>
			<testcase classname="Проверка чтения не-администраторами - &lt;test&gt;" name="РегистрСведений.ТОРО_СопоставлениеЕдиницОборудования_ОС: Проверка доступа на Чтение Не-Администраторами - &lt;test&gt;" time="0.015" status="passed"/>
			<testcase classname="Проверка чтения не-администраторами - &lt;test&gt;" name="Документ.ТОРО_РасчетИТС: Проверка доступа на Чтение Не-Администраторами - &lt;test&gt;" time="0.015" status="passed"/>
			<testcase classname="Проверка чтения не-администраторами - &lt;test&gt;" name="РегистрСведений.СоставДокументовЗарплатаКадры: Проверка доступа на Чтение Не-Администраторами - &lt;test&gt;" time="0" status="passed"/>
			<testcase classname="Проверка чтения не-администраторами - &lt;test&gt;" name="Документ.УстановкаБлокировокЯчеек: Проверка доступа на Чтение Не-Администраторами - &lt;test&gt;" time="0.015" status="passed"/>
			<testcase classname="Проверка чтения не-администраторами - &lt;test&gt;" name="Документ.ИнойДокументПодтвержденияНДС: Проверка доступа на Чтение Не-Администраторами - &lt;test&gt;" time="0" status="passed"/>
			<testcase classname="Проверка чтения не-администраторами - &lt;test&gt;" name="Справочник.ОбъектыСтроительстваПрисоединенныеФайлы: Проверка доступа на Чтение Не-Администраторами - &lt;test&gt;" time="0.015" status="passed"/>
			<testcase classname="Проверка чтения не-администраторами - &lt;test&gt;" name="РегистрСведений.ТОРО_СтатьиКБКИспользуемые: Проверка доступа на Чтение Не-Администраторами - &lt;test&gt;" time="0.016" status="passed"/>
			<testcase classname="Проверка чтения не-администраторами - &lt;test&gt;" name="Константа.ПоказыватьПодсказкиПокупателейБизнесСеть: Проверка доступа на Чтение Не-Администраторами - &lt;test&gt;" time="0.016" status="passed"/>
			<testcase classname="Проверка чтения не-администраторами - &lt;test&gt;" name="РегистрСведений.ЗаданияКРаспределениюТоваровОрганизацийНаПроизводство: Проверка доступа на Чтение Не-Администраторами - &lt;test&gt;" time="0.062" status="failure">
				<failure message="[Failed] Ожидали, что проверяемое значение (Ложь) является ИСТИНОЙ.
РегистрСведений.ЗаданияКРаспределениюТоваровОрганизацийНаПроизводство недоступно для чтения ролями без привилегий
{ВнешняяОбработка.УтвержденияBDD.МодульОбъекта(293)}:	ВызватьИсключение Префикс + &quot; &quot; + СообщениеОшибки;
{ВнешняяОбработка.УтвержденияBDD.МодульОбъекта(46)}:		ВызватьОшибкуПроверки(СообщениеОшибки);
{ВнешняяОбработка.УтвержденияBDD.МодульОбъекта(53)}:	Возврат ЭтоИстина();
{ВнешняяОбработка.ПроверкаЧтенияНеАдминистраторами.МодульОбъекта(100)}:	Ожидаем.Что(ЧтениеДоступно, ПолноеИмяМетаданного + &quot; недоступно для чтения ролями без привилегий&quot;).ЕстьИстина();
{(1)}:КонтекстВыполнения.Тест_ПроверитьНеАдминистраторскиеПраваНаЧтение(Параметры[0],Параметры[1]);
{ВнешняяОбработка.xddTestRunner.МодульОбъекта(337)}:	Выполнить(ИcполняемыйКод);
{ВнешняяОбработка.xddTestRunner.МодульОбъекта(261)}:			ВыполнитьПроцедуруКонтекста(КонтекстВыполнения, ЭлементДереваТестов.ИмяМетода, ЭлементДереваТестов.Параметры);
{ВнешняяОбработка.xddTestRunner.Форма.УправляемаяФорма.Форма(913)}:	РезультатТестирования = ОбъектНаСервере.ВыполнитьТестовыйМетод(КонтекстВыполнения, ЭлементДереваТестов);
"/>
			</testcase>
			<testcase classname="Проверка чтения не-администраторами - &lt;test&gt;" name="Справочник.ИзменениеУсловийДоговораЗаймаСотрудникуПрисоединенныеФайлы: Проверка доступа на Чтение Не-Администраторами - &lt;test&gt;" time="0.015" status="passed"/>
			<testcase classname="Проверка чтения не-администраторами - &lt;test&gt;" name="Документ.ТОРО_КорректировкаЗаказаНаТОиР: Проверка доступа на Чтение Не-Администраторами - &lt;test&gt;" time="0.016" status="passed"/>
			<testcase classname="Проверка чтения не-администраторами - &lt;test&gt;" name="Константа.ИспользоватьМеждународныйФинансовыйУчет: Проверка доступа на Чтение Не-Администраторами - &lt;test&gt;" time="0" status="passed"/>
			<testcase classname="Проверка чтения не-администраторами - &lt;test&gt;" name="РегистрНакопления.ТОРО_ОбеспечениеЗаказовУслугами: Проверка доступа на Чтение Не-Администраторами - &lt;test&gt;" time="0.031" status="passed"/>
			<testcase classname="Проверка чтения не-администраторами - &lt;test&gt;" name="Константа.НазначатьСкидкиПоКнопкеРасчетВЧекеККМ: Проверка доступа на Чтение Не-Администраторами - &lt;test&gt;" time="0.016" status="passed"/>
			<testcase classname="Проверка чтения не-администраторами - &lt;test&gt;" name="РегистрСведений.ВариантыОбеспеченияТоварами: Проверка доступа на Чтение Не-Администраторами - &lt;test&gt;" time="0" status="passed"/>
			<testcase classname="Проверка чтения не-администраторами - &lt;test&gt;" name="РегистрСведений.ОбластиДанных: Проверка доступа на Чтение Не-Администраторами - &lt;test&gt;" time="0.032" status="passed"/>
			<testcase classname="Проверка чтения не-администраторами - &lt;test&gt;" name="Константа.ИспользоватьЗаказыПоставщикам: Проверка доступа на Чтение Не-Администраторами - &lt;test&gt;" time="0" status="passed"/>
			<testcase classname="Проверка чтения не-администраторами - &lt;test&gt;" name="Константа.ИзвлекатьТекстыФайловНаСервере: Проверка доступа на Чтение Не-Администраторами - &lt;test&gt;" time="0.016" status="passed"/>
			<testcase classname="Проверка чтения не-администраторами - &lt;test&gt;" name="Константа.ИспользоватьДоговорыСПоставщиками: Проверка доступа на Чтение Не-Администраторами - &lt;test&gt;" time="0.016" status="passed"/>
			<testcase classname="Проверка чтения не-администраторами - &lt;test&gt;" name="РегистрСведений.РеквизитыУведомленияИФНСНаЗачетАвансовыхПлатежей: Проверка доступа на Чтение Не-Администраторами - &lt;test&gt;" time="0.015" status="passed"/>
			<testcase classname="Проверка чтения не-администраторами - &lt;test&gt;" name="РегистрСведений.ПараметрыАмортизацииОСНалоговыйУчет: Проверка доступа на Чтение Не-Администраторами - &lt;test&gt;" time="0.015" status="passed"/>
			<testcase classname="Проверка чтения не-администраторами - &lt;test&gt;" name="РегистрСведений.ПсевдонимыПредопределенныхУзлов: Проверка доступа на Чтение Не-Администраторами - &lt;test&gt;" time="0.063" status="failure">
				<failure message="[Failed] Ожидали, что проверяемое значение (Ложь) является ИСТИНОЙ.
РегистрСведений.ПсевдонимыПредопределенныхУзлов недоступно для чтения ролями без привилегий
{ВнешняяОбработка.УтвержденияBDD.МодульОбъекта(293)}:	ВызватьИсключение Префикс + &quot; &quot; + СообщениеОшибки;
{ВнешняяОбработка.УтвержденияBDD.МодульОбъекта(46)}:		ВызватьОшибкуПроверки(СообщениеОшибки);
{ВнешняяОбработка.УтвержденияBDD.МодульОбъекта(53)}:	Возврат ЭтоИстина();
{ВнешняяОбработка.ПроверкаЧтенияНеАдминистраторами.МодульОбъекта(100)}:	Ожидаем.Что(ЧтениеДоступно, ПолноеИмяМетаданного + &quot; недоступно для чтения ролями без привилегий&quot;).ЕстьИстина();
{(1)}:КонтекстВыполнения.Тест_ПроверитьНеАдминистраторскиеПраваНаЧтение(Параметры[0],Параметры[1]);
{ВнешняяОбработка.xddTestRunner.МодульОбъекта(337)}:	Выполнить(ИcполняемыйКод);
{ВнешняяОбработка.xddTestRunner.МодульОбъекта(261)}:			ВыполнитьПроцедуруКонтекста(КонтекстВыполнения, ЭлементДереваТестов.ИмяМетода, ЭлементДереваТестов.Параметры);
{ВнешняяОбработка.xddTestRunner.Форма.УправляемаяФорма.Форма(913)}:	РезультатТестирования = ОбъектНаСервере.ВыполнитьТестовыйМетод(КонтекстВыполнения, ЭлементДереваТестов);
"/>
			</testcase>
			<testcase classname="Проверка чтения не-администраторами - &lt;test&gt;" name="РегистрСведений.СессииОбменаСообщениямиСистемы: Проверка доступа на Чтение Не-Администраторами - &lt;test&gt;" time="0.047" status="failure">
				<failure message="[Failed] Ожидали, что проверяемое значение (Ложь) является ИСТИНОЙ.
РегистрСведений.СессииОбменаСообщениямиСистемы недоступно для чтения ролями без привилегий
{ВнешняяОбработка.УтвержденияBDD.МодульОбъекта(293)}:	ВызватьИсключение Префикс + &quot; &quot; + СообщениеОшибки;
{ВнешняяОбработка.УтвержденияBDD.МодульОбъекта(46)}:		ВызватьОшибкуПроверки(СообщениеОшибки);
{ВнешняяОбработка.УтвержденияBDD.МодульОбъекта(53)}:	Возврат ЭтоИстина();
{ВнешняяОбработка.ПроверкаЧтенияНеАдминистраторами.МодульОбъекта(100)}:	Ожидаем.Что(ЧтениеДоступно, ПолноеИмяМетаданного + &quot; недоступно для чтения ролями без привилегий&quot;).ЕстьИстина();
{(1)}:КонтекстВыполнения.Тест_ПроверитьНеАдминистраторскиеПраваНаЧтение(Параметры[0],Параметры[1]);
{ВнешняяОбработка.xddTestRunner.МодульОбъекта(337)}:	Выполнить(ИcполняемыйКод);
{ВнешняяОбработка.xddTestRunner.МодульОбъекта(261)}:			ВыполнитьПроцедуруКонтекста(КонтекстВыполнения, ЭлементДереваТестов.ИмяМетода, ЭлементДереваТестов.Параметры);
{ВнешняяОбработка.xddTestRunner.Форма.УправляемаяФорма.Форма(913)}:	РезультатТестирования = ОбъектНаСервере.ВыполнитьТестовыйМетод(КонтекстВыполнения, ЭлементДереваТестов);
"/>
			</testcase>
			<testcase classname="Проверка чтения не-администраторами - &lt;test&gt;" name="Справочник.СоглашенияСПоставщиками: Проверка доступа на Чтение Не-Администраторами - &lt;test&gt;" time="0" status="passed"/>
			<testcase classname="Проверка чтения не-администраторами - &lt;test&gt;" name="Документ.РаспределениеДоходовИРасходовПоНаправлениямДеятельности: Проверка доступа на Чтение Не-Администраторами - &lt;test&gt;" time="0" status="passed"/>
			<testcase classname="Проверка чтения не-администраторами - &lt;test&gt;" name="РегистрСведений.СвязанныеОбъектыОбменСБанками: Проверка доступа на Чтение Не-Администраторами - &lt;test&gt;" time="0.016" status="passed"/>
			<testcase classname="Проверка чтения не-администраторами - &lt;test&gt;" name="Документ.ОтражениеЗарплатыВФинансовомУчете: Проверка доступа на Чтение Не-Администраторами - &lt;test&gt;" time="0" status="passed"/>
			<testcase classname="Проверка чтения не-администраторами - &lt;test&gt;" name="Справочник.ОчередьЭлектронныхЧековКОтправке: Проверка доступа на Чтение Не-Администраторами - &lt;test&gt;" time="0.047" status="failure">
				<failure message="[Failed] Ожидали, что проверяемое значение (Ложь) является ИСТИНОЙ.
Справочник.ОчередьЭлектронныхЧековКОтправке недоступно для чтения ролями без привилегий
{ВнешняяОбработка.УтвержденияBDD.МодульОбъекта(293)}:	ВызватьИсключение Префикс + &quot; &quot; + СообщениеОшибки;
{ВнешняяОбработка.УтвержденияBDD.МодульОбъекта(46)}:		ВызватьОшибкуПроверки(СообщениеОшибки);
{ВнешняяОбработка.УтвержденияBDD.МодульОбъекта(53)}:	Возврат ЭтоИстина();
{ВнешняяОбработка.ПроверкаЧтенияНеАдминистраторами.МодульОбъекта(100)}:	Ожидаем.Что(ЧтениеДоступно, ПолноеИмяМетаданного + &quot; недоступно для чтения ролями без привилегий&quot;).ЕстьИстина();
{(1)}:КонтекстВыполнения.Тест_ПроверитьНеАдминистраторскиеПраваНаЧтение(Параметры[0],Параметры[1]);
{ВнешняяОбработка.xddTestRunner.МодульОбъекта(337)}:	Выполнить(ИcполняемыйКод);
{ВнешняяОбработка.xddTestRunner.МодульОбъекта(261)}:			ВыполнитьПроцедуруКонтекста(КонтекстВыполнения, ЭлементДереваТестов.ИмяМетода, ЭлементДереваТестов.Параметры);
{ВнешняяОбработка.xddTestRunner.Форма.УправляемаяФорма.Форма(913)}:	РезультатТестирования = ОбъектНаСервере.ВыполнитьТестовыйМетод(КонтекстВыполнения, ЭлементДереваТестов);
"/>
			</testcase>
			<testcase classname="Проверка чтения не-администраторами - &lt;test&gt;" name="Документ.ИзменениеАссортимента: Проверка доступа на Чтение Не-Администраторами - &lt;test&gt;" time="0" status="passed"/>
			<testcase classname="Проверка чтения не-администраторами - &lt;test&gt;" name="БизнесПроцесс.Задание: Проверка доступа на Чтение Не-Администраторами - &lt;test&gt;" time="0.015" status="passed"/>
			<testcase classname="Проверка чтения не-администраторами - &lt;test&gt;" name="РегистрСведений.УдалитьИсторияНачисленийПоШтатномуРасписанию: Проверка доступа на Чтение Не-Администраторами - &lt;test&gt;" time="0.047" status="failure">
				<failure message="[Failed] Ожидали, что проверяемое значение (Ложь) является ИСТИНОЙ.
РегистрСведений.УдалитьИсторияНачисленийПоШтатномуРасписанию недоступно для чтения ролями без привилегий
{ВнешняяОбработка.УтвержденияBDD.МодульОбъекта(293)}:	ВызватьИсключение Префикс + &quot; &quot; + СообщениеОшибки;
{ВнешняяОбработка.УтвержденияBDD.МодульОбъекта(46)}:		ВызватьОшибкуПроверки(СообщениеОшибки);
{ВнешняяОбработка.УтвержденияBDD.МодульОбъекта(53)}:	Возврат ЭтоИстина();
{ВнешняяОбработка.ПроверкаЧтенияНеАдминистраторами.МодульОбъекта(100)}:	Ожидаем.Что(ЧтениеДоступно, ПолноеИмяМетаданного + &quot; недоступно для чтения ролями без привилегий&quot;).ЕстьИстина();
{(1)}:КонтекстВыполнения.Тест_ПроверитьНеАдминистраторскиеПраваНаЧтение(Параметры[0],Параметры[1]);
{ВнешняяОбработка.xddTestRunner.МодульОбъекта(337)}:	Выполнить(ИcполняемыйКод);
{ВнешняяОбработка.xddTestRunner.МодульОбъекта(261)}:			ВыполнитьПроцедуруКонтекста(КонтекстВыполнения, ЭлементДереваТестов.ИмяМетода, ЭлементДереваТестов.Параметры);
{ВнешняяОбработка.xddTestRunner.Форма.УправляемаяФорма.Форма(913)}:	РезультатТестирования = ОбъектНаСервере.ВыполнитьТестовыйМетод(КонтекстВыполнения, ЭлементДереваТестов);
"/>
			</testcase>
			<testcase classname="Проверка чтения не-администраторами - &lt;test&gt;" name="РегистрСведений.ПримененияЕНВД: Проверка доступа на Чтение Не-Администраторами - &lt;test&gt;" time="0.016" status="passed"/>
			<testcase classname="Проверка чтения не-администраторами - &lt;test&gt;" name="Константа.ИспользоватьУдалениеПомеченныхОбъектов: Проверка доступа на Чтение Не-Администраторами - &lt;test&gt;" time="0.016" status="passed"/>
			<testcase classname="Проверка чтения не-администраторами - &lt;test&gt;" name="Документ.ПериодыОплаченныеДоНачалаЭксплуатации: Проверка доступа на Чтение Не-Администраторами - &lt;test&gt;" time="0.016" status="passed"/>
			<testcase classname="Проверка чтения не-администраторами - &lt;test&gt;" name="Константа.ИспользоватьВнеоборотныеАктивы2_4: Проверка доступа на Чтение Не-Администраторами - &lt;test&gt;" time="0" status="passed"/>
			<testcase classname="Проверка чтения не-администраторами - &lt;test&gt;" name="РегистрСведений.КонтрольПроведенияУчетныхДокументовЭДО: Проверка доступа на Чтение Не-Администраторами - &lt;test&gt;" time="0.015" status="passed"/>
			<testcase classname="Проверка чтения не-администраторами - &lt;test&gt;" name="Константа.НеИспользоватьЖурналПлатежей: Проверка доступа на Чтение Не-Администраторами - &lt;test&gt;" time="0" status="passed"/>
			<testcase classname="Проверка чтения не-администраторами - &lt;test&gt;" name="РегистрСведений.АналитикаУчетаПоПартнерам: Проверка доступа на Чтение Не-Администраторами - &lt;test&gt;" time="0" status="passed"/>
			<testcase classname="Проверка чтения не-администраторами - &lt;test&gt;" name="РегистрСведений.ТОРО_ПланСниженияНевостребованныхМТР: Проверка доступа на Чтение Не-Администраторами - &lt;test&gt;" time="0.016" status="passed"/>
			<testcase classname="Проверка чтения не-администраторами - &lt;test&gt;" name="Справочник.ВидыРаботСотрудников: Проверка доступа на Чтение Не-Администраторами - &lt;test&gt;" time="0.016" status="passed"/>
			<testcase classname="Проверка чтения не-администраторами - &lt;test&gt;" name="Константа.ИспользоватьВидыТехнологическихОпераций: Проверка доступа на Чтение Не-Администраторами - &lt;test&gt;" time="0" status="passed"/>
			<testcase classname="Проверка чтения не-администраторами - &lt;test&gt;" name="Справочник.ДоговорыМеждуОрганизациямиПрисоединенныеФайлы: Проверка доступа на Чтение Не-Администраторами - &lt;test&gt;" time="0.016" status="passed"/>
			<testcase classname="Проверка чтения не-администраторами - &lt;test&gt;" name="Справочник.РодственникиФизическихЛиц: Проверка доступа на Чтение Не-Администраторами - &lt;test&gt;" time="0.015" status="passed"/>
			<testcase classname="Проверка чтения не-администраторами - &lt;test&gt;" name="Константа.ИспользоватьОзнакомлениеСЭлектроннымиДокументами: Проверка доступа на Чтение Не-Администраторами - &lt;test&gt;" time="0.015" status="passed"/>
			<testcase classname="Проверка чтения не-администраторами - &lt;test&gt;" name="Константа.ИспользоватьШаблоныСообщений: Проверка доступа на Чтение Не-Администраторами - &lt;test&gt;" time="0" status="passed"/>
			<testcase classname="Проверка чтения не-администраторами - &lt;test&gt;" name="Справочник.ТОРО_Предварительный_Перечень_ИППрисоединенныеФайлы: Проверка доступа на Чтение Не-Администраторами - &lt;test&gt;" time="0.016" status="passed"/>
			<testcase classname="Проверка чтения не-администраторами - &lt;test&gt;" name="РегистрСведений.СвязиМеждуПартнерами: Проверка доступа на Чтение Не-Администраторами - &lt;test&gt;" time="0.016" status="passed"/>
			<testcase classname="Проверка чтения не-администраторами - &lt;test&gt;" name="Справочник.ОбщероссийскийКлассификаторОсновныхФондов: Проверка доступа на Чтение Не-Администраторами - &lt;test&gt;" time="0" status="passed"/>
			<testcase classname="Проверка чтения не-администраторами - &lt;test&gt;" name="Документ.ЖурналУчетаСчетовФактурДляПередачиВЭлектронномВиде: Проверка доступа на Чтение Не-Администраторами - &lt;test&gt;" time="0.015" status="passed"/>
			<testcase classname="Проверка чтения не-администраторами - &lt;test&gt;" name="Справочник.ПроизводствоБезЗаказаПрисоединенныеФайлы: Проверка доступа на Чтение Не-Администраторами - &lt;test&gt;" time="0" status="passed"/>
			<testcase classname="Проверка чтения не-администраторами - &lt;test&gt;" name="РегистрНакопления.РасчетыСКлиентамиПоДокументам: Проверка доступа на Чтение Не-Администраторами - &lt;test&gt;" time="0.047" status="passed"/>
			<testcase classname="Проверка чтения не-администраторами - &lt;test&gt;" name="РегистрСведений.БезопасноеХранилищеДанныхОбластейДанных: Проверка доступа на Чтение Не-Администраторами - &lt;test&gt;" time="0.062" status="failure">
				<failure message="[Failed] Ожидали, что проверяемое значение (Ложь) является ИСТИНОЙ.
РегистрСведений.БезопасноеХранилищеДанныхОбластейДанных недоступно для чтения ролями без привилегий
{ВнешняяОбработка.УтвержденияBDD.МодульОбъекта(293)}:	ВызватьИсключение Префикс + &quot; &quot; + СообщениеОшибки;
{ВнешняяОбработка.УтвержденияBDD.МодульОбъекта(46)}:		ВызватьОшибкуПроверки(СообщениеОшибки);
{ВнешняяОбработка.УтвержденияBDD.МодульОбъекта(53)}:	Возврат ЭтоИстина();
{ВнешняяОбработка.ПроверкаЧтенияНеАдминистраторами.МодульОбъекта(100)}:	Ожидаем.Что(ЧтениеДоступно, ПолноеИмяМетаданного + &quot; недоступно для чтения ролями без привилегий&quot;).ЕстьИстина();
{(1)}:КонтекстВыполнения.Тест_ПроверитьНеАдминистраторскиеПраваНаЧтение(Параметры[0],Параметры[1]);
{ВнешняяОбработка.xddTestRunner.МодульОбъекта(337)}:	Выполнить(ИcполняемыйКод);
{ВнешняяОбработка.xddTestRunner.МодульОбъекта(261)}:			ВыполнитьПроцедуруКонтекста(КонтекстВыполнения, ЭлементДереваТестов.ИмяМетода, ЭлементДереваТестов.Параметры);
{ВнешняяОбработка.xddTestRunner.Форма.УправляемаяФорма.Форма(913)}:	РезультатТестирования = ОбъектНаСервере.ВыполнитьТестовыйМетод(КонтекстВыполнения, ЭлементДереваТестов);
"/>
			</testcase>
			<testcase classname="Проверка чтения не-администраторами - &lt;test&gt;" name="РегистрСведений.УдалитьОтветыНаЗапросыВыпискиИзЕГРЮЛ_ЕГРИП: Проверка доступа на Чтение Не-Администраторами - &lt;test&gt;" time="0.062" status="failure">
				<failure message="[Failed] Ожидали, что проверяемое значение (Ложь) является ИСТИНОЙ.
РегистрСведений.УдалитьОтветыНаЗапросыВыпискиИзЕГРЮЛ_ЕГРИП недоступно для чтения ролями без привилегий
{ВнешняяОбработка.УтвержденияBDD.МодульОбъекта(293)}:	ВызватьИсключение Префикс + &quot; &quot; + СообщениеОшибки;
{ВнешняяОбработка.УтвержденияBDD.МодульОбъекта(46)}:		ВызватьОшибкуПроверки(СообщениеОшибки);
{ВнешняяОбработка.УтвержденияBDD.МодульОбъекта(53)}:	Возврат ЭтоИстина();
{ВнешняяОбработка.ПроверкаЧтенияНеАдминистраторами.МодульОбъекта(100)}:	Ожидаем.Что(ЧтениеДоступно, ПолноеИмяМетаданного + &quot; недоступно для чтения ролями без привилегий&quot;).ЕстьИстина();
{(1)}:КонтекстВыполнения.Тест_ПроверитьНеАдминистраторскиеПраваНаЧтение(Параметры[0],Параметры[1]);
{ВнешняяОбработка.xddTestRunner.МодульОбъекта(337)}:	Выполнить(ИcполняемыйКод);
{ВнешняяОбработка.xddTestRunner.МодульОбъекта(261)}:			ВыполнитьПроцедуруКонтекста(КонтекстВыполнения, ЭлементДереваТестов.ИмяМетода, ЭлементДереваТестов.Параметры);
{ВнешняяОбработка.xddTestRunner.Форма.УправляемаяФорма.Форма(913)}:	РезультатТестирования = ОбъектНаСервере.ВыполнитьТестовыйМетод(КонтекстВыполнения, ЭлементДереваТестов);
"/>
			</testcase>
			<testcase classname="Проверка чтения не-администраторами - &lt;test&gt;" name="РегистрСведений.КатегорииНовостейПростыеНеобработанные: Проверка доступа на Чтение Не-Администраторами - &lt;test&gt;" time="0.016" status="passed"/>
			<testcase classname="Проверка чтения не-администраторами - &lt;test&gt;" name="РегистрСведений.КлассыУсловийТрудаПоДолжностям: Проверка доступа на Чтение Не-Администраторами - &lt;test&gt;" time="0" status="passed"/>
			<testcase classname="Проверка чтения не-администраторами - &lt;test&gt;" name="Документ.КорректировкаРегистров: Проверка доступа на Чтение Не-Администраторами - &lt;test&gt;" time="0.015" status="passed"/>
			<testcase classname="Проверка чтения не-администраторами - &lt;test&gt;" name="Константа.ТОРО_ИспользоватьОповещенияПоСобытиям: Проверка доступа на Чтение Не-Администраторами - &lt;test&gt;" time="0.016" status="passed"/>
			<testcase classname="Проверка чтения не-администраторами - &lt;test&gt;" name="Константа.НеИспользоватьНесколькоРасчетныхСчетов: Проверка доступа на Чтение Не-Администраторами - &lt;test&gt;" time="0" status="passed"/>
			<testcase classname="Проверка чтения не-администраторами - &lt;test&gt;" name="Справочник.НаборыГруппДоступа: Проверка доступа на Чтение Не-Администраторами - &lt;test&gt;" time="0.078" status="failure">
				<failure message="[Failed] Ожидали, что проверяемое значение (Ложь) является ИСТИНОЙ.
Справочник.НаборыГруппДоступа недоступно для чтения ролями без привилегий
{ВнешняяОбработка.УтвержденияBDD.МодульОбъекта(293)}:	ВызватьИсключение Префикс + &quot; &quot; + СообщениеОшибки;
{ВнешняяОбработка.УтвержденияBDD.МодульОбъекта(46)}:		ВызватьОшибкуПроверки(СообщениеОшибки);
{ВнешняяОбработка.УтвержденияBDD.МодульОбъекта(53)}:	Возврат ЭтоИстина();
{ВнешняяОбработка.ПроверкаЧтенияНеАдминистраторами.МодульОбъекта(100)}:	Ожидаем.Что(ЧтениеДоступно, ПолноеИмяМетаданного + &quot; недоступно для чтения ролями без привилегий&quot;).ЕстьИстина();
{(1)}:КонтекстВыполнения.Тест_ПроверитьНеАдминистраторскиеПраваНаЧтение(Параметры[0],Параметры[1]);
{ВнешняяОбработка.xddTestRunner.МодульОбъекта(337)}:	Выполнить(ИcполняемыйКод);
{ВнешняяОбработка.xddTestRunner.МодульОбъекта(261)}:			ВыполнитьПроцедуруКонтекста(КонтекстВыполнения, ЭлементДереваТестов.ИмяМетода, ЭлементДереваТестов.Параметры);
{ВнешняяОбработка.xddTestRunner.Форма.УправляемаяФорма.Форма(913)}:	РезультатТестирования = ОбъектНаСервере.ВыполнитьТестовыйМетод(КонтекстВыполнения, ЭлементДереваТестов);
"/>
			</testcase>
			<testcase classname="Проверка чтения не-администраторами - &lt;test&gt;" name="РегистрСведений.СведенияРеглОтчетАлкоПрил18Декларация: Проверка доступа на Чтение Не-Администраторами - &lt;test&gt;" time="0.016" status="passed"/>
			<testcase classname="Проверка чтения не-администраторами - &lt;test&gt;" name="РегистрСведений.РасчетРасходовПоАренде: Проверка доступа на Чтение Не-Администраторами - &lt;test&gt;" time="0.031" status="passed"/>
			<testcase classname="Проверка чтения не-администраторами - &lt;test&gt;" name="Документ.ПакетЭД: Проверка доступа на Чтение Не-Администраторами - &lt;test&gt;" time="0.016" status="passed"/>
			<testcase classname="Проверка чтения не-администраторами - &lt;test&gt;" name="РегистрСведений.НастройкиРасчетаСреднегоЗаработка: Проверка доступа на Чтение Не-Администраторами - &lt;test&gt;" time="0" status="passed"/>
			<testcase classname="Проверка чтения не-администраторами - &lt;test&gt;" name="РегистрСведений.СтраховыеВзносыСкидкиКДоходам: Проверка доступа на Чтение Не-Администраторами - &lt;test&gt;" time="0" status="passed"/>
			<testcase classname="Проверка чтения не-администраторами - &lt;test&gt;" name="РегистрСведений.ЗаписиСкладскогоЖурналаКПередачеВЕТИС: Проверка доступа на Чтение Не-Администраторами - &lt;test&gt;" time="0.031" status="passed"/>
			<testcase classname="Проверка чтения не-администраторами - &lt;test&gt;" name="РегистрСведений.ОчередьИнсталляцииПоставляемыхДополнительныхОтчетовИОбработокВОбластиДанных: Проверка доступа на Чтение Не-Администраторами - &lt;test&gt;" time="0.062" status="failure">
				<failure message="[Failed] Ожидали, что проверяемое значение (Ложь) является ИСТИНОЙ.
РегистрСведений.ОчередьИнсталляцииПоставляемыхДополнительныхОтчетовИОбработокВОбластиДанных недоступно для чтения ролями без привилегий
{ВнешняяОбработка.УтвержденияBDD.МодульОбъекта(293)}:	ВызватьИсключение Префикс + &quot; &quot; + СообщениеОшибки;
{ВнешняяОбработка.УтвержденияBDD.МодульОбъекта(46)}:		ВызватьОшибкуПроверки(СообщениеОшибки);
{ВнешняяОбработка.УтвержденияBDD.МодульОбъекта(53)}:	Возврат ЭтоИстина();
{ВнешняяОбработка.ПроверкаЧтенияНеАдминистраторами.МодульОбъекта(100)}:	Ожидаем.Что(ЧтениеДоступно, ПолноеИмяМетаданного + &quot; недоступно для чтения ролями без привилегий&quot;).ЕстьИстина();
{(1)}:КонтекстВыполнения.Тест_ПроверитьНеАдминистраторскиеПраваНаЧтение(Параметры[0],Параметры[1]);
{ВнешняяОбработка.xddTestRunner.МодульОбъекта(337)}:	Выполнить(ИcполняемыйКод);
{ВнешняяОбработка.xddTestRunner.МодульОбъекта(261)}:			ВыполнитьПроцедуруКонтекста(КонтекстВыполнения, ЭлементДереваТестов.ИмяМетода, ЭлементДереваТестов.Параметры);
{ВнешняяОбработка.xddTestRunner.Форма.УправляемаяФорма.Форма(913)}:	РезультатТестирования = ОбъектНаСервере.ВыполнитьТестовыйМетод(КонтекстВыполнения, ЭлементДереваТестов);
"/>
			</testcase>
			<testcase classname="Проверка чтения не-администраторами - &lt;test&gt;" name="РегистрСведений.РасчетСтоимостиНалоговыхАктивовИОбязательствПослеИзмененияСтавкиНалогаНаПрибыль: Проверка доступа на Чтение Не-Администраторами - &lt;test&gt;" time="0.031" status="passed"/>
			<testcase classname="Проверка чтения не-администраторами - &lt;test&gt;" name="Справочник.ВозвратИзОтпускаПоУходуЗаРебенкомПрисоединенныеФайлы: Проверка доступа на Чтение Не-Администраторами - &lt;test&gt;" time="0.016" status="passed"/>
			<testcase classname="Проверка чтения не-администраторами - &lt;test&gt;" name="РегистрСведений.ОперацииСтатистики: Проверка доступа на Чтение Не-Администраторами - &lt;test&gt;" time="0.031" status="passed"/>
			<testcase classname="Проверка чтения не-администраторами - &lt;test&gt;" name="Константа.КаталогОбменаФайламиВМоделиСервисаLinux: Проверка доступа на Чтение Не-Администраторами - &lt;test&gt;" time="0.016" status="passed"/>
			<testcase classname="Проверка чтения не-администраторами - &lt;test&gt;" name="Документ.РаспределениеОсновногоЗаработка: Проверка доступа на Чтение Не-Администраторами - &lt;test&gt;" time="0" status="passed"/>
			<testcase classname="Проверка чтения не-администраторами - &lt;test&gt;" name="Документ.ПриемНаРаботуСписком: Проверка доступа на Чтение Не-Администраторами - &lt;test&gt;" time="0.031" status="passed"/>
			<testcase classname="Проверка чтения не-администраторами - &lt;test&gt;" name="Справочник.КлючиАналитикиУчетаНаборов: Проверка доступа на Чтение Не-Администраторами - &lt;test&gt;" time="0.016" status="passed"/>
			<testcase classname="Проверка чтения не-администраторами - &lt;test&gt;" name="Константа.ИспользоватьТиповыеИИндивидуальныеСоглашенияСКлиентами: Проверка доступа на Чтение Не-Администраторами - &lt;test&gt;" time="0.015" status="passed"/>
			<testcase classname="Проверка чтения не-администраторами - &lt;test&gt;" name="Константа.ИспользоватьРаздельныйУчетПоНалогообложению: Проверка доступа на Чтение Не-Администраторами - &lt;test&gt;" time="0.016" status="passed"/>
			<testcase classname="Проверка чтения не-администраторами - &lt;test&gt;" name="Справочник.ЦелиВЕТИС: Проверка доступа на Чтение Не-Администраторами - &lt;test&gt;" time="0.016" status="passed"/>
			<testcase classname="Проверка чтения не-администраторами - &lt;test&gt;" name="РегистрСведений.СтандартныеВычетыФизическихЛицНДФЛИспр: Проверка доступа на Чтение Не-Администраторами - &lt;test&gt;" time="0.063" status="failure">
				<failure message="[Failed] Ожидали, что проверяемое значение (Ложь) является ИСТИНОЙ.
РегистрСведений.СтандартныеВычетыФизическихЛицНДФЛИспр недоступно для чтения ролями без привилегий
{ВнешняяОбработка.УтвержденияBDD.МодульОбъекта(293)}:	ВызватьИсключение Префикс + &quot; &quot; + СообщениеОшибки;
{ВнешняяОбработка.УтвержденияBDD.МодульОбъекта(46)}:		ВызватьОшибкуПроверки(СообщениеОшибки);
{ВнешняяОбработка.УтвержденияBDD.МодульОбъекта(53)}:	Возврат ЭтоИстина();
{ВнешняяОбработка.ПроверкаЧтенияНеАдминистраторами.МодульОбъекта(100)}:	Ожидаем.Что(ЧтениеДоступно, ПолноеИмяМетаданного + &quot; недоступно для чтения ролями без привилегий&quot;).ЕстьИстина();
{(1)}:КонтекстВыполнения.Тест_ПроверитьНеАдминистраторскиеПраваНаЧтение(Параметры[0],Параметры[1]);
{ВнешняяОбработка.xddTestRunner.МодульОбъекта(337)}:	Выполнить(ИcполняемыйКод);
{ВнешняяОбработка.xddTestRunner.МодульОбъекта(261)}:			ВыполнитьПроцедуруКонтекста(КонтекстВыполнения, ЭлементДереваТестов.ИмяМетода, ЭлементДереваТестов.Параметры);
{ВнешняяОбработка.xddTestRunner.Форма.УправляемаяФорма.Форма(913)}:	РезультатТестирования = ОбъектНаСервере.ВыполнитьТестовыйМетод(КонтекстВыполнения, ЭлементДереваТестов);
"/>
			</testcase>
			<testcase classname="Проверка чтения не-администраторами - &lt;test&gt;" name="Документ.УдалитьЗаявлениеАбонентаСпецоператораСвязи: Проверка доступа на Чтение Не-Администраторами - &lt;test&gt;" time="0.062" status="failure">
				<failure message="[Failed] Ожидали, что проверяемое значение (Ложь) является ИСТИНОЙ.
Документ.УдалитьЗаявлениеАбонентаСпецоператораСвязи недоступно для чтения ролями без привилегий
{ВнешняяОбработка.УтвержденияBDD.МодульОбъекта(293)}:	ВызватьИсключение Префикс + &quot; &quot; + СообщениеОшибки;
{ВнешняяОбработка.УтвержденияBDD.МодульОбъекта(46)}:		ВызватьОшибкуПроверки(СообщениеОшибки);
{ВнешняяОбработка.УтвержденияBDD.МодульОбъекта(53)}:	Возврат ЭтоИстина();
{ВнешняяОбработка.ПроверкаЧтенияНеАдминистраторами.МодульОбъекта(100)}:	Ожидаем.Что(ЧтениеДоступно, ПолноеИмяМетаданного + &quot; недоступно для чтения ролями без привилегий&quot;).ЕстьИстина();
{(1)}:КонтекстВыполнения.Тест_ПроверитьНеАдминистраторскиеПраваНаЧтение(Параметры[0],Параметры[1]);
{ВнешняяОбработка.xddTestRunner.МодульОбъекта(337)}:	Выполнить(ИcполняемыйКод);
{ВнешняяОбработка.xddTestRunner.МодульОбъекта(261)}:			ВыполнитьПроцедуруКонтекста(КонтекстВыполнения, ЭлементДереваТестов.ИмяМетода, ЭлементДереваТестов.Параметры);
{ВнешняяОбработка.xddTestRunner.Форма.УправляемаяФорма.Форма(913)}:	РезультатТестирования = ОбъектНаСервере.ВыполнитьТестовыйМетод(КонтекстВыполнения, ЭлементДереваТестов);
"/>
			</testcase>
			<testcase classname="Проверка чтения не-администраторами - &lt;test&gt;" name="Документ.ЧекККМВозврат: Проверка доступа на Чтение Не-Администраторами - &lt;test&gt;" time="0.031" status="passed"/>
			<testcase classname="Проверка чтения не-администраторами - &lt;test&gt;" name="Справочник.ТОРО_ЗадачиБизнесПроцессов: Проверка доступа на Чтение Не-Администраторами - &lt;test&gt;" time="0.016" status="passed"/>
			<testcase classname="Проверка чтения не-администраторами - &lt;test&gt;" name="Документ.ВозвратОСОтАрендатора: Проверка доступа на Чтение Не-Администраторами - &lt;test&gt;" time="0" status="passed"/>
			<testcase classname="Проверка чтения не-администраторами - &lt;test&gt;" name="РегистрСведений.ЖурналРегистрацииАгентаКопированияОблачногоАрхива: Проверка доступа на Чтение Не-Администраторами - &lt;test&gt;" time="0.063" status="failure">
				<failure message="[Failed] Ожидали, что проверяемое значение (Ложь) является ИСТИНОЙ.
РегистрСведений.ЖурналРегистрацииАгентаКопированияОблачногоАрхива недоступно для чтения ролями без привилегий
{ВнешняяОбработка.УтвержденияBDD.МодульОбъекта(293)}:	ВызватьИсключение Префикс + &quot; &quot; + СообщениеОшибки;
{ВнешняяОбработка.УтвержденияBDD.МодульОбъекта(46)}:		ВызватьОшибкуПроверки(СообщениеОшибки);
{ВнешняяОбработка.УтвержденияBDD.МодульОбъекта(53)}:	Возврат ЭтоИстина();
{ВнешняяОбработка.ПроверкаЧтенияНеАдминистраторами.МодульОбъекта(100)}:	Ожидаем.Что(ЧтениеДоступно, ПолноеИмяМетаданного + &quot; недоступно для чтения ролями без привилегий&quot;).ЕстьИстина();
{(1)}:КонтекстВыполнения.Тест_ПроверитьНеАдминистраторскиеПраваНаЧтение(Параметры[0],Параметры[1]);
{ВнешняяОбработка.xddTestRunner.МодульОбъекта(337)}:	Выполнить(ИcполняемыйКод);
{ВнешняяОбработка.xddTestRunner.МодульОбъекта(261)}:			ВыполнитьПроцедуруКонтекста(КонтекстВыполнения, ЭлементДереваТестов.ИмяМетода, ЭлементДереваТестов.Параметры);
{ВнешняяОбработка.xddTestRunner.Форма.УправляемаяФорма.Форма(913)}:	РезультатТестирования = ОбъектНаСервере.ВыполнитьТестовыйМетод(КонтекстВыполнения, ЭлементДереваТестов);
"/>
			</testcase>
			<testcase classname="Проверка чтения не-администраторами - &lt;test&gt;" name="Документ.ИнвентаризацияНаличныхДенежныхСредств: Проверка доступа на Чтение Не-Администраторами - &lt;test&gt;" time="0.015" status="passed"/>
			<testcase classname="Проверка чтения не-администраторами - &lt;test&gt;" name="Константа.ИспользоватьСоглашенияСКлиентами: Проверка доступа на Чтение Не-Администраторами - &lt;test&gt;" time="0" status="passed"/>
			<testcase classname="Проверка чтения не-администраторами - &lt;test&gt;" name="РегистрСведений.ПараметрыТорговыхТочек: Проверка доступа на Чтение Не-Администраторами - &lt;test&gt;" time="0" status="passed"/>
			<testcase classname="Проверка чтения не-администраторами - &lt;test&gt;" name="РегистрСведений.ТОРО_ДокументПотребностиПоИдентификаторуЕИСЗ: Проверка доступа на Чтение Не-Администраторами - &lt;test&gt;" time="0.031" status="passed"/>
			<testcase classname="Проверка чтения не-администраторами - &lt;test&gt;" name="Документ.УвольнениеСписком: Проверка доступа на Чтение Не-Администраторами - &lt;test&gt;" time="0" status="passed"/>
			<testcase classname="Проверка чтения не-администраторами - &lt;test&gt;" name="Документ.ПередачаОСАрендатору2_4: Проверка доступа на Чтение Не-Администраторами - &lt;test&gt;" time="0.016" status="passed"/>
			<testcase classname="Проверка чтения не-администраторами - &lt;test&gt;" name="Константа.ИспользоватьВводДанныхДляРасчетаЗарплаты: Проверка доступа на Чтение Не-Администраторами - &lt;test&gt;" time="0" status="passed"/>
			<testcase classname="Проверка чтения не-администраторами - &lt;test&gt;" name="РегистрСведений.ЗаданияКРасчетуАмортизацииОС: Проверка доступа на Чтение Не-Администраторами - &lt;test&gt;" time="0.031" status="passed"/>
			<testcase classname="Проверка чтения не-администраторами - &lt;test&gt;" name="Справочник.ТОРО_СопоставлениеАтрибутовИТСПоДате: Проверка доступа на Чтение Не-Администраторами - &lt;test&gt;" time="0.016" status="passed"/>
			<testcase classname="Проверка чтения не-администраторами - &lt;test&gt;" name="РегистрНакопления.ВыработкаНМА: Проверка доступа на Чтение Не-Администраторами - &lt;test&gt;" time="0.016" status="passed"/>
			<testcase classname="Проверка чтения не-администраторами - &lt;test&gt;" name="РегистрСведений.ПравилаРазмещенияТоваровВЯчейках: Проверка доступа на Чтение Не-Администраторами - &lt;test&gt;" time="0.016" status="passed"/>
			<testcase classname="Проверка чтения не-администраторами - &lt;test&gt;" name="РегистрСведений.БлокировкиПооперационногоРасписания: Проверка доступа на Чтение Не-Администраторами - &lt;test&gt;" time="0" status="passed"/>
			<testcase classname="Проверка чтения не-администраторами - &lt;test&gt;" name="Документ.ПринятиеКУчетуОС: Проверка доступа на Чтение Не-Администраторами - &lt;test&gt;" time="0" status="passed"/>
			<testcase classname="Проверка чтения не-администраторами - &lt;test&gt;" name="РегистрСведений.СведенияРеглОтчетАлкоПрил12Раздел2: Проверка доступа на Чтение Не-Администраторами - &lt;test&gt;" time="0.015" status="passed"/>
			<testcase classname="Проверка чтения не-администраторами - &lt;test&gt;" name="Константа.ИспользоватьОбщиеДополнительныеЗначения: Проверка доступа на Чтение Не-Администраторами - &lt;test&gt;" time="0" status="passed"/>
			<testcase classname="Проверка чтения не-администраторами - &lt;test&gt;" name="РегистрСведений.СостоянияСотрудников: Проверка доступа на Чтение Не-Администраторами - &lt;test&gt;" time="0.016" status="passed"/>
			<testcase classname="Проверка чтения не-администраторами - &lt;test&gt;" name="Справочник.СтрокиОтчетностиРасходовИЧисленностиРаботниковГосударственныхОрганов: Проверка доступа на Чтение Не-Администраторами - &lt;test&gt;" time="0.016" status="passed"/>
			<testcase classname="Проверка чтения не-администраторами - &lt;test&gt;" name="РегистрСведений.РежимыПодключенияВнешнихМодулейОбластейДанных: Проверка доступа на Чтение Не-Администраторами - &lt;test&gt;" time="0.063" status="failure">
				<failure message="[Failed] Ожидали, что проверяемое значение (Ложь) является ИСТИНОЙ.
РегистрСведений.РежимыПодключенияВнешнихМодулейОбластейДанных недоступно для чтения ролями без привилегий
{ВнешняяОбработка.УтвержденияBDD.МодульОбъекта(293)}:	ВызватьИсключение Префикс + &quot; &quot; + СообщениеОшибки;
{ВнешняяОбработка.УтвержденияBDD.МодульОбъекта(46)}:		ВызватьОшибкуПроверки(СообщениеОшибки);
{ВнешняяОбработка.УтвержденияBDD.МодульОбъекта(53)}:	Возврат ЭтоИстина();
{ВнешняяОбработка.ПроверкаЧтенияНеАдминистраторами.МодульОбъекта(100)}:	Ожидаем.Что(ЧтениеДоступно, ПолноеИмяМетаданного + &quot; недоступно для чтения ролями без привилегий&quot;).ЕстьИстина();
{(1)}:КонтекстВыполнения.Тест_ПроверитьНеАдминистраторскиеПраваНаЧтение(Параметры[0],Параметры[1]);
{ВнешняяОбработка.xddTestRunner.МодульОбъекта(337)}:	Выполнить(ИcполняемыйКод);
{ВнешняяОбработка.xddTestRunner.МодульОбъекта(261)}:			ВыполнитьПроцедуруКонтекста(КонтекстВыполнения, ЭлементДереваТестов.ИмяМетода, ЭлементДереваТестов.Параметры);
{ВнешняяОбработка.xddTestRunner.Форма.УправляемаяФорма.Форма(913)}:	РезультатТестирования = ОбъектНаСервере.ВыполнитьТестовыйМетод(КонтекстВыполнения, ЭлементДереваТестов);
"/>
			</testcase>
			<testcase classname="Проверка чтения не-администраторами - &lt;test&gt;" name="Документ.ТТНИсходящаяЕГАИС: Проверка доступа на Чтение Не-Администраторами - &lt;test&gt;" time="0" status="passed"/>
			<testcase classname="Проверка чтения не-администраторами - &lt;test&gt;" name="Справочник.ВЕТИСПрисоединенныеФайлы: Проверка доступа на Чтение Не-Администраторами - &lt;test&gt;" time="0.016" status="passed"/>
			<testcase classname="Проверка чтения не-администраторами - &lt;test&gt;" name="РегистрСведений.УдалитьГосударственныеПособия: Проверка доступа на Чтение Не-Администраторами - &lt;test&gt;" time="0.063" status="failure">
				<failure message="[Failed] Ожидали, что проверяемое значение (Ложь) является ИСТИНОЙ.
РегистрСведений.УдалитьГосударственныеПособия недоступно для чтения ролями без привилегий
{ВнешняяОбработка.УтвержденияBDD.МодульОбъекта(293)}:	ВызватьИсключение Префикс + &quot; &quot; + СообщениеОшибки;
{ВнешняяОбработка.УтвержденияBDD.МодульОбъекта(46)}:		ВызватьОшибкуПроверки(СообщениеОшибки);
{ВнешняяОбработка.УтвержденияBDD.МодульОбъекта(53)}:	Возврат ЭтоИстина();
{ВнешняяОбработка.ПроверкаЧтенияНеАдминистраторами.МодульОбъекта(100)}:	Ожидаем.Что(ЧтениеДоступно, ПолноеИмяМетаданного + &quot; недоступно для чтения ролями без привилегий&quot;).ЕстьИстина();
{(1)}:КонтекстВыполнения.Тест_ПроверитьНеАдминистраторскиеПраваНаЧтение(Параметры[0],Параметры[1]);
{ВнешняяОбработка.xddTestRunner.МодульОбъекта(337)}:	Выполнить(ИcполняемыйКод);
{ВнешняяОбработка.xddTestRunner.МодульОбъекта(261)}:			ВыполнитьПроцедуруКонтекста(КонтекстВыполнения, ЭлементДереваТестов.ИмяМетода, ЭлементДереваТестов.Параметры);
{ВнешняяОбработка.xddTestRunner.Форма.УправляемаяФорма.Форма(913)}:	РезультатТестирования = ОбъектНаСервере.ВыполнитьТестовыйМетод(КонтекстВыполнения, ЭлементДереваТестов);
"/>
			</testcase>
			<testcase classname="Проверка чтения не-администраторами - &lt;test&gt;" name="РегистрСведений.ТОРО_ПроведенияДоРемонтныхИспытаний: Проверка доступа на Чтение Не-Администраторами - &lt;test&gt;" time="0.016" status="passed"/>
			<testcase classname="Проверка чтения не-администраторами - &lt;test&gt;" name="Документ.ДанныеОКорректировкеСведенийЗастрахованныхЛицСЗВ_КОРР: Проверка доступа на Чтение Не-Администраторами - &lt;test&gt;" time="0.016" status="passed"/>
			<testcase classname="Проверка чтения не-администраторами - &lt;test&gt;" name="РегистрСведений.НачислениеАмортизацииОССпециальныйКоэффициентНалоговыйУчет: Проверка доступа на Чтение Не-Администраторами - &lt;test&gt;" time="0" status="passed"/>
			<testcase classname="Проверка чтения не-администраторами - &lt;test&gt;" name="РегистрСведений.ЗначенияПоказателейУдержаний: Проверка доступа на Чтение Не-Администраторами - &lt;test&gt;" time="0.015" status="passed"/>
			<testcase classname="Проверка чтения не-администраторами - &lt;test&gt;" name="РегистрСведений.УдалитьЗамерыВремени2: Проверка доступа на Чтение Не-Администраторами - &lt;test&gt;" time="0.031" status="passed"/>
			<testcase classname="Проверка чтения не-администраторами - &lt;test&gt;" name="Справочник.СчетФактураВыданныйАвансПрисоединенныеФайлы: Проверка доступа на Чтение Не-Администраторами - &lt;test&gt;" time="0" status="passed"/>
			<testcase classname="Проверка чтения не-администраторами - &lt;test&gt;" name="Справочник.ОбъектыСтатистическогоНаблюдения: Проверка доступа на Чтение Не-Администраторами - &lt;test&gt;" time="0" status="passed"/>
			<testcase classname="Проверка чтения не-администраторами - &lt;test&gt;" name="РегистрСведений.ШтрихкодыНоменклатуры: Проверка доступа на Чтение Не-Администраторами - &lt;test&gt;" time="0.015" status="passed"/>
			<testcase classname="Проверка чтения не-администраторами - &lt;test&gt;" name="Документ.УведомлениеОВвозеМаркированныхТоваровИзЕАЭСГИСМ: Проверка доступа на Чтение Не-Администраторами - &lt;test&gt;" time="0" status="passed"/>
			<testcase classname="Проверка чтения не-администраторами - &lt;test&gt;" name="РегистрСведений.ТОРО_НесовместимыеПрофилиГруппДоступа: Проверка доступа на Чтение Не-Администраторами - &lt;test&gt;" time="0.016" status="passed"/>
			<testcase classname="Проверка чтения не-администраторами - &lt;test&gt;" name="Константа.ИспользоватьСтатусыЗаказовПоставщикам: Проверка доступа на Чтение Не-Администраторами - &lt;test&gt;" time="0" status="passed"/>
			<testcase classname="Проверка чтения не-администраторами - &lt;test&gt;" name="РегистрСведений.ТОРО_ОчередьСобытийКОповещению: Проверка доступа на Чтение Не-Администраторами - &lt;test&gt;" time="0.015" status="passed"/>
			<testcase classname="Проверка чтения не-администраторами - &lt;test&gt;" name="РегистрСведений.ДатыПередачиТоваровНаКомиссию: Проверка доступа на Чтение Не-Администраторами - &lt;test&gt;" time="0.016" status="passed"/>
			<testcase classname="Проверка чтения не-администраторами - &lt;test&gt;" name="Документ.АмортизацияОС2_4: Проверка доступа на Чтение Не-Администраторами - &lt;test&gt;" time="0.016" status="passed"/>
			<testcase classname="Проверка чтения не-администраторами - &lt;test&gt;" name="Справочник.РаботаСверхурочноПрисоединенныеФайлы: Проверка доступа на Чтение Не-Администраторами - &lt;test&gt;" time="0.016" status="passed"/>
			<testcase classname="Проверка чтения не-администраторами - &lt;test&gt;" name="Документ.ЧекЕГАИСВозврат: Проверка доступа на Чтение Не-Администраторами - &lt;test&gt;" time="0.015" status="passed"/>
			<testcase classname="Проверка чтения не-администраторами - &lt;test&gt;" name="РегистрСведений.ТОРО_ИсполнениеАктовВыявленныхДефектов: Проверка доступа на Чтение Не-Администраторами - &lt;test&gt;" time="0.015" status="passed"/>
			<testcase classname="Проверка чтения не-администраторами - &lt;test&gt;" name="Константа.ИспользоватьЛимитыРасходаДенежныхСредствПоОрганизациям: Проверка доступа на Чтение Не-Администраторами - &lt;test&gt;" time="0" status="passed"/>
			<testcase classname="Проверка чтения не-администраторами - &lt;test&gt;" name="Документ.ПереносОтпуска: Проверка доступа на Чтение Не-Администраторами - &lt;test&gt;" time="0.015" status="passed"/>
			<testcase classname="Проверка чтения не-администраторами - &lt;test&gt;" name="РегистрСведений.ПрофессииФизическихЛиц: Проверка доступа на Чтение Не-Администраторами - &lt;test&gt;" time="0" status="passed"/>
			<testcase classname="Проверка чтения не-администраторами - &lt;test&gt;" name="Константа.ИспользоватьЛизинг: Проверка доступа на Чтение Не-Администраторами - &lt;test&gt;" time="0" status="passed"/>
			<testcase classname="Проверка чтения не-администраторами - &lt;test&gt;" name="ПланВидовХарактеристик.КаналыРекламныхВоздействий: Проверка доступа на Чтение Не-Администраторами - &lt;test&gt;" time="0.016" status="passed"/>
			<testcase classname="Проверка чтения не-администраторами - &lt;test&gt;" name="РегистрСведений.ЗаработанныеПраваНаОтпуска: Проверка доступа на Чтение Не-Администраторами - &lt;test&gt;" time="0" status="passed"/>
			<testcase classname="Проверка чтения не-администраторами - &lt;test&gt;" name="Константа.ТОРО_ИспользоватьПрефиксыПоПодразделению: Проверка доступа на Чтение Не-Администраторами - &lt;test&gt;" time="0.016" status="passed"/>
			<testcase classname="Проверка чтения не-администраторами - &lt;test&gt;" name="РегистрСведений.НормативнаяДлительностьПроизводства: Проверка доступа на Чтение Не-Администраторами - &lt;test&gt;" time="0" status="passed"/>
			<testcase classname="Проверка чтения не-администраторами - &lt;test&gt;" name="Справочник.ОбъектыУчетаРезервовПредстоящихРасходов: Проверка доступа на Чтение Не-Администраторами - &lt;test&gt;" time="0" status="passed"/>
			<testcase classname="Проверка чтения не-администраторами - &lt;test&gt;" name="РегистрСведений.УсловияУдержанияПоИсполнительномуДокументу: Проверка доступа на Чтение Не-Администраторами - &lt;test&gt;" time="0.016" status="passed"/>
			<testcase classname="Проверка чтения не-администраторами - &lt;test&gt;" name="Константа.ИспользоватьРасширенноеОбеспечениеПотребностей: Проверка доступа на Чтение Не-Администраторами - &lt;test&gt;" time="0.016" status="passed"/>
			<testcase classname="Проверка чтения не-администраторами - &lt;test&gt;" name="РегистрСведений.ОграниченныеДокументы: Проверка доступа на Чтение Не-Администраторами - &lt;test&gt;" time="0" status="passed"/>
			<testcase classname="Проверка чтения не-администраторами - &lt;test&gt;" name="РегистрСведений.РучныеИзмененияГрафиковРаботы: Проверка доступа на Чтение Не-Администраторами - &lt;test&gt;" time="0.016" status="passed"/>
			<testcase classname="Проверка чтения не-администраторами - &lt;test&gt;" name="РегистрСведений.ТарифыВзносовЗаЗанятыхНаРаботахСДосрочнойПенсией: Проверка доступа на Чтение Не-Администраторами - &lt;test&gt;" time="0.016" status="passed"/>
			<testcase classname="Проверка чтения не-администраторами - &lt;test&gt;" name="Константа.РежимРаботыСТестовымКонтуромВЕТИС: Проверка доступа на Чтение Не-Администраторами - &lt;test&gt;" time="0" status="passed"/>
			<testcase classname="Проверка чтения не-администраторами - &lt;test&gt;" name="РегистрСведений.СтатусыУведомленийОПоступленииМаркированныхТоваровГИСМ: Проверка доступа на Чтение Не-Администраторами - &lt;test&gt;" time="0.016" status="passed"/>
			<testcase classname="Проверка чтения не-администраторами - &lt;test&gt;" name="Константа.ИспользоватьСтатусыЗаказовПереработчикам: Проверка доступа на Чтение Не-Администраторами - &lt;test&gt;" time="0" status="passed"/>
			<testcase classname="Проверка чтения не-администраторами - &lt;test&gt;" name="Константа.ИспользоватьУправлениеПроизводством: Проверка доступа на Чтение Не-Администраторами - &lt;test&gt;" time="0" status="passed"/>
			<testcase classname="Проверка чтения не-администраторами - &lt;test&gt;" name="Константа.ИспользоватьИнтеграциюС1СДокументооборот: Проверка доступа на Чтение Не-Администраторами - &lt;test&gt;" time="0" status="passed"/>
			<testcase classname="Проверка чтения не-администраторами - &lt;test&gt;" name="РегистрСведений.ЗаданияКЗакрытиюМесяца: Проверка доступа на Чтение Не-Администраторами - &lt;test&gt;" time="0.015" status="passed"/>
			<testcase classname="Проверка чтения не-администраторами - &lt;test&gt;" name="РегистрСведений.ОчередьСобытийДляОповещенийКлиентам: Проверка доступа на Чтение Не-Администраторами - &lt;test&gt;" time="0.063" status="failure">
				<failure message="[Failed] Ожидали, что проверяемое значение (Ложь) является ИСТИНОЙ.
РегистрСведений.ОчередьСобытийДляОповещенийКлиентам недоступно для чтения ролями без привилегий
{ВнешняяОбработка.УтвержденияBDD.МодульОбъекта(293)}:	ВызватьИсключение Префикс + &quot; &quot; + СообщениеОшибки;
{ВнешняяОбработка.УтвержденияBDD.МодульОбъекта(46)}:		ВызватьОшибкуПроверки(СообщениеОшибки);
{ВнешняяОбработка.УтвержденияBDD.МодульОбъекта(53)}:	Возврат ЭтоИстина();
{ВнешняяОбработка.ПроверкаЧтенияНеАдминистраторами.МодульОбъекта(100)}:	Ожидаем.Что(ЧтениеДоступно, ПолноеИмяМетаданного + &quot; недоступно для чтения ролями без привилегий&quot;).ЕстьИстина();
{(1)}:КонтекстВыполнения.Тест_ПроверитьНеАдминистраторскиеПраваНаЧтение(Параметры[0],Параметры[1]);
{ВнешняяОбработка.xddTestRunner.МодульОбъекта(337)}:	Выполнить(ИcполняемыйКод);
{ВнешняяОбработка.xddTestRunner.МодульОбъекта(261)}:			ВыполнитьПроцедуруКонтекста(КонтекстВыполнения, ЭлементДереваТестов.ИмяМетода, ЭлементДереваТестов.Параметры);
{ВнешняяОбработка.xddTestRunner.Форма.УправляемаяФорма.Форма(913)}:	РезультатТестирования = ОбъектНаСервере.ВыполнитьТестовыйМетод(КонтекстВыполнения, ЭлементДереваТестов);
"/>
			</testcase>
			<testcase classname="Проверка чтения не-администраторами - &lt;test&gt;" name="Документ.ПланПродажПоКатегориям: Проверка доступа на Чтение Не-Администраторами - &lt;test&gt;" time="0.031" status="passed"/>
			<testcase classname="Проверка чтения не-администраторами - &lt;test&gt;" name="Справочник.УдалитьВидыДоходовПоСтраховымВзносам: Проверка доступа на Чтение Не-Администраторами - &lt;test&gt;" time="0.031" status="passed"/>
			<testcase classname="Проверка чтения не-администраторами - &lt;test&gt;" name="РегистрСведений.ОчередьРасчетаПлановыхКалькуляций: Проверка доступа на Чтение Не-Администраторами - &lt;test&gt;" time="0.062" status="failure">
				<failure message="[Failed] Ожидали, что проверяемое значение (Ложь) является ИСТИНОЙ.
РегистрСведений.ОчередьРасчетаПлановыхКалькуляций недоступно для чтения ролями без привилегий
{ВнешняяОбработка.УтвержденияBDD.МодульОбъекта(293)}:	ВызватьИсключение Префикс + &quot; &quot; + СообщениеОшибки;
{ВнешняяОбработка.УтвержденияBDD.МодульОбъекта(46)}:		ВызватьОшибкуПроверки(СообщениеОшибки);
{ВнешняяОбработка.УтвержденияBDD.МодульОбъекта(53)}:	Возврат ЭтоИстина();
{ВнешняяОбработка.ПроверкаЧтенияНеАдминистраторами.МодульОбъекта(100)}:	Ожидаем.Что(ЧтениеДоступно, ПолноеИмяМетаданного + &quot; недоступно для чтения ролями без привилегий&quot;).ЕстьИстина();
{(1)}:КонтекстВыполнения.Тест_ПроверитьНеАдминистраторскиеПраваНаЧтение(Параметры[0],Параметры[1]);
{ВнешняяОбработка.xddTestRunner.МодульОбъекта(337)}:	Выполнить(ИcполняемыйКод);
{ВнешняяОбработка.xddTestRunner.МодульОбъекта(261)}:			ВыполнитьПроцедуруКонтекста(КонтекстВыполнения, ЭлементДереваТестов.ИмяМетода, ЭлементДереваТестов.Параметры);
{ВнешняяОбработка.xddTestRunner.Форма.УправляемаяФорма.Форма(913)}:	РезультатТестирования = ОбъектНаСервере.ВыполнитьТестовыйМетод(КонтекстВыполнения, ЭлементДереваТестов);
"/>
			</testcase>
			<testcase classname="Проверка чтения не-администраторами - &lt;test&gt;" name="Справочник.ВстречаПрисоединенныеФайлы: Проверка доступа на Чтение Не-Администраторами - &lt;test&gt;" time="0" status="passed"/>
			<testcase classname="Проверка чтения не-администраторами - &lt;test&gt;" name="Константа.КаталогОбменаФайламиВМоделиСервиса: Проверка доступа на Чтение Не-Администраторами - &lt;test&gt;" time="0.015" status="passed"/>
			<testcase classname="Проверка чтения не-администраторами - &lt;test&gt;" name="РегистрСведений.УдалитьНастройкиОбменаФСС: Проверка доступа на Чтение Не-Администраторами - &lt;test&gt;" time="0.047" status="failure">
				<failure message="[Failed] Ожидали, что проверяемое значение (Ложь) является ИСТИНОЙ.
РегистрСведений.УдалитьНастройкиОбменаФСС недоступно для чтения ролями без привилегий
{ВнешняяОбработка.УтвержденияBDD.МодульОбъекта(293)}:	ВызватьИсключение Префикс + &quot; &quot; + СообщениеОшибки;
{ВнешняяОбработка.УтвержденияBDD.МодульОбъекта(46)}:		ВызватьОшибкуПроверки(СообщениеОшибки);
{ВнешняяОбработка.УтвержденияBDD.МодульОбъекта(53)}:	Возврат ЭтоИстина();
{ВнешняяОбработка.ПроверкаЧтенияНеАдминистраторами.МодульОбъекта(100)}:	Ожидаем.Что(ЧтениеДоступно, ПолноеИмяМетаданного + &quot; недоступно для чтения ролями без привилегий&quot;).ЕстьИстина();
{(1)}:КонтекстВыполнения.Тест_ПроверитьНеАдминистраторскиеПраваНаЧтение(Параметры[0],Параметры[1]);
{ВнешняяОбработка.xddTestRunner.МодульОбъекта(337)}:	Выполнить(ИcполняемыйКод);
{ВнешняяОбработка.xddTestRunner.МодульОбъекта(261)}:			ВыполнитьПроцедуруКонтекста(КонтекстВыполнения, ЭлементДереваТестов.ИмяМетода, ЭлементДереваТестов.Параметры);
{ВнешняяОбработка.xddTestRunner.Форма.УправляемаяФорма.Форма(913)}:	РезультатТестирования = ОбъектНаСервере.ВыполнитьТестовыйМетод(КонтекстВыполнения, ЭлементДереваТестов);
"/>
			</testcase>
			<testcase classname="Проверка чтения не-администраторами - &lt;test&gt;" name="Документ.ИнвентаризацияНМА: Проверка доступа на Чтение Не-Администраторами - &lt;test&gt;" time="0" status="passed"/>
			<testcase classname="Проверка чтения не-администраторами - &lt;test&gt;" name="Документ.РасходныйКассовыйОрдер: Проверка доступа на Чтение Не-Администраторами - &lt;test&gt;" time="0" status="passed"/>
			<testcase classname="Проверка чтения не-администраторами - &lt;test&gt;" name="Справочник.ТОРО_ТипыОбосновывающихМатериаловИП: Проверка доступа на Чтение Не-Администраторами - &lt;test&gt;" time="0.032" status="passed"/>
			<testcase classname="Проверка чтения не-администраторами - &lt;test&gt;" name="РегистрСведений.ПлановыеНачисленияИнтервальный: Проверка доступа на Чтение Не-Администраторами - &lt;test&gt;" time="0" status="passed"/>
			<testcase classname="Проверка чтения не-администраторами - &lt;test&gt;" name="РегистрСведений.СуммыДокументовВВалютеРегл: Проверка доступа на Чтение Не-Администраторами - &lt;test&gt;" time="0.016" status="passed"/>
			<testcase classname="Проверка чтения не-администраторами - &lt;test&gt;" name="РегистрСведений.ТОРО_АналогиМоделейКОиМ: Проверка доступа на Чтение Не-Администраторами - &lt;test&gt;" time="0.016" status="passed"/>
			<testcase classname="Проверка чтения не-администраторами - &lt;test&gt;" name="Константа.ИспользоватьИндивидуальныеСоглашенияСКлиентами: Проверка доступа на Чтение Не-Администраторами - &lt;test&gt;" time="0" status="passed"/>
			<testcase classname="Проверка чтения не-администраторами - &lt;test&gt;" name="Константа.ИспользоватьПодключаемоеОборудованиеИОплатуПлатежнымиКартами: Проверка доступа на Чтение Не-Администраторами - &lt;test&gt;" time="0" status="passed"/>
			<testcase classname="Проверка чтения не-администраторами - &lt;test&gt;" name="Документ.РеестрСчетовФактурПоставщика: Проверка доступа на Чтение Не-Администраторами - &lt;test&gt;" time="0.015" status="passed"/>
			<testcase classname="Проверка чтения не-администраторами - &lt;test&gt;" name="Документ.РегистраторГрафикаДвиженияТоваров: Проверка доступа на Чтение Не-Администраторами - &lt;test&gt;" time="0.016" status="passed"/>
			<testcase classname="Проверка чтения не-администраторами - &lt;test&gt;" name="Константа.ОсновнойКалендарьПредприятия: Проверка доступа на Чтение Не-Администраторами - &lt;test&gt;" time="0" status="passed"/>
			<testcase classname="Проверка чтения не-администраторами - &lt;test&gt;" name="Константа.ТОРО_ПериодПланированияАварийногоЗапаса: Проверка доступа на Чтение Не-Администраторами - &lt;test&gt;" time="0.016" status="passed"/>
			<testcase classname="Проверка чтения не-администраторами - &lt;test&gt;" name="ПланВидовХарактеристик.ВидыСубконтоХозрасчетные: Проверка доступа на Чтение Не-Администраторами - &lt;test&gt;" time="0" status="passed"/>
			<testcase classname="Проверка чтения не-администраторами - &lt;test&gt;" name="РегистрСведений.ГрафикОплатЛизинга: Проверка доступа на Чтение Не-Администраторами - &lt;test&gt;" time="0" status="passed"/>
			<testcase classname="Проверка чтения не-администраторами - &lt;test&gt;" name="Справочник.ДоговорРаботыУслугиПрисоединенныеФайлы: Проверка доступа на Чтение Не-Администраторами - &lt;test&gt;" time="0.016" status="passed"/>
			<testcase classname="Проверка чтения не-администраторами - &lt;test&gt;" name="Документ.УдалитьКассоваяСмена: Проверка доступа на Чтение Не-Администраторами - &lt;test&gt;" time="0.064" status="failure">
				<failure message="[Failed] Ожидали, что проверяемое значение (Ложь) является ИСТИНОЙ.
Документ.УдалитьКассоваяСмена недоступно для чтения ролями без привилегий
{ВнешняяОбработка.УтвержденияBDD.МодульОбъекта(293)}:	ВызватьИсключение Префикс + &quot; &quot; + СообщениеОшибки;
{ВнешняяОбработка.УтвержденияBDD.МодульОбъекта(46)}:		ВызватьОшибкуПроверки(СообщениеОшибки);
{ВнешняяОбработка.УтвержденияBDD.МодульОбъекта(53)}:	Возврат ЭтоИстина();
{ВнешняяОбработка.ПроверкаЧтенияНеАдминистраторами.МодульОбъекта(100)}:	Ожидаем.Что(ЧтениеДоступно, ПолноеИмяМетаданного + &quot; недоступно для чтения ролями без привилегий&quot;).ЕстьИстина();
{(1)}:КонтекстВыполнения.Тест_ПроверитьНеАдминистраторскиеПраваНаЧтение(Параметры[0],Параметры[1]);
{ВнешняяОбработка.xddTestRunner.МодульОбъекта(337)}:	Выполнить(ИcполняемыйКод);
{ВнешняяОбработка.xddTestRunner.МодульОбъекта(261)}:			ВыполнитьПроцедуруКонтекста(КонтекстВыполнения, ЭлементДереваТестов.ИмяМетода, ЭлементДереваТестов.Параметры);
{ВнешняяОбработка.xddTestRunner.Форма.УправляемаяФорма.Форма(913)}:	РезультатТестирования = ОбъектНаСервере.ВыполнитьТестовыйМетод(КонтекстВыполнения, ЭлементДереваТестов);
"/>
			</testcase>
			<testcase classname="Проверка чтения не-администраторами - &lt;test&gt;" name="РегистрСведений.ОбластиТребующиеОбработкиПоставляемыхДанных: Проверка доступа на Чтение Не-Администраторами - &lt;test&gt;" time="0.032" status="passed"/>
			<testcase classname="Проверка чтения не-администраторами - &lt;test&gt;" name="Документ.НазначениеПлановогоНачисления: Проверка доступа на Чтение Не-Администраторами - &lt;test&gt;" time="0" status="passed"/>
			<testcase classname="Проверка чтения не-администраторами - &lt;test&gt;" name="Константа.ПоддержкаРезервногоКопирования: Проверка доступа на Чтение Не-Администраторами - &lt;test&gt;" time="0" status="passed"/>
			<testcase classname="Проверка чтения не-администраторами - &lt;test&gt;" name="РегистрСведений.ОтключенныеЛентыНовостей: Проверка доступа на Чтение Не-Администраторами - &lt;test&gt;" time="0.016" status="passed"/>
			<testcase classname="Проверка чтения не-администраторами - &lt;test&gt;" name="РегистрСведений.ИдентификационныеДанныеПользователей: Проверка доступа на Чтение Не-Администраторами - &lt;test&gt;" time="0.047" status="failure">
				<failure message="[Failed] Ожидали, что проверяемое значение (Ложь) является ИСТИНОЙ.
РегистрСведений.ИдентификационныеДанныеПользователей недоступно для чтения ролями без привилегий
{ВнешняяОбработка.УтвержденияBDD.МодульОбъекта(293)}:	ВызватьИсключение Префикс + &quot; &quot; + СообщениеОшибки;
{ВнешняяОбработка.УтвержденияBDD.МодульОбъекта(46)}:		ВызватьОшибкуПроверки(СообщениеОшибки);
{ВнешняяОбработка.УтвержденияBDD.МодульОбъекта(53)}:	Возврат ЭтоИстина();
{ВнешняяОбработка.ПроверкаЧтенияНеАдминистраторами.МодульОбъекта(100)}:	Ожидаем.Что(ЧтениеДоступно, ПолноеИмяМетаданного + &quot; недоступно для чтения ролями без привилегий&quot;).ЕстьИстина();
{(1)}:КонтекстВыполнения.Тест_ПроверитьНеАдминистраторскиеПраваНаЧтение(Параметры[0],Параметры[1]);
{ВнешняяОбработка.xddTestRunner.МодульОбъекта(337)}:	Выполнить(ИcполняемыйКод);
{ВнешняяОбработка.xddTestRunner.МодульОбъекта(261)}:			ВыполнитьПроцедуруКонтекста(КонтекстВыполнения, ЭлементДереваТестов.ИмяМетода, ЭлементДереваТестов.Параметры);
{ВнешняяОбработка.xddTestRunner.Форма.УправляемаяФорма.Форма(913)}:	РезультатТестирования = ОбъектНаСервере.ВыполнитьТестовыйМетод(КонтекстВыполнения, ЭлементДереваТестов);
"/>
			</testcase>
			<testcase classname="Проверка чтения не-администраторами - &lt;test&gt;" name="Справочник.ВидыЦенПоставщиков: Проверка доступа на Чтение Не-Администраторами - &lt;test&gt;" time="0.031" status="passed"/>
			<testcase classname="Проверка чтения не-администраторами - &lt;test&gt;" name="РегистрНакопления.ТрудозатратыНезавершенногоПроизводства: Проверка доступа на Чтение Не-Администраторами - &lt;test&gt;" time="0.016" status="passed"/>
			<testcase classname="Проверка чтения не-администраторами - &lt;test&gt;" name="Справочник.ТОРО_АктПриемаПередачиМестаПроизводстваРаботПрисоединенныеФайлы: Проверка доступа на Чтение Не-Администраторами - &lt;test&gt;" time="0.016" status="passed"/>
			<testcase classname="Проверка чтения не-администраторами - &lt;test&gt;" name="РегистрСведений.ТОРО_ИсторияИТСЕО: Проверка доступа на Чтение Не-Администраторами - &lt;test&gt;" time="0.031" status="passed"/>
			<testcase classname="Проверка чтения не-администраторами - &lt;test&gt;" name="Справочник.ТОРО_ТипыУчетныхДокументов: Проверка доступа на Чтение Не-Администраторами - &lt;test&gt;" time="0.015" status="passed"/>
			<testcase classname="Проверка чтения не-администраторами - &lt;test&gt;" name="РегистрСведений.ЗагруженныеВерсииАдресныхСведений: Проверка доступа на Чтение Не-Администраторами - &lt;test&gt;" time="0.016" status="passed"/>
			<testcase classname="Проверка чтения не-администраторами - &lt;test&gt;" name="Документ.ДвижениеПрочихАктивовПассивов: Проверка доступа на Чтение Не-Администраторами - &lt;test&gt;" time="0.016" status="passed"/>
			<testcase classname="Проверка чтения не-администраторами - &lt;test&gt;" name="Документ.АктПостановкиНаБалансЕГАИС: Проверка доступа на Чтение Не-Администраторами - &lt;test&gt;" time="0" status="passed"/>
			<testcase classname="Проверка чтения не-администраторами - &lt;test&gt;" name="Константа.ТОРО_АдресСервисаРезультатовТорговЕИСЗ: Проверка доступа на Чтение Не-Администраторами - &lt;test&gt;" time="0.016" status="passed"/>
			<testcase classname="Проверка чтения не-администраторами - &lt;test&gt;" name="РегистрСведений.ОчередьСообщенийОбменаСОфлайнОборудованием: Проверка доступа на Чтение Не-Администраторами - &lt;test&gt;" time="0.047" status="failure">
				<failure message="[Failed] Ожидали, что проверяемое значение (Ложь) является ИСТИНОЙ.
РегистрСведений.ОчередьСообщенийОбменаСОфлайнОборудованием недоступно для чтения ролями без привилегий
{ВнешняяОбработка.УтвержденияBDD.МодульОбъекта(293)}:	ВызватьИсключение Префикс + &quot; &quot; + СообщениеОшибки;
{ВнешняяОбработка.УтвержденияBDD.МодульОбъекта(46)}:		ВызватьОшибкуПроверки(СообщениеОшибки);
{ВнешняяОбработка.УтвержденияBDD.МодульОбъекта(53)}:	Возврат ЭтоИстина();
{ВнешняяОбработка.ПроверкаЧтенияНеАдминистраторами.МодульОбъекта(100)}:	Ожидаем.Что(ЧтениеДоступно, ПолноеИмяМетаданного + &quot; недоступно для чтения ролями без привилегий&quot;).ЕстьИстина();
{(1)}:КонтекстВыполнения.Тест_ПроверитьНеАдминистраторскиеПраваНаЧтение(Параметры[0],Параметры[1]);
{ВнешняяОбработка.xddTestRunner.МодульОбъекта(337)}:	Выполнить(ИcполняемыйКод);
{ВнешняяОбработка.xddTestRunner.МодульОбъекта(261)}:			ВыполнитьПроцедуруКонтекста(КонтекстВыполнения, ЭлементДереваТестов.ИмяМетода, ЭлементДереваТестов.Параметры);
{ВнешняяОбработка.xddTestRunner.Форма.УправляемаяФорма.Форма(913)}:	РезультатТестирования = ОбъектНаСервере.ВыполнитьТестовыйМетод(КонтекстВыполнения, ЭлементДереваТестов);
"/>
			</testcase>
			<testcase classname="Проверка чтения не-администраторами - &lt;test&gt;" name="РегистрСведений.ПорядокОтраженияДоходов: Проверка доступа на Чтение Не-Администраторами - &lt;test&gt;" time="0.015" status="passed"/>
			<testcase classname="Проверка чтения не-администраторами - &lt;test&gt;" name="Константа.ПрефиксОбластиДанных: Проверка доступа на Чтение Не-Администраторами - &lt;test&gt;" time="0" status="passed"/>
			<testcase classname="Проверка чтения не-администраторами - &lt;test&gt;" name="Справочник.ВидыСтажа: Проверка доступа на Чтение Не-Администраторами - &lt;test&gt;" time="0" status="passed"/>
			<testcase classname="Проверка чтения не-администраторами - &lt;test&gt;" name="Константа.ИспользоватьНаборы: Проверка доступа на Чтение Не-Администраторами - &lt;test&gt;" time="0.016" status="passed"/>
			<testcase classname="Проверка чтения не-администраторами - &lt;test&gt;" name="РегистрНакопления.ЗначенияОперативныхПоказателейРасчетаЗарплатыОрганизаций: Проверка доступа на Чтение Не-Администраторами - &lt;test&gt;" time="0" status="passed"/>
			<testcase classname="Проверка чтения не-администраторами - &lt;test&gt;" name="Константа.ИспользоватьБизнесПроцессыИЗадачи: Проверка доступа на Чтение Не-Администраторами - &lt;test&gt;" time="0" status="passed"/>
			<testcase classname="Проверка чтения не-администраторами - &lt;test&gt;" name="РегистрСведений.РазрешенныеДляРедактированияЛентыНовостей: Проверка доступа на Чтение Не-Администраторами - &lt;test&gt;" time="0.015" status="passed"/>
			<testcase classname="Проверка чтения не-администраторами - &lt;test&gt;" name="Документ.ПринятиеКУчетуОС2_4: Проверка доступа на Чтение Не-Администраторами - &lt;test&gt;" time="0.016" status="passed"/>
			<testcase classname="Проверка чтения не-администраторами - &lt;test&gt;" name="РегистрНакопления.РасчетыСПоставщикамиПланОплат: Проверка доступа на Чтение Не-Администраторами - &lt;test&gt;" time="0.016" status="passed"/>
			<testcase classname="Проверка чтения не-администраторами - &lt;test&gt;" name="РегистрНакопления.ЗадолженностьПоУдержаниямФизическихЛиц: Проверка доступа на Чтение Не-Администраторами - &lt;test&gt;" time="0" status="passed"/>
			<testcase classname="Проверка чтения не-администраторами - &lt;test&gt;" name="РегистрСведений.ЗаданияКРасчетуОчередиПроизводственныхОпераций: Проверка доступа на Чтение Не-Администраторами - &lt;test&gt;" time="0.063" status="failure">
				<failure message="[Failed] Ожидали, что проверяемое значение (Ложь) является ИСТИНОЙ.
РегистрСведений.ЗаданияКРасчетуОчередиПроизводственныхОпераций недоступно для чтения ролями без привилегий
{ВнешняяОбработка.УтвержденияBDD.МодульОбъекта(293)}:	ВызватьИсключение Префикс + &quot; &quot; + СообщениеОшибки;
{ВнешняяОбработка.УтвержденияBDD.МодульОбъекта(46)}:		ВызватьОшибкуПроверки(СообщениеОшибки);
{ВнешняяОбработка.УтвержденияBDD.МодульОбъекта(53)}:	Возврат ЭтоИстина();
{ВнешняяОбработка.ПроверкаЧтенияНеАдминистраторами.МодульОбъекта(100)}:	Ожидаем.Что(ЧтениеДоступно, ПолноеИмяМетаданного + &quot; недоступно для чтения ролями без привилегий&quot;).ЕстьИстина();
{(1)}:КонтекстВыполнения.Тест_ПроверитьНеАдминистраторскиеПраваНаЧтение(Параметры[0],Параметры[1]);
{ВнешняяОбработка.xddTestRunner.МодульОбъекта(337)}:	Выполнить(ИcполняемыйКод);
{ВнешняяОбработка.xddTestRunner.МодульОбъекта(261)}:			ВыполнитьПроцедуруКонтекста(КонтекстВыполнения, ЭлементДереваТестов.ИмяМетода, ЭлементДереваТестов.Параметры);
{ВнешняяОбработка.xddTestRunner.Форма.УправляемаяФорма.Форма(913)}:	РезультатТестирования = ОбъектНаСервере.ВыполнитьТестовыйМетод(КонтекстВыполнения, ЭлементДереваТестов);
"/>
			</testcase>
			<testcase classname="Проверка чтения не-администраторами - &lt;test&gt;" name="Константа.РазрешитьВыполнениеДОИОРегламентнымиЗаданиямиВМоделиСервиса: Проверка доступа на Чтение Не-Администраторами - &lt;test&gt;" time="0.016" status="passed"/>
			<testcase classname="Проверка чтения не-администраторами - &lt;test&gt;" name="РегистрСведений.ТОРО_СведенияПоЗаказам: Проверка доступа на Чтение Не-Администраторами - &lt;test&gt;" time="0.016" status="passed"/>
			<testcase classname="Проверка чтения не-администраторами - &lt;test&gt;" name="Константа.ПокупкаТоваровОблагаемыхНДСУПокупателя: Проверка доступа на Чтение Не-Администраторами - &lt;test&gt;" time="0.015" status="passed"/>
			<testcase classname="Проверка чтения не-администраторами - &lt;test&gt;" name="РегистрСведений.ОтборыПоЛентамНовостейДляОбластиДанных: Проверка доступа на Чтение Не-Администраторами - &lt;test&gt;" time="0.016" status="passed"/>
			<testcase classname="Проверка чтения не-администраторами - &lt;test&gt;" name="Константа.ФиксироватьПретензииКлиентов: Проверка доступа на Чтение Не-Администраторами - &lt;test&gt;" time="0" status="passed"/>
			<testcase classname="Проверка чтения не-администраторами - &lt;test&gt;" name="РегистрСведений.ПутиКПрограммамЭлектроннойПодписиИШифрованияНаСерверахLinux: Проверка доступа на Чтение Не-Администраторами - &lt;test&gt;" time="0.016" status="passed"/>
			<testcase classname="Проверка чтения не-администраторами - &lt;test&gt;" name="РегистрСведений.КоэффициентыРаспределенияСреднегоЗаработка: Проверка доступа на Чтение Не-Администраторами - &lt;test&gt;" time="0.063" status="failure">
				<failure message="[Failed] Ожидали, что проверяемое значение (Ложь) является ИСТИНОЙ.
РегистрСведений.КоэффициентыРаспределенияСреднегоЗаработка недоступно для чтения ролями без привилегий
{ВнешняяОбработка.УтвержденияBDD.МодульОбъекта(293)}:	ВызватьИсключение Префикс + &quot; &quot; + СообщениеОшибки;
{ВнешняяОбработка.УтвержденияBDD.МодульОбъекта(46)}:		ВызватьОшибкуПроверки(СообщениеОшибки);
{ВнешняяОбработка.УтвержденияBDD.МодульОбъекта(53)}:	Возврат ЭтоИстина();
{ВнешняяОбработка.ПроверкаЧтенияНеАдминистраторами.МодульОбъекта(100)}:	Ожидаем.Что(ЧтениеДоступно, ПолноеИмяМетаданного + &quot; недоступно для чтения ролями без привилегий&quot;).ЕстьИстина();
{(1)}:КонтекстВыполнения.Тест_ПроверитьНеАдминистраторскиеПраваНаЧтение(Параметры[0],Параметры[1]);
{ВнешняяОбработка.xddTestRunner.МодульОбъекта(337)}:	Выполнить(ИcполняемыйКод);
{ВнешняяОбработка.xddTestRunner.МодульОбъекта(261)}:			ВыполнитьПроцедуруКонтекста(КонтекстВыполнения, ЭлементДереваТестов.ИмяМетода, ЭлементДереваТестов.Параметры);
{ВнешняяОбработка.xddTestRunner.Форма.УправляемаяФорма.Форма(913)}:	РезультатТестирования = ОбъектНаСервере.ВыполнитьТестовыйМетод(КонтекстВыполнения, ЭлементДереваТестов);
"/>
			</testcase>
			<testcase classname="Проверка чтения не-администраторами - &lt;test&gt;" name="РегистрСведений.ТОРО_РИСЭнергосубъекта: Проверка доступа на Чтение Не-Администраторами - &lt;test&gt;" time="0.063" status="failure">
				<failure message="[Failed] Ожидали, что проверяемое значение (Ложь) является ИСТИНОЙ.
РегистрСведений.ТОРО_РИСЭнергосубъекта недоступно для чтения ролями без привилегий
{ВнешняяОбработка.УтвержденияBDD.МодульОбъекта(293)}:	ВызватьИсключение Префикс + &quot; &quot; + СообщениеОшибки;
{ВнешняяОбработка.УтвержденияBDD.МодульОбъекта(46)}:		ВызватьОшибкуПроверки(СообщениеОшибки);
{ВнешняяОбработка.УтвержденияBDD.МодульОбъекта(53)}:	Возврат ЭтоИстина();
{ВнешняяОбработка.ПроверкаЧтенияНеАдминистраторами.МодульОбъекта(100)}:	Ожидаем.Что(ЧтениеДоступно, ПолноеИмяМетаданного + &quot; недоступно для чтения ролями без привилегий&quot;).ЕстьИстина();
{(1)}:КонтекстВыполнения.Тест_ПроверитьНеАдминистраторскиеПраваНаЧтение(Параметры[0],Параметры[1]);
{ВнешняяОбработка.xddTestRunner.МодульОбъекта(337)}:	Выполнить(ИcполняемыйКод);
{ВнешняяОбработка.xddTestRunner.МодульОбъекта(261)}:			ВыполнитьПроцедуруКонтекста(КонтекстВыполнения, ЭлементДереваТестов.ИмяМетода, ЭлементДереваТестов.Параметры);
{ВнешняяОбработка.xddTestRunner.Форма.УправляемаяФорма.Форма(913)}:	РезультатТестирования = ОбъектНаСервере.ВыполнитьТестовыйМетод(КонтекстВыполнения, ЭлементДереваТестов);
"/>
			</testcase>
			<testcase classname="Проверка чтения не-администраторами - &lt;test&gt;" name="Справочник.СпособыВыплатыЗарплаты: Проверка доступа на Чтение Не-Администраторами - &lt;test&gt;" time="0" status="passed"/>
			<testcase classname="Проверка чтения не-администраторами - &lt;test&gt;" name="РегистрСведений.ДатыОбновленияСтандартныхСписковНовостей: Проверка доступа на Чтение Не-Администраторами - &lt;test&gt;" time="0.016" status="passed"/>
			<testcase classname="Проверка чтения не-администраторами - &lt;test&gt;" name="РегистрНакопления.ДоступностьВидовРабочихЦентров: Проверка доступа на Чтение Не-Администраторами - &lt;test&gt;" time="0.031" status="passed"/>
			<testcase classname="Проверка чтения не-администраторами - &lt;test&gt;" name="РегистрСведений.ТОРО_ШтрихкодыПечатныхФорм: Проверка доступа на Чтение Не-Администраторами - &lt;test&gt;" time="0.015" status="passed"/>
			<testcase classname="Проверка чтения не-администраторами - &lt;test&gt;" name="Константа.ИспользоватьАвтоматическуюОтправкуПолучениеДанныхЕГАИС: Проверка доступа на Чтение Не-Администраторами - &lt;test&gt;" time="0.016" status="passed"/>
			<testcase classname="Проверка чтения не-администраторами - &lt;test&gt;" name="РегистрСведений.ЖурналУчетаСчетовФактур: Проверка доступа на Чтение Не-Администраторами - &lt;test&gt;" time="0" status="passed"/>
			<testcase classname="Проверка чтения не-администраторами - &lt;test&gt;" name="Документ.ВыбытиеАрендованныхОС: Проверка доступа на Чтение Не-Администраторами - &lt;test&gt;" time="0.016" status="passed"/>
			<testcase classname="Проверка чтения не-администраторами - &lt;test&gt;" name="РегистрСведений.ПодтверждениеОплатыНДСВБюджет: Проверка доступа на Чтение Не-Администраторами - &lt;test&gt;" time="0" status="passed"/>
			<testcase classname="Проверка чтения не-администраторами - &lt;test&gt;" name="Константа.ИспользоватьБюджетныйПроцесс: Проверка доступа на Чтение Не-Администраторами - &lt;test&gt;" time="0" status="passed"/>
			<testcase classname="Проверка чтения не-администраторами - &lt;test&gt;" name="Документ.ПроизводствоБезЗаказа: Проверка доступа на Чтение Не-Администраторами - &lt;test&gt;" time="0" status="passed"/>
			<testcase classname="Проверка чтения не-администраторами - &lt;test&gt;" name="Константа.НомерПоследнегоПринятогоСообщенияДокументооборота: Проверка доступа на Чтение Не-Администраторами - &lt;test&gt;" time="0.015" status="passed"/>
			<testcase classname="Проверка чтения не-администраторами - &lt;test&gt;" name="Константа.СайтСоздан: Проверка доступа на Чтение Не-Администраторами - &lt;test&gt;" time="0.015" status="passed"/>
			<testcase classname="Проверка чтения не-администраторами - &lt;test&gt;" name="Документ.ДоговорАвторскогоЗаказа: Проверка доступа на Чтение Не-Администраторами - &lt;test&gt;" time="0" status="passed"/>
			<testcase classname="Проверка чтения не-администраторами - &lt;test&gt;" name="РегистрСведений.УсловияДоговораГПХ: Проверка доступа на Чтение Не-Администраторами - &lt;test&gt;" time="0" status="passed"/>
			<testcase classname="Проверка чтения не-администраторами - &lt;test&gt;" name="Справочник.ВидыОтпусков: Проверка доступа на Чтение Не-Администраторами - &lt;test&gt;" time="0" status="passed"/>
			<testcase classname="Проверка чтения не-администраторами - &lt;test&gt;" name="РегистрСведений.МестонахождениеОС: Проверка доступа на Чтение Не-Администраторами - &lt;test&gt;" time="0.031" status="passed"/>
			<testcase classname="Проверка чтения не-администраторами - &lt;test&gt;" name="Константа.ИспользоватьПодразделения: Проверка доступа на Чтение Не-Администраторами - &lt;test&gt;" time="0" status="passed"/>
			<testcase classname="Проверка чтения не-администраторами - &lt;test&gt;" name="Документ.СчетФактураКомиссионеру: Проверка доступа на Чтение Не-Администраторами - &lt;test&gt;" time="0" status="passed"/>
			<testcase classname="Проверка чтения не-администраторами - &lt;test&gt;" name="Документ.ПерерасчетСтраховыхВзносов: Проверка доступа на Чтение Не-Администраторами - &lt;test&gt;" time="0" status="passed"/>
			<testcase classname="Проверка чтения не-администраторами - &lt;test&gt;" name="РегистрСведений.СоответствиеНоменклатурыЕГАИС: Проверка доступа на Чтение Не-Администраторами - &lt;test&gt;" time="0" status="passed"/>
			<testcase classname="Проверка чтения не-администраторами - &lt;test&gt;" name="Константа.ИспользоватьРолиКонтактныхЛицПартнеров: Проверка доступа на Чтение Не-Администраторами - &lt;test&gt;" time="0.016" status="passed"/>
			<testcase classname="Проверка чтения не-администраторами - &lt;test&gt;" name="РегистрСведений.УведомленияОПрочтении: Проверка доступа на Чтение Не-Администраторами - &lt;test&gt;" time="0.015" status="passed"/>
			<testcase classname="Проверка чтения не-администраторами - &lt;test&gt;" name="Справочник.ЭлектронныеПредставленияРегламентированныхОтчетов: Проверка доступа на Чтение Не-Администраторами - &lt;test&gt;" time="0.015" status="passed"/>
			<testcase classname="Проверка чтения не-администраторами - &lt;test&gt;" name="Справочник.ТОРО_ЗаказНаТОиРПрисоединенныеФайлы: Проверка доступа на Чтение Не-Администраторами - &lt;test&gt;" time="0.015" status="passed"/>
			<testcase classname="Проверка чтения не-администраторами - &lt;test&gt;" name="РегистрНакопления.ДвижениеТоваров: Проверка доступа на Чтение Не-Администраторами - &lt;test&gt;" time="0.032" status="passed"/>
			<testcase classname="Проверка чтения не-администраторами - &lt;test&gt;" name="Справочник.НемонетарныеПоказатели: Проверка доступа на Чтение Не-Администраторами - &lt;test&gt;" time="0" status="passed"/>
			<testcase classname="Проверка чтения не-администраторами - &lt;test&gt;" name="Документ.ИсполнительныйЛист: Проверка доступа на Чтение Не-Администраторами - &lt;test&gt;" time="0" status="passed"/>
			<testcase classname="Проверка чтения не-администраторами - &lt;test&gt;" name="Справочник.АктОРасхожденияхПослеОтгрузкиПрисоединенныеФайлы: Проверка доступа на Чтение Не-Администраторами - &lt;test&gt;" time="0" status="passed"/>
			<testcase classname="Проверка чтения не-администраторами - &lt;test&gt;" name="РегистрСведений.РассчитанныеОтборыПоНовостям_РедкоМеняющиеся: Проверка доступа на Чтение Не-Администраторами - &lt;test&gt;" time="0.031" status="passed"/>
			<testcase classname="Проверка чтения не-администраторами - &lt;test&gt;" name="РегистрСведений.ИсторияЕжегодныхОтпусковПоШтатномуРасписанию: Проверка доступа на Чтение Не-Администраторами - &lt;test&gt;" time="0.015" status="passed"/>
			<testcase classname="Проверка чтения не-администраторами - &lt;test&gt;" name="Документ.УдалитьЗапросНаВыпискуИзЕГРЮЛ_ЕГРИП: Проверка доступа на Чтение Не-Администраторами - &lt;test&gt;" time="0.046" status="failure">
				<failure message="[Failed] Ожидали, что проверяемое значение (Ложь) является ИСТИНОЙ.
Документ.УдалитьЗапросНаВыпискуИзЕГРЮЛ_ЕГРИП недоступно для чтения ролями без привилегий
{ВнешняяОбработка.УтвержденияBDD.МодульОбъекта(293)}:	ВызватьИсключение Префикс + &quot; &quot; + СообщениеОшибки;
{ВнешняяОбработка.УтвержденияBDD.МодульОбъекта(46)}:		ВызватьОшибкуПроверки(СообщениеОшибки);
{ВнешняяОбработка.УтвержденияBDD.МодульОбъекта(53)}:	Возврат ЭтоИстина();
{ВнешняяОбработка.ПроверкаЧтенияНеАдминистраторами.МодульОбъекта(100)}:	Ожидаем.Что(ЧтениеДоступно, ПолноеИмяМетаданного + &quot; недоступно для чтения ролями без привилегий&quot;).ЕстьИстина();
{(1)}:КонтекстВыполнения.Тест_ПроверитьНеАдминистраторскиеПраваНаЧтение(Параметры[0],Параметры[1]);
{ВнешняяОбработка.xddTestRunner.МодульОбъекта(337)}:	Выполнить(ИcполняемыйКод);
{ВнешняяОбработка.xddTestRunner.МодульОбъекта(261)}:			ВыполнитьПроцедуруКонтекста(КонтекстВыполнения, ЭлементДереваТестов.ИмяМетода, ЭлементДереваТестов.Параметры);
{ВнешняяОбработка.xddTestRunner.Форма.УправляемаяФорма.Форма(913)}:	РезультатТестирования = ОбъектНаСервере.ВыполнитьТестовыйМетод(КонтекстВыполнения, ЭлементДереваТестов);
"/>
			</testcase>
			<testcase classname="Проверка чтения не-администраторами - &lt;test&gt;" name="Документ.СчетНаОплатуКлиенту: Проверка доступа на Чтение Не-Администраторами - &lt;test&gt;" time="0.015" status="passed"/>
			<testcase classname="Проверка чтения не-администраторами - &lt;test&gt;" name="Справочник.ТОРО_КлассификаторТехническихОбъектов: Проверка доступа на Чтение Не-Администраторами - &lt;test&gt;" time="0.016" status="passed"/>
			<testcase classname="Проверка чтения не-администраторами - &lt;test&gt;" name="Справочник.ТОРО_ПредписаниеНадзорногоОрганаПрисоединенныеФайлы: Проверка доступа на Чтение Не-Администраторами - &lt;test&gt;" time="0.016" status="passed"/>
			<testcase classname="Проверка чтения не-администраторами - &lt;test&gt;" name="РегистрСведений.БухучетРаспределениеОсновногоЗаработка: Проверка доступа на Чтение Не-Администраторами - &lt;test&gt;" time="0" status="passed"/>
			<testcase classname="Проверка чтения не-администраторами - &lt;test&gt;" name="Справочник.ПачкаДокументовАДВ_3ПрисоединенныеФайлы: Проверка доступа на Чтение Не-Администраторами - &lt;test&gt;" time="0" status="passed"/>
			<testcase classname="Проверка чтения не-администраторами - &lt;test&gt;" name="РегистрСведений.ИсторияАдресныхОбъектов: Проверка доступа на Чтение Не-Администраторами - &lt;test&gt;" time="0" status="passed"/>
			<testcase classname="Проверка чтения не-администраторами - &lt;test&gt;" name="РегистрСведений.НастройкиЗаймовСотрудникам: Проверка доступа на Чтение Не-Администраторами - &lt;test&gt;" time="0" status="passed"/>
			<testcase classname="Проверка чтения не-администраторами - &lt;test&gt;" name="РегистрСведений.ABCXYZКлассификацияКлиентов: Проверка доступа на Чтение Не-Администраторами - &lt;test&gt;" time="0" status="passed"/>
			<testcase classname="Проверка чтения не-администраторами - &lt;test&gt;" name="РегистрСведений.УсловияОплатыОтпускаПоУходуЗаРебенком: Проверка доступа на Чтение Не-Администраторами - &lt;test&gt;" time="0" status="passed"/>
			<testcase classname="Проверка чтения не-администраторами - &lt;test&gt;" name="Константа.ВариантОбособленияМатериаловВПроизводстве: Проверка доступа на Чтение Не-Администраторами - &lt;test&gt;" time="0" status="passed"/>
			<testcase classname="Проверка чтения не-администраторами - &lt;test&gt;" name="Справочник.УдалитьОсобыеУсловияТрудаДляСЗВКПФР: Проверка доступа на Чтение Не-Администраторами - &lt;test&gt;" time="0.031" status="passed"/>
			<testcase classname="Проверка чтения не-администраторами - &lt;test&gt;" name="Константа.РаботаВБюджетномУчреждении: Проверка доступа на Чтение Не-Администраторами - &lt;test&gt;" time="0" status="passed"/>
			<testcase classname="Проверка чтения не-администраторами - &lt;test&gt;" name="Константа.ИспользоватьИмпортныеЗакупки: Проверка доступа на Чтение Не-Администраторами - &lt;test&gt;" time="0" status="passed"/>
			<testcase classname="Проверка чтения не-администраторами - &lt;test&gt;" name="Константа.ИспользоватьВнутреннееСогласованиеКоммерческихПредложений: Проверка доступа на Чтение Не-Администраторами - &lt;test&gt;" time="0" status="passed"/>
			<testcase classname="Проверка чтения не-администраторами - &lt;test&gt;" name="РегистрСведений.СчетчикВыгрузокОтчетностиВБанк: Проверка доступа на Чтение Не-Администраторами - &lt;test&gt;" time="0.016" status="passed"/>
			<testcase classname="Проверка чтения не-администраторами - &lt;test&gt;" name="РегистрСведений.ЗначенияТарифов: Проверка доступа на Чтение Не-Администраторами - &lt;test&gt;" time="0" status="passed"/>
			<testcase classname="Проверка чтения не-администраторами - &lt;test&gt;" name="РегистрСведений.СостоянияПлановыхКалькуляций: Проверка доступа на Чтение Не-Администраторами - &lt;test&gt;" time="0.016" status="passed"/>
			<testcase classname="Проверка чтения не-администраторами - &lt;test&gt;" name="Справочник.СчетФактураПолученныйПрисоединенныеФайлы: Проверка доступа на Чтение Не-Администраторами - &lt;test&gt;" time="0" status="passed"/>
			<testcase classname="Проверка чтения не-администраторами - &lt;test&gt;" name="РегистрСведений.ОплаченныеДоговоры: Проверка доступа на Чтение Не-Администраторами - &lt;test&gt;" time="0" status="passed"/>
			<testcase classname="Проверка чтения не-администраторами - &lt;test&gt;" name="РегистрСведений.ПользовательскиеНастройкиДоступаКОбработкам: Проверка доступа на Чтение Не-Администраторами - &lt;test&gt;" time="0" status="passed"/>
			<testcase classname="Проверка чтения не-администраторами - &lt;test&gt;" name="РегистрСведений.УдалитьСреднемесячныеНормыВремениГрафиковРаботыСотрудников: Проверка доступа на Чтение Не-Администраторами - &lt;test&gt;" time="0.062" status="failure">
				<failure message="[Failed] Ожидали, что проверяемое значение (Ложь) является ИСТИНОЙ.
РегистрСведений.УдалитьСреднемесячныеНормыВремениГрафиковРаботыСотрудников недоступно для чтения ролями без привилегий
{ВнешняяОбработка.УтвержденияBDD.МодульОбъекта(293)}:	ВызватьИсключение Префикс + &quot; &quot; + СообщениеОшибки;
{ВнешняяОбработка.УтвержденияBDD.МодульОбъекта(46)}:		ВызватьОшибкуПроверки(СообщениеОшибки);
{ВнешняяОбработка.УтвержденияBDD.МодульОбъекта(53)}:	Возврат ЭтоИстина();
{ВнешняяОбработка.ПроверкаЧтенияНеАдминистраторами.МодульОбъекта(100)}:	Ожидаем.Что(ЧтениеДоступно, ПолноеИмяМетаданного + &quot; недоступно для чтения ролями без привилегий&quot;).ЕстьИстина();
{(1)}:КонтекстВыполнения.Тест_ПроверитьНеАдминистраторскиеПраваНаЧтение(Параметры[0],Параметры[1]);
{ВнешняяОбработка.xddTestRunner.МодульОбъекта(337)}:	Выполнить(ИcполняемыйКод);
{ВнешняяОбработка.xddTestRunner.МодульОбъекта(261)}:			ВыполнитьПроцедуруКонтекста(КонтекстВыполнения, ЭлементДереваТестов.ИмяМетода, ЭлементДереваТестов.Параметры);
{ВнешняяОбработка.xddTestRunner.Форма.УправляемаяФорма.Форма(913)}:	РезультатТестирования = ОбъектНаСервере.ВыполнитьТестовыйМетод(КонтекстВыполнения, ЭлементДереваТестов);
"/>
			</testcase>
			<testcase classname="Проверка чтения не-администраторами - &lt;test&gt;" name="Документ.ВходящаяТранспортнаяОперацияВЕТИС: Проверка доступа на Чтение Не-Администраторами - &lt;test&gt;" time="0.016" status="passed"/>
			<testcase classname="Проверка чтения не-администраторами - &lt;test&gt;" name="РегистрСведений.МестаВыплатыЗарплатыПодразделений: Проверка доступа на Чтение Не-Администраторами - &lt;test&gt;" time="0.016" status="passed"/>
			<testcase classname="Проверка чтения не-администраторами - &lt;test&gt;" name="Документ.ИзменениеПлановыхНачислений: Проверка доступа на Чтение Не-Администраторами - &lt;test&gt;" time="0" status="passed"/>
			<testcase classname="Проверка чтения не-администраторами - &lt;test&gt;" name="РегистрСведений.ТОРО_НастройкиОтложенногоПроведения: Проверка доступа на Чтение Не-Администраторами - &lt;test&gt;" time="0.016" status="passed"/>
			<testcase classname="Проверка чтения не-администраторами - &lt;test&gt;" name="Справочник.ТОРО_ЕдиницыОборудования: Проверка доступа на Чтение Не-Администраторами - &lt;test&gt;" time="0.016" status="passed"/>
			<testcase classname="Проверка чтения не-администраторами - &lt;test&gt;" name="РегистрСведений.ЛицевыеСчетаСотрудниковПоЗарплатнымПроектам: Проверка доступа на Чтение Не-Администраторами - &lt;test&gt;" time="0.015" status="passed"/>
			<testcase classname="Проверка чтения не-администраторами - &lt;test&gt;" name="РегистрСведений.РазрешенияНаИспользованиеВнешнихРесурсов: Проверка доступа на Чтение Не-Администраторами - &lt;test&gt;" time="0.031" status="passed"/>
			<testcase classname="Проверка чтения не-администраторами - &lt;test&gt;" name="РегистрСведений.СведенияРеглОтчетАлкоПрил11Раздел1: Проверка доступа на Чтение Не-Администраторами - &lt;test&gt;" time="0.016" status="passed"/>
			<testcase classname="Проверка чтения не-администраторами - &lt;test&gt;" name="Справочник.СчетФактураКомитентаПрисоединенныеФайлы: Проверка доступа на Чтение Не-Администраторами - &lt;test&gt;" time="0" status="passed"/>
			<testcase classname="Проверка чтения не-администраторами - &lt;test&gt;" name="РегистрСведений.ТОРО_Удалить_ЗначенияАтрибутовВДиапазоне: Проверка доступа на Чтение Не-Администраторами - &lt;test&gt;" time="0.015" status="passed"/>
			<testcase classname="Проверка чтения не-администраторами - &lt;test&gt;" name="Документ.ВедомостьНаВыплатуЗарплатыВКассу: Проверка доступа на Чтение Не-Администраторами - &lt;test&gt;" time="0" status="passed"/>
			<testcase classname="Проверка чтения не-администраторами - &lt;test&gt;" name="Константа.ИспользоватьАвтоматическоеЗакрытиеСтрокЗаказовМерныхТоваров: Проверка доступа на Чтение Не-Администраторами - &lt;test&gt;" time="0" status="passed"/>
			<testcase classname="Проверка чтения не-администраторами - &lt;test&gt;" name="Константа.ИспользоватьРасчетСохраняемогоДенежногоСодержания: Проверка доступа на Чтение Не-Администраторами - &lt;test&gt;" time="0.015" status="passed"/>
			<testcase classname="Проверка чтения не-администраторами - &lt;test&gt;" name="Константа.НомерЗаданияКРаспределениюРасчетовСКлиентами: Проверка доступа на Чтение Не-Администраторами - &lt;test&gt;" time="0.015" status="passed"/>
			<testcase classname="Проверка чтения не-администраторами - &lt;test&gt;" name="Справочник.ВидыНалоговыхОрганов: Проверка доступа на Чтение Не-Администраторами - &lt;test&gt;" time="0.016" status="passed"/>
			<testcase classname="Проверка чтения не-администраторами - &lt;test&gt;" name="Справочник.ТОРО_АктДефектацииПрисоединенныеФайлы: Проверка доступа на Чтение Не-Администраторами - &lt;test&gt;" time="0.016" status="passed"/>
			<testcase classname="Проверка чтения не-администраторами - &lt;test&gt;" name="РегистрСведений.СведенияОПользователях: Проверка доступа на Чтение Не-Администраторами - &lt;test&gt;" time="0.063" status="failure">
				<failure message="[Failed] Ожидали, что проверяемое значение (Ложь) является ИСТИНОЙ.
РегистрСведений.СведенияОПользователях недоступно для чтения ролями без привилегий
{ВнешняяОбработка.УтвержденияBDD.МодульОбъекта(293)}:	ВызватьИсключение Префикс + &quot; &quot; + СообщениеОшибки;
{ВнешняяОбработка.УтвержденияBDD.МодульОбъекта(46)}:		ВызватьОшибкуПроверки(СообщениеОшибки);
{ВнешняяОбработка.УтвержденияBDD.МодульОбъекта(53)}:	Возврат ЭтоИстина();
{ВнешняяОбработка.ПроверкаЧтенияНеАдминистраторами.МодульОбъекта(100)}:	Ожидаем.Что(ЧтениеДоступно, ПолноеИмяМетаданного + &quot; недоступно для чтения ролями без привилегий&quot;).ЕстьИстина();
{(1)}:КонтекстВыполнения.Тест_ПроверитьНеАдминистраторскиеПраваНаЧтение(Параметры[0],Параметры[1]);
{ВнешняяОбработка.xddTestRunner.МодульОбъекта(337)}:	Выполнить(ИcполняемыйКод);
{ВнешняяОбработка.xddTestRunner.МодульОбъекта(261)}:			ВыполнитьПроцедуруКонтекста(КонтекстВыполнения, ЭлементДереваТестов.ИмяМетода, ЭлементДереваТестов.Параметры);
{ВнешняяОбработка.xddTestRunner.Форма.УправляемаяФорма.Форма(913)}:	РезультатТестирования = ОбъектНаСервере.ВыполнитьТестовыйМетод(КонтекстВыполнения, ЭлементДереваТестов);
"/>
			</testcase>
			<testcase classname="Проверка чтения не-администраторами - &lt;test&gt;" name="Документ.СообщениеОбменСБанками: Проверка доступа на Чтение Не-Администраторами - &lt;test&gt;" time="0.017" status="passed"/>
			<testcase classname="Проверка чтения не-администраторами - &lt;test&gt;" name="РегистрНакопления.ДанныеОНачисленияхДляРасчетаСреднегоЗаработкаОбщий: Проверка доступа на Чтение Не-Администраторами - &lt;test&gt;" time="0.015" status="passed"/>
			<testcase classname="Проверка чтения не-администраторами - &lt;test&gt;" name="Справочник.КлючевыеОперации: Проверка доступа на Чтение Не-Администраторами - &lt;test&gt;" time="0" status="passed"/>
			<testcase classname="Проверка чтения не-администраторами - &lt;test&gt;" name="РегистрСведений.ГрафикНачисленийКредитовИДепозитов: Проверка доступа на Чтение Не-Администраторами - &lt;test&gt;" time="0.015" status="passed"/>
			<testcase classname="Проверка чтения не-администраторами - &lt;test&gt;" name="Справочник.ЭквайринговыеТерминалы: Проверка доступа на Чтение Не-Администраторами - &lt;test&gt;" time="0" status="passed"/>
			<testcase classname="Проверка чтения не-администраторами - &lt;test&gt;" name="РегистрНакопления.УдержанияДоПределаПоСотрудникам: Проверка доступа на Чтение Не-Администраторами - &lt;test&gt;" time="0.016" status="passed"/>
			<testcase classname="Проверка чтения не-администраторами - &lt;test&gt;" name="Справочник.ПисьмоОбменСБанкамиПрисоединенныеФайлы: Проверка доступа на Чтение Не-Администраторами - &lt;test&gt;" time="0" status="passed"/>
			<testcase classname="Проверка чтения не-администраторами - &lt;test&gt;" name="Документ.ЛистокСообщенияДляВоенкомата: Проверка доступа на Чтение Не-Администраторами - &lt;test&gt;" time="0" status="passed"/>
			<testcase classname="Проверка чтения не-администраторами - &lt;test&gt;" name="Документ.СменноеЗадание: Проверка доступа на Чтение Не-Администраторами - &lt;test&gt;" time="0.015" status="passed"/>
			<testcase classname="Проверка чтения не-администраторами - &lt;test&gt;" name="Справочник.СообщениеОбменСБанкамиПрисоединенныеФайлы: Проверка доступа на Чтение Не-Администраторами - &lt;test&gt;" time="0" status="passed"/>
			<testcase classname="Проверка чтения не-администраторами - &lt;test&gt;" name="Документ.ПересчетТоваров: Проверка доступа на Чтение Не-Администраторами - &lt;test&gt;" time="0" status="passed"/>
			<testcase classname="Проверка чтения не-администраторами - &lt;test&gt;" name="Документ.ЗаказПереработчику: Проверка доступа на Чтение Не-Администраторами - &lt;test&gt;" time="0" status="passed"/>
			<testcase classname="Проверка чтения не-администраторами - &lt;test&gt;" name="Документ.ТОРО_ИзмерениеКонтролируемыхПоказателей: Проверка доступа на Чтение Не-Администраторами - &lt;test&gt;" time="0.016" status="passed"/>
			<testcase classname="Проверка чтения не-администраторами - &lt;test&gt;" name="Справочник.ТЦРоли: Проверка доступа на Чтение Не-Администраторами - &lt;test&gt;" time="0.015" status="passed"/>
			<testcase classname="Проверка чтения не-администраторами - &lt;test&gt;" name="РегистрСведений.ПерерасчетСреднегоЗаработка: Проверка доступа на Чтение Не-Администраторами - &lt;test&gt;" time="0" status="passed"/>
			<testcase classname="Проверка чтения не-администраторами - &lt;test&gt;" name="Справочник.УдалитьЭлектронныеПредставленияРегламентированныхОтчетов: Проверка доступа на Чтение Не-Администраторами - &lt;test&gt;" time="0.063" status="failure">
				<failure message="[Failed] Ожидали, что проверяемое значение (Ложь) является ИСТИНОЙ.
Справочник.УдалитьЭлектронныеПредставленияРегламентированныхОтчетов недоступно для чтения ролями без привилегий
{ВнешняяОбработка.УтвержденияBDD.МодульОбъекта(293)}:	ВызватьИсключение Префикс + &quot; &quot; + СообщениеОшибки;
{ВнешняяОбработка.УтвержденияBDD.МодульОбъекта(46)}:		ВызватьОшибкуПроверки(СообщениеОшибки);
{ВнешняяОбработка.УтвержденияBDD.МодульОбъекта(53)}:	Возврат ЭтоИстина();
{ВнешняяОбработка.ПроверкаЧтенияНеАдминистраторами.МодульОбъекта(100)}:	Ожидаем.Что(ЧтениеДоступно, ПолноеИмяМетаданного + &quot; недоступно для чтения ролями без привилегий&quot;).ЕстьИстина();
{(1)}:КонтекстВыполнения.Тест_ПроверитьНеАдминистраторскиеПраваНаЧтение(Параметры[0],Параметры[1]);
{ВнешняяОбработка.xddTestRunner.МодульОбъекта(337)}:	Выполнить(ИcполняемыйКод);
{ВнешняяОбработка.xddTestRunner.МодульОбъекта(261)}:			ВыполнитьПроцедуруКонтекста(КонтекстВыполнения, ЭлементДереваТестов.ИмяМетода, ЭлементДереваТестов.Параметры);
{ВнешняяОбработка.xddTestRunner.Форма.УправляемаяФорма.Форма(913)}:	РезультатТестирования = ОбъектНаСервере.ВыполнитьТестовыйМетод(КонтекстВыполнения, ЭлементДереваТестов);
"/>
			</testcase>
			<testcase classname="Проверка чтения не-администраторами - &lt;test&gt;" name="Документ.КорректировкаЗаказаМатериаловВПроизводство: Проверка доступа на Чтение Не-Администраторами - &lt;test&gt;" time="0" status="passed"/>
			<testcase classname="Проверка чтения не-администраторами - &lt;test&gt;" name="Справочник.СтатьиДвиженияДенежныхСредств: Проверка доступа на Чтение Не-Администраторами - &lt;test&gt;" time="0" status="passed"/>
			<testcase classname="Проверка чтения не-администраторами - &lt;test&gt;" name="Константа.ИспользоватьВнешнихПользователей: Проверка доступа на Чтение Не-Администраторами - &lt;test&gt;" time="0" status="passed"/>
			<testcase classname="Проверка чтения не-администраторами - &lt;test&gt;" name="ПланВидовХарактеристик.СтатьиРасходов: Проверка доступа на Чтение Не-Администраторами - &lt;test&gt;" time="0" status="passed"/>
			<testcase classname="Проверка чтения не-администраторами - &lt;test&gt;" name="Константа.ИспользоватьВнеоборотныеАктивыРегл: Проверка доступа на Чтение Не-Администраторами - &lt;test&gt;" time="0" status="passed"/>
			<testcase classname="Проверка чтения не-администраторами - &lt;test&gt;" name="Справочник.ШаблоныЭтикетокИЦенников: Проверка доступа на Чтение Не-Администраторами - &lt;test&gt;" time="0" status="passed"/>
			<testcase classname="Проверка чтения не-администраторами - &lt;test&gt;" name="РегистрСведений.ТОРО_УчетМПП: Проверка доступа на Чтение Не-Администраторами - &lt;test&gt;" time="0.015" status="passed"/>
			<testcase classname="Проверка чтения не-администраторами - &lt;test&gt;" name="Справочник.ЗапланированноеВзаимодействиеПрисоединенныеФайлы: Проверка доступа на Чтение Не-Администраторами - &lt;test&gt;" time="0" status="passed"/>
			<testcase classname="Проверка чтения не-администраторами - &lt;test&gt;" name="РегистрСведений.УдалитьОбластиКРезервномуКопированию: Проверка доступа на Чтение Не-Администраторами - &lt;test&gt;" time="0.047" status="passed"/>
			<testcase classname="Проверка чтения не-администраторами - &lt;test&gt;" name="РегистрСведений.НастройкиПравОбъектов: Проверка доступа на Чтение Не-Администраторами - &lt;test&gt;" time="0.062" status="failure">
				<failure message="[Failed] Ожидали, что проверяемое значение (Ложь) является ИСТИНОЙ.
РегистрСведений.НастройкиПравОбъектов недоступно для чтения ролями без привилегий
{ВнешняяОбработка.УтвержденияBDD.МодульОбъекта(293)}:	ВызватьИсключение Префикс + &quot; &quot; + СообщениеОшибки;
{ВнешняяОбработка.УтвержденияBDD.МодульОбъекта(46)}:		ВызватьОшибкуПроверки(СообщениеОшибки);
{ВнешняяОбработка.УтвержденияBDD.МодульОбъекта(53)}:	Возврат ЭтоИстина();
{ВнешняяОбработка.ПроверкаЧтенияНеАдминистраторами.МодульОбъекта(100)}:	Ожидаем.Что(ЧтениеДоступно, ПолноеИмяМетаданного + &quot; недоступно для чтения ролями без привилегий&quot;).ЕстьИстина();
{(1)}:КонтекстВыполнения.Тест_ПроверитьНеАдминистраторскиеПраваНаЧтение(Параметры[0],Параметры[1]);
{ВнешняяОбработка.xddTestRunner.МодульОбъекта(337)}:	Выполнить(ИcполняемыйКод);
{ВнешняяОбработка.xddTestRunner.МодульОбъекта(261)}:			ВыполнитьПроцедуруКонтекста(КонтекстВыполнения, ЭлементДереваТестов.ИмяМетода, ЭлементДереваТестов.Параметры);
{ВнешняяОбработка.xddTestRunner.Форма.УправляемаяФорма.Форма(913)}:	РезультатТестирования = ОбъектНаСервере.ВыполнитьТестовыйМетод(КонтекстВыполнения, ЭлементДереваТестов);
"/>
			</testcase>
			<testcase classname="Проверка чтения не-администраторами - &lt;test&gt;" name="ПланВидовХарактеристик.НачисленияПодключаемыеХарактеристики: Проверка доступа на Чтение Не-Администраторами - &lt;test&gt;" time="0.015" status="passed"/>
			<testcase classname="Проверка чтения не-администраторами - &lt;test&gt;" name="Константа.ПериодичностьДляАнализаНоменклатурыПродаваемойСовместно: Проверка доступа на Чтение Не-Администраторами - &lt;test&gt;" time="0" status="passed"/>
			<testcase classname="Проверка чтения не-администраторами - &lt;test&gt;" name="Константа.КодПоследнегоУпаковочногоЛиста: Проверка доступа на Чтение Не-Администраторами - &lt;test&gt;" time="0" status="passed"/>
			<testcase classname="Проверка чтения не-администраторами - &lt;test&gt;" name="Константа.НастройкиНовостей: Проверка доступа на Чтение Не-Администраторами - &lt;test&gt;" time="0" status="passed"/>
			<testcase classname="Проверка чтения не-администраторами - &lt;test&gt;" name="РегистрСведений.СообщенияОбменаДаннымиОбластейДанных: Проверка доступа на Чтение Не-Администраторами - &lt;test&gt;" time="0.063" status="failure">
				<failure message="[Failed] Ожидали, что проверяемое значение (Ложь) является ИСТИНОЙ.
РегистрСведений.СообщенияОбменаДаннымиОбластейДанных недоступно для чтения ролями без привилегий
{ВнешняяОбработка.УтвержденияBDD.МодульОбъекта(293)}:	ВызватьИсключение Префикс + &quot; &quot; + СообщениеОшибки;
{ВнешняяОбработка.УтвержденияBDD.МодульОбъекта(46)}:		ВызватьОшибкуПроверки(СообщениеОшибки);
{ВнешняяОбработка.УтвержденияBDD.МодульОбъекта(53)}:	Возврат ЭтоИстина();
{ВнешняяОбработка.ПроверкаЧтенияНеАдминистраторами.МодульОбъекта(100)}:	Ожидаем.Что(ЧтениеДоступно, ПолноеИмяМетаданного + &quot; недоступно для чтения ролями без привилегий&quot;).ЕстьИстина();
{(1)}:КонтекстВыполнения.Тест_ПроверитьНеАдминистраторскиеПраваНаЧтение(Параметры[0],Параметры[1]);
{ВнешняяОбработка.xddTestRunner.МодульОбъекта(337)}:	Выполнить(ИcполняемыйКод);
{ВнешняяОбработка.xddTestRunner.МодульОбъекта(261)}:			ВыполнитьПроцедуруКонтекста(КонтекстВыполнения, ЭлементДереваТестов.ИмяМетода, ЭлементДереваТестов.Параметры);
{ВнешняяОбработка.xddTestRunner.Форма.УправляемаяФорма.Форма(913)}:	РезультатТестирования = ОбъектНаСервере.ВыполнитьТестовыйМетод(КонтекстВыполнения, ЭлементДереваТестов);
"/>
			</testcase>
			<testcase classname="Проверка чтения не-администраторами - &lt;test&gt;" name="Документ.ПриказНаДоплатуДоСреднегоЗаработка: Проверка доступа на Чтение Не-Администраторами - &lt;test&gt;" time="0" status="passed"/>
			<testcase classname="Проверка чтения не-администраторами - &lt;test&gt;" name="Константа.ДокументооборотСКонтролирующимиОрганами_ТипКриптопровайдера: Проверка доступа на Чтение Не-Администраторами - &lt;test&gt;" time="0" status="passed"/>
			<testcase classname="Проверка чтения не-администраторами - &lt;test&gt;" name="РегистрСведений.ОтправкиОтчетностиКОбработке: Проверка доступа на Чтение Не-Администраторами - &lt;test&gt;" time="0.015" status="passed"/>
			<testcase classname="Проверка чтения не-администраторами - &lt;test&gt;" name="РегистрСведений.ТребуетсяОформлениеСчетаФактуры: Проверка доступа на Чтение Не-Администраторами - &lt;test&gt;" time="0" status="passed"/>
			<testcase classname="Проверка чтения не-администраторами - &lt;test&gt;" name="Документ.РегистрацияЗемельныхУчастков: Проверка доступа на Чтение Не-Администраторами - &lt;test&gt;" time="0" status="passed"/>
			<testcase classname="Проверка чтения не-администраторами - &lt;test&gt;" name="РегистрСведений.ВерсииПодсистемОбластейДанных: Проверка доступа на Чтение Не-Администраторами - &lt;test&gt;" time="0.079" status="failure">
				<failure message="[Failed] Ожидали, что проверяемое значение (Ложь) является ИСТИНОЙ.
РегистрСведений.ВерсииПодсистемОбластейДанных недоступно для чтения ролями без привилегий
{ВнешняяОбработка.УтвержденияBDD.МодульОбъекта(293)}:	ВызватьИсключение Префикс + &quot; &quot; + СообщениеОшибки;
{ВнешняяОбработка.УтвержденияBDD.МодульОбъекта(46)}:		ВызватьОшибкуПроверки(СообщениеОшибки);
{ВнешняяОбработка.УтвержденияBDD.МодульОбъекта(53)}:	Возврат ЭтоИстина();
{ВнешняяОбработка.ПроверкаЧтенияНеАдминистраторами.МодульОбъекта(100)}:	Ожидаем.Что(ЧтениеДоступно, ПолноеИмяМетаданного + &quot; недоступно для чтения ролями без привилегий&quot;).ЕстьИстина();
{(1)}:КонтекстВыполнения.Тест_ПроверитьНеАдминистраторскиеПраваНаЧтение(Параметры[0],Параметры[1]);
{ВнешняяОбработка.xddTestRunner.МодульОбъекта(337)}:	Выполнить(ИcполняемыйКод);
{ВнешняяОбработка.xddTestRunner.МодульОбъекта(261)}:			ВыполнитьПроцедуруКонтекста(КонтекстВыполнения, ЭлементДереваТестов.ИмяМетода, ЭлементДереваТестов.Параметры);
{ВнешняяОбработка.xddTestRunner.Форма.УправляемаяФорма.Форма(913)}:	РезультатТестирования = ОбъектНаСервере.ВыполнитьТестовыйМетод(КонтекстВыполнения, ЭлементДереваТестов);
"/>
			</testcase>
			<testcase classname="Проверка чтения не-администраторами - &lt;test&gt;" name="Справочник.ИзменениеКвалификационногоРазрядаПрисоединенныеФайлы: Проверка доступа на Чтение Не-Администраторами - &lt;test&gt;" time="0" status="passed"/>
			<testcase classname="Проверка чтения не-администраторами - &lt;test&gt;" name="Константа.ИспользоватьМетодикуББВ: Проверка доступа на Чтение Не-Администраторами - &lt;test&gt;" time="0" status="passed"/>
			<testcase classname="Проверка чтения не-администраторами - &lt;test&gt;" name="Константа.ИспользоватьСкладыВТабличнойЧастиДокументовПродажи: Проверка доступа на Чтение Не-Администраторами - &lt;test&gt;" time="0.015" status="passed"/>
			<testcase classname="Проверка чтения не-администраторами - &lt;test&gt;" name="Справочник.ЗаявкаНаРасходованиеДенежныхСредствПрисоединенныеФайлы: Проверка доступа на Чтение Не-Администраторами - &lt;test&gt;" time="0" status="passed"/>
			<testcase classname="Проверка чтения не-администраторами - &lt;test&gt;" name="РегистрНакопления.ПартииТоваровОрганизаций: Проверка доступа на Чтение Не-Администраторами - &lt;test&gt;" time="0.031" status="passed"/>
			<testcase classname="Проверка чтения не-администраторами - &lt;test&gt;" name="РегистрСведений.ТекущиеКадровыеДанныеСотрудников: Проверка доступа на Чтение Не-Администраторами - &lt;test&gt;" time="0" status="passed"/>
			<testcase classname="Проверка чтения не-администраторами - &lt;test&gt;" name="Константа.ИспользованиеСоглашенийСКлиентами: Проверка доступа на Чтение Не-Администраторами - &lt;test&gt;" time="0" status="passed"/>
			<testcase classname="Проверка чтения не-администраторами - &lt;test&gt;" name="Документ.ПриходныйКассовыйОрдер: Проверка доступа на Чтение Не-Администраторами - &lt;test&gt;" time="0" status="passed"/>
			<testcase classname="Проверка чтения не-администраторами - &lt;test&gt;" name="РегистрСведений.ДействиеСкидокНаценок: Проверка доступа на Чтение Не-Администраторами - &lt;test&gt;" time="0.016" status="passed"/>
			<testcase classname="Проверка чтения не-администраторами - &lt;test&gt;" name="РегистрНакопления.ДвиженияКонтрагентКонтрагент: Проверка доступа на Чтение Не-Администраторами - &lt;test&gt;" time="0.016" status="passed"/>
			<testcase classname="Проверка чтения не-администраторами - &lt;test&gt;" name="РегистрСведений.ТарифыСтраховыхВзносов: Проверка доступа на Чтение Не-Администраторами - &lt;test&gt;" time="0" status="passed"/>
			<testcase classname="Проверка чтения не-администраторами - &lt;test&gt;" name="РегистрНакопления.КнигаУчетаДоходовИРасходов: Проверка доступа на Чтение Не-Администраторами - &lt;test&gt;" time="0" status="passed"/>
			<testcase classname="Проверка чтения не-администраторами - &lt;test&gt;" name="Константа.КонечнаяТочкаМенеджераСервиса: Проверка доступа на Чтение Не-Администраторами - &lt;test&gt;" time="0.015" status="passed"/>
			<testcase classname="Проверка чтения не-администраторами - &lt;test&gt;" name="Константа.СписокРасширенийФайловOpenDocumentОбластиДанных: Проверка доступа на Чтение Не-Администраторами - &lt;test&gt;" time="0" status="passed"/>
			<testcase classname="Проверка чтения не-администраторами - &lt;test&gt;" name="Документ.ОтпускПоУходуЗаРебенком: Проверка доступа на Чтение Не-Администраторами - &lt;test&gt;" time="0.015" status="passed"/>
			<testcase classname="Проверка чтения не-администраторами - &lt;test&gt;" name="Документ.УведомлениеОПоступленииМаркированныхТоваровГИСМ: Проверка доступа на Чтение Не-Администраторами - &lt;test&gt;" time="0" status="passed"/>
			<testcase classname="Проверка чтения не-администраторами - &lt;test&gt;" name="Константа.ИспользоватьОбменБизнесСеть: Проверка доступа на Чтение Не-Администраторами - &lt;test&gt;" time="0" status="passed"/>
			<testcase classname="Проверка чтения не-администраторами - &lt;test&gt;" name="Константа.ПровайдерSMS: Проверка доступа на Чтение Не-Администраторами - &lt;test&gt;" time="0" status="passed"/>
			<testcase classname="Проверка чтения не-администраторами - &lt;test&gt;" name="Константа.ТОРО_ИспользоватьОбработкуОчередиШК: Проверка доступа на Чтение Не-Администраторами - &lt;test&gt;" time="0.015" status="passed"/>
			<testcase classname="Проверка чтения не-администраторами - &lt;test&gt;" name="Справочник.ГруппыАналитическогоУчетаНоменклатуры: Проверка доступа на Чтение Не-Администраторами - &lt;test&gt;" time="0" status="passed"/>
			<testcase classname="Проверка чтения не-администраторами - &lt;test&gt;" name="РегистрНакопления.ВытесняемоеПлановоеВремяСотрудников: Проверка доступа на Чтение Не-Администраторами - &lt;test&gt;" time="0.016" status="passed"/>
			<testcase classname="Проверка чтения не-администраторами - &lt;test&gt;" name="РегистрСведений.РазмерВычетовНДФЛ: Проверка доступа на Чтение Не-Администраторами - &lt;test&gt;" time="0" status="passed"/>
			<testcase classname="Проверка чтения не-администраторами - &lt;test&gt;" name="ПланОбмена.МобильноеПриложениеМониторERP: Проверка доступа на Чтение Не-Администраторами - &lt;test&gt;" time="0.015" status="passed"/>
			<testcase classname="Проверка чтения не-администраторами - &lt;test&gt;" name="РегистрНакопления.ТОРО_ЗаказыМатериалыИУслуги: Проверка доступа на Чтение Не-Администраторами - &lt;test&gt;" time="0.015" status="passed"/>
			<testcase classname="Проверка чтения не-администраторами - &lt;test&gt;" name="РегистрСведений.ТОРО_СтепеньГотовностиСообщенийИнтегрированныхСистем: Проверка доступа на Чтение Не-Администраторами - &lt;test&gt;" time="0.015" status="passed"/>
			<testcase classname="Проверка чтения не-администраторами - &lt;test&gt;" name="Документ.ПередачаТоваровМеждуОрганизациями: Проверка доступа на Чтение Не-Администраторами - &lt;test&gt;" time="0" status="passed"/>
			<testcase classname="Проверка чтения не-администраторами - &lt;test&gt;" name="Документ.ИнвентаризацияПродукцииВЕТИС: Проверка доступа на Чтение Не-Администраторами - &lt;test&gt;" time="0.015" status="passed"/>
			<testcase classname="Проверка чтения не-администраторами - &lt;test&gt;" name="Константа.ДатаЗагрузкиОписанияФорматовДляПреобразования: Проверка доступа на Чтение Не-Администраторами - &lt;test&gt;" time="0.016" status="passed"/>
			<testcase classname="Проверка чтения не-администраторами - &lt;test&gt;" name="РегистрСведений.СтавкаКомпенсацииЗаЗадержкуЗарплаты: Проверка доступа на Чтение Не-Администраторами - &lt;test&gt;" time="0.016" status="passed"/>
			<testcase classname="Проверка чтения не-администраторами - &lt;test&gt;" name="Константа.ИспользоватьАктыНаПередачуПрав: Проверка доступа на Чтение Не-Администраторами - &lt;test&gt;" time="0" status="passed"/>
			<testcase classname="Проверка чтения не-администраторами - &lt;test&gt;" name="РегистрСведений.ВерсииОбъектов: Проверка доступа на Чтение Не-Администраторами - &lt;test&gt;" time="0" status="passed"/>
			<testcase classname="Проверка чтения не-администраторами - &lt;test&gt;" name="РегистрНакопления.СтраховыеВзносыПереданныеВПФР: Проверка доступа на Чтение Не-Администраторами - &lt;test&gt;" time="0" status="passed"/>
			<testcase classname="Проверка чтения не-администраторами - &lt;test&gt;" name="Константа.ВестиУчетПодконтрольныхТоваровВЕТИС: Проверка доступа на Чтение Не-Администраторами - &lt;test&gt;" time="0.015" status="passed"/>
			<testcase classname="Проверка чтения не-администраторами - &lt;test&gt;" name="Документ.ОписьЗаявленийСотрудниковНаВыплатуПособий: Проверка доступа на Чтение Не-Администраторами - &lt;test&gt;" time="0" status="passed"/>
			<testcase classname="Проверка чтения не-администраторами - &lt;test&gt;" name="Справочник.ВидыДокументовОбОбразовании: Проверка доступа на Чтение Не-Администраторами - &lt;test&gt;" time="0" status="passed"/>
			<testcase classname="Проверка чтения не-администраторами - &lt;test&gt;" name="Документ.ПередачаДавальцу: Проверка доступа на Чтение Не-Администраторами - &lt;test&gt;" time="0.016" status="passed"/>
			<testcase classname="Проверка чтения не-администраторами - &lt;test&gt;" name="Справочник.ДоговорыКонтрагентов: Проверка доступа на Чтение Не-Администраторами - &lt;test&gt;" time="0" status="passed"/>
			<testcase classname="Проверка чтения не-администраторами - &lt;test&gt;" name="РегистрНакопления.ДвиженияДенежныхСредств: Проверка доступа на Чтение Не-Администраторами - &lt;test&gt;" time="0.031" status="passed"/>
			<testcase classname="Проверка чтения не-администраторами - &lt;test&gt;" name="РегистрСведений.УдалитьРейтингАктивностиОбластейДанных: Проверка доступа на Чтение Не-Администраторами - &lt;test&gt;" time="0.031" status="passed"/>
			<testcase classname="Проверка чтения не-администраторами - &lt;test&gt;" name="Константа.ИспользоватьОтветственноеХранение: Проверка доступа на Чтение Не-Администраторами - &lt;test&gt;" time="0.016" status="passed"/>
			<testcase classname="Проверка чтения не-администраторами - &lt;test&gt;" name="Константа.ТОРО_ФункциональноеНаправлениеОбеспеченияЗаказовПоУмолчанию: Проверка доступа на Чтение Не-Администраторами - &lt;test&gt;" time="0.031" status="passed"/>
			<testcase classname="Проверка чтения не-администраторами - &lt;test&gt;" name="Константа.КомплекснаяАвтоматизация: Проверка доступа на Чтение Не-Администраторами - &lt;test&gt;" time="0.016" status="passed"/>
			<testcase classname="Проверка чтения не-администраторами - &lt;test&gt;" name="Константа.ПартионныйУчетВерсии22: Проверка доступа на Чтение Не-Администраторами - &lt;test&gt;" time="0" status="passed"/>
			<testcase classname="Проверка чтения не-администраторами - &lt;test&gt;" name="Справочник.ТОРО_ИсточникиСозданияЗаявкиНСИ: Проверка доступа на Чтение Не-Администраторами - &lt;test&gt;" time="0.016" status="passed"/>
			<testcase classname="Проверка чтения не-администраторами - &lt;test&gt;" name="Справочник.СертификатыКлючейЭлектроннойПодписиИШифрования: Проверка доступа на Чтение Не-Администраторами - &lt;test&gt;" time="0" status="passed"/>
			<testcase classname="Проверка чтения не-администраторами - &lt;test&gt;" name="Справочник.ТОРО_ДополнительныеСоглашенияПрисоединенныеФайлы: Проверка доступа на Чтение Не-Администраторами - &lt;test&gt;" time="0.031" status="passed"/>
			<testcase classname="Проверка чтения не-администраторами - &lt;test&gt;" name="РегистрСведений.ПериодическиеСвойстваНовостей: Проверка доступа на Чтение Не-Администраторами - &lt;test&gt;" time="0.016" status="passed"/>
			<testcase classname="Проверка чтения не-администраторами - &lt;test&gt;" name="Задача.ЗадачаИсполнителя: Проверка доступа на Чтение Не-Администраторами - &lt;test&gt;" time="0" status="passed"/>
			<testcase classname="Проверка чтения не-администраторами - &lt;test&gt;" name="Документ.БронированиеГражданПребывающихВЗапасе: Проверка доступа на Чтение Не-Администраторами - &lt;test&gt;" time="0" status="passed"/>
			<testcase classname="Проверка чтения не-администраторами - &lt;test&gt;" name="Справочник.ВидыФинансовыхОтчетов: Проверка доступа на Чтение Не-Администраторами - &lt;test&gt;" time="0.016" status="passed"/>
			<testcase classname="Проверка чтения не-администраторами - &lt;test&gt;" name="Константа.ИспользоватьABCXYZКлассификациюПартнеровПоВаловойПрибыли: Проверка доступа на Чтение Не-Администраторами - &lt;test&gt;" time="0" status="passed"/>
			<testcase classname="Проверка чтения не-администраторами - &lt;test&gt;" name="РегистрСведений.ПорядокУчетаОСБУ: Проверка доступа на Чтение Не-Администраторами - &lt;test&gt;" time="0.031" status="passed"/>
			<testcase classname="Проверка чтения не-администраторами - &lt;test&gt;" name="Справочник.СведенияОСтраховомСтажеЗастрахованныхЛицСЗВ_СТАЖПрисоединенныеФайлы: Проверка доступа на Чтение Не-Администраторами - &lt;test&gt;" time="0" status="passed"/>
			<testcase classname="Проверка чтения не-администраторами - &lt;test&gt;" name="Справочник.Бригады: Проверка доступа на Чтение Не-Администраторами - &lt;test&gt;" time="0" status="passed"/>
			<testcase classname="Проверка чтения не-администраторами - &lt;test&gt;" name="Документ.УдалитьФормированиеСоставаБригады: Проверка доступа на Чтение Не-Администраторами - &lt;test&gt;" time="0.032" status="passed"/>
			<testcase classname="Проверка чтения не-администраторами - &lt;test&gt;" name="РегистрСведений.ТОРО_СвязиСостоянийДокументов: Проверка доступа на Чтение Не-Администраторами - &lt;test&gt;" time="0.015" status="passed"/>
			<testcase classname="Проверка чтения не-администраторами - &lt;test&gt;" name="Справочник.ТОРО_АварийныйЗапасПрисоединенныеФайлы: Проверка доступа на Чтение Не-Администраторами - &lt;test&gt;" time="0.016" status="passed"/>
			<testcase classname="Проверка чтения не-администраторами - &lt;test&gt;" name="Справочник.ТОРО_ОтменаЗаказовПрисоединенныеФайлы: Проверка доступа на Чтение Не-Администраторами - &lt;test&gt;" time="0.016" status="passed"/>
			<testcase classname="Проверка чтения не-администраторами - &lt;test&gt;" name="Документ.ВозвратСырьяДавальцу: Проверка доступа на Чтение Не-Администраторами - &lt;test&gt;" time="0" status="passed"/>
			<testcase classname="Проверка чтения не-администраторами - &lt;test&gt;" name="Константа.ДатаПоследнейВыгрузкиЗамеровПроизводительностиUTC: Проверка доступа на Чтение Не-Администраторами - &lt;test&gt;" time="0.015" status="passed"/>
			<testcase classname="Проверка чтения не-администраторами - &lt;test&gt;" name="Константа.ИспользоватьИнтеграциюССППР: Проверка доступа на Чтение Не-Администраторами - &lt;test&gt;" time="0" status="passed"/>
			<testcase classname="Проверка чтения не-администраторами - &lt;test&gt;" name="Константа.АвтоПостановкаПоставщиковНаМониторингСПАРКНастройка: Проверка доступа на Чтение Не-Администраторами - &lt;test&gt;" time="0" status="passed"/>
			<testcase classname="Проверка чтения не-администраторами - &lt;test&gt;" name="Документ.ТОРО_КорректировкаМатериаловПереданныхПодрядчику: Проверка доступа на Чтение Не-Администраторами - &lt;test&gt;" time="0.016" status="passed"/>
			<testcase classname="Проверка чтения не-администраторами - &lt;test&gt;" name="Справочник.КлючиАналитикиУчетаНоменклатуры: Проверка доступа на Чтение Не-Администраторами - &lt;test&gt;" time="0.016" status="passed"/>
			<testcase classname="Проверка чтения не-администраторами - &lt;test&gt;" name="Константа.ПриоритетОбновленияВОбластяхДанных: Проверка доступа на Чтение Не-Администраторами - &lt;test&gt;" time="0" status="passed"/>
			<testcase classname="Проверка чтения не-администраторами - &lt;test&gt;" name="РегистрСведений.СведенияРеглОтчетАлкоПрил14Декларация: Проверка доступа на Чтение Не-Администраторами - &lt;test&gt;" time="0.016" status="passed"/>
			<testcase classname="Проверка чтения не-администраторами - &lt;test&gt;" name="Справочник.ТЦВП: Проверка доступа на Чтение Не-Администраторами - &lt;test&gt;" time="0.015" status="passed"/>
			<testcase classname="Проверка чтения не-администраторами - &lt;test&gt;" name="Константа.ИспользоватьСезонныеКоэффициенты: Проверка доступа на Чтение Не-Администраторами - &lt;test&gt;" time="0" status="passed"/>
			<testcase classname="Проверка чтения не-администраторами - &lt;test&gt;" name="РегистрСведений.РасчетТранспортногоНалога: Проверка доступа на Чтение Не-Администраторами - &lt;test&gt;" time="0.032" status="passed"/>
			<testcase classname="Проверка чтения не-администраторами - &lt;test&gt;" name="Константа.ПоследнееОбновлениеДоступа: Проверка доступа на Чтение Не-Администраторами - &lt;test&gt;" time="0.031" status="passed"/>
			<testcase classname="Проверка чтения не-администраторами - &lt;test&gt;" name="Константа.ТОРО_ГлубинаПроверкиСвязиОбъектовТТСЭА: Проверка доступа на Чтение Не-Администраторами - &lt;test&gt;" time="0.015" status="passed"/>
			<testcase classname="Проверка чтения не-администраторами - &lt;test&gt;" name="РегистрСведений.ОбъектыКОтправке: Проверка доступа на Чтение Не-Администраторами - &lt;test&gt;" time="0.063" status="failure">
				<failure message="[Failed] Ожидали, что проверяемое значение (Ложь) является ИСТИНОЙ.
РегистрСведений.ОбъектыКОтправке недоступно для чтения ролями без привилегий
{ВнешняяОбработка.УтвержденияBDD.МодульОбъекта(293)}:	ВызватьИсключение Префикс + &quot; &quot; + СообщениеОшибки;
{ВнешняяОбработка.УтвержденияBDD.МодульОбъекта(46)}:		ВызватьОшибкуПроверки(СообщениеОшибки);
{ВнешняяОбработка.УтвержденияBDD.МодульОбъекта(53)}:	Возврат ЭтоИстина();
{ВнешняяОбработка.ПроверкаЧтенияНеАдминистраторами.МодульОбъекта(100)}:	Ожидаем.Что(ЧтениеДоступно, ПолноеИмяМетаданного + &quot; недоступно для чтения ролями без привилегий&quot;).ЕстьИстина();
{(1)}:КонтекстВыполнения.Тест_ПроверитьНеАдминистраторскиеПраваНаЧтение(Параметры[0],Параметры[1]);
{ВнешняяОбработка.xddTestRunner.МодульОбъекта(337)}:	Выполнить(ИcполняемыйКод);
{ВнешняяОбработка.xddTestRunner.МодульОбъекта(261)}:			ВыполнитьПроцедуруКонтекста(КонтекстВыполнения, ЭлементДереваТестов.ИмяМетода, ЭлементДереваТестов.Параметры);
{ВнешняяОбработка.xddTestRunner.Форма.УправляемаяФорма.Форма(913)}:	РезультатТестирования = ОбъектНаСервере.ВыполнитьТестовыйМетод(КонтекстВыполнения, ЭлементДереваТестов);
"/>
			</testcase>
			<testcase classname="Проверка чтения не-администраторами - &lt;test&gt;" name="Справочник.ТОРО_АктПриемаПередачиТехническойДокументацииПрисоединенныеФайлы: Проверка доступа на Чтение Не-Администраторами - &lt;test&gt;" time="0.015" status="passed"/>
			<testcase classname="Проверка чтения не-администраторами - &lt;test&gt;" name="Константа.ИспользоватьКартыЛояльности: Проверка доступа на Чтение Не-Администраторами - &lt;test&gt;" time="0.016" status="passed"/>
			<testcase classname="Проверка чтения не-администраторами - &lt;test&gt;" name="Константа.ИспользоватьОрдерныеСклады: Проверка доступа на Чтение Не-Администраторами - &lt;test&gt;" time="0" status="passed"/>
			<testcase classname="Проверка чтения не-администраторами - &lt;test&gt;" name="Константа.УдалитьПровайдерЭП: Проверка доступа на Чтение Не-Администраторами - &lt;test&gt;" time="0.031" status="passed"/>
			<testcase classname="Проверка чтения не-администраторами - &lt;test&gt;" name="РегистрСведений.ДанныеПоКонтрагентамКонтролируемыхСделок: Проверка доступа на Чтение Не-Администраторами - &lt;test&gt;" time="0" status="passed"/>
			<testcase classname="Проверка чтения не-администраторами - &lt;test&gt;" name="Справочник.МатериальнаяПомощьПрисоединенныеФайлы: Проверка доступа на Чтение Не-Администраторами - &lt;test&gt;" time="0.016" status="passed"/>
			<testcase classname="Проверка чтения не-администраторами - &lt;test&gt;" name="Документ.ТОРО_ПланВоздействий: Проверка доступа на Чтение Не-Администраторами - &lt;test&gt;" time="0.016" status="passed"/>
			<testcase classname="Проверка чтения не-администраторами - &lt;test&gt;" name="Справочник.СпособыОпределенияЦенКонтролируемыхСделок: Проверка доступа на Чтение Не-Администраторами - &lt;test&gt;" time="0.015" status="passed"/>
			<testcase classname="Проверка чтения не-администраторами - &lt;test&gt;" name="РегистрСведений.СправкиНДФЛДляИФНССведенияОДоходах: Проверка доступа на Чтение Не-Администраторами - &lt;test&gt;" time="0.062" status="failure">
				<failure message="[Failed] Ожидали, что проверяемое значение (Ложь) является ИСТИНОЙ.
РегистрСведений.СправкиНДФЛДляИФНССведенияОДоходах недоступно для чтения ролями без привилегий
{ВнешняяОбработка.УтвержденияBDD.МодульОбъекта(293)}:	ВызватьИсключение Префикс + &quot; &quot; + СообщениеОшибки;
{ВнешняяОбработка.УтвержденияBDD.МодульОбъекта(46)}:		ВызватьОшибкуПроверки(СообщениеОшибки);
{ВнешняяОбработка.УтвержденияBDD.МодульОбъекта(53)}:	Возврат ЭтоИстина();
{ВнешняяОбработка.ПроверкаЧтенияНеАдминистраторами.МодульОбъекта(100)}:	Ожидаем.Что(ЧтениеДоступно, ПолноеИмяМетаданного + &quot; недоступно для чтения ролями без привилегий&quot;).ЕстьИстина();
{(1)}:КонтекстВыполнения.Тест_ПроверитьНеАдминистраторскиеПраваНаЧтение(Параметры[0],Параметры[1]);
{ВнешняяОбработка.xddTestRunner.МодульОбъекта(337)}:	Выполнить(ИcполняемыйКод);
{ВнешняяОбработка.xddTestRunner.МодульОбъекта(261)}:			ВыполнитьПроцедуруКонтекста(КонтекстВыполнения, ЭлементДереваТестов.ИмяМетода, ЭлементДереваТестов.Параметры);
{ВнешняяОбработка.xddTestRunner.Форма.УправляемаяФорма.Форма(913)}:	РезультатТестирования = ОбъектНаСервере.ВыполнитьТестовыйМетод(КонтекстВыполнения, ЭлементДереваТестов);
"/>
			</testcase>
			<testcase classname="Проверка чтения не-администраторами - &lt;test&gt;" name="РегистрСведений.ВложенияНеформализованныхДокументов: Проверка доступа на Чтение Не-Администраторами - &lt;test&gt;" time="0.031" status="passed"/>
			<testcase classname="Проверка чтения не-администраторами - &lt;test&gt;" name="Справочник.ПоказателиНаработки: Проверка доступа на Чтение Не-Администраторами - &lt;test&gt;" time="0" status="passed"/>
			<testcase classname="Проверка чтения не-администраторами - &lt;test&gt;" name="Документ.СправкаОПодтверждающихДокументах: Проверка доступа на Чтение Не-Администраторами - &lt;test&gt;" time="0" status="passed"/>
			<testcase classname="Проверка чтения не-администраторами - &lt;test&gt;" name="РегистрСведений.ТОРО_СчетчикиДляОбменаДанными: Проверка доступа на Чтение Не-Администраторами - &lt;test&gt;" time="0.015" status="passed"/>
			<testcase classname="Проверка чтения не-администраторами - &lt;test&gt;" name="Документ.СписаниеНДСНаРасходы: Проверка доступа на Чтение Не-Администраторами - &lt;test&gt;" time="0" status="passed"/>
			<testcase classname="Проверка чтения не-администраторами - &lt;test&gt;" name="РегистрСведений.СостоянияВБракеФизическихЛиц: Проверка доступа на Чтение Не-Администраторами - &lt;test&gt;" time="0" status="passed"/>
			<testcase classname="Проверка чтения не-администраторами - &lt;test&gt;" name="РегистрСведений.ТорговыеПредложенияТорговойПлощадки: Проверка доступа на Чтение Не-Администраторами - &lt;test&gt;" time="0.016" status="passed"/>
			<testcase classname="Проверка чтения не-администраторами - &lt;test&gt;" name="РегистрСведений.ИсторияСпециальностейПоШтатномуРасписанию: Проверка доступа на Чтение Не-Администраторами - &lt;test&gt;" time="0.016" status="passed"/>
			<testcase classname="Проверка чтения не-администраторами - &lt;test&gt;" name="Константа.ИспользоватьПоступлениеПоНесколькимЗаказам: Проверка доступа на Чтение Не-Администраторами - &lt;test&gt;" time="0" status="passed"/>
			<testcase classname="Проверка чтения не-администраторами - &lt;test&gt;" name="РегистрСведений.УдалитьХранилищеЭлектронныхПредставленийРегламентированныхОтчетов: Проверка доступа на Чтение Не-Администраторами - &lt;test&gt;" time="0.063" status="failure">
				<failure message="[Failed] Ожидали, что проверяемое значение (Ложь) является ИСТИНОЙ.
РегистрСведений.УдалитьХранилищеЭлектронныхПредставленийРегламентированныхОтчетов недоступно для чтения ролями без привилегий
{ВнешняяОбработка.УтвержденияBDD.МодульОбъекта(293)}:	ВызватьИсключение Префикс + &quot; &quot; + СообщениеОшибки;
{ВнешняяОбработка.УтвержденияBDD.МодульОбъекта(46)}:		ВызватьОшибкуПроверки(СообщениеОшибки);
{ВнешняяОбработка.УтвержденияBDD.МодульОбъекта(53)}:	Возврат ЭтоИстина();
{ВнешняяОбработка.ПроверкаЧтенияНеАдминистраторами.МодульОбъекта(100)}:	Ожидаем.Что(ЧтениеДоступно, ПолноеИмяМетаданного + &quot; недоступно для чтения ролями без привилегий&quot;).ЕстьИстина();
{(1)}:КонтекстВыполнения.Тест_ПроверитьНеАдминистраторскиеПраваНаЧтение(Параметры[0],Параметры[1]);
{ВнешняяОбработка.xddTestRunner.МодульОбъекта(337)}:	Выполнить(ИcполняемыйКод);
{ВнешняяОбработка.xddTestRunner.МодульОбъекта(261)}:			ВыполнитьПроцедуруКонтекста(КонтекстВыполнения, ЭлементДереваТестов.ИмяМетода, ЭлементДереваТестов.Параметры);
{ВнешняяОбработка.xddTestRunner.Форма.УправляемаяФорма.Форма(913)}:	РезультатТестирования = ОбъектНаСервере.ВыполнитьТестовыйМетод(КонтекстВыполнения, ЭлементДереваТестов);
"/>
			</testcase>
			<testcase classname="Проверка чтения не-администраторами - &lt;test&gt;" name="Константа.ДополнительнаяКолонкаПечатныхФормДокументов: Проверка доступа на Чтение Не-Администраторами - &lt;test&gt;" time="0.015" status="passed"/>
			<testcase classname="Проверка чтения не-администраторами - &lt;test&gt;" name="Справочник.ИзменениеШтатногоРасписанияПрисоединенныеФайлы: Проверка доступа на Чтение Не-Администраторами - &lt;test&gt;" time="0.015" status="passed"/>
			<testcase classname="Проверка чтения не-администраторами - &lt;test&gt;" name="Константа.ВыгружатьВнутренниеШтрихкодыШтучныхТоваров: Проверка доступа на Чтение Не-Администраторами - &lt;test&gt;" time="0.016" status="passed"/>
			<testcase classname="Проверка чтения не-администраторами - &lt;test&gt;" name="Документ.ТОРО_ПоступлениеОтПоставщикаКорректировка: Проверка доступа на Чтение Не-Администраторами - &lt;test&gt;" time="0.016" status="passed"/>
			<testcase classname="Проверка чтения не-администраторами - &lt;test&gt;" name="РегистрСведений.ХранилищеСертификатов: Проверка доступа на Чтение Не-Администраторами - &lt;test&gt;" time="0.015" status="passed"/>
			<testcase classname="Проверка чтения не-администраторами - &lt;test&gt;" name="РегистрНакопления.ДенежныеСредстваВПути: Проверка доступа на Чтение Не-Администраторами - &lt;test&gt;" time="0" status="passed"/>
			<testcase classname="Проверка чтения не-администраторами - &lt;test&gt;" name="Документ.УдалитьКассовыйЧекКоррекции: Проверка доступа на Чтение Не-Администраторами - &lt;test&gt;" time="0.016" status="passed"/>
			<testcase classname="Проверка чтения не-администраторами - &lt;test&gt;" name="РегистрСведений.НастройкиЛьготСотрудников: Проверка доступа на Чтение Не-Администраторами - &lt;test&gt;" time="0.062" status="failure">
				<failure message="[Failed] Ожидали, что проверяемое значение (Ложь) является ИСТИНОЙ.
РегистрСведений.НастройкиЛьготСотрудников недоступно для чтения ролями без привилегий
{ВнешняяОбработка.УтвержденияBDD.МодульОбъекта(293)}:	ВызватьИсключение Префикс + &quot; &quot; + СообщениеОшибки;
{ВнешняяОбработка.УтвержденияBDD.МодульОбъекта(46)}:		ВызватьОшибкуПроверки(СообщениеОшибки);
{ВнешняяОбработка.УтвержденияBDD.МодульОбъекта(53)}:	Возврат ЭтоИстина();
{ВнешняяОбработка.ПроверкаЧтенияНеАдминистраторами.МодульОбъекта(100)}:	Ожидаем.Что(ЧтениеДоступно, ПолноеИмяМетаданного + &quot; недоступно для чтения ролями без привилегий&quot;).ЕстьИстина();
{(1)}:КонтекстВыполнения.Тест_ПроверитьНеАдминистраторскиеПраваНаЧтение(Параметры[0],Параметры[1]);
{ВнешняяОбработка.xddTestRunner.МодульОбъекта(337)}:	Выполнить(ИcполняемыйКод);
{ВнешняяОбработка.xddTestRunner.МодульОбъекта(261)}:			ВыполнитьПроцедуруКонтекста(КонтекстВыполнения, ЭлементДереваТестов.ИмяМетода, ЭлементДереваТестов.Параметры);
{ВнешняяОбработка.xddTestRunner.Форма.УправляемаяФорма.Форма(913)}:	РезультатТестирования = ОбъектНаСервере.ВыполнитьТестовыйМетод(КонтекстВыполнения, ЭлементДереваТестов);
"/>
			</testcase>
			<testcase classname="Проверка чтения не-администраторами - &lt;test&gt;" name="Справочник.ТЦКомпьютеры: Проверка доступа на Чтение Не-Администраторами - &lt;test&gt;" time="0.016" status="passed"/>
			<testcase classname="Проверка чтения не-администраторами - &lt;test&gt;" name="Справочник.СтраныМира: Проверка доступа на Чтение Не-Администраторами - &lt;test&gt;" time="0.016" status="passed"/>
			<testcase classname="Проверка чтения не-администраторами - &lt;test&gt;" name="Документ.ТОРО_Предварительный_Перечень_ИП: Проверка доступа на Чтение Не-Администраторами - &lt;test&gt;" time="0.016" status="passed"/>
			<testcase classname="Проверка чтения не-администраторами - &lt;test&gt;" name="Документ.УдалитьПроизвольныйЭД: Проверка доступа на Чтение Не-Администраторами - &lt;test&gt;" time="0.063" status="failure">
				<failure message="[Failed] Ожидали, что проверяемое значение (Ложь) является ИСТИНОЙ.
Документ.УдалитьПроизвольныйЭД недоступно для чтения ролями без привилегий
{ВнешняяОбработка.УтвержденияBDD.МодульОбъекта(293)}:	ВызватьИсключение Префикс + &quot; &quot; + СообщениеОшибки;
{ВнешняяОбработка.УтвержденияBDD.МодульОбъекта(46)}:		ВызватьОшибкуПроверки(СообщениеОшибки);
{ВнешняяОбработка.УтвержденияBDD.МодульОбъекта(53)}:	Возврат ЭтоИстина();
{ВнешняяОбработка.ПроверкаЧтенияНеАдминистраторами.МодульОбъекта(100)}:	Ожидаем.Что(ЧтениеДоступно, ПолноеИмяМетаданного + &quot; недоступно для чтения ролями без привилегий&quot;).ЕстьИстина();
{(1)}:КонтекстВыполнения.Тест_ПроверитьНеАдминистраторскиеПраваНаЧтение(Параметры[0],Параметры[1]);
{ВнешняяОбработка.xddTestRunner.МодульОбъекта(337)}:	Выполнить(ИcполняемыйКод);
{ВнешняяОбработка.xddTestRunner.МодульОбъекта(261)}:			ВыполнитьПроцедуруКонтекста(КонтекстВыполнения, ЭлементДереваТестов.ИмяМетода, ЭлементДереваТестов.Параметры);
{ВнешняяОбработка.xddTestRunner.Форма.УправляемаяФорма.Форма(913)}:	РезультатТестирования = ОбъектНаСервере.ВыполнитьТестовыйМетод(КонтекстВыполнения, ЭлементДереваТестов);
"/>
			</testcase>
			<testcase classname="Проверка чтения не-администраторами - &lt;test&gt;" name="Справочник.ТОРО_ВидыОшибокОбмена: Проверка доступа на Чтение Не-Администраторами - &lt;test&gt;" time="0.047" status="failure">
				<failure message="[Failed] Ожидали, что проверяемое значение (Ложь) является ИСТИНОЙ.
Справочник.ТОРО_ВидыОшибокОбмена недоступно для чтения ролями без привилегий
{ВнешняяОбработка.УтвержденияBDD.МодульОбъекта(293)}:	ВызватьИсключение Префикс + &quot; &quot; + СообщениеОшибки;
{ВнешняяОбработка.УтвержденияBDD.МодульОбъекта(46)}:		ВызватьОшибкуПроверки(СообщениеОшибки);
{ВнешняяОбработка.УтвержденияBDD.МодульОбъекта(53)}:	Возврат ЭтоИстина();
{ВнешняяОбработка.ПроверкаЧтенияНеАдминистраторами.МодульОбъекта(100)}:	Ожидаем.Что(ЧтениеДоступно, ПолноеИмяМетаданного + &quot; недоступно для чтения ролями без привилегий&quot;).ЕстьИстина();
{(1)}:КонтекстВыполнения.Тест_ПроверитьНеАдминистраторскиеПраваНаЧтение(Параметры[0],Параметры[1]);
{ВнешняяОбработка.xddTestRunner.МодульОбъекта(337)}:	Выполнить(ИcполняемыйКод);
{ВнешняяОбработка.xddTestRunner.МодульОбъекта(261)}:			ВыполнитьПроцедуруКонтекста(КонтекстВыполнения, ЭлементДереваТестов.ИмяМетода, ЭлементДереваТестов.Параметры);
{ВнешняяОбработка.xddTestRunner.Форма.УправляемаяФорма.Форма(913)}:	РезультатТестирования = ОбъектНаСервере.ВыполнитьТестовыйМетод(КонтекстВыполнения, ЭлементДереваТестов);
"/>
			</testcase>
			<testcase classname="Проверка чтения не-администраторами - &lt;test&gt;" name="Справочник.ЗаписиСкладскогоЖурналаВЕТИС: Проверка доступа на Чтение Не-Администраторами - &lt;test&gt;" time="0.016" status="passed"/>
			<testcase classname="Проверка чтения не-администраторами - &lt;test&gt;" name="Справочник.ПачкаДокументовДСВ_1ПрисоединенныеФайлы: Проверка доступа на Чтение Не-Администраторами - &lt;test&gt;" time="0" status="passed"/>
			<testcase classname="Проверка чтения не-администраторами - &lt;test&gt;" name="Константа.ВедетсяРаботаЧерезТорговыхПредставителей: Проверка доступа на Чтение Не-Администраторами - &lt;test&gt;" time="0" status="passed"/>
			<testcase classname="Проверка чтения не-администраторами - &lt;test&gt;" name="Справочник.ТОРО_ВыполнениеЗаказаНаТОиРПрисоединенныеФайлы: Проверка доступа на Чтение Не-Администраторами - &lt;test&gt;" time="0.016" status="passed"/>
			<testcase classname="Проверка чтения не-администраторами - &lt;test&gt;" name="Документ.УдержаниеПрофсоюзныхВзносов: Проверка доступа на Чтение Не-Администраторами - &lt;test&gt;" time="0.016" status="passed"/>
			<testcase classname="Проверка чтения не-администраторами - &lt;test&gt;" name="РегистрСведений.АктивированныеАгентыРезервногоКопирования: Проверка доступа на Чтение Не-Администраторами - &lt;test&gt;" time="0.063" status="failure">
				<failure message="[Failed] Ожидали, что проверяемое значение (Ложь) является ИСТИНОЙ.
РегистрСведений.АктивированныеАгентыРезервногоКопирования недоступно для чтения ролями без привилегий
{ВнешняяОбработка.УтвержденияBDD.МодульОбъекта(293)}:	ВызватьИсключение Префикс + &quot; &quot; + СообщениеОшибки;
{ВнешняяОбработка.УтвержденияBDD.МодульОбъекта(46)}:		ВызватьОшибкуПроверки(СообщениеОшибки);
{ВнешняяОбработка.УтвержденияBDD.МодульОбъекта(53)}:	Возврат ЭтоИстина();
{ВнешняяОбработка.ПроверкаЧтенияНеАдминистраторами.МодульОбъекта(100)}:	Ожидаем.Что(ЧтениеДоступно, ПолноеИмяМетаданного + &quot; недоступно для чтения ролями без привилегий&quot;).ЕстьИстина();
{(1)}:КонтекстВыполнения.Тест_ПроверитьНеАдминистраторскиеПраваНаЧтение(Параметры[0],Параметры[1]);
{ВнешняяОбработка.xddTestRunner.МодульОбъекта(337)}:	Выполнить(ИcполняемыйКод);
{ВнешняяОбработка.xddTestRunner.МодульОбъекта(261)}:			ВыполнитьПроцедуруКонтекста(КонтекстВыполнения, ЭлементДереваТестов.ИмяМетода, ЭлементДереваТестов.Параметры);
{ВнешняяОбработка.xddTestRunner.Форма.УправляемаяФорма.Форма(913)}:	РезультатТестирования = ОбъектНаСервере.ВыполнитьТестовыйМетод(КонтекстВыполнения, ЭлементДереваТестов);
"/>
			</testcase>
			<testcase classname="Проверка чтения не-администраторами - &lt;test&gt;" name="Константа.ОграничиватьДоступНаУровнеЗаписейУниверсально: Проверка доступа на Чтение Не-Администраторами - &lt;test&gt;" time="0" status="passed"/>
			<testcase classname="Проверка чтения не-администраторами - &lt;test&gt;" name="Документ.СписаниеНМАМеждународныйУчет: Проверка доступа на Чтение Не-Администраторами - &lt;test&gt;" time="0.016" status="passed"/>
			<testcase classname="Проверка чтения не-администраторами - &lt;test&gt;" name="РегистрНакопления.Закупки: Проверка доступа на Чтение Не-Администраторами - &lt;test&gt;" time="0.016" status="passed"/>
			<testcase classname="Проверка чтения не-администраторами - &lt;test&gt;" name="Справочник.РежимыРаботыСотрудников: Проверка доступа на Чтение Не-Администраторами - &lt;test&gt;" time="0.016" status="passed"/>
			<testcase classname="Проверка чтения не-администраторами - &lt;test&gt;" name="Справочник.СообщениеSMSПрисоединенныеФайлы: Проверка доступа на Чтение Не-Администраторами - &lt;test&gt;" time="0" status="passed"/>
			<testcase classname="Проверка чтения не-администраторами - &lt;test&gt;" name="Константа.ИспользоватьАвтоматическиеСкидкиВПродажах: Проверка доступа на Чтение Не-Администраторами - &lt;test&gt;" time="0" status="passed"/>
			<testcase classname="Проверка чтения не-администраторами - &lt;test&gt;" name="Документ.ПрогулНеявка: Проверка доступа на Чтение Не-Администраторами - &lt;test&gt;" time="0.016" status="passed"/>
			<testcase classname="Проверка чтения не-администраторами - &lt;test&gt;" name="Справочник.ТОРО_АктОВыявленныхДефектахПрисоединенныеФайлы: Проверка доступа на Чтение Не-Администраторами - &lt;test&gt;" time="0.016" status="passed"/>
			<testcase classname="Проверка чтения не-администраторами - &lt;test&gt;" name="РегистрСведений.ТОРО_ЗначенияАтрибутов: Проверка доступа на Чтение Не-Администраторами - &lt;test&gt;" time="0.016" status="passed"/>
			<testcase classname="Проверка чтения не-администраторами - &lt;test&gt;" name="РегистрСведений.ЗначенияПериодическихПоказателейРасчетаЗарплатыСотрудников: Проверка доступа на Чтение Не-Администраторами - &lt;test&gt;" time="0" status="passed"/>
			<testcase classname="Проверка чтения не-администраторами - &lt;test&gt;" name="РегистрНакопления.ДанныеСтрахователейДляРасчетаСреднегоЗаработкаФСС: Проверка доступа на Чтение Не-Администраторами - &lt;test&gt;" time="0" status="passed"/>
			<testcase classname="Проверка чтения не-администраторами - &lt;test&gt;" name="Константа.НеИспользоватьЦеновыеГруппы: Проверка доступа на Чтение Не-Администраторами - &lt;test&gt;" time="0" status="passed"/>
			<testcase classname="Проверка чтения не-администраторами - &lt;test&gt;" name="Справочник.ПравилаРаспределенияРасходов: Проверка доступа на Чтение Не-Администраторами - &lt;test&gt;" time="0.015" status="passed"/>
			<testcase classname="Проверка чтения не-администраторами - &lt;test&gt;" name="РегистрСведений.ЗначенияПериодическихПоказателейРасчетаЗарплатыОрганизаций: Проверка доступа на Чтение Не-Администраторами - &lt;test&gt;" time="0" status="passed"/>
			<testcase classname="Проверка чтения не-администраторами - &lt;test&gt;" name="Документ.ЭтапПроизводства2_2: Проверка доступа на Чтение Не-Администраторами - &lt;test&gt;" time="0.016" status="passed"/>
			<testcase classname="Проверка чтения не-администраторами - &lt;test&gt;" name="РегистрНакопления.ТОРО_РасходыПоДоговорам: Проверка доступа на Чтение Не-Администраторами - &lt;test&gt;" time="0.016" status="passed"/>
			<testcase classname="Проверка чтения не-администраторами - &lt;test&gt;" name="Константа.ИспользоватьОграниченияРучныхСкидокВПродажахПоПользователям: Проверка доступа на Чтение Не-Администраторами - &lt;test&gt;" time="0.017" status="passed"/>
			<testcase classname="Проверка чтения не-администраторами - &lt;test&gt;" name="Справочник.ГруппыФинансовогоУчетаДоходовРасходов: Проверка доступа на Чтение Не-Администраторами - &lt;test&gt;" time="0.015" status="passed"/>
			<testcase classname="Проверка чтения не-администраторами - &lt;test&gt;" name="Документ.ТОРО_ВводНачальныхНастроекПериодичности: Проверка доступа на Чтение Не-Администраторами - &lt;test&gt;" time="0.016" status="passed"/>
			<testcase classname="Проверка чтения не-администраторами - &lt;test&gt;" name="Справочник.ТОРО_НастройкиОбменаДанными: Проверка доступа на Чтение Не-Администраторами - &lt;test&gt;" time="0.016" status="passed"/>
			<testcase classname="Проверка чтения не-администраторами - &lt;test&gt;" name="Справочник.ВидыТарифовСтраховыхВзносов: Проверка доступа на Чтение Не-Администраторами - &lt;test&gt;" time="0" status="passed"/>
			<testcase classname="Проверка чтения не-администраторами - &lt;test&gt;" name="РегистрСведений.НастройкиАдресныхСкладов: Проверка доступа на Чтение Не-Администраторами - &lt;test&gt;" time="0.016" status="passed"/>
			<testcase classname="Проверка чтения не-администраторами - &lt;test&gt;" name="Справочник.ПодпискиНаРассылкиИОповещенияКлиентам: Проверка доступа на Чтение Не-Администраторами - &lt;test&gt;" time="0.015" status="passed"/>
			<testcase classname="Проверка чтения не-администраторами - &lt;test&gt;" name="Документ.ПередачаСырьяПереработчику: Проверка доступа на Чтение Не-Администраторами - &lt;test&gt;" time="0" status="passed"/>
			<testcase classname="Проверка чтения не-администраторами - &lt;test&gt;" name="Константа.ИспользоватьСтатусыАвансовыхОтчетов: Проверка доступа на Чтение Не-Администраторами - &lt;test&gt;" time="0" status="passed"/>
			<testcase classname="Проверка чтения не-администраторами - &lt;test&gt;" name="Документ.РасчетКурсовыхРазниц: Проверка доступа на Чтение Не-Администраторами - &lt;test&gt;" time="0.015" status="passed"/>
			<testcase classname="Проверка чтения не-администраторами - &lt;test&gt;" name="Документ.ИндексацияШтатногоРасписания: Проверка доступа на Чтение Не-Администраторами - &lt;test&gt;" time="0" status="passed"/>
			<testcase classname="Проверка чтения не-администраторами - &lt;test&gt;" name="Константа.АвтоматическиСоздаватьПартнеровПриОтправкеЭлектронногоЧекаПокупателю: Проверка доступа на Чтение Не-Администраторами - &lt;test&gt;" time="0" status="passed"/>
			<testcase classname="Проверка чтения не-администраторами - &lt;test&gt;" name="Константа.ИспользоватьРучныеСкидкиВЗакупках: Проверка доступа на Чтение Не-Администраторами - &lt;test&gt;" time="0" status="passed"/>
			<testcase classname="Проверка чтения не-администраторами - &lt;test&gt;" name="Константа.МаксимальныйРазмерФайла: Проверка доступа на Чтение Не-Администраторами - &lt;test&gt;" time="0" status="passed"/>
			<testcase classname="Проверка чтения не-администраторами - &lt;test&gt;" name="РегистрСведений.ИспользованиеПоставляемыхРасширенийВОбластяхДанных: Проверка доступа на Чтение Не-Администраторами - &lt;test&gt;" time="0.063" status="failure">
				<failure message="[Failed] Ожидали, что проверяемое значение (Ложь) является ИСТИНОЙ.
РегистрСведений.ИспользованиеПоставляемыхРасширенийВОбластяхДанных недоступно для чтения ролями без привилегий
{ВнешняяОбработка.УтвержденияBDD.МодульОбъекта(293)}:	ВызватьИсключение Префикс + &quot; &quot; + СообщениеОшибки;
{ВнешняяОбработка.УтвержденияBDD.МодульОбъекта(46)}:		ВызватьОшибкуПроверки(СообщениеОшибки);
{ВнешняяОбработка.УтвержденияBDD.МодульОбъекта(53)}:	Возврат ЭтоИстина();
{ВнешняяОбработка.ПроверкаЧтенияНеАдминистраторами.МодульОбъекта(100)}:	Ожидаем.Что(ЧтениеДоступно, ПолноеИмяМетаданного + &quot; недоступно для чтения ролями без привилегий&quot;).ЕстьИстина();
{(1)}:КонтекстВыполнения.Тест_ПроверитьНеАдминистраторскиеПраваНаЧтение(Параметры[0],Параметры[1]);
{ВнешняяОбработка.xddTestRunner.МодульОбъекта(337)}:	Выполнить(ИcполняемыйКод);
{ВнешняяОбработка.xddTestRunner.МодульОбъекта(261)}:			ВыполнитьПроцедуруКонтекста(КонтекстВыполнения, ЭлементДереваТестов.ИмяМетода, ЭлементДереваТестов.Параметры);
{ВнешняяОбработка.xddTestRunner.Форма.УправляемаяФорма.Форма(913)}:	РезультатТестирования = ОбъектНаСервере.ВыполнитьТестовыйМетод(КонтекстВыполнения, ЭлементДереваТестов);
"/>
			</testcase>
			<testcase classname="Проверка чтения не-администраторами - &lt;test&gt;" name="РегистрСведений.ОтветыНаЗапросыИОС: Проверка доступа на Чтение Не-Администраторами - &lt;test&gt;" time="0.015" status="passed"/>
			<testcase classname="Проверка чтения не-администраторами - &lt;test&gt;" name="Константа.ИспользоватьСогласованиеЗаявокНаВозвратТоваровОтКлиентов: Проверка доступа на Чтение Не-Администраторами - &lt;test&gt;" time="0" status="passed"/>
			<testcase classname="Проверка чтения не-администраторами - &lt;test&gt;" name="Документ.ВводОстатков: Проверка доступа на Чтение Не-Администраторами - &lt;test&gt;" time="0" status="passed"/>
			<testcase classname="Проверка чтения не-администраторами - &lt;test&gt;" name="Константа.СинхронизироватьДанныеСПриложениемВИнтернетеПриЗавершенииРаботыПрограммы: Проверка доступа на Чтение Не-Администраторами - &lt;test&gt;" time="0.015" status="passed"/>
			<testcase classname="Проверка чтения не-администраторами - &lt;test&gt;" name="РегистрСведений.УдалитьХранимыеФайлыВерсий: Проверка доступа на Чтение Не-Администраторами - &lt;test&gt;" time="0.062" status="failure">
				<failure message="[Failed] Ожидали, что проверяемое значение (Ложь) является ИСТИНОЙ.
РегистрСведений.УдалитьХранимыеФайлыВерсий недоступно для чтения ролями без привилегий
{ВнешняяОбработка.УтвержденияBDD.МодульОбъекта(293)}:	ВызватьИсключение Префикс + &quot; &quot; + СообщениеОшибки;
{ВнешняяОбработка.УтвержденияBDD.МодульОбъекта(46)}:		ВызватьОшибкуПроверки(СообщениеОшибки);
{ВнешняяОбработка.УтвержденияBDD.МодульОбъекта(53)}:	Возврат ЭтоИстина();
{ВнешняяОбработка.ПроверкаЧтенияНеАдминистраторами.МодульОбъекта(100)}:	Ожидаем.Что(ЧтениеДоступно, ПолноеИмяМетаданного + &quot; недоступно для чтения ролями без привилегий&quot;).ЕстьИстина();
{(1)}:КонтекстВыполнения.Тест_ПроверитьНеАдминистраторскиеПраваНаЧтение(Параметры[0],Параметры[1]);
{ВнешняяОбработка.xddTestRunner.МодульОбъекта(337)}:	Выполнить(ИcполняемыйКод);
{ВнешняяОбработка.xddTestRunner.МодульОбъекта(261)}:			ВыполнитьПроцедуруКонтекста(КонтекстВыполнения, ЭлементДереваТестов.ИмяМетода, ЭлементДереваТестов.Параметры);
{ВнешняяОбработка.xddTestRunner.Форма.УправляемаяФорма.Форма(913)}:	РезультатТестирования = ОбъектНаСервере.ВыполнитьТестовыйМетод(КонтекстВыполнения, ЭлементДереваТестов);
"/>
			</testcase>
			<testcase classname="Проверка чтения не-администраторами - &lt;test&gt;" name="РегистрСведений.ДанныеПоследнихОповещений: Проверка доступа на Чтение Не-Администраторами - &lt;test&gt;" time="0.078" status="failure">
				<failure message="[Failed] Ожидали, что проверяемое значение (Ложь) является ИСТИНОЙ.
РегистрСведений.ДанныеПоследнихОповещений недоступно для чтения ролями без привилегий
{ВнешняяОбработка.УтвержденияBDD.МодульОбъекта(293)}:	ВызватьИсключение Префикс + &quot; &quot; + СообщениеОшибки;
{ВнешняяОбработка.УтвержденияBDD.МодульОбъекта(46)}:		ВызватьОшибкуПроверки(СообщениеОшибки);
{ВнешняяОбработка.УтвержденияBDD.МодульОбъекта(53)}:	Возврат ЭтоИстина();
{ВнешняяОбработка.ПроверкаЧтенияНеАдминистраторами.МодульОбъекта(100)}:	Ожидаем.Что(ЧтениеДоступно, ПолноеИмяМетаданного + &quot; недоступно для чтения ролями без привилегий&quot;).ЕстьИстина();
{(1)}:КонтекстВыполнения.Тест_ПроверитьНеАдминистраторскиеПраваНаЧтение(Параметры[0],Параметры[1]);
{ВнешняяОбработка.xddTestRunner.МодульОбъекта(337)}:	Выполнить(ИcполняемыйКод);
{ВнешняяОбработка.xddTestRunner.МодульОбъекта(261)}:			ВыполнитьПроцедуруКонтекста(КонтекстВыполнения, ЭлементДереваТестов.ИмяМетода, ЭлементДереваТестов.Параметры);
{ВнешняяОбработка.xddTestRunner.Форма.УправляемаяФорма.Форма(913)}:	РезультатТестирования = ОбъектНаСервере.ВыполнитьТестовыйМетод(КонтекстВыполнения, ЭлементДереваТестов);
"/>
			</testcase>
			<testcase classname="Проверка чтения не-администраторами - &lt;test&gt;" name="Документ.РегистрацияПрочихКонтролируемыхСделок: Проверка доступа на Чтение Не-Администраторами - &lt;test&gt;" time="0.016" status="passed"/>
			<testcase classname="Проверка чтения не-администраторами - &lt;test&gt;" name="Константа.ИспользоватьЗаданияНаПеревозкуДляУчетаДоставкиПеревозчиками: Проверка доступа на Чтение Не-Администраторами - &lt;test&gt;" time="0" status="passed"/>
			<testcase classname="Проверка чтения не-администраторами - &lt;test&gt;" name="Справочник.ГруппыВнешнихПользователей: Проверка доступа на Чтение Не-Администраторами - &lt;test&gt;" time="0.016" status="passed"/>
			<testcase classname="Проверка чтения не-администраторами - &lt;test&gt;" name="Справочник.ПриобретениеУслугПоЛизингуПрисоединенныеФайлы: Проверка доступа на Чтение Не-Администраторами - &lt;test&gt;" time="0.016" status="passed"/>
			<testcase classname="Проверка чтения не-администраторами - &lt;test&gt;" name="Справочник.ТОРО_ВидыУчетныхДокументов: Проверка доступа на Чтение Не-Администраторами - &lt;test&gt;" time="0.016" status="passed"/>
			<testcase classname="Проверка чтения не-администраторами - &lt;test&gt;" name="Константа.ИспользоватьМониторингЦелевыхПоказателей: Проверка доступа на Чтение Не-Администраторами - &lt;test&gt;" time="0" status="passed"/>
			<testcase classname="Проверка чтения не-администраторами - &lt;test&gt;" name="Константа.ТОРО_ИспользоватьОповещенияБизнесПроцессов: Проверка доступа на Чтение Не-Администраторами - &lt;test&gt;" time="0.031" status="passed"/>
			<testcase classname="Проверка чтения не-администраторами - &lt;test&gt;" name="РегистрНакопления.ЗаказыНаПеремещение: Проверка доступа на Чтение Не-Администраторами - &lt;test&gt;" time="0.015" status="passed"/>
			<testcase classname="Проверка чтения не-администраторами - &lt;test&gt;" name="Справочник.ОснованияЗаключенияСрочныхТрудовыхДоговоров: Проверка доступа на Чтение Не-Администраторами - &lt;test&gt;" time="0" status="passed"/>
			<testcase classname="Проверка чтения не-администраторами - &lt;test&gt;" name="Справочник.ЗакладкиВзаимодействий: Проверка доступа на Чтение Не-Администраторами - &lt;test&gt;" time="0" status="passed"/>
			<testcase classname="Проверка чтения не-администраторами - &lt;test&gt;" name="Константа.ПредлагатьДополнитьДокументыМногооборотнойТарой: Проверка доступа на Чтение Не-Администраторами - &lt;test&gt;" time="0.016" status="passed"/>
			<testcase classname="Проверка чтения не-администраторами - &lt;test&gt;" name="Документ.УведомлениеОПолучателеДокументов: Проверка доступа на Чтение Не-Администраторами - &lt;test&gt;" time="0.016" status="passed"/>
			<testcase classname="Проверка чтения не-администраторами - &lt;test&gt;" name="РегистрСведений.СпециальностиФизическихЛиц: Проверка доступа на Чтение Не-Администраторами - &lt;test&gt;" time="0" status="passed"/>
			<testcase classname="Проверка чтения не-администраторами - &lt;test&gt;" name="Константа.ТОРО_ОбязательноеЗаполнениеМероприятияЗнВП: Проверка доступа на Чтение Не-Администраторами - &lt;test&gt;" time="0.015" status="passed"/>
			<testcase classname="Проверка чтения не-администраторами - &lt;test&gt;" name="Справочник.ТОРО_ВидыРемонтныхЦиклов: Проверка доступа на Чтение Не-Администраторами - &lt;test&gt;" time="0.015" status="passed"/>
			<testcase classname="Проверка чтения не-администраторами - &lt;test&gt;" name="Справочник.ОперацииНагрузочногоТеста: Проверка доступа на Чтение Не-Администраторами - &lt;test&gt;" time="0.016" status="passed"/>
			<testcase classname="Проверка чтения не-администраторами - &lt;test&gt;" name="Документ.ЗаявкаНаОткрытиеЛицевыхСчетовСотрудников: Проверка доступа на Чтение Не-Администраторами - &lt;test&gt;" time="0" status="passed"/>
			<testcase classname="Проверка чтения не-администраторами - &lt;test&gt;" name="РегистрСведений.ТОРО_ДанныеРасчетаИТС: Проверка доступа на Чтение Не-Администраторами - &lt;test&gt;" time="0.031" status="passed"/>
			<testcase classname="Проверка чтения не-администраторами - &lt;test&gt;" name="Справочник.ПоступлениеБезналичныхДенежныхСредствПрисоединенныеФайлы: Проверка доступа на Чтение Не-Администраторами - &lt;test&gt;" time="0" status="passed"/>
			<testcase classname="Проверка чтения не-администраторами - &lt;test&gt;" name="РегистрСведений.ГрафикиАмортизацииОСБухгалтерскийУчет: Проверка доступа на Чтение Не-Администраторами - &lt;test&gt;" time="0" status="passed"/>
			<testcase classname="Проверка чтения не-администраторами - &lt;test&gt;" name="РегистрНакопления.ОтработанноеВремяПоСотрудникам: Проверка доступа на Чтение Не-Администраторами - &lt;test&gt;" time="0" status="passed"/>
			<testcase classname="Проверка чтения не-администраторами - &lt;test&gt;" name="РегистрСведений.ДампыПлатформы: Проверка доступа на Чтение Не-Администраторами - &lt;test&gt;" time="0.016" status="passed"/>
			<testcase classname="Проверка чтения не-администраторами - &lt;test&gt;" name="Константа.ГлавныйУзел: Проверка доступа на Чтение Не-Администраторами - &lt;test&gt;" time="0" status="passed"/>
			<testcase classname="Проверка чтения не-администраторами - &lt;test&gt;" name="Константа.ТОРО_ИспользоватьИнтеграциюСУПП: Проверка доступа на Чтение Не-Администраторами - &lt;test&gt;" time="0.015" status="passed"/>
			<testcase classname="Проверка чтения не-администраторами - &lt;test&gt;" name="РегистрСведений.ДокументыПоНМА: Проверка доступа на Чтение Не-Администраторами - &lt;test&gt;" time="0" status="passed"/>
			<testcase classname="Проверка чтения не-администраторами - &lt;test&gt;" name="Константа.ИспользоватьСменныеЗадания: Проверка доступа на Чтение Не-Администраторами - &lt;test&gt;" time="0" status="passed"/>
			<testcase classname="Проверка чтения не-администраторами - &lt;test&gt;" name="РегистрСведений.НастройкаЗаполненияСвободныхСтрокФормСтатистики: Проверка доступа на Чтение Не-Администраторами - &lt;test&gt;" time="0" status="passed"/>
			<testcase classname="Проверка чтения не-администраторами - &lt;test&gt;" name="ПланОбмена.Полный: Проверка доступа на Чтение Не-Администраторами - &lt;test&gt;" time="0.047" status="failure">
				<failure message="[Failed] Ожидали, что проверяемое значение (Ложь) является ИСТИНОЙ.
ПланОбмена.Полный недоступно для чтения ролями без привилегий
{ВнешняяОбработка.УтвержденияBDD.МодульОбъекта(293)}:	ВызватьИсключение Префикс + &quot; &quot; + СообщениеОшибки;
{ВнешняяОбработка.УтвержденияBDD.МодульОбъекта(46)}:		ВызватьОшибкуПроверки(СообщениеОшибки);
{ВнешняяОбработка.УтвержденияBDD.МодульОбъекта(53)}:	Возврат ЭтоИстина();
{ВнешняяОбработка.ПроверкаЧтенияНеАдминистраторами.МодульОбъекта(100)}:	Ожидаем.Что(ЧтениеДоступно, ПолноеИмяМетаданного + &quot; недоступно для чтения ролями без привилегий&quot;).ЕстьИстина();
{(1)}:КонтекстВыполнения.Тест_ПроверитьНеАдминистраторскиеПраваНаЧтение(Параметры[0],Параметры[1]);
{ВнешняяОбработка.xddTestRunner.МодульОбъекта(337)}:	Выполнить(ИcполняемыйКод);
{ВнешняяОбработка.xddTestRunner.МодульОбъекта(261)}:			ВыполнитьПроцедуруКонтекста(КонтекстВыполнения, ЭлементДереваТестов.ИмяМетода, ЭлементДереваТестов.Параметры);
{ВнешняяОбработка.xddTestRunner.Форма.УправляемаяФорма.Форма(913)}:	РезультатТестирования = ОбъектНаСервере.ВыполнитьТестовыйМетод(КонтекстВыполнения, ЭлементДереваТестов);
"/>
			</testcase>
			<testcase classname="Проверка чтения не-администраторами - &lt;test&gt;" name="Константа.ИспользоватьУпаковкиНоменклатуры: Проверка доступа на Чтение Не-Администраторами - &lt;test&gt;" time="0" status="passed"/>
			<testcase classname="Проверка чтения не-администраторами - &lt;test&gt;" name="Константа.КонтролироватьОстаткиТоваровОрганизаций: Проверка доступа на Чтение Не-Администраторами - &lt;test&gt;" time="0" status="passed"/>
			<testcase classname="Проверка чтения не-администраторами - &lt;test&gt;" name="Документ.ИзменениеУсловийИсполнительногоЛиста: Проверка доступа на Чтение Не-Администраторами - &lt;test&gt;" time="0" status="passed"/>
			<testcase classname="Проверка чтения не-администраторами - &lt;test&gt;" name="Справочник.СпособыОкругленияПриРасчетеЗарплаты: Проверка доступа на Чтение Не-Администраторами - &lt;test&gt;" time="0" status="passed"/>
			<testcase classname="Проверка чтения не-администраторами - &lt;test&gt;" name="Константа.ИспользоватьФайловоеХранилище1СДокументооборота: Проверка доступа на Чтение Не-Администраторами - &lt;test&gt;" time="0" status="passed"/>
			<testcase classname="Проверка чтения не-администраторами - &lt;test&gt;" name="Константа.ИспользоватьСтатусыЗаказовНаПеремещение: Проверка доступа на Чтение Не-Администраторами - &lt;test&gt;" time="0.016" status="passed"/>
			<testcase classname="Проверка чтения не-администраторами - &lt;test&gt;" name="РегистрСведений.ЖурналОтчетовСтатусы: Проверка доступа на Чтение Не-Администраторами - &lt;test&gt;" time="0.016" status="passed"/>
			<testcase classname="Проверка чтения не-администраторами - &lt;test&gt;" name="Константа.КоличествоПериодовXYZКлассификацииПартнеров: Проверка доступа на Чтение Не-Администраторами - &lt;test&gt;" time="0" status="passed"/>
			<testcase classname="Проверка чтения не-администраторами - &lt;test&gt;" name="Справочник.НематериальныеАктивы: Проверка доступа на Чтение Не-Администраторами - &lt;test&gt;" time="0.016" status="passed"/>
			<testcase classname="Проверка чтения не-администраторами - &lt;test&gt;" name="РегистрНакопления.ЗанятыеПозицииШтатногоРасписания: Проверка доступа на Чтение Не-Администраторами - &lt;test&gt;" time="0.015" status="passed"/>
			<testcase classname="Проверка чтения не-администраторами - &lt;test&gt;" name="Справочник.ПодразделенияОрганизаций: Проверка доступа на Чтение Не-Администраторами - &lt;test&gt;" time="0.016" status="passed"/>
			<testcase classname="Проверка чтения не-администраторами - &lt;test&gt;" name="Документ.РегламентнаяОперация: Проверка доступа на Чтение Не-Администраторами - &lt;test&gt;" time="0.016" status="passed"/>
			<testcase classname="Проверка чтения не-администраторами - &lt;test&gt;" name="Документ.ТОРО_РегистрацияДефектаОборудования: Проверка доступа на Чтение Не-Администраторами - &lt;test&gt;" time="0.015" status="passed"/>
			<testcase classname="Проверка чтения не-администраторами - &lt;test&gt;" name="РегистрСведений.ПараметрыАмортизацииНМАУУ: Проверка доступа на Чтение Не-Администраторами - &lt;test&gt;" time="0.031" status="passed"/>
			<testcase classname="Проверка чтения не-администраторами - &lt;test&gt;" name="РегистрСведений.ДополнительныеРеквизитыУчетнойЗаписи: Проверка доступа на Чтение Не-Администраторами - &lt;test&gt;" time="0" status="passed"/>
			<testcase classname="Проверка чтения не-администраторами - &lt;test&gt;" name="Константа.НеЗакрыватьЗаказыНаПроизводствоБезПолнойОтработки: Проверка доступа на Чтение Не-Администраторами - &lt;test&gt;" time="0.015" status="passed"/>
			<testcase classname="Проверка чтения не-администраторами - &lt;test&gt;" name="РегистрСведений.ДатыОтработкиПоВидамОповещений: Проверка доступа на Чтение Не-Администраторами - &lt;test&gt;" time="0.063" status="failure">
				<failure message="[Failed] Ожидали, что проверяемое значение (Ложь) является ИСТИНОЙ.
РегистрСведений.ДатыОтработкиПоВидамОповещений недоступно для чтения ролями без привилегий
{ВнешняяОбработка.УтвержденияBDD.МодульОбъекта(293)}:	ВызватьИсключение Префикс + &quot; &quot; + СообщениеОшибки;
{ВнешняяОбработка.УтвержденияBDD.МодульОбъекта(46)}:		ВызватьОшибкуПроверки(СообщениеОшибки);
{ВнешняяОбработка.УтвержденияBDD.МодульОбъекта(53)}:	Возврат ЭтоИстина();
{ВнешняяОбработка.ПроверкаЧтенияНеАдминистраторами.МодульОбъекта(100)}:	Ожидаем.Что(ЧтениеДоступно, ПолноеИмяМетаданного + &quot; недоступно для чтения ролями без привилегий&quot;).ЕстьИстина();
{(1)}:КонтекстВыполнения.Тест_ПроверитьНеАдминистраторскиеПраваНаЧтение(Параметры[0],Параметры[1]);
{ВнешняяОбработка.xddTestRunner.МодульОбъекта(337)}:	Выполнить(ИcполняемыйКод);
{ВнешняяОбработка.xddTestRunner.МодульОбъекта(261)}:			ВыполнитьПроцедуруКонтекста(КонтекстВыполнения, ЭлементДереваТестов.ИмяМетода, ЭлементДереваТестов.Параметры);
{ВнешняяОбработка.xddTestRunner.Форма.УправляемаяФорма.Форма(913)}:	РезультатТестирования = ОбъектНаСервере.ВыполнитьТестовыйМетод(КонтекстВыполнения, ЭлементДереваТестов);
"/>
			</testcase>
			<testcase classname="Проверка чтения не-администраторами - &lt;test&gt;" name="Константа.УдалитьИспользуетсяСуммированныйУчетВремени: Проверка доступа на Чтение Не-Администраторами - &lt;test&gt;" time="0.015" status="passed"/>
			<testcase classname="Проверка чтения не-администраторами - &lt;test&gt;" name="Константа.ИспользоватьСертификатыОблачногоСервисаВЭДО: Проверка доступа на Чтение Не-Администраторами - &lt;test&gt;" time="0" status="passed"/>
			<testcase classname="Проверка чтения не-администраторами - &lt;test&gt;" name="РегистрСведений.УдалитьВерсииКлассификаторовОбластейДанных: Проверка доступа на Чтение Не-Администраторами - &lt;test&gt;" time="0.047" status="failure">
				<failure message="[Failed] Ожидали, что проверяемое значение (Ложь) является ИСТИНОЙ.
РегистрСведений.УдалитьВерсииКлассификаторовОбластейДанных недоступно для чтения ролями без привилегий
{ВнешняяОбработка.УтвержденияBDD.МодульОбъекта(293)}:	ВызватьИсключение Префикс + &quot; &quot; + СообщениеОшибки;
{ВнешняяОбработка.УтвержденияBDD.МодульОбъекта(46)}:		ВызватьОшибкуПроверки(СообщениеОшибки);
{ВнешняяОбработка.УтвержденияBDD.МодульОбъекта(53)}:	Возврат ЭтоИстина();
{ВнешняяОбработка.ПроверкаЧтенияНеАдминистраторами.МодульОбъекта(100)}:	Ожидаем.Что(ЧтениеДоступно, ПолноеИмяМетаданного + &quot; недоступно для чтения ролями без привилегий&quot;).ЕстьИстина();
{(1)}:КонтекстВыполнения.Тест_ПроверитьНеАдминистраторскиеПраваНаЧтение(Параметры[0],Параметры[1]);
{ВнешняяОбработка.xddTestRunner.МодульОбъекта(337)}:	Выполнить(ИcполняемыйКод);
{ВнешняяОбработка.xddTestRunner.МодульОбъекта(261)}:			ВыполнитьПроцедуруКонтекста(КонтекстВыполнения, ЭлементДереваТестов.ИмяМетода, ЭлементДереваТестов.Параметры);
{ВнешняяОбработка.xddTestRunner.Форма.УправляемаяФорма.Форма(913)}:	РезультатТестирования = ОбъектНаСервере.ВыполнитьТестовыйМетод(КонтекстВыполнения, ЭлементДереваТестов);
"/>
			</testcase>
			<testcase classname="Проверка чтения не-администраторами - &lt;test&gt;" name="Документ.ЗаданиеНаПеревозку: Проверка доступа на Чтение Не-Администраторами - &lt;test&gt;" time="0" status="passed"/>
			<testcase classname="Проверка чтения не-администраторами - &lt;test&gt;" name="РегистрСведений.СтатусыДокументовВЕТИС: Проверка доступа на Чтение Не-Администраторами - &lt;test&gt;" time="0" status="passed"/>
			<testcase classname="Проверка чтения не-администраторами - &lt;test&gt;" name="Справочник.РеестрДСВ_3ПрисоединенныеФайлы: Проверка доступа на Чтение Не-Администраторами - &lt;test&gt;" time="0" status="passed"/>
			<testcase classname="Проверка чтения не-администраторами - &lt;test&gt;" name="Справочник.ВариантыГрафиковЛизинга: Проверка доступа на Чтение Не-Администраторами - &lt;test&gt;" time="0" status="passed"/>
			<testcase classname="Проверка чтения не-администраторами - &lt;test&gt;" name="Документ.ОтчетБанкаПоОперациямЭквайринга: Проверка доступа на Чтение Не-Администраторами - &lt;test&gt;" time="0.016" status="passed"/>
			<testcase classname="Проверка чтения не-администраторами - &lt;test&gt;" name="Справочник.ТехнологическиеОперации: Проверка доступа на Чтение Не-Администраторами - &lt;test&gt;" time="0.016" status="passed"/>
			<testcase classname="Проверка чтения не-администраторами - &lt;test&gt;" name="Справочник.ПодтверждениеОткрытияЛицевыхСчетовСотрудниковПрисоединенныеФайлы: Проверка доступа на Чтение Не-Администраторами - &lt;test&gt;" time="0.062" status="failure">
				<failure message="[Failed] Ожидали, что проверяемое значение (Ложь) является ИСТИНОЙ.
Справочник.ПодтверждениеОткрытияЛицевыхСчетовСотрудниковПрисоединенныеФайлы недоступно для чтения ролями без привилегий
{ВнешняяОбработка.УтвержденияBDD.МодульОбъекта(293)}:	ВызватьИсключение Префикс + &quot; &quot; + СообщениеОшибки;
{ВнешняяОбработка.УтвержденияBDD.МодульОбъекта(46)}:		ВызватьОшибкуПроверки(СообщениеОшибки);
{ВнешняяОбработка.УтвержденияBDD.МодульОбъекта(53)}:	Возврат ЭтоИстина();
{ВнешняяОбработка.ПроверкаЧтенияНеАдминистраторами.МодульОбъекта(100)}:	Ожидаем.Что(ЧтениеДоступно, ПолноеИмяМетаданного + &quot; недоступно для чтения ролями без привилегий&quot;).ЕстьИстина();
{(1)}:КонтекстВыполнения.Тест_ПроверитьНеАдминистраторскиеПраваНаЧтение(Параметры[0],Параметры[1]);
{ВнешняяОбработка.xddTestRunner.МодульОбъекта(337)}:	Выполнить(ИcполняемыйКод);
{ВнешняяОбработка.xddTestRunner.МодульОбъекта(261)}:			ВыполнитьПроцедуруКонтекста(КонтекстВыполнения, ЭлементДереваТестов.ИмяМетода, ЭлементДереваТестов.Параметры);
{ВнешняяОбработка.xddTestRunner.Форма.УправляемаяФорма.Форма(913)}:	РезультатТестирования = ОбъектНаСервере.ВыполнитьТестовыйМетод(КонтекстВыполнения, ЭлементДереваТестов);
"/>
			</testcase>
			<testcase classname="Проверка чтения не-администраторами - &lt;test&gt;" name="Справочник.ЗначенияКатегорийНовостей: Проверка доступа на Чтение Не-Администраторами - &lt;test&gt;" time="0.016" status="passed"/>
			<testcase classname="Проверка чтения не-администраторами - &lt;test&gt;" name="Константа.ИспользоватьЛимитыРасходаДенежныхСредствПоПодразделениям: Проверка доступа на Чтение Не-Администраторами - &lt;test&gt;" time="0" status="passed"/>
			<testcase classname="Проверка чтения не-администраторами - &lt;test&gt;" name="Константа.НеИспользоватьРасширенноеОбеспечениеПотребностей: Проверка доступа на Чтение Не-Администраторами - &lt;test&gt;" time="0" status="passed"/>
			<testcase classname="Проверка чтения не-администраторами - &lt;test&gt;" name="Константа.ТОРО_ДатаНачалаВеденияАдресногоХранения: Проверка доступа на Чтение Не-Администраторами - &lt;test&gt;" time="0.015" status="passed"/>
			<testcase classname="Проверка чтения не-администраторами - &lt;test&gt;" name="РегистрСведений.ТОРО_СоответствиеМероприятийИНоменклатуры: Проверка доступа на Чтение Не-Администраторами - &lt;test&gt;" time="0.031" status="passed"/>
			<testcase classname="Проверка чтения не-администраторами - &lt;test&gt;" name="РегистрСведений.ЦеныНоменклатуры: Проверка доступа на Чтение Не-Администраторами - &lt;test&gt;" time="0.031" status="passed"/>
			<testcase classname="Проверка чтения не-администраторами - &lt;test&gt;" name="Документ.ВводОстатковВнеоборотныхАктивов2_4: Проверка доступа на Чтение Не-Администраторами - &lt;test&gt;" time="0.046" status="passed"/>
			<testcase classname="Проверка чтения не-администраторами - &lt;test&gt;" name="Константа.ДатаНачалаПримененияПриказа107н: Проверка доступа на Чтение Не-Администраторами - &lt;test&gt;" time="0" status="passed"/>
			<testcase classname="Проверка чтения не-администраторами - &lt;test&gt;" name="Константа.НастройкиЗакрытияМесяца: Проверка доступа на Чтение Не-Администраторами - &lt;test&gt;" time="0.016" status="passed"/>
			<testcase classname="Проверка чтения не-администраторами - &lt;test&gt;" name="РегистрСведений.ТОРО_ВизаДополнительныхСогласующих: Проверка доступа на Чтение Не-Администраторами - &lt;test&gt;" time="0.032" status="passed"/>
			<testcase classname="Проверка чтения не-администраторами - &lt;test&gt;" name="Константа.КонтролироватьВыдачуПодОтчетВРазрезеЦелей: Проверка доступа на Чтение Не-Администраторами - &lt;test&gt;" time="0" status="passed"/>
			<testcase classname="Проверка чтения не-администраторами - &lt;test&gt;" name="Справочник.ДоходыБудущихПериодов: Проверка доступа на Чтение Не-Администраторами - &lt;test&gt;" time="0" status="passed"/>
			<testcase classname="Проверка чтения не-администраторами - &lt;test&gt;" name="Константа.ИспользоватьАктыРасхожденийПослеПеремещения: Проверка доступа на Чтение Не-Администраторами - &lt;test&gt;" time="0" status="passed"/>
			<testcase classname="Проверка чтения не-администраторами - &lt;test&gt;" name="Константа.ДатаУведомленияОНовыхЗадачах: Проверка доступа на Чтение Не-Администраторами - &lt;test&gt;" time="0" status="passed"/>
			<testcase classname="Проверка чтения не-администраторами - &lt;test&gt;" name="РегистрБухгалтерии.Хозрасчетный: Проверка доступа на Чтение Не-Администраторами - &lt;test&gt;" time="0.016" status="passed"/>
			<testcase classname="Проверка чтения не-администраторами - &lt;test&gt;" name="БизнесПроцесс.СогласованиеПродажи: Проверка доступа на Чтение Не-Администраторами - &lt;test&gt;" time="0.015" status="passed"/>
			<testcase classname="Проверка чтения не-администраторами - &lt;test&gt;" name="РегистрНакопления.ТОРО_ЗаказыОперации: Проверка доступа на Чтение Не-Администраторами - &lt;test&gt;" time="0.016" status="passed"/>
			<testcase classname="Проверка чтения не-администраторами - &lt;test&gt;" name="Справочник.ПравилаОбменаСПодключаемымОборудованиемOffline: Проверка доступа на Чтение Не-Администраторами - &lt;test&gt;" time="0" status="passed"/>
			<testcase classname="Проверка чтения не-администраторами - &lt;test&gt;" name="Документ.ИзменениеПараметровНМА2_4: Проверка доступа на Чтение Не-Администраторами - &lt;test&gt;" time="0.016" status="passed"/>
			<testcase classname="Проверка чтения не-администраторами - &lt;test&gt;" name="РегистрСведений.КомментарииСтатистики: Проверка доступа на Чтение Не-Администраторами - &lt;test&gt;" time="0.016" status="passed"/>
			<testcase classname="Проверка чтения не-администраторами - &lt;test&gt;" name="Справочник.ДоговорыКредитовИДепозитов: Проверка доступа на Чтение Не-Администраторами - &lt;test&gt;" time="0" status="passed"/>
			<testcase classname="Проверка чтения не-администраторами - &lt;test&gt;" name="РегистрСведений.ТоварыКДоставке: Проверка доступа на Чтение Не-Администраторами - &lt;test&gt;" time="0" status="passed"/>
			<testcase classname="Проверка чтения не-администраторами - &lt;test&gt;" name="Константа.ВидМаксимальноДопустимыхЦенЗакупки: Проверка доступа на Чтение Не-Администраторами - &lt;test&gt;" time="0.015" status="passed"/>
			<testcase classname="Проверка чтения не-администраторами - &lt;test&gt;" name="РегистрСведений.ПлановыеНачисления: Проверка доступа на Чтение Не-Администраторами - &lt;test&gt;" time="0" status="passed"/>
			<testcase classname="Проверка чтения не-администраторами - &lt;test&gt;" name="Константа.АктуализироватьВзаиморасчетыПриПроведенииДокументов: Проверка доступа на Чтение Не-Администраторами - &lt;test&gt;" time="0" status="passed"/>
			<testcase classname="Проверка чтения не-администраторами - &lt;test&gt;" name="РегистрСведений.ТОРО_ОшибкиРасчетаИТССтанции: Проверка доступа на Чтение Не-Администраторами - &lt;test&gt;" time="0.015" status="passed"/>
			<testcase classname="Проверка чтения не-администраторами - &lt;test&gt;" name="Константа.ИспользоватьАктыРасхожденийПослеОтгрузкиПоОтгрузкамТоваровСХранения: Проверка доступа на Чтение Не-Администраторами - &lt;test&gt;" time="0" status="passed"/>
			<testcase classname="Проверка чтения не-администраторами - &lt;test&gt;" name="ПланВидовХарактеристик.СтатьиАктивовПассивов: Проверка доступа на Чтение Не-Администраторами - &lt;test&gt;" time="0" status="passed"/>
			<testcase classname="Проверка чтения не-администраторами - &lt;test&gt;" name="РегистрСведений.ПрименениеДополнительныхПериодическихПоказателейРасчетаЗарплатыСотрудниковИспр: Проверка доступа на Чтение Не-Администраторами - &lt;test&gt;" time="0.047" status="failure">
				<failure message="[Failed] Ожидали, что проверяемое значение (Ложь) является ИСТИНОЙ.
РегистрСведений.ПрименениеДополнительныхПериодическихПоказателейРасчетаЗарплатыСотрудниковИспр недоступно для чтения ролями без привилегий
{ВнешняяОбработка.УтвержденияBDD.МодульОбъекта(293)}:	ВызватьИсключение Префикс + &quot; &quot; + СообщениеОшибки;
{ВнешняяОбработка.УтвержденияBDD.МодульОбъекта(46)}:		ВызватьОшибкуПроверки(СообщениеОшибки);
{ВнешняяОбработка.УтвержденияBDD.МодульОбъекта(53)}:	Возврат ЭтоИстина();
{ВнешняяОбработка.ПроверкаЧтенияНеАдминистраторами.МодульОбъекта(100)}:	Ожидаем.Что(ЧтениеДоступно, ПолноеИмяМетаданного + &quot; недоступно для чтения ролями без привилегий&quot;).ЕстьИстина();
{(1)}:КонтекстВыполнения.Тест_ПроверитьНеАдминистраторскиеПраваНаЧтение(Параметры[0],Параметры[1]);
{ВнешняяОбработка.xddTestRunner.МодульОбъекта(337)}:	Выполнить(ИcполняемыйКод);
{ВнешняяОбработка.xddTestRunner.МодульОбъекта(261)}:			ВыполнитьПроцедуруКонтекста(КонтекстВыполнения, ЭлементДереваТестов.ИмяМетода, ЭлементДереваТестов.Параметры);
{ВнешняяОбработка.xddTestRunner.Форма.УправляемаяФорма.Форма(913)}:	РезультатТестирования = ОбъектНаСервере.ВыполнитьТестовыйМетод(КонтекстВыполнения, ЭлементДереваТестов);
"/>
			</testcase>
			<testcase classname="Проверка чтения не-администраторами - &lt;test&gt;" name="РегистрСведений.СвязиПоказателейБюджетов: Проверка доступа на Чтение Не-Администраторами - &lt;test&gt;" time="0.016" status="passed"/>
			<testcase classname="Проверка чтения не-администраторами - &lt;test&gt;" name="Константа.ПорядокОформленияВыкупаПриСписанииТоваров: Проверка доступа на Чтение Не-Администраторами - &lt;test&gt;" time="0" status="passed"/>
			<testcase classname="Проверка чтения не-администраторами - &lt;test&gt;" name="Документ.Встреча: Проверка доступа на Чтение Не-Администраторами - &lt;test&gt;" time="0" status="passed"/>
			<testcase classname="Проверка чтения не-администраторами - &lt;test&gt;" name="РегистрСведений.НастройкиУчетныхСистем: Проверка доступа на Чтение Не-Администраторами - &lt;test&gt;" time="0.047" status="failure">
				<failure message="[Failed] Ожидали, что проверяемое значение (Ложь) является ИСТИНОЙ.
РегистрСведений.НастройкиУчетныхСистем недоступно для чтения ролями без привилегий
{ВнешняяОбработка.УтвержденияBDD.МодульОбъекта(293)}:	ВызватьИсключение Префикс + &quot; &quot; + СообщениеОшибки;
{ВнешняяОбработка.УтвержденияBDD.МодульОбъекта(46)}:		ВызватьОшибкуПроверки(СообщениеОшибки);
{ВнешняяОбработка.УтвержденияBDD.МодульОбъекта(53)}:	Возврат ЭтоИстина();
{ВнешняяОбработка.ПроверкаЧтенияНеАдминистраторами.МодульОбъекта(100)}:	Ожидаем.Что(ЧтениеДоступно, ПолноеИмяМетаданного + &quot; недоступно для чтения ролями без привилегий&quot;).ЕстьИстина();
{(1)}:КонтекстВыполнения.Тест_ПроверитьНеАдминистраторскиеПраваНаЧтение(Параметры[0],Параметры[1]);
{ВнешняяОбработка.xddTestRunner.МодульОбъекта(337)}:	Выполнить(ИcполняемыйКод);
{ВнешняяОбработка.xddTestRunner.МодульОбъекта(261)}:			ВыполнитьПроцедуруКонтекста(КонтекстВыполнения, ЭлементДереваТестов.ИмяМетода, ЭлементДереваТестов.Параметры);
{ВнешняяОбработка.xddTestRunner.Форма.УправляемаяФорма.Форма(913)}:	РезультатТестирования = ОбъектНаСервере.ВыполнитьТестовыйМетод(КонтекстВыполнения, ЭлементДереваТестов);
"/>
			</testcase>
			<testcase classname="Проверка чтения не-администраторами - &lt;test&gt;" name="РегистрСведений.ПредварительныеПерерасчеты: Проверка доступа на Чтение Не-Администраторами - &lt;test&gt;" time="0.063" status="failure">
				<failure message="[Failed] Ожидали, что проверяемое значение (Ложь) является ИСТИНОЙ.
РегистрСведений.ПредварительныеПерерасчеты недоступно для чтения ролями без привилегий
{ВнешняяОбработка.УтвержденияBDD.МодульОбъекта(293)}:	ВызватьИсключение Префикс + &quot; &quot; + СообщениеОшибки;
{ВнешняяОбработка.УтвержденияBDD.МодульОбъекта(46)}:		ВызватьОшибкуПроверки(СообщениеОшибки);
{ВнешняяОбработка.УтвержденияBDD.МодульОбъекта(53)}:	Возврат ЭтоИстина();
{ВнешняяОбработка.ПроверкаЧтенияНеАдминистраторами.МодульОбъекта(100)}:	Ожидаем.Что(ЧтениеДоступно, ПолноеИмяМетаданного + &quot; недоступно для чтения ролями без привилегий&quot;).ЕстьИстина();
{(1)}:КонтекстВыполнения.Тест_ПроверитьНеАдминистраторскиеПраваНаЧтение(Параметры[0],Параметры[1]);
{ВнешняяОбработка.xddTestRunner.МодульОбъекта(337)}:	Выполнить(ИcполняемыйКод);
{ВнешняяОбработка.xddTestRunner.МодульОбъекта(261)}:			ВыполнитьПроцедуруКонтекста(КонтекстВыполнения, ЭлементДереваТестов.ИмяМетода, ЭлементДереваТестов.Параметры);
{ВнешняяОбработка.xddTestRunner.Форма.УправляемаяФорма.Форма(913)}:	РезультатТестирования = ОбъектНаСервере.ВыполнитьТестовыйМетод(КонтекстВыполнения, ЭлементДереваТестов);
"/>
			</testcase>
			<testcase classname="Проверка чтения не-администраторами - &lt;test&gt;" name="РегистрСведений.ТерриторииСотрудниковИспр: Проверка доступа на Чтение Не-Администраторами - &lt;test&gt;" time="0.047" status="failure">
				<failure message="[Failed] Ожидали, что проверяемое значение (Ложь) является ИСТИНОЙ.
РегистрСведений.ТерриторииСотрудниковИспр недоступно для чтения ролями без привилегий
{ВнешняяОбработка.УтвержденияBDD.МодульОбъекта(293)}:	ВызватьИсключение Префикс + &quot; &quot; + СообщениеОшибки;
{ВнешняяОбработка.УтвержденияBDD.МодульОбъекта(46)}:		ВызватьОшибкуПроверки(СообщениеОшибки);
{ВнешняяОбработка.УтвержденияBDD.МодульОбъекта(53)}:	Возврат ЭтоИстина();
{ВнешняяОбработка.ПроверкаЧтенияНеАдминистраторами.МодульОбъекта(100)}:	Ожидаем.Что(ЧтениеДоступно, ПолноеИмяМетаданного + &quot; недоступно для чтения ролями без привилегий&quot;).ЕстьИстина();
{(1)}:КонтекстВыполнения.Тест_ПроверитьНеАдминистраторскиеПраваНаЧтение(Параметры[0],Параметры[1]);
{ВнешняяОбработка.xddTestRunner.МодульОбъекта(337)}:	Выполнить(ИcполняемыйКод);
{ВнешняяОбработка.xddTestRunner.МодульОбъекта(261)}:			ВыполнитьПроцедуруКонтекста(КонтекстВыполнения, ЭлементДереваТестов.ИмяМетода, ЭлементДереваТестов.Параметры);
{ВнешняяОбработка.xddTestRunner.Форма.УправляемаяФорма.Форма(913)}:	РезультатТестирования = ОбъектНаСервере.ВыполнитьТестовыйМетод(КонтекстВыполнения, ЭлементДереваТестов);
"/>
			</testcase>
			<testcase classname="Проверка чтения не-администраторами - &lt;test&gt;" name="Константа.ЕдиницаИзмеренияОбъема: Проверка доступа на Чтение Не-Администраторами - &lt;test&gt;" time="0" status="passed"/>
			<testcase classname="Проверка чтения не-администраторами - &lt;test&gt;" name="Справочник.ТОРО_ДиапазоныОтклоненияИТС: Проверка доступа на Чтение Не-Администраторами - &lt;test&gt;" time="0.016" status="passed"/>
			<testcase classname="Проверка чтения не-администраторами - &lt;test&gt;" name="Константа.ИспользоватьУведомленияОКонтролируемыхСделках: Проверка доступа на Чтение Не-Администраторами - &lt;test&gt;" time="0" status="passed"/>
			<testcase classname="Проверка чтения не-администраторами - &lt;test&gt;" name="РегистрНакопления.ПрочиеРасходы: Проверка доступа на Чтение Не-Администраторами - &lt;test&gt;" time="0.016" status="passed"/>
			<testcase classname="Проверка чтения не-администраторами - &lt;test&gt;" name="Документ.РегистрацияДефекта: Проверка доступа на Чтение Не-Администраторами - &lt;test&gt;" time="0.015" status="passed"/>
			<testcase classname="Проверка чтения не-администраторами - &lt;test&gt;" name="РегистрСведений.НумераторПачекПФР: Проверка доступа на Чтение Не-Администраторами - &lt;test&gt;" time="0.016" status="passed"/>
			<testcase classname="Проверка чтения не-администраторами - &lt;test&gt;" name="РегистрСведений.ПротоколыРасчетаПартийИСебестоимости: Проверка доступа на Чтение Не-Администраторами - &lt;test&gt;" time="0" status="passed"/>
			<testcase classname="Проверка чтения не-администраторами - &lt;test&gt;" name="Документ.ВозвратСырьяОтПереработчика: Проверка доступа на Чтение Не-Администраторами - &lt;test&gt;" time="0" status="passed"/>
			<testcase classname="Проверка чтения не-администраторами - &lt;test&gt;" name="РегистрНакопления.ДвиженияДоходыРасходыПрочиеАктивыПассивы: Проверка доступа на Чтение Не-Администраторами - &lt;test&gt;" time="0.032" status="passed"/>
			<testcase classname="Проверка чтения не-администраторами - &lt;test&gt;" name="Справочник.РолиИсполнителей: Проверка доступа на Чтение Не-Администраторами - &lt;test&gt;" time="0.016" status="passed"/>
			<testcase classname="Проверка чтения не-администраторами - &lt;test&gt;" name="РегистрСведений.ФайлыОбластейДанных: Проверка доступа на Чтение Не-Администраторами - &lt;test&gt;" time="0.047" status="failure">
				<failure message="[Failed] Ожидали, что проверяемое значение (Ложь) является ИСТИНОЙ.
РегистрСведений.ФайлыОбластейДанных недоступно для чтения ролями без привилегий
{ВнешняяОбработка.УтвержденияBDD.МодульОбъекта(293)}:	ВызватьИсключение Префикс + &quot; &quot; + СообщениеОшибки;
{ВнешняяОбработка.УтвержденияBDD.МодульОбъекта(46)}:		ВызватьОшибкуПроверки(СообщениеОшибки);
{ВнешняяОбработка.УтвержденияBDD.МодульОбъекта(53)}:	Возврат ЭтоИстина();
{ВнешняяОбработка.ПроверкаЧтенияНеАдминистраторами.МодульОбъекта(100)}:	Ожидаем.Что(ЧтениеДоступно, ПолноеИмяМетаданного + &quot; недоступно для чтения ролями без привилегий&quot;).ЕстьИстина();
{(1)}:КонтекстВыполнения.Тест_ПроверитьНеАдминистраторскиеПраваНаЧтение(Параметры[0],Параметры[1]);
{ВнешняяОбработка.xddTestRunner.МодульОбъекта(337)}:	Выполнить(ИcполняемыйКод);
{ВнешняяОбработка.xddTestRunner.МодульОбъекта(261)}:			ВыполнитьПроцедуруКонтекста(КонтекстВыполнения, ЭлементДереваТестов.ИмяМетода, ЭлементДереваТестов.Параметры);
{ВнешняяОбработка.xddTestRunner.Форма.УправляемаяФорма.Форма(913)}:	РезультатТестирования = ОбъектНаСервере.ВыполнитьТестовыйМетод(КонтекстВыполнения, ЭлементДереваТестов);
"/>
			</testcase>
			<testcase classname="Проверка чтения не-администраторами - &lt;test&gt;" name="Константа.ТОРО_ОбязательноеЗаполнениеСтатьиКБКЗнВП: Проверка доступа на Чтение Не-Администраторами - &lt;test&gt;" time="0.016" status="passed"/>
			<testcase classname="Проверка чтения не-администраторами - &lt;test&gt;" name="Справочник.Марки: Проверка доступа на Чтение Не-Администраторами - &lt;test&gt;" time="0" status="passed"/>
			<testcase classname="Проверка чтения не-администраторами - &lt;test&gt;" name="РегистрСведений.НормативнаяДлительностьЭтаповПроизводства: Проверка доступа на Чтение Не-Администраторами - &lt;test&gt;" time="0.016" status="passed"/>
			<testcase classname="Проверка чтения не-администраторами - &lt;test&gt;" name="РегистрСведений.УдалитьИсторияИспользованияПодразделений: Проверка доступа на Чтение Не-Администраторами - &lt;test&gt;" time="0.062" status="failure">
				<failure message="[Failed] Ожидали, что проверяемое значение (Ложь) является ИСТИНОЙ.
РегистрСведений.УдалитьИсторияИспользованияПодразделений недоступно для чтения ролями без привилегий
{ВнешняяОбработка.УтвержденияBDD.МодульОбъекта(293)}:	ВызватьИсключение Префикс + &quot; &quot; + СообщениеОшибки;
{ВнешняяОбработка.УтвержденияBDD.МодульОбъекта(46)}:		ВызватьОшибкуПроверки(СообщениеОшибки);
{ВнешняяОбработка.УтвержденияBDD.МодульОбъекта(53)}:	Возврат ЭтоИстина();
{ВнешняяОбработка.ПроверкаЧтенияНеАдминистраторами.МодульОбъекта(100)}:	Ожидаем.Что(ЧтениеДоступно, ПолноеИмяМетаданного + &quot; недоступно для чтения ролями без привилегий&quot;).ЕстьИстина();
{(1)}:КонтекстВыполнения.Тест_ПроверитьНеАдминистраторскиеПраваНаЧтение(Параметры[0],Параметры[1]);
{ВнешняяОбработка.xddTestRunner.МодульОбъекта(337)}:	Выполнить(ИcполняемыйКод);
{ВнешняяОбработка.xddTestRunner.МодульОбъекта(261)}:			ВыполнитьПроцедуруКонтекста(КонтекстВыполнения, ЭлементДереваТестов.ИмяМетода, ЭлементДереваТестов.Параметры);
{ВнешняяОбработка.xddTestRunner.Форма.УправляемаяФорма.Форма(913)}:	РезультатТестирования = ОбъектНаСервере.ВыполнитьТестовыйМетод(КонтекстВыполнения, ЭлементДереваТестов);
"/>
			</testcase>
			<testcase classname="Проверка чтения не-администраторами - &lt;test&gt;" name="Справочник.ВидыВычетовНДФЛ: Проверка доступа на Чтение Не-Администраторами - &lt;test&gt;" time="0" status="passed"/>
			<testcase classname="Проверка чтения не-администраторами - &lt;test&gt;" name="РегистрСведений.СтатусФизическихЛицКакНалогоплательщиковНДФЛ: Проверка доступа на Чтение Не-Администраторами - &lt;test&gt;" time="0" status="passed"/>
			<testcase classname="Проверка чтения не-администраторами - &lt;test&gt;" name="Документ.НачислениеСписаниеРезервовПоСомнительнымДолгам: Проверка доступа на Чтение Не-Администраторами - &lt;test&gt;" time="0" status="passed"/>
			<testcase classname="Проверка чтения не-администраторами - &lt;test&gt;" name="РегистрНакопления.УдержанияПоИсполнительнымДокументам: Проверка доступа на Чтение Не-Администраторами - &lt;test&gt;" time="0.016" status="passed"/>
			<testcase classname="Проверка чтения не-администраторами - &lt;test&gt;" name="РегистрСведений.СезонныеКоэффициенты: Проверка доступа на Чтение Не-Администраторами - &lt;test&gt;" time="0.015" status="passed"/>
			<testcase classname="Проверка чтения не-администраторами - &lt;test&gt;" name="РегистрСведений.ПроцентныеСтавкиФинансовыхИнструментов: Проверка доступа на Чтение Не-Администраторами - &lt;test&gt;" time="0" status="passed"/>
			<testcase classname="Проверка чтения не-администраторами - &lt;test&gt;" name="Справочник.ОтраслиНауки: Проверка доступа на Чтение Не-Администраторами - &lt;test&gt;" time="0.016" status="passed"/>
			<testcase classname="Проверка чтения не-администраторами - &lt;test&gt;" name="Документ.ВнутреннееПотреблениеТоваров: Проверка доступа на Чтение Не-Администраторами - &lt;test&gt;" time="0.015" status="passed"/>
			<testcase classname="Проверка чтения не-администраторами - &lt;test&gt;" name="РегистрНакопления.ДанныеОВремениДляРасчетаСреднегоОбщий: Проверка доступа на Чтение Не-Администраторами - &lt;test&gt;" time="0.016" status="passed"/>
			<testcase classname="Проверка чтения не-администраторами - &lt;test&gt;" name="Справочник.БизнесРегионы: Проверка доступа на Чтение Не-Администраторами - &lt;test&gt;" time="0" status="passed"/>
			<testcase classname="Проверка чтения не-администраторами - &lt;test&gt;" name="РегистрСведений.СостоянияКонтрагентов: Проверка доступа на Чтение Не-Администраторами - &lt;test&gt;" time="0" status="passed"/>
			<testcase classname="Проверка чтения не-администраторами - &lt;test&gt;" name="Константа.ИспользоватьРасчетЗарплатыИСтатьиФинансированияЗарплата: Проверка доступа на Чтение Не-Администраторами - &lt;test&gt;" time="0" status="passed"/>
			<testcase classname="Проверка чтения не-администраторами - &lt;test&gt;" name="Константа.НеИспользоватьРазделениеПоОбластямДанныхИЭтоКА: Проверка доступа на Чтение Не-Администраторами - &lt;test&gt;" time="0.016" status="passed"/>
			<testcase classname="Проверка чтения не-администраторами - &lt;test&gt;" name="РегистрСведений.НастройкиШтатногоРасписания: Проверка доступа на Чтение Не-Администраторами - &lt;test&gt;" time="0" status="passed"/>
			<testcase classname="Проверка чтения не-администраторами - &lt;test&gt;" name="РегистрСведений.СтандартныеВычетыФизическихЛицНДФЛ: Проверка доступа на Чтение Не-Администраторами - &lt;test&gt;" time="0.015" status="passed"/>
			<testcase classname="Проверка чтения не-администраторами - &lt;test&gt;" name="Константа.НеИспользоватьНесколькоОрганизаций: Проверка доступа на Чтение Не-Администраторами - &lt;test&gt;" time="0" status="passed"/>
			<testcase classname="Проверка чтения не-администраторами - &lt;test&gt;" name="Справочник.СообщенияСистемы: Проверка доступа на Чтение Не-Администраторами - &lt;test&gt;" time="0.031" status="passed"/>
			<testcase classname="Проверка чтения не-администраторами - &lt;test&gt;" name="Задача.БюджетнаяЗадача: Проверка доступа на Чтение Не-Администраторами - &lt;test&gt;" time="0" status="passed"/>
			<testcase classname="Проверка чтения не-администраторами - &lt;test&gt;" name="Справочник.СкладскиеЯчейки: Проверка доступа на Чтение Не-Администраторами - &lt;test&gt;" time="0" status="passed"/>
			<testcase classname="Проверка чтения не-администраторами - &lt;test&gt;" name="Документ.ОтгрузкаТоваровСХранения: Проверка доступа на Чтение Не-Администраторами - &lt;test&gt;" time="0" status="passed"/>
			<testcase classname="Проверка чтения не-администраторами - &lt;test&gt;" name="Константа.ИспользоватьУчетДрагоценныхМатериалов: Проверка доступа на Чтение Не-Администраторами - &lt;test&gt;" time="0.016" status="passed"/>
			<testcase classname="Проверка чтения не-администраторами - &lt;test&gt;" name="Справочник.ВерсииМобильныхПриложений: Проверка доступа на Чтение Не-Администраторами - &lt;test&gt;" time="0.015" status="passed"/>
			<testcase classname="Проверка чтения не-администраторами - &lt;test&gt;" name="РегистрНакопления.ОстаткиАлкогольнойПродукцииЕГАИС: Проверка доступа на Чтение Не-Администраторами - &lt;test&gt;" time="0" status="passed"/>
			<testcase classname="Проверка чтения не-администраторами - &lt;test&gt;" name="Справочник.ПользовательскиеНастройкиОтчетов: Проверка доступа на Чтение Не-Администраторами - &lt;test&gt;" time="0" status="passed"/>
			<testcase classname="Проверка чтения не-администраторами - &lt;test&gt;" name="РегистрСведений.ТОРО_ВыполнениеОпераций: Проверка доступа на Чтение Не-Администраторами - &lt;test&gt;" time="0.016" status="passed"/>
			<testcase classname="Проверка чтения не-администраторами - &lt;test&gt;" name="РегистрСведений.ДоходыПредыдущегоМестаРаботыНДФЛ: Проверка доступа на Чтение Не-Администраторами - &lt;test&gt;" time="0.016" status="passed"/>
			<testcase classname="Проверка чтения не-администраторами - &lt;test&gt;" name="РегистрСведений.ПланированиеЗагрузкиВидовРабочихЦентров: Проверка доступа на Чтение Не-Администраторами - &lt;test&gt;" time="0" status="passed"/>
			<testcase classname="Проверка чтения не-администраторами - &lt;test&gt;" name="РегистрСведений.ABCXYZКлассификацияНоменклатуры: Проверка доступа на Чтение Не-Администраторами - &lt;test&gt;" time="0" status="passed"/>
			<testcase classname="Проверка чтения не-администраторами - &lt;test&gt;" name="РегистрСведений.ДополнительныеНастройкиЗарплатаКадры: Проверка доступа на Чтение Не-Администраторами - &lt;test&gt;" time="0" status="passed"/>
			<testcase classname="Проверка чтения не-администраторами - &lt;test&gt;" name="Справочник.АктВыполненныхРаботПрисоединенныеФайлы: Проверка доступа на Чтение Не-Администраторами - &lt;test&gt;" time="0" status="passed"/>
			<testcase classname="Проверка чтения не-администраторами - &lt;test&gt;" name="Справочник.Справки2ЕГАИС: Проверка доступа на Чтение Не-Администраторами - &lt;test&gt;" time="0" status="passed"/>
			<testcase classname="Проверка чтения не-администраторами - &lt;test&gt;" name="Документ.ТОРО_ОтменаЗаказов: Проверка доступа на Чтение Не-Администраторами - &lt;test&gt;" time="0.016" status="passed"/>
			<testcase classname="Проверка чтения не-администраторами - &lt;test&gt;" name="РегистрСведений.ЗначенияГруппДоступа: Проверка доступа на Чтение Не-Администраторами - &lt;test&gt;" time="0.062" status="failure">
				<failure message="[Failed] Ожидали, что проверяемое значение (Ложь) является ИСТИНОЙ.
РегистрСведений.ЗначенияГруппДоступа недоступно для чтения ролями без привилегий
{ВнешняяОбработка.УтвержденияBDD.МодульОбъекта(293)}:	ВызватьИсключение Префикс + &quot; &quot; + СообщениеОшибки;
{ВнешняяОбработка.УтвержденияBDD.МодульОбъекта(46)}:		ВызватьОшибкуПроверки(СообщениеОшибки);
{ВнешняяОбработка.УтвержденияBDD.МодульОбъекта(53)}:	Возврат ЭтоИстина();
{ВнешняяОбработка.ПроверкаЧтенияНеАдминистраторами.МодульОбъекта(100)}:	Ожидаем.Что(ЧтениеДоступно, ПолноеИмяМетаданного + &quot; недоступно для чтения ролями без привилегий&quot;).ЕстьИстина();
{(1)}:КонтекстВыполнения.Тест_ПроверитьНеАдминистраторскиеПраваНаЧтение(Параметры[0],Параметры[1]);
{ВнешняяОбработка.xddTestRunner.МодульОбъекта(337)}:	Выполнить(ИcполняемыйКод);
{ВнешняяОбработка.xddTestRunner.МодульОбъекта(261)}:			ВыполнитьПроцедуруКонтекста(КонтекстВыполнения, ЭлементДереваТестов.ИмяМетода, ЭлементДереваТестов.Параметры);
{ВнешняяОбработка.xddTestRunner.Форма.УправляемаяФорма.Форма(913)}:	РезультатТестирования = ОбъектНаСервере.ВыполнитьТестовыйМетод(КонтекстВыполнения, ЭлементДереваТестов);
"/>
			</testcase>
			<testcase classname="Проверка чтения не-администраторами - &lt;test&gt;" name="Константа.НеФормироватьФинансовыйРезультат: Проверка доступа на Чтение Не-Администраторами - &lt;test&gt;" time="0" status="passed"/>
			<testcase classname="Проверка чтения не-администраторами - &lt;test&gt;" name="Константа.НеЗакрыватьЗаказыНаПеремещениеБезПолнойОтгрузки: Проверка доступа на Чтение Не-Администраторами - &lt;test&gt;" time="0" status="passed"/>
			<testcase classname="Проверка чтения не-администраторами - &lt;test&gt;" name="РегистрСведений.ГрафикПлатежей: Проверка доступа на Чтение Не-Администраторами - &lt;test&gt;" time="0.015" status="passed"/>
			<testcase classname="Проверка чтения не-администраторами - &lt;test&gt;" name="Справочник.ТЦСценарии: Проверка доступа на Чтение Не-Администраторами - &lt;test&gt;" time="0.016" status="passed"/>
			<testcase classname="Проверка чтения не-администраторами - &lt;test&gt;" name="Справочник.Контрагенты: Проверка доступа на Чтение Не-Администраторами - &lt;test&gt;" time="0" status="passed"/>
			<testcase classname="Проверка чтения не-администраторами - &lt;test&gt;" name="РегистрСведений.НастройкиИнтеграцииСоСпринтером: Проверка доступа на Чтение Не-Администраторами - &lt;test&gt;" time="0" status="passed"/>
			<testcase classname="Проверка чтения не-администраторами - &lt;test&gt;" name="Справочник.ВариантыКомплектацииНоменклатуры: Проверка доступа на Чтение Не-Администраторами - &lt;test&gt;" time="0.016" status="passed"/>
			<testcase classname="Проверка чтения не-администраторами - &lt;test&gt;" name="РегистрНакопления.ПланыПотребленияКомплектующих: Проверка доступа на Чтение Не-Администраторами - &lt;test&gt;" time="0.016" status="passed"/>
			<testcase classname="Проверка чтения не-администраторами - &lt;test&gt;" name="РегистрСведений.ИндексыСПАРКРиски: Проверка доступа на Чтение Не-Администраторами - &lt;test&gt;" time="0.031" status="passed"/>
			<testcase classname="Проверка чтения не-администраторами - &lt;test&gt;" name="РегистрНакопления.ТОРО_ЗаказыТрудовыеРесурсы: Проверка доступа на Чтение Не-Администраторами - &lt;test&gt;" time="0.032" status="passed"/>
			<testcase classname="Проверка чтения не-администраторами - &lt;test&gt;" name="ПланСчетов.Международный: Проверка доступа на Чтение Не-Администраторами - &lt;test&gt;" time="0.015" status="passed"/>
			<testcase classname="Проверка чтения не-администраторами - &lt;test&gt;" name="Справочник.ПереченьДолжностейДляБронированияГраждан: Проверка доступа на Чтение Не-Администраторами - &lt;test&gt;" time="0" status="passed"/>
			<testcase classname="Проверка чтения не-администраторами - &lt;test&gt;" name="Справочник.ВариантыКлассификацииЗадолженности: Проверка доступа на Чтение Не-Администраторами - &lt;test&gt;" time="0.016" status="passed"/>
			<testcase classname="Проверка чтения не-администраторами - &lt;test&gt;" name="РегистрСведений.УдалитьДополнительныеФайлыУведомлений: Проверка доступа на Чтение Не-Администраторами - &lt;test&gt;" time="0.015" status="passed"/>
			<testcase classname="Проверка чтения не-администраторами - &lt;test&gt;" name="РегистрСведений.НастройкиОбменаРПН: Проверка доступа на Чтение Не-Администраторами - &lt;test&gt;" time="0.015" status="passed"/>
			<testcase classname="Проверка чтения не-администраторами - &lt;test&gt;" name="РегистрСведений.БухучетЗарплатыПервичныхДокументов: Проверка доступа на Чтение Не-Администраторами - &lt;test&gt;" time="0" status="passed"/>
			<testcase classname="Проверка чтения не-администраторами - &lt;test&gt;" name="РегистрСведений.mdm_ИсторияИзмененийСправочников: Проверка доступа на Чтение Не-Администраторами - &lt;test&gt;" time="0" status="passed"/>
			<testcase classname="Проверка чтения не-администраторами - &lt;test&gt;" name="Справочник.ТОРО_СопоставлениеПараметровИТССЧислом: Проверка доступа на Чтение Не-Администраторами - &lt;test&gt;" time="0.016" status="passed"/>
			<testcase classname="Проверка чтения не-администраторами - &lt;test&gt;" name="Справочник.РеализацияУслугПрочихАктивовПрисоединенныеФайлы: Проверка доступа на Чтение Не-Администраторами - &lt;test&gt;" time="0.015" status="passed"/>
			<testcase classname="Проверка чтения не-администраторами - &lt;test&gt;" name="РегистрСведений.РеестрДокументов: Проверка доступа на Чтение Не-Администраторами - &lt;test&gt;" time="0" status="passed"/>
			<testcase classname="Проверка чтения не-администраторами - &lt;test&gt;" name="РегистрНакопления.СебестоимостьТоваров: Проверка доступа на Чтение Не-Администраторами - &lt;test&gt;" time="0.031" status="passed"/>
			<testcase classname="Проверка чтения не-администраторами - &lt;test&gt;" name="РегистрСведений.НастройкиОтправителя: Проверка доступа на Чтение Не-Администраторами - &lt;test&gt;" time="0.032" status="passed"/>
			<testcase classname="Проверка чтения не-администраторами - &lt;test&gt;" name="Документ.НачисленияКредитовИДепозитов: Проверка доступа на Чтение Не-Администраторами - &lt;test&gt;" time="0" status="passed"/>
			<testcase classname="Проверка чтения не-администраторами - &lt;test&gt;" name="Справочник.ТОРО_ПравилаИнтеграцииАСУД: Проверка доступа на Чтение Не-Администраторами - &lt;test&gt;" time="0.016" status="passed"/>
			<testcase classname="Проверка чтения не-администраторами - &lt;test&gt;" name="Константа.ИспользоватьУчетПрочихДоходовРасходов: Проверка доступа на Чтение Не-Администраторами - &lt;test&gt;" time="0" status="passed"/>
			<testcase classname="Проверка чтения не-администраторами - &lt;test&gt;" name="Справочник.УдалитьОрганыПФР: Проверка доступа на Чтение Не-Администраторами - &lt;test&gt;" time="0.062" status="failure">
				<failure message="[Failed] Ожидали, что проверяемое значение (Ложь) является ИСТИНОЙ.
Справочник.УдалитьОрганыПФР недоступно для чтения ролями без привилегий
{ВнешняяОбработка.УтвержденияBDD.МодульОбъекта(293)}:	ВызватьИсключение Префикс + &quot; &quot; + СообщениеОшибки;
{ВнешняяОбработка.УтвержденияBDD.МодульОбъекта(46)}:		ВызватьОшибкуПроверки(СообщениеОшибки);
{ВнешняяОбработка.УтвержденияBDD.МодульОбъекта(53)}:	Возврат ЭтоИстина();
{ВнешняяОбработка.ПроверкаЧтенияНеАдминистраторами.МодульОбъекта(100)}:	Ожидаем.Что(ЧтениеДоступно, ПолноеИмяМетаданного + &quot; недоступно для чтения ролями без привилегий&quot;).ЕстьИстина();
{(1)}:КонтекстВыполнения.Тест_ПроверитьНеАдминистраторскиеПраваНаЧтение(Параметры[0],Параметры[1]);
{ВнешняяОбработка.xddTestRunner.МодульОбъекта(337)}:	Выполнить(ИcполняемыйКод);
{ВнешняяОбработка.xddTestRunner.МодульОбъекта(261)}:			ВыполнитьПроцедуруКонтекста(КонтекстВыполнения, ЭлементДереваТестов.ИмяМетода, ЭлементДереваТестов.Параметры);
{ВнешняяОбработка.xddTestRunner.Форма.УправляемаяФорма.Форма(913)}:	РезультатТестирования = ОбъектНаСервере.ВыполнитьТестовыйМетод(КонтекстВыполнения, ЭлементДереваТестов);
"/>
			</testcase>
			<testcase classname="Проверка чтения не-администраторами - &lt;test&gt;" name="РегистрСведений.ТОРО_ОбъектыИнтегрированныеЕИСЗ: Проверка доступа на Чтение Не-Администраторами - &lt;test&gt;" time="0.016" status="passed"/>
			<testcase classname="Проверка чтения не-администраторами - &lt;test&gt;" name="Документ.ЗаписьКнигиПродаж: Проверка доступа на Чтение Не-Администраторами - &lt;test&gt;" time="0" status="passed"/>
			<testcase classname="Проверка чтения не-администраторами - &lt;test&gt;" name="РегистрСведений.ТОРО_ЦветаКритичностиЕдиницОборудования: Проверка доступа на Чтение Не-Администраторами - &lt;test&gt;" time="0.031" status="passed"/>
			<testcase classname="Проверка чтения не-администраторами - &lt;test&gt;" name="РегистрСведений.РезервныеКопииОблачногоАрхива: Проверка доступа на Чтение Не-Администраторами - &lt;test&gt;" time="0.063" status="failure">
				<failure message="[Failed] Ожидали, что проверяемое значение (Ложь) является ИСТИНОЙ.
РегистрСведений.РезервныеКопииОблачногоАрхива недоступно для чтения ролями без привилегий
{ВнешняяОбработка.УтвержденияBDD.МодульОбъекта(293)}:	ВызватьИсключение Префикс + &quot; &quot; + СообщениеОшибки;
{ВнешняяОбработка.УтвержденияBDD.МодульОбъекта(46)}:		ВызватьОшибкуПроверки(СообщениеОшибки);
{ВнешняяОбработка.УтвержденияBDD.МодульОбъекта(53)}:	Возврат ЭтоИстина();
{ВнешняяОбработка.ПроверкаЧтенияНеАдминистраторами.МодульОбъекта(100)}:	Ожидаем.Что(ЧтениеДоступно, ПолноеИмяМетаданного + &quot; недоступно для чтения ролями без привилегий&quot;).ЕстьИстина();
{(1)}:КонтекстВыполнения.Тест_ПроверитьНеАдминистраторскиеПраваНаЧтение(Параметры[0],Параметры[1]);
{ВнешняяОбработка.xddTestRunner.МодульОбъекта(337)}:	Выполнить(ИcполняемыйКод);
{ВнешняяОбработка.xddTestRunner.МодульОбъекта(261)}:			ВыполнитьПроцедуруКонтекста(КонтекстВыполнения, ЭлементДереваТестов.ИмяМетода, ЭлементДереваТестов.Параметры);
{ВнешняяОбработка.xddTestRunner.Форма.УправляемаяФорма.Форма(913)}:	РезультатТестирования = ОбъектНаСервере.ВыполнитьТестовыйМетод(КонтекстВыполнения, ЭлементДереваТестов);
"/>
			</testcase>
			<testcase classname="Проверка чтения не-администраторами - &lt;test&gt;" name="Константа.НеЗакрыватьЗаказыНаСборкуБезПолнойОтгрузки: Проверка доступа на Чтение Не-Администраторами - &lt;test&gt;" time="0.016" status="passed"/>
			<testcase classname="Проверка чтения не-администраторами - &lt;test&gt;" name="РегистрСведений.ТОРО_ЗаместителиИсполнителей: Проверка доступа на Чтение Не-Администраторами - &lt;test&gt;" time="0.016" status="passed"/>
			<testcase classname="Проверка чтения не-администраторами - &lt;test&gt;" name="Константа.ИспользуетсяУправлениеПроизводством21и22: Проверка доступа на Чтение Не-Администраторами - &lt;test&gt;" time="0" status="passed"/>
			<testcase classname="Проверка чтения не-администраторами - &lt;test&gt;" name="РегистрСведений.ТЦРезультаты: Проверка доступа на Чтение Не-Администраторами - &lt;test&gt;" time="0.016" status="passed"/>
			<testcase classname="Проверка чтения не-администраторами - &lt;test&gt;" name="РегистрСведений.КатегорииНовостейИнтервалыВерсийНеобработанные: Проверка доступа на Чтение Не-Администраторами - &lt;test&gt;" time="0.015" status="passed"/>
			<testcase classname="Проверка чтения не-администраторами - &lt;test&gt;" name="Константа.ИспользоватьДополнительныеРеквизитыИСведения: Проверка доступа на Чтение Не-Администраторами - &lt;test&gt;" time="0" status="passed"/>
			<testcase classname="Проверка чтения не-администраторами - &lt;test&gt;" name="РегистрСведений.ДвоичныеДанныеФайлов: Проверка доступа на Чтение Не-Администраторами - &lt;test&gt;" time="0.047" status="failure">
				<failure message="[Failed] Ожидали, что проверяемое значение (Ложь) является ИСТИНОЙ.
РегистрСведений.ДвоичныеДанныеФайлов недоступно для чтения ролями без привилегий
{ВнешняяОбработка.УтвержденияBDD.МодульОбъекта(293)}:	ВызватьИсключение Префикс + &quot; &quot; + СообщениеОшибки;
{ВнешняяОбработка.УтвержденияBDD.МодульОбъекта(46)}:		ВызватьОшибкуПроверки(СообщениеОшибки);
{ВнешняяОбработка.УтвержденияBDD.МодульОбъекта(53)}:	Возврат ЭтоИстина();
{ВнешняяОбработка.ПроверкаЧтенияНеАдминистраторами.МодульОбъекта(100)}:	Ожидаем.Что(ЧтениеДоступно, ПолноеИмяМетаданного + &quot; недоступно для чтения ролями без привилегий&quot;).ЕстьИстина();
{(1)}:КонтекстВыполнения.Тест_ПроверитьНеАдминистраторскиеПраваНаЧтение(Параметры[0],Параметры[1]);
{ВнешняяОбработка.xddTestRunner.МодульОбъекта(337)}:	Выполнить(ИcполняемыйКод);
{ВнешняяОбработка.xddTestRunner.МодульОбъекта(261)}:			ВыполнитьПроцедуруКонтекста(КонтекстВыполнения, ЭлементДереваТестов.ИмяМетода, ЭлементДереваТестов.Параметры);
{ВнешняяОбработка.xddTestRunner.Форма.УправляемаяФорма.Форма(913)}:	РезультатТестирования = ОбъектНаСервере.ВыполнитьТестовыйМетод(КонтекстВыполнения, ЭлементДереваТестов);
"/>
			</testcase>
			<testcase classname="Проверка чтения не-администраторами - &lt;test&gt;" name="Документ.ПланПродаж: Проверка доступа на Чтение Не-Администраторами - &lt;test&gt;" time="0.016" status="passed"/>
			<testcase classname="Проверка чтения не-администраторами - &lt;test&gt;" name="РегистрСведений.СчетаБухгалтерскогоУчетаНМА: Проверка доступа на Чтение Не-Администраторами - &lt;test&gt;" time="0.015" status="passed"/>
			<testcase classname="Проверка чтения не-администраторами - &lt;test&gt;" name="Документ.РеализацияПодарочныхСертификатов: Проверка доступа на Чтение Не-Администраторами - &lt;test&gt;" time="0.016" status="passed"/>
			<testcase classname="Проверка чтения не-администраторами - &lt;test&gt;" name="Документ.ТОРО_ВедомостьОбъемовРаботТПиР: Проверка доступа на Чтение Не-Администраторами - &lt;test&gt;" time="0.016" status="passed"/>
			<testcase classname="Проверка чтения не-администраторами - &lt;test&gt;" name="РегистрСведений.ЗаданияКРаспределениюРасчетовСКлиентами: Проверка доступа на Чтение Не-Администраторами - &lt;test&gt;" time="0.031" status="passed"/>
			<testcase classname="Проверка чтения не-администраторами - &lt;test&gt;" name="Документ.РеализацияУслугПрочихАктивов: Проверка доступа на Чтение Не-Администраторами - &lt;test&gt;" time="0.016" status="passed"/>
			<testcase classname="Проверка чтения не-администраторами - &lt;test&gt;" name="Константа.ИспользоватьПлановыеКалькуляцииПриВыпускеПродукции: Проверка доступа на Чтение Не-Администраторами - &lt;test&gt;" time="0" status="passed"/>
			<testcase classname="Проверка чтения не-администраторами - &lt;test&gt;" name="Константа.ТОРО_ДатаНачалаШтрихкодирования: Проверка доступа на Чтение Не-Администраторами - &lt;test&gt;" time="0.016" status="passed"/>
			<testcase classname="Проверка чтения не-администраторами - &lt;test&gt;" name="Документ.Совмещение: Проверка доступа на Чтение Не-Администраторами - &lt;test&gt;" time="0" status="passed"/>
			<testcase classname="Проверка чтения не-администраторами - &lt;test&gt;" name="Справочник.СеансыСвязиСКонтролирующимиОрганами: Проверка доступа на Чтение Не-Администраторами - &lt;test&gt;" time="0.016" status="passed"/>
			<testcase classname="Проверка чтения не-администраторами - &lt;test&gt;" name="Документ.ОперацияПоЯндексКассе: Проверка доступа на Чтение Не-Администраторами - &lt;test&gt;" time="0.016" status="passed"/>
			<testcase classname="Проверка чтения не-администраторами - &lt;test&gt;" name="РегистрСведений.ИсторияРегистрацийВОрганеПФР: Проверка доступа на Чтение Не-Администраторами - &lt;test&gt;" time="0.016" status="passed"/>
			<testcase classname="Проверка чтения не-администраторами - &lt;test&gt;" name="Константа.ВестиУУНаПланеСчетовХозрасчетный: Проверка доступа на Чтение Не-Администраторами - &lt;test&gt;" time="0" status="passed"/>
			<testcase classname="Проверка чтения не-администраторами - &lt;test&gt;" name="Документ.ВыкупТоваровХранителем: Проверка доступа на Чтение Не-Администраторами - &lt;test&gt;" time="0" status="passed"/>
			<testcase classname="Проверка чтения не-администраторами - &lt;test&gt;" name="РегистрСведений.НумерацияЧековККТ: Проверка доступа на Чтение Не-Администраторами - &lt;test&gt;" time="0.016" status="passed"/>
			<testcase classname="Проверка чтения не-администраторами - &lt;test&gt;" name="РегистрСведений.ЗанятыеЛицензии: Проверка доступа на Чтение Не-Администраторами - &lt;test&gt;" time="0" status="passed"/>
			<testcase classname="Проверка чтения не-администраторами - &lt;test&gt;" name="РегистрСведений.УдалитьОтветыНаЗапросыИОН: Проверка доступа на Чтение Не-Администраторами - &lt;test&gt;" time="0.063" status="failure">
				<failure message="[Failed] Ожидали, что проверяемое значение (Ложь) является ИСТИНОЙ.
РегистрСведений.УдалитьОтветыНаЗапросыИОН недоступно для чтения ролями без привилегий
{ВнешняяОбработка.УтвержденияBDD.МодульОбъекта(293)}:	ВызватьИсключение Префикс + &quot; &quot; + СообщениеОшибки;
{ВнешняяОбработка.УтвержденияBDD.МодульОбъекта(46)}:		ВызватьОшибкуПроверки(СообщениеОшибки);
{ВнешняяОбработка.УтвержденияBDD.МодульОбъекта(53)}:	Возврат ЭтоИстина();
{ВнешняяОбработка.ПроверкаЧтенияНеАдминистраторами.МодульОбъекта(100)}:	Ожидаем.Что(ЧтениеДоступно, ПолноеИмяМетаданного + &quot; недоступно для чтения ролями без привилегий&quot;).ЕстьИстина();
{(1)}:КонтекстВыполнения.Тест_ПроверитьНеАдминистраторскиеПраваНаЧтение(Параметры[0],Параметры[1]);
{ВнешняяОбработка.xddTestRunner.МодульОбъекта(337)}:	Выполнить(ИcполняемыйКод);
{ВнешняяОбработка.xddTestRunner.МодульОбъекта(261)}:			ВыполнитьПроцедуруКонтекста(КонтекстВыполнения, ЭлементДереваТестов.ИмяМетода, ЭлементДереваТестов.Параметры);
{ВнешняяОбработка.xddTestRunner.Форма.УправляемаяФорма.Форма(913)}:	РезультатТестирования = ОбъектНаСервере.ВыполнитьТестовыйМетод(КонтекстВыполнения, ЭлементДереваТестов);
"/>
			</testcase>
			<testcase classname="Проверка чтения не-администраторами - &lt;test&gt;" name="Константа.НеЗакрыватьЭтапыПроизводстваБезПолнойОтгрузки: Проверка доступа на Чтение Не-Администраторами - &lt;test&gt;" time="0.016" status="passed"/>
			<testcase classname="Проверка чтения не-администраторами - &lt;test&gt;" name="Константа.ИспользоватьВнутреннееПотреблениеПоНесколькимЗаказам: Проверка доступа на Чтение Не-Администраторами - &lt;test&gt;" time="0" status="passed"/>
			<testcase classname="Проверка чтения не-администраторами - &lt;test&gt;" name="РегистрСведений.ОрганизацииДляОбменаГИСМ: Проверка доступа на Чтение Не-Администраторами - &lt;test&gt;" time="0.016" status="passed"/>
			<testcase classname="Проверка чтения не-администраторами - &lt;test&gt;" name="Справочник.ЗаказМатериаловВПроизводствоПрисоединенныеФайлы: Проверка доступа на Чтение Не-Администраторами - &lt;test&gt;" time="0.015" status="passed"/>
			<testcase classname="Проверка чтения не-администраторами - &lt;test&gt;" name="Справочник.УчебныеЗаведения: Проверка доступа на Чтение Не-Администраторами - &lt;test&gt;" time="0.016" status="passed"/>
			<testcase classname="Проверка чтения не-администраторами - &lt;test&gt;" name="Константа.ИспользоватьЕжедневныеОтчеты1СДокументооборота: Проверка доступа на Чтение Не-Администраторами - &lt;test&gt;" time="0" status="passed"/>
			<testcase classname="Проверка чтения не-администраторами - &lt;test&gt;" name="Справочник.Кассы: Проверка доступа на Чтение Не-Администраторами - &lt;test&gt;" time="0" status="passed"/>
			<testcase classname="Проверка чтения не-администраторами - &lt;test&gt;" name="Документ.РегистрацияПереработок: Проверка доступа на Чтение Не-Администраторами - &lt;test&gt;" time="0" status="passed"/>
			<testcase classname="Проверка чтения не-администраторами - &lt;test&gt;" name="Константа.ИспользоватьНесколькоВидовНоменклатуры: Проверка доступа на Чтение Не-Администраторами - &lt;test&gt;" time="0" status="passed"/>
			<testcase classname="Проверка чтения не-администраторами - &lt;test&gt;" name="Справочник.ШтатноеРасписание: Проверка доступа на Чтение Не-Администраторами - &lt;test&gt;" time="0" status="passed"/>
			<testcase classname="Проверка чтения не-администраторами - &lt;test&gt;" name="РегистрСведений.БезопасноеХранилищеДанных: Проверка доступа на Чтение Не-Администраторами - &lt;test&gt;" time="0.032" status="passed"/>
			<testcase classname="Проверка чтения не-администраторами - &lt;test&gt;" name="РегистрСведений.КлючевыеВидыРабочихЦентров: Проверка доступа на Чтение Не-Администраторами - &lt;test&gt;" time="0.015" status="passed"/>
			<testcase classname="Проверка чтения не-администраторами - &lt;test&gt;" name="РегистрСведений.ДополнительныеСведения: Проверка доступа на Чтение Не-Администраторами - &lt;test&gt;" time="0.015" status="passed"/>
			<testcase classname="Проверка чтения не-администраторами - &lt;test&gt;" name="Константа.ИспользоватьОбменССайтом: Проверка доступа на Чтение Не-Администраторами - &lt;test&gt;" time="0" status="passed"/>
			<testcase classname="Проверка чтения не-администраторами - &lt;test&gt;" name="Документ.ПачкаДокументовАДВ_2: Проверка доступа на Чтение Не-Администраторами - &lt;test&gt;" time="0" status="passed"/>
			<testcase classname="Проверка чтения не-администраторами - &lt;test&gt;" name="РегистрСведений.ТикетыОбменСБанками: Проверка доступа на Чтение Не-Администраторами - &lt;test&gt;" time="0.016" status="passed"/>
			<testcase classname="Проверка чтения не-администраторами - &lt;test&gt;" name="Константа.ИспользоватьНесколькоВидовЦен: Проверка доступа на Чтение Не-Администраторами - &lt;test&gt;" time="0" status="passed"/>
			<testcase classname="Проверка чтения не-администраторами - &lt;test&gt;" name="Документ.ТОРО_ИнвестиционнаяПрограмма: Проверка доступа на Чтение Не-Администраторами - &lt;test&gt;" time="0.015" status="passed"/>
			<testcase classname="Проверка чтения не-администраторами - &lt;test&gt;" name="Константа.ДанныеДляОтложенногоОбновления: Проверка доступа на Чтение Не-Администраторами - &lt;test&gt;" time="0.016" status="passed"/>
			<testcase classname="Проверка чтения не-администраторами - &lt;test&gt;" name="РегистрСведений.ИдентификаторыОбъектовВерсийРасширений: Проверка доступа на Чтение Не-Администраторами - &lt;test&gt;" time="0.016" status="passed"/>
			<testcase classname="Проверка чтения не-администраторами - &lt;test&gt;" name="Справочник.ВедомостьНаВыплатуЗарплатыВКассуПрисоединенныеФайлы: Проверка доступа на Чтение Не-Администраторами - &lt;test&gt;" time="0" status="passed"/>
			<testcase classname="Проверка чтения не-администраторами - &lt;test&gt;" name="Константа.ТОРО_ДатаОтменыВеденияУчетаВзаиморасчетовСКонтрагентами: Проверка доступа на Чтение Не-Администраторами - &lt;test&gt;" time="0.016" status="passed"/>
			<testcase classname="Проверка чтения не-администраторами - &lt;test&gt;" name="Константа.ИспользоватьЗаказыКлиентов: Проверка доступа на Чтение Не-Администраторами - &lt;test&gt;" time="0" status="passed"/>
			<testcase classname="Проверка чтения не-администраторами - &lt;test&gt;" name="РегистрСведений.УдалитьДопустимыеСочетанияКодовГруппСтажа: Проверка доступа на Чтение Не-Администраторами - &lt;test&gt;" time="0.032" status="passed"/>
			<testcase classname="Проверка чтения не-администраторами - &lt;test&gt;" name="Константа.ИспользоватьГруппыПользователей: Проверка доступа на Чтение Не-Администраторами - &lt;test&gt;" time="0" status="passed"/>
			<testcase classname="Проверка чтения не-администраторами - &lt;test&gt;" name="Справочник.СпособыРаспределенияПоНаправлениямДеятельности: Проверка доступа на Чтение Не-Администраторами - &lt;test&gt;" time="0.016" status="passed"/>
			<testcase classname="Проверка чтения не-администраторами - &lt;test&gt;" name="Справочник.ТОРО_ВариантыШаблоновПроцессов: Проверка доступа на Чтение Не-Администраторами - &lt;test&gt;" time="0.016" status="passed"/>
			<testcase classname="Проверка чтения не-администраторами - &lt;test&gt;" name="Документ.ПередачаВРегистр2ЕГАИС: Проверка доступа на Чтение Не-Администраторами - &lt;test&gt;" time="0.015" status="passed"/>
			<testcase classname="Проверка чтения не-администраторами - &lt;test&gt;" name="Документ.ПоступлениеАрендованныхОС: Проверка доступа на Чтение Не-Администраторами - &lt;test&gt;" time="0.015" status="passed"/>
			<testcase classname="Проверка чтения не-администраторами - &lt;test&gt;" name="РегистрСведений.СтавкаВзносаНаСтрахованиеОтНесчастныхСлучаев: Проверка доступа на Чтение Не-Администраторами - &lt;test&gt;" time="0" status="passed"/>
			<testcase classname="Проверка чтения не-администраторами - &lt;test&gt;" name="Справочник.ОтпускБезСохраненияОплатыПрисоединенныеФайлы: Проверка доступа на Чтение Не-Администраторами - &lt;test&gt;" time="0" status="passed"/>
			<testcase classname="Проверка чтения не-администраторами - &lt;test&gt;" name="Константа.ИспользоватьГруппыФинансовогоУчета: Проверка доступа на Чтение Не-Администраторами - &lt;test&gt;" time="0" status="passed"/>
			<testcase classname="Проверка чтения не-администраторами - &lt;test&gt;" name="Документ.ИнвентаризацияОС: Проверка доступа на Чтение Не-Администраторами - &lt;test&gt;" time="0" status="passed"/>
			<testcase classname="Проверка чтения не-администраторами - &lt;test&gt;" name="Документ.СписаниеЗатратНаВыпуск: Проверка доступа на Чтение Не-Администраторами - &lt;test&gt;" time="0.015" status="passed"/>
			<testcase classname="Проверка чтения не-администраторами - &lt;test&gt;" name="РегистрСведений.СостоянияОбменовДанными: Проверка доступа на Чтение Не-Администраторами - &lt;test&gt;" time="0" status="passed"/>
			<testcase classname="Проверка чтения не-администраторами - &lt;test&gt;" name="Справочник.ЭлементыФинансовыхОтчетов: Проверка доступа на Чтение Не-Администраторами - &lt;test&gt;" time="0.016" status="passed"/>
			<testcase classname="Проверка чтения не-администраторами - &lt;test&gt;" name="РегистрСведений.СчетаФактурыКомиссионерамКОформлению: Проверка доступа на Чтение Не-Администраторами - &lt;test&gt;" time="0.016" status="passed"/>
			<testcase classname="Проверка чтения не-администраторами - &lt;test&gt;" name="РегистрНакопления.ДанныеОперативногоУчетаРабочегоВремениСотрудников: Проверка доступа на Чтение Не-Администраторами - &lt;test&gt;" time="0.015" status="passed"/>
			<testcase classname="Проверка чтения не-администраторами - &lt;test&gt;" name="Константа.УдалитьИспользоватьКвалификационнуюНадбавку: Проверка доступа на Чтение Не-Администраторами - &lt;test&gt;" time="0.016" status="passed"/>
			<testcase classname="Проверка чтения не-администраторами - &lt;test&gt;" name="РегистрНакопления.ДвиженияДенежныеСредстваДоходыРасходы: Проверка доступа на Чтение Не-Администраторами - &lt;test&gt;" time="0.031" status="passed"/>
			<testcase classname="Проверка чтения не-администраторами - &lt;test&gt;" name="РегистрНакопления.ЭтапыПроизводства: Проверка доступа на Чтение Не-Администраторами - &lt;test&gt;" time="0.031" status="passed"/>
			<testcase classname="Проверка чтения не-администраторами - &lt;test&gt;" name="Константа.АдресКриптосервиса: Проверка доступа на Чтение Не-Администраторами - &lt;test&gt;" time="0" status="passed"/>
			<testcase classname="Проверка чтения не-администраторами - &lt;test&gt;" name="РегистрСведений.СоответствиеНоменклатурыРаботаСНоменклатурой: Проверка доступа на Чтение Не-Администраторами - &lt;test&gt;" time="0" status="passed"/>
			<testcase classname="Проверка чтения не-администраторами - &lt;test&gt;" name="Документ.НачислениеОценочныхОбязательствПоОтпускам: Проверка доступа на Чтение Не-Администраторами - &lt;test&gt;" time="0.015" status="passed"/>
			<testcase classname="Проверка чтения не-администраторами - &lt;test&gt;" name="Документ.ИзменениеКвалификационногоРазряда: Проверка доступа на Чтение Не-Администраторами - &lt;test&gt;" time="0" status="passed"/>
			<testcase classname="Проверка чтения не-администраторами - &lt;test&gt;" name="Константа.ЗарегистрированыИзмененияДанных: Проверка доступа на Чтение Не-Администраторами - &lt;test&gt;" time="0.016" status="passed"/>
			<testcase classname="Проверка чтения не-администраторами - &lt;test&gt;" name="РегистрСведений.СостоянияДокументовЗачисленияЗарплаты: Проверка доступа на Чтение Не-Администраторами - &lt;test&gt;" time="0.016" status="passed"/>
			<testcase classname="Проверка чтения не-администраторами - &lt;test&gt;" name="Документ.ПодготовкаКПередачеОС2_4: Проверка доступа на Чтение Не-Администраторами - &lt;test&gt;" time="0.015" status="passed"/>
			<testcase classname="Проверка чтения не-администраторами - &lt;test&gt;" name="Справочник.СкладскиеГруппыНоменклатуры: Проверка доступа на Чтение Не-Администраторами - &lt;test&gt;" time="0.016" status="passed"/>
			<testcase classname="Проверка чтения не-администраторами - &lt;test&gt;" name="Документ.ИсходящаяТранспортнаяОперацияВЕТИС: Проверка доступа на Чтение Не-Администраторами - &lt;test&gt;" time="0" status="passed"/>
			<testcase classname="Проверка чтения не-администраторами - &lt;test&gt;" name="Константа.ИспользоватьСтатьиФинансированияЗарплата: Проверка доступа на Чтение Не-Администраторами - &lt;test&gt;" time="0.016" status="passed"/>
			<testcase classname="Проверка чтения не-администраторами - &lt;test&gt;" name="Документ.ПринятиеКУчетуНМАМеждународныйУчет: Проверка доступа на Чтение Не-Администраторами - &lt;test&gt;" time="0.016" status="passed"/>
			<testcase classname="Проверка чтения не-администраторами - &lt;test&gt;" name="РегистрСведений.РазрядыКатегорииСотрудников: Проверка доступа на Чтение Не-Администраторами - &lt;test&gt;" time="0.016" status="passed"/>
			<testcase classname="Проверка чтения не-администраторами - &lt;test&gt;" name="Константа.ИспользоватьНоменклатуруПродаваемуюСовместно: Проверка доступа на Чтение Не-Администраторами - &lt;test&gt;" time="0" status="passed"/>
			<testcase classname="Проверка чтения не-администраторами - &lt;test&gt;" name="РегистрСведений.СтатусОбменовСЯндексКассой: Проверка доступа на Чтение Не-Администраторами - &lt;test&gt;" time="0" status="passed"/>
			<testcase classname="Проверка чтения не-администраторами - &lt;test&gt;" name="Константа.ИспользуютсяСтавкиНДФЛМеждународныхДоговоров: Проверка доступа на Чтение Не-Администраторами - &lt;test&gt;" time="0.016" status="passed"/>
			<testcase classname="Проверка чтения не-администраторами - &lt;test&gt;" name="Константа.ИспользоватьПодчиненныеБизнесПроцессы: Проверка доступа на Чтение Не-Администраторами - &lt;test&gt;" time="0" status="passed"/>
			<testcase classname="Проверка чтения не-администраторами - &lt;test&gt;" name="Документ.СведенияОЗастрахованныхЛицахСЗВ_М: Проверка доступа на Чтение Не-Администраторами - &lt;test&gt;" time="0" status="passed"/>
			<testcase classname="Проверка чтения не-администраторами - &lt;test&gt;" name="Документ.РаспределениеРасходовБудущихПериодов: Проверка доступа на Чтение Не-Администраторами - &lt;test&gt;" time="0.015" status="passed"/>
			<testcase classname="Проверка чтения не-администраторами - &lt;test&gt;" name="Справочник.ТЦОбработки: Проверка доступа на Чтение Не-Администраторами - &lt;test&gt;" time="0.031" status="passed"/>
			<testcase classname="Проверка чтения не-администраторами - &lt;test&gt;" name="Документ.ОтборРазмещениеТоваров: Проверка доступа на Чтение Не-Администраторами - &lt;test&gt;" time="0" status="passed"/>
			<testcase classname="Проверка чтения не-администраторами - &lt;test&gt;" name="Справочник.УчетныеЗаписиДокументооборота: Проверка доступа на Чтение Не-Администраторами - &lt;test&gt;" time="0.016" status="passed"/>
			<testcase classname="Проверка чтения не-администраторами - &lt;test&gt;" name="Константа.ИспользоватьНесколькоКассККМ: Проверка доступа на Чтение Не-Администраторами - &lt;test&gt;" time="0.016" status="passed"/>
			<testcase classname="Проверка чтения не-администраторами - &lt;test&gt;" name="РегистрНакопления.ОтражениеЗарплатыВФинансовомУчете: Проверка доступа на Чтение Не-Администраторами - &lt;test&gt;" time="0.063" status="failure">
				<failure message="[Failed] Ожидали, что проверяемое значение (Ложь) является ИСТИНОЙ.
РегистрНакопления.ОтражениеЗарплатыВФинансовомУчете недоступно для чтения ролями без привилегий
{ВнешняяОбработка.УтвержденияBDD.МодульОбъекта(293)}:	ВызватьИсключение Префикс + &quot; &quot; + СообщениеОшибки;
{ВнешняяОбработка.УтвержденияBDD.МодульОбъекта(46)}:		ВызватьОшибкуПроверки(СообщениеОшибки);
{ВнешняяОбработка.УтвержденияBDD.МодульОбъекта(53)}:	Возврат ЭтоИстина();
{ВнешняяОбработка.ПроверкаЧтенияНеАдминистраторами.МодульОбъекта(100)}:	Ожидаем.Что(ЧтениеДоступно, ПолноеИмяМетаданного + &quot; недоступно для чтения ролями без привилегий&quot;).ЕстьИстина();
{(1)}:КонтекстВыполнения.Тест_ПроверитьНеАдминистраторскиеПраваНаЧтение(Параметры[0],Параметры[1]);
{ВнешняяОбработка.xddTestRunner.МодульОбъекта(337)}:	Выполнить(ИcполняемыйКод);
{ВнешняяОбработка.xddTestRunner.МодульОбъекта(261)}:			ВыполнитьПроцедуруКонтекста(КонтекстВыполнения, ЭлементДереваТестов.ИмяМетода, ЭлементДереваТестов.Параметры);
{ВнешняяОбработка.xddTestRunner.Форма.УправляемаяФорма.Форма(913)}:	РезультатТестирования = ОбъектНаСервере.ВыполнитьТестовыйМетод(КонтекстВыполнения, ЭлементДереваТестов);
"/>
			</testcase>
			<testcase classname="Проверка чтения не-администраторами - &lt;test&gt;" name="Документ.ТОРО_ТребованиеНаИзменениеБДО: Проверка доступа на Чтение Не-Администраторами - &lt;test&gt;" time="0.016" status="passed"/>
			<testcase classname="Проверка чтения не-администраторами - &lt;test&gt;" name="Документ.ИзменениеПараметровНМАМеждународныйУчет: Проверка доступа на Чтение Не-Администраторами - &lt;test&gt;" time="0" status="passed"/>
			<testcase classname="Проверка чтения не-администраторами - &lt;test&gt;" name="Константа.ИспользоватьШифрование: Проверка доступа на Чтение Не-Администраторами - &lt;test&gt;" time="0" status="passed"/>
			<testcase classname="Проверка чтения не-администраторами - &lt;test&gt;" name="РегистрНакопления.ПланыПродаж: Проверка доступа на Чтение Не-Администраторами - &lt;test&gt;" time="0.016" status="passed"/>
			<testcase classname="Проверка чтения не-администраторами - &lt;test&gt;" name="РегистрСведений.РазрешенияНаИспользованиеВнешнихРесурсовОбластейДанных: Проверка доступа на Чтение Не-Администраторами - &lt;test&gt;" time="0.063" status="failure">
				<failure message="[Failed] Ожидали, что проверяемое значение (Ложь) является ИСТИНОЙ.
РегистрСведений.РазрешенияНаИспользованиеВнешнихРесурсовОбластейДанных недоступно для чтения ролями без привилегий
{ВнешняяОбработка.УтвержденияBDD.МодульОбъекта(293)}:	ВызватьИсключение Префикс + &quot; &quot; + СообщениеОшибки;
{ВнешняяОбработка.УтвержденияBDD.МодульОбъекта(46)}:		ВызватьОшибкуПроверки(СообщениеОшибки);
{ВнешняяОбработка.УтвержденияBDD.МодульОбъекта(53)}:	Возврат ЭтоИстина();
{ВнешняяОбработка.ПроверкаЧтенияНеАдминистраторами.МодульОбъекта(100)}:	Ожидаем.Что(ЧтениеДоступно, ПолноеИмяМетаданного + &quot; недоступно для чтения ролями без привилегий&quot;).ЕстьИстина();
{(1)}:КонтекстВыполнения.Тест_ПроверитьНеАдминистраторскиеПраваНаЧтение(Параметры[0],Параметры[1]);
{ВнешняяОбработка.xddTestRunner.МодульОбъекта(337)}:	Выполнить(ИcполняемыйКод);
{ВнешняяОбработка.xddTestRunner.МодульОбъекта(261)}:			ВыполнитьПроцедуруКонтекста(КонтекстВыполнения, ЭлементДереваТестов.ИмяМетода, ЭлементДереваТестов.Параметры);
{ВнешняяОбработка.xddTestRunner.Форма.УправляемаяФорма.Форма(913)}:	РезультатТестирования = ОбъектНаСервере.ВыполнитьТестовыйМетод(КонтекстВыполнения, ЭлементДереваТестов);
"/>
			</testcase>
			<testcase classname="Проверка чтения не-администраторами - &lt;test&gt;" name="РегистрСведений.УдалитьНаборыЗначенийДоступа: Проверка доступа на Чтение Не-Администраторами - &lt;test&gt;" time="0.062" status="failure">
				<failure message="[Failed] Ожидали, что проверяемое значение (Ложь) является ИСТИНОЙ.
РегистрСведений.УдалитьНаборыЗначенийДоступа недоступно для чтения ролями без привилегий
{ВнешняяОбработка.УтвержденияBDD.МодульОбъекта(293)}:	ВызватьИсключение Префикс + &quot; &quot; + СообщениеОшибки;
{ВнешняяОбработка.УтвержденияBDD.МодульОбъекта(46)}:		ВызватьОшибкуПроверки(СообщениеОшибки);
{ВнешняяОбработка.УтвержденияBDD.МодульОбъекта(53)}:	Возврат ЭтоИстина();
{ВнешняяОбработка.ПроверкаЧтенияНеАдминистраторами.МодульОбъекта(100)}:	Ожидаем.Что(ЧтениеДоступно, ПолноеИмяМетаданного + &quot; недоступно для чтения ролями без привилегий&quot;).ЕстьИстина();
{(1)}:КонтекстВыполнения.Тест_ПроверитьНеАдминистраторскиеПраваНаЧтение(Параметры[0],Параметры[1]);
{ВнешняяОбработка.xddTestRunner.МодульОбъекта(337)}:	Выполнить(ИcполняемыйКод);
{ВнешняяОбработка.xddTestRunner.МодульОбъекта(261)}:			ВыполнитьПроцедуруКонтекста(КонтекстВыполнения, ЭлементДереваТестов.ИмяМетода, ЭлементДереваТестов.Параметры);
{ВнешняяОбработка.xddTestRunner.Форма.УправляемаяФорма.Форма(913)}:	РезультатТестирования = ОбъектНаСервере.ВыполнитьТестовыйМетод(КонтекстВыполнения, ЭлементДереваТестов);
"/>
			</testcase>
			<testcase classname="Проверка чтения не-администраторами - &lt;test&gt;" name="РегистрСведений.ЗначенияГруппДоступаПоУмолчанию: Проверка доступа на Чтение Не-Администраторами - &lt;test&gt;" time="0.063" status="failure">
				<failure message="[Failed] Ожидали, что проверяемое значение (Ложь) является ИСТИНОЙ.
РегистрСведений.ЗначенияГруппДоступаПоУмолчанию недоступно для чтения ролями без привилегий
{ВнешняяОбработка.УтвержденияBDD.МодульОбъекта(293)}:	ВызватьИсключение Префикс + &quot; &quot; + СообщениеОшибки;
{ВнешняяОбработка.УтвержденияBDD.МодульОбъекта(46)}:		ВызватьОшибкуПроверки(СообщениеОшибки);
{ВнешняяОбработка.УтвержденияBDD.МодульОбъекта(53)}:	Возврат ЭтоИстина();
{ВнешняяОбработка.ПроверкаЧтенияНеАдминистраторами.МодульОбъекта(100)}:	Ожидаем.Что(ЧтениеДоступно, ПолноеИмяМетаданного + &quot; недоступно для чтения ролями без привилегий&quot;).ЕстьИстина();
{(1)}:КонтекстВыполнения.Тест_ПроверитьНеАдминистраторскиеПраваНаЧтение(Параметры[0],Параметры[1]);
{ВнешняяОбработка.xddTestRunner.МодульОбъекта(337)}:	Выполнить(ИcполняемыйКод);
{ВнешняяОбработка.xddTestRunner.МодульОбъекта(261)}:			ВыполнитьПроцедуруКонтекста(КонтекстВыполнения, ЭлементДереваТестов.ИмяМетода, ЭлементДереваТестов.Параметры);
{ВнешняяОбработка.xddTestRunner.Форма.УправляемаяФорма.Форма(913)}:	РезультатТестирования = ОбъектНаСервере.ВыполнитьТестовыйМетод(КонтекстВыполнения, ЭлементДереваТестов);
"/>
			</testcase>
			<testcase classname="Проверка чтения не-администраторами - &lt;test&gt;" name="РегистрСведений.ДопустимыеЦелиПоГруппамВЕТИС: Проверка доступа на Чтение Не-Администраторами - &lt;test&gt;" time="0" status="passed"/>
			<testcase classname="Проверка чтения не-администраторами - &lt;test&gt;" name="Документ.УведомлениеОСпецрежимахНалогообложения: Проверка доступа на Чтение Не-Администраторами - &lt;test&gt;" time="0.015" status="passed"/>
			<testcase classname="Проверка чтения не-администраторами - &lt;test&gt;" name="Константа.ПараметрыРезервногоКопирования: Проверка доступа на Чтение Не-Администраторами - &lt;test&gt;" time="0.015" status="passed"/>
			<testcase classname="Проверка чтения не-администраторами - &lt;test&gt;" name="Документ.ТОРО_ЗаказНаТОиР: Проверка доступа на Чтение Не-Администраторами - &lt;test&gt;" time="0.047" status="passed"/>
			<testcase classname="Проверка чтения не-администраторами - &lt;test&gt;" name="РегистрНакопления.ЗаказыКлиентов: Проверка доступа на Чтение Не-Администраторами - &lt;test&gt;" time="0.016" status="passed"/>
			<testcase classname="Проверка чтения не-администраторами - &lt;test&gt;" name="Справочник.ТОРО_ИзмерениеКонтролируемыхПоказателейПрисоединенныеФайлы: Проверка доступа на Чтение Не-Администраторами - &lt;test&gt;" time="0.016" status="passed"/>
			<testcase classname="Проверка чтения не-администраторами - &lt;test&gt;" name="Константа.ИспользоватьПроизводство: Проверка доступа на Чтение Не-Администраторами - &lt;test&gt;" time="0" status="passed"/>
			<testcase classname="Проверка чтения не-администраторами - &lt;test&gt;" name="Константа.УплачиваетсяТорговыйСбор: Проверка доступа на Чтение Не-Администраторами - &lt;test&gt;" time="0.016" status="passed"/>
			<testcase classname="Проверка чтения не-администраторами - &lt;test&gt;" name="Справочник.ОписьПачекСЗВ_6ПрисоединенныеФайлы: Проверка доступа на Чтение Не-Администраторами - &lt;test&gt;" time="0" status="passed"/>
			<testcase classname="Проверка чтения не-администраторами - &lt;test&gt;" name="Константа.ПериодыРезервовТоваровОрганизацийАктуальны: Проверка доступа на Чтение Не-Администраторами - &lt;test&gt;" time="0" status="passed"/>
			<testcase classname="Проверка чтения не-администраторами - &lt;test&gt;" name="Документ.ПродлениеКонтрактаДоговора: Проверка доступа на Чтение Не-Администраторами - &lt;test&gt;" time="0.015" status="passed"/>
			<testcase classname="Проверка чтения не-администраторами - &lt;test&gt;" name="РегистрСведений.МакетыКомпоновкиДанных: Проверка доступа на Чтение Не-Администраторами - &lt;test&gt;" time="0.062" status="failure">
				<failure message="[Failed] Ожидали, что проверяемое значение (Ложь) является ИСТИНОЙ.
РегистрСведений.МакетыКомпоновкиДанных недоступно для чтения ролями без привилегий
{ВнешняяОбработка.УтвержденияBDD.МодульОбъекта(293)}:	ВызватьИсключение Префикс + &quot; &quot; + СообщениеОшибки;
{ВнешняяОбработка.УтвержденияBDD.МодульОбъекта(46)}:		ВызватьОшибкуПроверки(СообщениеОшибки);
{ВнешняяОбработка.УтвержденияBDD.МодульОбъекта(53)}:	Возврат ЭтоИстина();
{ВнешняяОбработка.ПроверкаЧтенияНеАдминистраторами.МодульОбъекта(100)}:	Ожидаем.Что(ЧтениеДоступно, ПолноеИмяМетаданного + &quot; недоступно для чтения ролями без привилегий&quot;).ЕстьИстина();
{(1)}:КонтекстВыполнения.Тест_ПроверитьНеАдминистраторскиеПраваНаЧтение(Параметры[0],Параметры[1]);
{ВнешняяОбработка.xddTestRunner.МодульОбъекта(337)}:	Выполнить(ИcполняемыйКод);
{ВнешняяОбработка.xddTestRunner.МодульОбъекта(261)}:			ВыполнитьПроцедуруКонтекста(КонтекстВыполнения, ЭлементДереваТестов.ИмяМетода, ЭлементДереваТестов.Параметры);
{ВнешняяОбработка.xddTestRunner.Форма.УправляемаяФорма.Форма(913)}:	РезультатТестирования = ОбъектНаСервере.ВыполнитьТестовыйМетод(КонтекстВыполнения, ЭлементДереваТестов);
"/>
			</testcase>
			<testcase classname="Проверка чтения не-администраторами - &lt;test&gt;" name="Справочник.ОтпускБезСохраненияОплатыСпискомПрисоединенныеФайлы: Проверка доступа на Чтение Не-Администраторами - &lt;test&gt;" time="0" status="passed"/>
			<testcase classname="Проверка чтения не-администраторами - &lt;test&gt;" name="Константа.ГеографическаяСхемаДляОтчетов: Проверка доступа на Чтение Не-Администраторами - &lt;test&gt;" time="0" status="passed"/>
			<testcase classname="Проверка чтения не-администраторами - &lt;test&gt;" name="РегистрСведений.НастройкиИспользованияСтраховыхВзносовПоКлассамУсловийТруда: Проверка доступа на Чтение Не-Администраторами - &lt;test&gt;" time="0" status="passed"/>
			<testcase classname="Проверка чтения не-администраторами - &lt;test&gt;" name="РегистрНакопления.СведенияОДоходахСтраховыеВзносы: Проверка доступа на Чтение Не-Администраторами - &lt;test&gt;" time="0" status="passed"/>
			<testcase classname="Проверка чтения не-администраторами - &lt;test&gt;" name="Константа.ВыгружатьПродажиНемаркируемойПродукцииВЕГАИС: Проверка доступа на Чтение Не-Администраторами - &lt;test&gt;" time="0" status="passed"/>
			<testcase classname="Проверка чтения не-администраторами - &lt;test&gt;" name="Константа.ОсновнойСпособОбеспеченияПотребностей: Проверка доступа на Чтение Не-Администраторами - &lt;test&gt;" time="0" status="passed"/>
			<testcase classname="Проверка чтения не-администраторами - &lt;test&gt;" name="Документ.ВосстановлениеВДолжности: Проверка доступа на Чтение Не-Администраторами - &lt;test&gt;" time="0" status="passed"/>
			<testcase classname="Проверка чтения не-администраторами - &lt;test&gt;" name="РегистрСведений.Форма57ТРаздел2Сотрудники: Проверка доступа на Чтение Не-Администраторами - &lt;test&gt;" time="0.062" status="failure">
				<failure message="[Failed] Ожидали, что проверяемое значение (Ложь) является ИСТИНОЙ.
РегистрСведений.Форма57ТРаздел2Сотрудники недоступно для чтения ролями без привилегий
{ВнешняяОбработка.УтвержденияBDD.МодульОбъекта(293)}:	ВызватьИсключение Префикс + &quot; &quot; + СообщениеОшибки;
{ВнешняяОбработка.УтвержденияBDD.МодульОбъекта(46)}:		ВызватьОшибкуПроверки(СообщениеОшибки);
{ВнешняяОбработка.УтвержденияBDD.МодульОбъекта(53)}:	Возврат ЭтоИстина();
{ВнешняяОбработка.ПроверкаЧтенияНеАдминистраторами.МодульОбъекта(100)}:	Ожидаем.Что(ЧтениеДоступно, ПолноеИмяМетаданного + &quot; недоступно для чтения ролями без привилегий&quot;).ЕстьИстина();
{(1)}:КонтекстВыполнения.Тест_ПроверитьНеАдминистраторскиеПраваНаЧтение(Параметры[0],Параметры[1]);
{ВнешняяОбработка.xddTestRunner.МодульОбъекта(337)}:	Выполнить(ИcполняемыйКод);
{ВнешняяОбработка.xddTestRunner.МодульОбъекта(261)}:			ВыполнитьПроцедуруКонтекста(КонтекстВыполнения, ЭлементДереваТестов.ИмяМетода, ЭлементДереваТестов.Параметры);
{ВнешняяОбработка.xddTestRunner.Форма.УправляемаяФорма.Форма(913)}:	РезультатТестирования = ОбъектНаСервере.ВыполнитьТестовыйМетод(КонтекстВыполнения, ЭлементДереваТестов);
"/>
			</testcase>
			<testcase classname="Проверка чтения не-администраторами - &lt;test&gt;" name="РегистрСведений.ИспользованиеПоставляемыхДополнительныхОтчетовИОбработокВОбластяхДанных: Проверка доступа на Чтение Не-Администраторами - &lt;test&gt;" time="0" status="passed"/>
			<testcase classname="Проверка чтения не-администраторами - &lt;test&gt;" name="Документ.СписаниеНедостачТоваров: Проверка доступа на Чтение Не-Администраторами - &lt;test&gt;" time="0.016" status="passed"/>
			<testcase classname="Проверка чтения не-администраторами - &lt;test&gt;" name="РегистрСведений.БуферОперацийСтатистики: Проверка доступа на Чтение Не-Администраторами - &lt;test&gt;" time="0.032" status="passed"/>
			<testcase classname="Проверка чтения не-администраторами - &lt;test&gt;" name="Константа.ИспользоватьABCXYZКлассификациюНоменклатурыПоВыручке: Проверка доступа на Чтение Не-Администраторами - &lt;test&gt;" time="0" status="passed"/>
			<testcase classname="Проверка чтения не-администраторами - &lt;test&gt;" name="РегистрСведений.СчетаФактурыКомитентовКРегистрации: Проверка доступа на Чтение Не-Администраторами - &lt;test&gt;" time="0.015" status="passed"/>
			<testcase classname="Проверка чтения не-администраторами - &lt;test&gt;" name="РегистрНакопления.ЗаказыМатериаловВПроизводство: Проверка доступа на Чтение Не-Администраторами - &lt;test&gt;" time="0.015" status="passed"/>
			<testcase classname="Проверка чтения не-администраторами - &lt;test&gt;" name="РегистрСведений.ЗаданияКРасчетуСебестоимости: Проверка доступа на Чтение Не-Администраторами - &lt;test&gt;" time="0.047" status="passed"/>
			<testcase classname="Проверка чтения не-администраторами - &lt;test&gt;" name="ПланОбмена.МобильноеПриложениеТорговыйПредставитель: Проверка доступа на Чтение Не-Администраторами - &lt;test&gt;" time="0" status="passed"/>
			<testcase classname="Проверка чтения не-администраторами - &lt;test&gt;" name="РегистрСведений.ПлановыеАвансыИспр: Проверка доступа на Чтение Не-Администраторами - &lt;test&gt;" time="0.063" status="failure">
				<failure message="[Failed] Ожидали, что проверяемое значение (Ложь) является ИСТИНОЙ.
РегистрСведений.ПлановыеАвансыИспр недоступно для чтения ролями без привилегий
{ВнешняяОбработка.УтвержденияBDD.МодульОбъекта(293)}:	ВызватьИсключение Префикс + &quot; &quot; + СообщениеОшибки;
{ВнешняяОбработка.УтвержденияBDD.МодульОбъекта(46)}:		ВызватьОшибкуПроверки(СообщениеОшибки);
{ВнешняяОбработка.УтвержденияBDD.МодульОбъекта(53)}:	Возврат ЭтоИстина();
{ВнешняяОбработка.ПроверкаЧтенияНеАдминистраторами.МодульОбъекта(100)}:	Ожидаем.Что(ЧтениеДоступно, ПолноеИмяМетаданного + &quot; недоступно для чтения ролями без привилегий&quot;).ЕстьИстина();
{(1)}:КонтекстВыполнения.Тест_ПроверитьНеАдминистраторскиеПраваНаЧтение(Параметры[0],Параметры[1]);
{ВнешняяОбработка.xddTestRunner.МодульОбъекта(337)}:	Выполнить(ИcполняемыйКод);
{ВнешняяОбработка.xddTestRunner.МодульОбъекта(261)}:			ВыполнитьПроцедуруКонтекста(КонтекстВыполнения, ЭлементДереваТестов.ИмяМетода, ЭлементДереваТестов.Параметры);
{ВнешняяОбработка.xddTestRunner.Форма.УправляемаяФорма.Форма(913)}:	РезультатТестирования = ОбъектНаСервере.ВыполнитьТестовыйМетод(КонтекстВыполнения, ЭлементДереваТестов);
"/>
			</testcase>
			<testcase classname="Проверка чтения не-администраторами - &lt;test&gt;" name="Константа.УчетВФункциональнойВалюте: Проверка доступа на Чтение Не-Администраторами - &lt;test&gt;" time="0" status="passed"/>
			<testcase classname="Проверка чтения не-администраторами - &lt;test&gt;" name="Документ.ПереносДанных: Проверка доступа на Чтение Не-Администраторами - &lt;test&gt;" time="0.062" status="failure">
				<failure message="[Failed] Ожидали, что проверяемое значение (Ложь) является ИСТИНОЙ.
Документ.ПереносДанных недоступно для чтения ролями без привилегий
{ВнешняяОбработка.УтвержденияBDD.МодульОбъекта(293)}:	ВызватьИсключение Префикс + &quot; &quot; + СообщениеОшибки;
{ВнешняяОбработка.УтвержденияBDD.МодульОбъекта(46)}:		ВызватьОшибкуПроверки(СообщениеОшибки);
{ВнешняяОбработка.УтвержденияBDD.МодульОбъекта(53)}:	Возврат ЭтоИстина();
{ВнешняяОбработка.ПроверкаЧтенияНеАдминистраторами.МодульОбъекта(100)}:	Ожидаем.Что(ЧтениеДоступно, ПолноеИмяМетаданного + &quot; недоступно для чтения ролями без привилегий&quot;).ЕстьИстина();
{(1)}:КонтекстВыполнения.Тест_ПроверитьНеАдминистраторскиеПраваНаЧтение(Параметры[0],Параметры[1]);
{ВнешняяОбработка.xddTestRunner.МодульОбъекта(337)}:	Выполнить(ИcполняемыйКод);
{ВнешняяОбработка.xddTestRunner.МодульОбъекта(261)}:			ВыполнитьПроцедуруКонтекста(КонтекстВыполнения, ЭлементДереваТестов.ИмяМетода, ЭлементДереваТестов.Параметры);
{ВнешняяОбработка.xddTestRunner.Форма.УправляемаяФорма.Форма(913)}:	РезультатТестирования = ОбъектНаСервере.ВыполнитьТестовыйМетод(КонтекстВыполнения, ЭлементДереваТестов);
"/>
			</testcase>
			<testcase classname="Проверка чтения не-администраторами - &lt;test&gt;" name="Константа.ИспользоватьОплатуПлатежнымиКартами: Проверка доступа на Чтение Не-Администраторами - &lt;test&gt;" time="0.015" status="passed"/>
			<testcase classname="Проверка чтения не-администраторами - &lt;test&gt;" name="РегистрСведений.СхемыОбеспеченияПроизводства: Проверка доступа на Чтение Не-Администраторами - &lt;test&gt;" time="0.016" status="passed"/>
			<testcase classname="Проверка чтения не-администраторами - &lt;test&gt;" name="Документ.ВозвратПодарочныхСертификатов: Проверка доступа на Чтение Не-Администраторами - &lt;test&gt;" time="0" status="passed"/>
			<testcase classname="Проверка чтения не-администраторами - &lt;test&gt;" name="Справочник.ДоговорыКонтрагентовПрисоединенныеФайлы: Проверка доступа на Чтение Не-Администраторами - &lt;test&gt;" time="0.015" status="passed"/>
			<testcase classname="Проверка чтения не-администраторами - &lt;test&gt;" name="РегистрСведений.УдалитьСостоянияДокументовЗачисленияЗарплаты: Проверка доступа на Чтение Не-Администраторами - &lt;test&gt;" time="0.063" status="failure">
				<failure message="[Failed] Ожидали, что проверяемое значение (Ложь) является ИСТИНОЙ.
РегистрСведений.УдалитьСостоянияДокументовЗачисленияЗарплаты недоступно для чтения ролями без привилегий
{ВнешняяОбработка.УтвержденияBDD.МодульОбъекта(293)}:	ВызватьИсключение Префикс + &quot; &quot; + СообщениеОшибки;
{ВнешняяОбработка.УтвержденияBDD.МодульОбъекта(46)}:		ВызватьОшибкуПроверки(СообщениеОшибки);
{ВнешняяОбработка.УтвержденияBDD.МодульОбъекта(53)}:	Возврат ЭтоИстина();
{ВнешняяОбработка.ПроверкаЧтенияНеАдминистраторами.МодульОбъекта(100)}:	Ожидаем.Что(ЧтениеДоступно, ПолноеИмяМетаданного + &quot; недоступно для чтения ролями без привилегий&quot;).ЕстьИстина();
{(1)}:КонтекстВыполнения.Тест_ПроверитьНеАдминистраторскиеПраваНаЧтение(Параметры[0],Параметры[1]);
{ВнешняяОбработка.xddTestRunner.МодульОбъекта(337)}:	Выполнить(ИcполняемыйКод);
{ВнешняяОбработка.xddTestRunner.МодульОбъекта(261)}:			ВыполнитьПроцедуруКонтекста(КонтекстВыполнения, ЭлементДереваТестов.ИмяМетода, ЭлементДереваТестов.Параметры);
{ВнешняяОбработка.xddTestRunner.Форма.УправляемаяФорма.Форма(913)}:	РезультатТестирования = ОбъектНаСервере.ВыполнитьТестовыйМетод(КонтекстВыполнения, ЭлементДереваТестов);
"/>
			</testcase>
			<testcase classname="Проверка чтения не-администраторами - &lt;test&gt;" name="Справочник.ПретензииКлиентов: Проверка доступа на Чтение Не-Администраторами - &lt;test&gt;" time="0" status="passed"/>
			<testcase classname="Проверка чтения не-администраторами - &lt;test&gt;" name="Константа.УчитыватьСебестоимостьТоваровПоВидамЗапасов: Проверка доступа на Чтение Не-Администраторами - &lt;test&gt;" time="0.016" status="passed"/>
			<testcase classname="Проверка чтения не-администраторами - &lt;test&gt;" name="Константа.ИспользоватьСтатусыЗаказовДавальцев: Проверка доступа на Чтение Не-Администраторами - &lt;test&gt;" time="0.016" status="passed"/>
			<testcase classname="Проверка чтения не-администраторами - &lt;test&gt;" name="РегистрСведений.ИнцидентыОткрытые: Проверка доступа на Чтение Не-Администраторами - &lt;test&gt;" time="0.047" status="passed"/>
			<testcase classname="Проверка чтения не-администраторами - &lt;test&gt;" name="Константа.ИспользоватьУчетПрочихАктивовПассивов: Проверка доступа на Чтение Не-Администраторами - &lt;test&gt;" time="0" status="passed"/>
			<testcase classname="Проверка чтения не-администраторами - &lt;test&gt;" name="Справочник.СоглашенияСКлиентамиПрисоединенныеФайлы: Проверка доступа на Чтение Не-Администраторами - &lt;test&gt;" time="0.016" status="passed"/>
			<testcase classname="Проверка чтения не-администраторами - &lt;test&gt;" name="Константа.ИспользоватьАвтоматическуюОтправкуПолучениеДанныхВЕТИС: Проверка доступа на Чтение Не-Администраторами - &lt;test&gt;" time="0.015" status="passed"/>
			<testcase classname="Проверка чтения не-администраторами - &lt;test&gt;" name="Справочник.СертификатыНоменклатурыПрисоединенныеФайлы: Проверка доступа на Чтение Не-Администраторами - &lt;test&gt;" time="0.032" status="passed"/>
			<testcase classname="Проверка чтения не-администраторами - &lt;test&gt;" name="Документ.АктПриемкиВыполненныхРаботОказанныхУслуг: Проверка доступа на Чтение Не-Администраторами - &lt;test&gt;" time="0.015" status="passed"/>
			<testcase classname="Проверка чтения не-администраторами - &lt;test&gt;" name="Справочник.УдалитьОтправкиФСС: Проверка доступа на Чтение Не-Администраторами - &lt;test&gt;" time="0.063" status="failure">
				<failure message="[Failed] Ожидали, что проверяемое значение (Ложь) является ИСТИНОЙ.
Справочник.УдалитьОтправкиФСС недоступно для чтения ролями без привилегий
{ВнешняяОбработка.УтвержденияBDD.МодульОбъекта(293)}:	ВызватьИсключение Префикс + &quot; &quot; + СообщениеОшибки;
{ВнешняяОбработка.УтвержденияBDD.МодульОбъекта(46)}:		ВызватьОшибкуПроверки(СообщениеОшибки);
{ВнешняяОбработка.УтвержденияBDD.МодульОбъекта(53)}:	Возврат ЭтоИстина();
{ВнешняяОбработка.ПроверкаЧтенияНеАдминистраторами.МодульОбъекта(100)}:	Ожидаем.Что(ЧтениеДоступно, ПолноеИмяМетаданного + &quot; недоступно для чтения ролями без привилегий&quot;).ЕстьИстина();
{(1)}:КонтекстВыполнения.Тест_ПроверитьНеАдминистраторскиеПраваНаЧтение(Параметры[0],Параметры[1]);
{ВнешняяОбработка.xddTestRunner.МодульОбъекта(337)}:	Выполнить(ИcполняемыйКод);
{ВнешняяОбработка.xddTestRunner.МодульОбъекта(261)}:			ВыполнитьПроцедуруКонтекста(КонтекстВыполнения, ЭлементДереваТестов.ИмяМетода, ЭлементДереваТестов.Параметры);
{ВнешняяОбработка.xddTestRunner.Форма.УправляемаяФорма.Форма(913)}:	РезультатТестирования = ОбъектНаСервере.ВыполнитьТестовыйМетод(КонтекстВыполнения, ЭлементДереваТестов);
"/>
			</testcase>
			<testcase classname="Проверка чтения не-администраторами - &lt;test&gt;" name="Справочник.МакетыПенсионныхДел: Проверка доступа на Чтение Не-Администраторами - &lt;test&gt;" time="0.016" status="passed"/>
			<testcase classname="Проверка чтения не-администраторами - &lt;test&gt;" name="РегистрСведений.ТОРО_РемонтныеЦиклы: Проверка доступа на Чтение Не-Администраторами - &lt;test&gt;" time="0.031" status="passed"/>
			<testcase classname="Проверка чтения не-администраторами - &lt;test&gt;" name="РегистрСведений.ОтключенныеЛентыНовостейДляОбластиДанных: Проверка доступа на Чтение Не-Администраторами - &lt;test&gt;" time="0.016" status="passed"/>
			<testcase classname="Проверка чтения не-администраторами - &lt;test&gt;" name="РегистрСведений.УдалитьСтатусыРегламентированныхОтчетов: Проверка доступа на Чтение Не-Администраторами - &lt;test&gt;" time="0.016" status="passed"/>
			<testcase classname="Проверка чтения не-администраторами - &lt;test&gt;" name="Справочник.ПапкиФайлов: Проверка доступа на Чтение Не-Администраторами - &lt;test&gt;" time="0.015" status="passed"/>
			<testcase classname="Проверка чтения не-администраторами - &lt;test&gt;" name="РегистрСведений.ОшибкиРасчетаПартийИСебестоимости: Проверка доступа на Чтение Не-Администраторами - &lt;test&gt;" time="0" status="passed"/>
			<testcase classname="Проверка чтения не-администраторами - &lt;test&gt;" name="Справочник.ПодарочныеСертификаты: Проверка доступа на Чтение Не-Администраторами - &lt;test&gt;" time="0.016" status="passed"/>
			<testcase classname="Проверка чтения не-администраторами - &lt;test&gt;" name="РегистрСведений.НеразделенныеПользователи: Проверка доступа на Чтение Не-Администраторами - &lt;test&gt;" time="0.031" status="passed"/>
			<testcase classname="Проверка чтения не-администраторами - &lt;test&gt;" name="РегистрНакопления.ПотребностьВМатериалахВПроизводстве: Проверка доступа на Чтение Не-Администраторами - &lt;test&gt;" time="0.031" status="passed"/>
			<testcase classname="Проверка чтения не-администраторами - &lt;test&gt;" name="Константа.АвтоматическиНастраиватьРазрешенияВПрофиляхБезопасности: Проверка доступа на Чтение Не-Администраторами - &lt;test&gt;" time="0.016" status="passed"/>
			<testcase classname="Проверка чтения не-администраторами - &lt;test&gt;" name="Документ.ОтгулСписком: Проверка доступа на Чтение Не-Администраторами - &lt;test&gt;" time="0.016" status="passed"/>
			<testcase classname="Проверка чтения не-администраторами - &lt;test&gt;" name="РегистрСведений.СтатусыОформленияДокументовВЕТИС: Проверка доступа на Чтение Не-Администраторами - &lt;test&gt;" time="0" status="passed"/>
			<testcase classname="Проверка чтения не-администраторами - &lt;test&gt;" name="РегистрСведений.СтроковыеСведенияФизическихЛиц: Проверка доступа на Чтение Не-Администраторами - &lt;test&gt;" time="0" status="passed"/>
			<testcase classname="Проверка чтения не-администраторами - &lt;test&gt;" name="Документ.ВыплатаБывшимСотрудникам: Проверка доступа на Чтение Не-Администраторами - &lt;test&gt;" time="0" status="passed"/>
			<testcase classname="Проверка чтения не-администраторами - &lt;test&gt;" name="РегистрНакопления.БухучетНачисленияУдержанияПоСотрудникам: Проверка доступа на Чтение Не-Администраторами - &lt;test&gt;" time="0.016" status="passed"/>
			<testcase classname="Проверка чтения не-администраторами - &lt;test&gt;" name="Справочник.СписаниеЗадолженностиПрисоединенныеФайлы: Проверка доступа на Чтение Не-Администраторами - &lt;test&gt;" time="0" status="passed"/>
			<testcase classname="Проверка чтения не-администраторами - &lt;test&gt;" name="Справочник.ТОРО_КоэффициентыИндексыГрандСметы: Проверка доступа на Чтение Не-Администраторами - &lt;test&gt;" time="0.015" status="passed"/>
			<testcase classname="Проверка чтения не-администраторами - &lt;test&gt;" name="Константа.ТОРО_НастройкиБДОНСИ: Проверка доступа на Чтение Не-Администраторами - &lt;test&gt;" time="0.015" status="passed"/>
			<testcase classname="Проверка чтения не-администраторами - &lt;test&gt;" name="Справочник.ТОРО_АктГотовностиКРемонтуПрисоединенныеФайлы: Проверка доступа на Чтение Не-Администраторами - &lt;test&gt;" time="0.015" status="passed"/>
			<testcase classname="Проверка чтения не-администраторами - &lt;test&gt;" name="Документ.АктПроверкиСтраховыхВзносов: Проверка доступа на Чтение Не-Администраторами - &lt;test&gt;" time="0.016" status="passed"/>
			<testcase classname="Проверка чтения не-администраторами - &lt;test&gt;" name="Константа.ИспользоватьНоменклатуруПоставщиков: Проверка доступа на Чтение Не-Администраторами - &lt;test&gt;" time="0" status="passed"/>
			<testcase classname="Проверка чтения не-администраторами - &lt;test&gt;" name="РегистрСведений.СтавкиНалогаНаПрибыльВБюджетСубъектовРФ: Проверка доступа на Чтение Не-Администраторами - &lt;test&gt;" time="0.015" status="passed"/>
			<testcase classname="Проверка чтения не-администраторами - &lt;test&gt;" name="РегистрСведений.УчетнаяПолитикаПоНДФЛРасширенный: Проверка доступа на Чтение Не-Администраторами - &lt;test&gt;" time="0.016" status="passed"/>
			<testcase classname="Проверка чтения не-администраторами - &lt;test&gt;" name="Константа.ПрименяютсяРазныеСтавкиНалогаНаПрибыль: Проверка доступа на Чтение Не-Администраторами - &lt;test&gt;" time="0" status="passed"/>
			<testcase classname="Проверка чтения не-администраторами - &lt;test&gt;" name="РегистрСведений.УдалитьФорматыОбменаЕГАИС: Проверка доступа на Чтение Не-Администраторами - &lt;test&gt;" time="0.047" status="failure">
				<failure message="[Failed] Ожидали, что проверяемое значение (Ложь) является ИСТИНОЙ.
РегистрСведений.УдалитьФорматыОбменаЕГАИС недоступно для чтения ролями без привилегий
{ВнешняяОбработка.УтвержденияBDD.МодульОбъекта(293)}:	ВызватьИсключение Префикс + &quot; &quot; + СообщениеОшибки;
{ВнешняяОбработка.УтвержденияBDD.МодульОбъекта(46)}:		ВызватьОшибкуПроверки(СообщениеОшибки);
{ВнешняяОбработка.УтвержденияBDD.МодульОбъекта(53)}:	Возврат ЭтоИстина();
{ВнешняяОбработка.ПроверкаЧтенияНеАдминистраторами.МодульОбъекта(100)}:	Ожидаем.Что(ЧтениеДоступно, ПолноеИмяМетаданного + &quot; недоступно для чтения ролями без привилегий&quot;).ЕстьИстина();
{(1)}:КонтекстВыполнения.Тест_ПроверитьНеАдминистраторскиеПраваНаЧтение(Параметры[0],Параметры[1]);
{ВнешняяОбработка.xddTestRunner.МодульОбъекта(337)}:	Выполнить(ИcполняемыйКод);
{ВнешняяОбработка.xddTestRunner.МодульОбъекта(261)}:			ВыполнитьПроцедуруКонтекста(КонтекстВыполнения, ЭлементДереваТестов.ИмяМетода, ЭлементДереваТестов.Параметры);
{ВнешняяОбработка.xddTestRunner.Форма.УправляемаяФорма.Форма(913)}:	РезультатТестирования = ОбъектНаСервере.ВыполнитьТестовыйМетод(КонтекстВыполнения, ЭлементДереваТестов);
"/>
			</testcase>
			<testcase classname="Проверка чтения не-администраторами - &lt;test&gt;" name="Константа.СвойстваБИП: Проверка доступа на Чтение Не-Администраторами - &lt;test&gt;" time="0.016" status="passed"/>
			<testcase classname="Проверка чтения не-администраторами - &lt;test&gt;" name="РегистрСведений.ВоинскийУчет: Проверка доступа на Чтение Не-Администраторами - &lt;test&gt;" time="0" status="passed"/>
			<testcase classname="Проверка чтения не-администраторами - &lt;test&gt;" name="Константа.РаботаВНесколькихХозрасчетныхОрганизациях: Проверка доступа на Чтение Не-Администраторами - &lt;test&gt;" time="0" status="passed"/>
			<testcase classname="Проверка чтения не-администраторами - &lt;test&gt;" name="РегистрСведений.НастройкиОбменаФТС: Проверка доступа на Чтение Не-Администраторами - &lt;test&gt;" time="0" status="passed"/>
			<testcase classname="Проверка чтения не-администраторами - &lt;test&gt;" name="Документ.ЗаказНаПроизводство2_2: Проверка доступа на Чтение Не-Администраторами - &lt;test&gt;" time="0.016" status="passed"/>
			<testcase classname="Проверка чтения не-администраторами - &lt;test&gt;" name="Константа.ИспользованиеКлассификаторовНоменклатуры: Проверка доступа на Чтение Не-Администраторами - &lt;test&gt;" time="0" status="passed"/>
			<testcase classname="Проверка чтения не-администраторами - &lt;test&gt;" name="РегистрСведений.ПодчиненияУзловОбъектовЭксплуатации: Проверка доступа на Чтение Не-Администраторами - &lt;test&gt;" time="0.047" status="failure">
				<failure message="[Failed] Ожидали, что проверяемое значение (Ложь) является ИСТИНОЙ.
РегистрСведений.ПодчиненияУзловОбъектовЭксплуатации недоступно для чтения ролями без привилегий
{ВнешняяОбработка.УтвержденияBDD.МодульОбъекта(293)}:	ВызватьИсключение Префикс + &quot; &quot; + СообщениеОшибки;
{ВнешняяОбработка.УтвержденияBDD.МодульОбъекта(46)}:		ВызватьОшибкуПроверки(СообщениеОшибки);
{ВнешняяОбработка.УтвержденияBDD.МодульОбъекта(53)}:	Возврат ЭтоИстина();
{ВнешняяОбработка.ПроверкаЧтенияНеАдминистраторами.МодульОбъекта(100)}:	Ожидаем.Что(ЧтениеДоступно, ПолноеИмяМетаданного + &quot; недоступно для чтения ролями без привилегий&quot;).ЕстьИстина();
{(1)}:КонтекстВыполнения.Тест_ПроверитьНеАдминистраторскиеПраваНаЧтение(Параметры[0],Параметры[1]);
{ВнешняяОбработка.xddTestRunner.МодульОбъекта(337)}:	Выполнить(ИcполняемыйКод);
{ВнешняяОбработка.xddTestRunner.МодульОбъекта(261)}:			ВыполнитьПроцедуруКонтекста(КонтекстВыполнения, ЭлементДереваТестов.ИмяМетода, ЭлементДереваТестов.Параметры);
{ВнешняяОбработка.xddTestRunner.Форма.УправляемаяФорма.Форма(913)}:	РезультатТестирования = ОбъектНаСервере.ВыполнитьТестовыйМетод(КонтекстВыполнения, ЭлементДереваТестов);
"/>
			</testcase>
			<testcase classname="Проверка чтения не-администраторами - &lt;test&gt;" name="РегистрСведений.ПроцентЕНВДДляУчетаЗатратНаЗарплату: Проверка доступа на Чтение Не-Администраторами - &lt;test&gt;" time="0" status="passed"/>
			<testcase classname="Проверка чтения не-администраторами - &lt;test&gt;" name="РегистрСведений.ОбластиДействияСертификатовНоменклатуры: Проверка доступа на Чтение Не-Администраторами - &lt;test&gt;" time="0.016" status="passed"/>
			<testcase classname="Проверка чтения не-администраторами - &lt;test&gt;" name="РегистрСведений.ИсходныеДанныеТеста: Проверка доступа на Чтение Не-Администраторами - &lt;test&gt;" time="0.016" status="passed"/>
			<testcase classname="Проверка чтения не-администраторами - &lt;test&gt;" name="РегистрСведений.РеквизитыПлатежныхДокументовПеречисленияЗарплаты: Проверка доступа на Чтение Не-Администраторами - &lt;test&gt;" time="0" status="passed"/>
			<testcase classname="Проверка чтения не-администраторами - &lt;test&gt;" name="РегистрСведений.УдалитьРегистрацияТранспортныхСредств: Проверка доступа на Чтение Не-Администраторами - &lt;test&gt;" time="0.063" status="failure">
				<failure message="[Failed] Ожидали, что проверяемое значение (Ложь) является ИСТИНОЙ.
РегистрСведений.УдалитьРегистрацияТранспортныхСредств недоступно для чтения ролями без привилегий
{ВнешняяОбработка.УтвержденияBDD.МодульОбъекта(293)}:	ВызватьИсключение Префикс + &quot; &quot; + СообщениеОшибки;
{ВнешняяОбработка.УтвержденияBDD.МодульОбъекта(46)}:		ВызватьОшибкуПроверки(СообщениеОшибки);
{ВнешняяОбработка.УтвержденияBDD.МодульОбъекта(53)}:	Возврат ЭтоИстина();
{ВнешняяОбработка.ПроверкаЧтенияНеАдминистраторами.МодульОбъекта(100)}:	Ожидаем.Что(ЧтениеДоступно, ПолноеИмяМетаданного + &quot; недоступно для чтения ролями без привилегий&quot;).ЕстьИстина();
{(1)}:КонтекстВыполнения.Тест_ПроверитьНеАдминистраторскиеПраваНаЧтение(Параметры[0],Параметры[1]);
{ВнешняяОбработка.xddTestRunner.МодульОбъекта(337)}:	Выполнить(ИcполняемыйКод);
{ВнешняяОбработка.xddTestRunner.МодульОбъекта(261)}:			ВыполнитьПроцедуруКонтекста(КонтекстВыполнения, ЭлементДереваТестов.ИмяМетода, ЭлементДереваТестов.Параметры);
{ВнешняяОбработка.xddTestRunner.Форма.УправляемаяФорма.Форма(913)}:	РезультатТестирования = ОбъектНаСервере.ВыполнитьТестовыйМетод(КонтекстВыполнения, ЭлементДереваТестов);
"/>
			</testcase>
			<testcase classname="Проверка чтения не-администраторами - &lt;test&gt;" name="Справочник.СтатьиРасходовЗарплата: Проверка доступа на Чтение Не-Администраторами - &lt;test&gt;" time="0" status="passed"/>
			<testcase classname="Проверка чтения не-администраторами - &lt;test&gt;" name="РегистрСведений.ТОРО_ЕОПоМоделямИВидамВоздействий: Проверка доступа на Чтение Не-Администраторами - &lt;test&gt;" time="0.016" status="passed"/>
			<testcase classname="Проверка чтения не-администраторами - &lt;test&gt;" name="Справочник.ПриоритетыОплаты: Проверка доступа на Чтение Не-Администраторами - &lt;test&gt;" time="0.015" status="passed"/>
			<testcase classname="Проверка чтения не-администраторами - &lt;test&gt;" name="РегистрСведений.НормативныйГрафикЭтаповПроизводства: Проверка доступа на Чтение Не-Администраторами - &lt;test&gt;" time="0.015" status="passed"/>
			<testcase classname="Проверка чтения не-администраторами - &lt;test&gt;" name="РегистрСведений.ТерриториальныеУсловияДополнительныеПФР: Проверка доступа на Чтение Не-Администраторами - &lt;test&gt;" time="0.016" status="passed"/>
			<testcase classname="Проверка чтения не-администраторами - &lt;test&gt;" name="Справочник.Номенклатура: Проверка доступа на Чтение Не-Администраторами - &lt;test&gt;" time="0" status="passed"/>
			<testcase classname="Проверка чтения не-администраторами - &lt;test&gt;" name="РегистрСведений.АналитикаУчетаНаборов: Проверка доступа на Чтение Не-Администраторами - &lt;test&gt;" time="0.062" status="failure">
				<failure message="[Failed] Ожидали, что проверяемое значение (Ложь) является ИСТИНОЙ.
РегистрСведений.АналитикаУчетаНаборов недоступно для чтения ролями без привилегий
{ВнешняяОбработка.УтвержденияBDD.МодульОбъекта(293)}:	ВызватьИсключение Префикс + &quot; &quot; + СообщениеОшибки;
{ВнешняяОбработка.УтвержденияBDD.МодульОбъекта(46)}:		ВызватьОшибкуПроверки(СообщениеОшибки);
{ВнешняяОбработка.УтвержденияBDD.МодульОбъекта(53)}:	Возврат ЭтоИстина();
{ВнешняяОбработка.ПроверкаЧтенияНеАдминистраторами.МодульОбъекта(100)}:	Ожидаем.Что(ЧтениеДоступно, ПолноеИмяМетаданного + &quot; недоступно для чтения ролями без привилегий&quot;).ЕстьИстина();
{(1)}:КонтекстВыполнения.Тест_ПроверитьНеАдминистраторскиеПраваНаЧтение(Параметры[0],Параметры[1]);
{ВнешняяОбработка.xddTestRunner.МодульОбъекта(337)}:	Выполнить(ИcполняемыйКод);
{ВнешняяОбработка.xddTestRunner.МодульОбъекта(261)}:			ВыполнитьПроцедуруКонтекста(КонтекстВыполнения, ЭлементДереваТестов.ИмяМетода, ЭлементДереваТестов.Параметры);
{ВнешняяОбработка.xddTestRunner.Форма.УправляемаяФорма.Форма(913)}:	РезультатТестирования = ОбъектНаСервере.ВыполнитьТестовыйМетод(КонтекстВыполнения, ЭлементДереваТестов);
"/>
			</testcase>
			<testcase classname="Проверка чтения не-администраторами - &lt;test&gt;" name="Справочник.УдалитьТерриториальныеУсловияПФР: Проверка доступа на Чтение Не-Администраторами - &lt;test&gt;" time="0.031" status="passed"/>
			<testcase classname="Проверка чтения не-администраторами - &lt;test&gt;" name="Справочник.ПоступлениеТоваровОтХранителяПрисоединенныеФайлы: Проверка доступа на Чтение Не-Администраторами - &lt;test&gt;" time="0.016" status="passed"/>
			<testcase classname="Проверка чтения не-администраторами - &lt;test&gt;" name="Справочник.ТОРО_СценарииВоздействия: Проверка доступа на Чтение Не-Администраторами - &lt;test&gt;" time="0.016" status="passed"/>
			<testcase classname="Проверка чтения не-администраторами - &lt;test&gt;" name="РегистрСведений.ШаблоныЭВФОтчетовСтатистики: Проверка доступа на Чтение Не-Администраторами - &lt;test&gt;" time="0.016" status="passed"/>
			<testcase classname="Проверка чтения не-администраторами - &lt;test&gt;" name="Справочник.ЦенныеБумаги: Проверка доступа на Чтение Не-Администраторами - &lt;test&gt;" time="0.016" status="passed"/>
			<testcase classname="Проверка чтения не-администраторами - &lt;test&gt;" name="РегистрСведений.УдалитьНастройкиТранспортаОбмена: Проверка доступа на Чтение Не-Администраторами - &lt;test&gt;" time="0.047" status="passed"/>
			<testcase classname="Проверка чтения не-администраторами - &lt;test&gt;" name="РегистрСведений.ИдентификаторыПолученныхЭлектронныхПисем: Проверка доступа на Чтение Не-Администраторами - &lt;test&gt;" time="0.063" status="failure">
				<failure message="[Failed] Ожидали, что проверяемое значение (Ложь) является ИСТИНОЙ.
РегистрСведений.ИдентификаторыПолученныхЭлектронныхПисем недоступно для чтения ролями без привилегий
{ВнешняяОбработка.УтвержденияBDD.МодульОбъекта(293)}:	ВызватьИсключение Префикс + &quot; &quot; + СообщениеОшибки;
{ВнешняяОбработка.УтвержденияBDD.МодульОбъекта(46)}:		ВызватьОшибкуПроверки(СообщениеОшибки);
{ВнешняяОбработка.УтвержденияBDD.МодульОбъекта(53)}:	Возврат ЭтоИстина();
{ВнешняяОбработка.ПроверкаЧтенияНеАдминистраторами.МодульОбъекта(100)}:	Ожидаем.Что(ЧтениеДоступно, ПолноеИмяМетаданного + &quot; недоступно для чтения ролями без привилегий&quot;).ЕстьИстина();
{(1)}:КонтекстВыполнения.Тест_ПроверитьНеАдминистраторскиеПраваНаЧтение(Параметры[0],Параметры[1]);
{ВнешняяОбработка.xddTestRunner.МодульОбъекта(337)}:	Выполнить(ИcполняемыйКод);
{ВнешняяОбработка.xddTestRunner.МодульОбъекта(261)}:			ВыполнитьПроцедуруКонтекста(КонтекстВыполнения, ЭлементДереваТестов.ИмяМетода, ЭлементДереваТестов.Параметры);
{ВнешняяОбработка.xddTestRunner.Форма.УправляемаяФорма.Форма(913)}:	РезультатТестирования = ОбъектНаСервере.ВыполнитьТестовыйМетод(КонтекстВыполнения, ЭлементДереваТестов);
"/>
			</testcase>
			<testcase classname="Проверка чтения не-администраторами - &lt;test&gt;" name="РегистрСведений.ТОРО_ОповещенияПользователей: Проверка доступа на Чтение Не-Администраторами - &lt;test&gt;" time="0.016" status="passed"/>
			<testcase classname="Проверка чтения не-администраторами - &lt;test&gt;" name="Документ.УстановкаКвотАссортимента: Проверка доступа на Чтение Не-Администраторами - &lt;test&gt;" time="0" status="passed"/>
			<testcase classname="Проверка чтения не-администраторами - &lt;test&gt;" name="Документ.ОтчетКомиссионера: Проверка доступа на Чтение Не-Администраторами - &lt;test&gt;" time="0" status="passed"/>
			<testcase classname="Проверка чтения не-администраторами - &lt;test&gt;" name="РегистрСведений.ПроблемыСостоянияСистемы: Проверка доступа на Чтение Не-Администраторами - &lt;test&gt;" time="0.031" status="passed"/>
			<testcase classname="Проверка чтения не-администраторами - &lt;test&gt;" name="Константа.ИспользоватьПолнотекстовыйПоиск: Проверка доступа на Чтение Не-Администраторами - &lt;test&gt;" time="0" status="passed"/>
			<testcase classname="Проверка чтения не-администраторами - &lt;test&gt;" name="Константа.ВестиУчетТабачнойПродукцииМОТП: Проверка доступа на Чтение Не-Администраторами - &lt;test&gt;" time="0.015" status="passed"/>
			<testcase classname="Проверка чтения не-администраторами - &lt;test&gt;" name="РегистрСведений.КурсыВалют: Проверка доступа на Чтение Не-Администраторами - &lt;test&gt;" time="0" status="passed"/>
			<testcase classname="Проверка чтения не-администраторами - &lt;test&gt;" name="Документ.ЗаписьКУДиР: Проверка доступа на Чтение Не-Администраторами - &lt;test&gt;" time="0" status="passed"/>
			<testcase classname="Проверка чтения не-администраторами - &lt;test&gt;" name="Константа.ИспользоватьКонтрольТарификации: Проверка доступа на Чтение Не-Администраторами - &lt;test&gt;" time="0" status="passed"/>
			<testcase classname="Проверка чтения не-администраторами - &lt;test&gt;" name="Справочник.ОрганыФСГС: Проверка доступа на Чтение Не-Администраторами - &lt;test&gt;" time="0.016" status="passed"/>
			<testcase classname="Проверка чтения не-администраторами - &lt;test&gt;" name="РегистрСведений.СведенияРеглОтчетАлкоПрил11Раздел2: Проверка доступа на Чтение Не-Администраторами - &lt;test&gt;" time="0" status="passed"/>
			<testcase classname="Проверка чтения не-администраторами - &lt;test&gt;" name="Справочник.ВидыИспользованияРабочегоВремени: Проверка доступа на Чтение Не-Администраторами - &lt;test&gt;" time="0" status="passed"/>
			<testcase classname="Проверка чтения не-администраторами - &lt;test&gt;" name="Справочник.НастройкиХозяйственныхОпераций: Проверка доступа на Чтение Не-Администраторами - &lt;test&gt;" time="0" status="passed"/>
			<testcase classname="Проверка чтения не-администраторами - &lt;test&gt;" name="Документ.КорректировкаЗадолженностиПоФинансовымИнструментам: Проверка доступа на Чтение Не-Администраторами - &lt;test&gt;" time="0.016" status="passed"/>
			<testcase classname="Проверка чтения не-администраторами - &lt;test&gt;" name="Справочник.ПередачаМатериаловВПроизводствоПрисоединенныеФайлы: Проверка доступа на Чтение Не-Администраторами - &lt;test&gt;" time="0" status="passed"/>
			<testcase classname="Проверка чтения не-администраторами - &lt;test&gt;" name="РегистрСведений.РазмерВычетовНДФЛВторичный: Проверка доступа на Чтение Не-Администраторами - &lt;test&gt;" time="0" status="passed"/>
			<testcase classname="Проверка чтения не-администраторами - &lt;test&gt;" name="Документ.ПлановаяКалькуляция2_2: Проверка доступа на Чтение Не-Администраторами - &lt;test&gt;" time="0.015" status="passed"/>
			<testcase classname="Проверка чтения не-администраторами - &lt;test&gt;" name="РегистрСведений.ДанныеБизнесПроцессов: Проверка доступа на Чтение Не-Администраторами - &lt;test&gt;" time="0" status="passed"/>
			<testcase classname="Проверка чтения не-администраторами - &lt;test&gt;" name="ПланОбмена.ТОРО_ИнтеграцияЦАД: Проверка доступа на Чтение Не-Администраторами - &lt;test&gt;" time="0.032" status="passed"/>
			<testcase classname="Проверка чтения не-администраторами - &lt;test&gt;" name="РегистрСведений.КэшДанныхПартионногоУчета: Проверка доступа на Чтение Не-Администраторами - &lt;test&gt;" time="0.062" status="failure">
				<failure message="[Failed] Ожидали, что проверяемое значение (Ложь) является ИСТИНОЙ.
РегистрСведений.КэшДанныхПартионногоУчета недоступно для чтения ролями без привилегий
{ВнешняяОбработка.УтвержденияBDD.МодульОбъекта(293)}:	ВызватьИсключение Префикс + &quot; &quot; + СообщениеОшибки;
{ВнешняяОбработка.УтвержденияBDD.МодульОбъекта(46)}:		ВызватьОшибкуПроверки(СообщениеОшибки);
{ВнешняяОбработка.УтвержденияBDD.МодульОбъекта(53)}:	Возврат ЭтоИстина();
{ВнешняяОбработка.ПроверкаЧтенияНеАдминистраторами.МодульОбъекта(100)}:	Ожидаем.Что(ЧтениеДоступно, ПолноеИмяМетаданного + &quot; недоступно для чтения ролями без привилегий&quot;).ЕстьИстина();
{(1)}:КонтекстВыполнения.Тест_ПроверитьНеАдминистраторскиеПраваНаЧтение(Параметры[0],Параметры[1]);
{ВнешняяОбработка.xddTestRunner.МодульОбъекта(337)}:	Выполнить(ИcполняемыйКод);
{ВнешняяОбработка.xddTestRunner.МодульОбъекта(261)}:			ВыполнитьПроцедуруКонтекста(КонтекстВыполнения, ЭлементДереваТестов.ИмяМетода, ЭлементДереваТестов.Параметры);
{ВнешняяОбработка.xddTestRunner.Форма.УправляемаяФорма.Форма(913)}:	РезультатТестирования = ОбъектНаСервере.ВыполнитьТестовыйМетод(КонтекстВыполнения, ЭлементДереваТестов);
"/>
			</testcase>
			<testcase classname="Проверка чтения не-администраторами - &lt;test&gt;" name="РегистрСведений.ПараметрыЦелевогоФинансированияОС: Проверка доступа на Чтение Не-Администраторами - &lt;test&gt;" time="0.016" status="passed"/>
			<testcase classname="Проверка чтения не-администраторами - &lt;test&gt;" name="Константа.ИспользоватьМобильноеПриложение1СЗаказыКлиентов: Проверка доступа на Чтение Не-Администраторами - &lt;test&gt;" time="0" status="passed"/>
			<testcase classname="Проверка чтения не-администраторами - &lt;test&gt;" name="Справочник.ВидыДокументовФизическихЛиц: Проверка доступа на Чтение Не-Администраторами - &lt;test&gt;" time="0" status="passed"/>
			<testcase classname="Проверка чтения не-администраторами - &lt;test&gt;" name="РегистрСведений.ЗаданияКПогашениюСтоимостиТМЦВЭксплуатации: Проверка доступа на Чтение Не-Администраторами - &lt;test&gt;" time="0.063" status="failure">
				<failure message="[Failed] Ожидали, что проверяемое значение (Ложь) является ИСТИНОЙ.
РегистрСведений.ЗаданияКПогашениюСтоимостиТМЦВЭксплуатации недоступно для чтения ролями без привилегий
{ВнешняяОбработка.УтвержденияBDD.МодульОбъекта(293)}:	ВызватьИсключение Префикс + &quot; &quot; + СообщениеОшибки;
{ВнешняяОбработка.УтвержденияBDD.МодульОбъекта(46)}:		ВызватьОшибкуПроверки(СообщениеОшибки);
{ВнешняяОбработка.УтвержденияBDD.МодульОбъекта(53)}:	Возврат ЭтоИстина();
{ВнешняяОбработка.ПроверкаЧтенияНеАдминистраторами.МодульОбъекта(100)}:	Ожидаем.Что(ЧтениеДоступно, ПолноеИмяМетаданного + &quot; недоступно для чтения ролями без привилегий&quot;).ЕстьИстина();
{(1)}:КонтекстВыполнения.Тест_ПроверитьНеАдминистраторскиеПраваНаЧтение(Параметры[0],Параметры[1]);
{ВнешняяОбработка.xddTestRunner.МодульОбъекта(337)}:	Выполнить(ИcполняемыйКод);
{ВнешняяОбработка.xddTestRunner.МодульОбъекта(261)}:			ВыполнитьПроцедуруКонтекста(КонтекстВыполнения, ЭлементДереваТестов.ИмяМетода, ЭлементДереваТестов.Параметры);
{ВнешняяОбработка.xddTestRunner.Форма.УправляемаяФорма.Форма(913)}:	РезультатТестирования = ОбъектНаСервере.ВыполнитьТестовыйМетод(КонтекстВыполнения, ЭлементДереваТестов);
"/>
			</testcase>
			<testcase classname="Проверка чтения не-администраторами - &lt;test&gt;" name="РегистрСведений.ГражданствоФизическихЛиц: Проверка доступа на Чтение Не-Администраторами - &lt;test&gt;" time="0" status="passed"/>
			<testcase classname="Проверка чтения не-администраторами - &lt;test&gt;" name="Справочник.СписаниеБезналичныхДенежныхСредствПрисоединенныеФайлы: Проверка доступа на Чтение Не-Администраторами - &lt;test&gt;" time="0.015" status="passed"/>
			<testcase classname="Проверка чтения не-администраторами - &lt;test&gt;" name="Документ.АвансовыйОтчет: Проверка доступа на Чтение Не-Администраторами - &lt;test&gt;" time="0" status="passed"/>
			<testcase classname="Проверка чтения не-администраторами - &lt;test&gt;" name="Константа.ПараметрыАдресногоКлассификатора: Проверка доступа на Чтение Не-Администраторами - &lt;test&gt;" time="0.015" status="passed"/>
			<testcase classname="Проверка чтения не-администраторами - &lt;test&gt;" name="Константа.ПериодXYZКлассификацииНоменклатуры: Проверка доступа на Чтение Не-Администраторами - &lt;test&gt;" time="0" status="passed"/>
			<testcase classname="Проверка чтения не-администраторами - &lt;test&gt;" name="РегистрСведений.ПравилаПреобразованияФорматов: Проверка доступа на Чтение Не-Администраторами - &lt;test&gt;" time="0.031" status="passed"/>
			<testcase classname="Проверка чтения не-администраторами - &lt;test&gt;" name="РегистрСведений.ИсходныеДанныеПерерасчетов: Проверка доступа на Чтение Не-Администраторами - &lt;test&gt;" time="0" status="passed"/>
			<testcase classname="Проверка чтения не-администраторами - &lt;test&gt;" name="Константа.ЗапрещатьРедактированиеФормРеглОтчетности: Проверка доступа на Чтение Не-Администраторами - &lt;test&gt;" time="0" status="passed"/>
			<testcase classname="Проверка чтения не-администраторами - &lt;test&gt;" name="Документ.ПачкаДокументовАДВ_1: Проверка доступа на Чтение Не-Администраторами - &lt;test&gt;" time="0" status="passed"/>
			<testcase classname="Проверка чтения не-администраторами - &lt;test&gt;" name="Справочник.КорректировкаРеализацииПрисоединенныеФайлы: Проверка доступа на Чтение Не-Администраторами - &lt;test&gt;" time="0" status="passed"/>
			<testcase classname="Проверка чтения не-администраторами - &lt;test&gt;" name="Справочник.ПараметрыИсчисляемогоСтраховогоСтажа: Проверка доступа на Чтение Не-Администраторами - &lt;test&gt;" time="0" status="passed"/>
			<testcase classname="Проверка чтения не-администраторами - &lt;test&gt;" name="РегистрСведений.ТОРО_ОчередьДоговоровКонтрагентовКОбработке: Проверка доступа на Чтение Не-Администраторами - &lt;test&gt;" time="0.031" status="passed"/>
			<testcase classname="Проверка чтения не-администраторами - &lt;test&gt;" name="РегистрСведений.СведенияРеглОтчетАлкоПрил15Поставщики: Проверка доступа на Чтение Не-Администраторами - &lt;test&gt;" time="0" status="passed"/>
			<testcase classname="Проверка чтения не-администраторами - &lt;test&gt;" name="Константа.ИспользованиеЭтаповОплатыВЗакупках: Проверка доступа на Чтение Не-Администраторами - &lt;test&gt;" time="0" status="passed"/>
			<testcase classname="Проверка чтения не-администраторами - &lt;test&gt;" name="Документ.ПлановаяКалькуляция: Проверка доступа на Чтение Не-Администраторами - &lt;test&gt;" time="0" status="passed"/>
			<testcase classname="Проверка чтения не-администраторами - &lt;test&gt;" name="РегистрСведений.ТОРО_ЛицаОповещаемыеПриИзмененииНСИиБДО: Проверка доступа на Чтение Не-Администраторами - &lt;test&gt;" time="0.016" status="passed"/>
			<testcase classname="Проверка чтения не-администраторами - &lt;test&gt;" name="Константа.ТОРО_ВидАтрибутаСчетчиков: Проверка доступа на Чтение Не-Администраторами - &lt;test&gt;" time="0.015" status="passed"/>
			<testcase classname="Проверка чтения не-администраторами - &lt;test&gt;" name="Константа.СрокВыставленияСчетаФактуры: Проверка доступа на Чтение Не-Администраторами - &lt;test&gt;" time="0" status="passed"/>
			<testcase classname="Проверка чтения не-администраторами - &lt;test&gt;" name="Документ.ПереоценкаНМА2_4: Проверка доступа на Чтение Не-Администраторами - &lt;test&gt;" time="0.016" status="passed"/>
			<testcase classname="Проверка чтения не-администраторами - &lt;test&gt;" name="РегистрНакопления.ПособияПоУходуЗаРебенком: Проверка доступа на Чтение Не-Администраторами - &lt;test&gt;" time="0" status="passed"/>
			<testcase classname="Проверка чтения не-администраторами - &lt;test&gt;" name="Справочник.ТомаХраненияФайлов: Проверка доступа на Чтение Не-Администраторами - &lt;test&gt;" time="0.031" status="passed"/>
			<testcase classname="Проверка чтения не-администраторами - &lt;test&gt;" name="Константа.ТОРО_ПараметрыПодключенияУПП: Проверка доступа на Чтение Не-Администраторами - &lt;test&gt;" time="0.016" status="passed"/>
			<testcase classname="Проверка чтения не-администраторами - &lt;test&gt;" name="Справочник.ПоляФормСтатистики: Проверка доступа на Чтение Не-Администраторами - &lt;test&gt;" time="0.016" status="passed"/>
			<testcase classname="Проверка чтения не-администраторами - &lt;test&gt;" name="РегистрСведений.ТОРО_ТрудозатратыПоКалькуляциям: Проверка доступа на Чтение Не-Администраторами - &lt;test&gt;" time="0.032" status="passed"/>
			<testcase classname="Проверка чтения не-администраторами - &lt;test&gt;" name="Константа.ИспользоватьЛимитыРасходаДенежныхСредств: Проверка доступа на Чтение Не-Администраторами - &lt;test&gt;" time="0" status="passed"/>
			<testcase classname="Проверка чтения не-администраторами - &lt;test&gt;" name="Константа.АдресСервисаЦентраИдей: Проверка доступа на Чтение Не-Администраторами - &lt;test&gt;" time="0.015" status="passed"/>
			<testcase classname="Проверка чтения не-администраторами - &lt;test&gt;" name="Справочник.УчетныеЗаписиЭлектроннойПочты: Проверка доступа на Чтение Не-Администраторами - &lt;test&gt;" time="0" status="passed"/>
			<testcase classname="Проверка чтения не-администраторами - &lt;test&gt;" name="РегистрСведений.НастройкиТранспортаОбменаОбластейДанных: Проверка доступа на Чтение Не-Администраторами - &lt;test&gt;" time="0.016" status="passed"/>
			<testcase classname="Проверка чтения не-администраторами - &lt;test&gt;" name="Документ.ТОРО_УстановкаВесовРанжирования: Проверка доступа на Чтение Не-Администраторами - &lt;test&gt;" time="0.016" status="passed"/>
			<testcase classname="Проверка чтения не-администраторами - &lt;test&gt;" name="Константа.БлокировкаОтправкиБыстрыхСообщений: Проверка доступа на Чтение Не-Администраторами - &lt;test&gt;" time="0" status="passed"/>
			<testcase classname="Проверка чтения не-администраторами - &lt;test&gt;" name="РегистрСведений.ПервоначальныеСведенияОС: Проверка доступа на Чтение Не-Администраторами - &lt;test&gt;" time="0.015" status="passed"/>
			<testcase classname="Проверка чтения не-администраторами - &lt;test&gt;" name="РегистрНакопления.ОбеспечениеЗаказов: Проверка доступа на Чтение Не-Администраторами - &lt;test&gt;" time="0.016" status="passed"/>
			<testcase classname="Проверка чтения не-администраторами - &lt;test&gt;" name="Документ.СписаниеОСМеждународныйУчет: Проверка доступа на Чтение Не-Администраторами - &lt;test&gt;" time="0" status="passed"/>
			<testcase classname="Проверка чтения не-администраторами - &lt;test&gt;" name="Константа.ИспользоватьПередачуНаОтветственноеХранениеСПравомПродажи: Проверка доступа на Чтение Не-Администраторами - &lt;test&gt;" time="0" status="passed"/>
			<testcase classname="Проверка чтения не-администраторами - &lt;test&gt;" name="РегистрБухгалтерии.Международный: Проверка доступа на Чтение Не-Администраторами - &lt;test&gt;" time="0" status="passed"/>
			<testcase classname="Проверка чтения не-администраторами - &lt;test&gt;" name="РегистрСведений.ПараметрыРаботыВерсийРасширений: Проверка доступа на Чтение Не-Администраторами - &lt;test&gt;" time="0.062" status="failure">
				<failure message="[Failed] Ожидали, что проверяемое значение (Ложь) является ИСТИНОЙ.
РегистрСведений.ПараметрыРаботыВерсийРасширений недоступно для чтения ролями без привилегий
{ВнешняяОбработка.УтвержденияBDD.МодульОбъекта(293)}:	ВызватьИсключение Префикс + &quot; &quot; + СообщениеОшибки;
{ВнешняяОбработка.УтвержденияBDD.МодульОбъекта(46)}:		ВызватьОшибкуПроверки(СообщениеОшибки);
{ВнешняяОбработка.УтвержденияBDD.МодульОбъекта(53)}:	Возврат ЭтоИстина();
{ВнешняяОбработка.ПроверкаЧтенияНеАдминистраторами.МодульОбъекта(100)}:	Ожидаем.Что(ЧтениеДоступно, ПолноеИмяМетаданного + &quot; недоступно для чтения ролями без привилегий&quot;).ЕстьИстина();
{(1)}:КонтекстВыполнения.Тест_ПроверитьНеАдминистраторскиеПраваНаЧтение(Параметры[0],Параметры[1]);
{ВнешняяОбработка.xddTestRunner.МодульОбъекта(337)}:	Выполнить(ИcполняемыйКод);
{ВнешняяОбработка.xddTestRunner.МодульОбъекта(261)}:			ВыполнитьПроцедуруКонтекста(КонтекстВыполнения, ЭлементДереваТестов.ИмяМетода, ЭлементДереваТестов.Параметры);
{ВнешняяОбработка.xddTestRunner.Форма.УправляемаяФорма.Форма(913)}:	РезультатТестирования = ОбъектНаСервере.ВыполнитьТестовыйМетод(КонтекстВыполнения, ЭлементДереваТестов);
"/>
			</testcase>
			<testcase classname="Проверка чтения не-администраторами - &lt;test&gt;" name="РегистрСведений.ДополнительныеСвойстваРолиТеста: Проверка доступа на Чтение Не-Администраторами - &lt;test&gt;" time="0.016" status="passed"/>
			<testcase classname="Проверка чтения не-администраторами - &lt;test&gt;" name="РегистрСведений.ЖурналОтправокВКонтролирующиеОрганы: Проверка доступа на Чтение Не-Администраторами - &lt;test&gt;" time="0.015" status="passed"/>
			<testcase classname="Проверка чтения не-администраторами - &lt;test&gt;" name="РегистрСведений.БлокировкиСеансовОбластейДанных: Проверка доступа на Чтение Не-Администраторами - &lt;test&gt;" time="0.062" status="failure">
				<failure message="[Failed] Ожидали, что проверяемое значение (Ложь) является ИСТИНОЙ.
РегистрСведений.БлокировкиСеансовОбластейДанных недоступно для чтения ролями без привилегий
{ВнешняяОбработка.УтвержденияBDD.МодульОбъекта(293)}:	ВызватьИсключение Префикс + &quot; &quot; + СообщениеОшибки;
{ВнешняяОбработка.УтвержденияBDD.МодульОбъекта(46)}:		ВызватьОшибкуПроверки(СообщениеОшибки);
{ВнешняяОбработка.УтвержденияBDD.МодульОбъекта(53)}:	Возврат ЭтоИстина();
{ВнешняяОбработка.ПроверкаЧтенияНеАдминистраторами.МодульОбъекта(100)}:	Ожидаем.Что(ЧтениеДоступно, ПолноеИмяМетаданного + &quot; недоступно для чтения ролями без привилегий&quot;).ЕстьИстина();
{(1)}:КонтекстВыполнения.Тест_ПроверитьНеАдминистраторскиеПраваНаЧтение(Параметры[0],Параметры[1]);
{ВнешняяОбработка.xddTestRunner.МодульОбъекта(337)}:	Выполнить(ИcполняемыйКод);
{ВнешняяОбработка.xddTestRunner.МодульОбъекта(261)}:			ВыполнитьПроцедуруКонтекста(КонтекстВыполнения, ЭлементДереваТестов.ИмяМетода, ЭлементДереваТестов.Параметры);
{ВнешняяОбработка.xddTestRunner.Форма.УправляемаяФорма.Форма(913)}:	РезультатТестирования = ОбъектНаСервере.ВыполнитьТестовыйМетод(КонтекстВыполнения, ЭлементДереваТестов);
"/>
			</testcase>
			<testcase classname="Проверка чтения не-администраторами - &lt;test&gt;" name="Константа.ИспользоватьПланированиеОстатков: Проверка доступа на Чтение Не-Администраторами - &lt;test&gt;" time="0" status="passed"/>
			<testcase classname="Проверка чтения не-администраторами - &lt;test&gt;" name="Справочник.ВедомостьНаВыплатуЗарплатыПеречислениемПрисоединенныеФайлы: Проверка доступа на Чтение Не-Администраторами - &lt;test&gt;" time="0" status="passed"/>
			<testcase classname="Проверка чтения не-администраторами - &lt;test&gt;" name="Документ.ОтменаДоплатыДоСреднегоЗаработка: Проверка доступа на Чтение Не-Администраторами - &lt;test&gt;" time="0.015" status="passed"/>
			<testcase classname="Проверка чтения не-администраторами - &lt;test&gt;" name="Документ.УпаковочныйЛист: Проверка доступа на Чтение Не-Администраторами - &lt;test&gt;" time="0" status="passed"/>
			<testcase classname="Проверка чтения не-администраторами - &lt;test&gt;" name="Справочник.ТОРО_КачествоТМЦ: Проверка доступа на Чтение Не-Администраторами - &lt;test&gt;" time="0.016" status="passed"/>
			<testcase classname="Проверка чтения не-администраторами - &lt;test&gt;" name="Справочник.Приоритеты: Проверка доступа на Чтение Не-Администраторами - &lt;test&gt;" time="0.016" status="passed"/>
			<testcase classname="Проверка чтения не-администраторами - &lt;test&gt;" name="Константа.ПараметрыАдминистрированияИБ: Проверка доступа на Чтение Не-Администраторами - &lt;test&gt;" time="0" status="passed"/>
			<testcase classname="Проверка чтения не-администраторами - &lt;test&gt;" name="РегистрСведений.ПлановыеУдержанияИспр: Проверка доступа на Чтение Не-Администраторами - &lt;test&gt;" time="0.062" status="failure">
				<failure message="[Failed] Ожидали, что проверяемое значение (Ложь) является ИСТИНОЙ.
РегистрСведений.ПлановыеУдержанияИспр недоступно для чтения ролями без привилегий
{ВнешняяОбработка.УтвержденияBDD.МодульОбъекта(293)}:	ВызватьИсключение Префикс + &quot; &quot; + СообщениеОшибки;
{ВнешняяОбработка.УтвержденияBDD.МодульОбъекта(46)}:		ВызватьОшибкуПроверки(СообщениеОшибки);
{ВнешняяОбработка.УтвержденияBDD.МодульОбъекта(53)}:	Возврат ЭтоИстина();
{ВнешняяОбработка.ПроверкаЧтенияНеАдминистраторами.МодульОбъекта(100)}:	Ожидаем.Что(ЧтениеДоступно, ПолноеИмяМетаданного + &quot; недоступно для чтения ролями без привилегий&quot;).ЕстьИстина();
{(1)}:КонтекстВыполнения.Тест_ПроверитьНеАдминистраторскиеПраваНаЧтение(Параметры[0],Параметры[1]);
{ВнешняяОбработка.xddTestRunner.МодульОбъекта(337)}:	Выполнить(ИcполняемыйКод);
{ВнешняяОбработка.xddTestRunner.МодульОбъекта(261)}:			ВыполнитьПроцедуруКонтекста(КонтекстВыполнения, ЭлементДереваТестов.ИмяМетода, ЭлементДереваТестов.Параметры);
{ВнешняяОбработка.xddTestRunner.Форма.УправляемаяФорма.Форма(913)}:	РезультатТестирования = ОбъектНаСервере.ВыполнитьТестовыйМетод(КонтекстВыполнения, ЭлементДереваТестов);
"/>
			</testcase>
			<testcase classname="Проверка чтения не-администраторами - &lt;test&gt;" name="Документ.ТОРО_ИнвестиционныйПроект: Проверка доступа на Чтение Не-Администраторами - &lt;test&gt;" time="0.015" status="passed"/>
			<testcase classname="Проверка чтения не-администраторами - &lt;test&gt;" name="РегистрСведений.СоставыГруппПользователей: Проверка доступа на Чтение Не-Администраторами - &lt;test&gt;" time="0" status="passed"/>
			<testcase classname="Проверка чтения не-администраторами - &lt;test&gt;" name="РегистрСведений.РазрешенияНаИспользованиеВнешнихРесурсовВМоделиСервиса: Проверка доступа на Чтение Не-Администраторами - &lt;test&gt;" time="0.032" status="passed"/>
			<testcase classname="Проверка чтения не-администраторами - &lt;test&gt;" name="РегистрСведений.ТОРО_ЦветаОбъектов: Проверка доступа на Чтение Не-Администраторами - &lt;test&gt;" time="0.016" status="passed"/>
			<testcase classname="Проверка чтения не-администраторами - &lt;test&gt;" name="РегистрСведений.СостоянияДокументовОткрытияЛицевыхСчетов: Проверка доступа на Чтение Не-Администраторами - &lt;test&gt;" time="0.016" status="passed"/>
			<testcase classname="Проверка чтения не-администраторами - &lt;test&gt;" name="РегистрСведений.ТОРО_СрокиСогласованияНСИБДО: Проверка доступа на Чтение Не-Администраторами - &lt;test&gt;" time="0.016" status="passed"/>
			<testcase classname="Проверка чтения не-администраторами - &lt;test&gt;" name="Документ.НачислениеПоДоговорам: Проверка доступа на Чтение Не-Администраторами - &lt;test&gt;" time="0.015" status="passed"/>
			<testcase classname="Проверка чтения не-администраторами - &lt;test&gt;" name="РегистрСведений.ПрогнозыРасходаУпаковок: Проверка доступа на Чтение Не-Администраторами - &lt;test&gt;" time="0.016" status="passed"/>
			<testcase classname="Проверка чтения не-администраторами - &lt;test&gt;" name="Константа.ИспользоватьМуниципальнуюСлужбу: Проверка доступа на Чтение Не-Администраторами - &lt;test&gt;" time="0" status="passed"/>
			<testcase classname="Проверка чтения не-администраторами - &lt;test&gt;" name="Справочник.СпособыОбеспеченияПотребностей: Проверка доступа на Чтение Не-Администраторами - &lt;test&gt;" time="0" status="passed"/>
			<testcase classname="Проверка чтения не-администраторами - &lt;test&gt;" name="Документ.Отгул: Проверка доступа на Чтение Не-Администраторами - &lt;test&gt;" time="0" status="passed"/>
			<testcase classname="Проверка чтения не-администраторами - &lt;test&gt;" name="Константа.ИспользоватьСтатусыЗаказовНаСборку: Проверка доступа на Чтение Не-Администраторами - &lt;test&gt;" time="0.015" status="passed"/>
			<testcase classname="Проверка чтения не-администраторами - &lt;test&gt;" name="Константа.ИспользоватьПроверкуДокументовПоРегламентированномуУчету: Проверка доступа на Чтение Не-Администраторами - &lt;test&gt;" time="0" status="passed"/>
			<testcase classname="Проверка чтения не-администраторами - &lt;test&gt;" name="РегистрСведений.ПараметрыРаботыПрограммы: Проверка доступа на Чтение Не-Администраторами - &lt;test&gt;" time="0.031" status="passed"/>
			<testcase classname="Проверка чтения не-администраторами - &lt;test&gt;" name="Справочник.РабочиеМеста: Проверка доступа на Чтение Не-Администраторами - &lt;test&gt;" time="0.015" status="passed"/>
			<testcase classname="Проверка чтения не-администраторами - &lt;test&gt;" name="РегистрНакопления.ТоварыКПоступлению: Проверка доступа на Чтение Не-Администраторами - &lt;test&gt;" time="0.031" status="passed"/>
			<testcase classname="Проверка чтения не-администраторами - &lt;test&gt;" name="РегистрНакопления.ВыполненныеРаботыСотрудников: Проверка доступа на Чтение Не-Администраторами - &lt;test&gt;" time="0.032" status="passed"/>
			<testcase classname="Проверка чтения не-администраторами - &lt;test&gt;" name="Константа.МинимальныйПроцентСлучаевНоменклатурыПродаваемойСовместно: Проверка доступа на Чтение Не-Администраторами - &lt;test&gt;" time="0.016" status="passed"/>
			<testcase classname="Проверка чтения не-администраторами - &lt;test&gt;" name="РегистрСведений.ИсторияПоказателейПоШтатномуРасписанию: Проверка доступа на Чтение Не-Администраторами - &lt;test&gt;" time="0" status="passed"/>
			<testcase classname="Проверка чтения не-администраторами - &lt;test&gt;" name="РегистрСведений.ЗаписиОСтажеСведенияОСтраховомСтажеЗастрахованныхЛицСЗВ_СТАЖ: Проверка доступа на Чтение Не-Администраторами - &lt;test&gt;" time="0.062" status="failure">
				<failure message="[Failed] Ожидали, что проверяемое значение (Ложь) является ИСТИНОЙ.
РегистрСведений.ЗаписиОСтажеСведенияОСтраховомСтажеЗастрахованныхЛицСЗВ_СТАЖ недоступно для чтения ролями без привилегий
{ВнешняяОбработка.УтвержденияBDD.МодульОбъекта(293)}:	ВызватьИсключение Префикс + &quot; &quot; + СообщениеОшибки;
{ВнешняяОбработка.УтвержденияBDD.МодульОбъекта(46)}:		ВызватьОшибкуПроверки(СообщениеОшибки);
{ВнешняяОбработка.УтвержденияBDD.МодульОбъекта(53)}:	Возврат ЭтоИстина();
{ВнешняяОбработка.ПроверкаЧтенияНеАдминистраторами.МодульОбъекта(100)}:	Ожидаем.Что(ЧтениеДоступно, ПолноеИмяМетаданного + &quot; недоступно для чтения ролями без привилегий&quot;).ЕстьИстина();
{(1)}:КонтекстВыполнения.Тест_ПроверитьНеАдминистраторскиеПраваНаЧтение(Параметры[0],Параметры[1]);
{ВнешняяОбработка.xddTestRunner.МодульОбъекта(337)}:	Выполнить(ИcполняемыйКод);
{ВнешняяОбработка.xddTestRunner.МодульОбъекта(261)}:			ВыполнитьПроцедуруКонтекста(КонтекстВыполнения, ЭлементДереваТестов.ИмяМетода, ЭлементДереваТестов.Параметры);
{ВнешняяОбработка.xddTestRunner.Форма.УправляемаяФорма.Форма(913)}:	РезультатТестирования = ОбъектНаСервере.ВыполнитьТестовыйМетод(КонтекстВыполнения, ЭлементДереваТестов);
"/>
			</testcase>
			<testcase classname="Проверка чтения не-администраторами - &lt;test&gt;" name="Документ.ЗаявлениеСотрудникаНаВыплатуПособия: Проверка доступа на Чтение Не-Администраторами - &lt;test&gt;" time="0" status="passed"/>
			<testcase classname="Проверка чтения не-администраторами - &lt;test&gt;" name="Справочник.БольничныйЛистПрисоединенныеФайлы: Проверка доступа на Чтение Не-Администраторами - &lt;test&gt;" time="0" status="passed"/>
			<testcase classname="Проверка чтения не-администраторами - &lt;test&gt;" name="Документ.ВедомостьПрочихДоходовПеречислением: Проверка доступа на Чтение Не-Администраторами - &lt;test&gt;" time="0" status="passed"/>
			<testcase classname="Проверка чтения не-администраторами - &lt;test&gt;" name="Константа.ИспользоватьЦеновыеГруппы: Проверка доступа на Чтение Не-Администраторами - &lt;test&gt;" time="0.016" status="passed"/>
			<testcase classname="Проверка чтения не-администраторами - &lt;test&gt;" name="Справочник.УчетныеПолитикиПрисоединенныеФайлы: Проверка доступа на Чтение Не-Администраторами - &lt;test&gt;" time="0.062" status="failure">
				<failure message="[Failed] Ожидали, что проверяемое значение (Ложь) является ИСТИНОЙ.
Справочник.УчетныеПолитикиПрисоединенныеФайлы недоступно для чтения ролями без привилегий
{ВнешняяОбработка.УтвержденияBDD.МодульОбъекта(293)}:	ВызватьИсключение Префикс + &quot; &quot; + СообщениеОшибки;
{ВнешняяОбработка.УтвержденияBDD.МодульОбъекта(46)}:		ВызватьОшибкуПроверки(СообщениеОшибки);
{ВнешняяОбработка.УтвержденияBDD.МодульОбъекта(53)}:	Возврат ЭтоИстина();
{ВнешняяОбработка.ПроверкаЧтенияНеАдминистраторами.МодульОбъекта(100)}:	Ожидаем.Что(ЧтениеДоступно, ПолноеИмяМетаданного + &quot; недоступно для чтения ролями без привилегий&quot;).ЕстьИстина();
{(1)}:КонтекстВыполнения.Тест_ПроверитьНеАдминистраторскиеПраваНаЧтение(Параметры[0],Параметры[1]);
{ВнешняяОбработка.xddTestRunner.МодульОбъекта(337)}:	Выполнить(ИcполняемыйКод);
{ВнешняяОбработка.xddTestRunner.МодульОбъекта(261)}:			ВыполнитьПроцедуруКонтекста(КонтекстВыполнения, ЭлементДереваТестов.ИмяМетода, ЭлементДереваТестов.Параметры);
{ВнешняяОбработка.xddTestRunner.Форма.УправляемаяФорма.Форма(913)}:	РезультатТестирования = ОбъектНаСервере.ВыполнитьТестовыйМетод(КонтекстВыполнения, ЭлементДереваТестов);
"/>
			</testcase>
			<testcase classname="Проверка чтения не-администраторами - &lt;test&gt;" name="Константа.ИспользоватьТоварныеКатегории: Проверка доступа на Чтение Не-Администраторами - &lt;test&gt;" time="0" status="passed"/>
			<testcase classname="Проверка чтения не-администраторами - &lt;test&gt;" name="Справочник.ВыкупТоваровХранителемПрисоединенныеФайлы: Проверка доступа на Чтение Не-Администраторами - &lt;test&gt;" time="0" status="passed"/>
			<testcase classname="Проверка чтения не-администраторами - &lt;test&gt;" name="РегистрНакопления.НачисленияУдержанияПоСотрудникам: Проверка доступа на Чтение Не-Администраторами - &lt;test&gt;" time="0" status="passed"/>
			<testcase classname="Проверка чтения не-администраторами - &lt;test&gt;" name="Константа.МаксимальноеКоличествоИсполняющихФоновыхЗаданий: Проверка доступа на Чтение Не-Администраторами - &lt;test&gt;" time="0" status="passed"/>
			<testcase classname="Проверка чтения не-администраторами - &lt;test&gt;" name="Справочник.ТОРО_ГруппыТехническихОбъектов: Проверка доступа на Чтение Не-Администраторами - &lt;test&gt;" time="0.015" status="passed"/>
			<testcase classname="Проверка чтения не-администраторами - &lt;test&gt;" name="РегистрСведений.ИсторияРегистрацийВНалоговомОргане: Проверка доступа на Чтение Не-Администраторами - &lt;test&gt;" time="0" status="passed"/>
			<testcase classname="Проверка чтения не-администраторами - &lt;test&gt;" name="РегистрСведений.ТОРО_СостоянияВыявленныхНарушений: Проверка доступа на Чтение Не-Администраторами - &lt;test&gt;" time="0.015" status="passed"/>
			<testcase classname="Проверка чтения не-администраторами - &lt;test&gt;" name="Справочник.РолиКонтактныхЛицПартнеров: Проверка доступа на Чтение Не-Администраторами - &lt;test&gt;" time="0.016" status="passed"/>
			<testcase classname="Проверка чтения не-администраторами - &lt;test&gt;" name="Константа.НеЗакрыватьЗаказыПереработчикамБезПолнойОтработки: Проверка доступа на Чтение Не-Администраторами - &lt;test&gt;" time="0" status="passed"/>
			<testcase classname="Проверка чтения не-администраторами - &lt;test&gt;" name="РегистрСведений.ОтложенноеОткрытиеЛицевыхСчетовСотрудников: Проверка доступа на Чтение Не-Администраторами - &lt;test&gt;" time="0" status="passed"/>
			<testcase classname="Проверка чтения не-администраторами - &lt;test&gt;" name="Справочник.ТОРО_РолиПодписывающихЛиц: Проверка доступа на Чтение Не-Администраторами - &lt;test&gt;" time="0.016" status="passed"/>
			<testcase classname="Проверка чтения не-администраторами - &lt;test&gt;" name="Константа.КоличествоПериодовXYZКлассификацииНоменклатуры: Проверка доступа на Чтение Не-Администраторами - &lt;test&gt;" time="0" status="passed"/>
			<testcase classname="Проверка чтения не-администраторами - &lt;test&gt;" name="РегистрСведений.ТОРО_НастройкиВидовНоменклатуры: Проверка доступа на Чтение Не-Администраторами - &lt;test&gt;" time="0.016" status="passed"/>
			<testcase classname="Проверка чтения не-администраторами - &lt;test&gt;" name="Справочник.УдалитьВидыВычетовНДФЛ: Проверка доступа на Чтение Не-Администраторами - &lt;test&gt;" time="0.031" status="passed"/>
			<testcase classname="Проверка чтения не-администраторами - &lt;test&gt;" name="РегистрСведений.ОбновлениеКлючейДоступаПользователей: Проверка доступа на Чтение Не-Администраторами - &lt;test&gt;" time="0.063" status="failure">
				<failure message="[Failed] Ожидали, что проверяемое значение (Ложь) является ИСТИНОЙ.
РегистрСведений.ОбновлениеКлючейДоступаПользователей недоступно для чтения ролями без привилегий
{ВнешняяОбработка.УтвержденияBDD.МодульОбъекта(293)}:	ВызватьИсключение Префикс + &quot; &quot; + СообщениеОшибки;
{ВнешняяОбработка.УтвержденияBDD.МодульОбъекта(46)}:		ВызватьОшибкуПроверки(СообщениеОшибки);
{ВнешняяОбработка.УтвержденияBDD.МодульОбъекта(53)}:	Возврат ЭтоИстина();
{ВнешняяОбработка.ПроверкаЧтенияНеАдминистраторами.МодульОбъекта(100)}:	Ожидаем.Что(ЧтениеДоступно, ПолноеИмяМетаданного + &quot; недоступно для чтения ролями без привилегий&quot;).ЕстьИстина();
{(1)}:КонтекстВыполнения.Тест_ПроверитьНеАдминистраторскиеПраваНаЧтение(Параметры[0],Параметры[1]);
{ВнешняяОбработка.xddTestRunner.МодульОбъекта(337)}:	Выполнить(ИcполняемыйКод);
{ВнешняяОбработка.xddTestRunner.МодульОбъекта(261)}:			ВыполнитьПроцедуруКонтекста(КонтекстВыполнения, ЭлементДереваТестов.ИмяМетода, ЭлементДереваТестов.Параметры);
{ВнешняяОбработка.xddTestRunner.Форма.УправляемаяФорма.Форма(913)}:	РезультатТестирования = ОбъектНаСервере.ВыполнитьТестовыйМетод(КонтекстВыполнения, ЭлементДереваТестов);
"/>
			</testcase>
			<testcase classname="Проверка чтения не-администраторами - &lt;test&gt;" name="РегистрНакопления.РасчетыПоЭквайрингу: Проверка доступа на Чтение Не-Администраторами - &lt;test&gt;" time="0.032" status="passed"/>
			<testcase classname="Проверка чтения не-администраторами - &lt;test&gt;" name="Константа.ВестиУправленческийУчетОрганизаций: Проверка доступа на Чтение Не-Администраторами - &lt;test&gt;" time="0" status="passed"/>
			<testcase classname="Проверка чтения не-администраторами - &lt;test&gt;" name="Справочник.УбыткиПрошлыхЛет: Проверка доступа на Чтение Не-Администраторами - &lt;test&gt;" time="0" status="passed"/>
			<testcase classname="Проверка чтения не-администраторами - &lt;test&gt;" name="РегистрСведений.БухучетПлановыхНачислений: Проверка доступа на Чтение Не-Администраторами - &lt;test&gt;" time="0" status="passed"/>
			<testcase classname="Проверка чтения не-администраторами - &lt;test&gt;" name="Константа.НомерЗаданияКРасчетуАмортизацииОС: Проверка доступа на Чтение Не-Администраторами - &lt;test&gt;" time="0" status="passed"/>
			<testcase classname="Проверка чтения не-администраторами - &lt;test&gt;" name="Константа.РежимОтладки: Проверка доступа на Чтение Не-Администраторами - &lt;test&gt;" time="0" status="passed"/>
			<testcase classname="Проверка чтения не-администраторами - &lt;test&gt;" name="РегистрНакопления.ПериодыУходаЗаБольнымиРодственниками: Проверка доступа на Чтение Не-Администраторами - &lt;test&gt;" time="0" status="passed"/>
			<testcase classname="Проверка чтения не-администраторами - &lt;test&gt;" name="Константа.ВалютаФункциональная: Проверка доступа на Чтение Не-Администраторами - &lt;test&gt;" time="0" status="passed"/>
			<testcase classname="Проверка чтения не-администраторами - &lt;test&gt;" name="Константа.ПериодXYZКлассификацииПартнеров: Проверка доступа на Чтение Не-Администраторами - &lt;test&gt;" time="0.016" status="passed"/>
			<testcase classname="Проверка чтения не-администраторами - &lt;test&gt;" name="Документ.ПеремещениеМатериаловВПроизводстве: Проверка доступа на Чтение Не-Администраторами - &lt;test&gt;" time="0.015" status="passed"/>
			<testcase classname="Проверка чтения не-администраторами - &lt;test&gt;" name="Константа.ИспользоватьУправлениеСделками: Проверка доступа на Чтение Не-Администраторами - &lt;test&gt;" time="0.015" status="passed"/>
			<testcase classname="Проверка чтения не-администраторами - &lt;test&gt;" name="Константа.ИспользоватьИмпортныеЗакупкиНеотфактурованнойПоставки: Проверка доступа на Чтение Не-Администраторами - &lt;test&gt;" time="0.016" status="passed"/>
			<testcase classname="Проверка чтения не-администраторами - &lt;test&gt;" name="РегистрНакопления.ТОРО_РазмещенияЯчеекТМЦ: Проверка доступа на Чтение Не-Администраторами - &lt;test&gt;" time="0.015" status="passed"/>
			<testcase classname="Проверка чтения не-администраторами - &lt;test&gt;" name="Документ.МатериальнаяПомощь: Проверка доступа на Чтение Не-Администраторами - &lt;test&gt;" time="0.015" status="passed"/>
			<testcase classname="Проверка чтения не-администраторами - &lt;test&gt;" name="Справочник.СпособыОтраженияЗарплатыВБухУчете: Проверка доступа на Чтение Не-Администраторами - &lt;test&gt;" time="0" status="passed"/>
			<testcase classname="Проверка чтения не-администраторами - &lt;test&gt;" name="РегистрСведений.ОснованияПолномочийОтветственныхЛиц: Проверка доступа на Чтение Не-Администраторами - &lt;test&gt;" time="0" status="passed"/>
			<testcase classname="Проверка чтения не-администраторами - &lt;test&gt;" name="Документ.УтверждениеТарифнойСетки: Проверка доступа на Чтение Не-Администраторами - &lt;test&gt;" time="0.015" status="passed"/>
			<testcase classname="Проверка чтения не-администраторами - &lt;test&gt;" name="Справочник.УвольнениеПрисоединенныеФайлы: Проверка доступа на Чтение Не-Администраторами - &lt;test&gt;" time="0.016" status="passed"/>
			<testcase classname="Проверка чтения не-администраторами - &lt;test&gt;" name="Справочник.ЗаявкаНаЗакрытиеЛицевыхСчетовСотрудниковПрисоединенныеФайлы: Проверка доступа на Чтение Не-Администраторами - &lt;test&gt;" time="0.062" status="failure">
				<failure message="[Failed] Ожидали, что проверяемое значение (Ложь) является ИСТИНОЙ.
Справочник.ЗаявкаНаЗакрытиеЛицевыхСчетовСотрудниковПрисоединенныеФайлы недоступно для чтения ролями без привилегий
{ВнешняяОбработка.УтвержденияBDD.МодульОбъекта(293)}:	ВызватьИсключение Префикс + &quot; &quot; + СообщениеОшибки;
{ВнешняяОбработка.УтвержденияBDD.МодульОбъекта(46)}:		ВызватьОшибкуПроверки(СообщениеОшибки);
{ВнешняяОбработка.УтвержденияBDD.МодульОбъекта(53)}:	Возврат ЭтоИстина();
{ВнешняяОбработка.ПроверкаЧтенияНеАдминистраторами.МодульОбъекта(100)}:	Ожидаем.Что(ЧтениеДоступно, ПолноеИмяМетаданного + &quot; недоступно для чтения ролями без привилегий&quot;).ЕстьИстина();
{(1)}:КонтекстВыполнения.Тест_ПроверитьНеАдминистраторскиеПраваНаЧтение(Параметры[0],Параметры[1]);
{ВнешняяОбработка.xddTestRunner.МодульОбъекта(337)}:	Выполнить(ИcполняемыйКод);
{ВнешняяОбработка.xddTestRunner.МодульОбъекта(261)}:			ВыполнитьПроцедуруКонтекста(КонтекстВыполнения, ЭлементДереваТестов.ИмяМетода, ЭлементДереваТестов.Параметры);
{ВнешняяОбработка.xddTestRunner.Форма.УправляемаяФорма.Форма(913)}:	РезультатТестирования = ОбъектНаСервере.ВыполнитьТестовыйМетод(КонтекстВыполнения, ЭлементДереваТестов);
"/>
			</testcase>
			<testcase classname="Проверка чтения не-администраторами - &lt;test&gt;" name="РегистрСведений.СтажиФизическихЛиц: Проверка доступа на Чтение Не-Администраторами - &lt;test&gt;" time="0" status="passed"/>
			<testcase classname="Проверка чтения не-администраторами - &lt;test&gt;" name="Справочник.РесурсныеСпецификации: Проверка доступа на Чтение Не-Администраторами - &lt;test&gt;" time="0.016" status="passed"/>
			<testcase classname="Проверка чтения не-администраторами - &lt;test&gt;" name="Константа.ФормироватьВидыЗапасовПоПоставщикам: Проверка доступа на Чтение Не-Администраторами - &lt;test&gt;" time="0.015" status="passed"/>
			<testcase classname="Проверка чтения не-администраторами - &lt;test&gt;" name="Константа.ПериодичностьВводаСезонныхКоэффициентов: Проверка доступа на Чтение Не-Администраторами - &lt;test&gt;" time="0" status="passed"/>
			<testcase classname="Проверка чтения не-администраторами - &lt;test&gt;" name="РегистрСведений.СхемыОбеспечения: Проверка доступа на Чтение Не-Администраторами - &lt;test&gt;" time="0" status="passed"/>
			<testcase classname="Проверка чтения не-администраторами - &lt;test&gt;" name="Справочник.ВидыПодтверждающихДокументов: Проверка доступа на Чтение Не-Администраторами - &lt;test&gt;" time="0.016" status="passed"/>
			<testcase classname="Проверка чтения не-администраторами - &lt;test&gt;" name="Документ.ЗаявкаНаВыпускКиЗГИСМ: Проверка доступа на Чтение Не-Администраторами - &lt;test&gt;" time="0" status="passed"/>
			<testcase classname="Проверка чтения не-администраторами - &lt;test&gt;" name="Справочник.СезонныеГруппы: Проверка доступа на Чтение Не-Администраторами - &lt;test&gt;" time="0.015" status="passed"/>
			<testcase classname="Проверка чтения не-администраторами - &lt;test&gt;" name="РегистрСведений.ТОРО_ДанныеЗаявокПоТК: Проверка доступа на Чтение Не-Администраторами - &lt;test&gt;" time="0.015" status="passed"/>
			<testcase classname="Проверка чтения не-администраторами - &lt;test&gt;" name="Константа.ДопустимоеОтклонениеПриОкругленииКоличества: Проверка доступа на Чтение Не-Администраторами - &lt;test&gt;" time="0" status="passed"/>
			<testcase classname="Проверка чтения не-администраторами - &lt;test&gt;" name="Константа.ИспользоватьАвтономнуюРаботуВМоделиСервиса: Проверка доступа на Чтение Не-Администраторами - &lt;test&gt;" time="0.016" status="passed"/>
			<testcase classname="Проверка чтения не-администраторами - &lt;test&gt;" name="Справочник.ТипоразмерыУпаковок: Проверка доступа на Чтение Не-Администраторами - &lt;test&gt;" time="0" status="passed"/>
			<testcase classname="Проверка чтения не-администраторами - &lt;test&gt;" name="Константа.ИспользоватьГосударственнуюСлужбу: Проверка доступа на Чтение Не-Администраторами - &lt;test&gt;" time="0" status="passed"/>
			<testcase classname="Проверка чтения не-администраторами - &lt;test&gt;" name="РегистрСведений.ПоложенныеВидыЕжегодныхОтпусков: Проверка доступа на Чтение Не-Администраторами - &lt;test&gt;" time="0" status="passed"/>
			<testcase classname="Проверка чтения не-администраторами - &lt;test&gt;" name="Константа.ЭтоАвтономноеРабочееМесто: Проверка доступа на Чтение Не-Администраторами - &lt;test&gt;" time="0.016" status="passed"/>
			<testcase classname="Проверка чтения не-администраторами - &lt;test&gt;" name="Документ.РассылкаКлиентам: Проверка доступа на Чтение Не-Администраторами - &lt;test&gt;" time="0.015" status="passed"/>
			<testcase classname="Проверка чтения не-администраторами - &lt;test&gt;" name="Константа.ТОРО_ОбязателенКомментарийДляПрочихТиповыхДефектов: Проверка доступа на Чтение Не-Администраторами - &lt;test&gt;" time="0.016" status="passed"/>
			<testcase classname="Проверка чтения не-администраторами - &lt;test&gt;" name="Справочник.УчетныеЗаписиСинхронизацииФайлов: Проверка доступа на Чтение Не-Администраторами - &lt;test&gt;" time="0" status="passed"/>
			<testcase classname="Проверка чтения не-администраторами - &lt;test&gt;" name="Константа.ИспользоватьРасширеннуюФормуПодбораКоличестваИВариантовОбеспечения: Проверка доступа на Чтение Не-Администраторами - &lt;test&gt;" time="0.016" status="passed"/>
			<testcase classname="Проверка чтения не-администраторами - &lt;test&gt;" name="Константа.ИспользоватьКомиссиюПриПродажахБазовая: Проверка доступа на Чтение Не-Администраторами - &lt;test&gt;" time="0" status="passed"/>
			<testcase classname="Проверка чтения не-администраторами - &lt;test&gt;" name="Справочник.ВариантыНаладки: Проверка доступа на Чтение Не-Администраторами - &lt;test&gt;" time="0.016" status="passed"/>
			<testcase classname="Проверка чтения не-администраторами - &lt;test&gt;" name="Константа.КонтролироватьУникальностьРабочегоНаименованияНоменклатурыИХарактеристик: Проверка доступа на Чтение Не-Администраторами - &lt;test&gt;" time="0.015" status="passed"/>
			<testcase classname="Проверка чтения не-администраторами - &lt;test&gt;" name="РегистрСведений.НастройкиКадровогоУчета: Проверка доступа на Чтение Не-Администраторами - &lt;test&gt;" time="0" status="passed"/>
			<testcase classname="Проверка чтения не-администраторами - &lt;test&gt;" name="РегистрСведений.ТОРО_РезультатыЗакупкиИзЕИСЗ: Проверка доступа на Чтение Не-Администраторами - &lt;test&gt;" time="0.015" status="passed"/>
			<testcase classname="Проверка чтения не-администраторами - &lt;test&gt;" name="РегистрСведений.АмортизационныеГруппыОКОФ: Проверка доступа на Чтение Не-Администраторами - &lt;test&gt;" time="0" status="passed"/>
			<testcase classname="Проверка чтения не-администраторами - &lt;test&gt;" name="РегистрНакопления.ПрочиеДоходы: Проверка доступа на Чтение Не-Администраторами - &lt;test&gt;" time="0.032" status="passed"/>
			<testcase classname="Проверка чтения не-администраторами - &lt;test&gt;" name="Справочник.ПоступлениеТоваровНаСкладПрисоединенныеФайлы: Проверка доступа на Чтение Не-Администраторами - &lt;test&gt;" time="0" status="passed"/>
			<testcase classname="Проверка чтения не-администраторами - &lt;test&gt;" name="РегистрСведений.НаборыЗначенийДоступа: Проверка доступа на Чтение Не-Администраторами - &lt;test&gt;" time="0.062" status="failure">
				<failure message="[Failed] Ожидали, что проверяемое значение (Ложь) является ИСТИНОЙ.
РегистрСведений.НаборыЗначенийДоступа недоступно для чтения ролями без привилегий
{ВнешняяОбработка.УтвержденияBDD.МодульОбъекта(293)}:	ВызватьИсключение Префикс + &quot; &quot; + СообщениеОшибки;
{ВнешняяОбработка.УтвержденияBDD.МодульОбъекта(46)}:		ВызватьОшибкуПроверки(СообщениеОшибки);
{ВнешняяОбработка.УтвержденияBDD.МодульОбъекта(53)}:	Возврат ЭтоИстина();
{ВнешняяОбработка.ПроверкаЧтенияНеАдминистраторами.МодульОбъекта(100)}:	Ожидаем.Что(ЧтениеДоступно, ПолноеИмяМетаданного + &quot; недоступно для чтения ролями без привилегий&quot;).ЕстьИстина();
{(1)}:КонтекстВыполнения.Тест_ПроверитьНеАдминистраторскиеПраваНаЧтение(Параметры[0],Параметры[1]);
{ВнешняяОбработка.xddTestRunner.МодульОбъекта(337)}:	Выполнить(ИcполняемыйКод);
{ВнешняяОбработка.xddTestRunner.МодульОбъекта(261)}:			ВыполнитьПроцедуруКонтекста(КонтекстВыполнения, ЭлементДереваТестов.ИмяМетода, ЭлементДереваТестов.Параметры);
{ВнешняяОбработка.xddTestRunner.Форма.УправляемаяФорма.Форма(913)}:	РезультатТестирования = ОбъектНаСервере.ВыполнитьТестовыйМетод(КонтекстВыполнения, ЭлементДереваТестов);
"/>
			</testcase>
			<testcase classname="Проверка чтения не-администраторами - &lt;test&gt;" name="Справочник.КассовыеКниги: Проверка доступа на Чтение Не-Администраторами - &lt;test&gt;" time="0.016" status="passed"/>
			<testcase classname="Проверка чтения не-администраторами - &lt;test&gt;" name="РегистрСведений.ТОРО_СведенияПоНеустраненнымДефектам: Проверка доступа на Чтение Не-Администраторами - &lt;test&gt;" time="0.016" status="passed"/>
			<testcase classname="Проверка чтения не-администраторами - &lt;test&gt;" name="Справочник.Файлы: Проверка доступа на Чтение Не-Администраторами - &lt;test&gt;" time="0.015" status="passed"/>
			<testcase classname="Проверка чтения не-администраторами - &lt;test&gt;" name="Справочник.ГруппыФинансовогоУчетаДенежныхСредств: Проверка доступа на Чтение Не-Администраторами - &lt;test&gt;" time="0" status="passed"/>
			<testcase classname="Проверка чтения не-администраторами - &lt;test&gt;" name="РегистрСведений.ТОРО_СвязиВидовВоздействийЕО: Проверка доступа на Чтение Не-Администраторами - &lt;test&gt;" time="0.031" status="passed"/>
			<testcase classname="Проверка чтения не-администраторами - &lt;test&gt;" name="РегистрСведений.УдалитьОбластиДанных: Проверка доступа на Чтение Не-Администраторами - &lt;test&gt;" time="0.016" status="passed"/>
			<testcase classname="Проверка чтения не-администраторами - &lt;test&gt;" name="РегистрСведений.ТОРО_ЗаданияНаОбработкуДоговоров: Проверка доступа на Чтение Не-Администраторами - &lt;test&gt;" time="0.016" status="passed"/>
			<testcase classname="Проверка чтения не-администраторами - &lt;test&gt;" name="Справочник.ПараметрыКонтекстныхФункциональныхОпций: Проверка доступа на Чтение Не-Администраторами - &lt;test&gt;" time="0.062" status="failure">
				<failure message="[Failed] Ожидали, что проверяемое значение (Ложь) является ИСТИНОЙ.
Справочник.ПараметрыКонтекстныхФункциональныхОпций недоступно для чтения ролями без привилегий
{ВнешняяОбработка.УтвержденияBDD.МодульОбъекта(293)}:	ВызватьИсключение Префикс + &quot; &quot; + СообщениеОшибки;
{ВнешняяОбработка.УтвержденияBDD.МодульОбъекта(46)}:		ВызватьОшибкуПроверки(СообщениеОшибки);
{ВнешняяОбработка.УтвержденияBDD.МодульОбъекта(53)}:	Возврат ЭтоИстина();
{ВнешняяОбработка.ПроверкаЧтенияНеАдминистраторами.МодульОбъекта(100)}:	Ожидаем.Что(ЧтениеДоступно, ПолноеИмяМетаданного + &quot; недоступно для чтения ролями без привилегий&quot;).ЕстьИстина();
{(1)}:КонтекстВыполнения.Тест_ПроверитьНеАдминистраторскиеПраваНаЧтение(Параметры[0],Параметры[1]);
{ВнешняяОбработка.xddTestRunner.МодульОбъекта(337)}:	Выполнить(ИcполняемыйКод);
{ВнешняяОбработка.xddTestRunner.МодульОбъекта(261)}:			ВыполнитьПроцедуруКонтекста(КонтекстВыполнения, ЭлементДереваТестов.ИмяМетода, ЭлементДереваТестов.Параметры);
{ВнешняяОбработка.xddTestRunner.Форма.УправляемаяФорма.Форма(913)}:	РезультатТестирования = ОбъектНаСервере.ВыполнитьТестовыйМетод(КонтекстВыполнения, ЭлементДереваТестов);
"/>
			</testcase>
			<testcase classname="Проверка чтения не-администраторами - &lt;test&gt;" name="Константа.НеЗакрыватьЗаказыДавальцевБезПолнойОтработки: Проверка доступа на Чтение Не-Администраторами - &lt;test&gt;" time="0" status="passed"/>
			<testcase classname="Проверка чтения не-администраторами - &lt;test&gt;" name="РегистрНакопления.ДенежныеСредстваНаличные: Проверка доступа на Чтение Не-Администраторами - &lt;test&gt;" time="0.016" status="passed"/>
			<testcase classname="Проверка чтения не-администраторами - &lt;test&gt;" name="РегистрСведений.ПКУСотрудниковИспр: Проверка доступа на Чтение Не-Администраторами - &lt;test&gt;" time="0.016" status="passed"/>
			<testcase classname="Проверка чтения не-администраторами - &lt;test&gt;" name="РегистрСведений.НачислениеАмортизацииОСНалоговыйУчет: Проверка доступа на Чтение Не-Администраторами - &lt;test&gt;" time="0" status="passed"/>
			<testcase classname="Проверка чтения не-администраторами - &lt;test&gt;" name="Константа.ИспользоватьПолнотекстовыйПоискПриПодбореТоваров: Проверка доступа на Чтение Не-Администраторами - &lt;test&gt;" time="0" status="passed"/>
			<testcase classname="Проверка чтения не-администраторами - &lt;test&gt;" name="Константа.ИспользоватьАктыРасхожденийПослеПриемкиПоПриобретениям: Проверка доступа на Чтение Не-Администраторами - &lt;test&gt;" time="0" status="passed"/>
			<testcase classname="Проверка чтения не-администраторами - &lt;test&gt;" name="Константа.ЕдиницаИзмеренияДлины: Проверка доступа на Чтение Не-Администраторами - &lt;test&gt;" time="0" status="passed"/>
			<testcase classname="Проверка чтения не-администраторами - &lt;test&gt;" name="Документ.ТОРО_ВыгрузкаИТСвАССиОИ: Проверка доступа на Чтение Не-Администраторами - &lt;test&gt;" time="0.015" status="passed"/>
			<testcase classname="Проверка чтения не-администраторами - &lt;test&gt;" name="ПланВидовХарактеристик.ДополнительныеРеквизитыИСведения: Проверка доступа на Чтение Не-Администраторами - &lt;test&gt;" time="0" status="passed"/>
			<testcase classname="Проверка чтения не-администраторами - &lt;test&gt;" name="РегистрСведений.КэшПрограммныхИнтерфейсов: Проверка доступа на Чтение Не-Администраторами - &lt;test&gt;" time="0.031" status="passed"/>
			<testcase classname="Проверка чтения не-администраторами - &lt;test&gt;" name="Справочник.КатегорииЭксплуатации: Проверка доступа на Чтение Не-Администраторами - &lt;test&gt;" time="0.016" status="passed"/>
			<testcase classname="Проверка чтения не-администраторами - &lt;test&gt;" name="РегистрСведений.ТОРО_УчетнаяПолитикаОрганизаций: Проверка доступа на Чтение Не-Администраторами - &lt;test&gt;" time="0.015" status="passed"/>
			<testcase classname="Проверка чтения не-администраторами - &lt;test&gt;" name="Справочник.ОписьОДВ_1ПрисоединенныеФайлы: Проверка доступа на Чтение Не-Администраторами - &lt;test&gt;" time="0.015" status="passed"/>
			<testcase classname="Проверка чтения не-администраторами - &lt;test&gt;" name="Документ.СчетФактураПолученныйНалоговыйАгент: Проверка доступа на Чтение Не-Администраторами - &lt;test&gt;" time="0.015" status="passed"/>
			<testcase classname="Проверка чтения не-администраторами - &lt;test&gt;" name="Справочник.ЗаказНаРемонтПрисоединенныеФайлы: Проверка доступа на Чтение Не-Администраторами - &lt;test&gt;" time="0" status="passed"/>
			<testcase classname="Проверка чтения не-администраторами - &lt;test&gt;" name="Справочник.СделкиСКлиентамиПрисоединенныеФайлы: Проверка доступа на Чтение Не-Администраторами - &lt;test&gt;" time="0.015" status="passed"/>
			<testcase classname="Проверка чтения не-администраторами - &lt;test&gt;" name="Константа.МинимальныйИнтервалРегламентныхЗаданийДОИОВМоделиСервиса: Проверка доступа на Чтение Не-Администраторами - &lt;test&gt;" time="0.015" status="passed"/>
			<testcase classname="Проверка чтения не-администраторами - &lt;test&gt;" name="Справочник.КлассыОбъектовЭксплуатации: Проверка доступа на Чтение Не-Администраторами - &lt;test&gt;" time="0" status="passed"/>
			<testcase classname="Проверка чтения не-администраторами - &lt;test&gt;" name="Документ.ДоступностьРабочихЦентров: Проверка доступа на Чтение Не-Администраторами - &lt;test&gt;" time="0" status="passed"/>
			<testcase classname="Проверка чтения не-администраторами - &lt;test&gt;" name="Документ.СправкиПоНДФЛДляРасчетаПоНалогуНаПрибыль: Проверка доступа на Чтение Не-Администраторами - &lt;test&gt;" time="0" status="passed"/>
			<testcase classname="Проверка чтения не-администраторами - &lt;test&gt;" name="Справочник.ОбразованиеФизическихЛиц: Проверка доступа на Чтение Не-Администраторами - &lt;test&gt;" time="0.016" status="passed"/>
			<testcase classname="Проверка чтения не-администраторами - &lt;test&gt;" name="Справочник.КлассификаторТНВЭД: Проверка доступа на Чтение Не-Администраторами - &lt;test&gt;" time="0" status="passed"/>
			<testcase classname="Проверка чтения не-администраторами - &lt;test&gt;" name="Справочник.СтруктураЦелей: Проверка доступа на Чтение Не-Администраторами - &lt;test&gt;" time="0" status="passed"/>
			<testcase classname="Проверка чтения не-администраторами - &lt;test&gt;" name="Справочник.КодыВалютныхОпераций: Проверка доступа на Чтение Не-Администраторами - &lt;test&gt;" time="0.016" status="passed"/>
			<testcase classname="Проверка чтения не-администраторами - &lt;test&gt;" name="Константа.ИспользоватьЗаявкиНаВозвратТоваровОтКлиентов: Проверка доступа на Чтение Не-Администраторами - &lt;test&gt;" time="0" status="passed"/>
			<testcase classname="Проверка чтения не-администраторами - &lt;test&gt;" name="РегистрСведений.СоответствиеНоменклатурыБизнесСеть: Проверка доступа на Чтение Не-Администраторами - &lt;test&gt;" time="0" status="passed"/>
			<testcase classname="Проверка чтения не-администраторами - &lt;test&gt;" name="Константа.ИспользоватьИнтервалПланированияЧас: Проверка доступа на Чтение Не-Администраторами - &lt;test&gt;" time="0.016" status="passed"/>
			<testcase classname="Проверка чтения не-администраторами - &lt;test&gt;" name="Константа.ДокументооборотСКонтролирующимиОрганами_ИмяКриптопровайдера: Проверка доступа на Чтение Не-Администраторами - &lt;test&gt;" time="0.016" status="passed"/>
			<testcase classname="Проверка чтения не-администраторами - &lt;test&gt;" name="Константа.КоличествоЗамеровВПакетеЭкспорта: Проверка доступа на Чтение Не-Администраторами - &lt;test&gt;" time="0" status="passed"/>
			<testcase classname="Проверка чтения не-администраторами - &lt;test&gt;" name="РегистрНакопления.ПланыОстатков: Проверка доступа на Чтение Не-Администраторами - &lt;test&gt;" time="0" status="passed"/>
			<testcase classname="Проверка чтения не-администраторами - &lt;test&gt;" name="Константа.ДоступенПереносДанныхИзПрежнихПрограмм: Проверка доступа на Чтение Не-Администраторами - &lt;test&gt;" time="0.015" status="passed"/>
			<testcase classname="Проверка чтения не-администраторами - &lt;test&gt;" name="Документ.РаботаВВыходныеИПраздничныеДни: Проверка доступа на Чтение Не-Администраторами - &lt;test&gt;" time="0" status="passed"/>
			<testcase classname="Проверка чтения не-администраторами - &lt;test&gt;" name="Константа.ИспользоватьНесколькоРасчетныхСчетов: Проверка доступа на Чтение Не-Администраторами - &lt;test&gt;" time="0.016" status="passed"/>
			<testcase classname="Проверка чтения не-администраторами - &lt;test&gt;" name="Документ.УведомлениеОКонтролируемыхСделках: Проверка доступа на Чтение Не-Администраторами - &lt;test&gt;" time="0" status="passed"/>
			<testcase classname="Проверка чтения не-администраторами - &lt;test&gt;" name="Справочник.ДвижениеПродукцииИМатериаловПрисоединенныеФайлы: Проверка доступа на Чтение Не-Администраторами - &lt;test&gt;" time="0" status="passed"/>
			<testcase classname="Проверка чтения не-администраторами - &lt;test&gt;" name="Константа.НеЗакрыватьЗаказыПоставщикамБезПолнойОплаты: Проверка доступа на Чтение Не-Администраторами - &lt;test&gt;" time="0" status="passed"/>
			<testcase classname="Проверка чтения не-администраторами - &lt;test&gt;" name="РегистрСведений.ДоступныеОстаткиПланируемыхПоступлений: Проверка доступа на Чтение Не-Администраторами - &lt;test&gt;" time="0.015" status="passed"/>
			<testcase classname="Проверка чтения не-администраторами - &lt;test&gt;" name="Документ.ТОРО_ПланРазработкиТК: Проверка доступа на Чтение Не-Администраторами - &lt;test&gt;" time="0.016" status="passed"/>
			<testcase classname="Проверка чтения не-администраторами - &lt;test&gt;" name="Константа.ФормироватьРезервыПредстоящихРасходов: Проверка доступа на Чтение Не-Администраторами - &lt;test&gt;" time="0" status="passed"/>
			<testcase classname="Проверка чтения не-администраторами - &lt;test&gt;" name="Константа.ДатаОбновленияПовторноИспользуемыхЗначенийМРО: Проверка доступа на Чтение Не-Администраторами - &lt;test&gt;" time="0" status="passed"/>
			<testcase classname="Проверка чтения не-администраторами - &lt;test&gt;" name="Документ.КорректировкаИзлишковНедостачПоТоварнымМестам: Проверка доступа на Чтение Не-Администраторами - &lt;test&gt;" time="0" status="passed"/>
			<testcase classname="Проверка чтения не-администраторами - &lt;test&gt;" name="Справочник.СостоянияПроцессов: Проверка доступа на Чтение Не-Администраторами - &lt;test&gt;" time="0.016" status="passed"/>
			<testcase classname="Проверка чтения не-администраторами - &lt;test&gt;" name="Константа.РаботаВХозрасчетнойОрганизации: Проверка доступа на Чтение Не-Администраторами - &lt;test&gt;" time="0" status="passed"/>
			<testcase classname="Проверка чтения не-администраторами - &lt;test&gt;" name="Константа.ИспользоватьИнтеграциюСЯндексКассой: Проверка доступа на Чтение Не-Администраторами - &lt;test&gt;" time="0" status="passed"/>
			<testcase classname="Проверка чтения не-администраторами - &lt;test&gt;" name="Константа.ВыводитьБазовыеЕдиницыИзмерения: Проверка доступа на Чтение Не-Администраторами - &lt;test&gt;" time="0" status="passed"/>
			<testcase classname="Проверка чтения не-администраторами - &lt;test&gt;" name="Константа.ОперацияПриЗакрытииКассовойСмены: Проверка доступа на Чтение Не-Администраторами - &lt;test&gt;" time="0" status="passed"/>
			<testcase classname="Проверка чтения не-администраторами - &lt;test&gt;" name="Константа.ИспользоватьАктыРасхожденийПослеПриемкиПоПоступлениямТоваровОтХранителя: Проверка доступа на Чтение Не-Администраторами - &lt;test&gt;" time="0" status="passed"/>
			<testcase classname="Проверка чтения не-администраторами - &lt;test&gt;" name="РегистрСведений.НастройкиАвторизацииВ1СДокументообороте: Проверка доступа на Чтение Не-Администраторами - &lt;test&gt;" time="0.016" status="passed"/>
			<testcase classname="Проверка чтения не-администраторами - &lt;test&gt;" name="Документ.ТранспортноеСообщение: Проверка доступа на Чтение Не-Администраторами - &lt;test&gt;" time="0.015" status="passed"/>
			<testcase classname="Проверка чтения не-администраторами - &lt;test&gt;" name="Справочник.ПланПродажПрисоединенныеФайлы: Проверка доступа на Чтение Не-Администраторами - &lt;test&gt;" time="0.016" status="passed"/>
			<testcase classname="Проверка чтения не-администраторами - &lt;test&gt;" name="Справочник.ВидыОперацийРасчетаЗарплаты: Проверка доступа на Чтение Не-Администраторами - &lt;test&gt;" time="0" status="passed"/>
			<testcase classname="Проверка чтения не-администраторами - &lt;test&gt;" name="РегистрНакопления.ЗаказыПоставщикам: Проверка доступа на Чтение Не-Администраторами - &lt;test&gt;" time="0" status="passed"/>
			<testcase classname="Проверка чтения не-администраторами - &lt;test&gt;" name="Константа.ИспользоватьОтчетРасчетыМеждуОрганизациями: Проверка доступа на Чтение Не-Администраторами - &lt;test&gt;" time="0" status="passed"/>
			<testcase classname="Проверка чтения не-администраторами - &lt;test&gt;" name="РегистрНакопления.ТоварыКОформлениюОтчетовКомитенту: Проверка доступа на Чтение Не-Администраторами - &lt;test&gt;" time="0.031" status="passed"/>
			<testcase classname="Проверка чтения не-администраторами - &lt;test&gt;" name="Справочник.ОтчетДавальцуПрисоединенныеФайлы: Проверка доступа на Чтение Не-Администраторами - &lt;test&gt;" time="0" status="passed"/>
			<testcase classname="Проверка чтения не-администраторами - &lt;test&gt;" name="Справочник.ТОРО_ТехнологическиеКарты: Проверка доступа на Чтение Не-Администраторами - &lt;test&gt;" time="0.016" status="passed"/>
			<testcase classname="Проверка чтения не-администраторами - &lt;test&gt;" name="РегистрСведений.СостоянияИнтеграцииОбъектов: Проверка доступа на Чтение Не-Администраторами - &lt;test&gt;" time="0.062" status="failure">
				<failure message="[Failed] Ожидали, что проверяемое значение (Ложь) является ИСТИНОЙ.
РегистрСведений.СостоянияИнтеграцииОбъектов недоступно для чтения ролями без привилегий
{ВнешняяОбработка.УтвержденияBDD.МодульОбъекта(293)}:	ВызватьИсключение Префикс + &quot; &quot; + СообщениеОшибки;
{ВнешняяОбработка.УтвержденияBDD.МодульОбъекта(46)}:		ВызватьОшибкуПроверки(СообщениеОшибки);
{ВнешняяОбработка.УтвержденияBDD.МодульОбъекта(53)}:	Возврат ЭтоИстина();
{ВнешняяОбработка.ПроверкаЧтенияНеАдминистраторами.МодульОбъекта(100)}:	Ожидаем.Что(ЧтениеДоступно, ПолноеИмяМетаданного + &quot; недоступно для чтения ролями без привилегий&quot;).ЕстьИстина();
{(1)}:КонтекстВыполнения.Тест_ПроверитьНеАдминистраторскиеПраваНаЧтение(Параметры[0],Параметры[1]);
{ВнешняяОбработка.xddTestRunner.МодульОбъекта(337)}:	Выполнить(ИcполняемыйКод);
{ВнешняяОбработка.xddTestRunner.МодульОбъекта(261)}:			ВыполнитьПроцедуруКонтекста(КонтекстВыполнения, ЭлементДереваТестов.ИмяМетода, ЭлементДереваТестов.Параметры);
{ВнешняяОбработка.xddTestRunner.Форма.УправляемаяФорма.Форма(913)}:	РезультатТестирования = ОбъектНаСервере.ВыполнитьТестовыйМетод(КонтекстВыполнения, ЭлементДереваТестов);
"/>
			</testcase>
			<testcase classname="Проверка чтения не-администраторами - &lt;test&gt;" name="Константа.ДатаНачалаВеденияУправленческогоУчетаОрганизаций: Проверка доступа на Чтение Не-Администраторами - &lt;test&gt;" time="0" status="passed"/>
			<testcase classname="Проверка чтения не-администраторами - &lt;test&gt;" name="Справочник.УдалитьРегламентированныеОтчеты: Проверка доступа на Чтение Не-Администраторами - &lt;test&gt;" time="0.063" status="failure">
				<failure message="[Failed] Ожидали, что проверяемое значение (Ложь) является ИСТИНОЙ.
Справочник.УдалитьРегламентированныеОтчеты недоступно для чтения ролями без привилегий
{ВнешняяОбработка.УтвержденияBDD.МодульОбъекта(293)}:	ВызватьИсключение Префикс + &quot; &quot; + СообщениеОшибки;
{ВнешняяОбработка.УтвержденияBDD.МодульОбъекта(46)}:		ВызватьОшибкуПроверки(СообщениеОшибки);
{ВнешняяОбработка.УтвержденияBDD.МодульОбъекта(53)}:	Возврат ЭтоИстина();
{ВнешняяОбработка.ПроверкаЧтенияНеАдминистраторами.МодульОбъекта(100)}:	Ожидаем.Что(ЧтениеДоступно, ПолноеИмяМетаданного + &quot; недоступно для чтения ролями без привилегий&quot;).ЕстьИстина();
{(1)}:КонтекстВыполнения.Тест_ПроверитьНеАдминистраторскиеПраваНаЧтение(Параметры[0],Параметры[1]);
{ВнешняяОбработка.xddTestRunner.МодульОбъекта(337)}:	Выполнить(ИcполняемыйКод);
{ВнешняяОбработка.xddTestRunner.МодульОбъекта(261)}:			ВыполнитьПроцедуруКонтекста(КонтекстВыполнения, ЭлементДереваТестов.ИмяМетода, ЭлементДереваТестов.Параметры);
{ВнешняяОбработка.xddTestRunner.Форма.УправляемаяФорма.Форма(913)}:	РезультатТестирования = ОбъектНаСервере.ВыполнитьТестовыйМетод(КонтекстВыполнения, ЭлементДереваТестов);
"/>
			</testcase>
			<testcase classname="Проверка чтения не-администраторами - &lt;test&gt;" name="РегистрСведений.ДокументыСОшибкамиПроверкиКонтрагентов: Проверка доступа на Чтение Не-Администраторами - &lt;test&gt;" time="0.016" status="passed"/>
			<testcase classname="Проверка чтения не-администраторами - &lt;test&gt;" name="РегистрСведений.ПривязкаНовостейКМетаданным: Проверка доступа на Чтение Не-Администраторами - &lt;test&gt;" time="0.016" status="passed"/>
			<testcase classname="Проверка чтения не-администраторами - &lt;test&gt;" name="Константа.АвтоПостановкаКлиентовНаМониторингСПАРК: Проверка доступа на Чтение Не-Администраторами - &lt;test&gt;" time="0" status="passed"/>
			<testcase classname="Проверка чтения не-администраторами - &lt;test&gt;" name="Документ.ОстаткиЕГАИС: Проверка доступа на Чтение Не-Администраторами - &lt;test&gt;" time="0" status="passed"/>
			<testcase classname="Проверка чтения не-администраторами - &lt;test&gt;" name="РегистрСведений.ВидыЗанятостиСотрудниковИнтервальный: Проверка доступа на Чтение Не-Администраторами - &lt;test&gt;" time="0" status="passed"/>
			<testcase classname="Проверка чтения не-администраторами - &lt;test&gt;" name="Справочник.ВосстановлениеВДолжностиПрисоединенныеФайлы: Проверка доступа на Чтение Не-Администраторами - &lt;test&gt;" time="0" status="passed"/>
			<testcase classname="Проверка чтения не-администраторами - &lt;test&gt;" name="Справочник.ПолитикиУчетаСерий: Проверка доступа на Чтение Не-Администраторами - &lt;test&gt;" time="0.016" status="passed"/>
			<testcase classname="Проверка чтения не-администраторами - &lt;test&gt;" name="РегистрНакопления.ОборотыБюджетов: Проверка доступа на Чтение Не-Администраторами - &lt;test&gt;" time="0.031" status="passed"/>
			<testcase classname="Проверка чтения не-администраторами - &lt;test&gt;" name="Константа.ИспользоватьПеренаправлениеЗадач: Проверка доступа на Чтение Не-Администраторами - &lt;test&gt;" time="0" status="passed"/>
			<testcase classname="Проверка чтения не-администраторами - &lt;test&gt;" name="Константа.ИспользоватьЗапретОтгрузки: Проверка доступа на Чтение Не-Администраторами - &lt;test&gt;" time="0" status="passed"/>
			<testcase classname="Проверка чтения не-администраторами - &lt;test&gt;" name="РегистрСведений.НастройкиВерсионированияОбъектов: Проверка доступа на Чтение Не-Администраторами - &lt;test&gt;" time="0.031" status="passed"/>
			<testcase classname="Проверка чтения не-администраторами - &lt;test&gt;" name="Справочник.НаправленияСдачиОтчетности: Проверка доступа на Чтение Не-Администраторами - &lt;test&gt;" time="0.016" status="passed"/>
			<testcase classname="Проверка чтения не-администраторами - &lt;test&gt;" name="Справочник.МаршрутныеКартыПрисоединенныеФайлы: Проверка доступа на Чтение Не-Администраторами - &lt;test&gt;" time="0.016" status="passed"/>
			<testcase classname="Проверка чтения не-администраторами - &lt;test&gt;" name="Справочник.РесурсныеСпецификацииПрисоединенныеФайлы: Проверка доступа на Чтение Не-Администраторами - &lt;test&gt;" time="0.031" status="passed"/>
			<testcase classname="Проверка чтения не-администраторами - &lt;test&gt;" name="Справочник.ЕдиновременноеПособиеЗаСчетФССПрисоединенныеФайлы: Проверка доступа на Чтение Не-Администраторами - &lt;test&gt;" time="0" status="passed"/>
			<testcase classname="Проверка чтения не-администраторами - &lt;test&gt;" name="Справочник.ТОРО_ВидыФайловКЗаполнению: Проверка доступа на Чтение Не-Администраторами - &lt;test&gt;" time="0.016" status="passed"/>
			<testcase classname="Проверка чтения не-администраторами - &lt;test&gt;" name="Константа.ИспользоватьПрофилиБезопасностиДляРасширений: Проверка доступа на Чтение Не-Администраторами - &lt;test&gt;" time="0.016" status="passed"/>
			<testcase classname="Проверка чтения не-администраторами - &lt;test&gt;" name="Константа.ТОРО_ВестиУчетТМЦПоЯчейкам: Проверка доступа на Чтение Не-Администраторами - &lt;test&gt;" time="0.016" status="passed"/>
			<testcase classname="Проверка чтения не-администраторами - &lt;test&gt;" name="Документ.ИнвентаризационнаяОпись: Проверка доступа на Чтение Не-Администраторами - &lt;test&gt;" time="0.016" status="passed"/>
			<testcase classname="Проверка чтения не-администраторами - &lt;test&gt;" name="Справочник.ПравилаПолученияФактаПоСтатьямБюджетов: Проверка доступа на Чтение Не-Администраторами - &lt;test&gt;" time="0.016" status="passed"/>
			<testcase classname="Проверка чтения не-администраторами - &lt;test&gt;" name="РегистрСведений.ТОРО_СообщенияЕИСЗ: Проверка доступа на Чтение Не-Администраторами - &lt;test&gt;" time="0.016" status="passed"/>
			<testcase classname="Проверка чтения не-администраторами - &lt;test&gt;" name="РегистрСведений.СобытияМониторингаСПАРКРиски: Проверка доступа на Чтение Не-Администраторами - &lt;test&gt;" time="0.016" status="passed"/>
			<testcase classname="Проверка чтения не-администраторами - &lt;test&gt;" name="РегистрСведений.ПакетыИнформацииПриЗапуске: Проверка доступа на Чтение Не-Администраторами - &lt;test&gt;" time="0.031" status="passed"/>
			<testcase classname="Проверка чтения не-администраторами - &lt;test&gt;" name="РегистрСведений.ТОРО_МероприятияОрганизаций: Проверка доступа на Чтение Не-Администраторами - &lt;test&gt;" time="0.015" status="passed"/>
			<testcase classname="Проверка чтения не-администраторами - &lt;test&gt;" name="Документ.ВозвратНДФЛ: Проверка доступа на Чтение Не-Администраторами - &lt;test&gt;" time="0.016" status="passed"/>
			<testcase classname="Проверка чтения не-администраторами - &lt;test&gt;" name="РегистрСведений.УдалитьВоенкоматыОрганизаций: Проверка доступа на Чтение Не-Администраторами - &lt;test&gt;" time="0.047" status="failure">
				<failure message="[Failed] Ожидали, что проверяемое значение (Ложь) является ИСТИНОЙ.
РегистрСведений.УдалитьВоенкоматыОрганизаций недоступно для чтения ролями без привилегий
{ВнешняяОбработка.УтвержденияBDD.МодульОбъекта(293)}:	ВызватьИсключение Префикс + &quot; &quot; + СообщениеОшибки;
{ВнешняяОбработка.УтвержденияBDD.МодульОбъекта(46)}:		ВызватьОшибкуПроверки(СообщениеОшибки);
{ВнешняяОбработка.УтвержденияBDD.МодульОбъекта(53)}:	Возврат ЭтоИстина();
{ВнешняяОбработка.ПроверкаЧтенияНеАдминистраторами.МодульОбъекта(100)}:	Ожидаем.Что(ЧтениеДоступно, ПолноеИмяМетаданного + &quot; недоступно для чтения ролями без привилегий&quot;).ЕстьИстина();
{(1)}:КонтекстВыполнения.Тест_ПроверитьНеАдминистраторскиеПраваНаЧтение(Параметры[0],Параметры[1]);
{ВнешняяОбработка.xddTestRunner.МодульОбъекта(337)}:	Выполнить(ИcполняемыйКод);
{ВнешняяОбработка.xddTestRunner.МодульОбъекта(261)}:			ВыполнитьПроцедуруКонтекста(КонтекстВыполнения, ЭлементДереваТестов.ИмяМетода, ЭлементДереваТестов.Параметры);
{ВнешняяОбработка.xddTestRunner.Форма.УправляемаяФорма.Форма(913)}:	РезультатТестирования = ОбъектНаСервере.ВыполнитьТестовыйМетод(КонтекстВыполнения, ЭлементДереваТестов);
"/>
			</testcase>
			<testcase classname="Проверка чтения не-администраторами - &lt;test&gt;" name="Справочник.ПоставщикиУслугСервиса: Проверка доступа на Чтение Не-Администраторами - &lt;test&gt;" time="0.016" status="passed"/>
			<testcase classname="Проверка чтения не-администраторами - &lt;test&gt;" name="Константа.ИспользоватьВнеоборотныеАктивы2_2: Проверка доступа на Чтение Не-Администраторами - &lt;test&gt;" time="0" status="passed"/>
			<testcase classname="Проверка чтения не-администраторами - &lt;test&gt;" name="Справочник.ВидыТехнологическихОпераций: Проверка доступа на Чтение Не-Администраторами - &lt;test&gt;" time="0" status="passed"/>
			<testcase classname="Проверка чтения не-администраторами - &lt;test&gt;" name="РегистрСведений.ГруппыЗаявокПлатежногоКалендаря: Проверка доступа на Чтение Не-Администраторами - &lt;test&gt;" time="0.015" status="passed"/>
			<testcase classname="Проверка чтения не-администраторами - &lt;test&gt;" name="Документ.ПоступлениеПредметовЛизинга: Проверка доступа на Чтение Не-Администраторами - &lt;test&gt;" time="0.015" status="passed"/>
			<testcase classname="Проверка чтения не-администраторами - &lt;test&gt;" name="РегистрСведений.КадроваяИсторияСотрудников: Проверка доступа на Чтение Не-Администраторами - &lt;test&gt;" time="0" status="passed"/>
			<testcase classname="Проверка чтения не-администраторами - &lt;test&gt;" name="Справочник.СтатьиКалькуляции: Проверка доступа на Чтение Не-Администраторами - &lt;test&gt;" time="0.015" status="passed"/>
			<testcase classname="Проверка чтения не-администраторами - &lt;test&gt;" name="Константа.НеИспользоватьНачислениеЗарплаты: Проверка доступа на Чтение Не-Администраторами - &lt;test&gt;" time="0" status="passed"/>
			<testcase classname="Проверка чтения не-администраторами - &lt;test&gt;" name="Справочник.ВидыБюджетов: Проверка доступа на Чтение Не-Администраторами - &lt;test&gt;" time="0" status="passed"/>
			<testcase classname="Проверка чтения не-администраторами - &lt;test&gt;" name="РегистрСведений.ТребуетсяСправочноеУказаниеСерий: Проверка доступа на Чтение Не-Администраторами - &lt;test&gt;" time="0" status="passed"/>
			<testcase classname="Проверка чтения не-администраторами - &lt;test&gt;" name="РегистрСведений.УдалитьПараметрыИнтернетПоддержкиПользователей: Проверка доступа на Чтение Не-Администраторами - &lt;test&gt;" time="0.047" status="failure">
				<failure message="[Failed] Ожидали, что проверяемое значение (Ложь) является ИСТИНОЙ.
РегистрСведений.УдалитьПараметрыИнтернетПоддержкиПользователей недоступно для чтения ролями без привилегий
{ВнешняяОбработка.УтвержденияBDD.МодульОбъекта(293)}:	ВызватьИсключение Префикс + &quot; &quot; + СообщениеОшибки;
{ВнешняяОбработка.УтвержденияBDD.МодульОбъекта(46)}:		ВызватьОшибкуПроверки(СообщениеОшибки);
{ВнешняяОбработка.УтвержденияBDD.МодульОбъекта(53)}:	Возврат ЭтоИстина();
{ВнешняяОбработка.ПроверкаЧтенияНеАдминистраторами.МодульОбъекта(100)}:	Ожидаем.Что(ЧтениеДоступно, ПолноеИмяМетаданного + &quot; недоступно для чтения ролями без привилегий&quot;).ЕстьИстина();
{(1)}:КонтекстВыполнения.Тест_ПроверитьНеАдминистраторскиеПраваНаЧтение(Параметры[0],Параметры[1]);
{ВнешняяОбработка.xddTestRunner.МодульОбъекта(337)}:	Выполнить(ИcполняемыйКод);
{ВнешняяОбработка.xddTestRunner.МодульОбъекта(261)}:			ВыполнитьПроцедуруКонтекста(КонтекстВыполнения, ЭлементДереваТестов.ИмяМетода, ЭлементДереваТестов.Параметры);
{ВнешняяОбработка.xddTestRunner.Форма.УправляемаяФорма.Форма(913)}:	РезультатТестирования = ОбъектНаСервере.ВыполнитьТестовыйМетод(КонтекстВыполнения, ЭлементДереваТестов);
"/>
			</testcase>
			<testcase classname="Проверка чтения не-администраторами - &lt;test&gt;" name="Документ.ЗаказПоставщику: Проверка доступа на Чтение Не-Администраторами - &lt;test&gt;" time="0.016" status="passed"/>
			<testcase classname="Проверка чтения не-администраторами - &lt;test&gt;" name="Справочник.СтепениРодстваФизическихЛиц: Проверка доступа на Чтение Не-Администраторами - &lt;test&gt;" time="0" status="passed"/>
			<testcase classname="Проверка чтения не-администраторами - &lt;test&gt;" name="Константа.ПрефиксШтучногоШтрихкода: Проверка доступа на Чтение Не-Администраторами - &lt;test&gt;" time="0" status="passed"/>
			<testcase classname="Проверка чтения не-администраторами - &lt;test&gt;" name="Справочник.ИнформационныеСсылкиДляФорм: Проверка доступа на Чтение Не-Администраторами - &lt;test&gt;" time="0" status="passed"/>
			<testcase classname="Проверка чтения не-администраторами - &lt;test&gt;" name="РегистрНакопления.ТоварыКОтгрузке: Проверка доступа на Чтение Не-Администраторами - &lt;test&gt;" time="0.015" status="passed"/>
			<testcase classname="Проверка чтения не-администраторами - &lt;test&gt;" name="Справочник.ТОРО_ВводЗначенийКоэффициентовЕСУПрисоединенныеФайлы: Проверка доступа на Чтение Не-Администраторами - &lt;test&gt;" time="0.016" status="passed"/>
			<testcase classname="Проверка чтения не-администраторами - &lt;test&gt;" name="Документ.ЗаписьКнигиПокупок: Проверка доступа на Чтение Не-Администраторами - &lt;test&gt;" time="0.016" status="passed"/>
			<testcase classname="Проверка чтения не-администраторами - &lt;test&gt;" name="Справочник.ОтгрузкаТоваровСХраненияПрисоединенныеФайлы: Проверка доступа на Чтение Не-Администраторами - &lt;test&gt;" time="0.016" status="passed"/>
			<testcase classname="Проверка чтения не-администраторами - &lt;test&gt;" name="Константа.ТОРО_КодЛИС_ЕИСЗ: Проверка доступа на Чтение Не-Администраторами - &lt;test&gt;" time="0.031" status="passed"/>
			<testcase classname="Проверка чтения не-администраторами - &lt;test&gt;" name="Документ.РегламентированныйОтчет: Проверка доступа на Чтение Не-Администраторами - &lt;test&gt;" time="0.016" status="passed"/>
			<testcase classname="Проверка чтения не-администраторами - &lt;test&gt;" name="Справочник.Работодатели: Проверка доступа на Чтение Не-Администраторами - &lt;test&gt;" time="0" status="passed"/>
			<testcase classname="Проверка чтения не-администраторами - &lt;test&gt;" name="РегистрСведений.СчетаБухгалтерскогоУчетаОС: Проверка доступа на Чтение Не-Администраторами - &lt;test&gt;" time="0" status="passed"/>
			<testcase classname="Проверка чтения не-администраторами - &lt;test&gt;" name="РегистрСведений.ДомаЗданияСтроения: Проверка доступа на Чтение Не-Администраторами - &lt;test&gt;" time="0" status="passed"/>
			<testcase classname="Проверка чтения не-администраторами - &lt;test&gt;" name="РегистрСведений.ДанныеОВремениДляРасчетаСреднегоФСС: Проверка доступа на Чтение Не-Администраторами - &lt;test&gt;" time="0" status="passed"/>
			<testcase classname="Проверка чтения не-администраторами - &lt;test&gt;" name="Константа.ИспользоватьКонкурентнуюРазведку: Проверка доступа на Чтение Не-Администраторами - &lt;test&gt;" time="0" status="passed"/>
			<testcase classname="Проверка чтения не-администраторами - &lt;test&gt;" name="Справочник.МедицинскиеОрганизации: Проверка доступа на Чтение Не-Администраторами - &lt;test&gt;" time="0" status="passed"/>
			<testcase classname="Проверка чтения не-администраторами - &lt;test&gt;" name="РегистрСведений.ДокументыУчтенныеПриРасчетеНДФЛ: Проверка доступа на Чтение Не-Администраторами - &lt;test&gt;" time="0" status="passed"/>
			<testcase classname="Проверка чтения не-администраторами - &lt;test&gt;" name="Константа.ТОРО_КлючПривязкиКИнформационнойБазе: Проверка доступа на Чтение Не-Администраторами - &lt;test&gt;" time="0.016" status="passed"/>
			<testcase classname="Проверка чтения не-администраторами - &lt;test&gt;" name="Константа.АдресСервераСдачиОтчетности: Проверка доступа на Чтение Не-Администраторами - &lt;test&gt;" time="0" status="passed"/>
			<testcase classname="Проверка чтения не-администраторами - &lt;test&gt;" name="Константа.ИспользоватьРозничныеПродажи: Проверка доступа на Чтение Не-Администраторами - &lt;test&gt;" time="0" status="passed"/>
			<testcase classname="Проверка чтения не-администраторами - &lt;test&gt;" name="Справочник.УсловияРегионализацииВЕТИС: Проверка доступа на Чтение Не-Администраторами - &lt;test&gt;" time="0.015" status="passed"/>
			<testcase classname="Проверка чтения не-администраторами - &lt;test&gt;" name="Константа.ИсточникДанныхАдресногоКлассификатора: Проверка доступа на Чтение Не-Администраторами - &lt;test&gt;" time="0" status="passed"/>
			<testcase classname="Проверка чтения не-администраторами - &lt;test&gt;" name="Справочник.ТОРО_ТехническиеМеста: Проверка доступа на Чтение Не-Администраторами - &lt;test&gt;" time="0.016" status="passed"/>
			<testcase classname="Проверка чтения не-администраторами - &lt;test&gt;" name="РегистрСведений.НастройкаЗаполненияФормСтатистики: Проверка доступа на Чтение Не-Администраторами - &lt;test&gt;" time="0.016" status="passed"/>
			<testcase classname="Проверка чтения не-администраторами - &lt;test&gt;" name="Справочник.ЛицензииПоставщиковАлкогольнойПродукции: Проверка доступа на Чтение Не-Администраторами - &lt;test&gt;" time="0.016" status="passed"/>
			<testcase classname="Проверка чтения не-администраторами - &lt;test&gt;" name="Справочник.ОснованияИсчисляемогоСтраховогоСтажа: Проверка доступа на Чтение Не-Администраторами - &lt;test&gt;" time="0.016" status="passed"/>
			<testcase classname="Проверка чтения не-администраторами - &lt;test&gt;" name="Константа.ИспользоватьИндивидуальныеПравилаПересчетаТарифныхСтавокСотрудников: Проверка доступа на Чтение Не-Администраторами - &lt;test&gt;" time="0" status="passed"/>
			<testcase classname="Проверка чтения не-администраторами - &lt;test&gt;" name="РегистрНакопления.ПодарочныеСертификаты: Проверка доступа на Чтение Не-Администраторами - &lt;test&gt;" time="0.032" status="passed"/>
			<testcase classname="Проверка чтения не-администраторами - &lt;test&gt;" name="Константа.ТОРО_КодДокументопотокаСистемыШтрихкодирования: Проверка доступа на Чтение Не-Администраторами - &lt;test&gt;" time="0.015" status="passed"/>
			<testcase classname="Проверка чтения не-администраторами - &lt;test&gt;" name="Константа.ДатаНачалаУчетаНДСПоНаправлениямДеятельности: Проверка доступа на Чтение Не-Администраторами - &lt;test&gt;" time="0.016" status="passed"/>
			<testcase classname="Проверка чтения не-администраторами - &lt;test&gt;" name="РегистрНакопления.ПереданнаяВозвратнаяТара: Проверка доступа на Чтение Не-Администраторами - &lt;test&gt;" time="0.015" status="passed"/>
			<testcase classname="Проверка чтения не-администраторами - &lt;test&gt;" name="Константа.ИспользоватьСпециальностиФизическихЛиц: Проверка доступа на Чтение Не-Администраторами - &lt;test&gt;" time="0" status="passed"/>
			<testcase classname="Проверка чтения не-администраторами - &lt;test&gt;" name="Константа.ИспользованиеКаталогаДополнительныхОтчетовИОбработокВМоделиСервиса: Проверка доступа на Чтение Не-Администраторами - &lt;test&gt;" time="0.016" status="passed"/>
			<testcase classname="Проверка чтения не-администраторами - &lt;test&gt;" name="РегистрНакопления.ТОРО_ТоварыКПроведениюВходногоКонтроля: Проверка доступа на Чтение Не-Администраторами - &lt;test&gt;" time="0.015" status="passed"/>
			<testcase classname="Проверка чтения не-администраторами - &lt;test&gt;" name="РегистрНакопления.ОбеспечениеПроизводственныхПроцессов: Проверка доступа на Чтение Не-Администраторами - &lt;test&gt;" time="0" status="passed"/>
			<testcase classname="Проверка чтения не-администраторами - &lt;test&gt;" name="Константа.ИспользоватьПланированиеЗакупок: Проверка доступа на Чтение Не-Администраторами - &lt;test&gt;" time="0.016" status="passed"/>
			<testcase classname="Проверка чтения не-администраторами - &lt;test&gt;" name="РегистрСведений.ТОРО_АтрибутныйСостав: Проверка доступа на Чтение Не-Администраторами - &lt;test&gt;" time="0.016" status="passed"/>
			<testcase classname="Проверка чтения не-администраторами - &lt;test&gt;" name="РегистрСведений.ФайлыСведенийРОКИ: Проверка доступа на Чтение Не-Администраторами - &lt;test&gt;" time="0.016" status="passed"/>
			<testcase classname="Проверка чтения не-администраторами - &lt;test&gt;" name="Константа.ТОРО_ПредупреждатьОДопМоделях: Проверка доступа на Чтение Не-Администраторами - &lt;test&gt;" time="0.016" status="passed"/>
			<testcase classname="Проверка чтения не-администраторами - &lt;test&gt;" name="Константа.ВидЦеныПлановойСтоимостиМатериаловРабот: Проверка доступа на Чтение Не-Администраторами - &lt;test&gt;" time="0" status="passed"/>
			<testcase classname="Проверка чтения не-администраторами - &lt;test&gt;" name="Документ.ВнесениеДенежныхСредствВКассуККМ: Проверка доступа на Чтение Не-Администраторами - &lt;test&gt;" time="0.016" status="passed"/>
			<testcase classname="Проверка чтения не-администраторами - &lt;test&gt;" name="Константа.ВариантОбособленияМатериаловВРемонтах: Проверка доступа на Чтение Не-Администраторами - &lt;test&gt;" time="0" status="passed"/>
			<testcase classname="Проверка чтения не-администраторами - &lt;test&gt;" name="РегистрСведений.ТОРО_ЖурналФормированияОповещений: Проверка доступа на Чтение Не-Администраторами - &lt;test&gt;" time="0.016" status="passed"/>
			<testcase classname="Проверка чтения не-администраторами - &lt;test&gt;" name="Константа.УдалитьВнутреннийАдресМенеджераСервиса: Проверка доступа на Чтение Не-Администраторами - &lt;test&gt;" time="0.015" status="passed"/>
			<testcase classname="Проверка чтения не-администраторами - &lt;test&gt;" name="Константа.ФормироватьФинансовыйРезультат: Проверка доступа на Чтение Не-Администраторами - &lt;test&gt;" time="0.015" status="passed"/>
			<testcase classname="Проверка чтения не-администраторами - &lt;test&gt;" name="Справочник.ВнутреннееПотреблениеТоваровПрисоединенныеФайлы: Проверка доступа на Чтение Не-Администраторами - &lt;test&gt;" time="0" status="passed"/>
			<testcase classname="Проверка чтения не-администраторами - &lt;test&gt;" name="РегистрСведений.ЗаданияКРаспределениюРасчетовСПоставщиками: Проверка доступа на Чтение Не-Администраторами - &lt;test&gt;" time="0.031" status="passed"/>
			<testcase classname="Проверка чтения не-администраторами - &lt;test&gt;" name="Справочник.ШаблоныАнкет: Проверка доступа на Чтение Не-Администраторами - &lt;test&gt;" time="0.016" status="passed"/>
			<testcase classname="Проверка чтения не-администраторами - &lt;test&gt;" name="РегистрСведений.ТраншиЗаймаСотруднику: Проверка доступа на Чтение Не-Администраторами - &lt;test&gt;" time="0" status="passed"/>
			<testcase classname="Проверка чтения не-администраторами - &lt;test&gt;" name="Справочник.СправкаОПодтверждающихДокументахПрисоединенныеФайлы: Проверка доступа на Чтение Не-Администраторами - &lt;test&gt;" time="0.062" status="failure">
				<failure message="[Failed] Ожидали, что проверяемое значение (Ложь) является ИСТИНОЙ.
Справочник.СправкаОПодтверждающихДокументахПрисоединенныеФайлы недоступно для чтения ролями без привилегий
{ВнешняяОбработка.УтвержденияBDD.МодульОбъекта(293)}:	ВызватьИсключение Префикс + &quot; &quot; + СообщениеОшибки;
{ВнешняяОбработка.УтвержденияBDD.МодульОбъекта(46)}:		ВызватьОшибкуПроверки(СообщениеОшибки);
{ВнешняяОбработка.УтвержденияBDD.МодульОбъекта(53)}:	Возврат ЭтоИстина();
{ВнешняяОбработка.ПроверкаЧтенияНеАдминистраторами.МодульОбъекта(100)}:	Ожидаем.Что(ЧтениеДоступно, ПолноеИмяМетаданного + &quot; недоступно для чтения ролями без привилегий&quot;).ЕстьИстина();
{(1)}:КонтекстВыполнения.Тест_ПроверитьНеАдминистраторскиеПраваНаЧтение(Параметры[0],Параметры[1]);
{ВнешняяОбработка.xddTestRunner.МодульОбъекта(337)}:	Выполнить(ИcполняемыйКод);
{ВнешняяОбработка.xddTestRunner.МодульОбъекта(261)}:			ВыполнитьПроцедуруКонтекста(КонтекстВыполнения, ЭлементДереваТестов.ИмяМетода, ЭлементДереваТестов.Параметры);
{ВнешняяОбработка.xddTestRunner.Форма.УправляемаяФорма.Форма(913)}:	РезультатТестирования = ОбъектНаСервере.ВыполнитьТестовыйМетод(КонтекстВыполнения, ЭлементДереваТестов);
"/>
			</testcase>
			<testcase classname="Проверка чтения не-администраторами - &lt;test&gt;" name="Документ.ПриходныйОрдерНаТовары: Проверка доступа на Чтение Не-Администраторами - &lt;test&gt;" time="0.015" status="passed"/>
			<testcase classname="Проверка чтения не-администраторами - &lt;test&gt;" name="Документ.ПеремещениеОС2_4: Проверка доступа на Чтение Не-Администраторами - &lt;test&gt;" time="0.016" status="passed"/>
			<testcase classname="Проверка чтения не-администраторами - &lt;test&gt;" name="РегистрСведений.ТОРО_ПрисоединенныеФайлыПоДокументам: Проверка доступа на Чтение Не-Администраторами - &lt;test&gt;" time="0.016" status="passed"/>
			<testcase classname="Проверка чтения не-администраторами - &lt;test&gt;" name="РегистрСведений.ТОРО_ПодчиненностьЕдиницОборудования: Проверка доступа на Чтение Не-Администраторами - &lt;test&gt;" time="0.016" status="passed"/>
			<testcase classname="Проверка чтения не-администраторами - &lt;test&gt;" name="Константа.ОтражатьВРеглУчетеТолькоПроверенныеДокументы: Проверка доступа на Чтение Не-Администраторами - &lt;test&gt;" time="0" status="passed"/>
			<testcase classname="Проверка чтения не-администраторами - &lt;test&gt;" name="РегистрСведений.РасчетРазницВОценкеАктивовИОбязательств: Проверка доступа на Чтение Не-Администраторами - &lt;test&gt;" time="0.032" status="passed"/>
			<testcase classname="Проверка чтения не-администраторами - &lt;test&gt;" name="РегистрСведений.СвойстваХранилищаОблачногоАрхива: Проверка доступа на Чтение Не-Администраторами - &lt;test&gt;" time="0.078" status="failure">
				<failure message="[Failed] Ожидали, что проверяемое значение (Ложь) является ИСТИНОЙ.
РегистрСведений.СвойстваХранилищаОблачногоАрхива недоступно для чтения ролями без привилегий
{ВнешняяОбработка.УтвержденияBDD.МодульОбъекта(293)}:	ВызватьИсключение Префикс + &quot; &quot; + СообщениеОшибки;
{ВнешняяОбработка.УтвержденияBDD.МодульОбъекта(46)}:		ВызватьОшибкуПроверки(СообщениеОшибки);
{ВнешняяОбработка.УтвержденияBDD.МодульОбъекта(53)}:	Возврат ЭтоИстина();
{ВнешняяОбработка.ПроверкаЧтенияНеАдминистраторами.МодульОбъекта(100)}:	Ожидаем.Что(ЧтениеДоступно, ПолноеИмяМетаданного + &quot; недоступно для чтения ролями без привилегий&quot;).ЕстьИстина();
{(1)}:КонтекстВыполнения.Тест_ПроверитьНеАдминистраторскиеПраваНаЧтение(Параметры[0],Параметры[1]);
{ВнешняяОбработка.xddTestRunner.МодульОбъекта(337)}:	Выполнить(ИcполняемыйКод);
{ВнешняяОбработка.xddTestRunner.МодульОбъекта(261)}:			ВыполнитьПроцедуруКонтекста(КонтекстВыполнения, ЭлементДереваТестов.ИмяМетода, ЭлементДереваТестов.Параметры);
{ВнешняяОбработка.xddTestRunner.Форма.УправляемаяФорма.Форма(913)}:	РезультатТестирования = ОбъектНаСервере.ВыполнитьТестовыйМетод(КонтекстВыполнения, ЭлементДереваТестов);
"/>
			</testcase>
			<testcase classname="Проверка чтения не-администраторами - &lt;test&gt;" name="Документ.ТОРО_ЭкземплярБизнесПроцесса: Проверка доступа на Чтение Не-Администраторами - &lt;test&gt;" time="0" status="passed"/>
			<testcase classname="Проверка чтения не-администраторами - &lt;test&gt;" name="РегистрНакопления.РасчетыСПоставщикамиПоДокументам: Проверка доступа на Чтение Не-Администраторами - &lt;test&gt;" time="0.031" status="passed"/>
			<testcase classname="Проверка чтения не-администраторами - &lt;test&gt;" name="Документ.ВыработкаНМА: Проверка доступа на Чтение Не-Администраторами - &lt;test&gt;" time="0" status="passed"/>
			<testcase classname="Проверка чтения не-администраторами - &lt;test&gt;" name="Документ.ДоговорРаботыУслуги: Проверка доступа на Чтение Не-Администраторами - &lt;test&gt;" time="0" status="passed"/>
			<testcase classname="Проверка чтения не-администраторами - &lt;test&gt;" name="Справочник.СкидкиНаценки: Проверка доступа на Чтение Не-Администраторами - &lt;test&gt;" time="0.016" status="passed"/>
			<testcase classname="Проверка чтения не-администраторами - &lt;test&gt;" name="Справочник.НаборыУпаковок: Проверка доступа на Чтение Не-Администраторами - &lt;test&gt;" time="0" status="passed"/>
			<testcase classname="Проверка чтения не-администраторами - &lt;test&gt;" name="Справочник.ПеремещениеВДругоеПодразделениеПрисоединенныеФайлы: Проверка доступа на Чтение Не-Администраторами - &lt;test&gt;" time="0" status="passed"/>
			<testcase classname="Проверка чтения не-администраторами - &lt;test&gt;" name="РегистрСведений.ТОРО_РеквизитыОбъектовДляПодачиЗаявки: Проверка доступа на Чтение Не-Администраторами - &lt;test&gt;" time="0.016" status="passed"/>
			<testcase classname="Проверка чтения не-администраторами - &lt;test&gt;" name="Документ.УведомлениеОбИмпортеМаркированныхТоваровГИСМ: Проверка доступа на Чтение Не-Администраторами - &lt;test&gt;" time="0" status="passed"/>
			<testcase classname="Проверка чтения не-администраторами - &lt;test&gt;" name="РегистрНакопления.РасчетыСКлиентамиПланОтгрузок: Проверка доступа на Чтение Не-Администраторами - &lt;test&gt;" time="0.031" status="passed"/>
			<testcase classname="Проверка чтения не-администраторами - &lt;test&gt;" name="Документ.ОтменаСовмещения: Проверка доступа на Чтение Не-Администраторами - &lt;test&gt;" time="0" status="passed"/>
			<testcase classname="Проверка чтения не-администраторами - &lt;test&gt;" name="РегистрСведений.РегистрацияТранспортныхСредств: Проверка доступа на Чтение Не-Администраторами - &lt;test&gt;" time="0" status="passed"/>
			<testcase classname="Проверка чтения не-администраторами - &lt;test&gt;" name="Документ.ИзменениеШтатногоРасписания: Проверка доступа на Чтение Не-Администраторами - &lt;test&gt;" time="0" status="passed"/>
			<testcase classname="Проверка чтения не-администраторами - &lt;test&gt;" name="ПланОбмена.ОбновлениеИнформационнойБазы: Проверка доступа на Чтение Не-Администраторами - &lt;test&gt;" time="0.062" status="failure">
				<failure message="[Failed] Ожидали, что проверяемое значение (Ложь) является ИСТИНОЙ.
ПланОбмена.ОбновлениеИнформационнойБазы недоступно для чтения ролями без привилегий
{ВнешняяОбработка.УтвержденияBDD.МодульОбъекта(293)}:	ВызватьИсключение Префикс + &quot; &quot; + СообщениеОшибки;
{ВнешняяОбработка.УтвержденияBDD.МодульОбъекта(46)}:		ВызватьОшибкуПроверки(СообщениеОшибки);
{ВнешняяОбработка.УтвержденияBDD.МодульОбъекта(53)}:	Возврат ЭтоИстина();
{ВнешняяОбработка.ПроверкаЧтенияНеАдминистраторами.МодульОбъекта(100)}:	Ожидаем.Что(ЧтениеДоступно, ПолноеИмяМетаданного + &quot; недоступно для чтения ролями без привилегий&quot;).ЕстьИстина();
{(1)}:КонтекстВыполнения.Тест_ПроверитьНеАдминистраторскиеПраваНаЧтение(Параметры[0],Параметры[1]);
{ВнешняяОбработка.xddTestRunner.МодульОбъекта(337)}:	Выполнить(ИcполняемыйКод);
{ВнешняяОбработка.xddTestRunner.МодульОбъекта(261)}:			ВыполнитьПроцедуруКонтекста(КонтекстВыполнения, ЭлементДереваТестов.ИмяМетода, ЭлементДереваТестов.Параметры);
{ВнешняяОбработка.xddTestRunner.Форма.УправляемаяФорма.Форма(913)}:	РезультатТестирования = ОбъектНаСервере.ВыполнитьТестовыйМетод(КонтекстВыполнения, ЭлементДереваТестов);
"/>
			</testcase>
			<testcase classname="Проверка чтения не-администраторами - &lt;test&gt;" name="Документ.СправкиНДФЛДляПередачиВНалоговыйОрган: Проверка доступа на Чтение Не-Администраторами - &lt;test&gt;" time="0" status="passed"/>
			<testcase classname="Проверка чтения не-администраторами - &lt;test&gt;" name="Документ.ТаможеннаяДекларацияЭкспорт: Проверка доступа на Чтение Не-Администраторами - &lt;test&gt;" time="0.015" status="passed"/>
			<testcase classname="Проверка чтения не-администраторами - &lt;test&gt;" name="Справочник.Резервы: Проверка доступа на Чтение Не-Администраторами - &lt;test&gt;" time="0.015" status="passed"/>
			<testcase classname="Проверка чтения не-администраторами - &lt;test&gt;" name="РегистрСведений.ЗаданияКФормированиюЗаписейКнигиПокупокПродаж: Проверка доступа на Чтение Не-Администраторами - &lt;test&gt;" time="0.047" status="failure">
				<failure message="[Failed] Ожидали, что проверяемое значение (Ложь) является ИСТИНОЙ.
РегистрСведений.ЗаданияКФормированиюЗаписейКнигиПокупокПродаж недоступно для чтения ролями без привилегий
{ВнешняяОбработка.УтвержденияBDD.МодульОбъекта(293)}:	ВызватьИсключение Префикс + &quot; &quot; + СообщениеОшибки;
{ВнешняяОбработка.УтвержденияBDD.МодульОбъекта(46)}:		ВызватьОшибкуПроверки(СообщениеОшибки);
{ВнешняяОбработка.УтвержденияBDD.МодульОбъекта(53)}:	Возврат ЭтоИстина();
{ВнешняяОбработка.ПроверкаЧтенияНеАдминистраторами.МодульОбъекта(100)}:	Ожидаем.Что(ЧтениеДоступно, ПолноеИмяМетаданного + &quot; недоступно для чтения ролями без привилегий&quot;).ЕстьИстина();
{(1)}:КонтекстВыполнения.Тест_ПроверитьНеАдминистраторскиеПраваНаЧтение(Параметры[0],Параметры[1]);
{ВнешняяОбработка.xddTestRunner.МодульОбъекта(337)}:	Выполнить(ИcполняемыйКод);
{ВнешняяОбработка.xddTestRunner.МодульОбъекта(261)}:			ВыполнитьПроцедуруКонтекста(КонтекстВыполнения, ЭлементДереваТестов.ИмяМетода, ЭлементДереваТестов.Параметры);
{ВнешняяОбработка.xddTestRunner.Форма.УправляемаяФорма.Форма(913)}:	РезультатТестирования = ОбъектНаСервере.ВыполнитьТестовыйМетод(КонтекстВыполнения, ЭлементДереваТестов);
"/>
			</testcase>
			<testcase classname="Проверка чтения не-администраторами - &lt;test&gt;" name="РегистрСведений.УстаревшиеВидыЗапасовСОстатками: Проверка доступа на Чтение Не-Администраторами - &lt;test&gt;" time="0.031" status="passed"/>
			<testcase classname="Проверка чтения не-администраторами - &lt;test&gt;" name="РегистрСведений.УченыеЗванияФизическихЛиц: Проверка доступа на Чтение Не-Администраторами - &lt;test&gt;" time="0.015" status="passed"/>
			<testcase classname="Проверка чтения не-администраторами - &lt;test&gt;" name="РегистрСведений.ИзмененияОбщихДанныхУзлов: Проверка доступа на Чтение Не-Администраторами - &lt;test&gt;" time="0.047" status="failure">
				<failure message="[Failed] Ожидали, что проверяемое значение (Ложь) является ИСТИНОЙ.
РегистрСведений.ИзмененияОбщихДанныхУзлов недоступно для чтения ролями без привилегий
{ВнешняяОбработка.УтвержденияBDD.МодульОбъекта(293)}:	ВызватьИсключение Префикс + &quot; &quot; + СообщениеОшибки;
{ВнешняяОбработка.УтвержденияBDD.МодульОбъекта(46)}:		ВызватьОшибкуПроверки(СообщениеОшибки);
{ВнешняяОбработка.УтвержденияBDD.МодульОбъекта(53)}:	Возврат ЭтоИстина();
{ВнешняяОбработка.ПроверкаЧтенияНеАдминистраторами.МодульОбъекта(100)}:	Ожидаем.Что(ЧтениеДоступно, ПолноеИмяМетаданного + &quot; недоступно для чтения ролями без привилегий&quot;).ЕстьИстина();
{(1)}:КонтекстВыполнения.Тест_ПроверитьНеАдминистраторскиеПраваНаЧтение(Параметры[0],Параметры[1]);
{ВнешняяОбработка.xddTestRunner.МодульОбъекта(337)}:	Выполнить(ИcполняемыйКод);
{ВнешняяОбработка.xddTestRunner.МодульОбъекта(261)}:			ВыполнитьПроцедуруКонтекста(КонтекстВыполнения, ЭлементДереваТестов.ИмяМетода, ЭлементДереваТестов.Параметры);
{ВнешняяОбработка.xddTestRunner.Форма.УправляемаяФорма.Форма(913)}:	РезультатТестирования = ОбъектНаСервере.ВыполнитьТестовыйМетод(КонтекстВыполнения, ЭлементДереваТестов);
"/>
			</testcase>
			<testcase classname="Проверка чтения не-администраторами - &lt;test&gt;" name="Справочник.ТОРО_ПравилаОбменаСВнешнимиИнформационнымиСистемами: Проверка доступа на Чтение Не-Администраторами - &lt;test&gt;" time="0.031" status="passed"/>
			<testcase classname="Проверка чтения не-администраторами - &lt;test&gt;" name="РегистрСведений.РезультатыОбменаДанными: Проверка доступа на Чтение Не-Администраторами - &lt;test&gt;" time="0.016" status="passed"/>
			<testcase classname="Проверка чтения не-администраторами - &lt;test&gt;" name="Константа.РаспределениеДопРасходовПоВыбывшимТоварам: Проверка доступа на Чтение Не-Администраторами - &lt;test&gt;" time="0" status="passed"/>
			<testcase classname="Проверка чтения не-администраторами - &lt;test&gt;" name="Константа.ТОРО_АдресСервисаПолучениеЛотовЕИСЗ: Проверка доступа на Чтение Не-Администраторами - &lt;test&gt;" time="0.015" status="passed"/>
			<testcase classname="Проверка чтения не-администраторами - &lt;test&gt;" name="РегистрСведений.ПраваДоступаПользователейВЕТИС: Проверка доступа на Чтение Не-Администраторами - &lt;test&gt;" time="0.016" status="passed"/>
			<testcase classname="Проверка чтения не-администраторами - &lt;test&gt;" name="Справочник.ВидыСвязейМеждуПартнерами: Проверка доступа на Чтение Не-Администраторами - &lt;test&gt;" time="0" status="passed"/>
			<testcase classname="Проверка чтения не-администраторами - &lt;test&gt;" name="Справочник.ТерриториальныеУсловияПФР: Проверка доступа на Чтение Не-Администраторами - &lt;test&gt;" time="0" status="passed"/>
			<testcase classname="Проверка чтения не-администраторами - &lt;test&gt;" name="Справочник.ТОРО_ПрограммаВоздействийПрисоединенныеФайлы: Проверка доступа на Чтение Не-Администраторами - &lt;test&gt;" time="0.016" status="passed"/>
			<testcase classname="Проверка чтения не-администраторами - &lt;test&gt;" name="РегистрСведений.РасчетДолейБазыНалогаНаПрибыль: Проверка доступа на Чтение Не-Администраторами - &lt;test&gt;" time="0.015" status="passed"/>
			<testcase classname="Проверка чтения не-администраторами - &lt;test&gt;" name="Справочник.Пользователи: Проверка доступа на Чтение Не-Администраторами - &lt;test&gt;" time="0" status="passed"/>
			<testcase classname="Проверка чтения не-администраторами - &lt;test&gt;" name="Константа.УчитыватьСебестоимостьПоСериямПроизводство22: Проверка доступа на Чтение Не-Администраторами - &lt;test&gt;" time="0" status="passed"/>
			<testcase classname="Проверка чтения не-администраторами - &lt;test&gt;" name="Справочник.ТОРО_Лоты: Проверка доступа на Чтение Не-Администраторами - &lt;test&gt;" time="0.032" status="passed"/>
			<testcase classname="Проверка чтения не-администраторами - &lt;test&gt;" name="Константа.ОбщиеФайлыОбменСБанками: Проверка доступа на Чтение Не-Администраторами - &lt;test&gt;" time="0.015" status="passed"/>
			<testcase classname="Проверка чтения не-администраторами - &lt;test&gt;" name="Константа.ВариантОбособленияТоваровВПродажах: Проверка доступа на Чтение Не-Администраторами - &lt;test&gt;" time="0" status="passed"/>
			<testcase classname="Проверка чтения не-администраторами - &lt;test&gt;" name="РегистрСведений.ВыполнениеОперацийЗакрытияМесяца: Проверка доступа на Чтение Не-Администраторами - &lt;test&gt;" time="0" status="passed"/>
			<testcase classname="Проверка чтения не-администраторами - &lt;test&gt;" name="РегистрСведений.ТОРО_ПрисоединенныеФайлыДругихОбъектов: Проверка доступа на Чтение Не-Администраторами - &lt;test&gt;" time="0.016" status="passed"/>
			<testcase classname="Проверка чтения не-администраторами - &lt;test&gt;" name="Константа.ИспользоватьДополнительныеОтчетыИОбработки: Проверка доступа на Чтение Не-Администраторами - &lt;test&gt;" time="0.016" status="passed"/>
			<testcase classname="Проверка чтения не-администраторами - &lt;test&gt;" name="Документ.РазукомплектацияОС: Проверка доступа на Чтение Не-Администраторами - &lt;test&gt;" time="0" status="passed"/>
			<testcase classname="Проверка чтения не-администраторами - &lt;test&gt;" name="Документ.ОрдерНаОтражениеПересортицыТоваров: Проверка доступа на Чтение Не-Администраторами - &lt;test&gt;" time="0.015" status="passed"/>
			<testcase classname="Проверка чтения не-администраторами - &lt;test&gt;" name="Документ.ПодтверждениеОткрытияЛицевыхСчетовСотрудников: Проверка доступа на Чтение Не-Администраторами - &lt;test&gt;" time="0" status="passed"/>
			<testcase classname="Проверка чтения не-администраторами - &lt;test&gt;" name="РегистрСведений.СеансыВерсийРасширений: Проверка доступа на Чтение Не-Администраторами - &lt;test&gt;" time="0" status="passed"/>
			<testcase classname="Проверка чтения не-администраторами - &lt;test&gt;" name="РегистрСведений.ИнцидентыОтложенныеПроверки: Проверка доступа на Чтение Не-Администраторами - &lt;test&gt;" time="0.031" status="passed"/>
			<testcase classname="Проверка чтения не-администраторами - &lt;test&gt;" name="Константа.ИспользоватьПроцессыИЗадачи1СДокументооборота: Проверка доступа на Чтение Не-Администраторами - &lt;test&gt;" time="0.016" status="passed"/>
			<testcase classname="Проверка чтения не-администраторами - &lt;test&gt;" name="РегистрНакопления.ТоварыКОтбору: Проверка доступа на Чтение Не-Администраторами - &lt;test&gt;" time="0.016" status="passed"/>
			<testcase classname="Проверка чтения не-администраторами - &lt;test&gt;" name="РегистрСведений.СчетаРеглУчетаИгнорируемыеПриОтраженииВМеждународномУчете: Проверка доступа на Чтение Не-Администраторами - &lt;test&gt;" time="0" status="passed"/>
			<testcase classname="Проверка чтения не-администраторами - &lt;test&gt;" name="Константа.ИспользоватьКоммерческиеПредложенияКлиентам: Проверка доступа на Чтение Не-Администраторами - &lt;test&gt;" time="0" status="passed"/>
			<testcase classname="Проверка чтения не-администраторами - &lt;test&gt;" name="Константа.КаталогСообщенийОбменаДаннымиДляWindows: Проверка доступа на Чтение Не-Администраторами - &lt;test&gt;" time="0.015" status="passed"/>
			<testcase classname="Проверка чтения не-администраторами - &lt;test&gt;" name="РегистрСведений.НастройкиУчетаПособийСоциальногоСтрахования: Проверка доступа на Чтение Не-Администраторами - &lt;test&gt;" time="0.015" status="passed"/>
			<testcase classname="Проверка чтения не-администраторами - &lt;test&gt;" name="Справочник.СовмещениеПрисоединенныеФайлы: Проверка доступа на Чтение Не-Администраторами - &lt;test&gt;" time="0.016" status="passed"/>
			<testcase classname="Проверка чтения не-администраторами - &lt;test&gt;" name="Справочник.УпаковкиЕдиницыИзмерения: Проверка доступа на Чтение Не-Администраторами - &lt;test&gt;" time="0.016" status="passed"/>
			<testcase classname="Проверка чтения не-администраторами - &lt;test&gt;" name="Документ.РеализацияТоваровУслуг: Проверка доступа на Чтение Не-Администраторами - &lt;test&gt;" time="0.016" status="passed"/>
			<testcase classname="Проверка чтения не-администраторами - &lt;test&gt;" name="Справочник.ТОРО_КлючиИерархииДереваТехническихОбъектов: Проверка доступа на Чтение Не-Администраторами - &lt;test&gt;" time="0.016" status="passed"/>
			<testcase classname="Проверка чтения не-администраторами - &lt;test&gt;" name="РегистрСведений.КомментарииОперацииСтатистики: Проверка доступа на Чтение Не-Администраторами - &lt;test&gt;" time="0.047" status="passed"/>
			<testcase classname="Проверка чтения не-администраторами - &lt;test&gt;" name="РегистрНакопления.ОценочныеОбязательства: Проверка доступа на Чтение Не-Администраторами - &lt;test&gt;" time="0" status="passed"/>
			<testcase classname="Проверка чтения не-администраторами - &lt;test&gt;" name="Справочник.ПричиныПроигрышаСделок: Проверка доступа на Чтение Не-Администраторами - &lt;test&gt;" time="0" status="passed"/>
			<testcase classname="Проверка чтения не-администраторами - &lt;test&gt;" name="РегистрСведений.СоответствиеПоискаРаботаСНоменклатурой: Проверка доступа на Чтение Не-Администраторами - &lt;test&gt;" time="0.016" status="passed"/>
			<testcase classname="Проверка чтения не-администраторами - &lt;test&gt;" name="Константа.ДокументооборотСКонтролирующимиОрганами_ИспользоватьВнешнийМодуль: Проверка доступа на Чтение Не-Администраторами - &lt;test&gt;" time="0" status="passed"/>
			<testcase classname="Проверка чтения не-администраторами - &lt;test&gt;" name="РегистрСведений.ТОРО_ПлановаяНаработка: Проверка доступа на Чтение Не-Администраторами - &lt;test&gt;" time="0.031" status="passed"/>
			<testcase classname="Проверка чтения не-администраторами - &lt;test&gt;" name="Константа.ИспользоватьАвтоматическуюОтправкуПолучениеДанныхГИСМ: Проверка доступа на Чтение Не-Администраторами - &lt;test&gt;" time="0" status="passed"/>
			<testcase classname="Проверка чтения не-администраторами - &lt;test&gt;" name="Документ.ПроизводственнаяОперацияВЕТИС: Проверка доступа на Чтение Не-Администраторами - &lt;test&gt;" time="0.015" status="passed"/>
			<testcase classname="Проверка чтения не-администраторами - &lt;test&gt;" name="Константа.ИспользоватьВидыСвязейПартнеров: Проверка доступа на Чтение Не-Администраторами - &lt;test&gt;" time="0" status="passed"/>
			<testcase classname="Проверка чтения не-администраторами - &lt;test&gt;" name="РегистрСведений.ТОРО_ИзбранныеДокументыДляОповещения: Проверка доступа на Чтение Не-Администраторами - &lt;test&gt;" time="0.015" status="passed"/>
			<testcase classname="Проверка чтения не-администраторами - &lt;test&gt;" name="РегистрСведений.СтатистикаКонфигурации: Проверка доступа на Чтение Не-Администраторами - &lt;test&gt;" time="0.032" status="passed"/>
			<testcase classname="Проверка чтения не-администраторами - &lt;test&gt;" name="Константа.ВариантОбособленияТоваровВПеремещении: Проверка доступа на Чтение Не-Администраторами - &lt;test&gt;" time="0" status="passed"/>
			<testcase classname="Проверка чтения не-администраторами - &lt;test&gt;" name="РегистрСведений.НастройкиРаспределения: Проверка доступа на Чтение Не-Администраторами - &lt;test&gt;" time="0.015" status="passed"/>
			<testcase classname="Проверка чтения не-администраторами - &lt;test&gt;" name="Справочник.РегламентированныеОтчеты: Проверка доступа на Чтение Не-Администраторами - &lt;test&gt;" time="0" status="passed"/>
			<testcase classname="Проверка чтения не-администраторами - &lt;test&gt;" name="Константа.НастройкиПодчиненногоУзлаРИБ: Проверка доступа на Чтение Не-Администраторами - &lt;test&gt;" time="0" status="passed"/>
			<testcase classname="Проверка чтения не-администраторами - &lt;test&gt;" name="Документ.ПоступлениеДенежныхДокументов: Проверка доступа на Чтение Не-Администраторами - &lt;test&gt;" time="0.015" status="passed"/>
			<testcase classname="Проверка чтения не-администраторами - &lt;test&gt;" name="Документ.ТЦТест: Проверка доступа на Чтение Не-Администраторами - &lt;test&gt;" time="0.016" status="passed"/>
			<testcase classname="Проверка чтения не-администраторами - &lt;test&gt;" name="Константа.ПовторитьЗагрузкуСообщенияОбменаДаннымиПередЗапуском: Проверка доступа на Чтение Не-Администраторами - &lt;test&gt;" time="0" status="passed"/>
			<testcase classname="Проверка чтения не-администраторами - &lt;test&gt;" name="Документ.ОписьОДВ_1: Проверка доступа на Чтение Не-Администраторами - &lt;test&gt;" time="0.016" status="passed"/>
			<testcase classname="Проверка чтения не-администраторами - &lt;test&gt;" name="Справочник.СтрокиОтчетностиМониторингаРаботниковСоциальнойСферы: Проверка доступа на Чтение Не-Администраторами - &lt;test&gt;" time="0.015" status="passed"/>
			<testcase classname="Проверка чтения не-администраторами - &lt;test&gt;" name="Справочник.ОтправкиФТС: Проверка доступа на Чтение Не-Администраторами - &lt;test&gt;" time="0" status="passed"/>
			<testcase classname="Проверка чтения не-администраторами - &lt;test&gt;" name="Справочник.ПредопределенныеВариантыОтчетовРасширений: Проверка доступа на Чтение Не-Администраторами - &lt;test&gt;" time="0" status="passed"/>
			<testcase classname="Проверка чтения не-администраторами - &lt;test&gt;" name="РегистрСведений.ТОРО_ЗначенияРанговЕдиницОборудования: Проверка доступа на Чтение Не-Администраторами - &lt;test&gt;" time="0.016" status="passed"/>
			<testcase classname="Проверка чтения не-администраторами - &lt;test&gt;" name="РегистрСведений.АналогиВПроизводстве: Проверка доступа на Чтение Не-Администраторами - &lt;test&gt;" time="0.031" status="passed"/>
			<testcase classname="Проверка чтения не-администраторами - &lt;test&gt;" name="Справочник.УдалитьВидыОбъектовЕГАИС: Проверка доступа на Чтение Не-Администраторами - &lt;test&gt;" time="0.062" status="failure">
				<failure message="[Failed] Ожидали, что проверяемое значение (Ложь) является ИСТИНОЙ.
Справочник.УдалитьВидыОбъектовЕГАИС недоступно для чтения ролями без привилегий
{ВнешняяОбработка.УтвержденияBDD.МодульОбъекта(293)}:	ВызватьИсключение Префикс + &quot; &quot; + СообщениеОшибки;
{ВнешняяОбработка.УтвержденияBDD.МодульОбъекта(46)}:		ВызватьОшибкуПроверки(СообщениеОшибки);
{ВнешняяОбработка.УтвержденияBDD.МодульОбъекта(53)}:	Возврат ЭтоИстина();
{ВнешняяОбработка.ПроверкаЧтенияНеАдминистраторами.МодульОбъекта(100)}:	Ожидаем.Что(ЧтениеДоступно, ПолноеИмяМетаданного + &quot; недоступно для чтения ролями без привилегий&quot;).ЕстьИстина();
{(1)}:КонтекстВыполнения.Тест_ПроверитьНеАдминистраторскиеПраваНаЧтение(Параметры[0],Параметры[1]);
{ВнешняяОбработка.xddTestRunner.МодульОбъекта(337)}:	Выполнить(ИcполняемыйКод);
{ВнешняяОбработка.xddTestRunner.МодульОбъекта(261)}:			ВыполнитьПроцедуруКонтекста(КонтекстВыполнения, ЭлементДереваТестов.ИмяМетода, ЭлементДереваТестов.Параметры);
{ВнешняяОбработка.xddTestRunner.Форма.УправляемаяФорма.Форма(913)}:	РезультатТестирования = ОбъектНаСервере.ВыполнитьТестовыйМетод(КонтекстВыполнения, ЭлементДереваТестов);
"/>
			</testcase>
			<testcase classname="Проверка чтения не-администраторами - &lt;test&gt;" name="Справочник.ЗаявлениеАбонентаСпецоператораСвязиПрисоединенныеФайлы: Проверка доступа на Чтение Не-Администраторами - &lt;test&gt;" time="0.031" status="passed"/>
			<testcase classname="Проверка чтения не-администраторами - &lt;test&gt;" name="Справочник.ОбщиеДанныеИнформационногоЦентра: Проверка доступа на Чтение Не-Администраторами - &lt;test&gt;" time="0" status="passed"/>
			<testcase classname="Проверка чтения не-администраторами - &lt;test&gt;" name="Константа.ОптимизироватьЗапасыРаспределительногоЦентра: Проверка доступа на Чтение Не-Администраторами - &lt;test&gt;" time="0.015" status="passed"/>
			<testcase classname="Проверка чтения не-администраторами - &lt;test&gt;" name="Документ.ВходящаяСправкаОЗаработкеДляРасчетаПособий: Проверка доступа на Чтение Не-Администраторами - &lt;test&gt;" time="0.015" status="passed"/>
			<testcase classname="Проверка чтения не-администраторами - &lt;test&gt;" name="Справочник.РегистрацииВНалоговомОргане: Проверка доступа на Чтение Не-Администраторами - &lt;test&gt;" time="0.016" status="passed"/>
			<testcase classname="Проверка чтения не-администраторами - &lt;test&gt;" name="Справочник.ТОРО_ВидыИспытанийЕдиницОборудования: Проверка доступа на Чтение Не-Администраторами - &lt;test&gt;" time="0.016" status="passed"/>
			<testcase classname="Проверка чтения не-администраторами - &lt;test&gt;" name="Справочник.ВедомостьУплатыАДВ_11ПрисоединенныеФайлы: Проверка доступа на Чтение Не-Администраторами - &lt;test&gt;" time="0" status="passed"/>
			<testcase classname="Проверка чтения не-администраторами - &lt;test&gt;" name="Документ.ЭкземплярБюджета: Проверка доступа на Чтение Не-Администраторами - &lt;test&gt;" time="0" status="passed"/>
			<testcase classname="Проверка чтения не-администраторами - &lt;test&gt;" name="Документ.ЕдиновременноеПособиеЗаСчетФСС: Проверка доступа на Чтение Не-Администраторами - &lt;test&gt;" time="0.016" status="passed"/>
			<testcase classname="Проверка чтения не-администраторами - &lt;test&gt;" name="Константа.ИспользоватьЗаполнениеРаздела7ДекларацииПоНДС: Проверка доступа на Чтение Не-Администраторами - &lt;test&gt;" time="0" status="passed"/>
			<testcase classname="Проверка чтения не-администраторами - &lt;test&gt;" name="Документ.НазначениеПодработки: Проверка доступа на Чтение Не-Администраторами - &lt;test&gt;" time="0" status="passed"/>
			<testcase classname="Проверка чтения не-администраторами - &lt;test&gt;" name="Константа.ПрефиксШтрихкодовУзлаРИБ: Проверка доступа на Чтение Не-Администраторами - &lt;test&gt;" time="0" status="passed"/>
			<testcase classname="Проверка чтения не-администраторами - &lt;test&gt;" name="Справочник.ПричиныСписанияОС: Проверка доступа на Чтение Не-Администраторами - &lt;test&gt;" time="0.016" status="passed"/>
			<testcase classname="Проверка чтения не-администраторами - &lt;test&gt;" name="Константа.ПродажаТоваровОблагаемыхНДСУПокупателя: Проверка доступа на Чтение Не-Администраторами - &lt;test&gt;" time="0" status="passed"/>
			<testcase classname="Проверка чтения не-администраторами - &lt;test&gt;" name="Справочник.ПерепискаСКонтролирующимиОрганамиПрисоединенныеФайлы: Проверка доступа на Чтение Не-Администраторами - &lt;test&gt;" time="0.031" status="passed"/>
			<testcase classname="Проверка чтения не-администраторами - &lt;test&gt;" name="Константа.ИспользоватьРазделениеПоОбластямДанных: Проверка доступа на Чтение Не-Администраторами - &lt;test&gt;" time="0" status="passed"/>
			<testcase classname="Проверка чтения не-администраторами - &lt;test&gt;" name="РегистрСведений.КатегорииНовостейПростые: Проверка доступа на Чтение Не-Администраторами - &lt;test&gt;" time="0.016" status="passed"/>
			<testcase classname="Проверка чтения не-администраторами - &lt;test&gt;" name="РегистрСведений.СвойстваТранспортныхСообщений: Проверка доступа на Чтение Не-Администраторами - &lt;test&gt;" time="0.016" status="passed"/>
			<testcase classname="Проверка чтения не-администраторами - &lt;test&gt;" name="Константа.ИдентификаторКорневойПапкиФайлов1СДокументооборот: Проверка доступа на Чтение Не-Администраторами - &lt;test&gt;" time="0" status="passed"/>
			<testcase classname="Проверка чтения не-администраторами - &lt;test&gt;" name="Справочник.УдалитьПараметрыИсчисляемогоСтраховогоСтажа: Проверка доступа на Чтение Не-Администраторами - &lt;test&gt;" time="0.031" status="passed"/>
			<testcase classname="Проверка чтения не-администраторами - &lt;test&gt;" name="Константа.ИспользоватьЗарплатаКадрыКорпоративнаяПодсистемы: Проверка доступа на Чтение Не-Администраторами - &lt;test&gt;" time="0.016" status="passed"/>
			<testcase classname="Проверка чтения не-администраторами - &lt;test&gt;" name="Справочник.ТОРО_МакетыВедомостейИзмерений: Проверка доступа на Чтение Не-Администраторами - &lt;test&gt;" time="0.016" status="passed"/>
			<testcase classname="Проверка чтения не-администраторами - &lt;test&gt;" name="РегистрСведений.КлючиДоступаГруппДоступа: Проверка доступа на Чтение Не-Администраторами - &lt;test&gt;" time="0.063" status="failure">
				<failure message="[Failed] Ожидали, что проверяемое значение (Ложь) является ИСТИНОЙ.
РегистрСведений.КлючиДоступаГруппДоступа недоступно для чтения ролями без привилегий
{ВнешняяОбработка.УтвержденияBDD.МодульОбъекта(293)}:	ВызватьИсключение Префикс + &quot; &quot; + СообщениеОшибки;
{ВнешняяОбработка.УтвержденияBDD.МодульОбъекта(46)}:		ВызватьОшибкуПроверки(СообщениеОшибки);
{ВнешняяОбработка.УтвержденияBDD.МодульОбъекта(53)}:	Возврат ЭтоИстина();
{ВнешняяОбработка.ПроверкаЧтенияНеАдминистраторами.МодульОбъекта(100)}:	Ожидаем.Что(ЧтениеДоступно, ПолноеИмяМетаданного + &quot; недоступно для чтения ролями без привилегий&quot;).ЕстьИстина();
{(1)}:КонтекстВыполнения.Тест_ПроверитьНеАдминистраторскиеПраваНаЧтение(Параметры[0],Параметры[1]);
{ВнешняяОбработка.xddTestRunner.МодульОбъекта(337)}:	Выполнить(ИcполняемыйКод);
{ВнешняяОбработка.xddTestRunner.МодульОбъекта(261)}:			ВыполнитьПроцедуруКонтекста(КонтекстВыполнения, ЭлементДереваТестов.ИмяМетода, ЭлементДереваТестов.Параметры);
{ВнешняяОбработка.xddTestRunner.Форма.УправляемаяФорма.Форма(913)}:	РезультатТестирования = ОбъектНаСервере.ВыполнитьТестовыйМетод(КонтекстВыполнения, ЭлементДереваТестов);
"/>
			</testcase>
			<testcase classname="Проверка чтения не-администраторами - &lt;test&gt;" name="РегистрСведений.ЗначенияРазовыхПоказателейРасчетаЗарплатыСотрудниковИспр: Проверка доступа на Чтение Не-Администраторами - &lt;test&gt;" time="0.078" status="failure">
				<failure message="[Failed] Ожидали, что проверяемое значение (Ложь) является ИСТИНОЙ.
РегистрСведений.ЗначенияРазовыхПоказателейРасчетаЗарплатыСотрудниковИспр недоступно для чтения ролями без привилегий
{ВнешняяОбработка.УтвержденияBDD.МодульОбъекта(293)}:	ВызватьИсключение Префикс + &quot; &quot; + СообщениеОшибки;
{ВнешняяОбработка.УтвержденияBDD.МодульОбъекта(46)}:		ВызватьОшибкуПроверки(СообщениеОшибки);
{ВнешняяОбработка.УтвержденияBDD.МодульОбъекта(53)}:	Возврат ЭтоИстина();
{ВнешняяОбработка.ПроверкаЧтенияНеАдминистраторами.МодульОбъекта(100)}:	Ожидаем.Что(ЧтениеДоступно, ПолноеИмяМетаданного + &quot; недоступно для чтения ролями без привилегий&quot;).ЕстьИстина();
{(1)}:КонтекстВыполнения.Тест_ПроверитьНеАдминистраторскиеПраваНаЧтение(Параметры[0],Параметры[1]);
{ВнешняяОбработка.xddTestRunner.МодульОбъекта(337)}:	Выполнить(ИcполняемыйКод);
{ВнешняяОбработка.xddTestRunner.МодульОбъекта(261)}:			ВыполнитьПроцедуруКонтекста(КонтекстВыполнения, ЭлементДереваТестов.ИмяМетода, ЭлементДереваТестов.Параметры);
{ВнешняяОбработка.xddTestRunner.Форма.УправляемаяФорма.Форма(913)}:	РезультатТестирования = ОбъектНаСервере.ВыполнитьТестовыйМетод(КонтекстВыполнения, ЭлементДереваТестов);
"/>
			</testcase>
			<testcase classname="Проверка чтения не-администраторами - &lt;test&gt;" name="Справочник.ЭкземплярБюджетаПрисоединенныеФайлы: Проверка доступа на Чтение Не-Администраторами - &lt;test&gt;" time="0" status="passed"/>
			<testcase classname="Проверка чтения не-администраторами - &lt;test&gt;" name="Константа.РассчитыватьДокументыПриРедактировании: Проверка доступа на Чтение Не-Администраторами - &lt;test&gt;" time="0.016" status="passed"/>
			<testcase classname="Проверка чтения не-администраторами - &lt;test&gt;" name="Документ.ВыбытиеДенежныхДокументов: Проверка доступа на Чтение Не-Администраторами - &lt;test&gt;" time="0.015" status="passed"/>
			<testcase classname="Проверка чтения не-администраторами - &lt;test&gt;" name="РегистрСведений.РеестрКадровыхПриказов: Проверка доступа на Чтение Не-Администраторами - &lt;test&gt;" time="0" status="passed"/>
			<testcase classname="Проверка чтения не-администраторами - &lt;test&gt;" name="РегистрСведений.ТОРО_ОтложеннаяОбработкаЭтаповБизнесПроцессов: Проверка доступа на Чтение Не-Администраторами - &lt;test&gt;" time="0.015" status="passed"/>
			<testcase classname="Проверка чтения не-администраторами - &lt;test&gt;" name="Константа.КонтролироватьСтатусыКодовМаркировкиВРозницеМОТП: Проверка доступа на Чтение Не-Администраторами - &lt;test&gt;" time="0.016" status="passed"/>
			<testcase classname="Проверка чтения не-администраторами - &lt;test&gt;" name="Константа.ПереоцениватьВалютныеСредстваПоДням: Проверка доступа на Чтение Не-Администраторами - &lt;test&gt;" time="0.015" status="passed"/>
			<testcase classname="Проверка чтения не-администраторами - &lt;test&gt;" name="Справочник.ВидыПодарочныхСертификатов: Проверка доступа на Чтение Не-Администраторами - &lt;test&gt;" time="0" status="passed"/>
			<testcase classname="Проверка чтения не-администраторами - &lt;test&gt;" name="Справочник.ОперацииРоли: Проверка доступа на Чтение Не-Администраторами - &lt;test&gt;" time="0.016" status="passed"/>
			<testcase classname="Проверка чтения не-администраторами - &lt;test&gt;" name="РегистрСведений.НастройкиТранспортаОбменаОбластиДанных: Проверка доступа на Чтение Не-Администраторами - &lt;test&gt;" time="0.063" status="failure">
				<failure message="[Failed] Ожидали, что проверяемое значение (Ложь) является ИСТИНОЙ.
РегистрСведений.НастройкиТранспортаОбменаОбластиДанных недоступно для чтения ролями без привилегий
{ВнешняяОбработка.УтвержденияBDD.МодульОбъекта(293)}:	ВызватьИсключение Префикс + &quot; &quot; + СообщениеОшибки;
{ВнешняяОбработка.УтвержденияBDD.МодульОбъекта(46)}:		ВызватьОшибкуПроверки(СообщениеОшибки);
{ВнешняяОбработка.УтвержденияBDD.МодульОбъекта(53)}:	Возврат ЭтоИстина();
{ВнешняяОбработка.ПроверкаЧтенияНеАдминистраторами.МодульОбъекта(100)}:	Ожидаем.Что(ЧтениеДоступно, ПолноеИмяМетаданного + &quot; недоступно для чтения ролями без привилегий&quot;).ЕстьИстина();
{(1)}:КонтекстВыполнения.Тест_ПроверитьНеАдминистраторскиеПраваНаЧтение(Параметры[0],Параметры[1]);
{ВнешняяОбработка.xddTestRunner.МодульОбъекта(337)}:	Выполнить(ИcполняемыйКод);
{ВнешняяОбработка.xddTestRunner.МодульОбъекта(261)}:			ВыполнитьПроцедуруКонтекста(КонтекстВыполнения, ЭлементДереваТестов.ИмяМетода, ЭлементДереваТестов.Параметры);
{ВнешняяОбработка.xddTestRunner.Форма.УправляемаяФорма.Форма(913)}:	РезультатТестирования = ОбъектНаСервере.ВыполнитьТестовыйМетод(КонтекстВыполнения, ЭлементДереваТестов);
"/>
			</testcase>
			<testcase classname="Проверка чтения не-администраторами - &lt;test&gt;" name="Константа.ИспользоватьБонусныеПрограммыЛояльности: Проверка доступа на Чтение Не-Администраторами - &lt;test&gt;" time="0" status="passed"/>
			<testcase classname="Проверка чтения не-администраторами - &lt;test&gt;" name="Документ.ИзменениеМестРаботы: Проверка доступа на Чтение Не-Администраторами - &lt;test&gt;" time="0.015" status="passed"/>
			<testcase classname="Проверка чтения не-администраторами - &lt;test&gt;" name="РегистрНакопления.ФинансовыеРезультаты: Проверка доступа на Чтение Не-Администраторами - &lt;test&gt;" time="0.031" status="passed"/>
			<testcase classname="Проверка чтения не-администраторами - &lt;test&gt;" name="Документ.АмортизацияНМА: Проверка доступа на Чтение Не-Администраторами - &lt;test&gt;" time="0.016" status="passed"/>
			<testcase classname="Проверка чтения не-администраторами - &lt;test&gt;" name="Справочник.ЗаказДавальцаПрисоединенныеФайлы: Проверка доступа на Чтение Не-Администраторами - &lt;test&gt;" time="0.016" status="passed"/>
			<testcase classname="Проверка чтения не-администраторами - &lt;test&gt;" name="РегистрСведений.ТОРО_ЗначенияКонтролируемыхПоказателей: Проверка доступа на Чтение Не-Администраторами - &lt;test&gt;" time="0.016" status="passed"/>
			<testcase classname="Проверка чтения не-администраторами - &lt;test&gt;" name="РегистрСведений.ТОРО_НастройкиСтруктурыПредприятия: Проверка доступа на Чтение Не-Администраторами - &lt;test&gt;" time="0.016" status="passed"/>
			<testcase classname="Проверка чтения не-администраторами - &lt;test&gt;" name="Справочник.ТЦАгенты: Проверка доступа на Чтение Не-Администраторами - &lt;test&gt;" time="0.016" status="passed"/>
			<testcase classname="Проверка чтения не-администраторами - &lt;test&gt;" name="Константа.ПараметрыСверткиИБ: Проверка доступа на Чтение Не-Администраторами - &lt;test&gt;" time="0" status="passed"/>
			<testcase classname="Проверка чтения не-администраторами - &lt;test&gt;" name="Константа.ИспользоватьСинхронизациюДанных: Проверка доступа на Чтение Не-Администраторами - &lt;test&gt;" time="0" status="passed"/>
			<testcase classname="Проверка чтения не-администраторами - &lt;test&gt;" name="РегистрСведений.ЗаданияКРасчетуАмортизацииНМА: Проверка доступа на Чтение Не-Администраторами - &lt;test&gt;" time="0.031" status="passed"/>
			<testcase classname="Проверка чтения не-администраторами - &lt;test&gt;" name="Документ.ТОРО_ПриемкаРаботТПИР: Проверка доступа на Чтение Не-Администраторами - &lt;test&gt;" time="0.015" status="passed"/>
			<testcase classname="Проверка чтения не-администраторами - &lt;test&gt;" name="Справочник.ПоказателиРасчетаЗарплаты: Проверка доступа на Чтение Не-Администраторами - &lt;test&gt;" time="0" status="passed"/>
			<testcase classname="Проверка чтения не-администраторами - &lt;test&gt;" name="Документ.СписаниеПринятыхНаХранениеТоваров: Проверка доступа на Чтение Не-Администраторами - &lt;test&gt;" time="0" status="passed"/>
			<testcase classname="Проверка чтения не-администраторами - &lt;test&gt;" name="Константа.ИспользоватьСерииНоменклатуры: Проверка доступа на Чтение Не-Администраторами - &lt;test&gt;" time="0.015" status="passed"/>
			<testcase classname="Проверка чтения не-администраторами - &lt;test&gt;" name="РегистрСведений.СинхронизацияКлассификаторовВЕТИС: Проверка доступа на Чтение Не-Администраторами - &lt;test&gt;" time="0" status="passed"/>
			<testcase classname="Проверка чтения не-администраторами - &lt;test&gt;" name="РегистрСведений.ИерархияПартнеров: Проверка доступа на Чтение Не-Администраторами - &lt;test&gt;" time="0.016" status="passed"/>
			<testcase classname="Проверка чтения не-администраторами - &lt;test&gt;" name="РегистрСведений.ЗамерыКомментарииСтатистики: Проверка доступа на Чтение Не-Администраторами - &lt;test&gt;" time="0.031" status="passed"/>
			<testcase classname="Проверка чтения не-администраторами - &lt;test&gt;" name="РегистрСведений.ОсновныеДанныеКонтрактаДоговораСотрудника: Проверка доступа на Чтение Не-Администраторами - &lt;test&gt;" time="0.015" status="passed"/>
			<testcase classname="Проверка чтения не-администраторами - &lt;test&gt;" name="Константа.ИспользоватьАнкетирование: Проверка доступа на Чтение Не-Администраторами - &lt;test&gt;" time="0.016" status="passed"/>
			<testcase classname="Проверка чтения не-администраторами - &lt;test&gt;" name="Константа.ИспользоватьНеотфактурованныеПоставки: Проверка доступа на Чтение Не-Администраторами - &lt;test&gt;" time="0.016" status="passed"/>
			<testcase classname="Проверка чтения не-администраторами - &lt;test&gt;" name="Константа.ИспользоватьИмпортныеТовары: Проверка доступа на Чтение Не-Администраторами - &lt;test&gt;" time="0" status="passed"/>
			<testcase classname="Проверка чтения не-администраторами - &lt;test&gt;" name="Документ.ОтчетПереработчика: Проверка доступа на Чтение Не-Администраторами - &lt;test&gt;" time="0.016" status="passed"/>
			<testcase classname="Проверка чтения не-администраторами - &lt;test&gt;" name="Константа.ПрофильБезопасностиИнформационнойБазы: Проверка доступа на Чтение Не-Администраторами - &lt;test&gt;" time="0.016" status="passed"/>
			<testcase classname="Проверка чтения не-администраторами - &lt;test&gt;" name="Справочник.Новости: Проверка доступа на Чтение Не-Администраторами - &lt;test&gt;" time="0.015" status="passed"/>
			<testcase classname="Проверка чтения не-администраторами - &lt;test&gt;" name="РегистрСведений.ПараметрыПериодовСтажаПФР: Проверка доступа на Чтение Не-Администраторами - &lt;test&gt;" time="0.015" status="passed"/>
			<testcase classname="Проверка чтения не-администраторами - &lt;test&gt;" name="Константа.РазрешенаРаботаСОблачнымАрхивом: Проверка доступа на Чтение Не-Администраторами - &lt;test&gt;" time="0" status="passed"/>
			<testcase classname="Проверка чтения не-администраторами - &lt;test&gt;" name="Справочник.СписаниеТоваровУХранителяПрисоединенныеФайлы: Проверка доступа на Чтение Не-Администраторами - &lt;test&gt;" time="0.015" status="passed"/>
			<testcase classname="Проверка чтения не-администраторами - &lt;test&gt;" name="Документ.НачислениеИСписаниеБонусныхБаллов: Проверка доступа на Чтение Не-Администраторами - &lt;test&gt;" time="0.016" status="passed"/>
			<testcase classname="Проверка чтения не-администраторами - &lt;test&gt;" name="Константа.ИспользоватьПрочееОприходованиеТоваров: Проверка доступа на Чтение Не-Администраторами - &lt;test&gt;" time="0.015" status="passed"/>
			<testcase classname="Проверка чтения не-администраторами - &lt;test&gt;" name="Документ.УстановкаНормативовПроизводственныхРасходов: Проверка доступа на Чтение Не-Администраторами - &lt;test&gt;" time="0.016" status="passed"/>
			<testcase classname="Проверка чтения не-администраторами - &lt;test&gt;" name="Документ.ОперацияМеждународный: Проверка доступа на Чтение Не-Администраторами - &lt;test&gt;" time="0" status="passed"/>
			<testcase classname="Проверка чтения не-администраторами - &lt;test&gt;" name="РегистрСведений.ОсновныеСредстваМеждународныйУчет: Проверка доступа на Чтение Не-Администраторами - &lt;test&gt;" time="0" status="passed"/>
			<testcase classname="Проверка чтения не-администраторами - &lt;test&gt;" name="Справочник.ПерепискаСКонтролирующимиОрганами: Проверка доступа на Чтение Не-Администраторами - &lt;test&gt;" time="0.016" status="passed"/>
			<testcase classname="Проверка чтения не-администраторами - &lt;test&gt;" name="Справочник.ТОРО_СообщенияИнтегрированныхСистем: Проверка доступа на Чтение Не-Администраторами - &lt;test&gt;" time="0.016" status="passed"/>
			<testcase classname="Проверка чтения не-администраторами - &lt;test&gt;" name="РегистрСведений.РасчетРезервовПоСомнительнымДолгам: Проверка доступа на Чтение Не-Администраторами - &lt;test&gt;" time="0.031" status="passed"/>
			<testcase classname="Проверка чтения не-администраторами - &lt;test&gt;" name="Константа.ИспользоватьНесколькоКасс: Проверка доступа на Чтение Не-Администраторами - &lt;test&gt;" time="0.016" status="passed"/>
			<testcase classname="Проверка чтения не-администраторами - &lt;test&gt;" name="Справочник.ТОРО_ФункциональныеНаправления: Проверка доступа на Чтение Не-Администраторами - &lt;test&gt;" time="0.015" status="passed"/>
			<testcase classname="Проверка чтения не-администраторами - &lt;test&gt;" name="Константа.ИспользоватьОтчетВедомостьРасчетовМеждуОрганизациями: Проверка доступа на Чтение Не-Администраторами - &lt;test&gt;" time="0" status="passed"/>
			<testcase classname="Проверка чтения не-администраторами - &lt;test&gt;" name="РегистрСведений.РежимыПодключенияВнешнихМодулей: Проверка доступа на Чтение Не-Администраторами - &lt;test&gt;" time="0.031" status="passed"/>
			<testcase classname="Проверка чтения не-администраторами - &lt;test&gt;" name="Справочник.ШтрихкодыУпаковокТоваров: Проверка доступа на Чтение Не-Администраторами - &lt;test&gt;" time="0.016" status="passed"/>
			<testcase classname="Проверка чтения не-администраторами - &lt;test&gt;" name="РегистрСведений.РаспределениеПоТерриториямУсловиямТруда: Проверка доступа на Чтение Не-Администраторами - &lt;test&gt;" time="0" status="passed"/>
			<testcase classname="Проверка чтения не-администраторами - &lt;test&gt;" name="Документ.ОплатаДнейУходаЗаДетьмиИнвалидами: Проверка доступа на Чтение Не-Администраторами - &lt;test&gt;" time="0" status="passed"/>
			<testcase classname="Проверка чтения не-администраторами - &lt;test&gt;" name="Константа.ВестиОтдельнуюНумерациюСчетовФактурНаАвансы: Проверка доступа на Чтение Не-Администраторами - &lt;test&gt;" time="0" status="passed"/>
			<testcase classname="Проверка чтения не-администраторами - &lt;test&gt;" name="ПланВидовРасчета.Начисления: Проверка доступа на Чтение Не-Администраторами - &lt;test&gt;" time="0.016" status="passed"/>
			<testcase classname="Проверка чтения не-администраторами - &lt;test&gt;" name="Константа.ТОРО_ДатаВводаНачальныхОстатковПоПланамЗакупок: Проверка доступа на Чтение Не-Администраторами - &lt;test&gt;" time="0.015" status="passed"/>
			<testcase classname="Проверка чтения не-администраторами - &lt;test&gt;" name="РегистрСведений.СчетчикиВыгрузок: Проверка доступа на Чтение Не-Администраторами - &lt;test&gt;" time="0" status="passed"/>
			<testcase classname="Проверка чтения не-администраторами - &lt;test&gt;" name="Константа.ДатаНачалаУчетаВнеоборотныхАктивов2_4: Проверка доступа на Чтение Не-Администраторами - &lt;test&gt;" time="0" status="passed"/>
			<testcase classname="Проверка чтения не-администраторами - &lt;test&gt;" name="Справочник.ГИСМПрисоединенныеФайлы: Проверка доступа на Чтение Не-Администраторами - &lt;test&gt;" time="0" status="passed"/>
			<testcase classname="Проверка чтения не-администраторами - &lt;test&gt;" name="Документ.ТОРО_ВводЗначенийКоэффициентов: Проверка доступа на Чтение Не-Администраторами - &lt;test&gt;" time="0.031" status="passed"/>
			<testcase classname="Проверка чтения не-администраторами - &lt;test&gt;" name="РегистрСведений.СклоненияПредставленийОбъектов: Проверка доступа на Чтение Не-Администраторами - &lt;test&gt;" time="0.062" status="failure">
				<failure message="[Failed] Ожидали, что проверяемое значение (Ложь) является ИСТИНОЙ.
РегистрСведений.СклоненияПредставленийОбъектов недоступно для чтения ролями без привилегий
{ВнешняяОбработка.УтвержденияBDD.МодульОбъекта(293)}:	ВызватьИсключение Префикс + &quot; &quot; + СообщениеОшибки;
{ВнешняяОбработка.УтвержденияBDD.МодульОбъекта(46)}:		ВызватьОшибкуПроверки(СообщениеОшибки);
{ВнешняяОбработка.УтвержденияBDD.МодульОбъекта(53)}:	Возврат ЭтоИстина();
{ВнешняяОбработка.ПроверкаЧтенияНеАдминистраторами.МодульОбъекта(100)}:	Ожидаем.Что(ЧтениеДоступно, ПолноеИмяМетаданного + &quot; недоступно для чтения ролями без привилегий&quot;).ЕстьИстина();
{(1)}:КонтекстВыполнения.Тест_ПроверитьНеАдминистраторскиеПраваНаЧтение(Параметры[0],Параметры[1]);
{ВнешняяОбработка.xddTestRunner.МодульОбъекта(337)}:	Выполнить(ИcполняемыйКод);
{ВнешняяОбработка.xddTestRunner.МодульОбъекта(261)}:			ВыполнитьПроцедуруКонтекста(КонтекстВыполнения, ЭлементДереваТестов.ИмяМетода, ЭлементДереваТестов.Параметры);
{ВнешняяОбработка.xddTestRunner.Форма.УправляемаяФорма.Форма(913)}:	РезультатТестирования = ОбъектНаСервере.ВыполнитьТестовыйМетод(КонтекстВыполнения, ЭлементДереваТестов);
"/>
			</testcase>
			<testcase classname="Проверка чтения не-администраторами - &lt;test&gt;" name="Константа.СтоимостьТоваровПриОценкеРентабельностиПродажи: Проверка доступа на Чтение Не-Администраторами - &lt;test&gt;" time="0.015" status="passed"/>
			<testcase classname="Проверка чтения не-администраторами - &lt;test&gt;" name="Константа.НастройкиВходаПользователей: Проверка доступа на Чтение Не-Администраторами - &lt;test&gt;" time="0.016" status="passed"/>
			<testcase classname="Проверка чтения не-администраторами - &lt;test&gt;" name="Справочник.ТОРО_Калькуляции: Проверка доступа на Чтение Не-Администраторами - &lt;test&gt;" time="0.031" status="passed"/>
			<testcase classname="Проверка чтения не-администраторами - &lt;test&gt;" name="Константа.НомерЗаданияКФормированиюДвиженийПоОС: Проверка доступа на Чтение Не-Администраторами - &lt;test&gt;" time="0" status="passed"/>
			<testcase classname="Проверка чтения не-администраторами - &lt;test&gt;" name="РегистрСведений.ПараметрыОбменСБанками: Проверка доступа на Чтение Не-Администраторами - &lt;test&gt;" time="0.016" status="passed"/>
			<testcase classname="Проверка чтения не-администраторами - &lt;test&gt;" name="Документ.СправкиСПАРКРиски: Проверка доступа на Чтение Не-Администраторами - &lt;test&gt;" time="0.016" status="passed"/>
			<testcase classname="Проверка чтения не-администраторами - &lt;test&gt;" name="РегистрСведений.ТОРО_СоответствиеЗаказовИПланов: Проверка доступа на Чтение Не-Администраторами - &lt;test&gt;" time="0.015" status="passed"/>
			<testcase classname="Проверка чтения не-администраторами - &lt;test&gt;" name="Справочник.ПланОстатковПрисоединенныеФайлы: Проверка доступа на Чтение Не-Администраторами - &lt;test&gt;" time="0.015" status="passed"/>
			<testcase classname="Проверка чтения не-администраторами - &lt;test&gt;" name="РегистрНакопления.ТоварыКОформлениюТаможенныхДеклараций: Проверка доступа на Чтение Не-Администраторами - &lt;test&gt;" time="0.016" status="passed"/>
			<testcase classname="Проверка чтения не-администраторами - &lt;test&gt;" name="Константа.ИсточникСуммыДляПересчетаВВалютуФинОтчетности: Проверка доступа на Чтение Не-Администраторами - &lt;test&gt;" time="0" status="passed"/>
			<testcase classname="Проверка чтения не-администраторами - &lt;test&gt;" name="Константа.РеквизитыДоверенности: Проверка доступа на Чтение Не-Администраторами - &lt;test&gt;" time="0" status="passed"/>
			<testcase classname="Проверка чтения не-администраторами - &lt;test&gt;" name="Документ.ЧекККМ: Проверка доступа на Чтение Не-Администраторами - &lt;test&gt;" time="0.016" status="passed"/>
			<testcase classname="Проверка чтения не-администраторами - &lt;test&gt;" name="Константа.ИспользоватьПланированиеПоПроизводственнымРесурсам: Проверка доступа на Чтение Не-Администраторами - &lt;test&gt;" time="0" status="passed"/>
			<testcase classname="Проверка чтения не-администраторами - &lt;test&gt;" name="Документ.СписаниеБезналичныхДенежныхСредств: Проверка доступа на Чтение Не-Администраторами - &lt;test&gt;" time="0.016" status="passed"/>
			<testcase classname="Проверка чтения не-администраторами - &lt;test&gt;" name="Справочник.ТОРО_ГрафикиАвтоматическогоФайловогоОбмена: Проверка доступа на Чтение Не-Администраторами - &lt;test&gt;" time="0.031" status="passed"/>
			<testcase classname="Проверка чтения не-администраторами - &lt;test&gt;" name="Справочник.РолиКонтактныхЛицВСделкахИПроектах: Проверка доступа на Чтение Не-Администраторами - &lt;test&gt;" time="0.016" status="passed"/>
			<testcase classname="Проверка чтения не-администраторами - &lt;test&gt;" name="Документ.ИзменениеОплатыТруда: Проверка доступа на Чтение Не-Администраторами - &lt;test&gt;" time="0" status="passed"/>
			<testcase classname="Проверка чтения не-администраторами - &lt;test&gt;" name="Константа.ОграничиватьДоступНаУровнеЗаписейФизическиеЛица: Проверка доступа на Чтение Не-Администраторами - &lt;test&gt;" time="0" status="passed"/>
			<testcase classname="Проверка чтения не-администраторами - &lt;test&gt;" name="Константа.НомерЗаданияКОтражениюВБюджетировании: Проверка доступа на Чтение Не-Администраторами - &lt;test&gt;" time="0.016" status="passed"/>
			<testcase classname="Проверка чтения не-администраторами - &lt;test&gt;" name="Константа.ИспользоватьСделкиСКлиентами: Проверка доступа на Чтение Не-Администраторами - &lt;test&gt;" time="0" status="passed"/>
			<testcase classname="Проверка чтения не-администраторами - &lt;test&gt;" name="Документ.МаркировкаТоваровГИСМ: Проверка доступа на Чтение Не-Администраторами - &lt;test&gt;" time="0.016" status="passed"/>
			<testcase classname="Проверка чтения не-администраторами - &lt;test&gt;" name="РегистрСведений.НачисленияПодключаемыеХарактеристики: Проверка доступа на Чтение Не-Администраторами - &lt;test&gt;" time="0.015" status="passed"/>
			<testcase classname="Проверка чтения не-администраторами - &lt;test&gt;" name="ПланОбмена.СинхронизацияДанныхЧерезУниверсальныйФормат: Проверка доступа на Чтение Не-Администраторами - &lt;test&gt;" time="0.047" status="failure">
				<failure message="[Failed] Ожидали, что проверяемое значение (Ложь) является ИСТИНОЙ.
ПланОбмена.СинхронизацияДанныхЧерезУниверсальныйФормат недоступно для чтения ролями без привилегий
{ВнешняяОбработка.УтвержденияBDD.МодульОбъекта(293)}:	ВызватьИсключение Префикс + &quot; &quot; + СообщениеОшибки;
{ВнешняяОбработка.УтвержденияBDD.МодульОбъекта(46)}:		ВызватьОшибкуПроверки(СообщениеОшибки);
{ВнешняяОбработка.УтвержденияBDD.МодульОбъекта(53)}:	Возврат ЭтоИстина();
{ВнешняяОбработка.ПроверкаЧтенияНеАдминистраторами.МодульОбъекта(100)}:	Ожидаем.Что(ЧтениеДоступно, ПолноеИмяМетаданного + &quot; недоступно для чтения ролями без привилегий&quot;).ЕстьИстина();
{(1)}:КонтекстВыполнения.Тест_ПроверитьНеАдминистраторскиеПраваНаЧтение(Параметры[0],Параметры[1]);
{ВнешняяОбработка.xddTestRunner.МодульОбъекта(337)}:	Выполнить(ИcполняемыйКод);
{ВнешняяОбработка.xddTestRunner.МодульОбъекта(261)}:			ВыполнитьПроцедуруКонтекста(КонтекстВыполнения, ЭлементДереваТестов.ИмяМетода, ЭлементДереваТестов.Параметры);
{ВнешняяОбработка.xddTestRunner.Форма.УправляемаяФорма.Форма(913)}:	РезультатТестирования = ОбъектНаСервере.ВыполнитьТестовыйМетод(КонтекстВыполнения, ЭлементДереваТестов);
"/>
			</testcase>
			<testcase classname="Проверка чтения не-администраторами - &lt;test&gt;" name="РегистрСведений.РассчитанныеОтборыПоНовостям_ДляОбластиДанных: Проверка доступа на Чтение Не-Администраторами - &lt;test&gt;" time="0.016" status="passed"/>
			<testcase classname="Проверка чтения не-администраторами - &lt;test&gt;" name="Константа.ИспользоватьТоварыВПутиОтПоставщиков: Проверка доступа на Чтение Не-Администраторами - &lt;test&gt;" time="0" status="passed"/>
			<testcase classname="Проверка чтения не-администраторами - &lt;test&gt;" name="РегистрСведений.СохраненныеНастройкиОтчетов: Проверка доступа на Чтение Не-Администраторами - &lt;test&gt;" time="0.015" status="passed"/>
			<testcase classname="Проверка чтения не-администраторами - &lt;test&gt;" name="Справочник.ТОРО_ДополнительныеСведенияАССиОИ: Проверка доступа на Чтение Не-Администраторами - &lt;test&gt;" time="0.015" status="passed"/>
			<testcase classname="Проверка чтения не-администраторами - &lt;test&gt;" name="РегистрНакопления.УдалитьВыплатаОтпусковЗаСчетРезерва: Проверка доступа на Чтение Не-Администраторами - &lt;test&gt;" time="0.047" status="failure">
				<failure message="[Failed] Ожидали, что проверяемое значение (Ложь) является ИСТИНОЙ.
РегистрНакопления.УдалитьВыплатаОтпусковЗаСчетРезерва недоступно для чтения ролями без привилегий
{ВнешняяОбработка.УтвержденияBDD.МодульОбъекта(293)}:	ВызватьИсключение Префикс + &quot; &quot; + СообщениеОшибки;
{ВнешняяОбработка.УтвержденияBDD.МодульОбъекта(46)}:		ВызватьОшибкуПроверки(СообщениеОшибки);
{ВнешняяОбработка.УтвержденияBDD.МодульОбъекта(53)}:	Возврат ЭтоИстина();
{ВнешняяОбработка.ПроверкаЧтенияНеАдминистраторами.МодульОбъекта(100)}:	Ожидаем.Что(ЧтениеДоступно, ПолноеИмяМетаданного + &quot; недоступно для чтения ролями без привилегий&quot;).ЕстьИстина();
{(1)}:КонтекстВыполнения.Тест_ПроверитьНеАдминистраторскиеПраваНаЧтение(Параметры[0],Параметры[1]);
{ВнешняяОбработка.xddTestRunner.МодульОбъекта(337)}:	Выполнить(ИcполняемыйКод);
{ВнешняяОбработка.xddTestRunner.МодульОбъекта(261)}:			ВыполнитьПроцедуруКонтекста(КонтекстВыполнения, ЭлементДереваТестов.ИмяМетода, ЭлементДереваТестов.Параметры);
{ВнешняяОбработка.xddTestRunner.Форма.УправляемаяФорма.Форма(913)}:	РезультатТестирования = ОбъектНаСервере.ВыполнитьТестовыйМетод(КонтекстВыполнения, ЭлементДереваТестов);
"/>
			</testcase>
			<testcase classname="Проверка чтения не-администраторами - &lt;test&gt;" name="РегистрСведений.ПакетыАмортизацииОС: Проверка доступа на Чтение Не-Администраторами - &lt;test&gt;" time="0" status="passed"/>
			<testcase classname="Проверка чтения не-администраторами - &lt;test&gt;" name="РегистрСведений.НастройкиРасчетаЗарплатыРасширенный: Проверка доступа на Чтение Не-Администраторами - &lt;test&gt;" time="0" status="passed"/>
			<testcase classname="Проверка чтения не-администраторами - &lt;test&gt;" name="РегистрСведений.ТОРО_АналитикаКлючейДереваТехническихОбъектов: Проверка доступа на Чтение Не-Администраторами - &lt;test&gt;" time="0.016" status="passed"/>
			<testcase classname="Проверка чтения не-администраторами - &lt;test&gt;" name="Константа.ЗапретитьПоступлениеТоваровБезНомеровГТД: Проверка доступа на Чтение Не-Администраторами - &lt;test&gt;" time="0.016" status="passed"/>
			<testcase classname="Проверка чтения не-администраторами - &lt;test&gt;" name="Документ.УведомлениеОСписанииКиЗГИСМ: Проверка доступа на Чтение Не-Администраторами - &lt;test&gt;" time="0.016" status="passed"/>
			<testcase classname="Проверка чтения не-администраторами - &lt;test&gt;" name="Справочник.ТОРО_КорректировкаЗаказаНаТОиРПрисоединенныеФайлы: Проверка доступа на Чтение Не-Администраторами - &lt;test&gt;" time="0.016" status="passed"/>
			<testcase classname="Проверка чтения не-администраторами - &lt;test&gt;" name="Константа.ОтображатьВнеоборотныеАктивы2_2: Проверка доступа на Чтение Не-Администраторами - &lt;test&gt;" time="0" status="passed"/>
			<testcase classname="Проверка чтения не-администраторами - &lt;test&gt;" name="Документ.ВводНачальныхОстатковОтпусков: Проверка доступа на Чтение Не-Администраторами - &lt;test&gt;" time="0" status="passed"/>
			<testcase classname="Проверка чтения не-администраторами - &lt;test&gt;" name="РегистрСведений.НоменклатураКонтрагентовБЭД: Проверка доступа на Чтение Не-Администраторами - &lt;test&gt;" time="0.016" status="passed"/>
			<testcase classname="Проверка чтения не-администраторами - &lt;test&gt;" name="Справочник.ПередачаТоваровХранителюПрисоединенныеФайлы: Проверка доступа на Чтение Не-Администраторами - &lt;test&gt;" time="0.015" status="passed"/>
			<testcase classname="Проверка чтения не-администраторами - &lt;test&gt;" name="РегистрСведений.ПорядокОтраженияТМЦВЭксплуатации: Проверка доступа на Чтение Не-Администраторами - &lt;test&gt;" time="0" status="passed"/>
			<testcase classname="Проверка чтения не-администраторами - &lt;test&gt;" name="Документ.ОрдерНаОтражениеИзлишковТоваров: Проверка доступа на Чтение Не-Администраторами - &lt;test&gt;" time="0.015" status="passed"/>
			<testcase classname="Проверка чтения не-администраторами - &lt;test&gt;" name="РегистрНакопления.ДенежныеСредстваУПодотчетныхЛиц: Проверка доступа на Чтение Не-Администраторами - &lt;test&gt;" time="0.016" status="passed"/>
			<testcase classname="Проверка чтения не-администраторами - &lt;test&gt;" name="Справочник.ОбъектыСтроительства: Проверка доступа на Чтение Не-Администраторами - &lt;test&gt;" time="0.015" status="passed"/>
			<testcase classname="Проверка чтения не-администраторами - &lt;test&gt;" name="Константа.ИспользоватьДатыЗапретаИзменения: Проверка доступа на Чтение Не-Администраторами - &lt;test&gt;" time="0" status="passed"/>
			<testcase classname="Проверка чтения не-администраторами - &lt;test&gt;" name="Документ.ПачкаДокументовСЗВ_6_3: Проверка доступа на Чтение Не-Администраторами - &lt;test&gt;" time="0.015" status="passed"/>
			<testcase classname="Проверка чтения не-администраторами - &lt;test&gt;" name="Справочник.ТОРО_ЭтапыБизнесПроцессов: Проверка доступа на Чтение Не-Администраторами - &lt;test&gt;" time="0.015" status="passed"/>
			<testcase classname="Проверка чтения не-администраторами - &lt;test&gt;" name="РегистрСведений.ТОРО_СообщенияЦАД: Проверка доступа на Чтение Не-Администраторами - &lt;test&gt;" time="0.031" status="passed"/>
			<testcase classname="Проверка чтения не-администраторами - &lt;test&gt;" name="Документ.РегистраторРасчетов: Проверка доступа на Чтение Не-Администраторами - &lt;test&gt;" time="0.063" status="failure">
				<failure message="[Failed] Ожидали, что проверяемое значение (Ложь) является ИСТИНОЙ.
Документ.РегистраторРасчетов недоступно для чтения ролями без привилегий
{ВнешняяОбработка.УтвержденияBDD.МодульОбъекта(293)}:	ВызватьИсключение Префикс + &quot; &quot; + СообщениеОшибки;
{ВнешняяОбработка.УтвержденияBDD.МодульОбъекта(46)}:		ВызватьОшибкуПроверки(СообщениеОшибки);
{ВнешняяОбработка.УтвержденияBDD.МодульОбъекта(53)}:	Возврат ЭтоИстина();
{ВнешняяОбработка.ПроверкаЧтенияНеАдминистраторами.МодульОбъекта(100)}:	Ожидаем.Что(ЧтениеДоступно, ПолноеИмяМетаданного + &quot; недоступно для чтения ролями без привилегий&quot;).ЕстьИстина();
{(1)}:КонтекстВыполнения.Тест_ПроверитьНеАдминистраторскиеПраваНаЧтение(Параметры[0],Параметры[1]);
{ВнешняяОбработка.xddTestRunner.МодульОбъекта(337)}:	Выполнить(ИcполняемыйКод);
{ВнешняяОбработка.xddTestRunner.МодульОбъекта(261)}:			ВыполнитьПроцедуруКонтекста(КонтекстВыполнения, ЭлементДереваТестов.ИмяМетода, ЭлементДереваТестов.Параметры);
{ВнешняяОбработка.xddTestRunner.Форма.УправляемаяФорма.Форма(913)}:	РезультатТестирования = ОбъектНаСервере.ВыполнитьТестовыйМетод(КонтекстВыполнения, ЭлементДереваТестов);
"/>
			</testcase>
			<testcase classname="Проверка чтения не-администраторами - &lt;test&gt;" name="Справочник.ЗоныДоставки: Проверка доступа на Чтение Не-Администраторами - &lt;test&gt;" time="0.016" status="passed"/>
			<testcase classname="Проверка чтения не-администраторами - &lt;test&gt;" name="РегистрСведений.СтатистикаСделокСКлиентами: Проверка доступа на Чтение Не-Администраторами - &lt;test&gt;" time="0" status="passed"/>
			<testcase classname="Проверка чтения не-администраторами - &lt;test&gt;" name="Константа.ИспользоватьСборкуРазборку: Проверка доступа на Чтение Не-Администраторами - &lt;test&gt;" time="0.015" status="passed"/>
			<testcase classname="Проверка чтения не-администраторами - &lt;test&gt;" name="Константа.РежимИспользованияИнформационнойБазы: Проверка доступа на Чтение Не-Администраторами - &lt;test&gt;" time="0" status="passed"/>
			<testcase classname="Проверка чтения не-администраторами - &lt;test&gt;" name="РегистрСведений.ИсторияИзмененияФорматовМагазинов: Проверка доступа на Чтение Не-Администраторами - &lt;test&gt;" time="0" status="passed"/>
			<testcase classname="Проверка чтения не-администраторами - &lt;test&gt;" name="Справочник.ТОРО_МероприятияПоУстранениюПричинДефектов: Проверка доступа на Чтение Не-Администраторами - &lt;test&gt;" time="0.016" status="passed"/>
			<testcase classname="Проверка чтения не-администраторами - &lt;test&gt;" name="Константа.ИспользоватьРеглУчет: Проверка доступа на Чтение Не-Администраторами - &lt;test&gt;" time="0" status="passed"/>
			<testcase classname="Проверка чтения не-администраторами - &lt;test&gt;" name="Справочник.ЭтапыПодготовкиБюджетов: Проверка доступа на Чтение Не-Администраторами - &lt;test&gt;" time="0.016" status="passed"/>
			<testcase classname="Проверка чтения не-администраторами - &lt;test&gt;" name="Документ.ТОРО_ЗаявкаНаИзменениеНСИ: Проверка доступа на Чтение Не-Администраторами - &lt;test&gt;" time="0.016" status="passed"/>
			<testcase classname="Проверка чтения не-администраторами - &lt;test&gt;" name="Константа.ИспользоватьКомиссиюПриПродажах: Проверка доступа на Чтение Не-Администраторами - &lt;test&gt;" time="0" status="passed"/>
			<testcase classname="Проверка чтения не-администраторами - &lt;test&gt;" name="Справочник.КлючиДоступа: Проверка доступа на Чтение Не-Администраторами - &lt;test&gt;" time="0.016" status="passed"/>
			<testcase classname="Проверка чтения не-администраторами - &lt;test&gt;" name="Документ.ЗаказНаРемонт: Проверка доступа на Чтение Не-Администраторами - &lt;test&gt;" time="0" status="passed"/>
			<testcase classname="Проверка чтения не-администраторами - &lt;test&gt;" name="РегистрСведений.УдалитьОчередьЗаданий: Проверка доступа на Чтение Не-Администраторами - &lt;test&gt;" time="0.047" status="passed"/>
			<testcase classname="Проверка чтения не-администраторами - &lt;test&gt;" name="Документ.ПеремещениеВЭксплуатации: Проверка доступа на Чтение Не-Администраторами - &lt;test&gt;" time="0" status="passed"/>
			<testcase classname="Проверка чтения не-администраторами - &lt;test&gt;" name="Справочник.ТиповыеОперацииМеждународныйУчет: Проверка доступа на Чтение Не-Администраторами - &lt;test&gt;" time="0.015" status="passed"/>
			<testcase classname="Проверка чтения не-администраторами - &lt;test&gt;" name="РегистрСведений.АналитикаУчетаНоменклатуры: Проверка доступа на Чтение Не-Администраторами - &lt;test&gt;" time="0" status="passed"/>
			<testcase classname="Проверка чтения не-администраторами - &lt;test&gt;" name="Справочник.ПакетЭДПрисоединенныеФайлы: Проверка доступа на Чтение Не-Администраторами - &lt;test&gt;" time="0.016" status="passed"/>
			<testcase classname="Проверка чтения не-администраторами - &lt;test&gt;" name="Справочник.ВидыКартЛояльности: Проверка доступа на Чтение Не-Администраторами - &lt;test&gt;" time="0" status="passed"/>
			<testcase classname="Проверка чтения не-администраторами - &lt;test&gt;" name="Справочник.ТОРО_ВидыПрисоединенныхФайлов: Проверка доступа на Чтение Не-Администраторами - &lt;test&gt;" time="0.015" status="passed"/>
			<testcase classname="Проверка чтения не-администраторами - &lt;test&gt;" name="Документ.ПередачаТоваровХранителю: Проверка доступа на Чтение Не-Администраторами - &lt;test&gt;" time="0" status="passed"/>
			<testcase classname="Проверка чтения не-администраторами - &lt;test&gt;" name="Документ.ИндексацияЗаработка: Проверка доступа на Чтение Не-Администраторами - &lt;test&gt;" time="0" status="passed"/>
			<testcase classname="Проверка чтения не-администраторами - &lt;test&gt;" name="РегистрСведений.НастройкиВоинскогоУчета: Проверка доступа на Чтение Не-Администраторами - &lt;test&gt;" time="0.016" status="passed"/>
			<testcase classname="Проверка чтения не-администраторами - &lt;test&gt;" name="РегистрСведений.ПараметрыЦелевогоФинансированияНМА: Проверка доступа на Чтение Не-Администраторами - &lt;test&gt;" time="0.016" status="passed"/>
			<testcase classname="Проверка чтения не-администраторами - &lt;test&gt;" name="Константа.ДатаНачалаПримененияПриказа126н: Проверка доступа на Чтение Не-Администраторами - &lt;test&gt;" time="0" status="passed"/>
			<testcase classname="Проверка чтения не-администраторами - &lt;test&gt;" name="Справочник.КартыЛояльности: Проверка доступа на Чтение Не-Администраторами - &lt;test&gt;" time="0" status="passed"/>
			<testcase classname="Проверка чтения не-администраторами - &lt;test&gt;" name="РегистрСведений.ТерриториальныеУсловияПФР: Проверка доступа на Чтение Не-Администраторами - &lt;test&gt;" time="0" status="passed"/>
			<testcase classname="Проверка чтения не-администраторами - &lt;test&gt;" name="Справочник.СхемыОбеспечения: Проверка доступа на Чтение Не-Администраторами - &lt;test&gt;" time="0.016" status="passed"/>
			<testcase classname="Проверка чтения не-администраторами - &lt;test&gt;" name="РегистрСведений.СведенияРеглОтчетАлкоПрил15Производство: Проверка доступа на Чтение Не-Администраторами - &lt;test&gt;" time="0" status="passed"/>
			<testcase classname="Проверка чтения не-администраторами - &lt;test&gt;" name="Справочник.ПрофессииРабочих: Проверка доступа на Чтение Не-Администраторами - &lt;test&gt;" time="0" status="passed"/>
			<testcase classname="Проверка чтения не-администраторами - &lt;test&gt;" name="Константа.АдресСервисаНовостей: Проверка доступа на Чтение Не-Администраторами - &lt;test&gt;" time="0" status="passed"/>
			<testcase classname="Проверка чтения не-администраторами - &lt;test&gt;" name="Справочник.ГруппыДоступаВидовБюджетов: Проверка доступа на Чтение Не-Администраторами - &lt;test&gt;" time="0.016" status="passed"/>
			<testcase classname="Проверка чтения не-администраторами - &lt;test&gt;" name="Справочник.ТОРО_ЗаявкаНаУточнениеПараметровТСПрисоединенныеФайлы: Проверка доступа на Чтение Не-Администраторами - &lt;test&gt;" time="0.015" status="passed"/>
			<testcase classname="Проверка чтения не-администраторами - &lt;test&gt;" name="РегистрСведений.НастройкиПользователейБИП: Проверка доступа на Чтение Не-Администраторами - &lt;test&gt;" time="0.016" status="passed"/>
			<testcase classname="Проверка чтения не-администраторами - &lt;test&gt;" name="Справочник.ТОРО_МакетыРасчетаИТС: Проверка доступа на Чтение Не-Администраторами - &lt;test&gt;" time="0.031" status="passed"/>
			<testcase classname="Проверка чтения не-администраторами - &lt;test&gt;" name="Константа.НомерЗаданияКЗакрытиюМесяца: Проверка доступа на Чтение Не-Администраторами - &lt;test&gt;" time="0" status="passed"/>
			<testcase classname="Проверка чтения не-администраторами - &lt;test&gt;" name="Константа.ПараметрыБлокировкиРаботыСВнешнимиРесурсами: Проверка доступа на Чтение Не-Администраторами - &lt;test&gt;" time="0.016" status="passed"/>
			<testcase classname="Проверка чтения не-администраторами - &lt;test&gt;" name="Документ.КорректировкаОбособленногоУчетаЗапасов: Проверка доступа на Чтение Не-Администраторами - &lt;test&gt;" time="0" status="passed"/>
			<testcase classname="Проверка чтения не-администраторами - &lt;test&gt;" name="Документ.ПереносЗатратНаПерсоналМеждуСтатьями: Проверка доступа на Чтение Не-Администраторами - &lt;test&gt;" time="0.015" status="passed"/>
			<testcase classname="Проверка чтения не-администраторами - &lt;test&gt;" name="Документ.ТОРО_АварийныйЗапас: Проверка доступа на Чтение Не-Администраторами - &lt;test&gt;" time="0.016" status="passed"/>
			<testcase classname="Проверка чтения не-администраторами - &lt;test&gt;" name="РегистрНакопления.КнигаУчетаДоходовИРасходовРаздел2: Проверка доступа на Чтение Не-Администраторами - &lt;test&gt;" time="0" status="passed"/>
			<testcase classname="Проверка чтения не-администраторами - &lt;test&gt;" name="РегистрНакопления.ПартииЗатратНаВыпуск: Проверка доступа на Чтение Не-Администраторами - &lt;test&gt;" time="0.032" status="passed"/>
			<testcase classname="Проверка чтения не-администраторами - &lt;test&gt;" name="Справочник.ВидыСправок: Проверка доступа на Чтение Не-Администраторами - &lt;test&gt;" time="0" status="passed"/>
			<testcase classname="Проверка чтения не-администраторами - &lt;test&gt;" name="Константа.СообщениеБлокировкиПриОбновленииКонфигурации: Проверка доступа на Чтение Не-Администраторами - &lt;test&gt;" time="0" status="passed"/>
			<testcase classname="Проверка чтения не-администраторами - &lt;test&gt;" name="Справочник.СоглашенияСКлиентами: Проверка доступа на Чтение Не-Администраторами - &lt;test&gt;" time="0.015" status="passed"/>
			<testcase classname="Проверка чтения не-администраторами - &lt;test&gt;" name="Документ.АннулированиеПодарочныхСертификатов: Проверка доступа на Чтение Не-Администраторами - &lt;test&gt;" time="0" status="passed"/>
			<testcase classname="Проверка чтения не-администраторами - &lt;test&gt;" name="РегистрСведений.СтатусыОтправки: Проверка доступа на Чтение Не-Администраторами - &lt;test&gt;" time="0" status="passed"/>
			<testcase classname="Проверка чтения не-администраторами - &lt;test&gt;" name="Константа.НомерЗаданияКФормированиюДвиженийПоНМА: Проверка доступа на Чтение Не-Администраторами - &lt;test&gt;" time="0" status="passed"/>
			<testcase classname="Проверка чтения не-администраторами - &lt;test&gt;" name="РегистрСведений.СведенияРеглОтчетАлкоЖурнал: Проверка доступа на Чтение Не-Администраторами - &lt;test&gt;" time="0" status="passed"/>
			<testcase classname="Проверка чтения не-администраторами - &lt;test&gt;" name="Справочник.ГруппыНМАМеждународныйУчет: Проверка доступа на Чтение Не-Администраторами - &lt;test&gt;" time="0.016" status="passed"/>
			<testcase classname="Проверка чтения не-администраторами - &lt;test&gt;" name="РегистрСведений.ПакетыДляОтправки: Проверка доступа на Чтение Не-Администраторами - &lt;test&gt;" time="0.032" status="passed"/>
			<testcase classname="Проверка чтения не-администраторами - &lt;test&gt;" name="РегистрСведений.ДатыЗапретаИзменения: Проверка доступа на Чтение Не-Администраторами - &lt;test&gt;" time="0" status="passed"/>
			<testcase classname="Проверка чтения не-администраторами - &lt;test&gt;" name="РегистрСведений.ЗначенияРазовыхПоказателейРасчетаЗарплатыПодразделений: Проверка доступа на Чтение Не-Администраторами - &lt;test&gt;" time="0" status="passed"/>
			<testcase classname="Проверка чтения не-администраторами - &lt;test&gt;" name="РегистрНакопления.ДвиженияНоменклатураНоменклатура: Проверка доступа на Чтение Не-Администраторами - &lt;test&gt;" time="0.015" status="passed"/>
			<testcase classname="Проверка чтения не-администраторами - &lt;test&gt;" name="РегистрНакопления.ТоварыОрганизацийКПередаче: Проверка доступа на Чтение Не-Администраторами - &lt;test&gt;" time="0.031" status="passed"/>
			<testcase classname="Проверка чтения не-администраторами - &lt;test&gt;" name="Справочник.НастройкиПродажДляПользователей: Проверка доступа на Чтение Не-Администраторами - &lt;test&gt;" time="0" status="passed"/>
			<testcase classname="Проверка чтения не-администраторами - &lt;test&gt;" name="РегистрСведений.ТОРО_ИсключенияЕОИзРасчетаИТС: Проверка доступа на Чтение Не-Администраторами - &lt;test&gt;" time="0.016" status="passed"/>
			<testcase classname="Проверка чтения не-администраторами - &lt;test&gt;" name="Справочник.СделкиСКлиентами: Проверка доступа на Чтение Не-Администраторами - &lt;test&gt;" time="0" status="passed"/>
			<testcase classname="Проверка чтения не-администраторами - &lt;test&gt;" name="РегистрСведений.ОтветыНаЗапросыИОН: Проверка доступа на Чтение Не-Администраторами - &lt;test&gt;" time="0.031" status="passed"/>
			<testcase classname="Проверка чтения не-администраторами - &lt;test&gt;" name="Справочник.УдалитьВидыОтправляемыхДокументов: Проверка доступа на Чтение Не-Администраторами - &lt;test&gt;" time="0.047" status="failure">
				<failure message="[Failed] Ожидали, что проверяемое значение (Ложь) является ИСТИНОЙ.
Справочник.УдалитьВидыОтправляемыхДокументов недоступно для чтения ролями без привилегий
{ВнешняяОбработка.УтвержденияBDD.МодульОбъекта(293)}:	ВызватьИсключение Префикс + &quot; &quot; + СообщениеОшибки;
{ВнешняяОбработка.УтвержденияBDD.МодульОбъекта(46)}:		ВызватьОшибкуПроверки(СообщениеОшибки);
{ВнешняяОбработка.УтвержденияBDD.МодульОбъекта(53)}:	Возврат ЭтоИстина();
{ВнешняяОбработка.ПроверкаЧтенияНеАдминистраторами.МодульОбъекта(100)}:	Ожидаем.Что(ЧтениеДоступно, ПолноеИмяМетаданного + &quot; недоступно для чтения ролями без привилегий&quot;).ЕстьИстина();
{(1)}:КонтекстВыполнения.Тест_ПроверитьНеАдминистраторскиеПраваНаЧтение(Параметры[0],Параметры[1]);
{ВнешняяОбработка.xddTestRunner.МодульОбъекта(337)}:	Выполнить(ИcполняемыйКод);
{ВнешняяОбработка.xddTestRunner.МодульОбъекта(261)}:			ВыполнитьПроцедуруКонтекста(КонтекстВыполнения, ЭлементДереваТестов.ИмяМетода, ЭлементДереваТестов.Параметры);
{ВнешняяОбработка.xddTestRunner.Форма.УправляемаяФорма.Форма(913)}:	РезультатТестирования = ОбъектНаСервере.ВыполнитьТестовыйМетод(КонтекстВыполнения, ЭлементДереваТестов);
"/>
			</testcase>
			<testcase classname="Проверка чтения не-администраторами - &lt;test&gt;" name="Документ.ЗаказКлиента: Проверка доступа на Чтение Не-Администраторами - &lt;test&gt;" time="0.015" status="passed"/>
			<testcase classname="Проверка чтения не-администраторами - &lt;test&gt;" name="Справочник.ТранспортноеСообщениеПрисоединенныеФайлы: Проверка доступа на Чтение Не-Администраторами - &lt;test&gt;" time="0.015" status="passed"/>
			<testcase classname="Проверка чтения не-администраторами - &lt;test&gt;" name="РегистрСведений.УченыеСтепениФизическихЛиц: Проверка доступа на Чтение Не-Администраторами - &lt;test&gt;" time="0" status="passed"/>
			<testcase classname="Проверка чтения не-администраторами - &lt;test&gt;" name="РегистрСведений.ТОРО_ОбъектыДляПодачиЗаявки: Проверка доступа на Чтение Не-Администраторами - &lt;test&gt;" time="0.015" status="passed"/>
			<testcase classname="Проверка чтения не-администраторами - &lt;test&gt;" name="Справочник.ТОРО_СтратегииТОиР: Проверка доступа на Чтение Не-Администраторами - &lt;test&gt;" time="0.016" status="passed"/>
			<testcase classname="Проверка чтения не-администраторами - &lt;test&gt;" name="РегистрНакопления.РасчетыСПоставщикамиПланПоставок: Проверка доступа на Чтение Не-Администраторами - &lt;test&gt;" time="0.031" status="passed"/>
			<testcase classname="Проверка чтения не-администраторами - &lt;test&gt;" name="Справочник.ГрафикиОплаты: Проверка доступа на Чтение Не-Администраторами - &lt;test&gt;" time="0" status="passed"/>
			<testcase classname="Проверка чтения не-администраторами - &lt;test&gt;" name="РегистрСведений.ПараметрыМежоперационныхПереходов: Проверка доступа на Чтение Не-Администраторами - &lt;test&gt;" time="0" status="passed"/>
			<testcase classname="Проверка чтения не-администраторами - &lt;test&gt;" name="Справочник.УчетныеПолитики: Проверка доступа на Чтение Не-Администраторами - &lt;test&gt;" time="0.016" status="passed"/>
			<testcase classname="Проверка чтения не-администраторами - &lt;test&gt;" name="Документ.СчетФактураНалоговыйАгент: Проверка доступа на Чтение Не-Администраторами - &lt;test&gt;" time="0.016" status="passed"/>
			<testcase classname="Проверка чтения не-администраторами - &lt;test&gt;" name="Справочник.СтепениЗнанияЯзыка: Проверка доступа на Чтение Не-Администраторами - &lt;test&gt;" time="0" status="passed"/>
			<testcase classname="Проверка чтения не-администраторами - &lt;test&gt;" name="Документ.ОграничениеВзысканий: Проверка доступа на Чтение Не-Администраторами - &lt;test&gt;" time="0" status="passed"/>
			<testcase classname="Проверка чтения не-администраторами - &lt;test&gt;" name="Справочник.УдалитьВидыНалоговыхОрганов: Проверка доступа на Чтение Не-Администраторами - &lt;test&gt;" time="0.062" status="failure">
				<failure message="[Failed] Ожидали, что проверяемое значение (Ложь) является ИСТИНОЙ.
Справочник.УдалитьВидыНалоговыхОрганов недоступно для чтения ролями без привилегий
{ВнешняяОбработка.УтвержденияBDD.МодульОбъекта(293)}:	ВызватьИсключение Префикс + &quot; &quot; + СообщениеОшибки;
{ВнешняяОбработка.УтвержденияBDD.МодульОбъекта(46)}:		ВызватьОшибкуПроверки(СообщениеОшибки);
{ВнешняяОбработка.УтвержденияBDD.МодульОбъекта(53)}:	Возврат ЭтоИстина();
{ВнешняяОбработка.ПроверкаЧтенияНеАдминистраторами.МодульОбъекта(100)}:	Ожидаем.Что(ЧтениеДоступно, ПолноеИмяМетаданного + &quot; недоступно для чтения ролями без привилегий&quot;).ЕстьИстина();
{(1)}:КонтекстВыполнения.Тест_ПроверитьНеАдминистраторскиеПраваНаЧтение(Параметры[0],Параметры[1]);
{ВнешняяОбработка.xddTestRunner.МодульОбъекта(337)}:	Выполнить(ИcполняемыйКод);
{ВнешняяОбработка.xddTestRunner.МодульОбъекта(261)}:			ВыполнитьПроцедуруКонтекста(КонтекстВыполнения, ЭлементДереваТестов.ИмяМетода, ЭлементДереваТестов.Параметры);
{ВнешняяОбработка.xddTestRunner.Форма.УправляемаяФорма.Форма(913)}:	РезультатТестирования = ОбъектНаСервере.ВыполнитьТестовыйМетод(КонтекстВыполнения, ЭлементДереваТестов);
"/>
			</testcase>
			<testcase classname="Проверка чтения не-администраторами - &lt;test&gt;" name="Документ.ПереоценкаНМА: Проверка доступа на Чтение Не-Администраторами - &lt;test&gt;" time="0.016" status="passed"/>
			<testcase classname="Проверка чтения не-администраторами - &lt;test&gt;" name="РегистрСведений.МинимальнаяОплатаТрудаРФ: Проверка доступа на Чтение Не-Администраторами - &lt;test&gt;" time="0" status="passed"/>
			<testcase classname="Проверка чтения не-администраторами - &lt;test&gt;" name="РегистрСведений.НеобходимыеКорректировкиСтажаПФР: Проверка доступа на Чтение Не-Администраторами - &lt;test&gt;" time="0.016" status="passed"/>
			<testcase classname="Проверка чтения не-администраторами - &lt;test&gt;" name="Справочник.НаправленияИспользованияПрибыли: Проверка доступа на Чтение Не-Администраторами - &lt;test&gt;" time="0" status="passed"/>
			<testcase classname="Проверка чтения не-администраторами - &lt;test&gt;" name="РегистрСведений.РасчетСтоимостиНалоговыхАктивовИОбязательств: Проверка доступа на Чтение Не-Администраторами - &lt;test&gt;" time="0.015" status="passed"/>
			<testcase classname="Проверка чтения не-администраторами - &lt;test&gt;" name="РегистрСведений.ПрименениеСтандартныхВычетовПоНДФЛИспр: Проверка доступа на Чтение Не-Администраторами - &lt;test&gt;" time="0.046" status="failure">
				<failure message="[Failed] Ожидали, что проверяемое значение (Ложь) является ИСТИНОЙ.
РегистрСведений.ПрименениеСтандартныхВычетовПоНДФЛИспр недоступно для чтения ролями без привилегий
{ВнешняяОбработка.УтвержденияBDD.МодульОбъекта(293)}:	ВызватьИсключение Префикс + &quot; &quot; + СообщениеОшибки;
{ВнешняяОбработка.УтвержденияBDD.МодульОбъекта(46)}:		ВызватьОшибкуПроверки(СообщениеОшибки);
{ВнешняяОбработка.УтвержденияBDD.МодульОбъекта(53)}:	Возврат ЭтоИстина();
{ВнешняяОбработка.ПроверкаЧтенияНеАдминистраторами.МодульОбъекта(100)}:	Ожидаем.Что(ЧтениеДоступно, ПолноеИмяМетаданного + &quot; недоступно для чтения ролями без привилегий&quot;).ЕстьИстина();
{(1)}:КонтекстВыполнения.Тест_ПроверитьНеАдминистраторскиеПраваНаЧтение(Параметры[0],Параметры[1]);
{ВнешняяОбработка.xddTestRunner.МодульОбъекта(337)}:	Выполнить(ИcполняемыйКод);
{ВнешняяОбработка.xddTestRunner.МодульОбъекта(261)}:			ВыполнитьПроцедуруКонтекста(КонтекстВыполнения, ЭлементДереваТестов.ИмяМетода, ЭлементДереваТестов.Параметры);
{ВнешняяОбработка.xddTestRunner.Форма.УправляемаяФорма.Форма(913)}:	РезультатТестирования = ОбъектНаСервере.ВыполнитьТестовыйМетод(КонтекстВыполнения, ЭлементДереваТестов);
"/>
			</testcase>
			<testcase classname="Проверка чтения не-администраторами - &lt;test&gt;" name="Документ.КадровыйПереводСписком: Проверка доступа на Чтение Не-Администраторами - &lt;test&gt;" time="0" status="passed"/>
			<testcase classname="Проверка чтения не-администраторами - &lt;test&gt;" name="РегистрСведений.РасчетРезерваОтпусков: Проверка доступа на Чтение Не-Администраторами - &lt;test&gt;" time="0" status="passed"/>
			<testcase classname="Проверка чтения не-администраторами - &lt;test&gt;" name="Справочник.ТОРО_ТехнологическиеОперации: Проверка доступа на Чтение Не-Администраторами - &lt;test&gt;" time="0.015" status="passed"/>
			<testcase classname="Проверка чтения не-администраторами - &lt;test&gt;" name="РегистрСведений.ТОРО_НастройкиВидовВоздействий: Проверка доступа на Чтение Не-Администраторами - &lt;test&gt;" time="0.016" status="passed"/>
			<testcase classname="Проверка чтения не-администраторами - &lt;test&gt;" name="РегистрНакопления.ФактическиеДанныеБюджетирования: Проверка доступа на Чтение Не-Администраторами - &lt;test&gt;" time="0.032" status="passed"/>
			<testcase classname="Проверка чтения не-администраторами - &lt;test&gt;" name="РегистрСведений.ТранспортныеКонтейнеры: Проверка доступа на Чтение Не-Администраторами - &lt;test&gt;" time="0.015" status="passed"/>
			<testcase classname="Проверка чтения не-администраторами - &lt;test&gt;" name="Документ.ОприходованиеИзлишковТоваров: Проверка доступа на Чтение Не-Администраторами - &lt;test&gt;" time="0" status="passed"/>
			<testcase classname="Проверка чтения не-администраторами - &lt;test&gt;" name="Справочник.ИдентификаторыОбъектовМетаданных: Проверка доступа на Чтение Не-Администраторами - &lt;test&gt;" time="0" status="passed"/>
			<testcase classname="Проверка чтения не-администраторами - &lt;test&gt;" name="РегистрСведений.ГрафикОплатКредитовИДепозитов: Проверка доступа на Чтение Не-Администраторами - &lt;test&gt;" time="0.015" status="passed"/>
			<testcase classname="Проверка чтения не-администраторами - &lt;test&gt;" name="Константа.ЗаголовокСистемы: Проверка доступа на Чтение Не-Администраторами - &lt;test&gt;" time="0.015" status="passed"/>
			<testcase classname="Проверка чтения не-администраторами - &lt;test&gt;" name="Константа.ИспользоватьКомиссиюПриЗакупкахБазовая: Проверка доступа на Чтение Не-Администраторами - &lt;test&gt;" time="0" status="passed"/>
			<testcase classname="Проверка чтения не-администраторами - &lt;test&gt;" name="РегистрСведений.ТОРО_НижниеУзлыИерархииРИС: Проверка доступа на Чтение Не-Администраторами - &lt;test&gt;" time="0.015" status="passed"/>
			<testcase classname="Проверка чтения не-администраторами - &lt;test&gt;" name="РегистрСведений.ПравилаОтраженияВМеждународномУчете: Проверка доступа на Чтение Не-Администраторами - &lt;test&gt;" time="0.015" status="passed"/>
			<testcase classname="Проверка чтения не-администраторами - &lt;test&gt;" name="РегистрСведений.ОперацииМаршрутовПроизводства: Проверка доступа на Чтение Не-Администраторами - &lt;test&gt;" time="0.016" status="passed"/>
			<testcase classname="Проверка чтения не-администраторами - &lt;test&gt;" name="Документ.ЗаявлениеИЗапросВПФРОЗаработке: Проверка доступа на Чтение Не-Администраторами - &lt;test&gt;" time="0" status="passed"/>
			<testcase classname="Проверка чтения не-администраторами - &lt;test&gt;" name="Документ.ВедомостьПрочихДоходовВБанк: Проверка доступа на Чтение Не-Администраторами - &lt;test&gt;" time="0" status="passed"/>
			<testcase classname="Проверка чтения не-администраторами - &lt;test&gt;" name="Константа.ИспользоватьРолиПартнеровИКонтактныхЛицВСделкахИПроектах: Проверка доступа на Чтение Не-Администраторами - &lt;test&gt;" time="0" status="passed"/>
			<testcase classname="Проверка чтения не-администраторами - &lt;test&gt;" name="Справочник.ОтражениеРасхожденийПриИнкассацииДенежныхСредствПрисоединенныеФайлы: Проверка доступа на Чтение Не-Администраторами - &lt;test&gt;" time="0" status="passed"/>
			<testcase classname="Проверка чтения не-администраторами - &lt;test&gt;" name="Справочник.ПересчетТоваровПрисоединенныеФайлы: Проверка доступа на Чтение Не-Администраторами - &lt;test&gt;" time="0.016" status="passed"/>
			<testcase classname="Проверка чтения не-администраторами - &lt;test&gt;" name="Константа.ЗапрещатьЗагрузкуФайловПоРасширению: Проверка доступа на Чтение Не-Администраторами - &lt;test&gt;" time="0" status="passed"/>
			<testcase classname="Проверка чтения не-администраторами - &lt;test&gt;" name="РегистрСведений.ФизическиеЛицаДокументов: Проверка доступа на Чтение Не-Администраторами - &lt;test&gt;" time="0" status="passed"/>
			<testcase classname="Проверка чтения не-администраторами - &lt;test&gt;" name="Справочник.ВозвратТоваровПоставщикуПрисоединенныеФайлы: Проверка доступа на Чтение Не-Администраторами - &lt;test&gt;" time="0" status="passed"/>
			<testcase classname="Проверка чтения не-администраторами - &lt;test&gt;" name="РегистрСведений.СтоимостьТоваров: Проверка доступа на Чтение Не-Администраторами - &lt;test&gt;" time="0.031" status="passed"/>
			<testcase classname="Проверка чтения не-администраторами - &lt;test&gt;" name="РегистрСведений.ОрганизацииБизнесСеть: Проверка доступа на Чтение Не-Администраторами - &lt;test&gt;" time="0.015" status="passed"/>
			<testcase classname="Проверка чтения не-администраторами - &lt;test&gt;" name="Документ.АктОРасхожденияхПослеПеремещения: Проверка доступа на Чтение Не-Администраторами - &lt;test&gt;" time="0.015" status="passed"/>
			<testcase classname="Проверка чтения не-администраторами - &lt;test&gt;" name="Документ.ИзменениеГрафикаРаботыСписком: Проверка доступа на Чтение Не-Администраторами - &lt;test&gt;" time="0" status="passed"/>
			<testcase classname="Проверка чтения не-администраторами - &lt;test&gt;" name="Документ.ВедомостьНаВыплатуЗарплатыРаздатчиком: Проверка доступа на Чтение Не-Администраторами - &lt;test&gt;" time="0" status="passed"/>
			<testcase classname="Проверка чтения не-администраторами - &lt;test&gt;" name="Константа.ПериодABCКлассификацииНоменклатуры: Проверка доступа на Чтение Не-Администраторами - &lt;test&gt;" time="0" status="passed"/>
			<testcase classname="Проверка чтения не-администраторами - &lt;test&gt;" name="РегистрСведений.ВзаимозависимыеЛица: Проверка доступа на Чтение Не-Администраторами - &lt;test&gt;" time="0" status="passed"/>
			<testcase classname="Проверка чтения не-администраторами - &lt;test&gt;" name="Документ.УстановкаЗначенийНаработки: Проверка доступа на Чтение Не-Администраторами - &lt;test&gt;" time="0.016" status="passed"/>
			<testcase classname="Проверка чтения не-администраторами - &lt;test&gt;" name="Константа.НеИспользоватьНесколькоСкладов: Проверка доступа на Чтение Не-Администраторами - &lt;test&gt;" time="0" status="passed"/>
			<testcase classname="Проверка чтения не-администраторами - &lt;test&gt;" name="Справочник.ТЦУправлениеТестом: Проверка доступа на Чтение Не-Администраторами - &lt;test&gt;" time="0.015" status="passed"/>
			<testcase classname="Проверка чтения не-администраторами - &lt;test&gt;" name="Документ.ПередачаОСАрендатору: Проверка доступа на Чтение Не-Администраторами - &lt;test&gt;" time="0.016" status="passed"/>
			<testcase classname="Проверка чтения не-администраторами - &lt;test&gt;" name="Справочник.ТОРО_ПриемкаОборудованияИзРемонтаПрисоединенныеФайлы: Проверка доступа на Чтение Не-Администраторами - &lt;test&gt;" time="0.015" status="passed"/>
			<testcase classname="Проверка чтения не-администраторами - &lt;test&gt;" name="Справочник.АктОРасхожденияхПослеПеремещенияПрисоединенныеФайлы: Проверка доступа на Чтение Не-Администраторами - &lt;test&gt;" time="0.015" status="passed"/>
			<testcase classname="Проверка чтения не-администраторами - &lt;test&gt;" name="Справочник.ТОРО_ТехнологическиеКартыПрисоединенныеФайлы: Проверка доступа на Чтение Не-Администраторами - &lt;test&gt;" time="0.047" status="passed"/>
			<testcase classname="Проверка чтения не-администраторами - &lt;test&gt;" name="Справочник.ДоговорыКредитовИДепозитовПрисоединенныеФайлы: Проверка доступа на Чтение Не-Администраторами - &lt;test&gt;" time="0" status="passed"/>
			<testcase classname="Проверка чтения не-администраторами - &lt;test&gt;" name="РегистрСведений.УдалитьДанныеДляПодбораСотрудников: Проверка доступа на Чтение Не-Администраторами - &lt;test&gt;" time="0.062" status="failure">
				<failure message="[Failed] Ожидали, что проверяемое значение (Ложь) является ИСТИНОЙ.
РегистрСведений.УдалитьДанныеДляПодбораСотрудников недоступно для чтения ролями без привилегий
{ВнешняяОбработка.УтвержденияBDD.МодульОбъекта(293)}:	ВызватьИсключение Префикс + &quot; &quot; + СообщениеОшибки;
{ВнешняяОбработка.УтвержденияBDD.МодульОбъекта(46)}:		ВызватьОшибкуПроверки(СообщениеОшибки);
{ВнешняяОбработка.УтвержденияBDD.МодульОбъекта(53)}:	Возврат ЭтоИстина();
{ВнешняяОбработка.ПроверкаЧтенияНеАдминистраторами.МодульОбъекта(100)}:	Ожидаем.Что(ЧтениеДоступно, ПолноеИмяМетаданного + &quot; недоступно для чтения ролями без привилегий&quot;).ЕстьИстина();
{(1)}:КонтекстВыполнения.Тест_ПроверитьНеАдминистраторскиеПраваНаЧтение(Параметры[0],Параметры[1]);
{ВнешняяОбработка.xddTestRunner.МодульОбъекта(337)}:	Выполнить(ИcполняемыйКод);
{ВнешняяОбработка.xddTestRunner.МодульОбъекта(261)}:			ВыполнитьПроцедуруКонтекста(КонтекстВыполнения, ЭлементДереваТестов.ИмяМетода, ЭлементДереваТестов.Параметры);
{ВнешняяОбработка.xddTestRunner.Форма.УправляемаяФорма.Форма(913)}:	РезультатТестирования = ОбъектНаСервере.ВыполнитьТестовыйМетод(КонтекстВыполнения, ЭлементДереваТестов);
"/>
			</testcase>
			<testcase classname="Проверка чтения не-администраторами - &lt;test&gt;" name="Документ.ПланПроизводства: Проверка доступа на Чтение Не-Администраторами - &lt;test&gt;" time="0.016" status="passed"/>
			<testcase classname="Проверка чтения не-администраторами - &lt;test&gt;" name="Справочник.КлючиРеестраДокументов: Проверка доступа на Чтение Не-Администраторами - &lt;test&gt;" time="0" status="passed"/>
			<testcase classname="Проверка чтения не-администраторами - &lt;test&gt;" name="Константа.ТОРО_ОсновнаяЯчейкаХранения: Проверка доступа на Чтение Не-Администраторами - &lt;test&gt;" time="0.016" status="passed"/>
			<testcase classname="Проверка чтения не-администраторами - &lt;test&gt;" name="РегистрСведений.ПользователиУчетныхЗаписейДокументооборота: Проверка доступа на Чтение Не-Администраторами - &lt;test&gt;" time="0.015" status="passed"/>
			<testcase classname="Проверка чтения не-администраторами - &lt;test&gt;" name="Документ.ТОРО_ВыполнениеЗаказаНаТО: Проверка доступа на Чтение Не-Администраторами - &lt;test&gt;" time="0.015" status="passed"/>
			<testcase classname="Проверка чтения не-администраторами - &lt;test&gt;" name="Константа.ИспользоватьСтатьиРасходовЗарплата: Проверка доступа на Чтение Не-Администраторами - &lt;test&gt;" time="0" status="passed"/>
			<testcase classname="Проверка чтения не-администраторами - &lt;test&gt;" name="Константа.УдалитьАлгоритмХеширования: Проверка доступа на Чтение Не-Администраторами - &lt;test&gt;" time="0.031" status="passed"/>
			<testcase classname="Проверка чтения не-администраторами - &lt;test&gt;" name="РегистрСведений.СтатусыУведомленийОбОтгрузкеМаркированныхТоваровГИСМ: Проверка доступа на Чтение Не-Администраторами - &lt;test&gt;" time="0.016" status="passed"/>
			<testcase classname="Проверка чтения не-администраторами - &lt;test&gt;" name="РегистрСведений.ОтражениеДокументовВМеждународномУчете: Проверка доступа на Чтение Не-Администраторами - &lt;test&gt;" time="0.015" status="passed"/>
			<testcase classname="Проверка чтения не-администраторами - &lt;test&gt;" name="Справочник.РеализацияТоваровУслугПрисоединенныеФайлы: Проверка доступа на Чтение Не-Администраторами - &lt;test&gt;" time="0.016" status="passed"/>
			<testcase classname="Проверка чтения не-администраторами - &lt;test&gt;" name="Константа.ПериодРасчетаТоварныхОграничений: Проверка доступа на Чтение Не-Администраторами - &lt;test&gt;" time="0" status="passed"/>
			<testcase classname="Проверка чтения не-администраторами - &lt;test&gt;" name="Константа.ИспользоватьРейтингиПродажНоменклатуры: Проверка доступа на Чтение Не-Администраторами - &lt;test&gt;" time="0.016" status="passed"/>
			<testcase classname="Проверка чтения не-администраторами - &lt;test&gt;" name="Документ.УтверждениеШтатногоРасписания: Проверка доступа на Чтение Не-Администраторами - &lt;test&gt;" time="0.016" status="passed"/>
			<testcase classname="Проверка чтения не-администраторами - &lt;test&gt;" name="РегистрСведений.СвойстваЗаданий: Проверка доступа на Чтение Не-Администраторами - &lt;test&gt;" time="0.063" status="failure">
				<failure message="[Failed] Ожидали, что проверяемое значение (Ложь) является ИСТИНОЙ.
РегистрСведений.СвойстваЗаданий недоступно для чтения ролями без привилегий
{ВнешняяОбработка.УтвержденияBDD.МодульОбъекта(293)}:	ВызватьИсключение Префикс + &quot; &quot; + СообщениеОшибки;
{ВнешняяОбработка.УтвержденияBDD.МодульОбъекта(46)}:		ВызватьОшибкуПроверки(СообщениеОшибки);
{ВнешняяОбработка.УтвержденияBDD.МодульОбъекта(53)}:	Возврат ЭтоИстина();
{ВнешняяОбработка.ПроверкаЧтенияНеАдминистраторами.МодульОбъекта(100)}:	Ожидаем.Что(ЧтениеДоступно, ПолноеИмяМетаданного + &quot; недоступно для чтения ролями без привилегий&quot;).ЕстьИстина();
{(1)}:КонтекстВыполнения.Тест_ПроверитьНеАдминистраторскиеПраваНаЧтение(Параметры[0],Параметры[1]);
{ВнешняяОбработка.xddTestRunner.МодульОбъекта(337)}:	Выполнить(ИcполняемыйКод);
{ВнешняяОбработка.xddTestRunner.МодульОбъекта(261)}:			ВыполнитьПроцедуруКонтекста(КонтекстВыполнения, ЭлементДереваТестов.ИмяМетода, ЭлементДереваТестов.Параметры);
{ВнешняяОбработка.xddTestRunner.Форма.УправляемаяФорма.Форма(913)}:	РезультатТестирования = ОбъектНаСервере.ВыполнитьТестовыйМетод(КонтекстВыполнения, ЭлементДереваТестов);
"/>
			</testcase>
			<testcase classname="Проверка чтения не-администраторами - &lt;test&gt;" name="Документ.ВедомостьНаВыплатуЗарплатыПеречислением: Проверка доступа на Чтение Не-Администраторами - &lt;test&gt;" time="0" status="passed"/>
			<testcase classname="Проверка чтения не-администраторами - &lt;test&gt;" name="Константа.ИспользоватьВыпускПоНесколькимРаспоряжениям: Проверка доступа на Чтение Не-Администраторами - &lt;test&gt;" time="0" status="passed"/>
			<testcase classname="Проверка чтения не-администраторами - &lt;test&gt;" name="РегистрСведений.ФайлыСведенийСпецоператоры: Проверка доступа на Чтение Не-Администраторами - &lt;test&gt;" time="0.016" status="passed"/>
			<testcase classname="Проверка чтения не-администраторами - &lt;test&gt;" name="Константа.ИспользоватьВнешниеХозяйственныеОперацииЗарплатаКадры: Проверка доступа на Чтение Не-Администраторами - &lt;test&gt;" time="0" status="passed"/>
			<testcase classname="Проверка чтения не-администраторами - &lt;test&gt;" name="Справочник.ТОРО_МероприятияРемонтнойПрограммы: Проверка доступа на Чтение Не-Администраторами - &lt;test&gt;" time="0.031" status="passed"/>
			<testcase classname="Проверка чтения не-администраторами - &lt;test&gt;" name="Константа.ИспользоватьКомиссиюПриЗакупках: Проверка доступа на Чтение Не-Администраторами - &lt;test&gt;" time="0" status="passed"/>
			<testcase classname="Проверка чтения не-администраторами - &lt;test&gt;" name="Справочник.ТОРО_КорректировкаЗаказаНаТПиРПрисоединенныеФайлы: Проверка доступа на Чтение Не-Администраторами - &lt;test&gt;" time="0.031" status="passed"/>
			<testcase classname="Проверка чтения не-администраторами - &lt;test&gt;" name="Справочник.Сценарии: Проверка доступа на Чтение Не-Администраторами - &lt;test&gt;" time="0" status="passed"/>
			<testcase classname="Проверка чтения не-администраторами - &lt;test&gt;" name="РегистрНакопления.РасчетыНалоговыхАгентовСБюджетомПоНДФЛ: Проверка доступа на Чтение Не-Администраторами - &lt;test&gt;" time="0" status="passed"/>
			<testcase classname="Проверка чтения не-администраторами - &lt;test&gt;" name="РегистрСведений.ПросмотренныеДанныеИнформационногоЦентра: Проверка доступа на Чтение Не-Администраторами - &lt;test&gt;" time="0" status="passed"/>
			<testcase classname="Проверка чтения не-администраторами - &lt;test&gt;" name="Справочник.ОтпускПрисоединенныеФайлы: Проверка доступа на Чтение Не-Администраторами - &lt;test&gt;" time="0" status="passed"/>
			<testcase classname="Проверка чтения не-администраторами - &lt;test&gt;" name="РегистрСведений.ПорядокОтраженияРасходов: Проверка доступа на Чтение Не-Администраторами - &lt;test&gt;" time="0.016" status="passed"/>
			<testcase classname="Проверка чтения не-администраторами - &lt;test&gt;" name="Константа.ИспользованиеСтарыхКлассификаторовОКПиОКВЭД: Проверка доступа на Чтение Не-Администраторами - &lt;test&gt;" time="0.015" status="passed"/>
			<testcase classname="Проверка чтения не-администраторами - &lt;test&gt;" name="РегистрСведений.ОчередьПолученияДанныхГИСМ: Проверка доступа на Чтение Не-Администраторами - &lt;test&gt;" time="0" status="passed"/>
			<testcase classname="Проверка чтения не-администраторами - &lt;test&gt;" name="РегистрСведений.ОшибочныеРеквизитыКонтрагентов: Проверка доступа на Чтение Не-Администраторами - &lt;test&gt;" time="0.047" status="passed"/>
			<testcase classname="Проверка чтения не-администраторами - &lt;test&gt;" name="РегистрСведений.ПервоначальныеСведенияОСНалоговыйУчет: Проверка доступа на Чтение Не-Администраторами - &lt;test&gt;" time="0" status="passed"/>
			<testcase classname="Проверка чтения не-администраторами - &lt;test&gt;" name="РегистрСведений.ДанныеОВремениДляРасчетаСреднегоОбщийКорректировка: Проверка доступа на Чтение Не-Администраторами - &lt;test&gt;" time="0.016" status="passed"/>
			<testcase classname="Проверка чтения не-администраторами - &lt;test&gt;" name="Документ.КоммерческоеПредложениеКлиенту: Проверка доступа на Чтение Не-Администраторами - &lt;test&gt;" time="0" status="passed"/>
			<testcase classname="Проверка чтения не-администраторами - &lt;test&gt;" name="Документ.ВыкупВозвратнойТарыКлиентом: Проверка доступа на Чтение Не-Администраторами - &lt;test&gt;" time="0" status="passed"/>
			<testcase classname="Проверка чтения не-администраторами - &lt;test&gt;" name="Константа.ИспользоватьПродажиНаЭкспортСырьевыхТоваровУслуг: Проверка доступа на Чтение Не-Администраторами - &lt;test&gt;" time="0" status="passed"/>
			<testcase classname="Проверка чтения не-администраторами - &lt;test&gt;" name="РегистрСведений.БухучетПлановыхУдержаний: Проверка доступа на Чтение Не-Администраторами - &lt;test&gt;" time="0" status="passed"/>
			<testcase classname="Проверка чтения не-администраторами - &lt;test&gt;" name="РегистрСведений.ФорматыДляПреобразования: Проверка доступа на Чтение Не-Администраторами - &lt;test&gt;" time="0.031" status="passed"/>
			<testcase classname="Проверка чтения не-администраторами - &lt;test&gt;" name="Документ.ДоверенностьВыданная: Проверка доступа на Чтение Не-Администраторами - &lt;test&gt;" time="0" status="passed"/>
			<testcase classname="Проверка чтения не-администраторами - &lt;test&gt;" name="РегистрСведений.ОперацииРасчетаЗарплаты: Проверка доступа на Чтение Не-Администраторами - &lt;test&gt;" time="0.015" status="passed"/>
			<testcase classname="Проверка чтения не-администраторами - &lt;test&gt;" name="РегистрСведений.ТОРО_СостоянияТМ: Проверка доступа на Чтение Не-Администраторами - &lt;test&gt;" time="0.015" status="passed"/>
			<testcase classname="Проверка чтения не-администраторами - &lt;test&gt;" name="Справочник.ОтправкиФСРАР: Проверка доступа на Чтение Не-Администраторами - &lt;test&gt;" time="0.016" status="passed"/>
			<testcase classname="Проверка чтения не-администраторами - &lt;test&gt;" name="Документ.РегистрацияЦенНоменклатурыПоставщика: Проверка доступа на Чтение Не-Администраторами - &lt;test&gt;" time="0.016" status="passed"/>
			<testcase classname="Проверка чтения не-администраторами - &lt;test&gt;" name="Константа.ИспользоватьУправлениеПеремещениемОбособленныхТоваров: Проверка доступа на Чтение Не-Администраторами - &lt;test&gt;" time="0" status="passed"/>
			<testcase classname="Проверка чтения не-администраторами - &lt;test&gt;" name="Справочник.СправкиФизическихЛицПрисоединенныеФайлы: Проверка доступа на Чтение Не-Администраторами - &lt;test&gt;" time="0.016" status="passed"/>
			<testcase classname="Проверка чтения не-администраторами - &lt;test&gt;" name="РегистрСведений.РасчетНалогаНаИмущество: Проверка доступа на Чтение Не-Администраторами - &lt;test&gt;" time="0.032" status="passed"/>
			<testcase classname="Проверка чтения не-администраторами - &lt;test&gt;" name="РегистрСведений.СубъектыДляСкрытияПерсональныхДанных: Проверка доступа на Чтение Не-Администраторами - &lt;test&gt;" time="0.016" status="passed"/>
			<testcase classname="Проверка чтения не-администраторами - &lt;test&gt;" name="Документ.АктВыполненныхРабот: Проверка доступа на Чтение Не-Администраторами - &lt;test&gt;" time="0" status="passed"/>
			<testcase classname="Проверка чтения не-администраторами - &lt;test&gt;" name="Константа.ТОРО_АдресСервисаПолученияСправочниковЕИСЗ: Проверка доступа на Чтение Не-Администраторами - &lt;test&gt;" time="0.078" status="failure">
				<failure message="[Failed] Ожидали, что проверяемое значение (Ложь) является ИСТИНОЙ.
Константа.ТОРО_АдресСервисаПолученияСправочниковЕИСЗ недоступно для чтения ролями без привилегий
{ВнешняяОбработка.УтвержденияBDD.МодульОбъекта(293)}:	ВызватьИсключение Префикс + &quot; &quot; + СообщениеОшибки;
{ВнешняяОбработка.УтвержденияBDD.МодульОбъекта(46)}:		ВызватьОшибкуПроверки(СообщениеОшибки);
{ВнешняяОбработка.УтвержденияBDD.МодульОбъекта(53)}:	Возврат ЭтоИстина();
{ВнешняяОбработка.ПроверкаЧтенияНеАдминистраторами.МодульОбъекта(100)}:	Ожидаем.Что(ЧтениеДоступно, ПолноеИмяМетаданного + &quot; недоступно для чтения ролями без привилегий&quot;).ЕстьИстина();
{(1)}:КонтекстВыполнения.Тест_ПроверитьНеАдминистраторскиеПраваНаЧтение(Параметры[0],Параметры[1]);
{ВнешняяОбработка.xddTestRunner.МодульОбъекта(337)}:	Выполнить(ИcполняемыйКод);
{ВнешняяОбработка.xddTestRunner.МодульОбъекта(261)}:			ВыполнитьПроцедуруКонтекста(КонтекстВыполнения, ЭлементДереваТестов.ИмяМетода, ЭлементДереваТестов.Параметры);
{ВнешняяОбработка.xddTestRunner.Форма.УправляемаяФорма.Форма(913)}:	РезультатТестирования = ОбъектНаСервере.ВыполнитьТестовыйМетод(КонтекстВыполнения, ЭлементДереваТестов);
"/>
			</testcase>
			<testcase classname="Проверка чтения не-администраторами - &lt;test&gt;" name="Документ.ВводОстатковНМАМеждународныйУчет: Проверка доступа на Чтение Не-Администраторами - &lt;test&gt;" time="0" status="passed"/>
			<testcase classname="Проверка чтения не-администраторами - &lt;test&gt;" name="Константа.ИспользоватьГруппыДоступаВидовСтатейИПоказателейБюджетов: Проверка доступа на Чтение Не-Администраторами - &lt;test&gt;" time="0" status="passed"/>
			<testcase classname="Проверка чтения не-администраторами - &lt;test&gt;" name="Документ.ЭлектронноеПисьмоИсходящее: Проверка доступа на Чтение Не-Администраторами - &lt;test&gt;" time="0" status="passed"/>
			<testcase classname="Проверка чтения не-администраторами - &lt;test&gt;" name="Справочник.СчетФактураПолученныйНалоговыйАгентПрисоединенныеФайлы: Проверка доступа на Чтение Не-Администраторами - &lt;test&gt;" time="0.031" status="passed"/>
			<testcase classname="Проверка чтения не-администраторами - &lt;test&gt;" name="Справочник.НаборыДополнительныхРеквизитовИСведений: Проверка доступа на Чтение Не-Администраторами - &lt;test&gt;" time="0" status="passed"/>
			<testcase classname="Проверка чтения не-администраторами - &lt;test&gt;" name="РегистрСведений.ТОРО_КодыОрганизацийДляУникальногоКодаИП: Проверка доступа на Чтение Не-Администраторами - &lt;test&gt;" time="0.031" status="passed"/>
			<testcase classname="Проверка чтения не-администраторами - &lt;test&gt;" name="РегистрНакопления.ПартииТоваровПереданныеНаКомиссию: Проверка доступа на Чтение Не-Администраторами - &lt;test&gt;" time="0.031" status="passed"/>
			<testcase classname="Проверка чтения не-администраторами - &lt;test&gt;" name="Константа.ДокументооборотСКонтролирующимиОрганами_ВнешнийМодуль: Проверка доступа на Чтение Не-Администраторами - &lt;test&gt;" time="0" status="passed"/>
			<testcase classname="Проверка чтения не-администраторами - &lt;test&gt;" name="РегистрНакопления.РасчетыСКлиентамиПоСрокам: Проверка доступа на Чтение Не-Администраторами - &lt;test&gt;" time="0.047" status="passed"/>
			<testcase classname="Проверка чтения не-администраторами - &lt;test&gt;" name="РегистрНакопления.ПлановыеПрочиеЗатраты: Проверка доступа на Чтение Не-Администраторами - &lt;test&gt;" time="0.015" status="passed"/>
			<testcase classname="Проверка чтения не-администраторами - &lt;test&gt;" name="РегистрСведений.УдалитьТарифыСтраховыхВзносов: Проверка доступа на Чтение Не-Администраторами - &lt;test&gt;" time="0.031" status="passed"/>
			<testcase classname="Проверка чтения не-администраторами - &lt;test&gt;" name="РегистрСведений.СоответствиеВидовНоменклатурыРаботаСНоменклатурой: Проверка доступа на Чтение Не-Администраторами - &lt;test&gt;" time="0" status="passed"/>
			<testcase classname="Проверка чтения не-администраторами - &lt;test&gt;" name="Константа.ТОРО_ТаймаутПодключенияКСерверуЕИСЗ: Проверка доступа на Чтение Не-Администраторами - &lt;test&gt;" time="0.015" status="passed"/>
			<testcase classname="Проверка чтения не-администраторами - &lt;test&gt;" name="РегистрСведений.ТаблицыГруппДоступа: Проверка доступа на Чтение Не-Администраторами - &lt;test&gt;" time="0.062" status="failure">
				<failure message="[Failed] Ожидали, что проверяемое значение (Ложь) является ИСТИНОЙ.
РегистрСведений.ТаблицыГруппДоступа недоступно для чтения ролями без привилегий
{ВнешняяОбработка.УтвержденияBDD.МодульОбъекта(293)}:	ВызватьИсключение Префикс + &quot; &quot; + СообщениеОшибки;
{ВнешняяОбработка.УтвержденияBDD.МодульОбъекта(46)}:		ВызватьОшибкуПроверки(СообщениеОшибки);
{ВнешняяОбработка.УтвержденияBDD.МодульОбъекта(53)}:	Возврат ЭтоИстина();
{ВнешняяОбработка.ПроверкаЧтенияНеАдминистраторами.МодульОбъекта(100)}:	Ожидаем.Что(ЧтениеДоступно, ПолноеИмяМетаданного + &quot; недоступно для чтения ролями без привилегий&quot;).ЕстьИстина();
{(1)}:КонтекстВыполнения.Тест_ПроверитьНеАдминистраторскиеПраваНаЧтение(Параметры[0],Параметры[1]);
{ВнешняяОбработка.xddTestRunner.МодульОбъекта(337)}:	Выполнить(ИcполняемыйКод);
{ВнешняяОбработка.xddTestRunner.МодульОбъекта(261)}:			ВыполнитьПроцедуруКонтекста(КонтекстВыполнения, ЭлементДереваТестов.ИмяМетода, ЭлементДереваТестов.Параметры);
{ВнешняяОбработка.xddTestRunner.Форма.УправляемаяФорма.Форма(913)}:	РезультатТестирования = ОбъектНаСервере.ВыполнитьТестовыйМетод(КонтекстВыполнения, ЭлементДереваТестов);
"/>
			</testcase>
			<testcase classname="Проверка чтения не-администраторами - &lt;test&gt;" name="РегистрСведений.ДанныеОбОплатеТрудаДляПодбораСотрудников: Проверка доступа на Чтение Не-Администраторами - &lt;test&gt;" time="0" status="passed"/>
			<testcase classname="Проверка чтения не-администраторами - &lt;test&gt;" name="Справочник.ТОРО_КлючиАналитикиВоздействия: Проверка доступа на Чтение Не-Администраторами - &lt;test&gt;" time="0.016" status="passed"/>
			<testcase classname="Проверка чтения не-администраторами - &lt;test&gt;" name="РегистрСведений.ГруппыЗначенийДоступа: Проверка доступа на Чтение Не-Администраторами - &lt;test&gt;" time="0.078" status="failure">
				<failure message="[Failed] Ожидали, что проверяемое значение (Ложь) является ИСТИНОЙ.
РегистрСведений.ГруппыЗначенийДоступа недоступно для чтения ролями без привилегий
{ВнешняяОбработка.УтвержденияBDD.МодульОбъекта(293)}:	ВызватьИсключение Префикс + &quot; &quot; + СообщениеОшибки;
{ВнешняяОбработка.УтвержденияBDD.МодульОбъекта(46)}:		ВызватьОшибкуПроверки(СообщениеОшибки);
{ВнешняяОбработка.УтвержденияBDD.МодульОбъекта(53)}:	Возврат ЭтоИстина();
{ВнешняяОбработка.ПроверкаЧтенияНеАдминистраторами.МодульОбъекта(100)}:	Ожидаем.Что(ЧтениеДоступно, ПолноеИмяМетаданного + &quot; недоступно для чтения ролями без привилегий&quot;).ЕстьИстина();
{(1)}:КонтекстВыполнения.Тест_ПроверитьНеАдминистраторскиеПраваНаЧтение(Параметры[0],Параметры[1]);
{ВнешняяОбработка.xddTestRunner.МодульОбъекта(337)}:	Выполнить(ИcполняемыйКод);
{ВнешняяОбработка.xddTestRunner.МодульОбъекта(261)}:			ВыполнитьПроцедуруКонтекста(КонтекстВыполнения, ЭлементДереваТестов.ИмяМетода, ЭлементДереваТестов.Параметры);
{ВнешняяОбработка.xddTestRunner.Форма.УправляемаяФорма.Форма(913)}:	РезультатТестирования = ОбъектНаСервере.ВыполнитьТестовыйМетод(КонтекстВыполнения, ЭлементДереваТестов);
"/>
			</testcase>
			<testcase classname="Проверка чтения не-администраторами - &lt;test&gt;" name="РегистрСведений.ЖурналНовыхСобытий: Проверка доступа на Чтение Не-Администраторами - &lt;test&gt;" time="0.015" status="passed"/>
			<testcase classname="Проверка чтения не-администраторами - &lt;test&gt;" name="Справочник.ВозвратТоваровМеждуОрганизациямиПрисоединенныеФайлы: Проверка доступа на Чтение Не-Администраторами - &lt;test&gt;" time="0.016" status="passed"/>
			<testcase classname="Проверка чтения не-администраторами - &lt;test&gt;" name="Константа.ИнтерфейсВерсии82: Проверка доступа на Чтение Не-Администраторами - &lt;test&gt;" time="0.016" status="passed"/>
			<testcase classname="Проверка чтения не-администраторами - &lt;test&gt;" name="Справочник.ТОРО_КлассификаторKKS: Проверка доступа на Чтение Не-Администраторами - &lt;test&gt;" time="0.015" status="passed"/>
			<testcase classname="Проверка чтения не-администраторами - &lt;test&gt;" name="Константа.ИспользоватьБизнесРегионы: Проверка доступа на Чтение Не-Администраторами - &lt;test&gt;" time="0.016" status="passed"/>
			<testcase classname="Проверка чтения не-администраторами - &lt;test&gt;" name="РегистрНакопления.СостоянияРабочихЦентров: Проверка доступа на Чтение Не-Администраторами - &lt;test&gt;" time="0.031" status="passed"/>
			<testcase classname="Проверка чтения не-администраторами - &lt;test&gt;" name="Константа.ИспользоватьДоверенностиНаПолучениеТМЦ: Проверка доступа на Чтение Не-Администраторами - &lt;test&gt;" time="0" status="passed"/>
			<testcase classname="Проверка чтения не-администраторами - &lt;test&gt;" name="РегистрСведений.ТОРО_КомментарииДокумента: Проверка доступа на Чтение Не-Администраторами - &lt;test&gt;" time="0.016" status="passed"/>
			<testcase classname="Проверка чтения не-администраторами - &lt;test&gt;" name="Документ.ТОРО_ПоступлениеОтПоставщика: Проверка доступа на Чтение Не-Администраторами - &lt;test&gt;" time="0.015" status="passed"/>
			<testcase classname="Проверка чтения не-администраторами - &lt;test&gt;" name="Константа.ИспользоватьПроизводствоИзДавальческогоСырья: Проверка доступа на Чтение Не-Администраторами - &lt;test&gt;" time="0" status="passed"/>
			<testcase classname="Проверка чтения не-администраторами - &lt;test&gt;" name="Справочник.ОтправкиМинобороны: Проверка доступа на Чтение Не-Администраторами - &lt;test&gt;" time="0.016" status="passed"/>
			<testcase classname="Проверка чтения не-администраторами - &lt;test&gt;" name="РегистрСведений.УдалитьРезультатыОбменаДанными: Проверка доступа на Чтение Не-Администраторами - &lt;test&gt;" time="0.046" status="passed"/>
			<testcase classname="Проверка чтения не-администраторами - &lt;test&gt;" name="Константа.ИспользоватьНесколькоСкладов: Проверка доступа на Чтение Не-Администраторами - &lt;test&gt;" time="0" status="passed"/>
			<testcase classname="Проверка чтения не-администраторами - &lt;test&gt;" name="Константа.НормативныйВидЦен: Проверка доступа на Чтение Не-Администраторами - &lt;test&gt;" time="0" status="passed"/>
			<testcase classname="Проверка чтения не-администраторами - &lt;test&gt;" name="Документ.ИнвентаризацияРасчетов: Проверка доступа на Чтение Не-Администраторами - &lt;test&gt;" time="0" status="passed"/>
			<testcase classname="Проверка чтения не-администраторами - &lt;test&gt;" name="Справочник.ТОРО_ВыполнениеЗаказаНаТОПрисоединенныеФайлы: Проверка доступа на Чтение Не-Администраторами - &lt;test&gt;" time="0.016" status="passed"/>
			<testcase classname="Проверка чтения не-администраторами - &lt;test&gt;" name="Константа.ВалютаРегламентированногоУчета: Проверка доступа на Чтение Не-Администраторами - &lt;test&gt;" time="0" status="passed"/>
			<testcase classname="Проверка чтения не-администраторами - &lt;test&gt;" name="РегистрСведений.УдалитьВерсииПодсистем: Проверка доступа на Чтение Не-Администраторами - &lt;test&gt;" time="0.031" status="passed"/>
			<testcase classname="Проверка чтения не-администраторами - &lt;test&gt;" name="Справочник.КлассификаторБанков: Проверка доступа на Чтение Не-Администраторами - &lt;test&gt;" time="0" status="passed"/>
			<testcase classname="Проверка чтения не-администраторами - &lt;test&gt;" name="РегистрСведений.ТОРО_ДополнениеКнопокСогласования: Проверка доступа на Чтение Не-Администраторами - &lt;test&gt;" time="0.016" status="passed"/>
			<testcase classname="Проверка чтения не-администраторами - &lt;test&gt;" name="Константа.ИспользуетсяМиграцияПриложений: Проверка доступа на Чтение Не-Администраторами - &lt;test&gt;" time="0.016" status="passed"/>
			<testcase classname="Проверка чтения не-администраторами - &lt;test&gt;" name="Документ.РегистрацияПорядкаНалогообложенияПоНалогуНаИмущество: Проверка доступа на Чтение Не-Администраторами - &lt;test&gt;" time="0" status="passed"/>
			<testcase classname="Проверка чтения не-администраторами - &lt;test&gt;" name="Документ.ДанныеДляРасчетаЗарплаты: Проверка доступа на Чтение Не-Администраторами - &lt;test&gt;" time="0" status="passed"/>
			<testcase classname="Проверка чтения не-администраторами - &lt;test&gt;" name="Справочник.ПачкаДокументовСЗВ_6_3ПрисоединенныеФайлы: Проверка доступа на Чтение Не-Администраторами - &lt;test&gt;" time="0.016" status="passed"/>
			<testcase classname="Проверка чтения не-администраторами - &lt;test&gt;" name="Константа.НеЗакрыватьЗаказыКлиентовБезПолнойОтгрузки: Проверка доступа на Чтение Не-Администраторами - &lt;test&gt;" time="0" status="passed"/>
			<testcase classname="Проверка чтения не-администраторами - &lt;test&gt;" name="Документ.ТаможеннаяДекларацияИмпорт: Проверка доступа на Чтение Не-Администраторами - &lt;test&gt;" time="0" status="passed"/>
			<testcase classname="Проверка чтения не-администраторами - &lt;test&gt;" name="РегистрСведений.ТОРО_СтатусыЛотов: Проверка доступа на Чтение Не-Администраторами - &lt;test&gt;" time="0.016" status="passed"/>
			<testcase classname="Проверка чтения не-администраторами - &lt;test&gt;" name="РегистрСведений.НачислениеАмортизацииОСБухгалтерскийУчет: Проверка доступа на Чтение Не-Администраторами - &lt;test&gt;" time="0" status="passed"/>
			<testcase classname="Проверка чтения не-администраторами - &lt;test&gt;" name="РегистрСведений.МаксимальныйРазмерЕжемесячнойСтраховойВыплаты: Проверка доступа на Чтение Не-Администраторами - &lt;test&gt;" time="0.015" status="passed"/>
			<testcase classname="Проверка чтения не-администраторами - &lt;test&gt;" name="РегистрСведений.ИсторияРегистрацийВНалоговомОрганеВторичный: Проверка доступа на Чтение Не-Администраторами - &lt;test&gt;" time="0.015" status="passed"/>
			<testcase classname="Проверка чтения не-администраторами - &lt;test&gt;" name="РегистрСведений.РедактируемыеРеквизитыКодаДоходаНДФЛ: Проверка доступа на Чтение Не-Администраторами - &lt;test&gt;" time="0" status="passed"/>
			<testcase classname="Проверка чтения не-администраторами - &lt;test&gt;" name="Константа.НеПроводитьМинимизациюПерерасчетовНДФЛ: Проверка доступа на Чтение Не-Администраторами - &lt;test&gt;" time="0" status="passed"/>
			<testcase classname="Проверка чтения не-администраторами - &lt;test&gt;" name="Константа.УдалитьРаспределятьНДС: Проверка доступа на Чтение Не-Администраторами - &lt;test&gt;" time="0.016" status="passed"/>
			<testcase classname="Проверка чтения не-администраторами - &lt;test&gt;" name="Документ.ПеремещениеВДругоеПодразделение: Проверка доступа на Чтение Не-Администраторами - &lt;test&gt;" time="0.016" status="passed"/>
			<testcase classname="Проверка чтения не-администраторами - &lt;test&gt;" name="РегистрСведений.ПредельнаяВеличинаБазыСтраховыхВзносов: Проверка доступа на Чтение Не-Администраторами - &lt;test&gt;" time="0.015" status="passed"/>
			<testcase classname="Проверка чтения не-администраторами - &lt;test&gt;" name="Справочник.УдалитьОснованияДосрочногоНазначенияПенсииДляСЗВК: Проверка доступа на Чтение Не-Администраторами - &lt;test&gt;" time="0.031" status="passed"/>
			<testcase classname="Проверка чтения не-администраторами - &lt;test&gt;" name="Константа.ТОРО_ОбменДаннымиУчетнаяПолитикаОрганизацииПоУмолчанию: Проверка доступа на Чтение Не-Администраторами - &lt;test&gt;" time="0.016" status="passed"/>
			<testcase classname="Проверка чтения не-администраторами - &lt;test&gt;" name="РегистрСведений.НастройкиОбменаЕГАИС: Проверка доступа на Чтение Не-Администраторами - &lt;test&gt;" time="0" status="passed"/>
			<testcase classname="Проверка чтения не-администраторами - &lt;test&gt;" name="РегистрНакопления.ЗаказыМатериаловСУчетомКорректировок: Проверка доступа на Чтение Не-Администраторами - &lt;test&gt;" time="0.016" status="passed"/>
			<testcase classname="Проверка чтения не-администраторами - &lt;test&gt;" name="Константа.ИспользоватьАктыРасхожденийПослеПриемкиПоПриемкамТоваровНаХранение: Проверка доступа на Чтение Не-Администраторами - &lt;test&gt;" time="0" status="passed"/>
			<testcase classname="Проверка чтения не-администраторами - &lt;test&gt;" name="Справочник.Склады: Проверка доступа на Чтение Не-Администраторами - &lt;test&gt;" time="0.015" status="passed"/>
			<testcase classname="Проверка чтения не-администраторами - &lt;test&gt;" name="Константа.ИспользоватьОтчетДвиженияЗаказов: Проверка доступа на Чтение Не-Администраторами - &lt;test&gt;" time="0" status="passed"/>
			<testcase classname="Проверка чтения не-администраторами - &lt;test&gt;" name="Документ.ПоступлениеСырьяОтДавальца: Проверка доступа на Чтение Не-Администраторами - &lt;test&gt;" time="0.016" status="passed"/>
			<testcase classname="Проверка чтения не-администраторами - &lt;test&gt;" name="Справочник.ШаблоныСообщенийПрисоединенныеФайлы: Проверка доступа на Чтение Не-Администраторами - &lt;test&gt;" time="0.016" status="passed"/>
			<testcase classname="Проверка чтения не-администраторами - &lt;test&gt;" name="Документ.ПеремещениеОС: Проверка доступа на Чтение Не-Администраторами - &lt;test&gt;" time="0" status="passed"/>
			<testcase classname="Проверка чтения не-администраторами - &lt;test&gt;" name="РегистрСведений.ЗаписиСкладскогоЖурналаВРезервеВЕТИС: Проверка доступа на Чтение Не-Администраторами - &lt;test&gt;" time="0.015" status="passed"/>
			<testcase classname="Проверка чтения не-администраторами - &lt;test&gt;" name="РегистрНакопления.ДанныеТабельногоУчетаРабочегоВремениСотрудников: Проверка доступа на Чтение Не-Администраторами - &lt;test&gt;" time="0.015" status="passed"/>
			<testcase classname="Проверка чтения не-администраторами - &lt;test&gt;" name="Константа.ДатаНачалаСписанияРезервовОтпусковДокументомОтражениеЗарплаты: Проверка доступа на Чтение Не-Администраторами - &lt;test&gt;" time="0.016" status="passed"/>
			<testcase classname="Проверка чтения не-администраторами - &lt;test&gt;" name="РегистрСведений.ЗамерыСтатистики: Проверка доступа на Чтение Не-Администраторами - &lt;test&gt;" time="0.031" status="passed"/>
			<testcase classname="Проверка чтения не-администраторами - &lt;test&gt;" name="РегистрСведений.ПодпискиПолучателей: Проверка доступа на Чтение Не-Администраторами - &lt;test&gt;" time="0.031" status="passed"/>
			<testcase classname="Проверка чтения не-администраторами - &lt;test&gt;" name="РегистрСведений.ДополнительныеАдресныеСведения: Проверка доступа на Чтение Не-Администраторами - &lt;test&gt;" time="0" status="passed"/>
			<testcase classname="Проверка чтения не-администраторами - &lt;test&gt;" name="Справочник.ГруппировкиТоварныхОграничений: Проверка доступа на Чтение Не-Администраторами - &lt;test&gt;" time="0" status="passed"/>
			<testcase classname="Проверка чтения не-администраторами - &lt;test&gt;" name="РегистрНакопления.ПланыПотребленияМатериалов: Проверка доступа на Чтение Не-Администраторами - &lt;test&gt;" time="0.016" status="passed"/>
			<testcase classname="Проверка чтения не-администраторами - &lt;test&gt;" name="РегистрСведений.ОперацииКСозданиюСменныхЗаданий: Проверка доступа на Чтение Не-Администраторами - &lt;test&gt;" time="0.015" status="passed"/>
			<testcase classname="Проверка чтения не-администраторами - &lt;test&gt;" name="Справочник.ДоговорыЛизингаПрисоединенныеФайлы: Проверка доступа на Чтение Не-Администраторами - &lt;test&gt;" time="0" status="passed"/>
			<testcase classname="Проверка чтения не-администраторами - &lt;test&gt;" name="Документ.ПачкаРазделов6РасчетаРСВ_1: Проверка доступа на Чтение Не-Администраторами - &lt;test&gt;" time="0.016" status="passed"/>
			<testcase classname="Проверка чтения не-администраторами - &lt;test&gt;" name="РегистрНакопления.ПособияПоСоциальномуСтрахованию: Проверка доступа на Чтение Не-Администраторами - &lt;test&gt;" time="0" status="passed"/>
			<testcase classname="Проверка чтения не-администраторами - &lt;test&gt;" name="Справочник.СправкиНДФЛДляПередачиВНалоговыйОрганПрисоединенныеФайлы: Проверка доступа на Чтение Не-Администраторами - &lt;test&gt;" time="0.062" status="failure">
				<failure message="[Failed] Ожидали, что проверяемое значение (Ложь) является ИСТИНОЙ.
Справочник.СправкиНДФЛДляПередачиВНалоговыйОрганПрисоединенныеФайлы недоступно для чтения ролями без привилегий
{ВнешняяОбработка.УтвержденияBDD.МодульОбъекта(293)}:	ВызватьИсключение Префикс + &quot; &quot; + СообщениеОшибки;
{ВнешняяОбработка.УтвержденияBDD.МодульОбъекта(46)}:		ВызватьОшибкуПроверки(СообщениеОшибки);
{ВнешняяОбработка.УтвержденияBDD.МодульОбъекта(53)}:	Возврат ЭтоИстина();
{ВнешняяОбработка.ПроверкаЧтенияНеАдминистраторами.МодульОбъекта(100)}:	Ожидаем.Что(ЧтениеДоступно, ПолноеИмяМетаданного + &quot; недоступно для чтения ролями без привилегий&quot;).ЕстьИстина();
{(1)}:КонтекстВыполнения.Тест_ПроверитьНеАдминистраторскиеПраваНаЧтение(Параметры[0],Параметры[1]);
{ВнешняяОбработка.xddTestRunner.МодульОбъекта(337)}:	Выполнить(ИcполняемыйКод);
{ВнешняяОбработка.xddTestRunner.МодульОбъекта(261)}:			ВыполнитьПроцедуруКонтекста(КонтекстВыполнения, ЭлементДереваТестов.ИмяМетода, ЭлементДереваТестов.Параметры);
{ВнешняяОбработка.xddTestRunner.Форма.УправляемаяФорма.Форма(913)}:	РезультатТестирования = ОбъектНаСервере.ВыполнитьТестовыйМетод(КонтекстВыполнения, ЭлементДереваТестов);
"/>
			</testcase>
			<testcase classname="Проверка чтения не-администраторами - &lt;test&gt;" name="Константа.ИспользоватьПродажиНаЭкспортНесырьевыхТоваров: Проверка доступа на Чтение Не-Администраторами - &lt;test&gt;" time="0.016" status="passed"/>
			<testcase classname="Проверка чтения не-администраторами - &lt;test&gt;" name="Документ.УдержаниеДобровольныхСтраховыхВзносов: Проверка доступа на Чтение Не-Администраторами - &lt;test&gt;" time="0.015" status="passed"/>
			<testcase classname="Проверка чтения не-администраторами - &lt;test&gt;" name="Константа.ТОРО_ГрафикДляРасчетаДлительностиСогласованияБДОНСИ: Проверка доступа на Чтение Не-Администраторами - &lt;test&gt;" time="0.016" status="passed"/>
			<testcase classname="Проверка чтения не-администраторами - &lt;test&gt;" name="Константа.ИспользоватьПроизводствоНаСтороне: Проверка доступа на Чтение Не-Администраторами - &lt;test&gt;" time="0" status="passed"/>
			<testcase classname="Проверка чтения не-администраторами - &lt;test&gt;" name="Константа.ИспользоватьПланированиеПродажПоКатегориям: Проверка доступа на Чтение Не-Администраторами - &lt;test&gt;" time="0" status="passed"/>
			<testcase classname="Проверка чтения не-администраторами - &lt;test&gt;" name="РегистрСведений.НастройкаПередачиМатериаловВПроизводство: Проверка доступа на Чтение Не-Администраторами - &lt;test&gt;" time="0.015" status="passed"/>
			<testcase classname="Проверка чтения не-администраторами - &lt;test&gt;" name="Документ.АвансовыйПлатежИностранцаПоНДФЛ: Проверка доступа на Чтение Не-Администраторами - &lt;test&gt;" time="0" status="passed"/>
			<testcase classname="Проверка чтения не-администраторами - &lt;test&gt;" name="РегистрНакопления.ЛимитыРасходаДенежныхСредств: Проверка доступа на Чтение Не-Администраторами - &lt;test&gt;" time="0.031" status="passed"/>
			<testcase classname="Проверка чтения не-администраторами - &lt;test&gt;" name="РегистрНакопления.УслугиДавальцуКОформлению: Проверка доступа на Чтение Не-Администраторами - &lt;test&gt;" time="0.016" status="passed"/>
			<testcase classname="Проверка чтения не-администраторами - &lt;test&gt;" name="Документ.РеестрСведенийНеобходимыхДляНазначенияИВыплатыПособий: Проверка доступа на Чтение Не-Администраторами - &lt;test&gt;" time="0.016" status="passed"/>
			<testcase classname="Проверка чтения не-администраторами - &lt;test&gt;" name="РегистрНакопления.ТоварыНаСкладах: Проверка доступа на Чтение Не-Администраторами - &lt;test&gt;" time="0.016" status="passed"/>
			<testcase classname="Проверка чтения не-администраторами - &lt;test&gt;" name="РегистрСведений.ОтменаКорректировокПланаПроизводства: Проверка доступа на Чтение Не-Администраторами - &lt;test&gt;" time="0.016" status="passed"/>
			<testcase classname="Проверка чтения не-администраторами - &lt;test&gt;" name="РегистрСведений.ТОРО_ПрогнозныеДатыВоздействийЕО: Проверка доступа на Чтение Не-Администраторами - &lt;test&gt;" time="0.016" status="passed"/>
			<testcase classname="Проверка чтения не-администраторами - &lt;test&gt;" name="Константа.КонтекстРаботыГИСМ: Проверка доступа на Чтение Не-Администраторами - &lt;test&gt;" time="0" status="passed"/>
			<testcase classname="Проверка чтения не-администраторами - &lt;test&gt;" name="Константа.ИспользоватьГрафикиОплаты: Проверка доступа на Чтение Не-Администраторами - &lt;test&gt;" time="0" status="passed"/>
			<testcase classname="Проверка чтения не-администраторами - &lt;test&gt;" name="Константа.ИспользоватьСервисФормированияМЧБсPDF417ТолькоВРежимеВебКлиента: Проверка доступа на Чтение Не-Администраторами - &lt;test&gt;" time="0" status="passed"/>
			<testcase classname="Проверка чтения не-администраторами - &lt;test&gt;" name="Константа.ИспользоватьДоговорыКредитовИДепозитов: Проверка доступа на Чтение Не-Администраторами - &lt;test&gt;" time="0" status="passed"/>
			<testcase classname="Проверка чтения не-администраторами - &lt;test&gt;" name="РегистрСведений.ОстаткиНаБанковскихСчетахПоДаннымВыписок: Проверка доступа на Чтение Не-Администраторами - &lt;test&gt;" time="0.016" status="passed"/>
			<testcase classname="Проверка чтения не-администраторами - &lt;test&gt;" name="Документ.ТОРО_РеестрОбменаДанными: Проверка доступа на Чтение Не-Администраторами - &lt;test&gt;" time="0.016" status="passed"/>
			<testcase classname="Проверка чтения не-администраторами - &lt;test&gt;" name="Константа.СписокРасширенийТекстовыхФайлов: Проверка доступа на Чтение Не-Администраторами - &lt;test&gt;" time="0" status="passed"/>
			<testcase classname="Проверка чтения не-администраторами - &lt;test&gt;" name="Справочник.ТОРО_СтруктураАССиОИ: Проверка доступа на Чтение Не-Администраторами - &lt;test&gt;" time="0.015" status="passed"/>
			<testcase classname="Проверка чтения не-администраторами - &lt;test&gt;" name="РегистрСведений.БухучетЗарплатыСотрудников: Проверка доступа на Чтение Не-Администраторами - &lt;test&gt;" time="0.016" status="passed"/>
			<testcase classname="Проверка чтения не-администраторами - &lt;test&gt;" name="РегистрСведений.ВидыЗанятостиСотрудников: Проверка доступа на Чтение Не-Администраторами - &lt;test&gt;" time="0" status="passed"/>
			<testcase classname="Проверка чтения не-администраторами - &lt;test&gt;" name="РегистрСведений.ДокументыПоВыпущеннойПродукции: Проверка доступа на Чтение Не-Администраторами - &lt;test&gt;" time="0.031" status="passed"/>
			<testcase classname="Проверка чтения не-администраторами - &lt;test&gt;" name="РегистрНакопления.НачисленияУдержанияПоСотрудникамАвансом: Проверка доступа на Чтение Не-Администраторами - &lt;test&gt;" time="0" status="passed"/>
			<testcase classname="Проверка чтения не-администраторами - &lt;test&gt;" name="Константа.ЗагрузитьСообщениеОбменаДанными: Проверка доступа на Чтение Не-Администраторами - &lt;test&gt;" time="0.016" status="passed"/>
			<testcase classname="Проверка чтения не-администраторами - &lt;test&gt;" name="Константа.ПрефиксВесовогоШтрихкода: Проверка доступа на Чтение Не-Администраторами - &lt;test&gt;" time="0" status="passed"/>
			<testcase classname="Проверка чтения не-администраторами - &lt;test&gt;" name="РегистрСведений.НДССостояниеРеализации0: Проверка доступа на Чтение Не-Администраторами - &lt;test&gt;" time="0" status="passed"/>
			<testcase classname="Проверка чтения не-администраторами - &lt;test&gt;" name="Документ.ВедомостьУплатыАДВ_11: Проверка доступа на Чтение Не-Администраторами - &lt;test&gt;" time="0" status="passed"/>
			<testcase classname="Проверка чтения не-администраторами - &lt;test&gt;" name="Справочник.ЭДПрисоединенныеФайлы: Проверка доступа на Чтение Не-Администраторами - &lt;test&gt;" time="0.015" status="passed"/>
			<testcase classname="Проверка чтения не-администраторами - &lt;test&gt;" name="Документ.ВыкупВозвратнойТарыУПоставщика: Проверка доступа на Чтение Не-Администраторами - &lt;test&gt;" time="0.016" status="passed"/>
			<testcase classname="Проверка чтения не-администраторами - &lt;test&gt;" name="РегистрНакопления.ДвиженияНоменклатураДоходыРасходы: Проверка доступа на Чтение Не-Администраторами - &lt;test&gt;" time="0.031" status="passed"/>
			<testcase classname="Проверка чтения не-администраторами - &lt;test&gt;" name="Справочник.УдалитьСертификатыЭП: Проверка доступа на Чтение Не-Администраторами - &lt;test&gt;" time="0.047" status="failure">
				<failure message="[Failed] Ожидали, что проверяемое значение (Ложь) является ИСТИНОЙ.
Справочник.УдалитьСертификатыЭП недоступно для чтения ролями без привилегий
{ВнешняяОбработка.УтвержденияBDD.МодульОбъекта(293)}:	ВызватьИсключение Префикс + &quot; &quot; + СообщениеОшибки;
{ВнешняяОбработка.УтвержденияBDD.МодульОбъекта(46)}:		ВызватьОшибкуПроверки(СообщениеОшибки);
{ВнешняяОбработка.УтвержденияBDD.МодульОбъекта(53)}:	Возврат ЭтоИстина();
{ВнешняяОбработка.ПроверкаЧтенияНеАдминистраторами.МодульОбъекта(100)}:	Ожидаем.Что(ЧтениеДоступно, ПолноеИмяМетаданного + &quot; недоступно для чтения ролями без привилегий&quot;).ЕстьИстина();
{(1)}:КонтекстВыполнения.Тест_ПроверитьНеАдминистраторскиеПраваНаЧтение(Параметры[0],Параметры[1]);
{ВнешняяОбработка.xddTestRunner.МодульОбъекта(337)}:	Выполнить(ИcполняемыйКод);
{ВнешняяОбработка.xddTestRunner.МодульОбъекта(261)}:			ВыполнитьПроцедуруКонтекста(КонтекстВыполнения, ЭлементДереваТестов.ИмяМетода, ЭлементДереваТестов.Параметры);
{ВнешняяОбработка.xddTestRunner.Форма.УправляемаяФорма.Форма(913)}:	РезультатТестирования = ОбъектНаСервере.ВыполнитьТестовыйМетод(КонтекстВыполнения, ЭлементДереваТестов);
"/>
			</testcase>
			<testcase classname="Проверка чтения не-администраторами - &lt;test&gt;" name="РегистрСведений.ПервоначальныеСведенияОСБухгалтерскийУчет: Проверка доступа на Чтение Не-Администраторами - &lt;test&gt;" time="0.016" status="passed"/>
			<testcase classname="Проверка чтения не-администраторами - &lt;test&gt;" name="РегистрСведений.НастройкиКомандПечати: Проверка доступа на Чтение Не-Администраторами - &lt;test&gt;" time="0.047" status="failure">
				<failure message="[Failed] Ожидали, что проверяемое значение (Ложь) является ИСТИНОЙ.
РегистрСведений.НастройкиКомандПечати недоступно для чтения ролями без привилегий
{ВнешняяОбработка.УтвержденияBDD.МодульОбъекта(293)}:	ВызватьИсключение Префикс + &quot; &quot; + СообщениеОшибки;
{ВнешняяОбработка.УтвержденияBDD.МодульОбъекта(46)}:		ВызватьОшибкуПроверки(СообщениеОшибки);
{ВнешняяОбработка.УтвержденияBDD.МодульОбъекта(53)}:	Возврат ЭтоИстина();
{ВнешняяОбработка.ПроверкаЧтенияНеАдминистраторами.МодульОбъекта(100)}:	Ожидаем.Что(ЧтениеДоступно, ПолноеИмяМетаданного + &quot; недоступно для чтения ролями без привилегий&quot;).ЕстьИстина();
{(1)}:КонтекстВыполнения.Тест_ПроверитьНеАдминистраторскиеПраваНаЧтение(Параметры[0],Параметры[1]);
{ВнешняяОбработка.xddTestRunner.МодульОбъекта(337)}:	Выполнить(ИcполняемыйКод);
{ВнешняяОбработка.xddTestRunner.МодульОбъекта(261)}:			ВыполнитьПроцедуруКонтекста(КонтекстВыполнения, ЭлементДереваТестов.ИмяМетода, ЭлементДереваТестов.Параметры);
{ВнешняяОбработка.xddTestRunner.Форма.УправляемаяФорма.Форма(913)}:	РезультатТестирования = ОбъектНаСервере.ВыполнитьТестовыйМетод(КонтекстВыполнения, ЭлементДереваТестов);
"/>
			</testcase>
			<testcase classname="Проверка чтения не-администраторами - &lt;test&gt;" name="Константа.ИспользоватьОбменЭДМеждуОрганизациями: Проверка доступа на Чтение Не-Администраторами - &lt;test&gt;" time="0" status="passed"/>
			<testcase classname="Проверка чтения не-администраторами - &lt;test&gt;" name="РегистрСведений.ПорядокУчетаОСУУ: Проверка доступа на Чтение Не-Администраторами - &lt;test&gt;" time="0.016" status="passed"/>
			<testcase classname="Проверка чтения не-администраторами - &lt;test&gt;" name="РегистрСведений.ФайлыВРабочемКаталоге: Проверка доступа на Чтение Не-Администраторами - &lt;test&gt;" time="0.062" status="failure">
				<failure message="[Failed] Ожидали, что проверяемое значение (Ложь) является ИСТИНОЙ.
РегистрСведений.ФайлыВРабочемКаталоге недоступно для чтения ролями без привилегий
{ВнешняяОбработка.УтвержденияBDD.МодульОбъекта(293)}:	ВызватьИсключение Префикс + &quot; &quot; + СообщениеОшибки;
{ВнешняяОбработка.УтвержденияBDD.МодульОбъекта(46)}:		ВызватьОшибкуПроверки(СообщениеОшибки);
{ВнешняяОбработка.УтвержденияBDD.МодульОбъекта(53)}:	Возврат ЭтоИстина();
{ВнешняяОбработка.ПроверкаЧтенияНеАдминистраторами.МодульОбъекта(100)}:	Ожидаем.Что(ЧтениеДоступно, ПолноеИмяМетаданного + &quot; недоступно для чтения ролями без привилегий&quot;).ЕстьИстина();
{(1)}:КонтекстВыполнения.Тест_ПроверитьНеАдминистраторскиеПраваНаЧтение(Параметры[0],Параметры[1]);
{ВнешняяОбработка.xddTestRunner.МодульОбъекта(337)}:	Выполнить(ИcполняемыйКод);
{ВнешняяОбработка.xddTestRunner.МодульОбъекта(261)}:			ВыполнитьПроцедуруКонтекста(КонтекстВыполнения, ЭлементДереваТестов.ИмяМетода, ЭлементДереваТестов.Параметры);
{ВнешняяОбработка.xddTestRunner.Форма.УправляемаяФорма.Форма(913)}:	РезультатТестирования = ОбъектНаСервере.ВыполнитьТестовыйМетод(КонтекстВыполнения, ЭлементДереваТестов);
"/>
			</testcase>
			<testcase classname="Проверка чтения не-администраторами - &lt;test&gt;" name="Справочник.Заметки: Проверка доступа на Чтение Не-Администраторами - &lt;test&gt;" time="0" status="passed"/>
			<testcase classname="Проверка чтения не-администраторами - &lt;test&gt;" name="Документ.СчетФактураНаНеподтвержденнуюРеализацию0: Проверка доступа на Чтение Не-Администраторами - &lt;test&gt;" time="0" status="passed"/>
			<testcase classname="Проверка чтения не-администраторами - &lt;test&gt;" name="РегистрСведений.УдалитьРесурсыМеханизмаОнлайнСервисовРО: Проверка доступа на Чтение Не-Администраторами - &lt;test&gt;" time="0.015" status="passed"/>
			<testcase classname="Проверка чтения не-администраторами - &lt;test&gt;" name="РегистрСведений.УдалитьФайлыДокументовРеализацииПолномочийНалоговыхОрганов: Проверка доступа на Чтение Не-Администраторами - &lt;test&gt;" time="0.062" status="failure">
				<failure message="[Failed] Ожидали, что проверяемое значение (Ложь) является ИСТИНОЙ.
РегистрСведений.УдалитьФайлыДокументовРеализацииПолномочийНалоговыхОрганов недоступно для чтения ролями без привилегий
{ВнешняяОбработка.УтвержденияBDD.МодульОбъекта(293)}:	ВызватьИсключение Префикс + &quot; &quot; + СообщениеОшибки;
{ВнешняяОбработка.УтвержденияBDD.МодульОбъекта(46)}:		ВызватьОшибкуПроверки(СообщениеОшибки);
{ВнешняяОбработка.УтвержденияBDD.МодульОбъекта(53)}:	Возврат ЭтоИстина();
{ВнешняяОбработка.ПроверкаЧтенияНеАдминистраторами.МодульОбъекта(100)}:	Ожидаем.Что(ЧтениеДоступно, ПолноеИмяМетаданного + &quot; недоступно для чтения ролями без привилегий&quot;).ЕстьИстина();
{(1)}:КонтекстВыполнения.Тест_ПроверитьНеАдминистраторскиеПраваНаЧтение(Параметры[0],Параметры[1]);
{ВнешняяОбработка.xddTestRunner.МодульОбъекта(337)}:	Выполнить(ИcполняемыйКод);
{ВнешняяОбработка.xddTestRunner.МодульОбъекта(261)}:			ВыполнитьПроцедуруКонтекста(КонтекстВыполнения, ЭлементДереваТестов.ИмяМетода, ЭлементДереваТестов.Параметры);
{ВнешняяОбработка.xddTestRunner.Форма.УправляемаяФорма.Форма(913)}:	РезультатТестирования = ОбъектНаСервере.ВыполнитьТестовыйМетод(КонтекстВыполнения, ЭлементДереваТестов);
"/>
			</testcase>
			<testcase classname="Проверка чтения не-администраторами - &lt;test&gt;" name="Константа.УдалитьУчитыватьПравилаВнутреннегоТовародвиженияПриРасчетеТоварныхОграничений: Проверка доступа на Чтение Не-Администраторами - &lt;test&gt;" time="0.016" status="passed"/>
			<testcase classname="Проверка чтения не-администраторами - &lt;test&gt;" name="РегистрСведений.ВременноПребывающиеПринятыеПоДолгосрочнымДоговорам: Проверка доступа на Чтение Не-Администраторами - &lt;test&gt;" time="0" status="passed"/>
			<testcase classname="Проверка чтения не-администраторами - &lt;test&gt;" name="Константа.ИспользоватьАвтоматическуюОтправкуПолучениеДанныхМОТП: Проверка доступа на Чтение Не-Администраторами - &lt;test&gt;" time="0" status="passed"/>
			<testcase classname="Проверка чтения не-администраторами - &lt;test&gt;" name="РегистрСведений.КлючиДоступаКРегистрам: Проверка доступа на Чтение Не-Администраторами - &lt;test&gt;" time="0.078" status="failure">
				<failure message="[Failed] Ожидали, что проверяемое значение (Ложь) является ИСТИНОЙ.
РегистрСведений.КлючиДоступаКРегистрам недоступно для чтения ролями без привилегий
{ВнешняяОбработка.УтвержденияBDD.МодульОбъекта(293)}:	ВызватьИсключение Префикс + &quot; &quot; + СообщениеОшибки;
{ВнешняяОбработка.УтвержденияBDD.МодульОбъекта(46)}:		ВызватьОшибкуПроверки(СообщениеОшибки);
{ВнешняяОбработка.УтвержденияBDD.МодульОбъекта(53)}:	Возврат ЭтоИстина();
{ВнешняяОбработка.ПроверкаЧтенияНеАдминистраторами.МодульОбъекта(100)}:	Ожидаем.Что(ЧтениеДоступно, ПолноеИмяМетаданного + &quot; недоступно для чтения ролями без привилегий&quot;).ЕстьИстина();
{(1)}:КонтекстВыполнения.Тест_ПроверитьНеАдминистраторскиеПраваНаЧтение(Параметры[0],Параметры[1]);
{ВнешняяОбработка.xddTestRunner.МодульОбъекта(337)}:	Выполнить(ИcполняемыйКод);
{ВнешняяОбработка.xddTestRunner.МодульОбъекта(261)}:			ВыполнитьПроцедуруКонтекста(КонтекстВыполнения, ЭлементДереваТестов.ИмяМетода, ЭлементДереваТестов.Параметры);
{ВнешняяОбработка.xddTestRunner.Форма.УправляемаяФорма.Форма(913)}:	РезультатТестирования = ОбъектНаСервере.ВыполнитьТестовыйМетод(КонтекстВыполнения, ЭлементДереваТестов);
"/>
			</testcase>
			<testcase classname="Проверка чтения не-администраторами - &lt;test&gt;" name="Константа.НастройкиОблачногоАрхива: Проверка доступа на Чтение Не-Администраторами - &lt;test&gt;" time="0.015" status="passed"/>
			<testcase classname="Проверка чтения не-администраторами - &lt;test&gt;" name="Документ.ОтчетЕГАИС: Проверка доступа на Чтение Не-Администраторами - &lt;test&gt;" time="0.016" status="passed"/>
			<testcase classname="Проверка чтения не-администраторами - &lt;test&gt;" name="Справочник.ОжидаемоеПоступлениеДенежныхСредствПрисоединенныеФайлы: Проверка доступа на Чтение Не-Администраторами - &lt;test&gt;" time="0.015" status="passed"/>
			<testcase classname="Проверка чтения не-администраторами - &lt;test&gt;" name="РегистрНакопления.РасходыПриУСНТовары: Проверка доступа на Чтение Не-Администраторами - &lt;test&gt;" time="0" status="passed"/>
			<testcase classname="Проверка чтения не-администраторами - &lt;test&gt;" name="Справочник.ЗаявлениеНаПредоставлениеСтандартныхВычетовПоНДФЛПрисоединенныеФайлы: Проверка доступа на Чтение Не-Администраторами - &lt;test&gt;" time="0.015" status="passed"/>
			<testcase classname="Проверка чтения не-администраторами - &lt;test&gt;" name="РегистрСведений.ТОРО_КонтрагентыПользователи: Проверка доступа на Чтение Не-Администраторами - &lt;test&gt;" time="0.016" status="passed"/>
			<testcase classname="Проверка чтения не-администраторами - &lt;test&gt;" name="Константа.ВариантОбособленияМатериаловПриПередачеВПроизводство: Проверка доступа на Чтение Не-Администраторами - &lt;test&gt;" time="0.016" status="passed"/>
			<testcase classname="Проверка чтения не-администраторами - &lt;test&gt;" name="Константа.ИспользоватьПланированиеПоМатериальнымРесурсам: Проверка доступа на Чтение Не-Администраторами - &lt;test&gt;" time="0" status="passed"/>
			<testcase classname="Проверка чтения не-администраторами - &lt;test&gt;" name="РегистрНакопления.ТрудозатратыКОформлению: Проверка доступа на Чтение Не-Администраторами - &lt;test&gt;" time="0.031" status="passed"/>
			<testcase classname="Проверка чтения не-администраторами - &lt;test&gt;" name="Константа.ИспользоватьВнутреннееСогласованиеЗаказовКлиентов: Проверка доступа на Чтение Не-Администраторами - &lt;test&gt;" time="0" status="passed"/>
			<testcase classname="Проверка чтения не-администраторами - &lt;test&gt;" name="Справочник.ВариантыОтчетов: Проверка доступа на Чтение Не-Администраторами - &lt;test&gt;" time="0" status="passed"/>
			<testcase classname="Проверка чтения не-администраторами - &lt;test&gt;" name="Справочник.ПоказателиБюджетов: Проверка доступа на Чтение Не-Администраторами - &lt;test&gt;" time="0" status="passed"/>
			<testcase classname="Проверка чтения не-администраторами - &lt;test&gt;" name="РегистрСведений.ПользовательскиеМакетыПечати: Проверка доступа на Чтение Не-Администраторами - &lt;test&gt;" time="0" status="passed"/>
			<testcase classname="Проверка чтения не-администраторами - &lt;test&gt;" name="РегистрСведений.УдалитьУчастникиОбменовЭДЧерезОператоровЭДО: Проверка доступа на Чтение Не-Администраторами - &lt;test&gt;" time="0.063" status="failure">
				<failure message="[Failed] Ожидали, что проверяемое значение (Ложь) является ИСТИНОЙ.
РегистрСведений.УдалитьУчастникиОбменовЭДЧерезОператоровЭДО недоступно для чтения ролями без привилегий
{ВнешняяОбработка.УтвержденияBDD.МодульОбъекта(293)}:	ВызватьИсключение Префикс + &quot; &quot; + СообщениеОшибки;
{ВнешняяОбработка.УтвержденияBDD.МодульОбъекта(46)}:		ВызватьОшибкуПроверки(СообщениеОшибки);
{ВнешняяОбработка.УтвержденияBDD.МодульОбъекта(53)}:	Возврат ЭтоИстина();
{ВнешняяОбработка.ПроверкаЧтенияНеАдминистраторами.МодульОбъекта(100)}:	Ожидаем.Что(ЧтениеДоступно, ПолноеИмяМетаданного + &quot; недоступно для чтения ролями без привилегий&quot;).ЕстьИстина();
{(1)}:КонтекстВыполнения.Тест_ПроверитьНеАдминистраторскиеПраваНаЧтение(Параметры[0],Параметры[1]);
{ВнешняяОбработка.xddTestRunner.МодульОбъекта(337)}:	Выполнить(ИcполняемыйКод);
{ВнешняяОбработка.xddTestRunner.МодульОбъекта(261)}:			ВыполнитьПроцедуруКонтекста(КонтекстВыполнения, ЭлементДереваТестов.ИмяМетода, ЭлементДереваТестов.Параметры);
{ВнешняяОбработка.xddTestRunner.Форма.УправляемаяФорма.Форма(913)}:	РезультатТестирования = ОбъектНаСервере.ВыполнитьТестовыйМетод(КонтекстВыполнения, ЭлементДереваТестов);
"/>
			</testcase>
			<testcase classname="Проверка чтения не-администраторами - &lt;test&gt;" name="Справочник.ВидыВыплатБывшимСотрудникам: Проверка доступа на Чтение Не-Администраторами - &lt;test&gt;" time="0" status="passed"/>
			<testcase classname="Проверка чтения не-администраторами - &lt;test&gt;" name="Справочник.МакетыПенсионныхДелПрисоединенныеФайлы: Проверка доступа на Чтение Не-Администраторами - &lt;test&gt;" time="0.015" status="passed"/>
			<testcase classname="Проверка чтения не-администраторами - &lt;test&gt;" name="Документ.АктВыполненныхВнутреннихРабот: Проверка доступа на Чтение Не-Администраторами - &lt;test&gt;" time="0" status="passed"/>
			<testcase classname="Проверка чтения не-администраторами - &lt;test&gt;" name="Справочник.ИсточникиДанныхПланирования: Проверка доступа на Чтение Не-Администраторами - &lt;test&gt;" time="0.016" status="passed"/>
			<testcase classname="Проверка чтения не-администраторами - &lt;test&gt;" name="РегистрСведений.ПользователиБизнесСеть: Проверка доступа на Чтение Не-Администраторами - &lt;test&gt;" time="0.015" status="passed"/>
			<testcase classname="Проверка чтения не-администраторами - &lt;test&gt;" name="Документ.ТОРО_ВыполнениеЗаказаНаТОиР: Проверка доступа на Чтение Не-Администраторами - &lt;test&gt;" time="0.015" status="passed"/>
			<testcase classname="Проверка чтения не-администраторами - &lt;test&gt;" name="РегистрНакопления.ТоварыПереданныеНаКомиссию: Проверка доступа на Чтение Не-Администраторами - &lt;test&gt;" time="0.031" status="passed"/>
			<testcase classname="Проверка чтения не-администраторами - &lt;test&gt;" name="Справочник.ТОРО_КачественнаяОценкаПараметра: Проверка доступа на Чтение Не-Администраторами - &lt;test&gt;" time="0.015" status="passed"/>
			<testcase classname="Проверка чтения не-администраторами - &lt;test&gt;" name="Справочник.ТОРО_ИнвестиционныеПроекты: Проверка доступа на Чтение Не-Администраторами - &lt;test&gt;" time="0.015" status="passed"/>
			<testcase classname="Проверка чтения не-администраторами - &lt;test&gt;" name="Справочник.СценарииПооперационногоПланирования: Проверка доступа на Чтение Не-Администраторами - &lt;test&gt;" time="0" status="passed"/>
			<testcase classname="Проверка чтения не-администраторами - &lt;test&gt;" name="Справочник.ТОРО_КлассификаторОшибокРасчетаИТССтанции: Проверка доступа на Чтение Не-Администраторами - &lt;test&gt;" time="0.016" status="passed"/>
			<testcase classname="Проверка чтения не-администраторами - &lt;test&gt;" name="РегистрСведений.СкрытыеРегламентированныеОтчеты: Проверка доступа на Чтение Не-Администраторами - &lt;test&gt;" time="0.016" status="passed"/>
			<testcase classname="Проверка чтения не-администраторами - &lt;test&gt;" name="РегистрНакопления.ДенежныеСредстваВКассахККМ: Проверка доступа на Чтение Не-Администраторами - &lt;test&gt;" time="0.015" status="passed"/>
			<testcase classname="Проверка чтения не-администраторами - &lt;test&gt;" name="Документ.ПачкаДокументовСЗВ_6_1: Проверка доступа на Чтение Не-Администраторами - &lt;test&gt;" time="0" status="passed"/>
			<testcase classname="Проверка чтения не-администраторами - &lt;test&gt;" name="Справочник.РабочиеЦентры: Проверка доступа на Чтение Не-Администраторами - &lt;test&gt;" time="0" status="passed"/>
			<testcase classname="Проверка чтения не-администраторами - &lt;test&gt;" name="Константа.ТОРО_КодСистемыТТСЭА: Проверка доступа на Чтение Не-Администраторами - &lt;test&gt;" time="0.016" status="passed"/>
			<testcase classname="Проверка чтения не-администраторами - &lt;test&gt;" name="Константа.ИспользоватьПартнеровКакКонтрагентов: Проверка доступа на Чтение Не-Администраторами - &lt;test&gt;" time="0" status="passed"/>
			<testcase classname="Проверка чтения не-администраторами - &lt;test&gt;" name="РегистрСведений.ПорядокОтраженияНоменклатуры: Проверка доступа на Чтение Не-Администраторами - &lt;test&gt;" time="0" status="passed"/>
			<testcase classname="Проверка чтения не-администраторами - &lt;test&gt;" name="Константа.НеЗакрыватьЗаказыПереработчикамБезПолнойОплаты: Проверка доступа на Чтение Не-Администраторами - &lt;test&gt;" time="0" status="passed"/>
			<testcase classname="Проверка чтения не-администраторами - &lt;test&gt;" name="Справочник.ВедомостьНаВыплатуЗарплатыВБанкПрисоединенныеФайлы: Проверка доступа на Чтение Не-Администраторами - &lt;test&gt;" time="0" status="passed"/>
			<testcase classname="Проверка чтения не-администраторами - &lt;test&gt;" name="Справочник.ТранспортныеСредства: Проверка доступа на Чтение Не-Администраторами - &lt;test&gt;" time="0" status="passed"/>
			<testcase classname="Проверка чтения не-администраторами - &lt;test&gt;" name="Справочник.ВидыНоменклатурыПрисоединенныеФайлы: Проверка доступа на Чтение Не-Администраторами - &lt;test&gt;" time="0.031" status="passed"/>
			<testcase classname="Проверка чтения не-администраторами - &lt;test&gt;" name="Справочник.ЭтапыПодготовкиБюджетовПрисоединенныеФайлы: Проверка доступа на Чтение Не-Администраторами - &lt;test&gt;" time="0.015" status="passed"/>
			<testcase classname="Проверка чтения не-администраторами - &lt;test&gt;" name="Константа.АвтоПостановкаПоставщиковНаМониторингСПАРК: Проверка доступа на Чтение Не-Администраторами - &lt;test&gt;" time="0" status="passed"/>
			<testcase classname="Проверка чтения не-администраторами - &lt;test&gt;" name="Документ.ЗаказНаСборку: Проверка доступа на Чтение Не-Администраторами - &lt;test&gt;" time="0" status="passed"/>
			<testcase classname="Проверка чтения не-администраторами - &lt;test&gt;" name="РегистрНакопления.ПланыЗанятостиТрудовыхРесурсов: Проверка доступа на Чтение Не-Администраторами - &lt;test&gt;" time="0" status="passed"/>
			<testcase classname="Проверка чтения не-администраторами - &lt;test&gt;" name="РегистрСведений.ОчередьИзвлеченияТекста: Проверка доступа на Чтение Не-Администраторами - &lt;test&gt;" time="0.047" status="passed"/>
			<testcase classname="Проверка чтения не-администраторами - &lt;test&gt;" name="Константа.МаксимальнаяДлительностьВыполненияИсполняющегоФоновогоЗадания: Проверка доступа на Чтение Не-Администраторами - &lt;test&gt;" time="0" status="passed"/>
			<testcase classname="Проверка чтения не-администраторами - &lt;test&gt;" name="РегистрНакопления.АмортизацияОС: Проверка доступа на Чтение Не-Администраторами - &lt;test&gt;" time="0.016" status="passed"/>
			<testcase classname="Проверка чтения не-администраторами - &lt;test&gt;" name="Справочник.КорректировкаПриобретенияПрисоединенныеФайлы: Проверка доступа на Чтение Не-Администраторами - &lt;test&gt;" time="0" status="passed"/>
			<testcase classname="Проверка чтения не-администраторами - &lt;test&gt;" name="Константа.ФорматСохраненияРегистровУчета: Проверка доступа на Чтение Не-Администраторами - &lt;test&gt;" time="0.015" status="passed"/>
			<testcase classname="Проверка чтения не-администраторами - &lt;test&gt;" name="РегистрСведений.ПервоначальныеСведенияНМАБухгалтерскийУчет: Проверка доступа на Чтение Не-Администраторами - &lt;test&gt;" time="0.016" status="passed"/>
			<testcase classname="Проверка чтения не-администраторами - &lt;test&gt;" name="РегистрСведений.ОтправленныеОповещенияПоБюджетнымЗадачам: Проверка доступа на Чтение Не-Администраторами - &lt;test&gt;" time="0.063" status="failure">
				<failure message="[Failed] Ожидали, что проверяемое значение (Ложь) является ИСТИНОЙ.
РегистрСведений.ОтправленныеОповещенияПоБюджетнымЗадачам недоступно для чтения ролями без привилегий
{ВнешняяОбработка.УтвержденияBDD.МодульОбъекта(293)}:	ВызватьИсключение Префикс + &quot; &quot; + СообщениеОшибки;
{ВнешняяОбработка.УтвержденияBDD.МодульОбъекта(46)}:		ВызватьОшибкуПроверки(СообщениеОшибки);
{ВнешняяОбработка.УтвержденияBDD.МодульОбъекта(53)}:	Возврат ЭтоИстина();
{ВнешняяОбработка.ПроверкаЧтенияНеАдминистраторами.МодульОбъекта(100)}:	Ожидаем.Что(ЧтениеДоступно, ПолноеИмяМетаданного + &quot; недоступно для чтения ролями без привилегий&quot;).ЕстьИстина();
{(1)}:КонтекстВыполнения.Тест_ПроверитьНеАдминистраторскиеПраваНаЧтение(Параметры[0],Параметры[1]);
{ВнешняяОбработка.xddTestRunner.МодульОбъекта(337)}:	Выполнить(ИcполняемыйКод);
{ВнешняяОбработка.xddTestRunner.МодульОбъекта(261)}:			ВыполнитьПроцедуруКонтекста(КонтекстВыполнения, ЭлементДереваТестов.ИмяМетода, ЭлементДереваТестов.Параметры);
{ВнешняяОбработка.xddTestRunner.Форма.УправляемаяФорма.Форма(913)}:	РезультатТестирования = ОбъектНаСервере.ВыполнитьТестовыйМетод(КонтекстВыполнения, ЭлементДереваТестов);
"/>
			</testcase>
			<testcase classname="Проверка чтения не-администраторами - &lt;test&gt;" name="Документ.ВозвратОСОтАрендатора2_4: Проверка доступа на Чтение Не-Администраторами - &lt;test&gt;" time="0.016" status="passed"/>
			<testcase classname="Проверка чтения не-администраторами - &lt;test&gt;" name="Справочник.РаботаВВыходныеИПраздничныеДниПрисоединенныеФайлы: Проверка доступа на Чтение Не-Администраторами - &lt;test&gt;" time="0.015" status="passed"/>
			<testcase classname="Проверка чтения не-администраторами - &lt;test&gt;" name="Документ.РегламентнаяОперацияМеждународныйУчет: Проверка доступа на Чтение Не-Администраторами - &lt;test&gt;" time="0.015" status="passed"/>
			<testcase classname="Проверка чтения не-администраторами - &lt;test&gt;" name="Константа.ИспользоватьХарактеристикиНоменклатуры: Проверка доступа на Чтение Не-Администраторами - &lt;test&gt;" time="0.016" status="passed"/>
			<testcase classname="Проверка чтения не-администраторами - &lt;test&gt;" name="Справочник.ПравилаНачисленияИСписанияБонусныхБаллов: Проверка доступа на Чтение Не-Администраторами - &lt;test&gt;" time="0" status="passed"/>
			<testcase classname="Проверка чтения не-администраторами - &lt;test&gt;" name="Константа.РежимФормированияРасходныхОрдеров: Проверка доступа на Чтение Не-Администраторами - &lt;test&gt;" time="0" status="passed"/>
			<testcase classname="Проверка чтения не-администраторами - &lt;test&gt;" name="Справочник.ИсполнительныйЛистПрисоединенныеФайлы: Проверка доступа на Чтение Не-Администраторами - &lt;test&gt;" time="0" status="passed"/>
			<testcase classname="Проверка чтения не-администраторами - &lt;test&gt;" name="Справочник.ТОРО_ИнвестиционныйПроектПрисоединенныеФайлы: Проверка доступа на Чтение Не-Администраторами - &lt;test&gt;" time="0.016" status="passed"/>
			<testcase classname="Проверка чтения не-администраторами - &lt;test&gt;" name="Константа.ИспользоватьДатуНачалаЗадач: Проверка доступа на Чтение Не-Администраторами - &lt;test&gt;" time="0" status="passed"/>
			<testcase classname="Проверка чтения не-администраторами - &lt;test&gt;" name="Константа.СинхронизироватьДанныеСПриложениемВИнтернетеПриНачалеРаботыПрограммы: Проверка доступа на Чтение Не-Администраторами - &lt;test&gt;" time="0.015" status="passed"/>
			<testcase classname="Проверка чтения не-администраторами - &lt;test&gt;" name="Документ.ТОРО_ФормированиеАварийногоЗапаса: Проверка доступа на Чтение Не-Администраторами - &lt;test&gt;" time="0.016" status="passed"/>
			<testcase classname="Проверка чтения не-администраторами - &lt;test&gt;" name="Константа.КонтролироватьОстаткиНомеровГТДПриИмпортеПоСхемеТоварыВПути: Проверка доступа на Чтение Не-Администраторами - &lt;test&gt;" time="0.015" status="passed"/>
			<testcase classname="Проверка чтения не-администраторами - &lt;test&gt;" name="Справочник.ОтменаСовмещенияПрисоединенныеФайлы: Проверка доступа на Чтение Не-Администраторами - &lt;test&gt;" time="0" status="passed"/>
			<testcase classname="Проверка чтения не-администраторами - &lt;test&gt;" name="РегистрСведений.УдалитьЗамерыВремениТехнологические: Проверка доступа на Чтение Не-Администраторами - &lt;test&gt;" time="0.031" status="passed"/>
			<testcase classname="Проверка чтения не-администраторами - &lt;test&gt;" name="Справочник.ЕдиницыИзмеренияВЕТИС: Проверка доступа на Чтение Не-Администраторами - &lt;test&gt;" time="0" status="passed"/>
			<testcase classname="Проверка чтения не-администраторами - &lt;test&gt;" name="Справочник.КлассификаторОрганизацийЕГАИС: Проверка доступа на Чтение Не-Администраторами - &lt;test&gt;" time="0" status="passed"/>
			<testcase classname="Проверка чтения не-администраторами - &lt;test&gt;" name="Справочник.РассылкиОтчетов: Проверка доступа на Чтение Не-Администраторами - &lt;test&gt;" time="0.016" status="passed"/>
			<testcase classname="Проверка чтения не-администраторами - &lt;test&gt;" name="РегистрСведений.ДокументыПоТребованиюФНС: Проверка доступа на Чтение Не-Администраторами - &lt;test&gt;" time="0" status="passed"/>
			<testcase classname="Проверка чтения не-администраторами - &lt;test&gt;" name="Документ.ЗаявкаНаВозвратТоваровОтКлиента: Проверка доступа на Чтение Не-Администраторами - &lt;test&gt;" time="0" status="passed"/>
			<testcase classname="Проверка чтения не-администраторами - &lt;test&gt;" name="Константа.ИспользоватьСогласованиеЗаказовПоставщикам: Проверка доступа на Чтение Не-Администраторами - &lt;test&gt;" time="0.016" status="passed"/>
			<testcase classname="Проверка чтения не-администраторами - &lt;test&gt;" name="Константа.ИспользоватьЭлектроннуюПочту1СДокументооборота: Проверка доступа на Чтение Не-Администраторами - &lt;test&gt;" time="0" status="passed"/>
			<testcase classname="Проверка чтения не-администраторами - &lt;test&gt;" name="РегистрСведений.УдалитьПредельнаяВеличинаБазыСтраховыхВзносов: Проверка доступа на Чтение Не-Администраторами - &lt;test&gt;" time="0.031" status="passed"/>
			<testcase classname="Проверка чтения не-администраторами - &lt;test&gt;" name="РегистрСведений.УсловияОплатыОтпускаПоУходуЗаРебенкомИспр: Проверка доступа на Чтение Не-Администраторами - &lt;test&gt;" time="0.062" status="failure">
				<failure message="[Failed] Ожидали, что проверяемое значение (Ложь) является ИСТИНОЙ.
РегистрСведений.УсловияОплатыОтпускаПоУходуЗаРебенкомИспр недоступно для чтения ролями без привилегий
{ВнешняяОбработка.УтвержденияBDD.МодульОбъекта(293)}:	ВызватьИсключение Префикс + &quot; &quot; + СообщениеОшибки;
{ВнешняяОбработка.УтвержденияBDD.МодульОбъекта(46)}:		ВызватьОшибкуПроверки(СообщениеОшибки);
{ВнешняяОбработка.УтвержденияBDD.МодульОбъекта(53)}:	Возврат ЭтоИстина();
{ВнешняяОбработка.ПроверкаЧтенияНеАдминистраторами.МодульОбъекта(100)}:	Ожидаем.Что(ЧтениеДоступно, ПолноеИмяМетаданного + &quot; недоступно для чтения ролями без привилегий&quot;).ЕстьИстина();
{(1)}:КонтекстВыполнения.Тест_ПроверитьНеАдминистраторскиеПраваНаЧтение(Параметры[0],Параметры[1]);
{ВнешняяОбработка.xddTestRunner.МодульОбъекта(337)}:	Выполнить(ИcполняемыйКод);
{ВнешняяОбработка.xddTestRunner.МодульОбъекта(261)}:			ВыполнитьПроцедуруКонтекста(КонтекстВыполнения, ЭлементДереваТестов.ИмяМетода, ЭлементДереваТестов.Параметры);
{ВнешняяОбработка.xddTestRunner.Форма.УправляемаяФорма.Форма(913)}:	РезультатТестирования = ОбъектНаСервере.ВыполнитьТестовыйМетод(КонтекстВыполнения, ЭлементДереваТестов);
"/>
			</testcase>
			<testcase classname="Проверка чтения не-администраторами - &lt;test&gt;" name="РегистрСведений.ТОРО_ГрафикиРемонтовОрганизаций: Проверка доступа на Чтение Не-Администраторами - &lt;test&gt;" time="0.016" status="passed"/>
			<testcase classname="Проверка чтения не-администраторами - &lt;test&gt;" name="Константа.ИспользоватьНесколькоОрганизаций: Проверка доступа на Чтение Не-Администраторами - &lt;test&gt;" time="0" status="passed"/>
			<testcase classname="Проверка чтения не-администраторами - &lt;test&gt;" name="Справочник.ТОРО_ГрафикПроизводстваРаботПоТПиРПрисоединенныеФайлы: Проверка доступа на Чтение Не-Администраторами - &lt;test&gt;" time="0.016" status="passed"/>
			<testcase classname="Проверка чтения не-администраторами - &lt;test&gt;" name="РегистрСведений.ЗамерыВремениТехнологические: Проверка доступа на Чтение Не-Администраторами - &lt;test&gt;" time="0.016" status="passed"/>
			<testcase classname="Проверка чтения не-администраторами - &lt;test&gt;" name="РегистрСведений.РасчетНормированияРасходов: Проверка доступа на Чтение Не-Администраторами - &lt;test&gt;" time="0.015" status="passed"/>
			<testcase classname="Проверка чтения не-администраторами - &lt;test&gt;" name="Справочник.ТОРО_ПриоритетыИП: Проверка доступа на Чтение Не-Администраторами - &lt;test&gt;" time="0.016" status="passed"/>
			<testcase classname="Проверка чтения не-администраторами - &lt;test&gt;" name="Константа.ДатаНачалаПечатиЕдиногоАвансовогоОтчета: Проверка доступа на Чтение Не-Администраторами - &lt;test&gt;" time="0" status="passed"/>
			<testcase classname="Проверка чтения не-администраторами - &lt;test&gt;" name="Константа.ВерсияДатЗапретаИзменения: Проверка доступа на Чтение Не-Администраторами - &lt;test&gt;" time="0" status="passed"/>
			<testcase classname="Проверка чтения не-администраторами - &lt;test&gt;" name="Константа.ВестиУчетНаПланеСчетовХозрасчетныйВВалютеФинОтчетности: Проверка доступа на Чтение Не-Администраторами - &lt;test&gt;" time="0" status="passed"/>
			<testcase classname="Проверка чтения не-администраторами - &lt;test&gt;" name="РегистрНакопления.ГрафикПоступленияТоваров: Проверка доступа на Чтение Не-Администраторами - &lt;test&gt;" time="0.031" status="passed"/>
			<testcase classname="Проверка чтения не-администраторами - &lt;test&gt;" name="Документ.ТОРО_ЗаказНаТПиР: Проверка доступа на Чтение Не-Администраторами - &lt;test&gt;" time="0.016" status="passed"/>
			<testcase classname="Проверка чтения не-администраторами - &lt;test&gt;" name="Константа.ИспользоватьГруппыАналитическогоУчетаНоменклатуры: Проверка доступа на Чтение Не-Администраторами - &lt;test&gt;" time="0" status="passed"/>
			<testcase classname="Проверка чтения не-администраторами - &lt;test&gt;" name="Справочник.ТОРО_ОбстоятельстваОбнаруженияДефектов: Проверка доступа на Чтение Не-Администраторами - &lt;test&gt;" time="0.016" status="passed"/>
			<testcase classname="Проверка чтения не-администраторами - &lt;test&gt;" name="РегистрСведений.ТоварыДругогоКачества: Проверка доступа на Чтение Не-Администраторами - &lt;test&gt;" time="0" status="passed"/>
			<testcase classname="Проверка чтения не-администраторами - &lt;test&gt;" name="Справочник.ГруппыРассылокИОповещений: Проверка доступа на Чтение Не-Администраторами - &lt;test&gt;" time="0.016" status="passed"/>
			<testcase classname="Проверка чтения не-администраторами - &lt;test&gt;" name="Документ.СписаниеОС: Проверка доступа на Чтение Не-Администраторами - &lt;test&gt;" time="0" status="passed"/>
			<testcase classname="Проверка чтения не-администраторами - &lt;test&gt;" name="Документ.РегистрацияНаработокТМЦВЭксплуатации: Проверка доступа на Чтение Не-Администраторами - &lt;test&gt;" time="0.031" status="passed"/>
			<testcase classname="Проверка чтения не-администраторами - &lt;test&gt;" name="Документ.ЗапросНаИнформационноеОбслуживаниеСтрахователя: Проверка доступа на Чтение Не-Администраторами - &lt;test&gt;" time="0.016" status="passed"/>
			<testcase classname="Проверка чтения не-администраторами - &lt;test&gt;" name="РегистрСведений.ПлановыеАвансыИнтервальный: Проверка доступа на Чтение Не-Администраторами - &lt;test&gt;" time="0.016" status="passed"/>
			<testcase classname="Проверка чтения не-администраторами - &lt;test&gt;" name="Документ.ТОРО_ЗаявкаНаУточнениеПараметровТС: Проверка доступа на Чтение Не-Администраторами - &lt;test&gt;" time="0.015" status="passed"/>
			<testcase classname="Проверка чтения не-администраторами - &lt;test&gt;" name="РегистрСведений.ТОРО_ЖурналОбработанныхСообщенийМО: Проверка доступа на Чтение Не-Администраторами - &lt;test&gt;" time="0.015" status="passed"/>
			<testcase classname="Проверка чтения не-администраторами - &lt;test&gt;" name="РегистрСведений.ПодписываемыеВидыЭД: Проверка доступа на Чтение Не-Администраторами - &lt;test&gt;" time="0" status="passed"/>
			<testcase classname="Проверка чтения не-администраторами - &lt;test&gt;" name="РегистрСведений.ТОРО_ИТС: Проверка доступа на Чтение Не-Администраторами - &lt;test&gt;" time="0.015" status="passed"/>
			<testcase classname="Проверка чтения не-администраторами - &lt;test&gt;" name="РегистрСведений.ОбщиеНастройкиУзловИнформационныхБаз: Проверка доступа на Чтение Не-Администраторами - &lt;test&gt;" time="0.063" status="failure">
				<failure message="[Failed] Ожидали, что проверяемое значение (Ложь) является ИСТИНОЙ.
РегистрСведений.ОбщиеНастройкиУзловИнформационныхБаз недоступно для чтения ролями без привилегий
{ВнешняяОбработка.УтвержденияBDD.МодульОбъекта(293)}:	ВызватьИсключение Префикс + &quot; &quot; + СообщениеОшибки;
{ВнешняяОбработка.УтвержденияBDD.МодульОбъекта(46)}:		ВызватьОшибкуПроверки(СообщениеОшибки);
{ВнешняяОбработка.УтвержденияBDD.МодульОбъекта(53)}:	Возврат ЭтоИстина();
{ВнешняяОбработка.ПроверкаЧтенияНеАдминистраторами.МодульОбъекта(100)}:	Ожидаем.Что(ЧтениеДоступно, ПолноеИмяМетаданного + &quot; недоступно для чтения ролями без привилегий&quot;).ЕстьИстина();
{(1)}:КонтекстВыполнения.Тест_ПроверитьНеАдминистраторскиеПраваНаЧтение(Параметры[0],Параметры[1]);
{ВнешняяОбработка.xddTestRunner.МодульОбъекта(337)}:	Выполнить(ИcполняемыйКод);
{ВнешняяОбработка.xddTestRunner.МодульОбъекта(261)}:			ВыполнитьПроцедуруКонтекста(КонтекстВыполнения, ЭлементДереваТестов.ИмяМетода, ЭлементДереваТестов.Параметры);
{ВнешняяОбработка.xddTestRunner.Форма.УправляемаяФорма.Форма(913)}:	РезультатТестирования = ОбъектНаСервере.ВыполнитьТестовыйМетод(КонтекстВыполнения, ЭлементДереваТестов);
"/>
			</testcase>
			<testcase classname="Проверка чтения не-администраторами - &lt;test&gt;" name="Справочник.ТОРО_ПечатныеФормы: Проверка доступа на Чтение Не-Администраторами - &lt;test&gt;" time="0.015" status="passed"/>
			<testcase classname="Проверка чтения не-администраторами - &lt;test&gt;" name="Константа.ИнтеграцияС1СДокументооборотПарольДляОбмена: Проверка доступа на Чтение Не-Администраторами - &lt;test&gt;" time="0" status="passed"/>
			<testcase classname="Проверка чтения не-администраторами - &lt;test&gt;" name="Справочник.ТОРО_МетодикаРасчетаИТС: Проверка доступа на Чтение Не-Администраторами - &lt;test&gt;" time="0.016" status="passed"/>
			<testcase classname="Проверка чтения не-администраторами - &lt;test&gt;" name="Документ.УведомлениеОПрекращенииОтпускаПоУходуЗаРебенком: Проверка доступа на Чтение Не-Администраторами - &lt;test&gt;" time="0" status="passed"/>
			<testcase classname="Проверка чтения не-администраторами - &lt;test&gt;" name="РегистрСведений.ТОРО_СведенияПоДефектамОборудования: Проверка доступа на Чтение Не-Администраторами - &lt;test&gt;" time="0.016" status="passed"/>
			<testcase classname="Проверка чтения не-администраторами - &lt;test&gt;" name="Справочник.БонусныеПрограммыЛояльности: Проверка доступа на Чтение Не-Администраторами - &lt;test&gt;" time="0" status="passed"/>
			<testcase classname="Проверка чтения не-администраторами - &lt;test&gt;" name="РегистрСведений.ТОРО_ПериодичностьВоздействий: Проверка доступа на Чтение Не-Администраторами - &lt;test&gt;" time="0.016" status="passed"/>
			<testcase classname="Проверка чтения не-администраторами - &lt;test&gt;" name="Документ.СчетФактураПолученныйАванс: Проверка доступа на Чтение Не-Администраторами - &lt;test&gt;" time="0" status="passed"/>
			<testcase classname="Проверка чтения не-администраторами - &lt;test&gt;" name="Константа.МетодикаУправленияПроизводством: Проверка доступа на Чтение Не-Администраторами - &lt;test&gt;" time="0.016" status="passed"/>
			<testcase classname="Проверка чтения не-администраторами - &lt;test&gt;" name="РегистрСведений.УдалитьСтатусОбменовСЯндексКассой: Проверка доступа на Чтение Не-Администраторами - &lt;test&gt;" time="0.063" status="failure">
				<failure message="[Failed] Ожидали, что проверяемое значение (Ложь) является ИСТИНОЙ.
РегистрСведений.УдалитьСтатусОбменовСЯндексКассой недоступно для чтения ролями без привилегий
{ВнешняяОбработка.УтвержденияBDD.МодульОбъекта(293)}:	ВызватьИсключение Префикс + &quot; &quot; + СообщениеОшибки;
{ВнешняяОбработка.УтвержденияBDD.МодульОбъекта(46)}:		ВызватьОшибкуПроверки(СообщениеОшибки);
{ВнешняяОбработка.УтвержденияBDD.МодульОбъекта(53)}:	Возврат ЭтоИстина();
{ВнешняяОбработка.ПроверкаЧтенияНеАдминистраторами.МодульОбъекта(100)}:	Ожидаем.Что(ЧтениеДоступно, ПолноеИмяМетаданного + &quot; недоступно для чтения ролями без привилегий&quot;).ЕстьИстина();
{(1)}:КонтекстВыполнения.Тест_ПроверитьНеАдминистраторскиеПраваНаЧтение(Параметры[0],Параметры[1]);
{ВнешняяОбработка.xddTestRunner.МодульОбъекта(337)}:	Выполнить(ИcполняемыйКод);
{ВнешняяОбработка.xddTestRunner.МодульОбъекта(261)}:			ВыполнитьПроцедуруКонтекста(КонтекстВыполнения, ЭлементДереваТестов.ИмяМетода, ЭлементДереваТестов.Параметры);
{ВнешняяОбработка.xddTestRunner.Форма.УправляемаяФорма.Форма(913)}:	РезультатТестирования = ОбъектНаСервере.ВыполнитьТестовыйМетод(КонтекстВыполнения, ЭлементДереваТестов);
"/>
			</testcase>
			<testcase classname="Проверка чтения не-администраторами - &lt;test&gt;" name="Константа.ДопустимоеОтклонениеОтгрузкиПриемкиМерныхТоваров: Проверка доступа на Чтение Не-Администраторами - &lt;test&gt;" time="0" status="passed"/>
			<testcase classname="Проверка чтения не-администраторами - &lt;test&gt;" name="Справочник.ИзменениеУсловийИсполнительногоЛистаПрисоединенныеФайлы: Проверка доступа на Чтение Не-Администраторами - &lt;test&gt;" time="0.016" status="passed"/>
			<testcase classname="Проверка чтения не-администраторами - &lt;test&gt;" name="РегистрСведений.АналитикаУчетаПартий: Проверка доступа на Чтение Не-Администраторами - &lt;test&gt;" time="0.016" status="passed"/>
			<testcase classname="Проверка чтения не-администраторами - &lt;test&gt;" name="Справочник.ПравилаЛимитовПоДаннымБюджетирования: Проверка доступа на Чтение Не-Администраторами - &lt;test&gt;" time="0" status="passed"/>
			<testcase classname="Проверка чтения не-администраторами - &lt;test&gt;" name="РегистрНакопления.БухучетНачисленияУдержанияПоКонтрагентамАкционерам: Проверка доступа на Чтение Не-Администраторами - &lt;test&gt;" time="0" status="passed"/>
			<testcase classname="Проверка чтения не-администраторами - &lt;test&gt;" name="Документ.ПереводОсновныхСредствИнвестиционногоИмуществаМеждународныйУчет: Проверка доступа на Чтение Не-Администраторами - &lt;test&gt;" time="0.015" status="passed"/>
			<testcase classname="Проверка чтения не-администраторами - &lt;test&gt;" name="РегистрСведений.ГраницыКонтролируемостиСделок: Проверка доступа на Чтение Не-Администраторами - &lt;test&gt;" time="0.015" status="passed"/>
			<testcase classname="Проверка чтения не-администраторами - &lt;test&gt;" name="Справочник.ВедомостьНаВыплатуЗарплатыРаздатчикомПрисоединенныеФайлы: Проверка доступа на Чтение Не-Администраторами - &lt;test&gt;" time="0.015" status="passed"/>
			<testcase classname="Проверка чтения не-администраторами - &lt;test&gt;" name="Документ.Командировка: Проверка доступа на Чтение Не-Администраторами - &lt;test&gt;" time="0.016" status="passed"/>
			<testcase classname="Проверка чтения не-администраторами - &lt;test&gt;" name="РегистрСведений.ОчередьПолученияКвитанцийОФиксацииГИСМ: Проверка доступа на Чтение Не-Администраторами - &lt;test&gt;" time="0" status="passed"/>
			<testcase classname="Проверка чтения не-администраторами - &lt;test&gt;" name="РегистрСведений.ДолиСписанияКосвенныхРасходов: Проверка доступа на Чтение Не-Администраторами - &lt;test&gt;" time="0.031" status="passed"/>
			<testcase classname="Проверка чтения не-администраторами - &lt;test&gt;" name="РегистрСведений.ПлановыйФОТ: Проверка доступа на Чтение Не-Администраторами - &lt;test&gt;" time="0" status="passed"/>
			<testcase classname="Проверка чтения не-администраторами - &lt;test&gt;" name="РегистрСведений.СостоянияЗаказовКлиентов: Проверка доступа на Чтение Не-Администраторами - &lt;test&gt;" time="0" status="passed"/>
			<testcase classname="Проверка чтения не-администраторами - &lt;test&gt;" name="ПланОбмена.ТОРО_ОбменУправлениеПредприятиемУПП13: Проверка доступа на Чтение Не-Администраторами - &lt;test&gt;" time="0.015" status="passed"/>
			<testcase classname="Проверка чтения не-администраторами - &lt;test&gt;" name="Константа.УдалитьАвтоматическиПолучатьУведомленияОтЯндексКассы: Проверка доступа на Чтение Не-Администраторами - &lt;test&gt;" time="0.016" status="passed"/>
			<testcase classname="Проверка чтения не-администраторами - &lt;test&gt;" name="Константа.КоличествоПериодовДляАнализаНоменклатурыПродаваемойСовместно: Проверка доступа на Чтение Не-Администраторами - &lt;test&gt;" time="0.016" status="passed"/>
			<testcase classname="Проверка чтения не-администраторами - &lt;test&gt;" name="Документ.ПринятиеКУчетуНМА: Проверка доступа на Чтение Не-Администраторами - &lt;test&gt;" time="0" status="passed"/>
			<testcase classname="Проверка чтения не-администраторами - &lt;test&gt;" name="РегистрСведений.РейтингАктивностиОбластейДанных: Проверка доступа на Чтение Не-Администраторами - &lt;test&gt;" time="0.031" status="passed"/>
			<testcase classname="Проверка чтения не-администраторами - &lt;test&gt;" name="Справочник.ТОРО_КорректировкаЗаказаНаТОПрисоединенныеФайлы: Проверка доступа на Чтение Не-Администраторами - &lt;test&gt;" time="0.016" status="passed"/>
			<testcase classname="Проверка чтения не-администраторами - &lt;test&gt;" name="РегистрСведений.ПлатежныеДокументыПеречисленияЗарплаты: Проверка доступа на Чтение Не-Администраторами - &lt;test&gt;" time="0.016" status="passed"/>
			<testcase classname="Проверка чтения не-администраторами - &lt;test&gt;" name="РегистрСведений.ТОРО_НастройкиОповещенийПользователей: Проверка доступа на Чтение Не-Администраторами - &lt;test&gt;" time="0.015" status="passed"/>
			<testcase classname="Проверка чтения не-администраторами - &lt;test&gt;" name="Справочник.ТОРО_ЦелеваяПрограммаПрисоединенныеФайлы: Проверка доступа на Чтение Не-Администраторами - &lt;test&gt;" time="0.016" status="passed"/>
			<testcase classname="Проверка чтения не-администраторами - &lt;test&gt;" name="Константа.ФормироватьВидыЗапасовПоПодразделениямМенеджерам: Проверка доступа на Чтение Не-Администраторами - &lt;test&gt;" time="0" status="passed"/>
			<testcase classname="Проверка чтения не-администраторами - &lt;test&gt;" name="РегистрСведений.БлокировкиСкладскихЯчеек: Проверка доступа на Чтение Не-Администраторами - &lt;test&gt;" time="0.031" status="passed"/>
			<testcase classname="Проверка чтения не-администраторами - &lt;test&gt;" name="Справочник.ТОРО_КритичностьОборудования: Проверка доступа на Чтение Не-Администраторами - &lt;test&gt;" time="0.016" status="passed"/>
			<testcase classname="Проверка чтения не-администраторами - &lt;test&gt;" name="РегистрНакопления.ТОРО_ЗаказыТПиРМатериалыИУслуги: Проверка доступа на Чтение Не-Администраторами - &lt;test&gt;" time="0.016" status="passed"/>
			<testcase classname="Проверка чтения не-администраторами - &lt;test&gt;" name="РегистрСведений.КвотыАссортимента: Проверка доступа на Чтение Не-Администраторами - &lt;test&gt;" time="0" status="passed"/>
			<testcase classname="Проверка чтения не-администраторами - &lt;test&gt;" name="Константа.ИспользоватьНесколькоРасчетныхСчетовКасс: Проверка доступа на Чтение Не-Администраторами - &lt;test&gt;" time="0.016" status="passed"/>
			<testcase classname="Проверка чтения не-администраторами - &lt;test&gt;" name="Документ.РаспределениеПрочихЗатрат: Проверка доступа на Чтение Не-Администраторами - &lt;test&gt;" time="0.016" status="passed"/>
			<testcase classname="Проверка чтения не-администраторами - &lt;test&gt;" name="Документ.ПачкаДокументовСПВ_2: Проверка доступа на Чтение Не-Администраторами - &lt;test&gt;" time="0" status="passed"/>
			<testcase classname="Проверка чтения не-администраторами - &lt;test&gt;" name="Константа.ОтправкаЭлектронныхЧековПослеПробитияЧека: Проверка доступа на Чтение Не-Администраторами - &lt;test&gt;" time="0.015" status="passed"/>
			<testcase classname="Проверка чтения не-администраторами - &lt;test&gt;" name="Константа.КаталогВыгрузкиПодтверждающихДокументов: Проверка доступа на Чтение Не-Администраторами - &lt;test&gt;" time="0" status="passed"/>
			<testcase classname="Проверка чтения не-администраторами - &lt;test&gt;" name="Константа.ИспользоватьСогласованиеЧерез1СДокументооборот: Проверка доступа на Чтение Не-Администраторами - &lt;test&gt;" time="0" status="passed"/>
			<testcase classname="Проверка чтения не-администраторами - &lt;test&gt;" name="Константа.ИмяПользователяСервисаФормированияМЧБсPDF417: Проверка доступа на Чтение Не-Администраторами - &lt;test&gt;" time="0" status="passed"/>
			<testcase classname="Проверка чтения не-администраторами - &lt;test&gt;" name="Справочник.Удалить_ТОРО_ВидыВоздействий: Проверка доступа на Чтение Не-Администраторами - &lt;test&gt;" time="0.016" status="passed"/>
			<testcase classname="Проверка чтения не-администраторами - &lt;test&gt;" name="Справочник.ПриемНаРаботуПрисоединенныеФайлы: Проверка доступа на Чтение Не-Администраторами - &lt;test&gt;" time="0" status="passed"/>
			<testcase classname="Проверка чтения не-администраторами - &lt;test&gt;" name="Справочник.КлассификаторОКВЭД2: Проверка доступа на Чтение Не-Администраторами - &lt;test&gt;" time="0" status="passed"/>
			<testcase classname="Проверка чтения не-администраторами - &lt;test&gt;" name="РегистрСведений.ДатыПоступленияТоваровОрганизаций: Проверка доступа на Чтение Не-Администраторами - &lt;test&gt;" time="0.031" status="passed"/>
			<testcase classname="Проверка чтения не-администраторами - &lt;test&gt;" name="Константа.ТОРО_ОповещатьПользователейНСИиБДО: Проверка доступа на Чтение Не-Администраторами - &lt;test&gt;" time="0.015" status="passed"/>
			<testcase classname="Проверка чтения не-администраторами - &lt;test&gt;" name="Справочник.ТипыТранспортныхСредств: Проверка доступа на Чтение Не-Администраторами - &lt;test&gt;" time="0.015" status="passed"/>
			<testcase classname="Проверка чтения не-администраторами - &lt;test&gt;" name="Справочник.ВидыДокументовВводДанныхДляРасчетаЗарплаты: Проверка доступа на Чтение Не-Администраторами - &lt;test&gt;" time="0.015" status="passed"/>
			<testcase classname="Проверка чтения не-администраторами - &lt;test&gt;" name="Константа.ВариантОбособленияТоваровВСборке: Проверка доступа на Чтение Не-Администраторами - &lt;test&gt;" time="0.016" status="passed"/>
			<testcase classname="Проверка чтения не-администраторами - &lt;test&gt;" name="Справочник.ОснованияДосрочногоНазначенияПенсии: Проверка доступа на Чтение Не-Администраторами - &lt;test&gt;" time="0" status="passed"/>
			<testcase classname="Проверка чтения не-администраторами - &lt;test&gt;" name="РегистрСведений.ЗамерыОперацииСтатистики: Проверка доступа на Чтение Не-Администраторами - &lt;test&gt;" time="0.032" status="passed"/>
			<testcase classname="Проверка чтения не-администраторами - &lt;test&gt;" name="Справочник.ТОРО_ТипыИспытаний: Проверка доступа на Чтение Не-Администраторами - &lt;test&gt;" time="0.016" status="passed"/>
			<testcase classname="Проверка чтения не-администраторами - &lt;test&gt;" name="Константа.СрокХраненияПакетаЭД: Проверка доступа на Чтение Не-Администраторами - &lt;test&gt;" time="0" status="passed"/>
			<testcase classname="Проверка чтения не-администраторами - &lt;test&gt;" name="Документ.НачислениеЗаПервуюПоловинуМесяца: Проверка доступа на Чтение Не-Администраторами - &lt;test&gt;" time="0" status="passed"/>
			<testcase classname="Проверка чтения не-администраторами - &lt;test&gt;" name="РегистрСведений.НовыеДокументыВСервисеЭДО: Проверка доступа на Чтение Не-Администраторами - &lt;test&gt;" time="0.016" status="passed"/>
			<testcase classname="Проверка чтения не-администраторами - &lt;test&gt;" name="Константа.ЕдиницаИзмеренияВеса: Проверка доступа на Чтение Не-Администраторами - &lt;test&gt;" time="0" status="passed"/>
			<testcase classname="Проверка чтения не-администраторами - &lt;test&gt;" name="Документ.ОрдерНаОтражениеПорчиТоваров: Проверка доступа на Чтение Не-Администраторами - &lt;test&gt;" time="0.016" status="passed"/>
			<testcase classname="Проверка чтения не-администраторами - &lt;test&gt;" name="Справочник.ТОРО_ШаблоныБизнесПроцессов: Проверка доступа на Чтение Не-Администраторами - &lt;test&gt;" time="0.016" status="passed"/>
			<testcase classname="Проверка чтения не-администраторами - &lt;test&gt;" name="Справочник.ПачкаДокументовАДВ_1ПрисоединенныеФайлы: Проверка доступа на Чтение Не-Администраторами - &lt;test&gt;" time="0" status="passed"/>
			<testcase classname="Проверка чтения не-администраторами - &lt;test&gt;" name="РегистрСведений.УдалитьСоставыСемейФизическихЛиц: Проверка доступа на Чтение Не-Администраторами - &lt;test&gt;" time="0.063" status="failure">
				<failure message="[Failed] Ожидали, что проверяемое значение (Ложь) является ИСТИНОЙ.
РегистрСведений.УдалитьСоставыСемейФизическихЛиц недоступно для чтения ролями без привилегий
{ВнешняяОбработка.УтвержденияBDD.МодульОбъекта(293)}:	ВызватьИсключение Префикс + &quot; &quot; + СообщениеОшибки;
{ВнешняяОбработка.УтвержденияBDD.МодульОбъекта(46)}:		ВызватьОшибкуПроверки(СообщениеОшибки);
{ВнешняяОбработка.УтвержденияBDD.МодульОбъекта(53)}:	Возврат ЭтоИстина();
{ВнешняяОбработка.ПроверкаЧтенияНеАдминистраторами.МодульОбъекта(100)}:	Ожидаем.Что(ЧтениеДоступно, ПолноеИмяМетаданного + &quot; недоступно для чтения ролями без привилегий&quot;).ЕстьИстина();
{(1)}:КонтекстВыполнения.Тест_ПроверитьНеАдминистраторскиеПраваНаЧтение(Параметры[0],Параметры[1]);
{ВнешняяОбработка.xddTestRunner.МодульОбъекта(337)}:	Выполнить(ИcполняемыйКод);
{ВнешняяОбработка.xddTestRunner.МодульОбъекта(261)}:			ВыполнитьПроцедуруКонтекста(КонтекстВыполнения, ЭлементДереваТестов.ИмяМетода, ЭлементДереваТестов.Параметры);
{ВнешняяОбработка.xddTestRunner.Форма.УправляемаяФорма.Форма(913)}:	РезультатТестирования = ОбъектНаСервере.ВыполнитьТестовыйМетод(КонтекстВыполнения, ЭлементДереваТестов);
"/>
			</testcase>
			<testcase classname="Проверка чтения не-администраторами - &lt;test&gt;" name="Документ.ПоясненияКДекларацииПоНДС: Проверка доступа на Чтение Не-Администраторами - &lt;test&gt;" time="0.015" status="passed"/>
			<testcase classname="Проверка чтения не-администраторами - &lt;test&gt;" name="Справочник.ТОРО_КатегорииСобытийОповещений: Проверка доступа на Чтение Не-Администраторами - &lt;test&gt;" time="0.016" status="passed"/>
			<testcase classname="Проверка чтения не-администраторами - &lt;test&gt;" name="РегистрСведений.СтатусыПроверкиДокументов: Проверка доступа на Чтение Не-Администраторами - &lt;test&gt;" time="0" status="passed"/>
			<testcase classname="Проверка чтения не-администраторами - &lt;test&gt;" name="РегистрСведений.ПлановыеНачисленияПоДоговорам: Проверка доступа на Чтение Не-Администраторами - &lt;test&gt;" time="0" status="passed"/>
			<testcase classname="Проверка чтения не-администраторами - &lt;test&gt;" name="РегистрСведений.НастройкиЗарплатаКадрыРасширенная: Проверка доступа на Чтение Не-Администраторами - &lt;test&gt;" time="0.015" status="passed"/>
			<testcase classname="Проверка чтения не-администраторами - &lt;test&gt;" name="Справочник.ФормыСтатистики: Проверка доступа на Чтение Не-Администраторами - &lt;test&gt;" time="0" status="passed"/>
			<testcase classname="Проверка чтения не-администраторами - &lt;test&gt;" name="Справочник.ОтправкиОтчетности: Проверка доступа на Чтение Не-Администраторами - &lt;test&gt;" time="0.016" status="passed"/>
			<testcase classname="Проверка чтения не-администраторами - &lt;test&gt;" name="Справочник.АктПриемкиВыполненныхРаботОказанныхУслугПрисоединенныеФайлы: Проверка доступа на Чтение Не-Администраторами - &lt;test&gt;" time="0" status="passed"/>
			<testcase classname="Проверка чтения не-администраторами - &lt;test&gt;" name="РегистрСведений.НастройкиУчетаСтраховыхВзносов: Проверка доступа на Чтение Не-Администраторами - &lt;test&gt;" time="0.016" status="passed"/>
			<testcase classname="Проверка чтения не-администраторами - &lt;test&gt;" name="Справочник.РабочиеУчастки: Проверка доступа на Чтение Не-Администраторами - &lt;test&gt;" time="0.016" status="passed"/>
			<testcase classname="Проверка чтения не-администраторами - &lt;test&gt;" name="Константа.ИспользоватьКорректировкиЗаказаМатериаловВПроизводство: Проверка доступа на Чтение Не-Администраторами - &lt;test&gt;" time="0" status="passed"/>
			<testcase classname="Проверка чтения не-администраторами - &lt;test&gt;" name="РегистрСведений.ТарифыВзносовПоРезультатамСпециальнойОценкиУсловийТруда: Проверка доступа на Чтение Не-Администраторами - &lt;test&gt;" time="0" status="passed"/>
			<testcase classname="Проверка чтения не-администраторами - &lt;test&gt;" name="РегистрСведений.ГрафикРаботыСотрудниковИнтервальный: Проверка доступа на Чтение Не-Администраторами - &lt;test&gt;" time="0" status="passed"/>
			<testcase classname="Проверка чтения не-администраторами - &lt;test&gt;" name="РегистрСведений.АрхивДанныхРегламентированнойОтчетности: Проверка доступа на Чтение Не-Администраторами - &lt;test&gt;" time="0.031" status="passed"/>
			<testcase classname="Проверка чтения не-администраторами - &lt;test&gt;" name="Константа.ТОРО_ПорогАварийногоЗапаса: Проверка доступа на Чтение Не-Администраторами - &lt;test&gt;" time="0.016" status="passed"/>
			<testcase classname="Проверка чтения не-администраторами - &lt;test&gt;" name="Справочник.ГруппыПользователей: Проверка доступа на Чтение Не-Администраторами - &lt;test&gt;" time="0" status="passed"/>
			<testcase classname="Проверка чтения не-администраторами - &lt;test&gt;" name="Константа.ТОРО_ПериодХраненияОповещений: Проверка доступа на Чтение Не-Администраторами - &lt;test&gt;" time="0.015" status="passed"/>
			<testcase classname="Проверка чтения не-администраторами - &lt;test&gt;" name="Константа.ИспользоватьНесколькоВалют: Проверка доступа на Чтение Не-Администраторами - &lt;test&gt;" time="0" status="passed"/>
			<testcase classname="Проверка чтения не-администраторами - &lt;test&gt;" name="Справочник.ФизическиеЛица: Проверка доступа на Чтение Не-Администраторами - &lt;test&gt;" time="0" status="passed"/>
			<testcase classname="Проверка чтения не-администраторами - &lt;test&gt;" name="Константа.ДнейДоСкрытияПерсональныхДанныхСубъектов: Проверка доступа на Чтение Не-Администраторами - &lt;test&gt;" time="0.016" status="passed"/>
			<testcase classname="Проверка чтения не-администраторами - &lt;test&gt;" name="Справочник.Производители: Проверка доступа на Чтение Не-Администраторами - &lt;test&gt;" time="0.016" status="passed"/>
			<testcase classname="Проверка чтения не-администраторами - &lt;test&gt;" name="РегистрСведений.НастройкаПередачиТоваровМеждуОрганизациями: Проверка доступа на Чтение Не-Администраторами - &lt;test&gt;" time="0.016" status="passed"/>
			<testcase classname="Проверка чтения не-администраторами - &lt;test&gt;" name="РегистрСведений.ТОРО_ЗначенияПараметровМакетов: Проверка доступа на Чтение Не-Администраторами - &lt;test&gt;" time="0.016" status="passed"/>
			<testcase classname="Проверка чтения не-администраторами - &lt;test&gt;" name="Справочник.ВыкупВозвратнойТарыУПоставщикаПрисоединенныеФайлы: Проверка доступа на Чтение Не-Администраторами - &lt;test&gt;" time="0" status="passed"/>
			<testcase classname="Проверка чтения не-администраторами - &lt;test&gt;" name="Документ.ПодготовкаКПередачеНМА: Проверка доступа на Чтение Не-Администраторами - &lt;test&gt;" time="0" status="passed"/>
			<testcase classname="Проверка чтения не-администраторами - &lt;test&gt;" name="РегистрСведений.СпособыОтраженияРасходовПоИмущественнымНалогам: Проверка доступа на Чтение Не-Администраторами - &lt;test&gt;" time="0.031" status="passed"/>
			<testcase classname="Проверка чтения не-администраторами - &lt;test&gt;" name="Константа.ИспользоватьПодключаемоеОборудование: Проверка доступа на Чтение Не-Администраторами - &lt;test&gt;" time="0" status="passed"/>
			<testcase classname="Проверка чтения не-администраторами - &lt;test&gt;" name="Константа.ТОРО_ПериодДляАнализаАварийныхРемонтов: Проверка доступа на Чтение Не-Администраторами - &lt;test&gt;" time="0.032" status="passed"/>
			<testcase classname="Проверка чтения не-администраторами - &lt;test&gt;" name="Документ.ЧекЕГАИС: Проверка доступа на Чтение Не-Администраторами - &lt;test&gt;" time="0.016" status="passed"/>
			<testcase classname="Проверка чтения не-администраторами - &lt;test&gt;" name="Документ.ДепонированиеЗарплаты: Проверка доступа на Чтение Не-Администраторами - &lt;test&gt;" time="0" status="passed"/>
			<testcase classname="Проверка чтения не-администраторами - &lt;test&gt;" name="РегистрСведений.РемонтыРабочихЦентров: Проверка доступа на Чтение Не-Администраторами - &lt;test&gt;" time="0.031" status="passed"/>
			<testcase classname="Проверка чтения не-администраторами - &lt;test&gt;" name="РегистрСведений.ЦеныНоменклатурыПоставщиков: Проверка доступа на Чтение Не-Администраторами - &lt;test&gt;" time="0.016" status="passed"/>
			<testcase classname="Проверка чтения не-администраторами - &lt;test&gt;" name="РегистрСведений.НастройкиУполномоченногоГашенияВЕТИС: Проверка доступа на Чтение Не-Администраторами - &lt;test&gt;" time="0.016" status="passed"/>
			<testcase classname="Проверка чтения не-администраторами - &lt;test&gt;" name="Справочник.СоглашенияОбИспользованииЭД: Проверка доступа на Чтение Не-Администраторами - &lt;test&gt;" time="0.015" status="passed"/>
			<testcase classname="Проверка чтения не-администраторами - &lt;test&gt;" name="Справочник.УдалитьОснованияДосрочногоНазначенияПенсии: Проверка доступа на Чтение Не-Администраторами - &lt;test&gt;" time="0.032" status="passed"/>
			<testcase classname="Проверка чтения не-администраторами - &lt;test&gt;" name="РегистрСведений.ВерсииКлассификаторовОбластейДанных: Проверка доступа на Чтение Не-Администраторами - &lt;test&gt;" time="0.016" status="passed"/>
			<testcase classname="Проверка чтения не-администраторами - &lt;test&gt;" name="РегистрСведений.ФотографииФизическихЛиц: Проверка доступа на Чтение Не-Администраторами - &lt;test&gt;" time="0.015" status="passed"/>
			<testcase classname="Проверка чтения не-администраторами - &lt;test&gt;" name="Документ.УведомлениеОЗачисленииВалюты: Проверка доступа на Чтение Не-Администраторами - &lt;test&gt;" time="0" status="passed"/>
			<testcase classname="Проверка чтения не-администраторами - &lt;test&gt;" name="Документ.ИзменениеСпособаОтраженияИмущественныхНалогов: Проверка доступа на Чтение Не-Администраторами - &lt;test&gt;" time="0" status="passed"/>
			<testcase classname="Проверка чтения не-администраторами - &lt;test&gt;" name="РегистрСведений.ПредоставлениеСоциальныхВычетовУРаботодателя: Проверка доступа на Чтение Не-Администраторами - &lt;test&gt;" time="0.016" status="passed"/>
			<testcase classname="Проверка чтения не-администраторами - &lt;test&gt;" name="РегистрНакопления.РаспоряженияНаВыпускПродукции: Проверка доступа на Чтение Не-Администраторами - &lt;test&gt;" time="0.031" status="passed"/>
			<testcase classname="Проверка чтения не-администраторами - &lt;test&gt;" name="Справочник.УдалитьНастройкиЯндексКассы: Проверка доступа на Чтение Не-Администраторами - &lt;test&gt;" time="0.063" status="failure">
				<failure message="[Failed] Ожидали, что проверяемое значение (Ложь) является ИСТИНОЙ.
Справочник.УдалитьНастройкиЯндексКассы недоступно для чтения ролями без привилегий
{ВнешняяОбработка.УтвержденияBDD.МодульОбъекта(293)}:	ВызватьИсключение Префикс + &quot; &quot; + СообщениеОшибки;
{ВнешняяОбработка.УтвержденияBDD.МодульОбъекта(46)}:		ВызватьОшибкуПроверки(СообщениеОшибки);
{ВнешняяОбработка.УтвержденияBDD.МодульОбъекта(53)}:	Возврат ЭтоИстина();
{ВнешняяОбработка.ПроверкаЧтенияНеАдминистраторами.МодульОбъекта(100)}:	Ожидаем.Что(ЧтениеДоступно, ПолноеИмяМетаданного + &quot; недоступно для чтения ролями без привилегий&quot;).ЕстьИстина();
{(1)}:КонтекстВыполнения.Тест_ПроверитьНеАдминистраторскиеПраваНаЧтение(Параметры[0],Параметры[1]);
{ВнешняяОбработка.xddTestRunner.МодульОбъекта(337)}:	Выполнить(ИcполняемыйКод);
{ВнешняяОбработка.xddTestRunner.МодульОбъекта(261)}:			ВыполнитьПроцедуруКонтекста(КонтекстВыполнения, ЭлементДереваТестов.ИмяМетода, ЭлементДереваТестов.Параметры);
{ВнешняяОбработка.xddTestRunner.Форма.УправляемаяФорма.Форма(913)}:	РезультатТестирования = ОбъектНаСервере.ВыполнитьТестовыйМетод(КонтекстВыполнения, ЭлементДереваТестов);
"/>
			</testcase>
			<testcase classname="Проверка чтения не-администраторами - &lt;test&gt;" name="Справочник.ТОРО_ИнвестиционнаяПрограммаПрисоединенныеФайлы: Проверка доступа на Чтение Не-Администраторами - &lt;test&gt;" time="0.015" status="passed"/>
			<testcase classname="Проверка чтения не-администраторами - &lt;test&gt;" name="Документ.КорректировкаРеализации: Проверка доступа на Чтение Не-Администраторами - &lt;test&gt;" time="0.015" status="passed"/>
			<testcase classname="Проверка чтения не-администраторами - &lt;test&gt;" name="Справочник.ОсобыеУсловияТрудаДляСЗВКПФР: Проверка доступа на Чтение Не-Администраторами - &lt;test&gt;" time="0.016" status="passed"/>
			<testcase classname="Проверка чтения не-администраторами - &lt;test&gt;" name="Константа.ОтложенноеОбновлениеЗавершеноУспешно: Проверка доступа на Чтение Не-Администраторами - &lt;test&gt;" time="0.015" status="passed"/>
			<testcase classname="Проверка чтения не-администраторами - &lt;test&gt;" name="Справочник.Партнеры: Проверка доступа на Чтение Не-Администраторами - &lt;test&gt;" time="0" status="passed"/>
			<testcase classname="Проверка чтения не-администраторами - &lt;test&gt;" name="Документ.ПеремещениеОСМеждународныйУчет: Проверка доступа на Чтение Не-Администраторами - &lt;test&gt;" time="0.016" status="passed"/>
			<testcase classname="Проверка чтения не-администраторами - &lt;test&gt;" name="РегистрСведений.ВсеОбновленияОблачногоАрхива: Проверка доступа на Чтение Не-Администраторами - &lt;test&gt;" time="0.062" status="failure">
				<failure message="[Failed] Ожидали, что проверяемое значение (Ложь) является ИСТИНОЙ.
РегистрСведений.ВсеОбновленияОблачногоАрхива недоступно для чтения ролями без привилегий
{ВнешняяОбработка.УтвержденияBDD.МодульОбъекта(293)}:	ВызватьИсключение Префикс + &quot; &quot; + СообщениеОшибки;
{ВнешняяОбработка.УтвержденияBDD.МодульОбъекта(46)}:		ВызватьОшибкуПроверки(СообщениеОшибки);
{ВнешняяОбработка.УтвержденияBDD.МодульОбъекта(53)}:	Возврат ЭтоИстина();
{ВнешняяОбработка.ПроверкаЧтенияНеАдминистраторами.МодульОбъекта(100)}:	Ожидаем.Что(ЧтениеДоступно, ПолноеИмяМетаданного + &quot; недоступно для чтения ролями без привилегий&quot;).ЕстьИстина();
{(1)}:КонтекстВыполнения.Тест_ПроверитьНеАдминистраторскиеПраваНаЧтение(Параметры[0],Параметры[1]);
{ВнешняяОбработка.xddTestRunner.МодульОбъекта(337)}:	Выполнить(ИcполняемыйКод);
{ВнешняяОбработка.xddTestRunner.МодульОбъекта(261)}:			ВыполнитьПроцедуруКонтекста(КонтекстВыполнения, ЭлементДереваТестов.ИмяМетода, ЭлементДереваТестов.Параметры);
{ВнешняяОбработка.xddTestRunner.Форма.УправляемаяФорма.Форма(913)}:	РезультатТестирования = ОбъектНаСервере.ВыполнитьТестовыйМетод(КонтекстВыполнения, ЭлементДереваТестов);
"/>
			</testcase>
			<testcase classname="Проверка чтения не-администраторами - &lt;test&gt;" name="РегистрСведений.ЗаблокированныеДляПолученияУчетныеЗаписи: Проверка доступа на Чтение Не-Администраторами - &lt;test&gt;" time="0.062" status="failure">
				<failure message="[Failed] Ожидали, что проверяемое значение (Ложь) является ИСТИНОЙ.
РегистрСведений.ЗаблокированныеДляПолученияУчетныеЗаписи недоступно для чтения ролями без привилегий
{ВнешняяОбработка.УтвержденияBDD.МодульОбъекта(293)}:	ВызватьИсключение Префикс + &quot; &quot; + СообщениеОшибки;
{ВнешняяОбработка.УтвержденияBDD.МодульОбъекта(46)}:		ВызватьОшибкуПроверки(СообщениеОшибки);
{ВнешняяОбработка.УтвержденияBDD.МодульОбъекта(53)}:	Возврат ЭтоИстина();
{ВнешняяОбработка.ПроверкаЧтенияНеАдминистраторами.МодульОбъекта(100)}:	Ожидаем.Что(ЧтениеДоступно, ПолноеИмяМетаданного + &quot; недоступно для чтения ролями без привилегий&quot;).ЕстьИстина();
{(1)}:КонтекстВыполнения.Тест_ПроверитьНеАдминистраторскиеПраваНаЧтение(Параметры[0],Параметры[1]);
{ВнешняяОбработка.xddTestRunner.МодульОбъекта(337)}:	Выполнить(ИcполняемыйКод);
{ВнешняяОбработка.xddTestRunner.МодульОбъекта(261)}:			ВыполнитьПроцедуруКонтекста(КонтекстВыполнения, ЭлементДереваТестов.ИмяМетода, ЭлементДереваТестов.Параметры);
{ВнешняяОбработка.xddTestRunner.Форма.УправляемаяФорма.Форма(913)}:	РезультатТестирования = ОбъектНаСервере.ВыполнитьТестовыйМетод(КонтекстВыполнения, ЭлементДереваТестов);
"/>
			</testcase>
			<testcase classname="Проверка чтения не-администраторами - &lt;test&gt;" name="Справочник.ЦеновыеГруппы: Проверка доступа на Чтение Не-Администраторами - &lt;test&gt;" time="0.015" status="passed"/>
			<testcase classname="Проверка чтения не-администраторами - &lt;test&gt;" name="Справочник.ПроверкиСостоянияСистемы: Проверка доступа на Чтение Не-Администраторами - &lt;test&gt;" time="0.031" status="passed"/>
			<testcase classname="Проверка чтения не-администраторами - &lt;test&gt;" name="РегистрНакопления.ТоварыОрганизаций: Проверка доступа на Чтение Не-Администраторами - &lt;test&gt;" time="0.031" status="passed"/>
			<testcase classname="Проверка чтения не-администраторами - &lt;test&gt;" name="Справочник.УвольнениеСпискомПрисоединенныеФайлы: Проверка доступа на Чтение Не-Администраторами - &lt;test&gt;" time="0.015" status="passed"/>
			<testcase classname="Проверка чтения не-администраторами - &lt;test&gt;" name="Документ.ТОРО_ПрограммаВоздействий: Проверка доступа на Чтение Не-Администраторами - &lt;test&gt;" time="0.016" status="passed"/>
			<testcase classname="Проверка чтения не-администраторами - &lt;test&gt;" name="РегистрСведений.ТОРО_НаправленияДеятельностиДляОтчетовУЗ: Проверка доступа на Чтение Не-Администраторами - &lt;test&gt;" time="0.016" status="passed"/>
			<testcase classname="Проверка чтения не-администраторами - &lt;test&gt;" name="Константа.ИспользоватьСтатусыПеремещенийТоваров: Проверка доступа на Чтение Не-Администраторами - &lt;test&gt;" time="0.016" status="passed"/>
			<testcase classname="Проверка чтения не-администраторами - &lt;test&gt;" name="Справочник.ТОРО_МестаВозникновенияЗатрат: Проверка доступа на Чтение Не-Администраторами - &lt;test&gt;" time="0.015" status="passed"/>
			<testcase classname="Проверка чтения не-администраторами - &lt;test&gt;" name="Константа.ДокументооборотСКонтролирующимиОрганами_РежимТестирования: Проверка доступа на Чтение Не-Администраторами - &lt;test&gt;" time="0" status="passed"/>
			<testcase classname="Проверка чтения не-администраторами - &lt;test&gt;" name="Константа.ИспользоватьЗаказыНаСборку: Проверка доступа на Чтение Не-Администраторами - &lt;test&gt;" time="0" status="passed"/>
			<testcase classname="Проверка чтения не-администраторами - &lt;test&gt;" name="РегистрНакопления.ПланыОплатКлиентов: Проверка доступа на Чтение Не-Администраторами - &lt;test&gt;" time="0" status="passed"/>
			<testcase classname="Проверка чтения не-администраторами - &lt;test&gt;" name="Справочник.ДополнительныеОтчетыИОбработки: Проверка доступа на Чтение Не-Администраторами - &lt;test&gt;" time="0" status="passed"/>
			<testcase classname="Проверка чтения не-администраторами - &lt;test&gt;" name="Константа.ОтображатьВнеоборотныеАктивыМеждународныйУчет2_2: Проверка доступа на Чтение Не-Администраторами - &lt;test&gt;" time="0" status="passed"/>
			<testcase classname="Проверка чтения не-администраторами - &lt;test&gt;" name="РегистрНакопления.РаспоряженияНаСписаниеПоНормативам: Проверка доступа на Чтение Не-Администраторами - &lt;test&gt;" time="0.016" status="passed"/>
			<testcase classname="Проверка чтения не-администраторами - &lt;test&gt;" name="Константа.НеИспользоватьРозничныеПродажи: Проверка доступа на Чтение Не-Администраторами - &lt;test&gt;" time="0.016" status="passed"/>
			<testcase classname="Проверка чтения не-администраторами - &lt;test&gt;" name="РегистрСведений.ИзменениеСведенийФизическихЛиц: Проверка доступа на Чтение Не-Администраторами - &lt;test&gt;" time="0" status="passed"/>
			<testcase classname="Проверка чтения не-администраторами - &lt;test&gt;" name="РегистрСведений.НастройкиОбменаДаннымиXDTO: Проверка доступа на Чтение Не-Администраторами - &lt;test&gt;" time="0.047" status="failure">
				<failure message="[Failed] Ожидали, что проверяемое значение (Ложь) является ИСТИНОЙ.
РегистрСведений.НастройкиОбменаДаннымиXDTO недоступно для чтения ролями без привилегий
{ВнешняяОбработка.УтвержденияBDD.МодульОбъекта(293)}:	ВызватьИсключение Префикс + &quot; &quot; + СообщениеОшибки;
{ВнешняяОбработка.УтвержденияBDD.МодульОбъекта(46)}:		ВызватьОшибкуПроверки(СообщениеОшибки);
{ВнешняяОбработка.УтвержденияBDD.МодульОбъекта(53)}:	Возврат ЭтоИстина();
{ВнешняяОбработка.ПроверкаЧтенияНеАдминистраторами.МодульОбъекта(100)}:	Ожидаем.Что(ЧтениеДоступно, ПолноеИмяМетаданного + &quot; недоступно для чтения ролями без привилегий&quot;).ЕстьИстина();
{(1)}:КонтекстВыполнения.Тест_ПроверитьНеАдминистраторскиеПраваНаЧтение(Параметры[0],Параметры[1]);
{ВнешняяОбработка.xddTestRunner.МодульОбъекта(337)}:	Выполнить(ИcполняемыйКод);
{ВнешняяОбработка.xddTestRunner.МодульОбъекта(261)}:			ВыполнитьПроцедуруКонтекста(КонтекстВыполнения, ЭлементДереваТестов.ИмяМетода, ЭлементДереваТестов.Параметры);
{ВнешняяОбработка.xddTestRunner.Форма.УправляемаяФорма.Форма(913)}:	РезультатТестирования = ОбъектНаСервере.ВыполнитьТестовыйМетод(КонтекстВыполнения, ЭлементДереваТестов);
"/>
			</testcase>
			<testcase classname="Проверка чтения не-администраторами - &lt;test&gt;" name="Справочник.ВидыРемонтов: Проверка доступа на Чтение Не-Администраторами - &lt;test&gt;" time="0.016" status="passed"/>
			<testcase classname="Проверка чтения не-администраторами - &lt;test&gt;" name="Константа.НеЗакрыватьЗаказыДавальцевБезПолнойОплаты: Проверка доступа на Чтение Не-Администраторами - &lt;test&gt;" time="0" status="passed"/>
			<testcase classname="Проверка чтения не-администраторами - &lt;test&gt;" name="Справочник.ТОРО_ВидыСценариев: Проверка доступа на Чтение Не-Администраторами - &lt;test&gt;" time="0.015" status="passed"/>
			<testcase classname="Проверка чтения не-администраторами - &lt;test&gt;" name="Справочник.ИсторияПроверкиИКорректировкиДанных: Проверка доступа на Чтение Не-Администраторами - &lt;test&gt;" time="0.047" status="failure">
				<failure message="[Failed] Ожидали, что проверяемое значение (Ложь) является ИСТИНОЙ.
Справочник.ИсторияПроверкиИКорректировкиДанных недоступно для чтения ролями без привилегий
{ВнешняяОбработка.УтвержденияBDD.МодульОбъекта(293)}:	ВызватьИсключение Префикс + &quot; &quot; + СообщениеОшибки;
{ВнешняяОбработка.УтвержденияBDD.МодульОбъекта(46)}:		ВызватьОшибкуПроверки(СообщениеОшибки);
{ВнешняяОбработка.УтвержденияBDD.МодульОбъекта(53)}:	Возврат ЭтоИстина();
{ВнешняяОбработка.ПроверкаЧтенияНеАдминистраторами.МодульОбъекта(100)}:	Ожидаем.Что(ЧтениеДоступно, ПолноеИмяМетаданного + &quot; недоступно для чтения ролями без привилегий&quot;).ЕстьИстина();
{(1)}:КонтекстВыполнения.Тест_ПроверитьНеАдминистраторскиеПраваНаЧтение(Параметры[0],Параметры[1]);
{ВнешняяОбработка.xddTestRunner.МодульОбъекта(337)}:	Выполнить(ИcполняемыйКод);
{ВнешняяОбработка.xddTestRunner.МодульОбъекта(261)}:			ВыполнитьПроцедуруКонтекста(КонтекстВыполнения, ЭлементДереваТестов.ИмяМетода, ЭлементДереваТестов.Параметры);
{ВнешняяОбработка.xddTestRunner.Форма.УправляемаяФорма.Форма(913)}:	РезультатТестирования = ОбъектНаСервере.ВыполнитьТестовыйМетод(КонтекстВыполнения, ЭлементДереваТестов);
"/>
			</testcase>
			<testcase classname="Проверка чтения не-администраторами - &lt;test&gt;" name="Константа.ИспользоватьЛимитыРасходаДенежныхСредствБюджетирования: Проверка доступа на Чтение Не-Администраторами - &lt;test&gt;" time="0.015" status="passed"/>
			<testcase classname="Проверка чтения не-администраторами - &lt;test&gt;" name="Документ.ЗаявлениеВФССОВозмещенииРасходовНаПогребение: Проверка доступа на Чтение Не-Администраторами - &lt;test&gt;" time="0" status="passed"/>
			<testcase classname="Проверка чтения не-администраторами - &lt;test&gt;" name="Справочник.ТОРО_УстановкаВесовРанжированияПрисоединенныеФайлы: Проверка доступа на Чтение Не-Администраторами - &lt;test&gt;" time="0.032" status="passed"/>
			<testcase classname="Проверка чтения не-администраторами - &lt;test&gt;" name="Константа.КлючОбластиДанных: Проверка доступа на Чтение Не-Администраторами - &lt;test&gt;" time="0.015" status="passed"/>
			<testcase classname="Проверка чтения не-администраторами - &lt;test&gt;" name="РегистрСведений.УчетнаяПолитикаПоНДФЛ: Проверка доступа на Чтение Не-Администраторами - &lt;test&gt;" time="0" status="passed"/>
			<testcase classname="Проверка чтения не-администраторами - &lt;test&gt;" name="Константа.ОрганизацияНаКоторуюЗарегистрированаПрограмма: Проверка доступа на Чтение Не-Администраторами - &lt;test&gt;" time="0" status="passed"/>
			<testcase classname="Проверка чтения не-администраторами - &lt;test&gt;" name="Документ.ЛистКассовойКниги: Проверка доступа на Чтение Не-Администраторами - &lt;test&gt;" time="0" status="passed"/>
			<testcase classname="Проверка чтения не-администраторами - &lt;test&gt;" name="Справочник.ТОРО_РезультатТехническогоМероприятияПрисоединенныеФайлы: Проверка доступа на Чтение Не-Администраторами - &lt;test&gt;" time="0.016" status="passed"/>
			<testcase classname="Проверка чтения не-администраторами - &lt;test&gt;" name="Справочник.ЭтапыПроизводства: Проверка доступа на Чтение Не-Администраторами - &lt;test&gt;" time="0" status="passed"/>
			<testcase classname="Проверка чтения не-администраторами - &lt;test&gt;" name="Справочник.ТОРО_КлючиАналитикиАтрибута: Проверка доступа на Чтение Не-Администраторами - &lt;test&gt;" time="0.016" status="passed"/>
			<testcase classname="Проверка чтения не-администраторами - &lt;test&gt;" name="РегистрСведений.НоменклатураТорговойПлощадки: Проверка доступа на Чтение Не-Администраторами - &lt;test&gt;" time="0" status="passed"/>
			<testcase classname="Проверка чтения не-администраторами - &lt;test&gt;" name="Константа.ИспользоватьВидыСвязейМеждуФизическимиЛицами: Проверка доступа на Чтение Не-Администраторами - &lt;test&gt;" time="0" status="passed"/>
			<testcase classname="Проверка чтения не-администраторами - &lt;test&gt;" name="Документ.ЗаявлениеОПодтвержденииПраваНаЗачетАвансовПоНДФЛ: Проверка доступа на Чтение Не-Администраторами - &lt;test&gt;" time="0" status="passed"/>
			<testcase classname="Проверка чтения не-администраторами - &lt;test&gt;" name="Справочник.ТОРО_ОснованияПредоставленияИТСвАССиОИ: Проверка доступа на Чтение Не-Администраторами - &lt;test&gt;" time="0.016" status="passed"/>
			<testcase classname="Проверка чтения не-администраторами - &lt;test&gt;" name="Документ.ЗаявлениеОВвозеТоваров: Проверка доступа на Чтение Не-Администраторами - &lt;test&gt;" time="0.015" status="passed"/>
			<testcase classname="Проверка чтения не-администраторами - &lt;test&gt;" name="Константа.РасходныеОрдераФормируютсяМенеджером: Проверка доступа на Чтение Не-Администраторами - &lt;test&gt;" time="0.015" status="passed"/>
			<testcase classname="Проверка чтения не-администраторами - &lt;test&gt;" name="РегистрСведений.КонтрагентыНаМониторингеСПАРКРиски: Проверка доступа на Чтение Не-Администраторами - &lt;test&gt;" time="0.015" status="passed"/>
			<testcase classname="Проверка чтения не-администраторами - &lt;test&gt;" name="Документ.ПеремаркировкаТоваровГИСМ: Проверка доступа на Чтение Не-Администраторами - &lt;test&gt;" time="0.016" status="passed"/>
			<testcase classname="Проверка чтения не-администраторами - &lt;test&gt;" name="РегистрСведений.ПричиныИзмененияАдресныхСведений: Проверка доступа на Чтение Не-Администраторами - &lt;test&gt;" time="0" status="passed"/>
			<testcase classname="Проверка чтения не-администраторами - &lt;test&gt;" name="РегистрНакопления.БухучетНачисленияУдержанияПоСотрудникамАвансом: Проверка доступа на Чтение Не-Администраторами - &lt;test&gt;" time="0" status="passed"/>
			<testcase classname="Проверка чтения не-администраторами - &lt;test&gt;" name="Документ.НачальнаяЗадолженностьПоЗарплате: Проверка доступа на Чтение Не-Администраторами - &lt;test&gt;" time="0" status="passed"/>
			<testcase classname="Проверка чтения не-администраторами - &lt;test&gt;" name="Константа.СписокРасширенийФайловOpenDocument: Проверка доступа на Чтение Не-Администраторами - &lt;test&gt;" time="0" status="passed"/>
			<testcase classname="Проверка чтения не-администраторами - &lt;test&gt;" name="Справочник.ОтправкиФСС: Проверка доступа на Чтение Не-Администраторами - &lt;test&gt;" time="0" status="passed"/>
			<testcase classname="Проверка чтения не-администраторами - &lt;test&gt;" name="Справочник.КомплектыОтчетностиПерсучета: Проверка доступа на Чтение Не-Администраторами - &lt;test&gt;" time="0.016" status="passed"/>
			<testcase classname="Проверка чтения не-администраторами - &lt;test&gt;" name="РегистрСведений.ЦелевыеЗначенияВариантовАнализа: Проверка доступа на Чтение Не-Администраторами - &lt;test&gt;" time="0.016" status="passed"/>
			<testcase classname="Проверка чтения не-администраторами - &lt;test&gt;" name="РегистрСведений.НастройкиУчетаВремени: Проверка доступа на Чтение Не-Администраторами - &lt;test&gt;" time="0" status="passed"/>
			<testcase classname="Проверка чтения не-администраторами - &lt;test&gt;" name="РегистрСведений.УдалитьСтандартныеВычетыНаДетейНДФЛ: Проверка доступа на Чтение Не-Администраторами - &lt;test&gt;" time="0.063" status="failure">
				<failure message="[Failed] Ожидали, что проверяемое значение (Ложь) является ИСТИНОЙ.
РегистрСведений.УдалитьСтандартныеВычетыНаДетейНДФЛ недоступно для чтения ролями без привилегий
{ВнешняяОбработка.УтвержденияBDD.МодульОбъекта(293)}:	ВызватьИсключение Префикс + &quot; &quot; + СообщениеОшибки;
{ВнешняяОбработка.УтвержденияBDD.МодульОбъекта(46)}:		ВызватьОшибкуПроверки(СообщениеОшибки);
{ВнешняяОбработка.УтвержденияBDD.МодульОбъекта(53)}:	Возврат ЭтоИстина();
{ВнешняяОбработка.ПроверкаЧтенияНеАдминистраторами.МодульОбъекта(100)}:	Ожидаем.Что(ЧтениеДоступно, ПолноеИмяМетаданного + &quot; недоступно для чтения ролями без привилегий&quot;).ЕстьИстина();
{(1)}:КонтекстВыполнения.Тест_ПроверитьНеАдминистраторскиеПраваНаЧтение(Параметры[0],Параметры[1]);
{ВнешняяОбработка.xddTestRunner.МодульОбъекта(337)}:	Выполнить(ИcполняемыйКод);
{ВнешняяОбработка.xddTestRunner.МодульОбъекта(261)}:			ВыполнитьПроцедуруКонтекста(КонтекстВыполнения, ЭлементДереваТестов.ИмяМетода, ЭлементДереваТестов.Параметры);
{ВнешняяОбработка.xddTestRunner.Форма.УправляемаяФорма.Форма(913)}:	РезультатТестирования = ОбъектНаСервере.ВыполнитьТестовыйМетод(КонтекстВыполнения, ЭлементДереваТестов);
"/>
			</testcase>
			<testcase classname="Проверка чтения не-администраторами - &lt;test&gt;" name="Константа.ИспользоватьПеремещениеТоваров: Проверка доступа на Чтение Не-Администраторами - &lt;test&gt;" time="0" status="passed"/>
			<testcase classname="Проверка чтения не-администраторами - &lt;test&gt;" name="Константа.КоличествоПотоковОбновленияДоступа: Проверка доступа на Чтение Не-Администраторами - &lt;test&gt;" time="0.015" status="passed"/>
			<testcase classname="Проверка чтения не-администраторами - &lt;test&gt;" name="РегистрСведений.ИдентификаторыЗапросовНаПодключение: Проверка доступа на Чтение Не-Администраторами - &lt;test&gt;" time="0.016" status="passed"/>
			<testcase classname="Проверка чтения не-администраторами - &lt;test&gt;" name="РегистрСведений.ОбъектыИнтегрированныеС1СДокументооборотом: Проверка доступа на Чтение Не-Администраторами - &lt;test&gt;" time="0" status="passed"/>
			<testcase classname="Проверка чтения не-администраторами - &lt;test&gt;" name="РегистрСведений.НастройкиОчисткиФайлов: Проверка доступа на Чтение Не-Администраторами - &lt;test&gt;" time="0.062" status="failure">
				<failure message="[Failed] Ожидали, что проверяемое значение (Ложь) является ИСТИНОЙ.
РегистрСведений.НастройкиОчисткиФайлов недоступно для чтения ролями без привилегий
{ВнешняяОбработка.УтвержденияBDD.МодульОбъекта(293)}:	ВызватьИсключение Префикс + &quot; &quot; + СообщениеОшибки;
{ВнешняяОбработка.УтвержденияBDD.МодульОбъекта(46)}:		ВызватьОшибкуПроверки(СообщениеОшибки);
{ВнешняяОбработка.УтвержденияBDD.МодульОбъекта(53)}:	Возврат ЭтоИстина();
{ВнешняяОбработка.ПроверкаЧтенияНеАдминистраторами.МодульОбъекта(100)}:	Ожидаем.Что(ЧтениеДоступно, ПолноеИмяМетаданного + &quot; недоступно для чтения ролями без привилегий&quot;).ЕстьИстина();
{(1)}:КонтекстВыполнения.Тест_ПроверитьНеАдминистраторскиеПраваНаЧтение(Параметры[0],Параметры[1]);
{ВнешняяОбработка.xddTestRunner.МодульОбъекта(337)}:	Выполнить(ИcполняемыйКод);
{ВнешняяОбработка.xddTestRunner.МодульОбъекта(261)}:			ВыполнитьПроцедуруКонтекста(КонтекстВыполнения, ЭлементДереваТестов.ИмяМетода, ЭлементДереваТестов.Параметры);
{ВнешняяОбработка.xddTestRunner.Форма.УправляемаяФорма.Форма(913)}:	РезультатТестирования = ОбъектНаСервере.ВыполнитьТестовыйМетод(КонтекстВыполнения, ЭлементДереваТестов);
"/>
			</testcase>
			<testcase classname="Проверка чтения не-администраторами - &lt;test&gt;" name="Справочник.ТОРО_КлассификаторЦелевыхПрограмм: Проверка доступа на Чтение Не-Администраторами - &lt;test&gt;" time="0.016" status="passed"/>
			<testcase classname="Проверка чтения не-администраторами - &lt;test&gt;" name="Документ.ПеремещениеМеждуТерриториями: Проверка доступа на Чтение Не-Администраторами - &lt;test&gt;" time="0" status="passed"/>
			<testcase classname="Проверка чтения не-администраторами - &lt;test&gt;" name="РегистрСведений.ВидыПродукцииПоГруппамВЕТИС: Проверка доступа на Чтение Не-Администраторами - &lt;test&gt;" time="0.016" status="passed"/>
			<testcase classname="Проверка чтения не-администраторами - &lt;test&gt;" name="Справочник.ТОРО_ВариантыШаблоновЗапросовOData: Проверка доступа на Чтение Не-Администраторами - &lt;test&gt;" time="0.032" status="passed"/>
			<testcase classname="Проверка чтения не-администраторами - &lt;test&gt;" name="Константа.ВыполнитьРезервноеКопированиеОбластиДанных: Проверка доступа на Чтение Не-Администраторами - &lt;test&gt;" time="0" status="passed"/>
			<testcase classname="Проверка чтения не-администраторами - &lt;test&gt;" name="Справочник.ШаблоныМагнитныхКарт: Проверка доступа на Чтение Не-Администраторами - &lt;test&gt;" time="0.016" status="passed"/>
			<testcase classname="Проверка чтения не-администраторами - &lt;test&gt;" name="РегистрСведений.НаработкиОбъектовЭксплуатации: Проверка доступа на Чтение Не-Администраторами - &lt;test&gt;" time="0" status="passed"/>
			<testcase classname="Проверка чтения не-администраторами - &lt;test&gt;" name="РегистрСведений.УдалитьРеестрДокументов: Проверка доступа на Чтение Не-Администраторами - &lt;test&gt;" time="0.063" status="failure">
				<failure message="[Failed] Ожидали, что проверяемое значение (Ложь) является ИСТИНОЙ.
РегистрСведений.УдалитьРеестрДокументов недоступно для чтения ролями без привилегий
{ВнешняяОбработка.УтвержденияBDD.МодульОбъекта(293)}:	ВызватьИсключение Префикс + &quot; &quot; + СообщениеОшибки;
{ВнешняяОбработка.УтвержденияBDD.МодульОбъекта(46)}:		ВызватьОшибкуПроверки(СообщениеОшибки);
{ВнешняяОбработка.УтвержденияBDD.МодульОбъекта(53)}:	Возврат ЭтоИстина();
{ВнешняяОбработка.ПроверкаЧтенияНеАдминистраторами.МодульОбъекта(100)}:	Ожидаем.Что(ЧтениеДоступно, ПолноеИмяМетаданного + &quot; недоступно для чтения ролями без привилегий&quot;).ЕстьИстина();
{(1)}:КонтекстВыполнения.Тест_ПроверитьНеАдминистраторскиеПраваНаЧтение(Параметры[0],Параметры[1]);
{ВнешняяОбработка.xddTestRunner.МодульОбъекта(337)}:	Выполнить(ИcполняемыйКод);
{ВнешняяОбработка.xddTestRunner.МодульОбъекта(261)}:			ВыполнитьПроцедуруКонтекста(КонтекстВыполнения, ЭлементДереваТестов.ИмяМетода, ЭлементДереваТестов.Параметры);
{ВнешняяОбработка.xddTestRunner.Форма.УправляемаяФорма.Форма(913)}:	РезультатТестирования = ОбъектНаСервере.ВыполнитьТестовыйМетод(КонтекстВыполнения, ЭлементДереваТестов);
"/>
			</testcase>
			<testcase classname="Проверка чтения не-администраторами - &lt;test&gt;" name="Справочник.СканированныеДокументыДляПередачиВЭлектронномВидеПрисоединенныеФайлы: Проверка доступа на Чтение Не-Администраторами - &lt;test&gt;" time="0.015" status="passed"/>
			<testcase classname="Проверка чтения не-администраторами - &lt;test&gt;" name="Константа.ПодпериодXYZКлассификацииПартнеров: Проверка доступа на Чтение Не-Администраторами - &lt;test&gt;" time="0.015" status="passed"/>
			<testcase classname="Проверка чтения не-администраторами - &lt;test&gt;" name="РегистрСведений.ПерерасчетЗарплаты: Проверка доступа на Чтение Не-Администраторами - &lt;test&gt;" time="0" status="passed"/>
			<testcase classname="Проверка чтения не-администраторами - &lt;test&gt;" name="Константа.УдалитьЛогинДляОтправкиSMS: Проверка доступа на Чтение Не-Администраторами - &lt;test&gt;" time="0.016" status="passed"/>
			<testcase classname="Проверка чтения не-администраторами - &lt;test&gt;" name="Константа.ВерсияКлассификатораБанков: Проверка доступа на Чтение Не-Администраторами - &lt;test&gt;" time="0" status="passed"/>
			<testcase classname="Проверка чтения не-администраторами - &lt;test&gt;" name="Справочник.ТОРО_ПоказателиАналитикиПланирования: Проверка доступа на Чтение Не-Администраторами - &lt;test&gt;" time="0.016" status="passed"/>
			<testcase classname="Проверка чтения не-администраторами - &lt;test&gt;" name="Константа.ТОРО_ПределКритичностиОборудования: Проверка доступа на Чтение Не-Администраторами - &lt;test&gt;" time="0.015" status="passed"/>
			<testcase classname="Проверка чтения не-администраторами - &lt;test&gt;" name="Константа.ЕдиницаИзмеренияКоличестваШтук: Проверка доступа на Чтение Не-Администраторами - &lt;test&gt;" time="0" status="passed"/>
			<testcase classname="Проверка чтения не-администраторами - &lt;test&gt;" name="РегистрСведений.СтатусыОформленияДокументовЕГАИС: Проверка доступа на Чтение Не-Администраторами - &lt;test&gt;" time="0.016" status="passed"/>
			<testcase classname="Проверка чтения не-администраторами - &lt;test&gt;" name="РегистрСведений.ТОРО_ОбоснованияИнвестиционнойПрограммы: Проверка доступа на Чтение Не-Администраторами - &lt;test&gt;" time="0.015" status="passed"/>
			<testcase classname="Проверка чтения не-администраторами - &lt;test&gt;" name="Константа.ВалютаУправленческогоУчета: Проверка доступа на Чтение Не-Администраторами - &lt;test&gt;" time="0" status="passed"/>
			<testcase classname="Проверка чтения не-администраторами - &lt;test&gt;" name="Константа.НомерЗаданияКРаспределениюРасчетовСПоставщиками: Проверка доступа на Чтение Не-Администраторами - &lt;test&gt;" time="0" status="passed"/>
			<testcase classname="Проверка чтения не-администраторами - &lt;test&gt;" name="РегистрСведений.ТОРО_ЗамечанияПоВоздействиям: Проверка доступа на Чтение Не-Администраторами - &lt;test&gt;" time="0.015" status="passed"/>
			<testcase classname="Проверка чтения не-администраторами - &lt;test&gt;" name="Константа.ИспользоватьПланированиеСборкиРазборки: Проверка доступа на Чтение Не-Администраторами - &lt;test&gt;" time="0" status="passed"/>
			<testcase classname="Проверка чтения не-администраторами - &lt;test&gt;" name="Константа.НастройкиКолонтитулов: Проверка доступа на Чтение Не-Администраторами - &lt;test&gt;" time="0" status="passed"/>
			<testcase classname="Проверка чтения не-администраторами - &lt;test&gt;" name="Константа.КаталогСообщенийОбменаДаннымиДляLinux: Проверка доступа на Чтение Не-Администраторами - &lt;test&gt;" time="0.016" status="passed"/>
			<testcase classname="Проверка чтения не-администраторами - &lt;test&gt;" name="Константа.ОтображениеСкидокВПечатныхФормахДокументовПродажи: Проверка доступа на Чтение Не-Администраторами - &lt;test&gt;" time="0" status="passed"/>
			<testcase classname="Проверка чтения не-администраторами - &lt;test&gt;" name="Константа.ИспользоватьУчетНДС: Проверка доступа на Чтение Не-Администраторами - &lt;test&gt;" time="0" status="passed"/>
			<testcase classname="Проверка чтения не-администраторами - &lt;test&gt;" name="РегистрСведений.СоответствиеЗначенийРеквизитовРаботаСНоменклатурой: Проверка доступа на Чтение Не-Администраторами - &lt;test&gt;" time="0" status="passed"/>
			<testcase classname="Проверка чтения не-администраторами - &lt;test&gt;" name="Справочник.ПрограммыЭлектроннойПодписиИШифрования: Проверка доступа на Чтение Не-Администраторами - &lt;test&gt;" time="0.016" status="passed"/>
			<testcase classname="Проверка чтения не-администраторами - &lt;test&gt;" name="Константа.АвтоматическиПодключатьФормыРОЧерезМеханизмОнлайнСервисовРО: Проверка доступа на Чтение Не-Администраторами - &lt;test&gt;" time="0" status="passed"/>
			<testcase classname="Проверка чтения не-администраторами - &lt;test&gt;" name="Константа.УдалитьИспользоватьОсобыйПорядокУчетаНДСПриПроизводствеДЦ: Проверка доступа на Чтение Не-Администраторами - &lt;test&gt;" time="0.016" status="passed"/>
			<testcase classname="Проверка чтения не-администраторами - &lt;test&gt;" name="РегистрСведений.ЗначенияНемонетарныхПоказателей: Проверка доступа на Чтение Не-Администраторами - &lt;test&gt;" time="0" status="passed"/>
			<testcase classname="Проверка чтения не-администраторами - &lt;test&gt;" name="Документ.ИсправлениеРазвернутогоСальдоТоваровОрганизаций: Проверка доступа на Чтение Не-Администраторами - &lt;test&gt;" time="0.031" status="passed"/>
			<testcase classname="Проверка чтения не-администраторами - &lt;test&gt;" name="РегистрСведений.СоответствияОбъектовИнформационныхБаз: Проверка доступа на Чтение Не-Администраторами - &lt;test&gt;" time="0.062" status="failure">
				<failure message="[Failed] Ожидали, что проверяемое значение (Ложь) является ИСТИНОЙ.
РегистрСведений.СоответствияОбъектовИнформационныхБаз недоступно для чтения ролями без привилегий
{ВнешняяОбработка.УтвержденияBDD.МодульОбъекта(293)}:	ВызватьИсключение Префикс + &quot; &quot; + СообщениеОшибки;
{ВнешняяОбработка.УтвержденияBDD.МодульОбъекта(46)}:		ВызватьОшибкуПроверки(СообщениеОшибки);
{ВнешняяОбработка.УтвержденияBDD.МодульОбъекта(53)}:	Возврат ЭтоИстина();
{ВнешняяОбработка.ПроверкаЧтенияНеАдминистраторами.МодульОбъекта(100)}:	Ожидаем.Что(ЧтениеДоступно, ПолноеИмяМетаданного + &quot; недоступно для чтения ролями без привилегий&quot;).ЕстьИстина();
{(1)}:КонтекстВыполнения.Тест_ПроверитьНеАдминистраторскиеПраваНаЧтение(Параметры[0],Параметры[1]);
{ВнешняяОбработка.xddTestRunner.МодульОбъекта(337)}:	Выполнить(ИcполняемыйКод);
{ВнешняяОбработка.xddTestRunner.МодульОбъекта(261)}:			ВыполнитьПроцедуруКонтекста(КонтекстВыполнения, ЭлементДереваТестов.ИмяМетода, ЭлементДереваТестов.Параметры);
{ВнешняяОбработка.xddTestRunner.Форма.УправляемаяФорма.Форма(913)}:	РезультатТестирования = ОбъектНаСервере.ВыполнитьТестовыйМетод(КонтекстВыполнения, ЭлементДереваТестов);
"/>
			</testcase>
			<testcase classname="Проверка чтения не-администраторами - &lt;test&gt;" name="Справочник.Назначения: Проверка доступа на Чтение Не-Администраторами - &lt;test&gt;" time="0" status="passed"/>
			<testcase classname="Проверка чтения не-администраторами - &lt;test&gt;" name="РегистрНакопления.ПланыПродажПоКатегориям: Проверка доступа на Чтение Не-Администраторами - &lt;test&gt;" time="0" status="passed"/>
			<testcase classname="Проверка чтения не-администраторами - &lt;test&gt;" name="РегистрСведений.ДоступностьРабочихЦентров: Проверка доступа на Чтение Не-Администраторами - &lt;test&gt;" time="0.015" status="passed"/>
			<testcase classname="Проверка чтения не-администраторами - &lt;test&gt;" name="Константа.ИспользоватьКомиссиюПриЗакупкахНеБазовая: Проверка доступа на Чтение Не-Администраторами - &lt;test&gt;" time="0" status="passed"/>
			<testcase classname="Проверка чтения не-администраторами - &lt;test&gt;" name="РегистрСведений.ИсполнителиЗадач: Проверка доступа на Чтение Не-Администраторами - &lt;test&gt;" time="0" status="passed"/>
			<testcase classname="Проверка чтения не-администраторами - &lt;test&gt;" name="РегистрСведений.ХэшиЭЛН: Проверка доступа на Чтение Не-Администраторами - &lt;test&gt;" time="0" status="passed"/>
			<testcase classname="Проверка чтения не-администраторами - &lt;test&gt;" name="Справочник.ТОРО_КомиссииОрганизаций: Проверка доступа на Чтение Не-Администраторами - &lt;test&gt;" time="0.016" status="passed"/>
			<testcase classname="Проверка чтения не-администраторами - &lt;test&gt;" name="Документ.ПереоценкаОС2_4: Проверка доступа на Чтение Не-Администраторами - &lt;test&gt;" time="0.016" status="passed"/>
			<testcase classname="Проверка чтения не-администраторами - &lt;test&gt;" name="Константа.ЕдиницаИзмеренияПлощади: Проверка доступа на Чтение Не-Администраторами - &lt;test&gt;" time="0" status="passed"/>
			<testcase classname="Проверка чтения не-администраторами - &lt;test&gt;" name="Константа.ИспользуетсяСборкаРазборкаИСерииНоменклатуры: Проверка доступа на Чтение Не-Администраторами - &lt;test&gt;" time="0" status="passed"/>
			<testcase classname="Проверка чтения не-администраторами - &lt;test&gt;" name="Справочник.ПричиныНеудовлетворенияПервичногоСпроса: Проверка доступа на Чтение Не-Администраторами - &lt;test&gt;" time="0.015" status="passed"/>
			<testcase classname="Проверка чтения не-администраторами - &lt;test&gt;" name="РегистрСведений.НаличиеФайлов: Проверка доступа на Чтение Не-Администраторами - &lt;test&gt;" time="0" status="passed"/>
			<testcase classname="Проверка чтения не-администраторами - &lt;test&gt;" name="РегистрСведений.НепринятыеКОбработкеПочтовымСерверомИсходящиеПисьма: Проверка доступа на Чтение Не-Администраторами - &lt;test&gt;" time="0" status="passed"/>
			<testcase classname="Проверка чтения не-администраторами - &lt;test&gt;" name="Константа.ТОРО_ИспользоватьЦАД: Проверка доступа на Чтение Не-Администраторами - &lt;test&gt;" time="0.016" status="passed"/>
			<testcase classname="Проверка чтения не-администраторами - &lt;test&gt;" name="Справочник.УсловияПредоставленияСкидокНаценок: Проверка доступа на Чтение Не-Администраторами - &lt;test&gt;" time="0.015" status="passed"/>
			<testcase classname="Проверка чтения не-администраторами - &lt;test&gt;" name="Справочник.ВидыДефектов: Проверка доступа на Чтение Не-Администраторами - &lt;test&gt;" time="0.015" status="passed"/>
			<testcase classname="Проверка чтения не-администраторами - &lt;test&gt;" name="Справочник.ГорячиеКлавиши: Проверка доступа на Чтение Не-Администраторами - &lt;test&gt;" time="0.079" status="failure">
				<failure message="[Failed] Ожидали, что проверяемое значение (Ложь) является ИСТИНОЙ.
Справочник.ГорячиеКлавиши недоступно для чтения ролями без привилегий
{ВнешняяОбработка.УтвержденияBDD.МодульОбъекта(293)}:	ВызватьИсключение Префикс + &quot; &quot; + СообщениеОшибки;
{ВнешняяОбработка.УтвержденияBDD.МодульОбъекта(46)}:		ВызватьОшибкуПроверки(СообщениеОшибки);
{ВнешняяОбработка.УтвержденияBDD.МодульОбъекта(53)}:	Возврат ЭтоИстина();
{ВнешняяОбработка.ПроверкаЧтенияНеАдминистраторами.МодульОбъекта(100)}:	Ожидаем.Что(ЧтениеДоступно, ПолноеИмяМетаданного + &quot; недоступно для чтения ролями без привилегий&quot;).ЕстьИстина();
{(1)}:КонтекстВыполнения.Тест_ПроверитьНеАдминистраторскиеПраваНаЧтение(Параметры[0],Параметры[1]);
{ВнешняяОбработка.xddTestRunner.МодульОбъекта(337)}:	Выполнить(ИcполняемыйКод);
{ВнешняяОбработка.xddTestRunner.МодульОбъекта(261)}:			ВыполнитьПроцедуруКонтекста(КонтекстВыполнения, ЭлементДереваТестов.ИмяМетода, ЭлементДереваТестов.Параметры);
{ВнешняяОбработка.xddTestRunner.Форма.УправляемаяФорма.Форма(913)}:	РезультатТестирования = ОбъектНаСервере.ВыполнитьТестовыйМетод(КонтекстВыполнения, ЭлементДереваТестов);
"/>
			</testcase>
			<testcase classname="Проверка чтения не-администраторами - &lt;test&gt;" name="РегистрСведений.ПрименениеПлановыхНачислений: Проверка доступа на Чтение Не-Администраторами - &lt;test&gt;" time="0" status="passed"/>
			<testcase classname="Проверка чтения не-администраторами - &lt;test&gt;" name="Справочник.ГруппыФинансовогоУчетаРасчетов: Проверка доступа на Чтение Не-Администраторами - &lt;test&gt;" time="0" status="passed"/>
			<testcase classname="Проверка чтения не-администраторами - &lt;test&gt;" name="РегистрСведений.СостояниеПодписанияЭД: Проверка доступа на Чтение Не-Администраторами - &lt;test&gt;" time="0.016" status="passed"/>
			<testcase classname="Проверка чтения не-администраторами - &lt;test&gt;" name="РегистрСведений.СтатусыДокументовЕГАИС: Проверка доступа на Чтение Не-Администраторами - &lt;test&gt;" time="0.016" status="passed"/>
			<testcase classname="Проверка чтения не-администраторами - &lt;test&gt;" name="Справочник.СпискиПрофессийДолжностейЛьготногоПенсионногоОбеспечения: Проверка доступа на Чтение Не-Администраторами - &lt;test&gt;" time="0" status="passed"/>
			<testcase classname="Проверка чтения не-администраторами - &lt;test&gt;" name="Справочник.ПодключаемоеОборудование: Проверка доступа на Чтение Не-Администраторами - &lt;test&gt;" time="0" status="passed"/>
			<testcase classname="Проверка чтения не-администраторами - &lt;test&gt;" name="Справочник.ТранспортноеСообщениеКонтейнерыПрисоединенныеФайлы: Проверка доступа на Чтение Не-Администраторами - &lt;test&gt;" time="0.016" status="passed"/>
			<testcase classname="Проверка чтения не-администраторами - &lt;test&gt;" name="РегистрСведений.ПредельныеСуммыУдержанийСотрудников: Проверка доступа на Чтение Не-Администраторами - &lt;test&gt;" time="0" status="passed"/>
			<testcase classname="Проверка чтения не-администраторами - &lt;test&gt;" name="Справочник.ВидыДоговоровАвторскогоЗаказа: Проверка доступа на Чтение Не-Администраторами - &lt;test&gt;" time="0" status="passed"/>
			<testcase classname="Проверка чтения не-администраторами - &lt;test&gt;" name="Константа.ИспользоватьABCXYZКлассификациюПартнеровПоКоличествуПродаж: Проверка доступа на Чтение Не-Администраторами - &lt;test&gt;" time="0" status="passed"/>
			<testcase classname="Проверка чтения не-администраторами - &lt;test&gt;" name="Документ.ТОРО_ГрафикПроизводстваРаботПоТПиР: Проверка доступа на Чтение Не-Администраторами - &lt;test&gt;" time="0.015" status="passed"/>
			<testcase classname="Проверка чтения не-администраторами - &lt;test&gt;" name="Справочник.ХозяйствующиеСубъектыВЕТИС: Проверка доступа на Чтение Не-Администраторами - &lt;test&gt;" time="0.016" status="passed"/>
			<testcase classname="Проверка чтения не-администраторами - &lt;test&gt;" name="Константа.ПериодХраненияЗамеров: Проверка доступа на Чтение Не-Администраторами - &lt;test&gt;" time="0.015" status="passed"/>
			<testcase classname="Проверка чтения не-администраторами - &lt;test&gt;" name="РегистрСведений.ОтражениеДокументовВРеглУчете: Проверка доступа на Чтение Не-Администраторами - &lt;test&gt;" time="0" status="passed"/>
			<testcase classname="Проверка чтения не-администраторами - &lt;test&gt;" name="РегистрНакопления.ДенежныеДокументы: Проверка доступа на Чтение Не-Администраторами - &lt;test&gt;" time="0" status="passed"/>
			<testcase classname="Проверка чтения не-администраторами - &lt;test&gt;" name="Константа.ИспользоватьУчетКлассныхЧинов: Проверка доступа на Чтение Не-Администраторами - &lt;test&gt;" time="0.016" status="passed"/>
			<testcase classname="Проверка чтения не-администраторами - &lt;test&gt;" name="Константа.МаксимальноеКоличествоЭлементовВДеревеОтборовНоменклатуры: Проверка доступа на Чтение Не-Администраторами - &lt;test&gt;" time="0" status="passed"/>
			<testcase classname="Проверка чтения не-администраторами - &lt;test&gt;" name="РегистрСведений.СведенияОЛьготахФизическихЛицПострадавшихВАварииЧАЭС: Проверка доступа на Чтение Не-Администраторами - &lt;test&gt;" time="0" status="passed"/>
			<testcase classname="Проверка чтения не-администраторами - &lt;test&gt;" name="Справочник.УдалитьКомплектыВедомостейНаВыплатуЗарплатыЧерезБанк: Проверка доступа на Чтение Не-Администраторами - &lt;test&gt;" time="0.063" status="failure">
				<failure message="[Failed] Ожидали, что проверяемое значение (Ложь) является ИСТИНОЙ.
Справочник.УдалитьКомплектыВедомостейНаВыплатуЗарплатыЧерезБанк недоступно для чтения ролями без привилегий
{ВнешняяОбработка.УтвержденияBDD.МодульОбъекта(293)}:	ВызватьИсключение Префикс + &quot; &quot; + СообщениеОшибки;
{ВнешняяОбработка.УтвержденияBDD.МодульОбъекта(46)}:		ВызватьОшибкуПроверки(СообщениеОшибки);
{ВнешняяОбработка.УтвержденияBDD.МодульОбъекта(53)}:	Возврат ЭтоИстина();
{ВнешняяОбработка.ПроверкаЧтенияНеАдминистраторами.МодульОбъекта(100)}:	Ожидаем.Что(ЧтениеДоступно, ПолноеИмяМетаданного + &quot; недоступно для чтения ролями без привилегий&quot;).ЕстьИстина();
{(1)}:КонтекстВыполнения.Тест_ПроверитьНеАдминистраторскиеПраваНаЧтение(Параметры[0],Параметры[1]);
{ВнешняяОбработка.xddTestRunner.МодульОбъекта(337)}:	Выполнить(ИcполняемыйКод);
{ВнешняяОбработка.xddTestRunner.МодульОбъекта(261)}:			ВыполнитьПроцедуруКонтекста(КонтекстВыполнения, ЭлементДереваТестов.ИмяМетода, ЭлементДереваТестов.Параметры);
{ВнешняяОбработка.xddTestRunner.Форма.УправляемаяФорма.Форма(913)}:	РезультатТестирования = ОбъектНаСервере.ВыполнитьТестовыйМетод(КонтекстВыполнения, ЭлементДереваТестов);
"/>
			</testcase>
			<testcase classname="Проверка чтения не-администраторами - &lt;test&gt;" name="Документ.ОжидаемоеПоступлениеДенежныхСредств: Проверка доступа на Чтение Не-Администраторами - &lt;test&gt;" time="0.015" status="passed"/>
			<testcase classname="Проверка чтения не-администраторами - &lt;test&gt;" name="РегистрСведений.ОчередьИнсталляцииПоставляемыхРасширенийВОбластиДанных: Проверка доступа на Чтение Не-Администраторами - &lt;test&gt;" time="0.062" status="failure">
				<failure message="[Failed] Ожидали, что проверяемое значение (Ложь) является ИСТИНОЙ.
РегистрСведений.ОчередьИнсталляцииПоставляемыхРасширенийВОбластиДанных недоступно для чтения ролями без привилегий
{ВнешняяОбработка.УтвержденияBDD.МодульОбъекта(293)}:	ВызватьИсключение Префикс + &quot; &quot; + СообщениеОшибки;
{ВнешняяОбработка.УтвержденияBDD.МодульОбъекта(46)}:		ВызватьОшибкуПроверки(СообщениеОшибки);
{ВнешняяОбработка.УтвержденияBDD.МодульОбъекта(53)}:	Возврат ЭтоИстина();
{ВнешняяОбработка.ПроверкаЧтенияНеАдминистраторами.МодульОбъекта(100)}:	Ожидаем.Что(ЧтениеДоступно, ПолноеИмяМетаданного + &quot; недоступно для чтения ролями без привилегий&quot;).ЕстьИстина();
{(1)}:КонтекстВыполнения.Тест_ПроверитьНеАдминистраторскиеПраваНаЧтение(Параметры[0],Параметры[1]);
{ВнешняяОбработка.xddTestRunner.МодульОбъекта(337)}:	Выполнить(ИcполняемыйКод);
{ВнешняяОбработка.xddTestRunner.МодульОбъекта(261)}:			ВыполнитьПроцедуруКонтекста(КонтекстВыполнения, ЭлементДереваТестов.ИмяМетода, ЭлементДереваТестов.Параметры);
{ВнешняяОбработка.xddTestRunner.Форма.УправляемаяФорма.Форма(913)}:	РезультатТестирования = ОбъектНаСервере.ВыполнитьТестовыйМетод(КонтекстВыполнения, ЭлементДереваТестов);
"/>
			</testcase>
			<testcase classname="Проверка чтения не-администраторами - &lt;test&gt;" name="Константа.ТОРО_ИспользоватьИнтеграциюС_ПК_ГрандСмета: Проверка доступа на Чтение Не-Администраторами - &lt;test&gt;" time="0.015" status="passed"/>
			<testcase classname="Проверка чтения не-администраторами - &lt;test&gt;" name="РегистрСведений.ПроцессыДляЗапуска: Проверка доступа на Чтение Не-Администраторами - &lt;test&gt;" time="0.016" status="passed"/>
			<testcase classname="Проверка чтения не-администраторами - &lt;test&gt;" name="Справочник.ФорматыМагазинов: Проверка доступа на Чтение Не-Администраторами - &lt;test&gt;" time="0" status="passed"/>
			<testcase classname="Проверка чтения не-администраторами - &lt;test&gt;" name="Константа.АдресСервераСбораОтчетностиРосстата: Проверка доступа на Чтение Не-Администраторами - &lt;test&gt;" time="0" status="passed"/>
			<testcase classname="Проверка чтения не-администраторами - &lt;test&gt;" name="Документ.ЗаявлениеАбонентаСпецоператораСвязи: Проверка доступа на Чтение Не-Администраторами - &lt;test&gt;" time="0.016" status="passed"/>
			<testcase classname="Проверка чтения не-администраторами - &lt;test&gt;" name="Документ.ПогашениеСтоимостиТМЦВЭксплуатации: Проверка доступа на Чтение Не-Администраторами - &lt;test&gt;" time="0" status="passed"/>
			<testcase classname="Проверка чтения не-администраторами - &lt;test&gt;" name="Константа.ВалютаФинОтчетности: Проверка доступа на Чтение Не-Администраторами - &lt;test&gt;" time="0" status="passed"/>
			<testcase classname="Проверка чтения не-администраторами - &lt;test&gt;" name="Документ.ПринятиеКУчетуНМА2_4: Проверка доступа на Чтение Не-Администраторами - &lt;test&gt;" time="0" status="passed"/>
			<testcase classname="Проверка чтения не-администраторами - &lt;test&gt;" name="РегистрСведений.КадроваяИсторияСотрудниковИнтервальный: Проверка доступа на Чтение Не-Администраторами - &lt;test&gt;" time="0" status="passed"/>
			<testcase classname="Проверка чтения не-администраторами - &lt;test&gt;" name="РегистрСведений.ПлановыеЕжегодныеОтпуска: Проверка доступа на Чтение Не-Администраторами - &lt;test&gt;" time="0.015" status="passed"/>
			<testcase classname="Проверка чтения не-администраторами - &lt;test&gt;" name="РегистрСведений.ПредприятияЗонОтветственностиВЕТИС: Проверка доступа на Чтение Не-Администраторами - &lt;test&gt;" time="0.015" status="passed"/>
			<testcase classname="Проверка чтения не-администраторами - &lt;test&gt;" name="РегистрСведений.ПравилаДляОбменаДанными: Проверка доступа на Чтение Не-Администраторами - &lt;test&gt;" time="0" status="passed"/>
			<testcase classname="Проверка чтения не-администраторами - &lt;test&gt;" name="Справочник.ВыкупПринятыхНаХранениеТоваровПрисоединенныеФайлы: Проверка доступа на Чтение Не-Администраторами - &lt;test&gt;" time="0" status="passed"/>
			<testcase classname="Проверка чтения не-администраторами - &lt;test&gt;" name="РегистрСведений.СостоянияЭтаповПроизводства: Проверка доступа на Чтение Не-Администраторами - &lt;test&gt;" time="0.016" status="passed"/>
			<testcase classname="Проверка чтения не-администраторами - &lt;test&gt;" name="РегистрСведений.ОтветыНаЗапросыВыпискиИзЕГРЮЛ_ЕГРИП: Проверка доступа на Чтение Не-Администраторами - &lt;test&gt;" time="0.016" status="passed"/>
			<testcase classname="Проверка чтения не-администраторами - &lt;test&gt;" name="Константа.МаксимальныйРазмерФайлаОбластиДанных: Проверка доступа на Чтение Не-Администраторами - &lt;test&gt;" time="0" status="passed"/>
			<testcase classname="Проверка чтения не-администраторами - &lt;test&gt;" name="Документ.СчетФактураКомитента: Проверка доступа на Чтение Не-Администраторами - &lt;test&gt;" time="0.015" status="passed"/>
			<testcase classname="Проверка чтения не-администраторами - &lt;test&gt;" name="Документ.МаршрутныйЛистПроизводства: Проверка доступа на Чтение Не-Администраторами - &lt;test&gt;" time="0" status="passed"/>
			<testcase classname="Проверка чтения не-администраторами - &lt;test&gt;" name="Константа.ИспользоватьРасчетРезервовОтпусков: Проверка доступа на Чтение Не-Администраторами - &lt;test&gt;" time="0.015" status="passed"/>
			<testcase classname="Проверка чтения не-администраторами - &lt;test&gt;" name="Документ.ЗапросНаВыпискуИзЕГРЮЛ_ЕГРИП: Проверка доступа на Чтение Не-Администраторами - &lt;test&gt;" time="0.016" status="passed"/>
			<testcase classname="Проверка чтения не-администраторами - &lt;test&gt;" name="Константа.НеНоваяАрхитектураВзаиморасчетов: Проверка доступа на Чтение Не-Администраторами - &lt;test&gt;" time="0" status="passed"/>
			<testcase classname="Проверка чтения не-администраторами - &lt;test&gt;" name="РегистрСведений.ЖурналФискальныхОпераций: Проверка доступа на Чтение Не-Администраторами - &lt;test&gt;" time="0.032" status="passed"/>
			<testcase classname="Проверка чтения не-администраторами - &lt;test&gt;" name="Справочник.ТОРО_ОбъектыСогласования: Проверка доступа на Чтение Не-Администраторами - &lt;test&gt;" time="0.016" status="passed"/>
			<testcase classname="Проверка чтения не-администраторами - &lt;test&gt;" name="Документ.МодернизацияОС2_4: Проверка доступа на Чтение Не-Администраторами - &lt;test&gt;" time="0.016" status="passed"/>
			<testcase classname="Проверка чтения не-администраторами - &lt;test&gt;" name="РегистрСведений.СобытияКалендаряБухгалтера: Проверка доступа на Чтение Не-Администраторами - &lt;test&gt;" time="0.016" status="passed"/>
			<testcase classname="Проверка чтения не-администраторами - &lt;test&gt;" name="Константа.НомерЗаданияКРасчетуАмортизацииНМА: Проверка доступа на Чтение Не-Администраторами - &lt;test&gt;" time="0" status="passed"/>
			<testcase classname="Проверка чтения не-администраторами - &lt;test&gt;" name="Справочник.ТехнологическиеОперацииПрисоединенныеФайлы: Проверка доступа на Чтение Не-Администраторами - &lt;test&gt;" time="0.016" status="passed"/>
			<testcase classname="Проверка чтения не-администраторами - &lt;test&gt;" name="РегистрСведений.ВеличинаПрожиточногоМинимума: Проверка доступа на Чтение Не-Администраторами - &lt;test&gt;" time="0.015" status="passed"/>
			<testcase classname="Проверка чтения не-администраторами - &lt;test&gt;" name="РегистрСведений.ПрименениеСтандартныхВычетовПоНДФЛВторичный: Проверка доступа на Чтение Не-Администраторами - &lt;test&gt;" time="0.015" status="passed"/>
			<testcase classname="Проверка чтения не-администраторами - &lt;test&gt;" name="Справочник.ВходящаяСправкаОЗаработкеДляРасчетаПособийПрисоединенныеФайлы: Проверка доступа на Чтение Не-Администраторами - &lt;test&gt;" time="0" status="passed"/>
			<testcase classname="Проверка чтения не-администраторами - &lt;test&gt;" name="Справочник.ШаблоныПроводокДляМеждународногоУчета: Проверка доступа на Чтение Не-Администраторами - &lt;test&gt;" time="0" status="passed"/>
			<testcase classname="Проверка чтения не-администраторами - &lt;test&gt;" name="Справочник.ТОРО_КритичностьПАО: Проверка доступа на Чтение Не-Администраторами - &lt;test&gt;" time="0.047" status="failure">
				<failure message="[Failed] Ожидали, что проверяемое значение (Ложь) является ИСТИНОЙ.
Справочник.ТОРО_КритичностьПАО недоступно для чтения ролями без привилегий
{ВнешняяОбработка.УтвержденияBDD.МодульОбъекта(293)}:	ВызватьИсключение Префикс + &quot; &quot; + СообщениеОшибки;
{ВнешняяОбработка.УтвержденияBDD.МодульОбъекта(46)}:		ВызватьОшибкуПроверки(СообщениеОшибки);
{ВнешняяОбработка.УтвержденияBDD.МодульОбъекта(53)}:	Возврат ЭтоИстина();
{ВнешняяОбработка.ПроверкаЧтенияНеАдминистраторами.МодульОбъекта(100)}:	Ожидаем.Что(ЧтениеДоступно, ПолноеИмяМетаданного + &quot; недоступно для чтения ролями без привилегий&quot;).ЕстьИстина();
{(1)}:КонтекстВыполнения.Тест_ПроверитьНеАдминистраторскиеПраваНаЧтение(Параметры[0],Параметры[1]);
{ВнешняяОбработка.xddTestRunner.МодульОбъекта(337)}:	Выполнить(ИcполняемыйКод);
{ВнешняяОбработка.xddTestRunner.МодульОбъекта(261)}:			ВыполнитьПроцедуруКонтекста(КонтекстВыполнения, ЭлементДереваТестов.ИмяМетода, ЭлементДереваТестов.Параметры);
{ВнешняяОбработка.xddTestRunner.Форма.УправляемаяФорма.Форма(913)}:	РезультатТестирования = ОбъектНаСервере.ВыполнитьТестовыйМетод(КонтекстВыполнения, ЭлементДереваТестов);
"/>
			</testcase>
			<testcase classname="Проверка чтения не-администраторами - &lt;test&gt;" name="Константа.ИспользоватьПооперационноеУправление: Проверка доступа на Чтение Не-Администраторами - &lt;test&gt;" time="0" status="passed"/>
			<testcase classname="Проверка чтения не-администраторами - &lt;test&gt;" name="Справочник.СостояниеВБраке: Проверка доступа на Чтение Не-Администраторами - &lt;test&gt;" time="0" status="passed"/>
			<testcase classname="Проверка чтения не-администраторами - &lt;test&gt;" name="РегистрСведений.ПараметрыЗарегистрированныхДанныхУчетаВремениСотрудников: Проверка доступа на Чтение Не-Администраторами - &lt;test&gt;" time="0.015" status="passed"/>
			<testcase classname="Проверка чтения не-администраторами - &lt;test&gt;" name="РегистрСведений.УдалитьСтатусыЗастрахованныхФизическихЛиц: Проверка доступа на Чтение Не-Администраторами - &lt;test&gt;" time="0.078" status="failure">
				<failure message="[Failed] Ожидали, что проверяемое значение (Ложь) является ИСТИНОЙ.
РегистрСведений.УдалитьСтатусыЗастрахованныхФизическихЛиц недоступно для чтения ролями без привилегий
{ВнешняяОбработка.УтвержденияBDD.МодульОбъекта(293)}:	ВызватьИсключение Префикс + &quot; &quot; + СообщениеОшибки;
{ВнешняяОбработка.УтвержденияBDD.МодульОбъекта(46)}:		ВызватьОшибкуПроверки(СообщениеОшибки);
{ВнешняяОбработка.УтвержденияBDD.МодульОбъекта(53)}:	Возврат ЭтоИстина();
{ВнешняяОбработка.ПроверкаЧтенияНеАдминистраторами.МодульОбъекта(100)}:	Ожидаем.Что(ЧтениеДоступно, ПолноеИмяМетаданного + &quot; недоступно для чтения ролями без привилегий&quot;).ЕстьИстина();
{(1)}:КонтекстВыполнения.Тест_ПроверитьНеАдминистраторскиеПраваНаЧтение(Параметры[0],Параметры[1]);
{ВнешняяОбработка.xddTestRunner.МодульОбъекта(337)}:	Выполнить(ИcполняемыйКод);
{ВнешняяОбработка.xddTestRunner.МодульОбъекта(261)}:			ВыполнитьПроцедуруКонтекста(КонтекстВыполнения, ЭлементДереваТестов.ИмяМетода, ЭлементДереваТестов.Параметры);
{ВнешняяОбработка.xddTestRunner.Форма.УправляемаяФорма.Форма(913)}:	РезультатТестирования = ОбъектНаСервере.ВыполнитьТестовыйМетод(КонтекстВыполнения, ЭлементДереваТестов);
"/>
			</testcase>
			<testcase classname="Проверка чтения не-администраторами - &lt;test&gt;" name="Константа.ОтключитьОчередьПередачиЗаписейСкладскогоЖурналаВЕТИС: Проверка доступа на Чтение Не-Администраторами - &lt;test&gt;" time="0" status="passed"/>
			<testcase classname="Проверка чтения не-администраторами - &lt;test&gt;" name="Справочник.МоделиПооперационногоПланирования: Проверка доступа на Чтение Не-Администраторами - &lt;test&gt;" time="0" status="passed"/>
			<testcase classname="Проверка чтения не-администраторами - &lt;test&gt;" name="Справочник.ВариантыГрафиковКредитовИДепозитов: Проверка доступа на Чтение Не-Администраторами - &lt;test&gt;" time="0.016" status="passed"/>
			<testcase classname="Проверка чтения не-администраторами - &lt;test&gt;" name="РегистрСведений.РасчетЗемельногоНалога: Проверка доступа на Чтение Не-Администраторами - &lt;test&gt;" time="0.015" status="passed"/>
			<testcase classname="Проверка чтения не-администраторами - &lt;test&gt;" name="Справочник.ОснованияУвольнения: Проверка доступа на Чтение Не-Администраторами - &lt;test&gt;" time="0.015" status="passed"/>
			<testcase classname="Проверка чтения не-администраторами - &lt;test&gt;" name="РегистрСведений.УдалитьНепрочтеннаяПерепискаСКонтролирующимиОрганами: Проверка доступа на Чтение Не-Администраторами - &lt;test&gt;" time="0.015" status="passed"/>
			<testcase classname="Проверка чтения не-администраторами - &lt;test&gt;" name="Справочник.РазовоеНачислениеПрисоединенныеФайлы: Проверка доступа на Чтение Не-Администраторами - &lt;test&gt;" time="0" status="passed"/>
			<testcase classname="Проверка чтения не-администраторами - &lt;test&gt;" name="РегистрСведений.ПрименениеПлановыхНачисленийИспр: Проверка доступа на Чтение Не-Администраторами - &lt;test&gt;" time="0.047" status="failure">
				<failure message="[Failed] Ожидали, что проверяемое значение (Ложь) является ИСТИНОЙ.
РегистрСведений.ПрименениеПлановыхНачисленийИспр недоступно для чтения ролями без привилегий
{ВнешняяОбработка.УтвержденияBDD.МодульОбъекта(293)}:	ВызватьИсключение Префикс + &quot; &quot; + СообщениеОшибки;
{ВнешняяОбработка.УтвержденияBDD.МодульОбъекта(46)}:		ВызватьОшибкуПроверки(СообщениеОшибки);
{ВнешняяОбработка.УтвержденияBDD.МодульОбъекта(53)}:	Возврат ЭтоИстина();
{ВнешняяОбработка.ПроверкаЧтенияНеАдминистраторами.МодульОбъекта(100)}:	Ожидаем.Что(ЧтениеДоступно, ПолноеИмяМетаданного + &quot; недоступно для чтения ролями без привилегий&quot;).ЕстьИстина();
{(1)}:КонтекстВыполнения.Тест_ПроверитьНеАдминистраторскиеПраваНаЧтение(Параметры[0],Параметры[1]);
{ВнешняяОбработка.xddTestRunner.МодульОбъекта(337)}:	Выполнить(ИcполняемыйКод);
{ВнешняяОбработка.xddTestRunner.МодульОбъекта(261)}:			ВыполнитьПроцедуруКонтекста(КонтекстВыполнения, ЭлементДереваТестов.ИмяМетода, ЭлементДереваТестов.Параметры);
{ВнешняяОбработка.xddTestRunner.Форма.УправляемаяФорма.Форма(913)}:	РезультатТестирования = ОбъектНаСервере.ВыполнитьТестовыйМетод(КонтекстВыполнения, ЭлементДереваТестов);
"/>
			</testcase>
			<testcase classname="Проверка чтения не-администраторами - &lt;test&gt;" name="Документ.РегистрацияНаработок: Проверка доступа на Чтение Не-Администраторами - &lt;test&gt;" time="0.015" status="passed"/>
			<testcase classname="Проверка чтения не-администраторами - &lt;test&gt;" name="ПланВидовХарактеристик.УдалитьВидыДоступа: Проверка доступа на Чтение Не-Администраторами - &lt;test&gt;" time="0.031" status="passed"/>
			<testcase classname="Проверка чтения не-администраторами - &lt;test&gt;" name="Константа.ИспользоватьУправлениеДоступом: Проверка доступа на Чтение Не-Администраторами - &lt;test&gt;" time="0.015" status="passed"/>
			<testcase classname="Проверка чтения не-администраторами - &lt;test&gt;" name="Константа.ТОРО_ИспользоватьИнтеграциюМобильныйОбходчик: Проверка доступа на Чтение Не-Администраторами - &lt;test&gt;" time="0.015" status="passed"/>
			<testcase classname="Проверка чтения не-администраторами - &lt;test&gt;" name="Константа.ДатаНачалаПримененияПриказа164: Проверка доступа на Чтение Не-Администраторами - &lt;test&gt;" time="0" status="passed"/>
			<testcase classname="Проверка чтения не-администраторами - &lt;test&gt;" name="Справочник.ПачкаДокументовСЗВ_6_4ПрисоединенныеФайлы: Проверка доступа на Чтение Не-Администраторами - &lt;test&gt;" time="0.015" status="passed"/>
			<testcase classname="Проверка чтения не-администраторами - &lt;test&gt;" name="Справочник.ТОРО_ПричиныОтменыЗаказа: Проверка доступа на Чтение Не-Администраторами - &lt;test&gt;" time="0.016" status="passed"/>
			<testcase classname="Проверка чтения не-администраторами - &lt;test&gt;" name="РегистрНакопления.ЗаказыНаСборку: Проверка доступа на Чтение Не-Администраторами - &lt;test&gt;" time="0.016" status="passed"/>
			<testcase classname="Проверка чтения не-администраторами - &lt;test&gt;" name="Константа.ИспользоватьПочтовыйКлиент: Проверка доступа на Чтение Не-Администраторами - &lt;test&gt;" time="0" status="passed"/>
			<testcase classname="Проверка чтения не-администраторами - &lt;test&gt;" name="Константа.ИспользоватьЗаказыНаПеремещение: Проверка доступа на Чтение Не-Администраторами - &lt;test&gt;" time="0" status="passed"/>
			<testcase classname="Проверка чтения не-администраторами - &lt;test&gt;" name="РегистрСведений.ДоступныеВерсииАгентаКопированияОблачногоАрхива: Проверка доступа на Чтение Не-Администраторами - &lt;test&gt;" time="0.063" status="failure">
				<failure message="[Failed] Ожидали, что проверяемое значение (Ложь) является ИСТИНОЙ.
РегистрСведений.ДоступныеВерсииАгентаКопированияОблачногоАрхива недоступно для чтения ролями без привилегий
{ВнешняяОбработка.УтвержденияBDD.МодульОбъекта(293)}:	ВызватьИсключение Префикс + &quot; &quot; + СообщениеОшибки;
{ВнешняяОбработка.УтвержденияBDD.МодульОбъекта(46)}:		ВызватьОшибкуПроверки(СообщениеОшибки);
{ВнешняяОбработка.УтвержденияBDD.МодульОбъекта(53)}:	Возврат ЭтоИстина();
{ВнешняяОбработка.ПроверкаЧтенияНеАдминистраторами.МодульОбъекта(100)}:	Ожидаем.Что(ЧтениеДоступно, ПолноеИмяМетаданного + &quot; недоступно для чтения ролями без привилегий&quot;).ЕстьИстина();
{(1)}:КонтекстВыполнения.Тест_ПроверитьНеАдминистраторскиеПраваНаЧтение(Параметры[0],Параметры[1]);
{ВнешняяОбработка.xddTestRunner.МодульОбъекта(337)}:	Выполнить(ИcполняемыйКод);
{ВнешняяОбработка.xddTestRunner.МодульОбъекта(261)}:			ВыполнитьПроцедуруКонтекста(КонтекстВыполнения, ЭлементДереваТестов.ИмяМетода, ЭлементДереваТестов.Параметры);
{ВнешняяОбработка.xddTestRunner.Форма.УправляемаяФорма.Форма(913)}:	РезультатТестирования = ОбъектНаСервере.ВыполнитьТестовыйМетод(КонтекстВыполнения, ЭлементДереваТестов);
"/>
			</testcase>
			<testcase classname="Проверка чтения не-администраторами - &lt;test&gt;" name="Документ.ОтменаРегистрацииЗемельныхУчастков: Проверка доступа на Чтение Не-Администраторами - &lt;test&gt;" time="0.015" status="passed"/>
			<testcase classname="Проверка чтения не-администраторами - &lt;test&gt;" name="РегистрСведений.ПорядокРасчетаСтоимостиЕдиницыВремениСотрудниковИспр: Проверка доступа на Чтение Не-Администраторами - &lt;test&gt;" time="0.062" status="failure">
				<failure message="[Failed] Ожидали, что проверяемое значение (Ложь) является ИСТИНОЙ.
РегистрСведений.ПорядокРасчетаСтоимостиЕдиницыВремениСотрудниковИспр недоступно для чтения ролями без привилегий
{ВнешняяОбработка.УтвержденияBDD.МодульОбъекта(293)}:	ВызватьИсключение Префикс + &quot; &quot; + СообщениеОшибки;
{ВнешняяОбработка.УтвержденияBDD.МодульОбъекта(46)}:		ВызватьОшибкуПроверки(СообщениеОшибки);
{ВнешняяОбработка.УтвержденияBDD.МодульОбъекта(53)}:	Возврат ЭтоИстина();
{ВнешняяОбработка.ПроверкаЧтенияНеАдминистраторами.МодульОбъекта(100)}:	Ожидаем.Что(ЧтениеДоступно, ПолноеИмяМетаданного + &quot; недоступно для чтения ролями без привилегий&quot;).ЕстьИстина();
{(1)}:КонтекстВыполнения.Тест_ПроверитьНеАдминистраторскиеПраваНаЧтение(Параметры[0],Параметры[1]);
{ВнешняяОбработка.xddTestRunner.МодульОбъекта(337)}:	Выполнить(ИcполняемыйКод);
{ВнешняяОбработка.xddTestRunner.МодульОбъекта(261)}:			ВыполнитьПроцедуруКонтекста(КонтекстВыполнения, ЭлементДереваТестов.ИмяМетода, ЭлементДереваТестов.Параметры);
{ВнешняяОбработка.xddTestRunner.Форма.УправляемаяФорма.Форма(913)}:	РезультатТестирования = ОбъектНаСервере.ВыполнитьТестовыйМетод(КонтекстВыполнения, ЭлементДереваТестов);
"/>
			</testcase>
			<testcase classname="Проверка чтения не-администраторами - &lt;test&gt;" name="РегистрСведений.ТОРО_НастройкаШаблоновБизнесПроцессов: Проверка доступа на Чтение Не-Администраторами - &lt;test&gt;" time="0.032" status="passed"/>
			<testcase classname="Проверка чтения не-администраторами - &lt;test&gt;" name="Константа.ТипыИнцидентовЦККАктуальны: Проверка доступа на Чтение Не-Администраторами - &lt;test&gt;" time="0.016" status="passed"/>
			<testcase classname="Проверка чтения не-администраторами - &lt;test&gt;" name="Справочник.КонтактныеЛицаПартнеров: Проверка доступа на Чтение Не-Администраторами - &lt;test&gt;" time="0" status="passed"/>
			<testcase classname="Проверка чтения не-администраторами - &lt;test&gt;" name="РегистрНакопления.ТОРО_ЗаказыМашиныИМеханизмы: Проверка доступа на Чтение Не-Администраторами - &lt;test&gt;" time="0.031" status="passed"/>
			<testcase classname="Проверка чтения не-администраторами - &lt;test&gt;" name="Константа.НастройкиОбменаВЕТИС: Проверка доступа на Чтение Не-Администраторами - &lt;test&gt;" time="0.015" status="passed"/>
			<testcase classname="Проверка чтения не-администраторами - &lt;test&gt;" name="РегистрНакопления.ДанныеСводногоУчетаРабочегоВремениСотрудников: Проверка доступа на Чтение Не-Администраторами - &lt;test&gt;" time="0" status="passed"/>
			<testcase classname="Проверка чтения не-администраторами - &lt;test&gt;" name="РегистрСведений.ОчередьПереоформленияРасходныхОрдеров: Проверка доступа на Чтение Не-Администраторами - &lt;test&gt;" time="0.047" status="failure">
				<failure message="[Failed] Ожидали, что проверяемое значение (Ложь) является ИСТИНОЙ.
РегистрСведений.ОчередьПереоформленияРасходныхОрдеров недоступно для чтения ролями без привилегий
{ВнешняяОбработка.УтвержденияBDD.МодульОбъекта(293)}:	ВызватьИсключение Префикс + &quot; &quot; + СообщениеОшибки;
{ВнешняяОбработка.УтвержденияBDD.МодульОбъекта(46)}:		ВызватьОшибкуПроверки(СообщениеОшибки);
{ВнешняяОбработка.УтвержденияBDD.МодульОбъекта(53)}:	Возврат ЭтоИстина();
{ВнешняяОбработка.ПроверкаЧтенияНеАдминистраторами.МодульОбъекта(100)}:	Ожидаем.Что(ЧтениеДоступно, ПолноеИмяМетаданного + &quot; недоступно для чтения ролями без привилегий&quot;).ЕстьИстина();
{(1)}:КонтекстВыполнения.Тест_ПроверитьНеАдминистраторскиеПраваНаЧтение(Параметры[0],Параметры[1]);
{ВнешняяОбработка.xddTestRunner.МодульОбъекта(337)}:	Выполнить(ИcполняемыйКод);
{ВнешняяОбработка.xddTestRunner.МодульОбъекта(261)}:			ВыполнитьПроцедуруКонтекста(КонтекстВыполнения, ЭлементДереваТестов.ИмяМетода, ЭлементДереваТестов.Параметры);
{ВнешняяОбработка.xddTestRunner.Форма.УправляемаяФорма.Форма(913)}:	РезультатТестирования = ОбъектНаСервере.ВыполнитьТестовыйМетод(КонтекстВыполнения, ЭлементДереваТестов);
"/>
			</testcase>
			<testcase classname="Проверка чтения не-администраторами - &lt;test&gt;" name="Справочник.СоответствияОборотовМеждународногоУчета: Проверка доступа на Чтение Не-Администраторами - &lt;test&gt;" time="0" status="passed"/>
			<testcase classname="Проверка чтения не-администраторами - &lt;test&gt;" name="Справочник.ТаможеннаяДекларацияИмпортПрисоединенныеФайлы: Проверка доступа на Чтение Не-Администраторами - &lt;test&gt;" time="0.016" status="passed"/>
			<testcase classname="Проверка чтения не-администраторами - &lt;test&gt;" name="Справочник.КомплектыОтчетностиПерсучетаПрисоединенныеФайлы: Проверка доступа на Чтение Не-Администраторами - &lt;test&gt;" time="0.062" status="failure">
				<failure message="[Failed] Ожидали, что проверяемое значение (Ложь) является ИСТИНОЙ.
Справочник.КомплектыОтчетностиПерсучетаПрисоединенныеФайлы недоступно для чтения ролями без привилегий
{ВнешняяОбработка.УтвержденияBDD.МодульОбъекта(293)}:	ВызватьИсключение Префикс + &quot; &quot; + СообщениеОшибки;
{ВнешняяОбработка.УтвержденияBDD.МодульОбъекта(46)}:		ВызватьОшибкуПроверки(СообщениеОшибки);
{ВнешняяОбработка.УтвержденияBDD.МодульОбъекта(53)}:	Возврат ЭтоИстина();
{ВнешняяОбработка.ПроверкаЧтенияНеАдминистраторами.МодульОбъекта(100)}:	Ожидаем.Что(ЧтениеДоступно, ПолноеИмяМетаданного + &quot; недоступно для чтения ролями без привилегий&quot;).ЕстьИстина();
{(1)}:КонтекстВыполнения.Тест_ПроверитьНеАдминистраторскиеПраваНаЧтение(Параметры[0],Параметры[1]);
{ВнешняяОбработка.xddTestRunner.МодульОбъекта(337)}:	Выполнить(ИcполняемыйКод);
{ВнешняяОбработка.xddTestRunner.МодульОбъекта(261)}:			ВыполнитьПроцедуруКонтекста(КонтекстВыполнения, ЭлементДереваТестов.ИмяМетода, ЭлементДереваТестов.Параметры);
{ВнешняяОбработка.xddTestRunner.Форма.УправляемаяФорма.Форма(913)}:	РезультатТестирования = ОбъектНаСервере.ВыполнитьТестовыйМетод(КонтекстВыполнения, ЭлементДереваТестов);
"/>
			</testcase>
			<testcase classname="Проверка чтения не-администраторами - &lt;test&gt;" name="РегистрСведений.ПрименениеСтандартныхВычетовПоНДФЛ: Проверка доступа на Чтение Не-Администраторами - &lt;test&gt;" time="0" status="passed"/>
			<testcase classname="Проверка чтения не-администраторами - &lt;test&gt;" name="Документ.ВедомостьНаВыплатуЗарплатыВБанк: Проверка доступа на Чтение Не-Администраторами - &lt;test&gt;" time="0" status="passed"/>
			<testcase classname="Проверка чтения не-администраторами - &lt;test&gt;" name="Справочник.ТОРО_АлгоритмыРасчетаИТС: Проверка доступа на Чтение Не-Администраторами - &lt;test&gt;" time="0.015" status="passed"/>
			<testcase classname="Проверка чтения не-администраторами - &lt;test&gt;" name="БизнесПроцесс.СогласованиеЗаявкиНаВозвратТоваровОтКлиента: Проверка доступа на Чтение Не-Администраторами - &lt;test&gt;" time="0.016" status="passed"/>
			<testcase classname="Проверка чтения не-администраторами - &lt;test&gt;" name="Документ.ПорчаТоваров: Проверка доступа на Чтение Не-Администраторами - &lt;test&gt;" time="0" status="passed"/>
			<testcase classname="Проверка чтения не-администраторами - &lt;test&gt;" name="Константа.ИспользоватьПрофилиБезопасностиДляДОиО: Проверка доступа на Чтение Не-Администраторами - &lt;test&gt;" time="0.015" status="passed"/>
			<testcase classname="Проверка чтения не-администраторами - &lt;test&gt;" name="Константа.УдалитьПарольДляОтправкиSMS: Проверка доступа на Чтение Не-Администраторами - &lt;test&gt;" time="0.015" status="passed"/>
			<testcase classname="Проверка чтения не-администраторами - &lt;test&gt;" name="Справочник.ТОРО_ПричиныОтменыЗаказовНаПеремещение: Проверка доступа на Чтение Не-Администраторами - &lt;test&gt;" time="0.016" status="passed"/>
			<testcase classname="Проверка чтения не-администраторами - &lt;test&gt;" name="РегистрСведений.ОчередьЗаказовККорректировкеСтрокМерныхТоваров: Проверка доступа на Чтение Не-Администраторами - &lt;test&gt;" time="0.047" status="failure">
				<failure message="[Failed] Ожидали, что проверяемое значение (Ложь) является ИСТИНОЙ.
РегистрСведений.ОчередьЗаказовККорректировкеСтрокМерныхТоваров недоступно для чтения ролями без привилегий
{ВнешняяОбработка.УтвержденияBDD.МодульОбъекта(293)}:	ВызватьИсключение Префикс + &quot; &quot; + СообщениеОшибки;
{ВнешняяОбработка.УтвержденияBDD.МодульОбъекта(46)}:		ВызватьОшибкуПроверки(СообщениеОшибки);
{ВнешняяОбработка.УтвержденияBDD.МодульОбъекта(53)}:	Возврат ЭтоИстина();
{ВнешняяОбработка.ПроверкаЧтенияНеАдминистраторами.МодульОбъекта(100)}:	Ожидаем.Что(ЧтениеДоступно, ПолноеИмяМетаданного + &quot; недоступно для чтения ролями без привилегий&quot;).ЕстьИстина();
{(1)}:КонтекстВыполнения.Тест_ПроверитьНеАдминистраторскиеПраваНаЧтение(Параметры[0],Параметры[1]);
{ВнешняяОбработка.xddTestRunner.МодульОбъекта(337)}:	Выполнить(ИcполняемыйКод);
{ВнешняяОбработка.xddTestRunner.МодульОбъекта(261)}:			ВыполнитьПроцедуруКонтекста(КонтекстВыполнения, ЭлементДереваТестов.ИмяМетода, ЭлементДереваТестов.Параметры);
{ВнешняяОбработка.xddTestRunner.Форма.УправляемаяФорма.Форма(913)}:	РезультатТестирования = ОбъектНаСервере.ВыполнитьТестовыйМетод(КонтекстВыполнения, ЭлементДереваТестов);
"/>
			</testcase>
			<testcase classname="Проверка чтения не-администраторами - &lt;test&gt;" name="Документ.ТОРО_ЦелеваяПрограмма: Проверка доступа на Чтение Не-Администраторами - &lt;test&gt;" time="0.015" status="passed"/>
			<testcase classname="Проверка чтения не-администраторами - &lt;test&gt;" name="Константа.ИспользоватьПроекты: Проверка доступа на Чтение Не-Администраторами - &lt;test&gt;" time="0" status="passed"/>
			<testcase classname="Проверка чтения не-администраторами - &lt;test&gt;" name="Документ.ПереводНаОплатуПоСреднемуЗаработку: Проверка доступа на Чтение Не-Администраторами - &lt;test&gt;" time="0.015" status="passed"/>
			<testcase classname="Проверка чтения не-администраторами - &lt;test&gt;" name="Справочник.ПрофилиГруппДоступа: Проверка доступа на Чтение Не-Администраторами - &lt;test&gt;" time="0.015" status="passed"/>
			<testcase classname="Проверка чтения не-администраторами - &lt;test&gt;" name="РегистрСведений.СведенияОбИнвалидностиФизическихЛиц: Проверка доступа на Чтение Не-Администраторами - &lt;test&gt;" time="0" status="passed"/>
			<testcase classname="Проверка чтения не-администраторами - &lt;test&gt;" name="Документ.ПрекращениеПлановогоНачисления: Проверка доступа на Чтение Не-Администраторами - &lt;test&gt;" time="0" status="passed"/>
			<testcase classname="Проверка чтения не-администраторами - &lt;test&gt;" name="РегистрСведений.ЖурналСобытийЭД: Проверка доступа на Чтение Не-Администраторами - &lt;test&gt;" time="0.015" status="passed"/>
			<testcase classname="Проверка чтения не-администраторами - &lt;test&gt;" name="Справочник.ПриемНаРаботуСпискомПрисоединенныеФайлы: Проверка доступа на Чтение Не-Администраторами - &lt;test&gt;" time="0" status="passed"/>
			<testcase classname="Проверка чтения не-администраторами - &lt;test&gt;" name="Константа.ИспользоватьABCXYZКлассификациюПартнеровПоВыручке: Проверка доступа на Чтение Не-Администраторами - &lt;test&gt;" time="0" status="passed"/>
			<testcase classname="Проверка чтения не-администраторами - &lt;test&gt;" name="РегистрСведений.ЗаданияКРасчетуГрафикаПроизводства: Проверка доступа на Чтение Не-Администраторами - &lt;test&gt;" time="0" status="passed"/>
			<testcase classname="Проверка чтения не-администраторами - &lt;test&gt;" name="Константа.ИспользоватьОтложеннуюОтправкуЭлектронныхДокументов: Проверка доступа на Чтение Не-Администраторами - &lt;test&gt;" time="0" status="passed"/>
			<testcase classname="Проверка чтения не-администраторами - &lt;test&gt;" name="Документ.ТОРО_СводныйЗаказТОиР: Проверка доступа на Чтение Не-Администраторами - &lt;test&gt;" time="0.016" status="passed"/>
			<testcase classname="Проверка чтения не-администраторами - &lt;test&gt;" name="Константа.ТОРО_ИспользоватьИнтеграциюАСУД: Проверка доступа на Чтение Не-Администраторами - &lt;test&gt;" time="0.015" status="passed"/>
			<testcase classname="Проверка чтения не-администраторами - &lt;test&gt;" name="РегистрСведений.ГрафикЭтаповПроизводства2_2: Проверка доступа на Чтение Не-Администраторами - &lt;test&gt;" time="0.016" status="passed"/>
			<testcase classname="Проверка чтения не-администраторами - &lt;test&gt;" name="РегистрСведений.ОсновныеСотрудникиФизическихЛиц: Проверка доступа на Чтение Не-Администраторами - &lt;test&gt;" time="0" status="passed"/>
			<testcase classname="Проверка чтения не-администраторами - &lt;test&gt;" name="РегистрНакопления.ТоварыВЯчейках: Проверка доступа на Чтение Не-Администраторами - &lt;test&gt;" time="0.016" status="passed"/>
			<testcase classname="Проверка чтения не-администраторами - &lt;test&gt;" name="Константа.ИспользоватьСтандартныйПоискПриПодбореТоваров: Проверка доступа на Чтение Не-Администраторами - &lt;test&gt;" time="0" status="passed"/>
			<testcase classname="Проверка чтения не-администраторами - &lt;test&gt;" name="РегистрСведений.ПериодическиеЗначенияПоказателейРасчетаЗарплаты: Проверка доступа на Чтение Не-Администраторами - &lt;test&gt;" time="0.062" status="failure">
				<failure message="[Failed] Ожидали, что проверяемое значение (Ложь) является ИСТИНОЙ.
РегистрСведений.ПериодическиеЗначенияПоказателейРасчетаЗарплаты недоступно для чтения ролями без привилегий
{ВнешняяОбработка.УтвержденияBDD.МодульОбъекта(293)}:	ВызватьИсключение Префикс + &quot; &quot; + СообщениеОшибки;
{ВнешняяОбработка.УтвержденияBDD.МодульОбъекта(46)}:		ВызватьОшибкуПроверки(СообщениеОшибки);
{ВнешняяОбработка.УтвержденияBDD.МодульОбъекта(53)}:	Возврат ЭтоИстина();
{ВнешняяОбработка.ПроверкаЧтенияНеАдминистраторами.МодульОбъекта(100)}:	Ожидаем.Что(ЧтениеДоступно, ПолноеИмяМетаданного + &quot; недоступно для чтения ролями без привилегий&quot;).ЕстьИстина();
{(1)}:КонтекстВыполнения.Тест_ПроверитьНеАдминистраторскиеПраваНаЧтение(Параметры[0],Параметры[1]);
{ВнешняяОбработка.xddTestRunner.МодульОбъекта(337)}:	Выполнить(ИcполняемыйКод);
{ВнешняяОбработка.xddTestRunner.МодульОбъекта(261)}:			ВыполнитьПроцедуруКонтекста(КонтекстВыполнения, ЭлементДереваТестов.ИмяМетода, ЭлементДереваТестов.Параметры);
{ВнешняяОбработка.xddTestRunner.Форма.УправляемаяФорма.Форма(913)}:	РезультатТестирования = ОбъектНаСервере.ВыполнитьТестовыйМетод(КонтекстВыполнения, ЭлементДереваТестов);
"/>
			</testcase>
			<testcase classname="Проверка чтения не-администраторами - &lt;test&gt;" name="Справочник.РаспределениеВозвратныхОтходовПрисоединенныеФайлы: Проверка доступа на Чтение Не-Администраторами - &lt;test&gt;" time="0.015" status="passed"/>
			<testcase classname="Проверка чтения не-администраторами - &lt;test&gt;" name="РегистрСведений.УдалитьРеестрОтпусковИспр: Проверка доступа на Чтение Не-Администраторами - &lt;test&gt;" time="0.063" status="failure">
				<failure message="[Failed] Ожидали, что проверяемое значение (Ложь) является ИСТИНОЙ.
РегистрСведений.УдалитьРеестрОтпусковИспр недоступно для чтения ролями без привилегий
{ВнешняяОбработка.УтвержденияBDD.МодульОбъекта(293)}:	ВызватьИсключение Префикс + &quot; &quot; + СообщениеОшибки;
{ВнешняяОбработка.УтвержденияBDD.МодульОбъекта(46)}:		ВызватьОшибкуПроверки(СообщениеОшибки);
{ВнешняяОбработка.УтвержденияBDD.МодульОбъекта(53)}:	Возврат ЭтоИстина();
{ВнешняяОбработка.ПроверкаЧтенияНеАдминистраторами.МодульОбъекта(100)}:	Ожидаем.Что(ЧтениеДоступно, ПолноеИмяМетаданного + &quot; недоступно для чтения ролями без привилегий&quot;).ЕстьИстина();
{(1)}:КонтекстВыполнения.Тест_ПроверитьНеАдминистраторскиеПраваНаЧтение(Параметры[0],Параметры[1]);
{ВнешняяОбработка.xddTestRunner.МодульОбъекта(337)}:	Выполнить(ИcполняемыйКод);
{ВнешняяОбработка.xddTestRunner.МодульОбъекта(261)}:			ВыполнитьПроцедуруКонтекста(КонтекстВыполнения, ЭлементДереваТестов.ИмяМетода, ЭлементДереваТестов.Параметры);
{ВнешняяОбработка.xddTestRunner.Форма.УправляемаяФорма.Форма(913)}:	РезультатТестирования = ОбъектНаСервере.ВыполнитьТестовыйМетод(КонтекстВыполнения, ЭлементДереваТестов);
"/>
			</testcase>
			<testcase classname="Проверка чтения не-администраторами - &lt;test&gt;" name="РегистрСведений.ТОРО_ПланыТехническихМероприятий: Проверка доступа на Чтение Не-Администраторами - &lt;test&gt;" time="0.031" status="passed"/>
			<testcase classname="Проверка чтения не-администраторами - &lt;test&gt;" name="РегистрСведений.ДополнительныеРеквизитыУчетнойЗаписиПолучатели: Проверка доступа на Чтение Не-Администраторами - &lt;test&gt;" time="0.016" status="passed"/>
			<testcase classname="Проверка чтения не-администраторами - &lt;test&gt;" name="РегистрСведений.ВсеОбновленияНовостей: Проверка доступа на Чтение Не-Администраторами - &lt;test&gt;" time="0.016" status="passed"/>
			<testcase classname="Проверка чтения не-администраторами - &lt;test&gt;" name="РегистрСведений.ДокументыПоОС: Проверка доступа на Чтение Не-Администраторами - &lt;test&gt;" time="0.016" status="passed"/>
			<testcase classname="Проверка чтения не-администраторами - &lt;test&gt;" name="РегистрСведений.ПооперационноеРасписание: Проверка доступа на Чтение Не-Администраторами - &lt;test&gt;" time="0.015" status="passed"/>
			<testcase classname="Проверка чтения не-администраторами - &lt;test&gt;" name="Справочник.ВерсииРасширений: Проверка доступа на Чтение Не-Администраторами - &lt;test&gt;" time="0.079" status="failure">
				<failure message="[Failed] Ожидали, что проверяемое значение (Ложь) является ИСТИНОЙ.
Справочник.ВерсииРасширений недоступно для чтения ролями без привилегий
{ВнешняяОбработка.УтвержденияBDD.МодульОбъекта(293)}:	ВызватьИсключение Префикс + &quot; &quot; + СообщениеОшибки;
{ВнешняяОбработка.УтвержденияBDD.МодульОбъекта(46)}:		ВызватьОшибкуПроверки(СообщениеОшибки);
{ВнешняяОбработка.УтвержденияBDD.МодульОбъекта(53)}:	Возврат ЭтоИстина();
{ВнешняяОбработка.ПроверкаЧтенияНеАдминистраторами.МодульОбъекта(100)}:	Ожидаем.Что(ЧтениеДоступно, ПолноеИмяМетаданного + &quot; недоступно для чтения ролями без привилегий&quot;).ЕстьИстина();
{(1)}:КонтекстВыполнения.Тест_ПроверитьНеАдминистраторскиеПраваНаЧтение(Параметры[0],Параметры[1]);
{ВнешняяОбработка.xddTestRunner.МодульОбъекта(337)}:	Выполнить(ИcполняемыйКод);
{ВнешняяОбработка.xddTestRunner.МодульОбъекта(261)}:			ВыполнитьПроцедуруКонтекста(КонтекстВыполнения, ЭлементДереваТестов.ИмяМетода, ЭлементДереваТестов.Параметры);
{ВнешняяОбработка.xddTestRunner.Форма.УправляемаяФорма.Форма(913)}:	РезультатТестирования = ОбъектНаСервере.ВыполнитьТестовыйМетод(КонтекстВыполнения, ЭлементДереваТестов);
"/>
			</testcase>
			<testcase classname="Проверка чтения не-администраторами - &lt;test&gt;" name="Справочник.Сайты: Проверка доступа на Чтение Не-Администраторами - &lt;test&gt;" time="0" status="passed"/>
			<testcase classname="Проверка чтения не-администраторами - &lt;test&gt;" name="Константа.УдалитьПлановыйВидЦены: Проверка доступа на Чтение Не-Администраторами - &lt;test&gt;" time="0.032" status="passed"/>
			<testcase classname="Проверка чтения не-администраторами - &lt;test&gt;" name="Справочник.ДоговорыМеждуОрганизациями: Проверка доступа на Чтение Не-Администраторами - &lt;test&gt;" time="0.016" status="passed"/>
			<testcase classname="Проверка чтения не-администраторами - &lt;test&gt;" name="Константа.МаксимальныйРазмерФайлаАрхиваПодтверждающихДокументов: Проверка доступа на Чтение Не-Администраторами - &lt;test&gt;" time="0.016" status="passed"/>
			<testcase classname="Проверка чтения не-администраторами - &lt;test&gt;" name="Константа.УдалитьИспользоватьРубрикаторБизнесСеть: Проверка доступа на Чтение Не-Администраторами - &lt;test&gt;" time="0.031" status="passed"/>
			<testcase classname="Проверка чтения не-администраторами - &lt;test&gt;" name="Справочник.ТОРО_НепосредственныеПричиныДефектов: Проверка доступа на Чтение Не-Администраторами - &lt;test&gt;" time="0.015" status="passed"/>
			<testcase classname="Проверка чтения не-администраторами - &lt;test&gt;" name="РегистрСведений.ПлановыеНачисленияИспр: Проверка доступа на Чтение Не-Администраторами - &lt;test&gt;" time="0.063" status="failure">
				<failure message="[Failed] Ожидали, что проверяемое значение (Ложь) является ИСТИНОЙ.
РегистрСведений.ПлановыеНачисленияИспр недоступно для чтения ролями без привилегий
{ВнешняяОбработка.УтвержденияBDD.МодульОбъекта(293)}:	ВызватьИсключение Префикс + &quot; &quot; + СообщениеОшибки;
{ВнешняяОбработка.УтвержденияBDD.МодульОбъекта(46)}:		ВызватьОшибкуПроверки(СообщениеОшибки);
{ВнешняяОбработка.УтвержденияBDD.МодульОбъекта(53)}:	Возврат ЭтоИстина();
{ВнешняяОбработка.ПроверкаЧтенияНеАдминистраторами.МодульОбъекта(100)}:	Ожидаем.Что(ЧтениеДоступно, ПолноеИмяМетаданного + &quot; недоступно для чтения ролями без привилегий&quot;).ЕстьИстина();
{(1)}:КонтекстВыполнения.Тест_ПроверитьНеАдминистраторскиеПраваНаЧтение(Параметры[0],Параметры[1]);
{ВнешняяОбработка.xddTestRunner.МодульОбъекта(337)}:	Выполнить(ИcполняемыйКод);
{ВнешняяОбработка.xddTestRunner.МодульОбъекта(261)}:			ВыполнитьПроцедуруКонтекста(КонтекстВыполнения, ЭлементДереваТестов.ИмяМетода, ЭлементДереваТестов.Параметры);
{ВнешняяОбработка.xddTestRunner.Форма.УправляемаяФорма.Форма(913)}:	РезультатТестирования = ОбъектНаСервере.ВыполнитьТестовыйМетод(КонтекстВыполнения, ЭлементДереваТестов);
"/>
			</testcase>
			<testcase classname="Проверка чтения не-администраторами - &lt;test&gt;" name="РегистрСведений.УдалитьФайлыСведенийРОКИ: Проверка доступа на Чтение Не-Администраторами - &lt;test&gt;" time="0.062" status="failure">
				<failure message="[Failed] Ожидали, что проверяемое значение (Ложь) является ИСТИНОЙ.
РегистрСведений.УдалитьФайлыСведенийРОКИ недоступно для чтения ролями без привилегий
{ВнешняяОбработка.УтвержденияBDD.МодульОбъекта(293)}:	ВызватьИсключение Префикс + &quot; &quot; + СообщениеОшибки;
{ВнешняяОбработка.УтвержденияBDD.МодульОбъекта(46)}:		ВызватьОшибкуПроверки(СообщениеОшибки);
{ВнешняяОбработка.УтвержденияBDD.МодульОбъекта(53)}:	Возврат ЭтоИстина();
{ВнешняяОбработка.ПроверкаЧтенияНеАдминистраторами.МодульОбъекта(100)}:	Ожидаем.Что(ЧтениеДоступно, ПолноеИмяМетаданного + &quot; недоступно для чтения ролями без привилегий&quot;).ЕстьИстина();
{(1)}:КонтекстВыполнения.Тест_ПроверитьНеАдминистраторскиеПраваНаЧтение(Параметры[0],Параметры[1]);
{ВнешняяОбработка.xddTestRunner.МодульОбъекта(337)}:	Выполнить(ИcполняемыйКод);
{ВнешняяОбработка.xddTestRunner.МодульОбъекта(261)}:			ВыполнитьПроцедуруКонтекста(КонтекстВыполнения, ЭлементДереваТестов.ИмяМетода, ЭлементДереваТестов.Параметры);
{ВнешняяОбработка.xddTestRunner.Форма.УправляемаяФорма.Форма(913)}:	РезультатТестирования = ОбъектНаСервере.ВыполнитьТестовыйМетод(КонтекстВыполнения, ЭлементДереваТестов);
"/>
			</testcase>
			<testcase classname="Проверка чтения не-администраторами - &lt;test&gt;" name="Документ.ТОРО_ЭкземплярыОтчета: Проверка доступа на Чтение Не-Администраторами - &lt;test&gt;" time="0.015" status="passed"/>
			<testcase classname="Проверка чтения не-администраторами - &lt;test&gt;" name="РегистрСведений.НаградыФизическихЛиц: Проверка доступа на Чтение Не-Администраторами - &lt;test&gt;" time="0" status="passed"/>
			<testcase classname="Проверка чтения не-администраторами - &lt;test&gt;" name="РегистрСведений.СведенияКонтрактаДоговораСотрудника: Проверка доступа на Чтение Не-Администраторами - &lt;test&gt;" time="0" status="passed"/>
			<testcase classname="Проверка чтения не-администраторами - &lt;test&gt;" name="Константа.ИспользоватьКорректировкиРеализаций: Проверка доступа на Чтение Не-Администраторами - &lt;test&gt;" time="0" status="passed"/>
			<testcase classname="Проверка чтения не-администраторами - &lt;test&gt;" name="РегистрСведений.ПотребностьВСпециалистахНаПериодМобилизации: Проверка доступа на Чтение Не-Администраторами - &lt;test&gt;" time="0" status="passed"/>
			<testcase classname="Проверка чтения не-администраторами - &lt;test&gt;" name="РегистрСведений.ЗначенияПоказателейДоплатыЗаРаботуВНочноеВечернееВремя: Проверка доступа на Чтение Не-Администраторами - &lt;test&gt;" time="0" status="passed"/>
			<testcase classname="Проверка чтения не-администраторами - &lt;test&gt;" name="РегистрСведений.ВариантыПереупаковки: Проверка доступа на Чтение Не-Администраторами - &lt;test&gt;" time="0.016" status="passed"/>
			<testcase classname="Проверка чтения не-администраторами - &lt;test&gt;" name="Справочник.mdm_БазовыйКлассификатор: Проверка доступа на Чтение Не-Администраторами - &lt;test&gt;" time="0.015" status="passed"/>
			<testcase classname="Проверка чтения не-администраторами - &lt;test&gt;" name="Константа.ИспользоватьВнутреннееСогласованиеЗаявокНаВозвратТоваровОтКлиентов: Проверка доступа на Чтение Не-Администраторами - &lt;test&gt;" time="0" status="passed"/>
			<testcase classname="Проверка чтения не-администраторами - &lt;test&gt;" name="Справочник.СобытияОтправкиОтчетности: Проверка доступа на Чтение Не-Администраторами - &lt;test&gt;" time="0.016" status="passed"/>
			<testcase classname="Проверка чтения не-администраторами - &lt;test&gt;" name="РегистрСведений.ТОРО_СкладыОрганизацийДляЗаказовПоставщикам: Проверка доступа на Чтение Не-Администраторами - &lt;test&gt;" time="0.032" status="passed"/>
			<testcase classname="Проверка чтения не-администраторами - &lt;test&gt;" name="Константа.ДатаНачалаРегистрацииРозничныхПродажВЕГАИС: Проверка доступа на Чтение Не-Администраторами - &lt;test&gt;" time="0" status="passed"/>
			<testcase classname="Проверка чтения не-администраторами - &lt;test&gt;" name="Константа.ИспользоватьУпрощеннуюСхемуОплатыВЗакупках: Проверка доступа на Чтение Не-Администраторами - &lt;test&gt;" time="0" status="passed"/>
			<testcase classname="Проверка чтения не-администраторами - &lt;test&gt;" name="Справочник.ТОРО_НеотложностьУстраненияДефекта: Проверка доступа на Чтение Не-Администраторами - &lt;test&gt;" time="0.016" status="passed"/>
			<testcase classname="Проверка чтения не-администраторами - &lt;test&gt;" name="Справочник.ТОРО_КоэффициентыСценарныхУсловий: Проверка доступа на Чтение Не-Администраторами - &lt;test&gt;" time="0.016" status="passed"/>
			<testcase classname="Проверка чтения не-администраторами - &lt;test&gt;" name="Справочник.СкладскиеГруппыУпаковок: Проверка доступа на Чтение Не-Администраторами - &lt;test&gt;" time="0" status="passed"/>
			<testcase classname="Проверка чтения не-администраторами - &lt;test&gt;" name="Константа.ИспользоватьСоглашенияСПоставщиками: Проверка доступа на Чтение Не-Администраторами - &lt;test&gt;" time="0" status="passed"/>
			<testcase classname="Проверка чтения не-администраторами - &lt;test&gt;" name="Константа.ВалютыУпрИРеглУчетаСовпадают: Проверка доступа на Чтение Не-Администраторами - &lt;test&gt;" time="0" status="passed"/>
			<testcase classname="Проверка чтения не-администраторами - &lt;test&gt;" name="РегистрНакопления.РасчетыСКлиентами: Проверка доступа на Чтение Не-Администраторами - &lt;test&gt;" time="0.016" status="passed"/>
			<testcase classname="Проверка чтения не-администраторами - &lt;test&gt;" name="Документ.КадровыйПеревод: Проверка доступа на Чтение Не-Администраторами - &lt;test&gt;" time="0.015" status="passed"/>
			<testcase classname="Проверка чтения не-администраторами - &lt;test&gt;" name="РегистрСведений.ПараметрыОграниченияДоступа: Проверка доступа на Чтение Не-Администраторами - &lt;test&gt;" time="0.063" status="failure">
				<failure message="[Failed] Ожидали, что проверяемое значение (Ложь) является ИСТИНОЙ.
РегистрСведений.ПараметрыОграниченияДоступа недоступно для чтения ролями без привилегий
{ВнешняяОбработка.УтвержденияBDD.МодульОбъекта(293)}:	ВызватьИсключение Префикс + &quot; &quot; + СообщениеОшибки;
{ВнешняяОбработка.УтвержденияBDD.МодульОбъекта(46)}:		ВызватьОшибкуПроверки(СообщениеОшибки);
{ВнешняяОбработка.УтвержденияBDD.МодульОбъекта(53)}:	Возврат ЭтоИстина();
{ВнешняяОбработка.ПроверкаЧтенияНеАдминистраторами.МодульОбъекта(100)}:	Ожидаем.Что(ЧтениеДоступно, ПолноеИмяМетаданного + &quot; недоступно для чтения ролями без привилегий&quot;).ЕстьИстина();
{(1)}:КонтекстВыполнения.Тест_ПроверитьНеАдминистраторскиеПраваНаЧтение(Параметры[0],Параметры[1]);
{ВнешняяОбработка.xddTestRunner.МодульОбъекта(337)}:	Выполнить(ИcполняемыйКод);
{ВнешняяОбработка.xddTestRunner.МодульОбъекта(261)}:			ВыполнитьПроцедуруКонтекста(КонтекстВыполнения, ЭлементДереваТестов.ИмяМетода, ЭлементДереваТестов.Параметры);
{ВнешняяОбработка.xddTestRunner.Форма.УправляемаяФорма.Форма(913)}:	РезультатТестирования = ОбъектНаСервере.ВыполнитьТестовыйМетод(КонтекстВыполнения, ЭлементДереваТестов);
"/>
			</testcase>
			<testcase classname="Проверка чтения не-администраторами - &lt;test&gt;" name="РегистрНакопления.НачисленияУдержанияПоКонтрагентамАкционерам: Проверка доступа на Чтение Не-Администраторами - &lt;test&gt;" time="0.016" status="passed"/>
			<testcase classname="Проверка чтения не-администраторами - &lt;test&gt;" name="Константа.ИспользоватьОнлайнПоддержку: Проверка доступа на Чтение Не-Администраторами - &lt;test&gt;" time="0" status="passed"/>
			<testcase classname="Проверка чтения не-администраторами - &lt;test&gt;" name="Справочник.ТОРО_ВидыМашинМеханизмов: Проверка доступа на Чтение Не-Администраторами - &lt;test&gt;" time="0.016" status="passed"/>
			<testcase classname="Проверка чтения не-администраторами - &lt;test&gt;" name="РегистрСведений.ДанныеОснованийСчетовФактур: Проверка доступа на Чтение Не-Администраторами - &lt;test&gt;" time="0.031" status="passed"/>
			<testcase classname="Проверка чтения не-администраторами - &lt;test&gt;" name="Справочник.СверкаВзаиморасчетовПрисоединенныеФайлы: Проверка доступа на Чтение Не-Администраторами - &lt;test&gt;" time="0.015" status="passed"/>
			<testcase classname="Проверка чтения не-администраторами - &lt;test&gt;" name="РегистрСведений.ДополнительныеСвойстваСценарияТеста: Проверка доступа на Чтение Не-Администраторами - &lt;test&gt;" time="0.016" status="passed"/>
			<testcase classname="Проверка чтения не-администраторами - &lt;test&gt;" name="Константа.ПодпериодXYZКлассификацииНоменклатуры: Проверка доступа на Чтение Не-Администраторами - &lt;test&gt;" time="0" status="passed"/>
			<testcase classname="Проверка чтения не-администраторами - &lt;test&gt;" name="Справочник.КлассификаторОКПД2: Проверка доступа на Чтение Не-Администраторами - &lt;test&gt;" time="0.015" status="passed"/>
			<testcase classname="Проверка чтения не-администраторами - &lt;test&gt;" name="Справочник.МестаРаботы: Проверка доступа на Чтение Не-Администраторами - &lt;test&gt;" time="0" status="passed"/>
			<testcase classname="Проверка чтения не-администраторами - &lt;test&gt;" name="Константа.ИнтеграцияС1СДокументооборотИмяПользователяДляОбмена: Проверка доступа на Чтение Не-Администраторами - &lt;test&gt;" time="0" status="passed"/>
			<testcase classname="Проверка чтения не-администраторами - &lt;test&gt;" name="РегистрСведений.СостоянияУспешныхОбменовДанными: Проверка доступа на Чтение Не-Администраторами - &lt;test&gt;" time="0.016" status="passed"/>
			<testcase classname="Проверка чтения не-администраторами - &lt;test&gt;" name="Справочник.ПачкаДокументовСПВ_2ПрисоединенныеФайлы: Проверка доступа на Чтение Не-Администраторами - &lt;test&gt;" time="0.016" status="passed"/>
			<testcase classname="Проверка чтения не-администраторами - &lt;test&gt;" name="Константа.ТОРО_УдалитьСопоставлениеНаправленийДеятельности: Проверка доступа на Чтение Не-Администраторами - &lt;test&gt;" time="0.015" status="passed"/>
			<testcase classname="Проверка чтения не-администраторами - &lt;test&gt;" name="РегистрСведений.ПланРемонтов: Проверка доступа на Чтение Не-Администраторами - &lt;test&gt;" time="0.031" status="passed"/>
			<testcase classname="Проверка чтения не-администраторами - &lt;test&gt;" name="РегистрСведений.КэшВспомогательныхДанныхВидаБюджета: Проверка доступа на Чтение Не-Администраторами - &lt;test&gt;" time="0.062" status="failure">
				<failure message="[Failed] Ожидали, что проверяемое значение (Ложь) является ИСТИНОЙ.
РегистрСведений.КэшВспомогательныхДанныхВидаБюджета недоступно для чтения ролями без привилегий
{ВнешняяОбработка.УтвержденияBDD.МодульОбъекта(293)}:	ВызватьИсключение Префикс + &quot; &quot; + СообщениеОшибки;
{ВнешняяОбработка.УтвержденияBDD.МодульОбъекта(46)}:		ВызватьОшибкуПроверки(СообщениеОшибки);
{ВнешняяОбработка.УтвержденияBDD.МодульОбъекта(53)}:	Возврат ЭтоИстина();
{ВнешняяОбработка.ПроверкаЧтенияНеАдминистраторами.МодульОбъекта(100)}:	Ожидаем.Что(ЧтениеДоступно, ПолноеИмяМетаданного + &quot; недоступно для чтения ролями без привилегий&quot;).ЕстьИстина();
{(1)}:КонтекстВыполнения.Тест_ПроверитьНеАдминистраторскиеПраваНаЧтение(Параметры[0],Параметры[1]);
{ВнешняяОбработка.xddTestRunner.МодульОбъекта(337)}:	Выполнить(ИcполняемыйКод);
{ВнешняяОбработка.xddTestRunner.МодульОбъекта(261)}:			ВыполнитьПроцедуруКонтекста(КонтекстВыполнения, ЭлементДереваТестов.ИмяМетода, ЭлементДереваТестов.Параметры);
{ВнешняяОбработка.xddTestRunner.Форма.УправляемаяФорма.Форма(913)}:	РезультатТестирования = ОбъектНаСервере.ВыполнитьТестовыйМетод(КонтекстВыполнения, ЭлементДереваТестов);
"/>
			</testcase>
			<testcase classname="Проверка чтения не-администраторами - &lt;test&gt;" name="Константа.ТОРО_ВидЦеныПлановаяЦенаМатериаловИРабот: Проверка доступа на Чтение Не-Администраторами - &lt;test&gt;" time="0.015" status="passed"/>
			<testcase classname="Проверка чтения не-администраторами - &lt;test&gt;" name="РегистрСведений.ИспользованиеДополнительныхОтчетовИОбработокСервисаВАвтономномРабочемМесте: Проверка доступа на Чтение Не-Администраторами - &lt;test&gt;" time="0.046" status="failure">
				<failure message="[Failed] Ожидали, что проверяемое значение (Ложь) является ИСТИНОЙ.
РегистрСведений.ИспользованиеДополнительныхОтчетовИОбработокСервисаВАвтономномРабочемМесте недоступно для чтения ролями без привилегий
{ВнешняяОбработка.УтвержденияBDD.МодульОбъекта(293)}:	ВызватьИсключение Префикс + &quot; &quot; + СообщениеОшибки;
{ВнешняяОбработка.УтвержденияBDD.МодульОбъекта(46)}:		ВызватьОшибкуПроверки(СообщениеОшибки);
{ВнешняяОбработка.УтвержденияBDD.МодульОбъекта(53)}:	Возврат ЭтоИстина();
{ВнешняяОбработка.ПроверкаЧтенияНеАдминистраторами.МодульОбъекта(100)}:	Ожидаем.Что(ЧтениеДоступно, ПолноеИмяМетаданного + &quot; недоступно для чтения ролями без привилегий&quot;).ЕстьИстина();
{(1)}:КонтекстВыполнения.Тест_ПроверитьНеАдминистраторскиеПраваНаЧтение(Параметры[0],Параметры[1]);
{ВнешняяОбработка.xddTestRunner.МодульОбъекта(337)}:	Выполнить(ИcполняемыйКод);
{ВнешняяОбработка.xddTestRunner.МодульОбъекта(261)}:			ВыполнитьПроцедуруКонтекста(КонтекстВыполнения, ЭлементДереваТестов.ИмяМетода, ЭлементДереваТестов.Параметры);
{ВнешняяОбработка.xddTestRunner.Форма.УправляемаяФорма.Форма(913)}:	РезультатТестирования = ОбъектНаСервере.ВыполнитьТестовыйМетод(КонтекстВыполнения, ЭлементДереваТестов);
"/>
			</testcase>
			<testcase classname="Проверка чтения не-администраторами - &lt;test&gt;" name="Константа.ИспользоватьЭлектронныеПодписи: Проверка доступа на Чтение Не-Администраторами - &lt;test&gt;" time="0" status="passed"/>
			<testcase classname="Проверка чтения не-администраторами - &lt;test&gt;" name="Константа.ИспользоватьОбменЭД: Проверка доступа на Чтение Не-Администраторами - &lt;test&gt;" time="0" status="passed"/>
			<testcase classname="Проверка чтения не-администраторами - &lt;test&gt;" name="РегистрСведений.ТОРО_ВыполнениеБизнесПроцессов: Проверка доступа на Чтение Не-Администраторами - &lt;test&gt;" time="0.016" status="passed"/>
			<testcase classname="Проверка чтения не-администраторами - &lt;test&gt;" name="Константа.ТОРО_ИспользоватьИнтеграциюТТСЭА: Проверка доступа на Чтение Не-Администраторами - &lt;test&gt;" time="0.016" status="passed"/>
			<testcase classname="Проверка чтения не-администраторами - &lt;test&gt;" name="РегистрНакопления.ЗарплатаКВыплате: Проверка доступа на Чтение Не-Администраторами - &lt;test&gt;" time="0" status="passed"/>
			<testcase classname="Проверка чтения не-администраторами - &lt;test&gt;" name="Константа.ИспользоватьABCXYZКлассификациюНоменклатурыПоВаловойПрибыли: Проверка доступа на Чтение Не-Администраторами - &lt;test&gt;" time="0" status="passed"/>
			<testcase classname="Проверка чтения не-администраторами - &lt;test&gt;" name="Документ.ВыработкаСотрудников: Проверка доступа на Чтение Не-Администраторами - &lt;test&gt;" time="0" status="passed"/>
			<testcase classname="Проверка чтения не-администраторами - &lt;test&gt;" name="Справочник.РегистрУчетаПрисоединенныеФайлы: Проверка доступа на Чтение Не-Администраторами - &lt;test&gt;" time="0.016" status="passed"/>
			<testcase classname="Проверка чтения не-администраторами - &lt;test&gt;" name="РегистрСведений.НастройкиЗарплатаКадры: Проверка доступа на Чтение Не-Администраторами - &lt;test&gt;" time="0" status="passed"/>
			<testcase classname="Проверка чтения не-администраторами - &lt;test&gt;" name="Справочник.ТОРО_АСКП: Проверка доступа на Чтение Не-Администраторами - &lt;test&gt;" time="0.016" status="passed"/>
			<testcase classname="Проверка чтения не-администраторами - &lt;test&gt;" name="РегистрСведений.ТОРО_ВыполнениеЗаказовНаТОиР: Проверка доступа на Чтение Не-Администраторами - &lt;test&gt;" time="0.016" status="passed"/>
			<testcase classname="Проверка чтения не-администраторами - &lt;test&gt;" name="Константа.УдалитьАлгоритмПодписи: Проверка доступа на Чтение Не-Администраторами - &lt;test&gt;" time="0.016" status="passed"/>
			<testcase classname="Проверка чтения не-администраторами - &lt;test&gt;" name="Документ.Увольнение: Проверка доступа на Чтение Не-Администраторами - &lt;test&gt;" time="0.031" status="passed"/>
			<testcase classname="Проверка чтения не-администраторами - &lt;test&gt;" name="Константа.НеИспользоватьБизнесРегионы: Проверка доступа на Чтение Не-Администраторами - &lt;test&gt;" time="0" status="passed"/>
			<testcase classname="Проверка чтения не-администраторами - &lt;test&gt;" name="ПланОбмена.ОбменУправлениеПредприятиемДокументооборот20: Проверка доступа на Чтение Не-Администраторами - &lt;test&gt;" time="0.063" status="failure">
				<failure message="[Failed] Ожидали, что проверяемое значение (Ложь) является ИСТИНОЙ.
ПланОбмена.ОбменУправлениеПредприятиемДокументооборот20 недоступно для чтения ролями без привилегий
{ВнешняяОбработка.УтвержденияBDD.МодульОбъекта(293)}:	ВызватьИсключение Префикс + &quot; &quot; + СообщениеОшибки;
{ВнешняяОбработка.УтвержденияBDD.МодульОбъекта(46)}:		ВызватьОшибкуПроверки(СообщениеОшибки);
{ВнешняяОбработка.УтвержденияBDD.МодульОбъекта(53)}:	Возврат ЭтоИстина();
{ВнешняяОбработка.ПроверкаЧтенияНеАдминистраторами.МодульОбъекта(100)}:	Ожидаем.Что(ЧтениеДоступно, ПолноеИмяМетаданного + &quot; недоступно для чтения ролями без привилегий&quot;).ЕстьИстина();
{(1)}:КонтекстВыполнения.Тест_ПроверитьНеАдминистраторскиеПраваНаЧтение(Параметры[0],Параметры[1]);
{ВнешняяОбработка.xddTestRunner.МодульОбъекта(337)}:	Выполнить(ИcполняемыйКод);
{ВнешняяОбработка.xddTestRunner.МодульОбъекта(261)}:			ВыполнитьПроцедуруКонтекста(КонтекстВыполнения, ЭлементДереваТестов.ИмяМетода, ЭлементДереваТестов.Параметры);
{ВнешняяОбработка.xddTestRunner.Форма.УправляемаяФорма.Форма(913)}:	РезультатТестирования = ОбъектНаСервере.ВыполнитьТестовыйМетод(КонтекстВыполнения, ЭлементДереваТестов);
"/>
			</testcase>
			<testcase classname="Проверка чтения не-администраторами - &lt;test&gt;" name="Константа.ТОРО_ИспользоватьОтложенноеПроведение: Проверка доступа на Чтение Не-Администраторами - &lt;test&gt;" time="0.016" status="passed"/>
			<testcase classname="Проверка чтения не-администраторами - &lt;test&gt;" name="Справочник.УчетныеПолитикиОрганизаций: Проверка доступа на Чтение Не-Администраторами - &lt;test&gt;" time="0.016" status="passed"/>
			<testcase classname="Проверка чтения не-администраторами - &lt;test&gt;" name="Справочник.ТОРО_ВариантыКлассификацииСроковСтатусовЛота: Проверка доступа на Чтение Не-Администраторами - &lt;test&gt;" time="0.015" status="passed"/>
			<testcase classname="Проверка чтения не-администраторами - &lt;test&gt;" name="Справочник.ПростойСотрудниковПрисоединенныеФайлы: Проверка доступа на Чтение Не-Администраторами - &lt;test&gt;" time="0" status="passed"/>
			<testcase classname="Проверка чтения не-администраторами - &lt;test&gt;" name="РегистрСведений.СтавкиНалогаНаИмуществоПоОтдельнымОсновнымСредствам: Проверка доступа на Чтение Не-Администраторами - &lt;test&gt;" time="0.016" status="passed"/>
			<testcase classname="Проверка чтения не-администраторами - &lt;test&gt;" name="РегистрСведений.УдалитьСведенияОНачисленияхДляРасчетаСреднегоЗаработкаФСС: Проверка доступа на Чтение Не-Администраторами - &lt;test&gt;" time="0.063" status="failure">
				<failure message="[Failed] Ожидали, что проверяемое значение (Ложь) является ИСТИНОЙ.
РегистрСведений.УдалитьСведенияОНачисленияхДляРасчетаСреднегоЗаработкаФСС недоступно для чтения ролями без привилегий
{ВнешняяОбработка.УтвержденияBDD.МодульОбъекта(293)}:	ВызватьИсключение Префикс + &quot; &quot; + СообщениеОшибки;
{ВнешняяОбработка.УтвержденияBDD.МодульОбъекта(46)}:		ВызватьОшибкуПроверки(СообщениеОшибки);
{ВнешняяОбработка.УтвержденияBDD.МодульОбъекта(53)}:	Возврат ЭтоИстина();
{ВнешняяОбработка.ПроверкаЧтенияНеАдминистраторами.МодульОбъекта(100)}:	Ожидаем.Что(ЧтениеДоступно, ПолноеИмяМетаданного + &quot; недоступно для чтения ролями без привилегий&quot;).ЕстьИстина();
{(1)}:КонтекстВыполнения.Тест_ПроверитьНеАдминистраторскиеПраваНаЧтение(Параметры[0],Параметры[1]);
{ВнешняяОбработка.xddTestRunner.МодульОбъекта(337)}:	Выполнить(ИcполняемыйКод);
{ВнешняяОбработка.xddTestRunner.МодульОбъекта(261)}:			ВыполнитьПроцедуруКонтекста(КонтекстВыполнения, ЭлементДереваТестов.ИмяМетода, ЭлементДереваТестов.Параметры);
{ВнешняяОбработка.xddTestRunner.Форма.УправляемаяФорма.Форма(913)}:	РезультатТестирования = ОбъектНаСервере.ВыполнитьТестовыйМетод(КонтекстВыполнения, ЭлементДереваТестов);
"/>
			</testcase>
			<testcase classname="Проверка чтения не-администраторами - &lt;test&gt;" name="РегистрСведений.УдалитьОбразованиеФизическихЛиц: Проверка доступа на Чтение Не-Администраторами - &lt;test&gt;" time="0.062" status="failure">
				<failure message="[Failed] Ожидали, что проверяемое значение (Ложь) является ИСТИНОЙ.
РегистрСведений.УдалитьОбразованиеФизическихЛиц недоступно для чтения ролями без привилегий
{ВнешняяОбработка.УтвержденияBDD.МодульОбъекта(293)}:	ВызватьИсключение Префикс + &quot; &quot; + СообщениеОшибки;
{ВнешняяОбработка.УтвержденияBDD.МодульОбъекта(46)}:		ВызватьОшибкуПроверки(СообщениеОшибки);
{ВнешняяОбработка.УтвержденияBDD.МодульОбъекта(53)}:	Возврат ЭтоИстина();
{ВнешняяОбработка.ПроверкаЧтенияНеАдминистраторами.МодульОбъекта(100)}:	Ожидаем.Что(ЧтениеДоступно, ПолноеИмяМетаданного + &quot; недоступно для чтения ролями без привилегий&quot;).ЕстьИстина();
{(1)}:КонтекстВыполнения.Тест_ПроверитьНеАдминистраторскиеПраваНаЧтение(Параметры[0],Параметры[1]);
{ВнешняяОбработка.xddTestRunner.МодульОбъекта(337)}:	Выполнить(ИcполняемыйКод);
{ВнешняяОбработка.xddTestRunner.МодульОбъекта(261)}:			ВыполнитьПроцедуруКонтекста(КонтекстВыполнения, ЭлементДереваТестов.ИмяМетода, ЭлементДереваТестов.Параметры);
{ВнешняяОбработка.xddTestRunner.Форма.УправляемаяФорма.Форма(913)}:	РезультатТестирования = ОбъектНаСервере.ВыполнитьТестовыйМетод(КонтекстВыполнения, ЭлементДереваТестов);
"/>
			</testcase>
			<testcase classname="Проверка чтения не-администраторами - &lt;test&gt;" name="РегистрСведений.ДанныеПроизводственногоКалендаря: Проверка доступа на Чтение Не-Администраторами - &lt;test&gt;" time="0" status="passed"/>
			<testcase classname="Проверка чтения не-администраторами - &lt;test&gt;" name="РегистрСведений.ТОРО_СтатистикиРасчетаИТС: Проверка доступа на Чтение Не-Администраторами - &lt;test&gt;" time="0.031" status="passed"/>
			<testcase classname="Проверка чтения не-администраторами - &lt;test&gt;" name="Константа.ИспользоватьСервисСклоненияMorpher: Проверка доступа на Чтение Не-Администраторами - &lt;test&gt;" time="0" status="passed"/>
			<testcase classname="Проверка чтения не-администраторами - &lt;test&gt;" name="Константа.ТОРО_АдресСервисаСтатусыЛотовЕИСЗ: Проверка доступа на Чтение Не-Администраторами - &lt;test&gt;" time="0.016" status="passed"/>
			<testcase classname="Проверка чтения не-администраторами - &lt;test&gt;" name="Константа.ИспользоватьРучныеСкидкиВПродажах: Проверка доступа на Чтение Не-Администраторами - &lt;test&gt;" time="0" status="passed"/>
			<testcase classname="Проверка чтения не-администраторами - &lt;test&gt;" name="Документ.ПрочиеДоходыРасходы: Проверка доступа на Чтение Не-Администраторами - &lt;test&gt;" time="0.016" status="passed"/>
			<testcase classname="Проверка чтения не-администраторами - &lt;test&gt;" name="РегистрСведений.ЗаданияКОбработкеЭтаповПроизводства: Проверка доступа на Чтение Не-Администраторами - &lt;test&gt;" time="0.016" status="passed"/>
			<testcase classname="Проверка чтения не-администраторами - &lt;test&gt;" name="Справочник.МаршрутыПодписания: Проверка доступа на Чтение Не-Администраторами - &lt;test&gt;" time="0.016" status="passed"/>
			<testcase classname="Проверка чтения не-администраторами - &lt;test&gt;" name="Документ.СчетФактураВыданныйАванс: Проверка доступа на Чтение Не-Администраторами - &lt;test&gt;" time="0.016" status="passed"/>
			<testcase classname="Проверка чтения не-администраторами - &lt;test&gt;" name="РегистрСведений.СпособыОтраженияРасходовПоАмортизацииОСБухгалтерскийУчет: Проверка доступа на Чтение Не-Администраторами - &lt;test&gt;" time="0" status="passed"/>
			<testcase classname="Проверка чтения не-администраторами - &lt;test&gt;" name="Константа.ТОРО_АдресСервисаМаркетинговыхЦенЕИСЗ: Проверка доступа на Чтение Не-Администраторами - &lt;test&gt;" time="0.016" status="passed"/>
			<testcase classname="Проверка чтения не-администраторами - &lt;test&gt;" name="РегистрСведений.СведенияРеглОтчетАлкоПрил12Раздел1: Проверка доступа на Чтение Не-Администраторами - &lt;test&gt;" time="0.016" status="passed"/>
			<testcase classname="Проверка чтения не-администраторами - &lt;test&gt;" name="РегистрНакопления.ПлановыеТрудозатраты: Проверка доступа на Чтение Не-Администраторами - &lt;test&gt;" time="0" status="passed"/>
			<testcase classname="Проверка чтения не-администраторами - &lt;test&gt;" name="Документ.КорректировкаНазначенияТоваров: Проверка доступа на Чтение Не-Администраторами - &lt;test&gt;" time="0" status="passed"/>
			<testcase classname="Проверка чтения не-администраторами - &lt;test&gt;" name="Константа.ШаблонЭтикеткиУпаковочногоЛиста: Проверка доступа на Чтение Не-Администраторами - &lt;test&gt;" time="0" status="passed"/>
			<testcase classname="Проверка чтения не-администраторами - &lt;test&gt;" name="Справочник.ПередачаТоваровМеждуОрганизациямиПрисоединенныеФайлы: Проверка доступа на Чтение Не-Администраторами - &lt;test&gt;" time="0" status="passed"/>
			<testcase classname="Проверка чтения не-администраторами - &lt;test&gt;" name="РегистрСведений.СтрокиОтчетностиМониторингаРаботниковСоциальнойСферы: Проверка доступа на Чтение Не-Администраторами - &lt;test&gt;" time="0.016" status="passed"/>
			<testcase classname="Проверка чтения не-администраторами - &lt;test&gt;" name="Константа.ВидимостьДатыНачалаПечатиЕдиногоАвансовогоОтчета: Проверка доступа на Чтение Не-Администраторами - &lt;test&gt;" time="0" status="passed"/>
			<testcase classname="Проверка чтения не-администраторами - &lt;test&gt;" name="Документ.ТОРО_ЧекЛист: Проверка доступа на Чтение Не-Администраторами - &lt;test&gt;" time="0.032" status="passed"/>
			<testcase classname="Проверка чтения не-администраторами - &lt;test&gt;" name="Константа.ТОРО_ВыборТехОбъектовЧерезАРМ: Проверка доступа на Чтение Не-Администраторами - &lt;test&gt;" time="0.015" status="passed"/>
			<testcase classname="Проверка чтения не-администраторами - &lt;test&gt;" name="Документ.ВыкупПринятыхНаХранениеТоваров: Проверка доступа на Чтение Не-Администраторами - &lt;test&gt;" time="0" status="passed"/>
			<testcase classname="Проверка чтения не-администраторами - &lt;test&gt;" name="Справочник.СтроковыеКонтактыВзаимодействий: Проверка доступа на Чтение Не-Администраторами - &lt;test&gt;" time="0.015" status="passed"/>
			<testcase classname="Проверка чтения не-администраторами - &lt;test&gt;" name="РегистрСведений.АдресныеОбъекты: Проверка доступа на Чтение Не-Администраторами - &lt;test&gt;" time="0" status="passed"/>
			<testcase classname="Проверка чтения не-администраторами - &lt;test&gt;" name="РегистрНакопления.ТМЦВЭксплуатации: Проверка доступа на Чтение Не-Администраторами - &lt;test&gt;" time="0.016" status="passed"/>
			<testcase classname="Проверка чтения не-администраторами - &lt;test&gt;" name="Документ.РегистрУчета: Проверка доступа на Чтение Не-Администраторами - &lt;test&gt;" time="0" status="passed"/>
			<testcase classname="Проверка чтения не-администраторами - &lt;test&gt;" name="Константа.ПредставлениеОбластиДанных: Проверка доступа на Чтение Не-Администраторами - &lt;test&gt;" time="0" status="passed"/>
			<testcase classname="Проверка чтения не-администраторами - &lt;test&gt;" name="Справочник.ВедомостьПрочихДоходовВБанкПрисоединенныеФайлы: Проверка доступа на Чтение Не-Администраторами - &lt;test&gt;" time="0" status="passed"/>
			<testcase classname="Проверка чтения не-администраторами - &lt;test&gt;" name="Справочник.ТОРО_ВидыСобытийОповещений: Проверка доступа на Чтение Не-Администраторами - &lt;test&gt;" time="0.015" status="passed"/>
			<testcase classname="Проверка чтения не-администраторами - &lt;test&gt;" name="Константа.НеИспользоватьРазделениеПоОбластямДанныхИЭтоУТ: Проверка доступа на Чтение Не-Администраторами - &lt;test&gt;" time="0" status="passed"/>
			<testcase classname="Проверка чтения не-администраторами - &lt;test&gt;" name="Константа.ИспользоватьСервисРаботаСНоменклатурой: Проверка доступа на Чтение Не-Администраторами - &lt;test&gt;" time="0.016" status="passed"/>
			<testcase classname="Проверка чтения не-администраторами - &lt;test&gt;" name="Справочник.ТОРО_Мнемосхемы: Проверка доступа на Чтение Не-Администраторами - &lt;test&gt;" time="0.016" status="passed"/>
			<testcase classname="Проверка чтения не-администраторами - &lt;test&gt;" name="Документ.ПачкаДокументовДСВ_1: Проверка доступа на Чтение Не-Администраторами - &lt;test&gt;" time="0" status="passed"/>
			<testcase classname="Проверка чтения не-администраторами - &lt;test&gt;" name="Документ.НачислениеЗарплаты: Проверка доступа на Чтение Не-Администраторами - &lt;test&gt;" time="0.016" status="passed"/>
			<testcase classname="Проверка чтения не-администраторами - &lt;test&gt;" name="Справочник.ВидыДоходовНДФЛ: Проверка доступа на Чтение Не-Администраторами - &lt;test&gt;" time="0" status="passed"/>
			<testcase classname="Проверка чтения не-администраторами - &lt;test&gt;" name="РегистрСведений.ТОРО_СведенияПоПредписаниямНадзорныхОрганов: Проверка доступа на Чтение Не-Администраторами - &lt;test&gt;" time="0.015" status="passed"/>
			<testcase classname="Проверка чтения не-администраторами - &lt;test&gt;" name="Константа.ВидМинимальноДопустимыхЦенПродажи: Проверка доступа на Чтение Не-Администраторами - &lt;test&gt;" time="0" status="passed"/>
			<testcase classname="Проверка чтения не-администраторами - &lt;test&gt;" name="Справочник.ТОРО_КачественнаяОценкаИТС: Проверка доступа на Чтение Не-Администраторами - &lt;test&gt;" time="0.015" status="passed"/>
			<testcase classname="Проверка чтения не-администраторами - &lt;test&gt;" name="РегистрСведений.РегистрацияЗемельныхУчастков: Проверка доступа на Чтение Не-Администраторами - &lt;test&gt;" time="0.016" status="passed"/>
			<testcase classname="Проверка чтения не-администраторами - &lt;test&gt;" name="РегистрСведений.СведенияРеглОтчетАлкоПрил17Декларация: Проверка доступа на Чтение Не-Администраторами - &lt;test&gt;" time="0.016" status="passed"/>
			<testcase classname="Проверка чтения не-администраторами - &lt;test&gt;" name="Константа.ИспользоватьПричиныОтменыЗаказовПоставщикам: Проверка доступа на Чтение Не-Администраторами - &lt;test&gt;" time="0" status="passed"/>
			<testcase classname="Проверка чтения не-администраторами - &lt;test&gt;" name="Константа.ПорядокЗачетаДокументовПоДатеОперации: Проверка доступа на Чтение Не-Администраторами - &lt;test&gt;" time="0.016" status="passed"/>
			<testcase classname="Проверка чтения не-администраторами - &lt;test&gt;" name="Константа.ЗапретитьОформлениеОперацийСИмпортнымиТоварамиБезНомеровГТД: Проверка доступа на Чтение Не-Администраторами - &lt;test&gt;" time="0" status="passed"/>
			<testcase classname="Проверка чтения не-администраторами - &lt;test&gt;" name="Документ.Премия: Проверка доступа на Чтение Не-Администраторами - &lt;test&gt;" time="0" status="passed"/>
			<testcase classname="Проверка чтения не-администраторами - &lt;test&gt;" name="РегистрСведений.ИсторияНачисленийПоШтатномуРасписанию: Проверка доступа на Чтение Не-Администраторами - &lt;test&gt;" time="0.016" status="passed"/>
			<testcase classname="Проверка чтения не-администраторами - &lt;test&gt;" name="Константа.ИспользоватьНачислениеЗарплатыВНесколькихОрганизациях: Проверка доступа на Чтение Не-Администраторами - &lt;test&gt;" time="0" status="passed"/>
			<testcase classname="Проверка чтения не-администраторами - &lt;test&gt;" name="Константа.ИспользоватьНесколькоКлассификацийЗадолженности: Проверка доступа на Чтение Не-Администраторами - &lt;test&gt;" time="0" status="passed"/>
			<testcase classname="Проверка чтения не-администраторами - &lt;test&gt;" name="Константа.ПредопределенныеШаблоныСообщений: Проверка доступа на Чтение Не-Администраторами - &lt;test&gt;" time="0.015" status="passed"/>
			<testcase classname="Проверка чтения не-администраторами - &lt;test&gt;" name="ПланОбмена.ОбменСообщениями: Проверка доступа на Чтение Не-Администраторами - &lt;test&gt;" time="0.031" status="passed"/>
			<testcase classname="Проверка чтения не-администраторами - &lt;test&gt;" name="РегистрСведений.НомераОтсканированныхФайлов: Проверка доступа на Чтение Не-Администраторами - &lt;test&gt;" time="0" status="passed"/>
			<testcase classname="Проверка чтения не-администраторами - &lt;test&gt;" name="РегистрСведений.УдалитьКомплектыОтчетностиПерсучета: Проверка доступа на Чтение Не-Администраторами - &lt;test&gt;" time="0.063" status="failure">
				<failure message="[Failed] Ожидали, что проверяемое значение (Ложь) является ИСТИНОЙ.
РегистрСведений.УдалитьКомплектыОтчетностиПерсучета недоступно для чтения ролями без привилегий
{ВнешняяОбработка.УтвержденияBDD.МодульОбъекта(293)}:	ВызватьИсключение Префикс + &quot; &quot; + СообщениеОшибки;
{ВнешняяОбработка.УтвержденияBDD.МодульОбъекта(46)}:		ВызватьОшибкуПроверки(СообщениеОшибки);
{ВнешняяОбработка.УтвержденияBDD.МодульОбъекта(53)}:	Возврат ЭтоИстина();
{ВнешняяОбработка.ПроверкаЧтенияНеАдминистраторами.МодульОбъекта(100)}:	Ожидаем.Что(ЧтениеДоступно, ПолноеИмяМетаданного + &quot; недоступно для чтения ролями без привилегий&quot;).ЕстьИстина();
{(1)}:КонтекстВыполнения.Тест_ПроверитьНеАдминистраторскиеПраваНаЧтение(Параметры[0],Параметры[1]);
{ВнешняяОбработка.xddTestRunner.МодульОбъекта(337)}:	Выполнить(ИcполняемыйКод);
{ВнешняяОбработка.xddTestRunner.МодульОбъекта(261)}:			ВыполнитьПроцедуруКонтекста(КонтекстВыполнения, ЭлементДереваТестов.ИмяМетода, ЭлементДереваТестов.Параметры);
{ВнешняяОбработка.xddTestRunner.Форма.УправляемаяФорма.Форма(913)}:	РезультатТестирования = ОбъектНаСервере.ВыполнитьТестовыйМетод(КонтекстВыполнения, ЭлементДереваТестов);
"/>
			</testcase>
			<testcase classname="Проверка чтения не-администраторами - &lt;test&gt;" name="РегистрСведений.ПравилаОтправкиОтчетностиПоФизЛицам: Проверка доступа на Чтение Не-Администраторами - &lt;test&gt;" time="0.015" status="passed"/>
			<testcase classname="Проверка чтения не-администраторами - &lt;test&gt;" name="РегистрНакопления.ДвиженияСерийТоваров: Проверка доступа на Чтение Не-Администраторами - &lt;test&gt;" time="0.032" status="passed"/>
			<testcase classname="Проверка чтения не-администраторами - &lt;test&gt;" name="Константа.ДокументооборотСКонтролирующимиОрганами_ОтпечатокСертификатаОнлайнПроверки: Проверка доступа на Чтение Не-Администраторами - &lt;test&gt;" time="0" status="passed"/>
			<testcase classname="Проверка чтения не-администраторами - &lt;test&gt;" name="РегистрСведений.ПорядокОтраженияПроизводства: Проверка доступа на Чтение Не-Администраторами - &lt;test&gt;" time="0.016" status="passed"/>
			<testcase classname="Проверка чтения не-администраторами - &lt;test&gt;" name="Документ.ДоходВНатуральнойФорме: Проверка доступа на Чтение Не-Администраторами - &lt;test&gt;" time="0.016" status="passed"/>
			<testcase classname="Проверка чтения не-администраторами - &lt;test&gt;" name="РегистрСведений.СтавкиНалогаНаПрибыльДляВсехОрганизаций: Проверка доступа на Чтение Не-Администраторами - &lt;test&gt;" time="0.016" status="passed"/>
			<testcase classname="Проверка чтения не-администраторами - &lt;test&gt;" name="Справочник.ТарифныеСетки: Проверка доступа на Чтение Не-Администраторами - &lt;test&gt;" time="0" status="passed"/>
			<testcase classname="Проверка чтения не-администраторами - &lt;test&gt;" name="Константа.АналитическийУчетПоГруппамПродукции: Проверка доступа на Чтение Не-Администраторами - &lt;test&gt;" time="0.015" status="passed"/>
			<testcase classname="Проверка чтения не-администраторами - &lt;test&gt;" name="Справочник.НефинансовыеПоказателиБюджетов: Проверка доступа на Чтение Не-Администраторами - &lt;test&gt;" time="0" status="passed"/>
			<testcase classname="Проверка чтения не-администраторами - &lt;test&gt;" name="Документ.ЗаказНаВнутреннееПотребление: Проверка доступа на Чтение Не-Администраторами - &lt;test&gt;" time="0" status="passed"/>
			<testcase classname="Проверка чтения не-администраторами - &lt;test&gt;" name="Справочник.ТОРО_ПриемкаРаботТПИРПрисоединенныеФайлы: Проверка доступа на Чтение Не-Администраторами - &lt;test&gt;" time="0.016" status="passed"/>
			<testcase classname="Проверка чтения не-администраторами - &lt;test&gt;" name="РегистрСведений.ДополнительныеФайлыРегламентированныхОтчетов: Проверка доступа на Чтение Не-Администраторами - &lt;test&gt;" time="0" status="passed"/>
			<testcase classname="Проверка чтения не-администраторами - &lt;test&gt;" name="Справочник.ОтветственныеЛицаОрганизаций: Проверка доступа на Чтение Не-Администраторами - &lt;test&gt;" time="0.016" status="passed"/>
			<testcase classname="Проверка чтения не-администраторами - &lt;test&gt;" name="Константа.ВерсииСхемОбменаГИСМ: Проверка доступа на Чтение Не-Администраторами - &lt;test&gt;" time="0.016" status="passed"/>
			<testcase classname="Проверка чтения не-администраторами - &lt;test&gt;" name="РегистрСведений.УдалитьГруппыЗначенийДоступа: Проверка доступа на Чтение Не-Администраторами - &lt;test&gt;" time="0.062" status="failure">
				<failure message="[Failed] Ожидали, что проверяемое значение (Ложь) является ИСТИНОЙ.
РегистрСведений.УдалитьГруппыЗначенийДоступа недоступно для чтения ролями без привилегий
{ВнешняяОбработка.УтвержденияBDD.МодульОбъекта(293)}:	ВызватьИсключение Префикс + &quot; &quot; + СообщениеОшибки;
{ВнешняяОбработка.УтвержденияBDD.МодульОбъекта(46)}:		ВызватьОшибкуПроверки(СообщениеОшибки);
{ВнешняяОбработка.УтвержденияBDD.МодульОбъекта(53)}:	Возврат ЭтоИстина();
{ВнешняяОбработка.ПроверкаЧтенияНеАдминистраторами.МодульОбъекта(100)}:	Ожидаем.Что(ЧтениеДоступно, ПолноеИмяМетаданного + &quot; недоступно для чтения ролями без привилегий&quot;).ЕстьИстина();
{(1)}:КонтекстВыполнения.Тест_ПроверитьНеАдминистраторскиеПраваНаЧтение(Параметры[0],Параметры[1]);
{ВнешняяОбработка.xddTestRunner.МодульОбъекта(337)}:	Выполнить(ИcполняемыйКод);
{ВнешняяОбработка.xddTestRunner.МодульОбъекта(261)}:			ВыполнитьПроцедуруКонтекста(КонтекстВыполнения, ЭлементДереваТестов.ИмяМетода, ЭлементДереваТестов.Параметры);
{ВнешняяОбработка.xddTestRunner.Форма.УправляемаяФорма.Форма(913)}:	РезультатТестирования = ОбъектНаСервере.ВыполнитьТестовыйМетод(КонтекстВыполнения, ЭлементДереваТестов);
"/>
			</testcase>
			<testcase classname="Проверка чтения не-администраторами - &lt;test&gt;" name="РегистрСведений.РесурсыМеханизмаОнлайнСервисовРО: Проверка доступа на Чтение Не-Администраторами - &lt;test&gt;" time="0" status="passed"/>
			<testcase classname="Проверка чтения не-администраторами - &lt;test&gt;" name="Справочник.ЗарплатныеПроекты: Проверка доступа на Чтение Не-Администраторами - &lt;test&gt;" time="0" status="passed"/>
			<testcase classname="Проверка чтения не-администраторами - &lt;test&gt;" name="Справочник.УведомлениеОСпецрежимахНалогообложенияПрисоединенныеФайлы: Проверка доступа на Чтение Не-Администраторами - &lt;test&gt;" time="0.016" status="passed"/>
			<testcase classname="Проверка чтения не-администраторами - &lt;test&gt;" name="РегистрСведений.ДатыЗагрузкиПоследнихНовостей: Проверка доступа на Чтение Не-Администраторами - &lt;test&gt;" time="0.016" status="passed"/>
			<testcase classname="Проверка чтения не-администраторами - &lt;test&gt;" name="Справочник.АвансовыйОтчетПрисоединенныеФайлы: Проверка доступа на Чтение Не-Администраторами - &lt;test&gt;" time="0.016" status="passed"/>
			<testcase classname="Проверка чтения не-администраторами - &lt;test&gt;" name="РегистрСведений.ДопустимыеСочетанияКодовГруппСтажа: Проверка доступа на Чтение Не-Администраторами - &lt;test&gt;" time="0" status="passed"/>
			<testcase classname="Проверка чтения не-администраторами - &lt;test&gt;" name="Константа.КонтролироватьВыполнениеОперацийПриЗакрытииЭтаповПроизводства: Проверка доступа на Чтение Не-Администраторами - &lt;test&gt;" time="0" status="passed"/>
			<testcase classname="Проверка чтения не-администраторами - &lt;test&gt;" name="Справочник.БланкиСтрогойОтчетности: Проверка доступа на Чтение Не-Администраторами - &lt;test&gt;" time="0" status="passed"/>
			<testcase classname="Проверка чтения не-администраторами - &lt;test&gt;" name="РегистрСведений.ТОРО_СоответствияДанныхГрандСметы: Проверка доступа на Чтение Не-Администраторами - &lt;test&gt;" time="0.016" status="passed"/>
			<testcase classname="Проверка чтения не-администраторами - &lt;test&gt;" name="Константа.ТОРО_НастройкиТК: Проверка доступа на Чтение Не-Администраторами - &lt;test&gt;" time="0.016" status="passed"/>
			<testcase classname="Проверка чтения не-администраторами - &lt;test&gt;" name="Справочник.УдалитьОсобыеУсловияТрудаПФР: Проверка доступа на Чтение Не-Администраторами - &lt;test&gt;" time="0.046" status="passed"/>
			<testcase classname="Проверка чтения не-администраторами - &lt;test&gt;" name="РегистрСведений.ОплатаВедомостейНаВыплатуЗарплаты: Проверка доступа на Чтение Не-Администраторами - &lt;test&gt;" time="0.016" status="passed"/>
			<testcase classname="Проверка чтения не-администраторами - &lt;test&gt;" name="Константа.ВестиУчетТаможенныхДекларацийНаЭкспорт: Проверка доступа на Чтение Не-Администраторами - &lt;test&gt;" time="0" status="passed"/>
			<testcase classname="Проверка чтения не-администраторами - &lt;test&gt;" name="РегистрСведений.ЗависимостиПравДоступа: Проверка доступа на Чтение Не-Администраторами - &lt;test&gt;" time="0.031" status="passed"/>
			<testcase classname="Проверка чтения не-администраторами - &lt;test&gt;" name="РегистрСведений.ВремяРегистрацииДокументовПлановыхНачислений: Проверка доступа на Чтение Не-Администраторами - &lt;test&gt;" time="0.062" status="failure">
				<failure message="[Failed] Ожидали, что проверяемое значение (Ложь) является ИСТИНОЙ.
РегистрСведений.ВремяРегистрацииДокументовПлановыхНачислений недоступно для чтения ролями без привилегий
{ВнешняяОбработка.УтвержденияBDD.МодульОбъекта(293)}:	ВызватьИсключение Префикс + &quot; &quot; + СообщениеОшибки;
{ВнешняяОбработка.УтвержденияBDD.МодульОбъекта(46)}:		ВызватьОшибкуПроверки(СообщениеОшибки);
{ВнешняяОбработка.УтвержденияBDD.МодульОбъекта(53)}:	Возврат ЭтоИстина();
{ВнешняяОбработка.ПроверкаЧтенияНеАдминистраторами.МодульОбъекта(100)}:	Ожидаем.Что(ЧтениеДоступно, ПолноеИмяМетаданного + &quot; недоступно для чтения ролями без привилегий&quot;).ЕстьИстина();
{(1)}:КонтекстВыполнения.Тест_ПроверитьНеАдминистраторскиеПраваНаЧтение(Параметры[0],Параметры[1]);
{ВнешняяОбработка.xddTestRunner.МодульОбъекта(337)}:	Выполнить(ИcполняемыйКод);
{ВнешняяОбработка.xddTestRunner.МодульОбъекта(261)}:			ВыполнитьПроцедуруКонтекста(КонтекстВыполнения, ЭлементДереваТестов.ИмяМетода, ЭлементДереваТестов.Параметры);
{ВнешняяОбработка.xddTestRunner.Форма.УправляемаяФорма.Форма(913)}:	РезультатТестирования = ОбъектНаСервере.ВыполнитьТестовыйМетод(КонтекстВыполнения, ЭлементДереваТестов);
"/>
			</testcase>
			<testcase classname="Проверка чтения не-администраторами - &lt;test&gt;" name="РегистрСведений.ТЦСценарийЗапуска: Проверка доступа на Чтение Не-Администраторами - &lt;test&gt;" time="0.015" status="passed"/>
			<testcase classname="Проверка чтения не-администраторами - &lt;test&gt;" name="РегистрСведений.СостоянияНМАОрганизаций: Проверка доступа на Чтение Не-Администраторами - &lt;test&gt;" time="0" status="passed"/>
			<testcase classname="Проверка чтения не-администраторами - &lt;test&gt;" name="РегистрСведений.ОчередьРасчетаПланаПроизводства: Проверка доступа на Чтение Не-Администраторами - &lt;test&gt;" time="0" status="passed"/>
			<testcase classname="Проверка чтения не-администраторами - &lt;test&gt;" name="Константа.ИспользоватьАктыРасхожденийПослеОтгрузкиПоВозвратам: Проверка доступа на Чтение Не-Администраторами - &lt;test&gt;" time="0" status="passed"/>
			<testcase classname="Проверка чтения не-администраторами - &lt;test&gt;" name="Справочник.ЗаявлениеОНазначенииПенсии: Проверка доступа на Чтение Не-Администраторами - &lt;test&gt;" time="0.015" status="passed"/>
			<testcase classname="Проверка чтения не-администраторами - &lt;test&gt;" name="РегистрСведений.МиграцияПриложенийСостояниеВыгрузки: Проверка доступа на Чтение Не-Администраторами - &lt;test&gt;" time="0.062" status="failure">
				<failure message="[Failed] Ожидали, что проверяемое значение (Ложь) является ИСТИНОЙ.
РегистрСведений.МиграцияПриложенийСостояниеВыгрузки недоступно для чтения ролями без привилегий
{ВнешняяОбработка.УтвержденияBDD.МодульОбъекта(293)}:	ВызватьИсключение Префикс + &quot; &quot; + СообщениеОшибки;
{ВнешняяОбработка.УтвержденияBDD.МодульОбъекта(46)}:		ВызватьОшибкуПроверки(СообщениеОшибки);
{ВнешняяОбработка.УтвержденияBDD.МодульОбъекта(53)}:	Возврат ЭтоИстина();
{ВнешняяОбработка.ПроверкаЧтенияНеАдминистраторами.МодульОбъекта(100)}:	Ожидаем.Что(ЧтениеДоступно, ПолноеИмяМетаданного + &quot; недоступно для чтения ролями без привилегий&quot;).ЕстьИстина();
{(1)}:КонтекстВыполнения.Тест_ПроверитьНеАдминистраторскиеПраваНаЧтение(Параметры[0],Параметры[1]);
{ВнешняяОбработка.xddTestRunner.МодульОбъекта(337)}:	Выполнить(ИcполняемыйКод);
{ВнешняяОбработка.xddTestRunner.МодульОбъекта(261)}:			ВыполнитьПроцедуруКонтекста(КонтекстВыполнения, ЭлементДереваТестов.ИмяМетода, ЭлементДереваТестов.Параметры);
{ВнешняяОбработка.xddTestRunner.Форма.УправляемаяФорма.Форма(913)}:	РезультатТестирования = ОбъектНаСервере.ВыполнитьТестовыйМетод(КонтекстВыполнения, ЭлементДереваТестов);
"/>
			</testcase>
			<testcase classname="Проверка чтения не-администраторами - &lt;test&gt;" name="Справочник.ОписиИсходящихДокументовВНалоговыеОрганы: Проверка доступа на Чтение Не-Администраторами - &lt;test&gt;" time="0.016" status="passed"/>
			<testcase classname="Проверка чтения не-администраторами - &lt;test&gt;" name="РегистрСведений.ТОРО_АварийныйЗапас: Проверка доступа на Чтение Не-Администраторами - &lt;test&gt;" time="0.015" status="passed"/>
			<testcase classname="Проверка чтения не-администраторами - &lt;test&gt;" name="Документ.ЗапросАкцизныхМарокЕГАИС: Проверка доступа на Чтение Не-Администраторами - &lt;test&gt;" time="0" status="passed"/>
			<testcase classname="Проверка чтения не-администраторами - &lt;test&gt;" name="РегистрНакопления.НДСПредъявленный: Проверка доступа на Чтение Не-Администраторами - &lt;test&gt;" time="0.032" status="passed"/>
			<testcase classname="Проверка чтения не-администраторами - &lt;test&gt;" name="РегистрСведений.ЗаданияКОтражениюВБюджетировании: Проверка доступа на Чтение Не-Администраторами - &lt;test&gt;" time="0.031" status="passed"/>
			<testcase classname="Проверка чтения не-администраторами - &lt;test&gt;" name="РегистрСведений.ЗаданияКФормированиюДвиженийПоВНА: Проверка доступа на Чтение Не-Администраторами - &lt;test&gt;" time="0.031" status="passed"/>
			<testcase classname="Проверка чтения не-администраторами - &lt;test&gt;" name="Документ.ВозвратМатериаловИзПроизводства: Проверка доступа на Чтение Не-Администраторами - &lt;test&gt;" time="0" status="passed"/>
			<testcase classname="Проверка чтения не-администраторами - &lt;test&gt;" name="Константа.ВариантОбособленияМатериаловВПереработке: Проверка доступа на Чтение Не-Администраторами - &lt;test&gt;" time="0" status="passed"/>
			<testcase classname="Проверка чтения не-администраторами - &lt;test&gt;" name="Справочник.АктОРасхожденияхПослеПриемкиПрисоединенныеФайлы: Проверка доступа на Чтение Не-Администраторами - &lt;test&gt;" time="0" status="passed"/>
			<testcase classname="Проверка чтения не-администраторами - &lt;test&gt;" name="Справочник.ТерриторииОсуществленияТорговойДеятельности: Проверка доступа на Чтение Не-Администраторами - &lt;test&gt;" time="0" status="passed"/>
			<testcase classname="Проверка чтения не-администраторами - &lt;test&gt;" name="РегистрСведений.НастройкиСтатистикиПерсонала: Проверка доступа на Чтение Не-Администраторами - &lt;test&gt;" time="0.015" status="passed"/>
			<testcase classname="Проверка чтения не-администраторами - &lt;test&gt;" name="Документ.ОтзывСогласияНаОбработкуПерсональныхДанных: Проверка доступа на Чтение Не-Администраторами - &lt;test&gt;" time="0" status="passed"/>
			<testcase classname="Проверка чтения не-администраторами - &lt;test&gt;" name="РегистрНакопления.НачисленияПоДоговорамГПХ: Проверка доступа на Чтение Не-Администраторами - &lt;test&gt;" time="0" status="passed"/>
			<testcase classname="Проверка чтения не-администраторами - &lt;test&gt;" name="Константа.ИспользоватьШтрихкодированиеПечатныхФормОбъектов: Проверка доступа на Чтение Не-Администраторами - &lt;test&gt;" time="0" status="passed"/>
			<testcase classname="Проверка чтения не-администраторами - &lt;test&gt;" name="Справочник.ТОРО_Запросы: Проверка доступа на Чтение Не-Администраторами - &lt;test&gt;" time="0.016" status="passed"/>
			<testcase classname="Проверка чтения не-администраторами - &lt;test&gt;" name="Документ.ПрекращениеПодработки: Проверка доступа на Чтение Не-Администраторами - &lt;test&gt;" time="0.016" status="passed"/>
			<testcase classname="Проверка чтения не-администраторами - &lt;test&gt;" name="Документ.УдержаниеВСчетРасчетовПоПрочимОперациям: Проверка доступа на Чтение Не-Администраторами - &lt;test&gt;" time="0.015" status="passed"/>
			<testcase classname="Проверка чтения не-администраторами - &lt;test&gt;" name="РегистрСведений.ОтражениеВРегламентированномУчетеНастройкиОрганизаций: Проверка доступа на Чтение Не-Администраторами - &lt;test&gt;" time="0.016" status="passed"/>
			<testcase classname="Проверка чтения не-администраторами - &lt;test&gt;" name="РегистрСведений.ОчередьСообщенийВЕТИС: Проверка доступа на Чтение Не-Администраторами - &lt;test&gt;" time="0" status="passed"/>
			<testcase classname="Проверка чтения не-администраторами - &lt;test&gt;" name="Справочник.ЗаявкаНаОткрытиеЛицевыхСчетовСотрудниковПрисоединенныеФайлы: Проверка доступа на Чтение Не-Администраторами - &lt;test&gt;" time="0.063" status="failure">
				<failure message="[Failed] Ожидали, что проверяемое значение (Ложь) является ИСТИНОЙ.
Справочник.ЗаявкаНаОткрытиеЛицевыхСчетовСотрудниковПрисоединенныеФайлы недоступно для чтения ролями без привилегий
{ВнешняяОбработка.УтвержденияBDD.МодульОбъекта(293)}:	ВызватьИсключение Префикс + &quot; &quot; + СообщениеОшибки;
{ВнешняяОбработка.УтвержденияBDD.МодульОбъекта(46)}:		ВызватьОшибкуПроверки(СообщениеОшибки);
{ВнешняяОбработка.УтвержденияBDD.МодульОбъекта(53)}:	Возврат ЭтоИстина();
{ВнешняяОбработка.ПроверкаЧтенияНеАдминистраторами.МодульОбъекта(100)}:	Ожидаем.Что(ЧтениеДоступно, ПолноеИмяМетаданного + &quot; недоступно для чтения ролями без привилегий&quot;).ЕстьИстина();
{(1)}:КонтекстВыполнения.Тест_ПроверитьНеАдминистраторскиеПраваНаЧтение(Параметры[0],Параметры[1]);
{ВнешняяОбработка.xddTestRunner.МодульОбъекта(337)}:	Выполнить(ИcполняемыйКод);
{ВнешняяОбработка.xddTestRunner.МодульОбъекта(261)}:			ВыполнитьПроцедуруКонтекста(КонтекстВыполнения, ЭлементДереваТестов.ИмяМетода, ЭлементДереваТестов.Параметры);
{ВнешняяОбработка.xddTestRunner.Форма.УправляемаяФорма.Форма(913)}:	РезультатТестирования = ОбъектНаСервере.ВыполнитьТестовыйМетод(КонтекстВыполнения, ЭлементДереваТестов);
"/>
			</testcase>
			<testcase classname="Проверка чтения не-администраторами - &lt;test&gt;" name="Справочник.ПрочееОприходованиеТоваровПрисоединенныеФайлы: Проверка доступа на Чтение Не-Администраторами - &lt;test&gt;" time="0.015" status="passed"/>
			<testcase classname="Проверка чтения не-администраторами - &lt;test&gt;" name="Константа.ИспользоватьПартионныйУчет: Проверка доступа на Чтение Не-Администраторами - &lt;test&gt;" time="0" status="passed"/>
			<testcase classname="Проверка чтения не-администраторами - &lt;test&gt;" name="РегистрСведений.ТОРО_НоменклатураКатегорииЭксплуатации: Проверка доступа на Чтение Не-Администраторами - &lt;test&gt;" time="0.016" status="passed"/>
			<testcase classname="Проверка чтения не-администраторами - &lt;test&gt;" name="Документ.СведенияОСтраховомСтажеЗастрахованныхЛицСЗВ_СТАЖ: Проверка доступа на Чтение Не-Администраторами - &lt;test&gt;" time="0" status="passed"/>
			<testcase classname="Проверка чтения не-администраторами - &lt;test&gt;" name="Константа.НеИспользоватьНесколькоКасс: Проверка доступа на Чтение Не-Администраторами - &lt;test&gt;" time="0" status="passed"/>
			<testcase classname="Проверка чтения не-администраторами - &lt;test&gt;" name="РегистрСведений.УдалитьРазмерВычетовНДФЛ: Проверка доступа на Чтение Не-Администраторами - &lt;test&gt;" time="0.032" status="passed"/>
			<testcase classname="Проверка чтения не-администраторами - &lt;test&gt;" name="Документ.ВозвратТоваровМеждуОрганизациями: Проверка доступа на Чтение Не-Администраторами - &lt;test&gt;" time="0.015" status="passed"/>
			<testcase classname="Проверка чтения не-администраторами - &lt;test&gt;" name="Документ.УстановкаЗначенийНефинансовыхПоказателей: Проверка доступа на Чтение Не-Администраторами - &lt;test&gt;" time="0.016" status="passed"/>
			<testcase classname="Проверка чтения не-администраторами - &lt;test&gt;" name="РегистрНакопления.УслугиПереработчиковКОформлению: Проверка доступа на Чтение Не-Администраторами - &lt;test&gt;" time="0.016" status="passed"/>
			<testcase classname="Проверка чтения не-администраторами - &lt;test&gt;" name="Справочник.ЗаказПоставщикуПрисоединенныеФайлы: Проверка доступа на Чтение Не-Администраторами - &lt;test&gt;" time="0" status="passed"/>
			<testcase classname="Проверка чтения не-администраторами - &lt;test&gt;" name="РегистрСведений.КонтрольСопоставленияНоменклатурыЭДО: Проверка доступа на Чтение Не-Администраторами - &lt;test&gt;" time="0" status="passed"/>
			<testcase classname="Проверка чтения не-администраторами - &lt;test&gt;" name="Константа.ПрефиксПоследнегоАвтономногоРабочегоМеста: Проверка доступа на Чтение Не-Администраторами - &lt;test&gt;" time="0" status="passed"/>
			<testcase classname="Проверка чтения не-администраторами - &lt;test&gt;" name="Константа.ИспользоватьЭлектронныйОбменСБанкамиПоЗарплатнымПроектам: Проверка доступа на Чтение Не-Администраторами - &lt;test&gt;" time="0" status="passed"/>
			<testcase classname="Проверка чтения не-администраторами - &lt;test&gt;" name="Константа.ИспользоватьСтатусыЗаказовНаВнутреннееПотребление: Проверка доступа на Чтение Не-Администраторами - &lt;test&gt;" time="0" status="passed"/>
			<testcase classname="Проверка чтения не-администраторами - &lt;test&gt;" name="Документ.РеестрСЗВ_6_2: Проверка доступа на Чтение Не-Администраторами - &lt;test&gt;" time="0.015" status="passed"/>
			<testcase classname="Проверка чтения не-администраторами - &lt;test&gt;" name="Константа.ИспользоватьЗаявкиНаРасходованиеДенежныхСредств: Проверка доступа на Чтение Не-Администраторами - &lt;test&gt;" time="0" status="passed"/>
			<testcase classname="Проверка чтения не-администраторами - &lt;test&gt;" name="Константа.НаименованиеКорневойПапкиФайлов1СДокументооборот: Проверка доступа на Чтение Не-Администраторами - &lt;test&gt;" time="0" status="passed"/>
			<testcase classname="Проверка чтения не-администраторами - &lt;test&gt;" name="Справочник.ПрочиеДоходыРасходыПрисоединенныеФайлы: Проверка доступа на Чтение Не-Администраторами - &lt;test&gt;" time="0.031" status="passed"/>
			<testcase classname="Проверка чтения не-администраторами - &lt;test&gt;" name="Справочник.СоглашенияСПоставщикамиПрисоединенныеФайлы: Проверка доступа на Чтение Не-Администраторами - &lt;test&gt;" time="0.015" status="passed"/>
			<testcase classname="Проверка чтения не-администраторами - &lt;test&gt;" name="Константа.ИспользоватьМетодикуРегистрацияОпераций: Проверка доступа на Чтение Не-Администраторами - &lt;test&gt;" time="0.015" status="passed"/>
			<testcase classname="Проверка чтения не-администраторами - &lt;test&gt;" name="Документ.ЗаданиеТорговомуПредставителю: Проверка доступа на Чтение Не-Администраторами - &lt;test&gt;" time="0" status="passed"/>
			<testcase classname="Проверка чтения не-администраторами - &lt;test&gt;" name="Документ.Анкета: Проверка доступа на Чтение Не-Администраторами - &lt;test&gt;" time="0" status="passed"/>
			<testcase classname="Проверка чтения не-администраторами - &lt;test&gt;" name="РегистрНакопления.БонусныеБаллы: Проверка доступа на Чтение Не-Администраторами - &lt;test&gt;" time="0.016" status="passed"/>
			<testcase classname="Проверка чтения не-администраторами - &lt;test&gt;" name="Константа.ВнутреннийАдресМенеджераСервиса: Проверка доступа на Чтение Не-Администраторами - &lt;test&gt;" time="0.015" status="passed"/>
			<testcase classname="Проверка чтения не-администраторами - &lt;test&gt;" name="Константа.МинимальнаяЗначимостьНоменклатурыПродаваемойСовместно: Проверка доступа на Чтение Не-Администраторами - &lt;test&gt;" time="0" status="passed"/>
			<testcase classname="Проверка чтения не-администраторами - &lt;test&gt;" name="РегистрСведений.НастройкиОблачногоАрхиваНаЛокальномКомпьютере: Проверка доступа на Чтение Не-Администраторами - &lt;test&gt;" time="0.063" status="failure">
				<failure message="[Failed] Ожидали, что проверяемое значение (Ложь) является ИСТИНОЙ.
РегистрСведений.НастройкиОблачногоАрхиваНаЛокальномКомпьютере недоступно для чтения ролями без привилегий
{ВнешняяОбработка.УтвержденияBDD.МодульОбъекта(293)}:	ВызватьИсключение Префикс + &quot; &quot; + СообщениеОшибки;
{ВнешняяОбработка.УтвержденияBDD.МодульОбъекта(46)}:		ВызватьОшибкуПроверки(СообщениеОшибки);
{ВнешняяОбработка.УтвержденияBDD.МодульОбъекта(53)}:	Возврат ЭтоИстина();
{ВнешняяОбработка.ПроверкаЧтенияНеАдминистраторами.МодульОбъекта(100)}:	Ожидаем.Что(ЧтениеДоступно, ПолноеИмяМетаданного + &quot; недоступно для чтения ролями без привилегий&quot;).ЕстьИстина();
{(1)}:КонтекстВыполнения.Тест_ПроверитьНеАдминистраторскиеПраваНаЧтение(Параметры[0],Параметры[1]);
{ВнешняяОбработка.xddTestRunner.МодульОбъекта(337)}:	Выполнить(ИcполняемыйКод);
{ВнешняяОбработка.xddTestRunner.МодульОбъекта(261)}:			ВыполнитьПроцедуруКонтекста(КонтекстВыполнения, ЭлементДереваТестов.ИмяМетода, ЭлементДереваТестов.Параметры);
{ВнешняяОбработка.xddTestRunner.Форма.УправляемаяФорма.Форма(913)}:	РезультатТестирования = ОбъектНаСервере.ВыполнитьТестовыйМетод(КонтекстВыполнения, ЭлементДереваТестов);
"/>
			</testcase>
			<testcase classname="Проверка чтения не-администраторами - &lt;test&gt;" name="Документ.СогласиеНаОбработкуПерсональныхДанных: Проверка доступа на Чтение Не-Администраторами - &lt;test&gt;" time="0" status="passed"/>
			<testcase classname="Проверка чтения не-администраторами - &lt;test&gt;" name="Константа.НомерЗаданияКРасчетуСтоимостиВНА: Проверка доступа на Чтение Не-Администраторами - &lt;test&gt;" time="0" status="passed"/>
			<testcase classname="Проверка чтения не-администраторами - &lt;test&gt;" name="Документ.ВозвратИзОтпускаПоУходуЗаРебенком: Проверка доступа на Чтение Не-Администраторами - &lt;test&gt;" time="0" status="passed"/>
			<testcase classname="Проверка чтения не-администраторами - &lt;test&gt;" name="РегистрСведений.ТОРО_ЗначенияПоказателейОтчетов: Проверка доступа на Чтение Не-Администраторами - &lt;test&gt;" time="0.031" status="passed"/>
			<testcase classname="Проверка чтения не-администраторами - &lt;test&gt;" name="Документ.ТОРО_СписаниеМатериаловУПереработчика: Проверка доступа на Чтение Не-Администраторами - &lt;test&gt;" time="0.016" status="passed"/>
			<testcase classname="Проверка чтения не-администраторами - &lt;test&gt;" name="РегистрСведений.ТОРО_НеобработанныеОбъектыМобильныйОбходчик: Проверка доступа на Чтение Не-Администраторами - &lt;test&gt;" time="0.047" status="failure">
				<failure message="[Failed] Ожидали, что проверяемое значение (Ложь) является ИСТИНОЙ.
РегистрСведений.ТОРО_НеобработанныеОбъектыМобильныйОбходчик недоступно для чтения ролями без привилегий
{ВнешняяОбработка.УтвержденияBDD.МодульОбъекта(293)}:	ВызватьИсключение Префикс + &quot; &quot; + СообщениеОшибки;
{ВнешняяОбработка.УтвержденияBDD.МодульОбъекта(46)}:		ВызватьОшибкуПроверки(СообщениеОшибки);
{ВнешняяОбработка.УтвержденияBDD.МодульОбъекта(53)}:	Возврат ЭтоИстина();
{ВнешняяОбработка.ПроверкаЧтенияНеАдминистраторами.МодульОбъекта(100)}:	Ожидаем.Что(ЧтениеДоступно, ПолноеИмяМетаданного + &quot; недоступно для чтения ролями без привилегий&quot;).ЕстьИстина();
{(1)}:КонтекстВыполнения.Тест_ПроверитьНеАдминистраторскиеПраваНаЧтение(Параметры[0],Параметры[1]);
{ВнешняяОбработка.xddTestRunner.МодульОбъекта(337)}:	Выполнить(ИcполняемыйКод);
{ВнешняяОбработка.xddTestRunner.МодульОбъекта(261)}:			ВыполнитьПроцедуруКонтекста(КонтекстВыполнения, ЭлементДереваТестов.ИмяМетода, ЭлементДереваТестов.Параметры);
{ВнешняяОбработка.xddTestRunner.Форма.УправляемаяФорма.Форма(913)}:	РезультатТестирования = ОбъектНаСервере.ВыполнитьТестовыйМетод(КонтекстВыполнения, ЭлементДереваТестов);
"/>
			</testcase>
			<testcase classname="Проверка чтения не-администраторами - &lt;test&gt;" name="Константа.КоличествоПериодовРасчетаТоварныхОграничений: Проверка доступа на Чтение Не-Администраторами - &lt;test&gt;" time="0" status="passed"/>
			<testcase classname="Проверка чтения не-администраторами - &lt;test&gt;" name="Справочник.ВедомостьПрочихДоходовПеречислениемПрисоединенныеФайлы: Проверка доступа на Чтение Не-Администраторами - &lt;test&gt;" time="0" status="passed"/>
			<testcase classname="Проверка чтения не-администраторами - &lt;test&gt;" name="РегистрСведений.РазмерыГосударственныхПособий: Проверка доступа на Чтение Не-Администраторами - &lt;test&gt;" time="0" status="passed"/>
			<testcase classname="Проверка чтения не-администраторами - &lt;test&gt;" name="РегистрСведений.СостоянияЭД: Проверка доступа на Чтение Не-Администраторами - &lt;test&gt;" time="0.015" status="passed"/>
			<testcase classname="Проверка чтения не-администраторами - &lt;test&gt;" name="РегистрСведений.РасчетСтавкиНалогаНаПрибыльЗаМесяц: Проверка доступа на Чтение Не-Администраторами - &lt;test&gt;" time="0.031" status="passed"/>
			<testcase classname="Проверка чтения не-администраторами - &lt;test&gt;" name="Константа.ТОРО_АдресСервисаСтруктураОрганизацийЕИСЗ: Проверка доступа на Чтение Не-Администраторами - &lt;test&gt;" time="0.016" status="passed"/>
			<testcase classname="Проверка чтения не-администраторами - &lt;test&gt;" name="РегистрСведений.ПубличныеИдентификаторыСинхронизируемыхОбъектов: Проверка доступа на Чтение Не-Администраторами - &lt;test&gt;" time="0.078" status="failure">
				<failure message="[Failed] Ожидали, что проверяемое значение (Ложь) является ИСТИНОЙ.
РегистрСведений.ПубличныеИдентификаторыСинхронизируемыхОбъектов недоступно для чтения ролями без привилегий
{ВнешняяОбработка.УтвержденияBDD.МодульОбъекта(293)}:	ВызватьИсключение Префикс + &quot; &quot; + СообщениеОшибки;
{ВнешняяОбработка.УтвержденияBDD.МодульОбъекта(46)}:		ВызватьОшибкуПроверки(СообщениеОшибки);
{ВнешняяОбработка.УтвержденияBDD.МодульОбъекта(53)}:	Возврат ЭтоИстина();
{ВнешняяОбработка.ПроверкаЧтенияНеАдминистраторами.МодульОбъекта(100)}:	Ожидаем.Что(ЧтениеДоступно, ПолноеИмяМетаданного + &quot; недоступно для чтения ролями без привилегий&quot;).ЕстьИстина();
{(1)}:КонтекстВыполнения.Тест_ПроверитьНеАдминистраторскиеПраваНаЧтение(Параметры[0],Параметры[1]);
{ВнешняяОбработка.xddTestRunner.МодульОбъекта(337)}:	Выполнить(ИcполняемыйКод);
{ВнешняяОбработка.xddTestRunner.МодульОбъекта(261)}:			ВыполнитьПроцедуруКонтекста(КонтекстВыполнения, ЭлементДереваТестов.ИмяМетода, ЭлементДереваТестов.Параметры);
{ВнешняяОбработка.xddTestRunner.Форма.УправляемаяФорма.Форма(913)}:	РезультатТестирования = ОбъектНаСервере.ВыполнитьТестовыйМетод(КонтекстВыполнения, ЭлементДереваТестов);
"/>
			</testcase>
			<testcase classname="Проверка чтения не-администраторами - &lt;test&gt;" name="РегистрСведений.ПараметрыАмортизацииОСБУ: Проверка доступа на Чтение Не-Администраторами - &lt;test&gt;" time="0.015" status="passed"/>
			<testcase classname="Проверка чтения не-администраторами - &lt;test&gt;" name="Константа.ИспользоватьОбособленныеПодразделенияВыделенныеНаБаланс: Проверка доступа на Чтение Не-Администраторами - &lt;test&gt;" time="0.016" status="passed"/>
			<testcase classname="Проверка чтения не-администраторами - &lt;test&gt;" name="Справочник.ТОРО_РегистрацияДефектаОборудованияПрисоединенныеФайлы: Проверка доступа на Чтение Не-Администраторами - &lt;test&gt;" time="0.015" status="passed"/>
			<testcase classname="Проверка чтения не-администраторами - &lt;test&gt;" name="Документ.НачислениеСписаниеРезервовПредстоящихРасходов: Проверка доступа на Чтение Не-Администраторами - &lt;test&gt;" time="0.015" status="passed"/>
			<testcase classname="Проверка чтения не-администраторами - &lt;test&gt;" name="Документ.Отпуск: Проверка доступа на Чтение Не-Администраторами - &lt;test&gt;" time="0.016" status="passed"/>
			<testcase classname="Проверка чтения не-администраторами - &lt;test&gt;" name="Справочник.СегментыНоменклатуры: Проверка доступа на Чтение Не-Администраторами - &lt;test&gt;" time="0.015" status="passed"/>
			<testcase classname="Проверка чтения не-администраторами - &lt;test&gt;" name="РегистрСведений.ТОРО_ЗаказыНаТОиР: Проверка доступа на Чтение Не-Администраторами - &lt;test&gt;" time="0.015" status="passed"/>
			<testcase classname="Проверка чтения не-администраторами - &lt;test&gt;" name="Константа.НастройкаПодчиненногоУзлаРИБЗавершена: Проверка доступа на Чтение Не-Администраторами - &lt;test&gt;" time="0.015" status="passed"/>
			<testcase classname="Проверка чтения не-администраторами - &lt;test&gt;" name="Константа.СтатусОбновленияКонфигурации: Проверка доступа на Чтение Не-Администраторами - &lt;test&gt;" time="0" status="passed"/>
			<testcase classname="Проверка чтения не-администраторами - &lt;test&gt;" name="Документ.ОтменаРегистрацииТранспортныхСредств: Проверка доступа на Чтение Не-Администраторами - &lt;test&gt;" time="0" status="passed"/>
			<testcase classname="Проверка чтения не-администраторами - &lt;test&gt;" name="РегистрНакопления.ЗаказыНаПроизводствоТрудозатраты: Проверка доступа на Чтение Не-Администраторами - &lt;test&gt;" time="0.015" status="passed"/>
			<testcase classname="Проверка чтения не-администраторами - &lt;test&gt;" name="РегистрСведений.ЗнаниеЯзыковФизическихЛиц: Проверка доступа на Чтение Не-Администраторами - &lt;test&gt;" time="0" status="passed"/>
			<testcase classname="Проверка чтения не-администраторами - &lt;test&gt;" name="РегистрСведений.ТОРО_ПланыВоздействий: Проверка доступа на Чтение Не-Администраторами - &lt;test&gt;" time="0.015" status="passed"/>
			<testcase classname="Проверка чтения не-администраторами - &lt;test&gt;" name="РегистрСведений.СостояниеНастройкиЗаполненияФормСтатистики: Проверка доступа на Чтение Не-Администраторами - &lt;test&gt;" time="0" status="passed"/>
			<testcase classname="Проверка чтения не-администраторами - &lt;test&gt;" name="РегистрСведений.ТаможенныеДекларацииЭкспортКРегистрации: Проверка доступа на Чтение Не-Администраторами - &lt;test&gt;" time="0.016" status="passed"/>
			<testcase classname="Проверка чтения не-администраторами - &lt;test&gt;" name="РегистрСведений.АкцизныеМаркиЕГАИС: Проверка доступа на Чтение Не-Администраторами - &lt;test&gt;" time="0.016" status="passed"/>
			<testcase classname="Проверка чтения не-администраторами - &lt;test&gt;" name="РегистрСведений.ТОРО_СчетаУчетаНоменклатурыИЗатрат: Проверка доступа на Чтение Не-Администраторами - &lt;test&gt;" time="0.031" status="passed"/>
			<testcase classname="Проверка чтения не-администраторами - &lt;test&gt;" name="Константа.ТОРО_РазрешитьРедактированиеСправочниковИзУПП: Проверка доступа на Чтение Не-Администраторами - &lt;test&gt;" time="0.016" status="passed"/>
			<testcase classname="Проверка чтения не-администраторами - &lt;test&gt;" name="Справочник.ГруппыДоступаФизическихЛиц: Проверка доступа на Чтение Не-Администраторами - &lt;test&gt;" time="0" status="passed"/>
			<testcase classname="Проверка чтения не-администраторами - &lt;test&gt;" name="Справочник.МаршрутныеКарты: Проверка доступа на Чтение Не-Администраторами - &lt;test&gt;" time="0" status="passed"/>
			<testcase classname="Проверка чтения не-администраторами - &lt;test&gt;" name="Константа.ИспользоватьМеханизмОнлайнСервисовРО: Проверка доступа на Чтение Не-Администраторами - &lt;test&gt;" time="0.015" status="passed"/>
			<testcase classname="Проверка чтения не-администраторами - &lt;test&gt;" name="РегистрСведений.ПорядокУчетаНМА: Проверка доступа на Чтение Не-Администраторами - &lt;test&gt;" time="0.031" status="passed"/>
			<testcase classname="Проверка чтения не-администраторами - &lt;test&gt;" name="РегистрСведений.НастройкиТранспортаОбменаСообщениями: Проверка доступа на Чтение Не-Администраторами - &lt;test&gt;" time="0.031" status="passed"/>
			<testcase classname="Проверка чтения не-администраторами - &lt;test&gt;" name="Справочник.ТОРО_ТиповаяСтруктураТехническихОбъектов: Проверка доступа на Чтение Не-Администраторами - &lt;test&gt;" time="0.015" status="passed"/>
			<testcase classname="Проверка чтения не-администраторами - &lt;test&gt;" name="Документ.ОтменаБронированияГражданПребывающихВЗапасе: Проверка доступа на Чтение Не-Администраторами - &lt;test&gt;" time="0" status="passed"/>
			<testcase classname="Проверка чтения не-администраторами - &lt;test&gt;" name="РегистрСведений.ПооперационноеРасписание2_2: Проверка доступа на Чтение Не-Администраторами - &lt;test&gt;" time="0" status="passed"/>
			<testcase classname="Проверка чтения не-администраторами - &lt;test&gt;" name="РегистрСведений.СостоянияБлокировкиВычетаНДСПоСчетамФактурам: Проверка доступа на Чтение Не-Администраторами - &lt;test&gt;" time="0.031" status="passed"/>
			<testcase classname="Проверка чтения не-администраторами - &lt;test&gt;" name="Документ.ОперацияБух: Проверка доступа на Чтение Не-Администраторами - &lt;test&gt;" time="0" status="passed"/>
			<testcase classname="Проверка чтения не-администраторами - &lt;test&gt;" name="ПланОбмена.ОбменСПодключаемымОборудованиемOffline: Проверка доступа на Чтение Не-Администраторами - &lt;test&gt;" time="0" status="passed"/>
			<testcase classname="Проверка чтения не-администраторами - &lt;test&gt;" name="Справочник.ОтчетОператораСистемыПлатонПрисоединенныеФайлы: Проверка доступа на Чтение Не-Администраторами - &lt;test&gt;" time="0.062" status="failure">
				<failure message="[Failed] Ожидали, что проверяемое значение (Ложь) является ИСТИНОЙ.
Справочник.ОтчетОператораСистемыПлатонПрисоединенныеФайлы недоступно для чтения ролями без привилегий
{ВнешняяОбработка.УтвержденияBDD.МодульОбъекта(293)}:	ВызватьИсключение Префикс + &quot; &quot; + СообщениеОшибки;
{ВнешняяОбработка.УтвержденияBDD.МодульОбъекта(46)}:		ВызватьОшибкуПроверки(СообщениеОшибки);
{ВнешняяОбработка.УтвержденияBDD.МодульОбъекта(53)}:	Возврат ЭтоИстина();
{ВнешняяОбработка.ПроверкаЧтенияНеАдминистраторами.МодульОбъекта(100)}:	Ожидаем.Что(ЧтениеДоступно, ПолноеИмяМетаданного + &quot; недоступно для чтения ролями без привилегий&quot;).ЕстьИстина();
{(1)}:КонтекстВыполнения.Тест_ПроверитьНеАдминистраторскиеПраваНаЧтение(Параметры[0],Параметры[1]);
{ВнешняяОбработка.xddTestRunner.МодульОбъекта(337)}:	Выполнить(ИcполняемыйКод);
{ВнешняяОбработка.xddTestRunner.МодульОбъекта(261)}:			ВыполнитьПроцедуруКонтекста(КонтекстВыполнения, ЭлементДереваТестов.ИмяМетода, ЭлементДереваТестов.Параметры);
{ВнешняяОбработка.xddTestRunner.Форма.УправляемаяФорма.Форма(913)}:	РезультатТестирования = ОбъектНаСервере.ВыполнитьТестовыйМетод(КонтекстВыполнения, ЭлементДереваТестов);
"/>
			</testcase>
			<testcase classname="Проверка чтения не-администраторами - &lt;test&gt;" name="РегистрСведений.СвязиМеждуФизЛицами: Проверка доступа на Чтение Не-Администраторами - &lt;test&gt;" time="0.062" status="failure">
				<failure message="[Failed] Ожидали, что проверяемое значение (Ложь) является ИСТИНОЙ.
РегистрСведений.СвязиМеждуФизЛицами недоступно для чтения ролями без привилегий
{ВнешняяОбработка.УтвержденияBDD.МодульОбъекта(293)}:	ВызватьИсключение Префикс + &quot; &quot; + СообщениеОшибки;
{ВнешняяОбработка.УтвержденияBDD.МодульОбъекта(46)}:		ВызватьОшибкуПроверки(СообщениеОшибки);
{ВнешняяОбработка.УтвержденияBDD.МодульОбъекта(53)}:	Возврат ЭтоИстина();
{ВнешняяОбработка.ПроверкаЧтенияНеАдминистраторами.МодульОбъекта(100)}:	Ожидаем.Что(ЧтениеДоступно, ПолноеИмяМетаданного + &quot; недоступно для чтения ролями без привилегий&quot;).ЕстьИстина();
{(1)}:КонтекстВыполнения.Тест_ПроверитьНеАдминистраторскиеПраваНаЧтение(Параметры[0],Параметры[1]);
{ВнешняяОбработка.xddTestRunner.МодульОбъекта(337)}:	Выполнить(ИcполняемыйКод);
{ВнешняяОбработка.xddTestRunner.МодульОбъекта(261)}:			ВыполнитьПроцедуруКонтекста(КонтекстВыполнения, ЭлементДереваТестов.ИмяМетода, ЭлементДереваТестов.Параметры);
{ВнешняяОбработка.xddTestRunner.Форма.УправляемаяФорма.Форма(913)}:	РезультатТестирования = ОбъектНаСервере.ВыполнитьТестовыйМетод(КонтекстВыполнения, ЭлементДереваТестов);
"/>
			</testcase>
			<testcase classname="Проверка чтения не-администраторами - &lt;test&gt;" name="ПланОбмена.МиграцияПриложений: Проверка доступа на Чтение Не-Администраторами - &lt;test&gt;" time="0.063" status="failure">
				<failure message="[Failed] Ожидали, что проверяемое значение (Ложь) является ИСТИНОЙ.
ПланОбмена.МиграцияПриложений недоступно для чтения ролями без привилегий
{ВнешняяОбработка.УтвержденияBDD.МодульОбъекта(293)}:	ВызватьИсключение Префикс + &quot; &quot; + СообщениеОшибки;
{ВнешняяОбработка.УтвержденияBDD.МодульОбъекта(46)}:		ВызватьОшибкуПроверки(СообщениеОшибки);
{ВнешняяОбработка.УтвержденияBDD.МодульОбъекта(53)}:	Возврат ЭтоИстина();
{ВнешняяОбработка.ПроверкаЧтенияНеАдминистраторами.МодульОбъекта(100)}:	Ожидаем.Что(ЧтениеДоступно, ПолноеИмяМетаданного + &quot; недоступно для чтения ролями без привилегий&quot;).ЕстьИстина();
{(1)}:КонтекстВыполнения.Тест_ПроверитьНеАдминистраторскиеПраваНаЧтение(Параметры[0],Параметры[1]);
{ВнешняяОбработка.xddTestRunner.МодульОбъекта(337)}:	Выполнить(ИcполняемыйКод);
{ВнешняяОбработка.xddTestRunner.МодульОбъекта(261)}:			ВыполнитьПроцедуруКонтекста(КонтекстВыполнения, ЭлементДереваТестов.ИмяМетода, ЭлементДереваТестов.Параметры);
{ВнешняяОбработка.xddTestRunner.Форма.УправляемаяФорма.Форма(913)}:	РезультатТестирования = ОбъектНаСервере.ВыполнитьТестовыйМетод(КонтекстВыполнения, ЭлементДереваТестов);
"/>
			</testcase>
			<testcase classname="Проверка чтения не-администраторами - &lt;test&gt;" name="Справочник.ТОРО_УзлыРасчетаИТС: Проверка доступа на Чтение Не-Администраторами - &lt;test&gt;" time="0.016" status="passed"/>
			<testcase classname="Проверка чтения не-администраторами - &lt;test&gt;" name="Константа.ТОРО_ГоризонтПланированияОбеспеченияЗаказов: Проверка доступа на Чтение Не-Администраторами - &lt;test&gt;" time="0.031" status="passed"/>
			<testcase classname="Проверка чтения не-администраторами - &lt;test&gt;" name="РегистрСведений.ОриентирыАдресныхОбъектов: Проверка доступа на Чтение Не-Администраторами - &lt;test&gt;" time="0" status="passed"/>
			<testcase classname="Проверка чтения не-администраторами - &lt;test&gt;" name="Константа.ВыбиратьВариантВыводаСкидокПриПечатиДокументовПродажи: Проверка доступа на Чтение Не-Администраторами - &lt;test&gt;" time="0" status="passed"/>
			<testcase classname="Проверка чтения не-администраторами - &lt;test&gt;" name="Константа.ФормироватьОтчетностьПоНДС: Проверка доступа на Чтение Не-Администраторами - &lt;test&gt;" time="0" status="passed"/>
			<testcase classname="Проверка чтения не-администраторами - &lt;test&gt;" name="Константа.ИспользоватьКачествоТоваров: Проверка доступа на Чтение Не-Администраторами - &lt;test&gt;" time="0" status="passed"/>
			<testcase classname="Проверка чтения не-администраторами - &lt;test&gt;" name="Справочник.ВидыРегистровУчета: Проверка доступа на Чтение Не-Администраторами - &lt;test&gt;" time="0" status="passed"/>
			<testcase classname="Проверка чтения не-администраторами - &lt;test&gt;" name="Справочник.СтатистическиеПоказатели: Проверка доступа на Чтение Не-Администраторами - &lt;test&gt;" time="0.016" status="passed"/>
			<testcase classname="Проверка чтения не-администраторами - &lt;test&gt;" name="РегистрСведений.ПорядокВыплатыДокументов: Проверка доступа на Чтение Не-Администраторами - &lt;test&gt;" time="0" status="passed"/>
			<testcase classname="Проверка чтения не-администраторами - &lt;test&gt;" name="Справочник.СегментыПартнеров: Проверка доступа на Чтение Не-Администраторами - &lt;test&gt;" time="0.015" status="passed"/>
			<testcase classname="Проверка чтения не-администраторами - &lt;test&gt;" name="РегистрСведений.ИдентификаторыДокументовОснованийВладельцевЭД: Проверка доступа на Чтение Не-Администраторами - &lt;test&gt;" time="0" status="passed"/>
			<testcase classname="Проверка чтения не-администраторами - &lt;test&gt;" name="Справочник.Награды: Проверка доступа на Чтение Не-Администраторами - &lt;test&gt;" time="0" status="passed"/>
			<testcase classname="Проверка чтения не-администраторами - &lt;test&gt;" name="РегистрСведений.ПроцентыСевернойНадбавкиФизическихЛиц: Проверка доступа на Чтение Не-Администраторами - &lt;test&gt;" time="0.016" status="passed"/>
			<testcase classname="Проверка чтения не-администраторами - &lt;test&gt;" name="РегистрНакопления.ПартииНезавершенногоПроизводства: Проверка доступа на Чтение Не-Администраторами - &lt;test&gt;" time="0.031" status="passed"/>
			<testcase classname="Проверка чтения не-администраторами - &lt;test&gt;" name="РегистрСведений.КэшТестовыхПериодов: Проверка доступа на Чтение Не-Администраторами - &lt;test&gt;" time="0.016" status="passed"/>
			<testcase classname="Проверка чтения не-администраторами - &lt;test&gt;" name="РегистрСведений.ПериодыДействияДоговоровГражданскоПравовогоХарактера: Проверка доступа на Чтение Не-Администраторами - &lt;test&gt;" time="0.016" status="passed"/>
			<testcase classname="Проверка чтения не-администраторами - &lt;test&gt;" name="Справочник.КатегорииЦелей: Проверка доступа на Чтение Не-Администраторами - &lt;test&gt;" time="0.015" status="passed"/>
			<testcase classname="Проверка чтения не-администраторами - &lt;test&gt;" name="Справочник.ТипыСобытийСПАРКРиски: Проверка доступа на Чтение Не-Администраторами - &lt;test&gt;" time="0.031" status="passed"/>
			<testcase classname="Проверка чтения не-администраторами - &lt;test&gt;" name="Справочник.ВидыОбразованияФизическихЛиц: Проверка доступа на Чтение Не-Администраторами - &lt;test&gt;" time="0" status="passed"/>
			<testcase classname="Проверка чтения не-администраторами - &lt;test&gt;" name="РегистрСведений.ТОРО_ЗамещаемыеВидыВоздействийЕО: Проверка доступа на Чтение Не-Администраторами - &lt;test&gt;" time="0.016" status="passed"/>
			<testcase classname="Проверка чтения не-администраторами - &lt;test&gt;" name="РегистрНакопления.РасчетыСКлиентамиПланОплат: Проверка доступа на Чтение Не-Администраторами - &lt;test&gt;" time="0.031" status="passed"/>
			<testcase classname="Проверка чтения не-администраторами - &lt;test&gt;" name="Документ.ЗапланированноеВзаимодействие: Проверка доступа на Чтение Не-Администраторами - &lt;test&gt;" time="0" status="passed"/>
			<testcase classname="Проверка чтения не-администраторами - &lt;test&gt;" name="РегистрНакопления.УслугиКОформлениюОтчетовПринципалу: Проверка доступа на Чтение Не-Администраторами - &lt;test&gt;" time="0.047" status="passed"/>
			<testcase classname="Проверка чтения не-администраторами - &lt;test&gt;" name="Константа.ИспользоватьАктыРасхожденийПослеОтгрузкиПоРеализациям: Проверка доступа на Чтение Не-Администраторами - &lt;test&gt;" time="0" status="passed"/>
			<testcase classname="Проверка чтения не-администраторами - &lt;test&gt;" name="Константа.НеУправлениеХолдингом: Проверка доступа на Чтение Не-Администраторами - &lt;test&gt;" time="0" status="passed"/>
			<testcase classname="Проверка чтения не-администраторами - &lt;test&gt;" name="ПланВидовХарактеристик.АналитикиСтатейБюджетов: Проверка доступа на Чтение Не-Администраторами - &lt;test&gt;" time="0" status="passed"/>
			<testcase classname="Проверка чтения не-администраторами - &lt;test&gt;" name="Константа.НомерЗаданияКФормированиюЗаписейКнигиПокупокПродаж: Проверка доступа на Чтение Не-Администраторами - &lt;test&gt;" time="0" status="passed"/>
			<testcase classname="Проверка чтения не-администраторами - &lt;test&gt;" name="Документ.ПеремещениеНМАМеждународныйУчет: Проверка доступа на Чтение Не-Администраторами - &lt;test&gt;" time="0" status="passed"/>
			<testcase classname="Проверка чтения не-администраторами - &lt;test&gt;" name="Константа.ИспользоватьКорректировкиПриобретений: Проверка доступа на Чтение Не-Администраторами - &lt;test&gt;" time="0.016" status="passed"/>
			<testcase classname="Проверка чтения не-администраторами - &lt;test&gt;" name="РегистрСведений.СтрокиОтчетностиРасходовИЧисленностиРаботниковГосударственныхОрганов: Проверка доступа на Чтение Не-Администраторами - &lt;test&gt;" time="0.016" status="passed"/>
			<testcase classname="Проверка чтения не-администраторами - &lt;test&gt;" name="Константа.АктуализироватьФактБюджетированияПриФормированииОтчетов: Проверка доступа на Чтение Не-Администраторами - &lt;test&gt;" time="0.016" status="passed"/>
			<testcase classname="Проверка чтения не-администраторами - &lt;test&gt;" name="Справочник.ТОРО_ПараметрыРанжирования: Проверка доступа на Чтение Не-Администраторами - &lt;test&gt;" time="0.031" status="passed"/>
			<testcase classname="Проверка чтения не-администраторами - &lt;test&gt;" name="Документ.ПачкаДокументовАДВ_3: Проверка доступа на Чтение Не-Администраторами - &lt;test&gt;" time="0" status="passed"/>
			<testcase classname="Проверка чтения не-администраторами - &lt;test&gt;" name="РегистрСведений.ХранилищеЭлектронныхПредставленийРегламентированныхОтчетов: Проверка доступа на Чтение Не-Администраторами - &lt;test&gt;" time="0.015" status="passed"/>
			<testcase classname="Проверка чтения не-администраторами - &lt;test&gt;" name="Константа.ТОРО_АтрибутНазначенныйРесурс: Проверка доступа на Чтение Не-Администраторами - &lt;test&gt;" time="0.031" status="passed"/>
			<testcase classname="Проверка чтения не-администраторами - &lt;test&gt;" name="Документ.ЗапросВФССОПроверкеРаботодателя: Проверка доступа на Чтение Не-Администраторами - &lt;test&gt;" time="0" status="passed"/>
			<testcase classname="Проверка чтения не-администраторами - &lt;test&gt;" name="РегистрНакопления.ТоварыКОформлениюИзлишковНедостач: Проверка доступа на Чтение Не-Администраторами - &lt;test&gt;" time="0.031" status="passed"/>
			<testcase classname="Проверка чтения не-администраторами - &lt;test&gt;" name="Справочник.ХарактеристикиНоменклатуры: Проверка доступа на Чтение Не-Администраторами - &lt;test&gt;" time="0.015" status="passed"/>
			<testcase classname="Проверка чтения не-администраторами - &lt;test&gt;" name="Константа.ПроверятьЭлектронныеПодписиНаСервере: Проверка доступа на Чтение Не-Администраторами - &lt;test&gt;" time="0" status="passed"/>
			<testcase classname="Проверка чтения не-администраторами - &lt;test&gt;" name="РегистрСведений.ЗначенияПоказателейДляРаспределенияРасходов: Проверка доступа на Чтение Не-Администраторами - &lt;test&gt;" time="0.016" status="passed"/>
			<testcase classname="Проверка чтения не-администраторами - &lt;test&gt;" name="Справочник.ТипыПлатежейФЗ275: Проверка доступа на Чтение Не-Администраторами - &lt;test&gt;" time="0.016" status="passed"/>
			<testcase classname="Проверка чтения не-администраторами - &lt;test&gt;" name="Константа.ВариантОбособленияТоваровВоВнутреннемПотреблении: Проверка доступа на Чтение Не-Администраторами - &lt;test&gt;" time="0" status="passed"/>
			<testcase classname="Проверка чтения не-администраторами - &lt;test&gt;" name="Константа.НеВыбиратьВариантВыводаСкидокПриПечатиДокументовПродажи: Проверка доступа на Чтение Не-Администраторами - &lt;test&gt;" time="0" status="passed"/>
			<testcase classname="Проверка чтения не-администраторами - &lt;test&gt;" name="РегистрСведений.ВсеОбновленияСПАРКРазделенное: Проверка доступа на Чтение Не-Администраторами - &lt;test&gt;" time="0.094" status="failure">
				<failure message="[Failed] Ожидали, что проверяемое значение (Ложь) является ИСТИНОЙ.
РегистрСведений.ВсеОбновленияСПАРКРазделенное недоступно для чтения ролями без привилегий
{ВнешняяОбработка.УтвержденияBDD.МодульОбъекта(293)}:	ВызватьИсключение Префикс + &quot; &quot; + СообщениеОшибки;
{ВнешняяОбработка.УтвержденияBDD.МодульОбъекта(46)}:		ВызватьОшибкуПроверки(СообщениеОшибки);
{ВнешняяОбработка.УтвержденияBDD.МодульОбъекта(53)}:	Возврат ЭтоИстина();
{ВнешняяОбработка.ПроверкаЧтенияНеАдминистраторами.МодульОбъекта(100)}:	Ожидаем.Что(ЧтениеДоступно, ПолноеИмяМетаданного + &quot; недоступно для чтения ролями без привилегий&quot;).ЕстьИстина();
{(1)}:КонтекстВыполнения.Тест_ПроверитьНеАдминистраторскиеПраваНаЧтение(Параметры[0],Параметры[1]);
{ВнешняяОбработка.xddTestRunner.МодульОбъекта(337)}:	Выполнить(ИcполняемыйКод);
{ВнешняяОбработка.xddTestRunner.МодульОбъекта(261)}:			ВыполнитьПроцедуруКонтекста(КонтекстВыполнения, ЭлементДереваТестов.ИмяМетода, ЭлементДереваТестов.Параметры);
{ВнешняяОбработка.xddTestRunner.Форма.УправляемаяФорма.Форма(913)}:	РезультатТестирования = ОбъектНаСервере.ВыполнитьТестовыйМетод(КонтекстВыполнения, ЭлементДереваТестов);
"/>
			</testcase>
			<testcase classname="Проверка чтения не-администраторами - &lt;test&gt;" name="Документ.ТабельУчетаРабочегоВремени: Проверка доступа на Чтение Не-Администраторами - &lt;test&gt;" time="0.016" status="passed"/>
			<testcase classname="Проверка чтения не-администраторами - &lt;test&gt;" name="Справочник.РегистрацияЦенНоменклатурыПоставщикаПрисоединенныеФайлы: Проверка доступа на Чтение Не-Администраторами - &lt;test&gt;" time="0.015" status="passed"/>
			<testcase classname="Проверка чтения не-администраторами - &lt;test&gt;" name="Справочник.ТОРО_МнемосхемыПрисоединенныеФайлы: Проверка доступа на Чтение Не-Администраторами - &lt;test&gt;" time="0.047" status="passed"/>
			<testcase classname="Проверка чтения не-администраторами - &lt;test&gt;" name="РегистрСведений.ТЦИдентификаторыКлоновИБ: Проверка доступа на Чтение Не-Администраторами - &lt;test&gt;" time="0.031" status="passed"/>
			<testcase classname="Проверка чтения не-администраторами - &lt;test&gt;" name="РегистрНакопления.НДСЗаписиКнигиПродаж: Проверка доступа на Чтение Не-Администраторами - &lt;test&gt;" time="0" status="passed"/>
			<testcase classname="Проверка чтения не-администраторами - &lt;test&gt;" name="РегистрСведений.ПорядокУчетаОС: Проверка доступа на Чтение Не-Администраторами - &lt;test&gt;" time="0.031" status="passed"/>
			<testcase classname="Проверка чтения не-администраторами - &lt;test&gt;" name="Документ.УдержаниеДобровольныхВзносовВНПФ: Проверка доступа на Чтение Не-Администраторами - &lt;test&gt;" time="0" status="passed"/>
			<testcase classname="Проверка чтения не-администраторами - &lt;test&gt;" name="Документ.ПризПодарок: Проверка доступа на Чтение Не-Администраторами - &lt;test&gt;" time="0.016" status="passed"/>
			<testcase classname="Проверка чтения не-администраторами - &lt;test&gt;" name="РегистрСведений.ТОРО_УровниЦентрализацииОбъектовНСИ: Проверка доступа на Чтение Не-Администраторами - &lt;test&gt;" time="0.015" status="passed"/>
			<testcase classname="Проверка чтения не-администраторами - &lt;test&gt;" name="Справочник.ВнешниеКомпоненты: Проверка доступа на Чтение Не-Администраторами - &lt;test&gt;" time="0" status="passed"/>
			<testcase classname="Проверка чтения не-администраторами - &lt;test&gt;" name="ПланОбмена.ТОРО_ФормированиеПрогнозныхДатВоздействий: Проверка доступа на Чтение Не-Администраторами - &lt;test&gt;" time="0.062" status="failure">
				<failure message="[Failed] Ожидали, что проверяемое значение (Ложь) является ИСТИНОЙ.
ПланОбмена.ТОРО_ФормированиеПрогнозныхДатВоздействий недоступно для чтения ролями без привилегий
{ВнешняяОбработка.УтвержденияBDD.МодульОбъекта(293)}:	ВызватьИсключение Префикс + &quot; &quot; + СообщениеОшибки;
{ВнешняяОбработка.УтвержденияBDD.МодульОбъекта(46)}:		ВызватьОшибкуПроверки(СообщениеОшибки);
{ВнешняяОбработка.УтвержденияBDD.МодульОбъекта(53)}:	Возврат ЭтоИстина();
{ВнешняяОбработка.ПроверкаЧтенияНеАдминистраторами.МодульОбъекта(100)}:	Ожидаем.Что(ЧтениеДоступно, ПолноеИмяМетаданного + &quot; недоступно для чтения ролями без привилегий&quot;).ЕстьИстина();
{(1)}:КонтекстВыполнения.Тест_ПроверитьНеАдминистраторскиеПраваНаЧтение(Параметры[0],Параметры[1]);
{ВнешняяОбработка.xddTestRunner.МодульОбъекта(337)}:	Выполнить(ИcполняемыйКод);
{ВнешняяОбработка.xddTestRunner.МодульОбъекта(261)}:			ВыполнитьПроцедуруКонтекста(КонтекстВыполнения, ЭлементДереваТестов.ИмяМетода, ЭлементДереваТестов.Параметры);
{ВнешняяОбработка.xddTestRunner.Форма.УправляемаяФорма.Форма(913)}:	РезультатТестирования = ОбъектНаСервере.ВыполнитьТестовыйМетод(КонтекстВыполнения, ЭлементДереваТестов);
"/>
			</testcase>
			<testcase classname="Проверка чтения не-администраторами - &lt;test&gt;" name="Справочник.НоменклатураПоставщиков: Проверка доступа на Чтение Не-Администраторами - &lt;test&gt;" time="0.015" status="passed"/>
			<testcase classname="Проверка чтения не-администраторами - &lt;test&gt;" name="РегистрСведений.НастройкиОткрытияФормПриНачалеРаботыСистемы: Проверка доступа на Чтение Не-Администраторами - &lt;test&gt;" time="0.016" status="passed"/>
			<testcase classname="Проверка чтения не-администраторами - &lt;test&gt;" name="Документ.СообщениеSMS: Проверка доступа на Чтение Не-Администраторами - &lt;test&gt;" time="0" status="passed"/>
			<testcase classname="Проверка чтения не-администраторами - &lt;test&gt;" name="РегистрСведений.КадроваяИсторияСотрудниковИспр: Проверка доступа на Чтение Не-Администраторами - &lt;test&gt;" time="0.063" status="failure">
				<failure message="[Failed] Ожидали, что проверяемое значение (Ложь) является ИСТИНОЙ.
РегистрСведений.КадроваяИсторияСотрудниковИспр недоступно для чтения ролями без привилегий
{ВнешняяОбработка.УтвержденияBDD.МодульОбъекта(293)}:	ВызватьИсключение Префикс + &quot; &quot; + СообщениеОшибки;
{ВнешняяОбработка.УтвержденияBDD.МодульОбъекта(46)}:		ВызватьОшибкуПроверки(СообщениеОшибки);
{ВнешняяОбработка.УтвержденияBDD.МодульОбъекта(53)}:	Возврат ЭтоИстина();
{ВнешняяОбработка.ПроверкаЧтенияНеАдминистраторами.МодульОбъекта(100)}:	Ожидаем.Что(ЧтениеДоступно, ПолноеИмяМетаданного + &quot; недоступно для чтения ролями без привилегий&quot;).ЕстьИстина();
{(1)}:КонтекстВыполнения.Тест_ПроверитьНеАдминистраторскиеПраваНаЧтение(Параметры[0],Параметры[1]);
{ВнешняяОбработка.xddTestRunner.МодульОбъекта(337)}:	Выполнить(ИcполняемыйКод);
{ВнешняяОбработка.xddTestRunner.МодульОбъекта(261)}:			ВыполнитьПроцедуруКонтекста(КонтекстВыполнения, ЭлементДереваТестов.ИмяМетода, ЭлементДереваТестов.Параметры);
{ВнешняяОбработка.xddTestRunner.Форма.УправляемаяФорма.Форма(913)}:	РезультатТестирования = ОбъектНаСервере.ВыполнитьТестовыйМетод(КонтекстВыполнения, ЭлементДереваТестов);
"/>
			</testcase>
			<testcase classname="Проверка чтения не-администраторами - &lt;test&gt;" name="Документ.ИзменениеПараметровОС2_4: Проверка доступа на Чтение Не-Администраторами - &lt;test&gt;" time="0.015" status="passed"/>
			<testcase classname="Проверка чтения не-администраторами - &lt;test&gt;" name="Константа.НомерЗаданияКРасчетуСебестоимости: Проверка доступа на Чтение Не-Администраторами - &lt;test&gt;" time="0" status="passed"/>
			<testcase classname="Проверка чтения не-администраторами - &lt;test&gt;" name="РегистрСведений.ТОРО_СоответствиеВидовРемонтовУПП: Проверка доступа на Чтение Не-Администраторами - &lt;test&gt;" time="0.047" status="passed"/>
			<testcase classname="Проверка чтения не-администраторами - &lt;test&gt;" name="РегистрСведений.НастройкиУчетныхЗаписейЭлектроннойПочты: Проверка доступа на Чтение Не-Администраторами - &lt;test&gt;" time="0" status="passed"/>
			<testcase classname="Проверка чтения не-администраторами - &lt;test&gt;" name="РегистрСведений.ПоставляемыеДанныеТребующиеОбработки: Проверка доступа на Чтение Не-Администраторами - &lt;test&gt;" time="0.031" status="passed"/>
			<testcase classname="Проверка чтения не-администраторами - &lt;test&gt;" name="Документ.РасчетСебестоимостиТоваров: Проверка доступа на Чтение Не-Администраторами - &lt;test&gt;" time="0.016" status="passed"/>
			<testcase classname="Проверка чтения не-администраторами - &lt;test&gt;" name="РегистрСведений.РолиФизическихЛиц: Проверка доступа на Чтение Не-Администраторами - &lt;test&gt;" time="0" status="passed"/>
			<testcase classname="Проверка чтения не-администраторами - &lt;test&gt;" name="Справочник.ТипыПисемОбменСБанками: Проверка доступа на Чтение Не-Администраторами - &lt;test&gt;" time="0.015" status="passed"/>
			<testcase classname="Проверка чтения не-администраторами - &lt;test&gt;" name="Документ.ЛимитыРасходаДенежныхСредств: Проверка доступа на Чтение Не-Администраторами - &lt;test&gt;" time="0.016" status="passed"/>
			<testcase classname="Проверка чтения не-администраторами - &lt;test&gt;" name="Справочник.УдалитьВидыДоходовНДФЛ: Проверка доступа на Чтение Не-Администраторами - &lt;test&gt;" time="0.031" status="passed"/>
			<testcase classname="Проверка чтения не-администраторами - &lt;test&gt;" name="РегистрСведений.ВычетыПоДоходамНДФЛ: Проверка доступа на Чтение Не-Администраторами - &lt;test&gt;" time="0.015" status="passed"/>
			<testcase classname="Проверка чтения не-администраторами - &lt;test&gt;" name="РегистрСведений.ПравилаУточненияСчетовВМеждународномУчете: Проверка доступа на Чтение Не-Администраторами - &lt;test&gt;" time="0" status="passed"/>
			<testcase classname="Проверка чтения не-администраторами - &lt;test&gt;" name="Справочник.ПрофилиКлючевыхОпераций: Проверка доступа на Чтение Не-Администраторами - &lt;test&gt;" time="0.016" status="passed"/>
			<testcase classname="Проверка чтения не-администраторами - &lt;test&gt;" name="Константа.РазмерБлокаПередачиФайла: Проверка доступа на Чтение Не-Администраторами - &lt;test&gt;" time="0" status="passed"/>
			<testcase classname="Проверка чтения не-администраторами - &lt;test&gt;" name="РегистрСведений.ОбъектыПроблемСостоянияСистемы: Проверка доступа на Чтение Не-Администраторами - &lt;test&gt;" time="0.031" status="passed"/>
			<testcase classname="Проверка чтения не-администраторами - &lt;test&gt;" name="РегистрСведений.КонтрольОтраженияВУчетеЭДО: Проверка доступа на Чтение Не-Администраторами - &lt;test&gt;" time="0" status="passed"/>
			<testcase classname="Проверка чтения не-администраторами - &lt;test&gt;" name="Константа.ИспользоватьМетодикуПооперационноеПланирование: Проверка доступа на Чтение Не-Администраторами - &lt;test&gt;" time="0" status="passed"/>
			<testcase classname="Проверка чтения не-администраторами - &lt;test&gt;" name="Справочник.ИнструкцииБанку: Проверка доступа на Чтение Не-Администраторами - &lt;test&gt;" time="0" status="passed"/>
			<testcase classname="Проверка чтения не-администраторами - &lt;test&gt;" name="Константа.ВестиУчетМаркировкиПродукцииВГИСМ: Проверка доступа на Чтение Не-Администраторами - &lt;test&gt;" time="0" status="passed"/>
			<testcase classname="Проверка чтения не-администраторами - &lt;test&gt;" name="Документ.ОрдерНаОтражениеНедостачТоваров: Проверка доступа на Чтение Не-Администраторами - &lt;test&gt;" time="0" status="passed"/>
			<testcase classname="Проверка чтения не-администраторами - &lt;test&gt;" name="Документ.ВедомостьПрочихДоходовВКассу: Проверка доступа на Чтение Не-Администраторами - &lt;test&gt;" time="0" status="passed"/>
			<testcase classname="Проверка чтения не-администраторами - &lt;test&gt;" name="РегистрСведений.Ассортимент: Проверка доступа на Чтение Не-Администраторами - &lt;test&gt;" time="0.032" status="passed"/>
			<testcase classname="Проверка чтения не-администраторами - &lt;test&gt;" name="РегистрСведений.СостоянияИРеквизитыДоставки: Проверка доступа на Чтение Не-Администраторами - &lt;test&gt;" time="0.047" status="passed"/>
			<testcase classname="Проверка чтения не-администраторами - &lt;test&gt;" name="Справочник.ГруппыДоступаСтатейИПоказателейБюджетов: Проверка доступа на Чтение Не-Администраторами - &lt;test&gt;" time="0.016" status="passed"/>
			<testcase classname="Проверка чтения не-администраторами - &lt;test&gt;" name="РегистрСведений.ПодчиненностьСтруктурныхЕдиниц: Проверка доступа на Чтение Не-Администраторами - &lt;test&gt;" time="0.015" status="passed"/>
			<testcase classname="Проверка чтения не-администраторами - &lt;test&gt;" name="РегистрСведений.РежимыПодключенияВнешнихМодулейВМоделиСервиса: Проверка доступа на Чтение Не-Администраторами - &lt;test&gt;" time="0.031" status="passed"/>
			<testcase classname="Проверка чтения не-администраторами - &lt;test&gt;" name="РегистрСведений.ТОРО_ДанныеРасчетаИТСЭнергосубъекта: Проверка доступа на Чтение Не-Администраторами - &lt;test&gt;" time="0.063" status="failure">
				<failure message="[Failed] Ожидали, что проверяемое значение (Ложь) является ИСТИНОЙ.
РегистрСведений.ТОРО_ДанныеРасчетаИТСЭнергосубъекта недоступно для чтения ролями без привилегий
{ВнешняяОбработка.УтвержденияBDD.МодульОбъекта(293)}:	ВызватьИсключение Префикс + &quot; &quot; + СообщениеОшибки;
{ВнешняяОбработка.УтвержденияBDD.МодульОбъекта(46)}:		ВызватьОшибкуПроверки(СообщениеОшибки);
{ВнешняяОбработка.УтвержденияBDD.МодульОбъекта(53)}:	Возврат ЭтоИстина();
{ВнешняяОбработка.ПроверкаЧтенияНеАдминистраторами.МодульОбъекта(100)}:	Ожидаем.Что(ЧтениеДоступно, ПолноеИмяМетаданного + &quot; недоступно для чтения ролями без привилегий&quot;).ЕстьИстина();
{(1)}:КонтекстВыполнения.Тест_ПроверитьНеАдминистраторскиеПраваНаЧтение(Параметры[0],Параметры[1]);
{ВнешняяОбработка.xddTestRunner.МодульОбъекта(337)}:	Выполнить(ИcполняемыйКод);
{ВнешняяОбработка.xddTestRunner.МодульОбъекта(261)}:			ВыполнитьПроцедуруКонтекста(КонтекстВыполнения, ЭлементДереваТестов.ИмяМетода, ЭлементДереваТестов.Параметры);
{ВнешняяОбработка.xddTestRunner.Форма.УправляемаяФорма.Форма(913)}:	РезультатТестирования = ОбъектНаСервере.ВыполнитьТестовыйМетод(КонтекстВыполнения, ЭлементДереваТестов);
"/>
			</testcase>
			<testcase classname="Проверка чтения не-администраторами - &lt;test&gt;" name="Справочник.ПриобретениеТоваровУслугПрисоединенныеФайлы: Проверка доступа на Чтение Не-Администраторами - &lt;test&gt;" time="0.016" status="passed"/>
			<testcase classname="Проверка чтения не-администраторами - &lt;test&gt;" name="Константа.СписокЗапрещенныхРасширенийОбластиДанных: Проверка доступа на Чтение Не-Администраторами - &lt;test&gt;" time="0" status="passed"/>
			<testcase classname="Проверка чтения не-администраторами - &lt;test&gt;" name="РегистрСведений.ТОРО_ПредопределенныеАтрибуты: Проверка доступа на Чтение Не-Администраторами - &lt;test&gt;" time="0.031" status="passed"/>
			<testcase classname="Проверка чтения не-администраторами - &lt;test&gt;" name="Справочник.ТОРО_ВидыПлановВоздействий: Проверка доступа на Чтение Не-Администраторами - &lt;test&gt;" time="0.016" status="passed"/>
			<testcase classname="Проверка чтения не-администраторами - &lt;test&gt;" name="Справочник.Военкоматы: Проверка доступа на Чтение Не-Администраторами - &lt;test&gt;" time="0" status="passed"/>
			<testcase classname="Проверка чтения не-администраторами - &lt;test&gt;" name="Документ.ДоговорЗаймаСотруднику: Проверка доступа на Чтение Не-Администраторами - &lt;test&gt;" time="0" status="passed"/>
			<testcase classname="Проверка чтения не-администраторами - &lt;test&gt;" name="Документ.ЗаказМатериаловВПроизводство: Проверка доступа на Чтение Не-Администраторами - &lt;test&gt;" time="0.015" status="passed"/>
			<testcase classname="Проверка чтения не-администраторами - &lt;test&gt;" name="Константа.ИспользоватьУзлыОбъектовЭксплуатации: Проверка доступа на Чтение Не-Администраторами - &lt;test&gt;" time="0" status="passed"/>
			<testcase classname="Проверка чтения не-администраторами - &lt;test&gt;" name="РегистрСведений.ДолжностиПодключаемыеХарактеристики: Проверка доступа на Чтение Не-Администраторами - &lt;test&gt;" time="0" status="passed"/>
			<testcase classname="Проверка чтения не-администраторами - &lt;test&gt;" name="Документ.ПодготовкаКПередачеНМА2_4: Проверка доступа на Чтение Не-Администраторами - &lt;test&gt;" time="0.016" status="passed"/>
			<testcase classname="Проверка чтения не-администраторами - &lt;test&gt;" name="Справочник.ТаможеннаяДекларацияЭкспортПрисоединенныеФайлы: Проверка доступа на Чтение Не-Администраторами - &lt;test&gt;" time="0.062" status="failure">
				<failure message="[Failed] Ожидали, что проверяемое значение (Ложь) является ИСТИНОЙ.
Справочник.ТаможеннаяДекларацияЭкспортПрисоединенныеФайлы недоступно для чтения ролями без привилегий
{ВнешняяОбработка.УтвержденияBDD.МодульОбъекта(293)}:	ВызватьИсключение Префикс + &quot; &quot; + СообщениеОшибки;
{ВнешняяОбработка.УтвержденияBDD.МодульОбъекта(46)}:		ВызватьОшибкуПроверки(СообщениеОшибки);
{ВнешняяОбработка.УтвержденияBDD.МодульОбъекта(53)}:	Возврат ЭтоИстина();
{ВнешняяОбработка.ПроверкаЧтенияНеАдминистраторами.МодульОбъекта(100)}:	Ожидаем.Что(ЧтениеДоступно, ПолноеИмяМетаданного + &quot; недоступно для чтения ролями без привилегий&quot;).ЕстьИстина();
{(1)}:КонтекстВыполнения.Тест_ПроверитьНеАдминистраторскиеПраваНаЧтение(Параметры[0],Параметры[1]);
{ВнешняяОбработка.xddTestRunner.МодульОбъекта(337)}:	Выполнить(ИcполняемыйКод);
{ВнешняяОбработка.xddTestRunner.МодульОбъекта(261)}:			ВыполнитьПроцедуруКонтекста(КонтекстВыполнения, ЭлементДереваТестов.ИмяМетода, ЭлементДереваТестов.Параметры);
{ВнешняяОбработка.xddTestRunner.Форма.УправляемаяФорма.Форма(913)}:	РезультатТестирования = ОбъектНаСервере.ВыполнитьТестовыйМетод(КонтекстВыполнения, ЭлементДереваТестов);
"/>
			</testcase>
			<testcase classname="Проверка чтения не-администраторами - &lt;test&gt;" name="РегистрСведений.ТОРО_УточненияДефектов: Проверка доступа на Чтение Не-Администраторами - &lt;test&gt;" time="0.016" status="passed"/>
			<testcase classname="Проверка чтения не-администраторами - &lt;test&gt;" name="РегистрСведений.ЗарплатаКадрыДолиСписанияКосвенныхРасходов: Проверка доступа на Чтение Не-Администраторами - &lt;test&gt;" time="0" status="passed"/>
			<testcase classname="Проверка чтения не-администраторами - &lt;test&gt;" name="Справочник.УдалитьГосударственныеКонтрактыПрисоединенныеФайлы: Проверка доступа на Чтение Не-Администраторами - &lt;test&gt;" time="0.047" status="failure">
				<failure message="[Failed] Ожидали, что проверяемое значение (Ложь) является ИСТИНОЙ.
Справочник.УдалитьГосударственныеКонтрактыПрисоединенныеФайлы недоступно для чтения ролями без привилегий
{ВнешняяОбработка.УтвержденияBDD.МодульОбъекта(293)}:	ВызватьИсключение Префикс + &quot; &quot; + СообщениеОшибки;
{ВнешняяОбработка.УтвержденияBDD.МодульОбъекта(46)}:		ВызватьОшибкуПроверки(СообщениеОшибки);
{ВнешняяОбработка.УтвержденияBDD.МодульОбъекта(53)}:	Возврат ЭтоИстина();
{ВнешняяОбработка.ПроверкаЧтенияНеАдминистраторами.МодульОбъекта(100)}:	Ожидаем.Что(ЧтениеДоступно, ПолноеИмяМетаданного + &quot; недоступно для чтения ролями без привилегий&quot;).ЕстьИстина();
{(1)}:КонтекстВыполнения.Тест_ПроверитьНеАдминистраторскиеПраваНаЧтение(Параметры[0],Параметры[1]);
{ВнешняяОбработка.xddTestRunner.МодульОбъекта(337)}:	Выполнить(ИcполняемыйКод);
{ВнешняяОбработка.xddTestRunner.МодульОбъекта(261)}:			ВыполнитьПроцедуруКонтекста(КонтекстВыполнения, ЭлементДереваТестов.ИмяМетода, ЭлементДереваТестов.Параметры);
{ВнешняяОбработка.xddTestRunner.Форма.УправляемаяФорма.Форма(913)}:	РезультатТестирования = ОбъектНаСервере.ВыполнитьТестовыйМетод(КонтекстВыполнения, ЭлементДереваТестов);
"/>
			</testcase>
			<testcase classname="Проверка чтения не-администраторами - &lt;test&gt;" name="Справочник.ТорговыеТочки: Проверка доступа на Чтение Не-Администраторами - &lt;test&gt;" time="0" status="passed"/>
			<testcase classname="Проверка чтения не-администраторами - &lt;test&gt;" name="РегистрНакопления.ПланыОплатПоставщикам: Проверка доступа на Чтение Не-Администраторами - &lt;test&gt;" time="0.015" status="passed"/>
			<testcase classname="Проверка чтения не-администраторами - &lt;test&gt;" name="Справочник.КлассификаторСпециальностейПоОбразованию: Проверка доступа на Чтение Не-Администраторами - &lt;test&gt;" time="0.016" status="passed"/>
			<testcase classname="Проверка чтения не-администраторами - &lt;test&gt;" name="Константа.ТОРО_КодТочкиВводаСистемыШтрихкодирования: Проверка доступа на Чтение Не-Администраторами - &lt;test&gt;" time="0.015" status="passed"/>
			<testcase classname="Проверка чтения не-администраторами - &lt;test&gt;" name="Константа.ИспользоватьГруппыДоступаПартнеров: Проверка доступа на Чтение Не-Администраторами - &lt;test&gt;" time="0.016" status="passed"/>
			<testcase classname="Проверка чтения не-администраторами - &lt;test&gt;" name="Справочник.УдалитьСтатусыНалогоплательщиковПоНДФЛ: Проверка доступа на Чтение Не-Администраторами - &lt;test&gt;" time="0.047" status="passed"/>
			<testcase classname="Проверка чтения не-администраторами - &lt;test&gt;" name="РегистрСведений.ЗапросыРазрешенийНаИспользованиеВнешнихРесурсовОбластейДанных: Проверка доступа на Чтение Не-Администраторами - &lt;test&gt;" time="0.079" status="failure">
				<failure message="[Failed] Ожидали, что проверяемое значение (Ложь) является ИСТИНОЙ.
РегистрСведений.ЗапросыРазрешенийНаИспользованиеВнешнихРесурсовОбластейДанных недоступно для чтения ролями без привилегий
{ВнешняяОбработка.УтвержденияBDD.МодульОбъекта(293)}:	ВызватьИсключение Префикс + &quot; &quot; + СообщениеОшибки;
{ВнешняяОбработка.УтвержденияBDD.МодульОбъекта(46)}:		ВызватьОшибкуПроверки(СообщениеОшибки);
{ВнешняяОбработка.УтвержденияBDD.МодульОбъекта(53)}:	Возврат ЭтоИстина();
{ВнешняяОбработка.ПроверкаЧтенияНеАдминистраторами.МодульОбъекта(100)}:	Ожидаем.Что(ЧтениеДоступно, ПолноеИмяМетаданного + &quot; недоступно для чтения ролями без привилегий&quot;).ЕстьИстина();
{(1)}:КонтекстВыполнения.Тест_ПроверитьНеАдминистраторскиеПраваНаЧтение(Параметры[0],Параметры[1]);
{ВнешняяОбработка.xddTestRunner.МодульОбъекта(337)}:	Выполнить(ИcполняемыйКод);
{ВнешняяОбработка.xddTestRunner.МодульОбъекта(261)}:			ВыполнитьПроцедуруКонтекста(КонтекстВыполнения, ЭлементДереваТестов.ИмяМетода, ЭлементДереваТестов.Параметры);
{ВнешняяОбработка.xddTestRunner.Форма.УправляемаяФорма.Форма(913)}:	РезультатТестирования = ОбъектНаСервере.ВыполнитьТестовыйМетод(КонтекстВыполнения, ЭлементДереваТестов);
"/>
			</testcase>
			<testcase classname="Проверка чтения не-администраторами - &lt;test&gt;" name="Справочник.ПланСборкиРазборкиПрисоединенныеФайлы: Проверка доступа на Чтение Не-Администраторами - &lt;test&gt;" time="0.016" status="passed"/>
			<testcase classname="Проверка чтения не-администраторами - &lt;test&gt;" name="РегистрСведений.ПризнакиАрхивированияФайловДОСКонтролирующимиОрганами: Проверка доступа на Чтение Не-Администраторами - &lt;test&gt;" time="0.016" status="passed"/>
			<testcase classname="Проверка чтения не-администраторами - &lt;test&gt;" name="Документ.ОтчетОРозничныхПродажах: Проверка доступа на Чтение Не-Администраторами - &lt;test&gt;" time="0" status="passed"/>
			<testcase classname="Проверка чтения не-администраторами - &lt;test&gt;" name="Справочник.СведенияОЗаработкеСтажеЗастрахованныхЛицСЗВ_ИСХПрисоединенныеФайлы: Проверка доступа на Чтение Не-Администраторами - &lt;test&gt;" time="0.015" status="passed"/>
			<testcase classname="Проверка чтения не-администраторами - &lt;test&gt;" name="РегистрСведений.ПоказателиСовокупнойТарифнойСтавкиСотрудников: Проверка доступа на Чтение Не-Администраторами - &lt;test&gt;" time="0" status="passed"/>
			<testcase classname="Проверка чтения не-администраторами - &lt;test&gt;" name="Константа.ОтправлятьЭлектронныеЧекиПоSMSЧерезОФД: Проверка доступа на Чтение Не-Администраторами - &lt;test&gt;" time="0.016" status="passed"/>
			<testcase classname="Проверка чтения не-администраторами - &lt;test&gt;" name="РегистрСведений.НастройкиВзаиморасчетовПоПрочимДоходам: Проверка доступа на Чтение Не-Администраторами - &lt;test&gt;" time="0" status="passed"/>
			<testcase classname="Проверка чтения не-администраторами - &lt;test&gt;" name="Справочник.РолиПартнеровВСделкахИПроектах: Проверка доступа на Чтение Не-Администраторами - &lt;test&gt;" time="0.015" status="passed"/>
			<testcase classname="Проверка чтения не-администраторами - &lt;test&gt;" name="РегистрСведений.СведенияРеглОтчетАлкоПрил13Декларация: Проверка доступа на Чтение Не-Администраторами - &lt;test&gt;" time="0.016" status="passed"/>
			<testcase classname="Проверка чтения не-администраторами - &lt;test&gt;" name="Справочник.БанковскиеСчетаКонтрагентов: Проверка доступа на Чтение Не-Администраторами - &lt;test&gt;" time="0" status="passed"/>
			<testcase classname="Проверка чтения не-администраторами - &lt;test&gt;" name="Справочник.СтруктураПредприятия: Проверка доступа на Чтение Не-Администраторами - &lt;test&gt;" time="0" status="passed"/>
			<testcase classname="Проверка чтения не-администраторами - &lt;test&gt;" name="Справочник.ДоговорыЛизинга: Проверка доступа на Чтение Не-Администраторами - &lt;test&gt;" time="0" status="passed"/>
			<testcase classname="Проверка чтения не-администраторами - &lt;test&gt;" name="Документ.ЗаявкаНаРасходованиеДенежныхСредств: Проверка доступа на Чтение Не-Администраторами - &lt;test&gt;" time="0.016" status="passed"/>
			<testcase classname="Проверка чтения не-администраторами - &lt;test&gt;" name="РегистрСведений.УдалитьЗначенияСовокупныхТарифныхСтавокСотрудников: Проверка доступа на Чтение Не-Администраторами - &lt;test&gt;" time="0.063" status="failure">
				<failure message="[Failed] Ожидали, что проверяемое значение (Ложь) является ИСТИНОЙ.
РегистрСведений.УдалитьЗначенияСовокупныхТарифныхСтавокСотрудников недоступно для чтения ролями без привилегий
{ВнешняяОбработка.УтвержденияBDD.МодульОбъекта(293)}:	ВызватьИсключение Префикс + &quot; &quot; + СообщениеОшибки;
{ВнешняяОбработка.УтвержденияBDD.МодульОбъекта(46)}:		ВызватьОшибкуПроверки(СообщениеОшибки);
{ВнешняяОбработка.УтвержденияBDD.МодульОбъекта(53)}:	Возврат ЭтоИстина();
{ВнешняяОбработка.ПроверкаЧтенияНеАдминистраторами.МодульОбъекта(100)}:	Ожидаем.Что(ЧтениеДоступно, ПолноеИмяМетаданного + &quot; недоступно для чтения ролями без привилегий&quot;).ЕстьИстина();
{(1)}:КонтекстВыполнения.Тест_ПроверитьНеАдминистраторскиеПраваНаЧтение(Параметры[0],Параметры[1]);
{ВнешняяОбработка.xddTestRunner.МодульОбъекта(337)}:	Выполнить(ИcполняемыйКод);
{ВнешняяОбработка.xddTestRunner.МодульОбъекта(261)}:			ВыполнитьПроцедуруКонтекста(КонтекстВыполнения, ЭлементДереваТестов.ИмяМетода, ЭлементДереваТестов.Параметры);
{ВнешняяОбработка.xddTestRunner.Форма.УправляемаяФорма.Форма(913)}:	РезультатТестирования = ОбъектНаСервере.ВыполнитьТестовыйМетод(КонтекстВыполнения, ЭлементДереваТестов);
"/>
			</testcase>
			<testcase classname="Проверка чтения не-администраторами - &lt;test&gt;" name="Константа.СинхронизироватьФайлы: Проверка доступа на Чтение Не-Администраторами - &lt;test&gt;" time="0.032" status="passed"/>
			<testcase classname="Проверка чтения не-администраторами - &lt;test&gt;" name="Справочник.СобытияОС: Проверка доступа на Чтение Не-Администраторами - &lt;test&gt;" time="0.015" status="passed"/>
			<testcase classname="Проверка чтения не-администраторами - &lt;test&gt;" name="РегистрСведений.СоответствиеЗначенийРеквизитовБизнесСеть: Проверка доступа на Чтение Не-Администраторами - &lt;test&gt;" time="0" status="passed"/>
			<testcase classname="Проверка чтения не-администраторами - &lt;test&gt;" name="Справочник.СканированныеДокументыДляПередачиВЭлектронномВиде: Проверка доступа на Чтение Не-Администраторами - &lt;test&gt;" time="0.016" status="passed"/>
			<testcase classname="Проверка чтения не-администраторами - &lt;test&gt;" name="РегистрСведений.СостоянияКонтрагентовБЭД: Проверка доступа на Чтение Не-Администраторами - &lt;test&gt;" time="0" status="passed"/>
			<testcase classname="Проверка чтения не-администраторами - &lt;test&gt;" name="РегистрНакопления.БракВПроизводстве: Проверка доступа на Чтение Не-Администраторами - &lt;test&gt;" time="0.031" status="passed"/>
			<testcase classname="Проверка чтения не-администраторами - &lt;test&gt;" name="Константа.ПрименяетсяУСН: Проверка доступа на Чтение Не-Администраторами - &lt;test&gt;" time="0" status="passed"/>
			<testcase classname="Проверка чтения не-администраторами - &lt;test&gt;" name="РегистрСведений.УдалитьЛицевыеСчетаСотрудниковПоЗарплатнымПроектам: Проверка доступа на Чтение Не-Администраторами - &lt;test&gt;" time="0.063" status="failure">
				<failure message="[Failed] Ожидали, что проверяемое значение (Ложь) является ИСТИНОЙ.
РегистрСведений.УдалитьЛицевыеСчетаСотрудниковПоЗарплатнымПроектам недоступно для чтения ролями без привилегий
{ВнешняяОбработка.УтвержденияBDD.МодульОбъекта(293)}:	ВызватьИсключение Префикс + &quot; &quot; + СообщениеОшибки;
{ВнешняяОбработка.УтвержденияBDD.МодульОбъекта(46)}:		ВызватьОшибкуПроверки(СообщениеОшибки);
{ВнешняяОбработка.УтвержденияBDD.МодульОбъекта(53)}:	Возврат ЭтоИстина();
{ВнешняяОбработка.ПроверкаЧтенияНеАдминистраторами.МодульОбъекта(100)}:	Ожидаем.Что(ЧтениеДоступно, ПолноеИмяМетаданного + &quot; недоступно для чтения ролями без привилегий&quot;).ЕстьИстина();
{(1)}:КонтекстВыполнения.Тест_ПроверитьНеАдминистраторскиеПраваНаЧтение(Параметры[0],Параметры[1]);
{ВнешняяОбработка.xddTestRunner.МодульОбъекта(337)}:	Выполнить(ИcполняемыйКод);
{ВнешняяОбработка.xddTestRunner.МодульОбъекта(261)}:			ВыполнитьПроцедуруКонтекста(КонтекстВыполнения, ЭлементДереваТестов.ИмяМетода, ЭлементДереваТестов.Параметры);
{ВнешняяОбработка.xddTestRunner.Форма.УправляемаяФорма.Форма(913)}:	РезультатТестирования = ОбъектНаСервере.ВыполнитьТестовыйМетод(КонтекстВыполнения, ЭлементДереваТестов);
"/>
			</testcase>
			<testcase classname="Проверка чтения не-администраторами - &lt;test&gt;" name="Документ.ВводОстатковОСМеждународныйУчет: Проверка доступа на Чтение Не-Администраторами - &lt;test&gt;" time="0" status="passed"/>
			<testcase classname="Проверка чтения не-администраторами - &lt;test&gt;" name="РегистрНакопления.ДанныеОНачисленияхДляРасчетаСреднегоЗаработкаФСС: Проверка доступа на Чтение Не-Администраторами - &lt;test&gt;" time="0.015" status="passed"/>
			<testcase classname="Проверка чтения не-администраторами - &lt;test&gt;" name="РегистрСведений.ОчередьФормированияКорректировокИзлишковИНедостачПоТоварнымМестам: Проверка доступа на Чтение Не-Администраторами - &lt;test&gt;" time="0.047" status="passed"/>
			<testcase classname="Проверка чтения не-администраторами - &lt;test&gt;" name="ПланВидовХарактеристик.СтатьиДоходов: Проверка доступа на Чтение Не-Администраторами - &lt;test&gt;" time="0.016" status="passed"/>
			<testcase classname="Проверка чтения не-администраторами - &lt;test&gt;" name="Справочник.ОтчетКомитентуОСписанииПрисоединенныеФайлы: Проверка доступа на Чтение Не-Администраторами - &lt;test&gt;" time="0.015" status="passed"/>
			<testcase classname="Проверка чтения не-администраторами - &lt;test&gt;" name="Константа.ЗаполненыДвиженияАктивовПассивов: Проверка доступа на Чтение Не-Администраторами - &lt;test&gt;" time="0" status="passed"/>
			<testcase classname="Проверка чтения не-администраторами - &lt;test&gt;" name="РегистрСведений.ТОРО_НастройкиВидовФайловПоВидамДокументов: Проверка доступа на Чтение Не-Администраторами - &lt;test&gt;" time="0.032" status="passed"/>
			<testcase classname="Проверка чтения не-администраторами - &lt;test&gt;" name="Константа.ПереносСообщений1СОтчетностиВПрисоединенныеФайлыПериодПовтора: Проверка доступа на Чтение Не-Администраторами - &lt;test&gt;" time="0.015" status="passed"/>
			<testcase classname="Проверка чтения не-администраторами - &lt;test&gt;" name="Справочник.ОписиВходящихДокументовИзНалоговыхОрганов: Проверка доступа на Чтение Не-Администраторами - &lt;test&gt;" time="0.015" status="passed"/>
			<testcase classname="Проверка чтения не-администраторами - &lt;test&gt;" name="Есть роли с полными/администраторскими полномочиями чтения - Проверка доступа на Чтение Не-Администраторами - &lt;test&gt;" time="0" status="passed"/>
			<testcase classname="Проверка чтения не-администраторами - &lt;test&gt;" name="РегистрСведений.СостоянияСогласованияВДокументообороте: Проверка доступа на Чтение Не-Администраторами - &lt;test&gt;" time="0" status="passed"/>
			<testcase classname="Проверка чтения не-администраторами - &lt;test&gt;" name="Справочник.ЗадачиПроектов: Проверка доступа на Чтение Не-Администраторами - &lt;test&gt;" time="0.016" status="passed"/>
			<testcase classname="Проверка чтения не-администраторами - &lt;test&gt;" name="Константа.ДатаПоследнегоСтартаКлиентскогоСеанса: Проверка доступа на Чтение Не-Администраторами - &lt;test&gt;" time="0" status="passed"/>
			<testcase classname="Проверка чтения не-администраторами - &lt;test&gt;" name="Константа.АктуализироватьФактБюджетированияПриПроведенииДокументов: Проверка доступа на Чтение Не-Администраторами - &lt;test&gt;" time="0" status="passed"/>
			<testcase classname="Проверка чтения не-администраторами - &lt;test&gt;" name="РегистрСведений.КорректирующиеФормыРСВ_1: Проверка доступа на Чтение Не-Администраторами - &lt;test&gt;" time="0.016" status="passed"/>
			<testcase classname="Проверка чтения не-администраторами - &lt;test&gt;" name="РегистрСведений.УдалитьПраваПоЗначениямДоступа: Проверка доступа на Чтение Не-Администраторами - &lt;test&gt;" time="0.062" status="failure">
				<failure message="[Failed] Ожидали, что проверяемое значение (Ложь) является ИСТИНОЙ.
РегистрСведений.УдалитьПраваПоЗначениямДоступа недоступно для чтения ролями без привилегий
{ВнешняяОбработка.УтвержденияBDD.МодульОбъекта(293)}:	ВызватьИсключение Префикс + &quot; &quot; + СообщениеОшибки;
{ВнешняяОбработка.УтвержденияBDD.МодульОбъекта(46)}:		ВызватьОшибкуПроверки(СообщениеОшибки);
{ВнешняяОбработка.УтвержденияBDD.МодульОбъекта(53)}:	Возврат ЭтоИстина();
{ВнешняяОбработка.ПроверкаЧтенияНеАдминистраторами.МодульОбъекта(100)}:	Ожидаем.Что(ЧтениеДоступно, ПолноеИмяМетаданного + &quot; недоступно для чтения ролями без привилегий&quot;).ЕстьИстина();
{(1)}:КонтекстВыполнения.Тест_ПроверитьНеАдминистраторскиеПраваНаЧтение(Параметры[0],Параметры[1]);
{ВнешняяОбработка.xddTestRunner.МодульОбъекта(337)}:	Выполнить(ИcполняемыйКод);
{ВнешняяОбработка.xddTestRunner.МодульОбъекта(261)}:			ВыполнитьПроцедуруКонтекста(КонтекстВыполнения, ЭлементДереваТестов.ИмяМетода, ЭлементДереваТестов.Параметры);
{ВнешняяОбработка.xddTestRunner.Форма.УправляемаяФорма.Форма(913)}:	РезультатТестирования = ОбъектНаСервере.ВыполнитьТестовыйМетод(КонтекстВыполнения, ЭлементДереваТестов);
"/>
			</testcase>
			<testcase classname="Проверка чтения не-администраторами - &lt;test&gt;" name="РегистрСведений.РазмещениеНоменклатурыПоСкладскимЯчейкам: Проверка доступа на Чтение Не-Администраторами - &lt;test&gt;" time="0.016" status="passed"/>
			<testcase classname="Проверка чтения не-администраторами - &lt;test&gt;" name="Справочник.ВидыЗапасов: Проверка доступа на Чтение Не-Администраторами - &lt;test&gt;" time="0.031" status="passed"/>
			<testcase classname="Проверка чтения не-администраторами - &lt;test&gt;" name="Константа.УдалитьКонечнаяТочкаМенеджераСервиса: Проверка доступа на Чтение Не-Администраторами - &lt;test&gt;" time="0.015" status="passed"/>
			<testcase classname="Проверка чтения не-администраторами - &lt;test&gt;" name="РегистрСведений.СостоянияСинхронизацииТорговыеПредложения: Проверка доступа на Чтение Не-Администраторами - &lt;test&gt;" time="0" status="passed"/>
			<testcase classname="Проверка чтения не-администраторами - &lt;test&gt;" name="Справочник.ЗаказНаВнутреннееПотреблениеПрисоединенныеФайлы: Проверка доступа на Чтение Не-Администраторами - &lt;test&gt;" time="0" status="passed"/>
			<testcase classname="Проверка чтения не-администраторами - &lt;test&gt;" name="РегистрСведений.ПодразделенияЗаПределамиРФ: Проверка доступа на Чтение Не-Администраторами - &lt;test&gt;" time="0.016" status="passed"/>
			<testcase classname="Проверка чтения не-администраторами - &lt;test&gt;" name="Документ.ПачкаДокументовСПВ_1: Проверка доступа на Чтение Не-Администраторами - &lt;test&gt;" time="0.016" status="passed"/>
			<testcase classname="Проверка чтения не-администраторами - &lt;test&gt;" name="РегистрСведений.ШтатноеРасписаниеПодключаемыеХарактеристики: Проверка доступа на Чтение Не-Администраторами - &lt;test&gt;" time="0.015" status="passed"/>
			<testcase classname="Проверка чтения не-администраторами - &lt;test&gt;" name="БизнесПроцесс.СогласованиеЦенНоменклатуры: Проверка доступа на Чтение Не-Администраторами - &lt;test&gt;" time="0" status="passed"/>
			<testcase classname="Проверка чтения не-администраторами - &lt;test&gt;" name="Документ.ПриемкаТоваровНаХранение: Проверка доступа на Чтение Не-Администраторами - &lt;test&gt;" time="0.016" status="passed"/>
			<testcase classname="Проверка чтения не-администраторами - &lt;test&gt;" name="Справочник.ТОРО_ПредметКонтроляТК: Проверка доступа на Чтение Не-Администраторами - &lt;test&gt;" time="0.015" status="passed"/>
			<testcase classname="Проверка чтения не-администраторами - &lt;test&gt;" name="Документ.РегистрацияПрочихДоходов: Проверка доступа на Чтение Не-Администраторами - &lt;test&gt;" time="0" status="passed"/>
			<testcase classname="Проверка чтения не-администраторами - &lt;test&gt;" name="Константа.РедактироватьАдресаДоставкиТолькоВДиалоге: Проверка доступа на Чтение Не-Администраторами - &lt;test&gt;" time="0" status="passed"/>
			<testcase classname="Проверка чтения не-администраторами - &lt;test&gt;" name="РегистрСведений.УдалитьДанныеДляПодбораДоговорниковГПХ: Проверка доступа на Чтение Не-Администраторами - &lt;test&gt;" time="0.062" status="failure">
				<failure message="[Failed] Ожидали, что проверяемое значение (Ложь) является ИСТИНОЙ.
РегистрСведений.УдалитьДанныеДляПодбораДоговорниковГПХ недоступно для чтения ролями без привилегий
{ВнешняяОбработка.УтвержденияBDD.МодульОбъекта(293)}:	ВызватьИсключение Префикс + &quot; &quot; + СообщениеОшибки;
{ВнешняяОбработка.УтвержденияBDD.МодульОбъекта(46)}:		ВызватьОшибкуПроверки(СообщениеОшибки);
{ВнешняяОбработка.УтвержденияBDD.МодульОбъекта(53)}:	Возврат ЭтоИстина();
{ВнешняяОбработка.ПроверкаЧтенияНеАдминистраторами.МодульОбъекта(100)}:	Ожидаем.Что(ЧтениеДоступно, ПолноеИмяМетаданного + &quot; недоступно для чтения ролями без привилегий&quot;).ЕстьИстина();
{(1)}:КонтекстВыполнения.Тест_ПроверитьНеАдминистраторскиеПраваНаЧтение(Параметры[0],Параметры[1]);
{ВнешняяОбработка.xddTestRunner.МодульОбъекта(337)}:	Выполнить(ИcполняемыйКод);
{ВнешняяОбработка.xddTestRunner.МодульОбъекта(261)}:			ВыполнитьПроцедуруКонтекста(КонтекстВыполнения, ЭлементДереваТестов.ИмяМетода, ЭлементДереваТестов.Параметры);
{ВнешняяОбработка.xddTestRunner.Форма.УправляемаяФорма.Форма(913)}:	РезультатТестирования = ОбъектНаСервере.ВыполнитьТестовыйМетод(КонтекстВыполнения, ЭлементДереваТестов);
"/>
			</testcase>
			<testcase classname="Проверка чтения не-администраторами - &lt;test&gt;" name="Документ.ОплатаПоСреднемуЗаработку: Проверка доступа на Чтение Не-Администраторами - &lt;test&gt;" time="0.016" status="passed"/>
			<testcase classname="Проверка чтения не-администраторами - &lt;test&gt;" name="Документ.ОтпускБезСохраненияОплатыСписком: Проверка доступа на Чтение Не-Администраторами - &lt;test&gt;" time="0.031" status="passed"/>
			<testcase classname="Проверка чтения не-администраторами - &lt;test&gt;" name="Справочник.ГруппыДоступаПартнеров: Проверка доступа на Чтение Не-Администраторами - &lt;test&gt;" time="0" status="passed"/>
			<testcase classname="Проверка чтения не-администраторами - &lt;test&gt;" name="РегистрСведений.ОбластиСтатистики: Проверка доступа на Чтение Не-Администраторами - &lt;test&gt;" time="0.015" status="passed"/>
			<testcase classname="Проверка чтения не-администраторами - &lt;test&gt;" name="Константа.ИспользоватьИмпортныеЗакупкиТоваровВПути: Проверка доступа на Чтение Не-Администраторами - &lt;test&gt;" time="0" status="passed"/>
			<testcase classname="Проверка чтения не-администраторами - &lt;test&gt;" name="РегистрНакопления.ТоварыПереданныеПереработчику: Проверка доступа на Чтение Не-Администраторами - &lt;test&gt;" time="0.015" status="passed"/>
			<testcase classname="Проверка чтения не-администраторами - &lt;test&gt;" name="Константа.ИспользоватьМногооборотнуюТару: Проверка доступа на Чтение Не-Администраторами - &lt;test&gt;" time="0.015" status="passed"/>
			<testcase classname="Проверка чтения не-администраторами - &lt;test&gt;" name="РегистрСведений.БухучетЗарплатыТерриторийВыполненияРабот: Проверка доступа на Чтение Не-Администраторами - &lt;test&gt;" time="0" status="passed"/>
			<testcase classname="Проверка чтения не-администраторами - &lt;test&gt;" name="Справочник.ЦиклыОбмена: Проверка доступа на Чтение Не-Администраторами - &lt;test&gt;" time="0.015" status="passed"/>
			<testcase classname="Проверка чтения не-администраторами - &lt;test&gt;" name="Документ.СписаниеНМА: Проверка доступа на Чтение Не-Администраторами - &lt;test&gt;" time="0" status="passed"/>
			<testcase classname="Проверка чтения не-администраторами - &lt;test&gt;" name="РегистрСведений.КорзинаПокупателя: Проверка доступа на Чтение Не-Администраторами - &lt;test&gt;" time="0.015" status="passed"/>
			<testcase classname="Проверка чтения не-администраторами - &lt;test&gt;" name="РегистрСведений.ТОРО_АлгоритмыСопоставленияЕОСПоказателямиПриведения: Проверка доступа на Чтение Не-Администраторами - &lt;test&gt;" time="0.015" status="passed"/>
			<testcase classname="Проверка чтения не-администраторами - &lt;test&gt;" name="РегистрСведений.ОрганизацииВКоторыхРаботалиСотрудники: Проверка доступа на Чтение Не-Администраторами - &lt;test&gt;" time="0.063" status="failure">
				<failure message="[Failed] Ожидали, что проверяемое значение (Ложь) является ИСТИНОЙ.
РегистрСведений.ОрганизацииВКоторыхРаботалиСотрудники недоступно для чтения ролями без привилегий
{ВнешняяОбработка.УтвержденияBDD.МодульОбъекта(293)}:	ВызватьИсключение Префикс + &quot; &quot; + СообщениеОшибки;
{ВнешняяОбработка.УтвержденияBDD.МодульОбъекта(46)}:		ВызватьОшибкуПроверки(СообщениеОшибки);
{ВнешняяОбработка.УтвержденияBDD.МодульОбъекта(53)}:	Возврат ЭтоИстина();
{ВнешняяОбработка.ПроверкаЧтенияНеАдминистраторами.МодульОбъекта(100)}:	Ожидаем.Что(ЧтениеДоступно, ПолноеИмяМетаданного + &quot; недоступно для чтения ролями без привилегий&quot;).ЕстьИстина();
{(1)}:КонтекстВыполнения.Тест_ПроверитьНеАдминистраторскиеПраваНаЧтение(Параметры[0],Параметры[1]);
{ВнешняяОбработка.xddTestRunner.МодульОбъекта(337)}:	Выполнить(ИcполняемыйКод);
{ВнешняяОбработка.xddTestRunner.МодульОбъекта(261)}:			ВыполнитьПроцедуруКонтекста(КонтекстВыполнения, ЭлементДереваТестов.ИмяМетода, ЭлементДереваТестов.Параметры);
{ВнешняяОбработка.xddTestRunner.Форма.УправляемаяФорма.Форма(913)}:	РезультатТестирования = ОбъектНаСервере.ВыполнитьТестовыйМетод(КонтекстВыполнения, ЭлементДереваТестов);
"/>
			</testcase>
			<testcase classname="Проверка чтения не-администраторами - &lt;test&gt;" name="РегистрНакопления.НДСЗаписиРаздела7Декларации: Проверка доступа на Чтение Не-Администраторами - &lt;test&gt;" time="0.032" status="passed"/>
			<testcase classname="Проверка чтения не-администраторами - &lt;test&gt;" name="Справочник.УдалитьУчетныеЗаписиДокументооборота: Проверка доступа на Чтение Не-Администраторами - &lt;test&gt;" time="0.078" status="failure">
				<failure message="[Failed] Ожидали, что проверяемое значение (Ложь) является ИСТИНОЙ.
Справочник.УдалитьУчетныеЗаписиДокументооборота недоступно для чтения ролями без привилегий
{ВнешняяОбработка.УтвержденияBDD.МодульОбъекта(293)}:	ВызватьИсключение Префикс + &quot; &quot; + СообщениеОшибки;
{ВнешняяОбработка.УтвержденияBDD.МодульОбъекта(46)}:		ВызватьОшибкуПроверки(СообщениеОшибки);
{ВнешняяОбработка.УтвержденияBDD.МодульОбъекта(53)}:	Возврат ЭтоИстина();
{ВнешняяОбработка.ПроверкаЧтенияНеАдминистраторами.МодульОбъекта(100)}:	Ожидаем.Что(ЧтениеДоступно, ПолноеИмяМетаданного + &quot; недоступно для чтения ролями без привилегий&quot;).ЕстьИстина();
{(1)}:КонтекстВыполнения.Тест_ПроверитьНеАдминистраторскиеПраваНаЧтение(Параметры[0],Параметры[1]);
{ВнешняяОбработка.xddTestRunner.МодульОбъекта(337)}:	Выполнить(ИcполняемыйКод);
{ВнешняяОбработка.xddTestRunner.МодульОбъекта(261)}:			ВыполнитьПроцедуруКонтекста(КонтекстВыполнения, ЭлементДереваТестов.ИмяМетода, ЭлементДереваТестов.Параметры);
{ВнешняяОбработка.xddTestRunner.Форма.УправляемаяФорма.Форма(913)}:	РезультатТестирования = ОбъектНаСервере.ВыполнитьТестовыйМетод(КонтекстВыполнения, ЭлементДереваТестов);
"/>
			</testcase>
			<testcase classname="Проверка чтения не-администраторами - &lt;test&gt;" name="Справочник.РазрядыКатегорииДолжностей: Проверка доступа на Чтение Не-Администраторами - &lt;test&gt;" time="0" status="passed"/>
			<testcase classname="Проверка чтения не-администраторами - &lt;test&gt;" name="Справочник.ТОРО_РазделыИнвестиционнойПрограммы: Проверка доступа на Чтение Не-Администраторами - &lt;test&gt;" time="0.016" status="passed"/>
			<testcase classname="Проверка чтения не-администраторами - &lt;test&gt;" name="Константа.ПараметрыИтоговИАгрегатов: Проверка доступа на Чтение Не-Администраторами - &lt;test&gt;" time="0" status="passed"/>
			<testcase classname="Проверка чтения не-администраторами - &lt;test&gt;" name="Документ.УдалитьЗапросНаИнформационноеОбслуживаниеНалогоплательщика: Проверка доступа на Чтение Не-Администраторами - &lt;test&gt;" time="0.062" status="failure">
				<failure message="[Failed] Ожидали, что проверяемое значение (Ложь) является ИСТИНОЙ.
Документ.УдалитьЗапросНаИнформационноеОбслуживаниеНалогоплательщика недоступно для чтения ролями без привилегий
{ВнешняяОбработка.УтвержденияBDD.МодульОбъекта(293)}:	ВызватьИсключение Префикс + &quot; &quot; + СообщениеОшибки;
{ВнешняяОбработка.УтвержденияBDD.МодульОбъекта(46)}:		ВызватьОшибкуПроверки(СообщениеОшибки);
{ВнешняяОбработка.УтвержденияBDD.МодульОбъекта(53)}:	Возврат ЭтоИстина();
{ВнешняяОбработка.ПроверкаЧтенияНеАдминистраторами.МодульОбъекта(100)}:	Ожидаем.Что(ЧтениеДоступно, ПолноеИмяМетаданного + &quot; недоступно для чтения ролями без привилегий&quot;).ЕстьИстина();
{(1)}:КонтекстВыполнения.Тест_ПроверитьНеАдминистраторскиеПраваНаЧтение(Параметры[0],Параметры[1]);
{ВнешняяОбработка.xddTestRunner.МодульОбъекта(337)}:	Выполнить(ИcполняемыйКод);
{ВнешняяОбработка.xddTestRunner.МодульОбъекта(261)}:			ВыполнитьПроцедуруКонтекста(КонтекстВыполнения, ЭлементДереваТестов.ИмяМетода, ЭлементДереваТестов.Параметры);
{ВнешняяОбработка.xddTestRunner.Форма.УправляемаяФорма.Форма(913)}:	РезультатТестирования = ОбъектНаСервере.ВыполнитьТестовыйМетод(КонтекстВыполнения, ЭлементДереваТестов);
"/>
			</testcase>
			<testcase classname="Проверка чтения не-администраторами - &lt;test&gt;" name="РегистрСведений.ПараметрыАмортизацииНМАБУ: Проверка доступа на Чтение Не-Администраторами - &lt;test&gt;" time="0.031" status="passed"/>
			<testcase classname="Проверка чтения не-администраторами - &lt;test&gt;" name="Константа.ИспользоватьСтатусыРеализацийТоваровУслуг: Проверка доступа на Чтение Не-Администраторами - &lt;test&gt;" time="0" status="passed"/>
			<testcase classname="Проверка чтения не-администраторами - &lt;test&gt;" name="РегистрНакопления.ПланыЗанятостиВидовРабочихЦентров: Проверка доступа на Чтение Не-Администраторами - &lt;test&gt;" time="0" status="passed"/>
			<testcase classname="Проверка чтения не-администраторами - &lt;test&gt;" name="РегистрНакопления.ТОРО_СерииНеПрошедшиеВходнойКонтроль: Проверка доступа на Чтение Не-Администраторами - &lt;test&gt;" time="0.015" status="passed"/>
			<testcase classname="Проверка чтения не-администраторами - &lt;test&gt;" name="Константа.ИспользоватьЕдиницыИзмеренияДляОтчетов: Проверка доступа на Чтение Не-Администраторами - &lt;test&gt;" time="0" status="passed"/>
			<testcase classname="Проверка чтения не-администраторами - &lt;test&gt;" name="РегистрСведений.ДокументыСреднегоЗаработка: Проверка доступа на Чтение Не-Администраторами - &lt;test&gt;" time="0.063" status="failure">
				<failure message="[Failed] Ожидали, что проверяемое значение (Ложь) является ИСТИНОЙ.
РегистрСведений.ДокументыСреднегоЗаработка недоступно для чтения ролями без привилегий
{ВнешняяОбработка.УтвержденияBDD.МодульОбъекта(293)}:	ВызватьИсключение Префикс + &quot; &quot; + СообщениеОшибки;
{ВнешняяОбработка.УтвержденияBDD.МодульОбъекта(46)}:		ВызватьОшибкуПроверки(СообщениеОшибки);
{ВнешняяОбработка.УтвержденияBDD.МодульОбъекта(53)}:	Возврат ЭтоИстина();
{ВнешняяОбработка.ПроверкаЧтенияНеАдминистраторами.МодульОбъекта(100)}:	Ожидаем.Что(ЧтениеДоступно, ПолноеИмяМетаданного + &quot; недоступно для чтения ролями без привилегий&quot;).ЕстьИстина();
{(1)}:КонтекстВыполнения.Тест_ПроверитьНеАдминистраторскиеПраваНаЧтение(Параметры[0],Параметры[1]);
{ВнешняяОбработка.xddTestRunner.МодульОбъекта(337)}:	Выполнить(ИcполняемыйКод);
{ВнешняяОбработка.xddTestRunner.МодульОбъекта(261)}:			ВыполнитьПроцедуруКонтекста(КонтекстВыполнения, ЭлементДереваТестов.ИмяМетода, ЭлементДереваТестов.Параметры);
{ВнешняяОбработка.xddTestRunner.Форма.УправляемаяФорма.Форма(913)}:	РезультатТестирования = ОбъектНаСервере.ВыполнитьТестовыйМетод(КонтекстВыполнения, ЭлементДереваТестов);
"/>
			</testcase>
			<testcase classname="Проверка чтения не-администраторами - &lt;test&gt;" name="Документ.ДопЛистКнигиПродажДляПередачиВЭлектронномВиде: Проверка доступа на Чтение Не-Администраторами - &lt;test&gt;" time="0" status="passed"/>
			<testcase classname="Проверка чтения не-администраторами - &lt;test&gt;" name="РегистрНакопления.ТоварныеМестаКОтражениюИзлишковНедостач: Проверка доступа на Чтение Не-Администраторами - &lt;test&gt;" time="0.047" status="passed"/>
			<testcase classname="Проверка чтения не-администраторами - &lt;test&gt;" name="Справочник.МоделиБюджетирования: Проверка доступа на Чтение Не-Администраторами - &lt;test&gt;" time="0.016" status="passed"/>
			<testcase classname="Проверка чтения не-администраторами - &lt;test&gt;" name="Справочник.СоответствияСчетовМеждународногоУчета: Проверка доступа на Чтение Не-Администраторами - &lt;test&gt;" time="0" status="passed"/>
			<testcase classname="Проверка чтения не-администраторами - &lt;test&gt;" name="РегистрСведений.ЗначенияПериодическихПоказателейРасчетаЗарплатыСотрудниковИнтервальный: Проверка доступа на Чтение Не-Администраторами - &lt;test&gt;" time="0.015" status="passed"/>
			<testcase classname="Проверка чтения не-администраторами - &lt;test&gt;" name="Константа.ТОРО_ИспользоватьИнтеграциюЕИСЗ: Проверка доступа на Чтение Не-Администраторами - &lt;test&gt;" time="0.015" status="passed"/>
			<testcase classname="Проверка чтения не-администраторами - &lt;test&gt;" name="Справочник.ВидыСвязейМеждуФизЛицами: Проверка доступа на Чтение Не-Администраторами - &lt;test&gt;" time="0.016" status="passed"/>
			<testcase classname="Проверка чтения не-администраторами - &lt;test&gt;" name="РегистрСведений.ГрафикРаботыСотрудников: Проверка доступа на Чтение Не-Администраторами - &lt;test&gt;" time="0" status="passed"/>
			<testcase classname="Проверка чтения не-администраторами - &lt;test&gt;" name="Справочник.ВидыРабочихЦентров: Проверка доступа на Чтение Не-Администраторами - &lt;test&gt;" time="0" status="passed"/>
			<testcase classname="Проверка чтения не-администраторами - &lt;test&gt;" name="БизнесПроцесс.ТиповаяПродажа: Проверка доступа на Чтение Не-Администраторами - &lt;test&gt;" time="0.016" status="passed"/>
			<testcase classname="Проверка чтения не-администраторами - &lt;test&gt;" name="Константа.РазрешенаРаботаСНовостямиЧерезИнтернет: Проверка доступа на Чтение Не-Администраторами - &lt;test&gt;" time="0.016" status="passed"/>
			<testcase classname="Проверка чтения не-администраторами - &lt;test&gt;" name="РегистрСведений.ТОРО_МатрицаКритичностиДефектов: Проверка доступа на Чтение Не-Администраторами - &lt;test&gt;" time="0.031" status="passed"/>
			<testcase classname="Проверка чтения не-администраторами - &lt;test&gt;" name="Справочник.УдалитьНалоговыеОрганы: Проверка доступа на Чтение Не-Администраторами - &lt;test&gt;" time="0.062" status="failure">
				<failure message="[Failed] Ожидали, что проверяемое значение (Ложь) является ИСТИНОЙ.
Справочник.УдалитьНалоговыеОрганы недоступно для чтения ролями без привилегий
{ВнешняяОбработка.УтвержденияBDD.МодульОбъекта(293)}:	ВызватьИсключение Префикс + &quot; &quot; + СообщениеОшибки;
{ВнешняяОбработка.УтвержденияBDD.МодульОбъекта(46)}:		ВызватьОшибкуПроверки(СообщениеОшибки);
{ВнешняяОбработка.УтвержденияBDD.МодульОбъекта(53)}:	Возврат ЭтоИстина();
{ВнешняяОбработка.ПроверкаЧтенияНеАдминистраторами.МодульОбъекта(100)}:	Ожидаем.Что(ЧтениеДоступно, ПолноеИмяМетаданного + &quot; недоступно для чтения ролями без привилегий&quot;).ЕстьИстина();
{(1)}:КонтекстВыполнения.Тест_ПроверитьНеАдминистраторскиеПраваНаЧтение(Параметры[0],Параметры[1]);
{ВнешняяОбработка.xddTestRunner.МодульОбъекта(337)}:	Выполнить(ИcполняемыйКод);
{ВнешняяОбработка.xddTestRunner.МодульОбъекта(261)}:			ВыполнитьПроцедуруКонтекста(КонтекстВыполнения, ЭлементДереваТестов.ИмяМетода, ЭлементДереваТестов.Параметры);
{ВнешняяОбработка.xddTestRunner.Форма.УправляемаяФорма.Форма(913)}:	РезультатТестирования = ОбъектНаСервере.ВыполнитьТестовыйМетод(КонтекстВыполнения, ЭлементДереваТестов);
"/>
			</testcase>
			<testcase classname="Проверка чтения не-администраторами - &lt;test&gt;" name="РегистрСведений.НаследованиеНастроекПравОбъектов: Проверка доступа на Чтение Не-Администраторами - &lt;test&gt;" time="0.063" status="failure">
				<failure message="[Failed] Ожидали, что проверяемое значение (Ложь) является ИСТИНОЙ.
РегистрСведений.НаследованиеНастроекПравОбъектов недоступно для чтения ролями без привилегий
{ВнешняяОбработка.УтвержденияBDD.МодульОбъекта(293)}:	ВызватьИсключение Префикс + &quot; &quot; + СообщениеОшибки;
{ВнешняяОбработка.УтвержденияBDD.МодульОбъекта(46)}:		ВызватьОшибкуПроверки(СообщениеОшибки);
{ВнешняяОбработка.УтвержденияBDD.МодульОбъекта(53)}:	Возврат ЭтоИстина();
{ВнешняяОбработка.ПроверкаЧтенияНеАдминистраторами.МодульОбъекта(100)}:	Ожидаем.Что(ЧтениеДоступно, ПолноеИмяМетаданного + &quot; недоступно для чтения ролями без привилегий&quot;).ЕстьИстина();
{(1)}:КонтекстВыполнения.Тест_ПроверитьНеАдминистраторскиеПраваНаЧтение(Параметры[0],Параметры[1]);
{ВнешняяОбработка.xddTestRunner.МодульОбъекта(337)}:	Выполнить(ИcполняемыйКод);
{ВнешняяОбработка.xddTestRunner.МодульОбъекта(261)}:			ВыполнитьПроцедуруКонтекста(КонтекстВыполнения, ЭлементДереваТестов.ИмяМетода, ЭлементДереваТестов.Параметры);
{ВнешняяОбработка.xddTestRunner.Форма.УправляемаяФорма.Форма(913)}:	РезультатТестирования = ОбъектНаСервере.ВыполнитьТестовыйМетод(КонтекстВыполнения, ЭлементДереваТестов);
"/>
			</testcase>
			<testcase classname="Проверка чтения не-администраторами - &lt;test&gt;" name="Документ.ПисьмоОбменСБанками: Проверка доступа на Чтение Не-Администраторами - &lt;test&gt;" time="0.015" status="passed"/>
			<testcase classname="Проверка чтения не-администраторами - &lt;test&gt;" name="Справочник.ОграничениеВзысканийПрисоединенныеФайлы: Проверка доступа на Чтение Не-Администраторами - &lt;test&gt;" time="0.016" status="passed"/>
			<testcase classname="Проверка чтения не-администраторами - &lt;test&gt;" name="Константа.ДетализироватьОбновлениеИБВЖурналеРегистрации: Проверка доступа на Чтение Не-Администраторами - &lt;test&gt;" time="0" status="passed"/>
			<testcase classname="Проверка чтения не-администраторами - &lt;test&gt;" name="РегистрСведений.ПодчиненностьПодразделенийОрганизаций: Проверка доступа на Чтение Не-Администраторами - &lt;test&gt;" time="0.016" status="passed"/>
			<testcase classname="Проверка чтения не-администраторами - &lt;test&gt;" name="Справочник.СтатусыНалогоплательщиковПоНДФЛ: Проверка доступа на Чтение Не-Администраторами - &lt;test&gt;" time="0" status="passed"/>
			<testcase classname="Проверка чтения не-администраторами - &lt;test&gt;" name="РегистрСведений.КалендарныеГрафики: Проверка доступа на Чтение Не-Администраторами - &lt;test&gt;" time="0" status="passed"/>
			<testcase classname="Проверка чтения не-администраторами - &lt;test&gt;" name="Константа.НезависимоеИспользованиеРасширенийВМоделиСервиса: Проверка доступа на Чтение Не-Администраторами - &lt;test&gt;" time="0.015" status="passed"/>
			<testcase classname="Проверка чтения не-администраторами - &lt;test&gt;" name="Константа.ИспользуетсяТолькоУправлениеПроизводством21: Проверка доступа на Чтение Не-Администраторами - &lt;test&gt;" time="0" status="passed"/>
			<testcase classname="Проверка чтения не-администраторами - &lt;test&gt;" name="Справочник.ПеремещениеТоваровПрисоединенныеФайлы: Проверка доступа на Чтение Не-Администраторами - &lt;test&gt;" time="0.015" status="passed"/>
			<testcase classname="Проверка чтения не-администраторами - &lt;test&gt;" name="РегистрСведений.ПерерасчетУдержаний: Проверка доступа на Чтение Не-Администраторами - &lt;test&gt;" time="0.016" status="passed"/>
			<testcase classname="Проверка чтения не-администраторами - &lt;test&gt;" name="Константа.ИспользоватьПартнеровИКонтрагентов: Проверка доступа на Чтение Не-Администраторами - &lt;test&gt;" time="0" status="passed"/>
			<testcase classname="Проверка чтения не-администраторами - &lt;test&gt;" name="Справочник.ШаблоныВводаНефинансовыхПоказателей: Проверка доступа на Чтение Не-Администраторами - &lt;test&gt;" time="0.016" status="passed"/>
			<testcase classname="Проверка чтения не-администраторами - &lt;test&gt;" name="РегистрНакопления.ТОРО_ЗаказыИнструментыИОснастка: Проверка доступа на Чтение Не-Администраторами - &lt;test&gt;" time="0.016" status="passed"/>
			<testcase classname="Проверка чтения не-администраторами - &lt;test&gt;" name="Константа.ГруппаДоступаНоменклатурыИзСервиса: Проверка доступа на Чтение Не-Администраторами - &lt;test&gt;" time="0" status="passed"/>
			<testcase classname="Проверка чтения не-администраторами - &lt;test&gt;" name="Константа.КонтролироватьСтатусыКодовМаркировки: Проверка доступа на Чтение Не-Администраторами - &lt;test&gt;" time="0.016" status="passed"/>
			<testcase classname="Проверка чтения не-администраторами - &lt;test&gt;" name="Константа.АдресПубликацииИнформационнойБазыВИнтернете: Проверка доступа на Чтение Не-Администраторами - &lt;test&gt;" time="0" status="passed"/>
			<testcase classname="Проверка чтения не-администраторами - &lt;test&gt;" name="РегистрСведений.КодыТоваровПодключаемогоОборудованияOffline: Проверка доступа на Чтение Не-Администраторами - &lt;test&gt;" time="0.015" status="passed"/>
			<testcase classname="Проверка чтения не-администраторами - &lt;test&gt;" name="Справочник.ТОРО_ТребованиеНаИзменениеБДОПрисоединенныеФайлы: Проверка доступа на Чтение Не-Администраторами - &lt;test&gt;" time="0.015" status="passed"/>
			<testcase classname="Проверка чтения не-администраторами - &lt;test&gt;" name="Справочник.СправкиСПАРКРискиПрисоединенныеФайлы: Проверка доступа на Чтение Не-Администраторами - &lt;test&gt;" time="0.015" status="passed"/>
			<testcase classname="Проверка чтения не-администраторами - &lt;test&gt;" name="РегистрНакопления.РасходыПриУСНМатериалы: Проверка доступа на Чтение Не-Администраторами - &lt;test&gt;" time="0.016" status="passed"/>
			<testcase classname="Проверка чтения не-администраторами - &lt;test&gt;" name="Константа.НеИспользоватьНесколькоВалют: Проверка доступа на Чтение Не-Администраторами - &lt;test&gt;" time="0" status="passed"/>
			<testcase classname="Проверка чтения не-администраторами - &lt;test&gt;" name="РегистрСведений.КонтактыВзаимодействий: Проверка доступа на Чтение Не-Администраторами - &lt;test&gt;" time="0" status="passed"/>
			<testcase classname="Проверка чтения не-администраторами - &lt;test&gt;" name="РегистрСведений.ПорядокОтраженияРезервов: Проверка доступа на Чтение Не-Администраторами - &lt;test&gt;" time="0" status="passed"/>
			<testcase classname="Проверка чтения не-администраторами - &lt;test&gt;" name="РегистрСведений.ЗамерыВремени: Проверка доступа на Чтение Не-Администраторами - &lt;test&gt;" time="0.016" status="passed"/>
			<testcase classname="Проверка чтения не-администраторами - &lt;test&gt;" name="РегистрСведений.ТОРО_НеобходимостьПроведенияВходногоКонтроля: Проверка доступа на Чтение Не-Администраторами - &lt;test&gt;" time="0.032" status="passed"/>
			<testcase classname="Проверка чтения не-администраторами - &lt;test&gt;" name="Документ.ПакетОбменСБанками: Проверка доступа на Чтение Не-Администраторами - &lt;test&gt;" time="0" status="passed"/>
			<testcase classname="Проверка чтения не-администраторами - &lt;test&gt;" name="РегистрСведений.УдалитьСведенияОНачисленияхДляРасчетаСреднегоЗаработкаОбщий: Проверка доступа на Чтение Не-Администраторами - &lt;test&gt;" time="0.078" status="failure">
				<failure message="[Failed] Ожидали, что проверяемое значение (Ложь) является ИСТИНОЙ.
РегистрСведений.УдалитьСведенияОНачисленияхДляРасчетаСреднегоЗаработкаОбщий недоступно для чтения ролями без привилегий
{ВнешняяОбработка.УтвержденияBDD.МодульОбъекта(293)}:	ВызватьИсключение Префикс + &quot; &quot; + СообщениеОшибки;
{ВнешняяОбработка.УтвержденияBDD.МодульОбъекта(46)}:		ВызватьОшибкуПроверки(СообщениеОшибки);
{ВнешняяОбработка.УтвержденияBDD.МодульОбъекта(53)}:	Возврат ЭтоИстина();
{ВнешняяОбработка.ПроверкаЧтенияНеАдминистраторами.МодульОбъекта(100)}:	Ожидаем.Что(ЧтениеДоступно, ПолноеИмяМетаданного + &quot; недоступно для чтения ролями без привилегий&quot;).ЕстьИстина();
{(1)}:КонтекстВыполнения.Тест_ПроверитьНеАдминистраторскиеПраваНаЧтение(Параметры[0],Параметры[1]);
{ВнешняяОбработка.xddTestRunner.МодульОбъекта(337)}:	Выполнить(ИcполняемыйКод);
{ВнешняяОбработка.xddTestRunner.МодульОбъекта(261)}:			ВыполнитьПроцедуруКонтекста(КонтекстВыполнения, ЭлементДереваТестов.ИмяМетода, ЭлементДереваТестов.Параметры);
{ВнешняяОбработка.xddTestRunner.Форма.УправляемаяФорма.Форма(913)}:	РезультатТестирования = ОбъектНаСервере.ВыполнитьТестовыйМетод(КонтекстВыполнения, ЭлементДереваТестов);
"/>
			</testcase>
			<testcase classname="Проверка чтения не-администраторами - &lt;test&gt;" name="Документ.ТОРО_РасчетИТСЭнергосубъекта: Проверка доступа на Чтение Не-Администраторами - &lt;test&gt;" time="0.031" status="passed"/>
			<testcase classname="Проверка чтения не-администраторами - &lt;test&gt;" name="Документ.ТОРО_ПриемкаОборудованияИзРемонта: Проверка доступа на Чтение Не-Администраторами - &lt;test&gt;" time="0.015" status="passed"/>
			<testcase classname="Проверка чтения не-администраторами - &lt;test&gt;" name="Документ.КорректировкаПоОрдеруНаТовары: Проверка доступа на Чтение Не-Администраторами - &lt;test&gt;" time="0.015" status="passed"/>
			<testcase classname="Проверка чтения не-администраторами - &lt;test&gt;" name="Документ.ТОРО_АктДефектации: Проверка доступа на Чтение Не-Администраторами - &lt;test&gt;" time="0.016" status="passed"/>
			<testcase classname="Проверка чтения не-администраторами - &lt;test&gt;" name="РегистрНакопления.ДенежныеСредстваБезналичные: Проверка доступа на Чтение Не-Администраторами - &lt;test&gt;" time="0.016" status="passed"/>
			<testcase classname="Проверка чтения не-администраторами - &lt;test&gt;" name="Константа.ИспользоватьПризнакРассмотрено: Проверка доступа на Чтение Не-Администраторами - &lt;test&gt;" time="0" status="passed"/>
			<testcase classname="Проверка чтения не-администраторами - &lt;test&gt;" name="Справочник.ПриемкаТоваровНаХранениеПрисоединенныеФайлы: Проверка доступа на Чтение Не-Администраторами - &lt;test&gt;" time="0.016" status="passed"/>
			<testcase classname="Проверка чтения не-администраторами - &lt;test&gt;" name="Константа.ИспользоватьРучнуюКорректировкуПроводокПоРеглУчету: Проверка доступа на Чтение Не-Администраторами - &lt;test&gt;" time="0" status="passed"/>
			<testcase classname="Проверка чтения не-администраторами - &lt;test&gt;" name="Документ.ВозвратТоваровПоставщику: Проверка доступа на Чтение Не-Администраторами - &lt;test&gt;" time="0.016" status="passed"/>
			<testcase classname="Проверка чтения не-администраторами - &lt;test&gt;" name="Документ.МодернизацияОС: Проверка доступа на Чтение Не-Администраторами - &lt;test&gt;" time="0" status="passed"/>
			<testcase classname="Проверка чтения не-администраторами - &lt;test&gt;" name="Справочник.ЗаказКлиентаПрисоединенныеФайлы: Проверка доступа на Чтение Не-Администраторами - &lt;test&gt;" time="0" status="passed"/>
			<testcase classname="Проверка чтения не-администраторами - &lt;test&gt;" name="Константа.АдресВебСервиса1СДокументооборот: Проверка доступа на Чтение Не-Администраторами - &lt;test&gt;" time="0" status="passed"/>
			<testcase classname="Проверка чтения не-администраторами - &lt;test&gt;" name="РегистрНакопления.ДвиженияКонтрагентДоходыРасходы: Проверка доступа на Чтение Не-Администраторами - &lt;test&gt;" time="0.016" status="passed"/>
			<testcase classname="Проверка чтения не-администраторами - &lt;test&gt;" name="Константа.СообщениеОбменаДаннымиИзГлавногоУзла: Проверка доступа на Чтение Не-Администраторами - &lt;test&gt;" time="0.016" status="passed"/>
			<testcase classname="Проверка чтения не-администраторами - &lt;test&gt;" name="Документ.ТОРО_ПроведениеВходногоКонтроля: Проверка доступа на Чтение Не-Администраторами - &lt;test&gt;" time="0.015" status="passed"/>
			<testcase classname="Проверка чтения не-администраторами - &lt;test&gt;" name="Справочник.МобильныеКомпьютеры: Проверка доступа на Чтение Не-Администраторами - &lt;test&gt;" time="0.016" status="passed"/>
			<testcase classname="Проверка чтения не-администраторами - &lt;test&gt;" name="Справочник.ТОРО_КритичностьОборудованияПАО: Проверка доступа на Чтение Не-Администраторами - &lt;test&gt;" time="0.031" status="passed"/>
			<testcase classname="Проверка чтения не-администраторами - &lt;test&gt;" name="Константа.ТОРО_СрокОбеспеченияПрогнознымиОстатками: Проверка доступа на Чтение Не-Администраторами - &lt;test&gt;" time="0.016" status="passed"/>
			<testcase classname="Проверка чтения не-администраторами - &lt;test&gt;" name="РегистрСведений.УдалитьСтраховыеВзносыСкидкиКДоходам: Проверка доступа на Чтение Не-Администраторами - &lt;test&gt;" time="0.047" status="passed"/>
			<testcase classname="Проверка чтения не-администраторами - &lt;test&gt;" name="Справочник.УдалитьПерепискаСКонтролирующимиОрганами: Проверка доступа на Чтение Не-Администраторами - &lt;test&gt;" time="0.078" status="failure">
				<failure message="[Failed] Ожидали, что проверяемое значение (Ложь) является ИСТИНОЙ.
Справочник.УдалитьПерепискаСКонтролирующимиОрганами недоступно для чтения ролями без привилегий
{ВнешняяОбработка.УтвержденияBDD.МодульОбъекта(293)}:	ВызватьИсключение Префикс + &quot; &quot; + СообщениеОшибки;
{ВнешняяОбработка.УтвержденияBDD.МодульОбъекта(46)}:		ВызватьОшибкуПроверки(СообщениеОшибки);
{ВнешняяОбработка.УтвержденияBDD.МодульОбъекта(53)}:	Возврат ЭтоИстина();
{ВнешняяОбработка.ПроверкаЧтенияНеАдминистраторами.МодульОбъекта(100)}:	Ожидаем.Что(ЧтениеДоступно, ПолноеИмяМетаданного + &quot; недоступно для чтения ролями без привилегий&quot;).ЕстьИстина();
{(1)}:КонтекстВыполнения.Тест_ПроверитьНеАдминистраторскиеПраваНаЧтение(Параметры[0],Параметры[1]);
{ВнешняяОбработка.xddTestRunner.МодульОбъекта(337)}:	Выполнить(ИcполняемыйКод);
{ВнешняяОбработка.xddTestRunner.МодульОбъекта(261)}:			ВыполнитьПроцедуруКонтекста(КонтекстВыполнения, ЭлементДереваТестов.ИмяМетода, ЭлементДереваТестов.Параметры);
{ВнешняяОбработка.xddTestRunner.Форма.УправляемаяФорма.Форма(913)}:	РезультатТестирования = ОбъектНаСервере.ВыполнитьТестовыйМетод(КонтекстВыполнения, ЭлементДереваТестов);
"/>
			</testcase>
			<testcase classname="Проверка чтения не-администраторами - &lt;test&gt;" name="Константа.ИспользоватьСинхронизациюДанныхВМоделиСервисаСПриложениемВИнтернете: Проверка доступа на Чтение Не-Администраторами - &lt;test&gt;" time="0.016" status="passed"/>
			<testcase classname="Проверка чтения не-администраторами - &lt;test&gt;" name="РегистрСведений.ВерсииКлассификаторов: Проверка доступа на Чтение Не-Администраторами - &lt;test&gt;" time="0.016" status="passed"/>
			<testcase classname="Проверка чтения не-администраторами - &lt;test&gt;" name="Документ.ГрафикИсполненияДоговора: Проверка доступа на Чтение Не-Администраторами - &lt;test&gt;" time="0.016" status="passed"/>
			<testcase classname="Проверка чтения не-администраторами - &lt;test&gt;" name="РегистрСведений.СостоянияНовостей: Проверка доступа на Чтение Не-Администраторами - &lt;test&gt;" time="0.015" status="passed"/>
			<testcase classname="Проверка чтения не-администраторами - &lt;test&gt;" name="Справочник.ПроизводственныеКалендари: Проверка доступа на Чтение Не-Администраторами - &lt;test&gt;" time="0" status="passed"/>
			<testcase classname="Проверка чтения не-администраторами - &lt;test&gt;" name="Справочник.ПартнерыПрисоединенныеФайлы: Проверка доступа на Чтение Не-Администраторами - &lt;test&gt;" time="0.047" status="passed"/>
			<testcase classname="Проверка чтения не-администраторами - &lt;test&gt;" name="Документ.ОбъединениеЗаписейСкладскогоЖурналаВЕТИС: Проверка доступа на Чтение Не-Администраторами - &lt;test&gt;" time="0.016" status="passed"/>
			<testcase classname="Проверка чтения не-администраторами - &lt;test&gt;" name="Справочник.ЗаданиеНаПеревозкуПрисоединенныеФайлы: Проверка доступа на Чтение Не-Администраторами - &lt;test&gt;" time="0" status="passed"/>
			<testcase classname="Проверка чтения не-администраторами - &lt;test&gt;" name="РегистрНакопления.РасчетыНалогоплательщиковСБюджетомПоНДФЛ: Проверка доступа на Чтение Не-Администраторами - &lt;test&gt;" time="0" status="passed"/>
			<testcase classname="Проверка чтения не-администраторами - &lt;test&gt;" name="Справочник.УдалитьОснованияУвольнения: Проверка доступа на Чтение Не-Администраторами - &lt;test&gt;" time="0.032" status="passed"/>
			<testcase classname="Проверка чтения не-администраторами - &lt;test&gt;" name="РегистрСведений.РолиСотрудников: Проверка доступа на Чтение Не-Администраторами - &lt;test&gt;" time="0.015" status="passed"/>
			<testcase classname="Проверка чтения не-администраторами - &lt;test&gt;" name="Справочник.РейтингиПродажНоменклатуры: Проверка доступа на Чтение Не-Администраторами - &lt;test&gt;" time="0" status="passed"/>
			<testcase classname="Проверка чтения не-администраторами - &lt;test&gt;" name="Справочник.ТОРО_ОчередиСообщенийИнтегрированныхСистем: Проверка доступа на Чтение Не-Администраторами - &lt;test&gt;" time="0.016" status="passed"/>
			<testcase classname="Проверка чтения не-администраторами - &lt;test&gt;" name="РегистрСведений.НастройкаКонтроляОбеспечения: Проверка доступа на Чтение Не-Администраторами - &lt;test&gt;" time="0.016" status="passed"/>
			<testcase classname="Проверка чтения не-администраторами - &lt;test&gt;" name="Константа.ДетализироватьЗаданияТорговымПредставителямПоНоменклатуре: Проверка доступа на Чтение Не-Администраторами - &lt;test&gt;" time="0.016" status="passed"/>
			<testcase classname="Проверка чтения не-администраторами - &lt;test&gt;" name="Справочник.ИдентификаторыОбъектовРасширений: Проверка доступа на Чтение Не-Администраторами - &lt;test&gt;" time="0" status="passed"/>
			<testcase classname="Проверка чтения не-администраторами - &lt;test&gt;" name="Документ.ЭлектронноеПисьмоВходящее: Проверка доступа на Чтение Не-Администраторами - &lt;test&gt;" time="0.016" status="passed"/>
			<testcase classname="Проверка чтения не-администраторами - &lt;test&gt;" name="РегистрСведений.ЗапросыРазрешенийНаИспользованиеВнешнихРесурсов: Проверка доступа на Чтение Не-Администраторами - &lt;test&gt;" time="0.047" status="passed"/>
			<testcase classname="Проверка чтения не-администраторами - &lt;test&gt;" name="Справочник.ВидыСделокСКлиентамиПрисоединенныеФайлы: Проверка доступа на Чтение Не-Администраторами - &lt;test&gt;" time="0.016" status="passed"/>
			<testcase classname="Проверка чтения не-администраторами - &lt;test&gt;" name="РегистрСведений.ТОРО_ОчередьОбработкиШК: Проверка доступа на Чтение Не-Администраторами - &lt;test&gt;" time="0.016" status="passed"/>
			<testcase classname="Проверка чтения не-администраторами - &lt;test&gt;" name="Справочник.ВозвратСырьяДавальцуПрисоединенныеФайлы: Проверка доступа на Чтение Не-Администраторами - &lt;test&gt;" time="0" status="passed"/>
			<testcase classname="Проверка чтения не-администраторами - &lt;test&gt;" name="РегистрСведений.СоответствиеРеквизитовБизнесСеть: Проверка доступа на Чтение Не-Администраторами - &lt;test&gt;" time="0.016" status="passed"/>
			<testcase classname="Проверка чтения не-администраторами - &lt;test&gt;" name="Константа.РазрешеноРедактированиеОбщихДанных: Проверка доступа на Чтение Не-Администраторами - &lt;test&gt;" time="0.016" status="passed"/>
			<testcase classname="Проверка чтения не-администраторами - &lt;test&gt;" name="Справочник.ПереводКДругомуРаботодателюПрисоединенныеФайлы: Проверка доступа на Чтение Не-Администраторами - &lt;test&gt;" time="0.016" status="passed"/>
			<testcase classname="Проверка чтения не-администраторами - &lt;test&gt;" name="Константа.УдалитьАлгоритмШифрования: Проверка доступа на Чтение Не-Администраторами - &lt;test&gt;" time="0.016" status="passed"/>
			<testcase classname="Проверка чтения не-администраторами - &lt;test&gt;" name="Справочник.ПрочиеРасходы: Проверка доступа на Чтение Не-Администраторами - &lt;test&gt;" time="0.016" status="passed"/>
			<testcase classname="Проверка чтения не-администраторами - &lt;test&gt;" name="Константа.ПроверятьЗаполнениеНомеровГТДПриЗакупкеУПоставщикаПоСхемеТоварыВПути: Проверка доступа на Чтение Не-Администраторами - &lt;test&gt;" time="0.016" status="passed"/>
			<testcase classname="Проверка чтения не-администраторами - &lt;test&gt;" name="РегистрСведений.ГрафикТраншейКредитовИДепозитов: Проверка доступа на Чтение Не-Администраторами - &lt;test&gt;" time="0" status="passed"/>
			<testcase classname="Проверка чтения не-администраторами - &lt;test&gt;" name="Справочник.КлассификаторУслугНаселению: Проверка доступа на Чтение Не-Администраторами - &lt;test&gt;" time="0" status="passed"/>
			<testcase classname="Проверка чтения не-администраторами - &lt;test&gt;" name="Константа.ИспользоватьСбалансированностьПлановУТ: Проверка доступа на Чтение Не-Администраторами - &lt;test&gt;" time="0" status="passed"/>
			<testcase classname="Проверка чтения не-администраторами - &lt;test&gt;" name="Константа.ИспользоватьУправлениеДоставкой: Проверка доступа на Чтение Не-Администраторами - &lt;test&gt;" time="0.016" status="passed"/>
			<testcase classname="Проверка чтения не-администраторами - &lt;test&gt;" name="Справочник.КлассификаторАлкогольнойПродукцииЕГАИС: Проверка доступа на Чтение Не-Администраторами - &lt;test&gt;" time="0.016" status="passed"/>
			<testcase classname="Проверка чтения не-администраторами - &lt;test&gt;" name="Справочник.КлючиАналитикиУчетаПоПартнерам: Проверка доступа на Чтение Не-Администраторами - &lt;test&gt;" time="0" status="passed"/>
			<testcase classname="Проверка чтения не-администраторами - &lt;test&gt;" name="РегистрНакопления.ЗначенияОперативныхПоказателейРасчетаЗарплатыСотрудников: Проверка доступа на Чтение Не-Администраторами - &lt;test&gt;" time="0.016" status="passed"/>
			<testcase classname="Проверка чтения не-администраторами - &lt;test&gt;" name="Справочник.ОплатаДнейУходаЗаДетьмиИнвалидамиПрисоединенныеФайлы: Проверка доступа на Чтение Не-Администраторами - &lt;test&gt;" time="0" status="passed"/>
			<testcase classname="Проверка чтения не-администраторами - &lt;test&gt;" name="Справочник.ОбщероссийскийКлассификаторПродукции: Проверка доступа на Чтение Не-Администраторами - &lt;test&gt;" time="0.016" status="passed"/>
			<testcase classname="Проверка чтения не-администраторами - &lt;test&gt;" name="РегистрСведений.ЗначенияРазовыхПоказателейРасчетаЗарплатыСотрудников: Проверка доступа на Чтение Не-Администраторами - &lt;test&gt;" time="0" status="passed"/>
			<testcase classname="Проверка чтения не-администраторами - &lt;test&gt;" name="РегистрСведений.КэшИменДокументовДляОбработкиПоПравилу: Проверка доступа на Чтение Не-Администраторами - &lt;test&gt;" time="0.062" status="failure">
				<failure message="[Failed] Ожидали, что проверяемое значение (Ложь) является ИСТИНОЙ.
РегистрСведений.КэшИменДокументовДляОбработкиПоПравилу недоступно для чтения ролями без привилегий
{ВнешняяОбработка.УтвержденияBDD.МодульОбъекта(293)}:	ВызватьИсключение Префикс + &quot; &quot; + СообщениеОшибки;
{ВнешняяОбработка.УтвержденияBDD.МодульОбъекта(46)}:		ВызватьОшибкуПроверки(СообщениеОшибки);
{ВнешняяОбработка.УтвержденияBDD.МодульОбъекта(53)}:	Возврат ЭтоИстина();
{ВнешняяОбработка.ПроверкаЧтенияНеАдминистраторами.МодульОбъекта(100)}:	Ожидаем.Что(ЧтениеДоступно, ПолноеИмяМетаданного + &quot; недоступно для чтения ролями без привилегий&quot;).ЕстьИстина();
{(1)}:КонтекстВыполнения.Тест_ПроверитьНеАдминистраторскиеПраваНаЧтение(Параметры[0],Параметры[1]);
{ВнешняяОбработка.xddTestRunner.МодульОбъекта(337)}:	Выполнить(ИcполняемыйКод);
{ВнешняяОбработка.xddTestRunner.МодульОбъекта(261)}:			ВыполнитьПроцедуруКонтекста(КонтекстВыполнения, ЭлементДереваТестов.ИмяМетода, ЭлементДереваТестов.Параметры);
{ВнешняяОбработка.xddTestRunner.Форма.УправляемаяФорма.Форма(913)}:	РезультатТестирования = ОбъектНаСервере.ВыполнитьТестовыйМетод(КонтекстВыполнения, ЭлементДереваТестов);
"/>
			</testcase>
			<testcase classname="Проверка чтения не-администраторами - &lt;test&gt;" name="РегистрСведений.ДанныеСостоянийСотрудников: Проверка доступа на Чтение Не-Администраторами - &lt;test&gt;" time="0.016" status="passed"/>
			<testcase classname="Проверка чтения не-администраторами - &lt;test&gt;" name="РегистрСведений.ТОРО_ВидыНоменклатурыДляВыбора: Проверка доступа на Чтение Не-Администраторами - &lt;test&gt;" time="0.031" status="passed"/>
			<testcase classname="Проверка чтения не-администраторами - &lt;test&gt;" name="Документ.ОтчетПоКомиссииМеждуОрганизациямиОСписании: Проверка доступа на Чтение Не-Администраторами - &lt;test&gt;" time="0.015" status="passed"/>
			<testcase classname="Проверка чтения не-администраторами - &lt;test&gt;" name="Справочник.ДоговорАвторскогоЗаказаПрисоединенныеФайлы: Проверка доступа на Чтение Не-Администраторами - &lt;test&gt;" time="0.015" status="passed"/>
			<testcase classname="Проверка чтения не-администраторами - &lt;test&gt;" name="Справочник.ПапкиЭлектронныхПисем: Проверка доступа на Чтение Не-Администраторами - &lt;test&gt;" time="0" status="passed"/>
			<testcase classname="Проверка чтения не-администраторами - &lt;test&gt;" name="РегистрНакопления.ВзаиморасчетыПоЗаймамСотрудникам: Проверка доступа на Чтение Не-Администраторами - &lt;test&gt;" time="0" status="passed"/>
			<testcase classname="Проверка чтения не-администраторами - &lt;test&gt;" name="РегистрНакопления.СтоимостьОС: Проверка доступа на Чтение Не-Администраторами - &lt;test&gt;" time="0.031" status="passed"/>
			<testcase classname="Проверка чтения не-администраторами - &lt;test&gt;" name="РегистрНакопления.РезервыПоСомнительнымДолгам: Проверка доступа на Чтение Не-Администраторами - &lt;test&gt;" time="0.015" status="passed"/>
			<testcase classname="Проверка чтения не-администраторами - &lt;test&gt;" name="Константа.КоличествоПериодовABCКлассификацииНоменклатуры: Проверка доступа на Чтение Не-Администраторами - &lt;test&gt;" time="0.015" status="passed"/>
			<testcase classname="Проверка чтения не-администраторами - &lt;test&gt;" name="РегистрСведений.НастройкиОбменаФСС: Проверка доступа на Чтение Не-Администраторами - &lt;test&gt;" time="0.016" status="passed"/>
			<testcase classname="Проверка чтения не-администраторами - &lt;test&gt;" name="Справочник.КодыОперацийРаздела7ДекларацииПоНДС: Проверка доступа на Чтение Не-Администраторами - &lt;test&gt;" time="0" status="passed"/>
			<testcase classname="Проверка чтения не-администраторами - &lt;test&gt;" name="РегистрСведений.ХозяйственныеОперацииНеОтражаемыеВМеждународномУчете: Проверка доступа на Чтение Не-Администраторами - &lt;test&gt;" time="0.015" status="passed"/>
			<testcase classname="Проверка чтения не-администраторами - &lt;test&gt;" name="РегистрСведений.ОтборыПоЛентамНовостейОбщие: Проверка доступа на Чтение Не-Администраторами - &lt;test&gt;" time="0.015" status="passed"/>
			<testcase classname="Проверка чтения не-администраторами - &lt;test&gt;" name="Справочник.ПричиныЗадержкиВыполненияЭтаповПроизводства: Проверка доступа на Чтение Не-Администраторами - &lt;test&gt;" time="0" status="passed"/>
			<testcase classname="Проверка чтения не-администраторами - &lt;test&gt;" name="Справочник.ПричиныОтменыПроизводства: Проверка доступа на Чтение Не-Администраторами - &lt;test&gt;" time="0" status="passed"/>
			<testcase classname="Проверка чтения не-администраторами - &lt;test&gt;" name="Константа.ИспользоватьСерииНоменклатурыПроизводство22: Проверка доступа на Чтение Не-Администраторами - &lt;test&gt;" time="0" status="passed"/>
			<testcase classname="Проверка чтения не-администраторами - &lt;test&gt;" name="Константа.АдресВебСервисаСППР: Проверка доступа на Чтение Не-Администраторами - &lt;test&gt;" time="0.015" status="passed"/>
			<testcase classname="Проверка чтения не-администраторами - &lt;test&gt;" name="РегистрНакопления.ЗаказыНаВнутреннееПотребление: Проверка доступа на Чтение Не-Администраторами - &lt;test&gt;" time="0.016" status="passed"/>
			<testcase classname="Проверка чтения не-администраторами - &lt;test&gt;" name="Константа.КонтролироватьОстаткиНомеровГТДПриЗакупкеУПоставщикаПоСхемеТоварыВПути: Проверка доступа на Чтение Не-Администраторами - &lt;test&gt;" time="0" status="passed"/>
			<testcase classname="Проверка чтения не-администраторами - &lt;test&gt;" name="Константа.НеИспользоватьЗаявкиНаРасходованиеДенежныхСредств: Проверка доступа на Чтение Не-Администраторами - &lt;test&gt;" time="0" status="passed"/>
			<testcase classname="Проверка чтения не-администраторами - &lt;test&gt;" name="Справочник.ТЦОчередьСообщений: Проверка доступа на Чтение Не-Администраторами - &lt;test&gt;" time="0.015" status="passed"/>
			<testcase classname="Проверка чтения не-администраторами - &lt;test&gt;" name="Константа.ИспользоватьСервисСПАРКРиски: Проверка доступа на Чтение Не-Администраторами - &lt;test&gt;" time="0" status="passed"/>
			<testcase classname="Проверка чтения не-администраторами - &lt;test&gt;" name="РегистрСведений.УдалитьОбластиПерсональныхДанных: Проверка доступа на Чтение Не-Администраторами - &lt;test&gt;" time="0.062" status="failure">
				<failure message="[Failed] Ожидали, что проверяемое значение (Ложь) является ИСТИНОЙ.
РегистрСведений.УдалитьОбластиПерсональныхДанных недоступно для чтения ролями без привилегий
{ВнешняяОбработка.УтвержденияBDD.МодульОбъекта(293)}:	ВызватьИсключение Префикс + &quot; &quot; + СообщениеОшибки;
{ВнешняяОбработка.УтвержденияBDD.МодульОбъекта(46)}:		ВызватьОшибкуПроверки(СообщениеОшибки);
{ВнешняяОбработка.УтвержденияBDD.МодульОбъекта(53)}:	Возврат ЭтоИстина();
{ВнешняяОбработка.ПроверкаЧтенияНеАдминистраторами.МодульОбъекта(100)}:	Ожидаем.Что(ЧтениеДоступно, ПолноеИмяМетаданного + &quot; недоступно для чтения ролями без привилегий&quot;).ЕстьИстина();
{(1)}:КонтекстВыполнения.Тест_ПроверитьНеАдминистраторскиеПраваНаЧтение(Параметры[0],Параметры[1]);
{ВнешняяОбработка.xddTestRunner.МодульОбъекта(337)}:	Выполнить(ИcполняемыйКод);
{ВнешняяОбработка.xddTestRunner.МодульОбъекта(261)}:			ВыполнитьПроцедуруКонтекста(КонтекстВыполнения, ЭлементДереваТестов.ИмяМетода, ЭлементДереваТестов.Параметры);
{ВнешняяОбработка.xddTestRunner.Форма.УправляемаяФорма.Форма(913)}:	РезультатТестирования = ОбъектНаСервере.ВыполнитьТестовыйМетод(КонтекстВыполнения, ЭлементДереваТестов);
"/>
			</testcase>
			<testcase classname="Проверка чтения не-администраторами - &lt;test&gt;" name="РегистрСведений.ПорядокОтраженияРасчетовСПартнерами: Проверка доступа на Чтение Не-Администраторами - &lt;test&gt;" time="0" status="passed"/>
			<testcase classname="Проверка чтения не-администраторами - &lt;test&gt;" name="РегистрСведений.ТОРО_НастройкиТранспортаОбменаДанными: Проверка доступа на Чтение Не-Администраторами - &lt;test&gt;" time="0.031" status="passed"/>
			<testcase classname="Проверка чтения не-администраторами - &lt;test&gt;" name="Документ.ПрекращениеСтандартныхВычетовНДФЛ: Проверка доступа на Чтение Не-Администраторами - &lt;test&gt;" time="0" status="passed"/>
			<testcase classname="Проверка чтения не-администраторами - &lt;test&gt;" name="РегистрСведений.ПечатныеБланкиРегламентированныхОтчетов: Проверка доступа на Чтение Не-Администраторами - &lt;test&gt;" time="0.016" status="passed"/>
			<testcase classname="Проверка чтения не-администраторами - &lt;test&gt;" name="Константа.ИспользоватьОбособленноеОбеспечениеЗаказов: Проверка доступа на Чтение Не-Администраторами - &lt;test&gt;" time="0.015" status="passed"/>
			<testcase classname="Проверка чтения не-администраторами - &lt;test&gt;" name="РегистрСведений.СвойстваКонтрагентовСПАРКРиски: Проверка доступа на Чтение Не-Администраторами - &lt;test&gt;" time="0.031" status="passed"/>
			<testcase classname="Проверка чтения не-администраторами - &lt;test&gt;" name="РегистрСведений.РеестрОтпусков: Проверка доступа на Чтение Не-Администраторами - &lt;test&gt;" time="0.016" status="passed"/>
			<testcase classname="Проверка чтения не-администраторами - &lt;test&gt;" name="РегистрСведений.СреднемесячныеНормыВремениГрафиковРаботыСотрудников: Проверка доступа на Чтение Не-Администраторами - &lt;test&gt;" time="0" status="passed"/>
			<testcase classname="Проверка чтения не-администраторами - &lt;test&gt;" name="Константа.ФормироватьВидыЗапасовПоСделкам: Проверка доступа на Чтение Не-Администраторами - &lt;test&gt;" time="0.016" status="passed"/>
			<testcase classname="Проверка чтения не-администраторами - &lt;test&gt;" name="Константа.ТОРО_АдресСервисаФункциональныхНаправленийЕИСЗ: Проверка доступа на Чтение Не-Администраторами - &lt;test&gt;" time="0.031" status="passed"/>
			<testcase classname="Проверка чтения не-администраторами - &lt;test&gt;" name="Документ.ИзменениеПараметровОСМеждународныйУчет: Проверка доступа на Чтение Не-Администраторами - &lt;test&gt;" time="0" status="passed"/>
			<testcase classname="Проверка чтения не-администраторами - &lt;test&gt;" name="Справочник.СкладскиеПомещения: Проверка доступа на Чтение Не-Администраторами - &lt;test&gt;" time="0.015" status="passed"/>
			<testcase classname="Проверка чтения не-администраторами - &lt;test&gt;" name="РегистрСведений.СостоянияКонтактовВзаимодействий: Проверка доступа на Чтение Не-Администраторами - &lt;test&gt;" time="0.015" status="passed"/>
			<testcase classname="Проверка чтения не-администраторами - &lt;test&gt;" name="Константа.ОценкаПроизводительностиПериодЗаписи: Проверка доступа на Чтение Не-Администраторами - &lt;test&gt;" time="0.016" status="passed"/>
			<testcase classname="Проверка чтения не-администраторами - &lt;test&gt;" name="Документ.СверкаВзаиморасчетов: Проверка доступа на Чтение Не-Администраторами - &lt;test&gt;" time="0.015" status="passed"/>
			<testcase classname="Проверка чтения не-администраторами - &lt;test&gt;" name="Документ.ПерерасчетНДФЛ: Проверка доступа на Чтение Не-Администраторами - &lt;test&gt;" time="0.016" status="passed"/>
			<testcase classname="Проверка чтения не-администраторами - &lt;test&gt;" name="РегистрНакопления.ВыпускПродукции: Проверка доступа на Чтение Не-Администраторами - &lt;test&gt;" time="0.031" status="passed"/>
			<testcase classname="Проверка чтения не-администраторами - &lt;test&gt;" name="Константа.ИспользоватьАссортимент: Проверка доступа на Чтение Не-Администраторами - &lt;test&gt;" time="0.015" status="passed"/>
			<testcase classname="Проверка чтения не-администраторами - &lt;test&gt;" name="Справочник.НастройкиЯндексКассы: Проверка доступа на Чтение Не-Администраторами - &lt;test&gt;" time="0.015" status="passed"/>
			<testcase classname="Проверка чтения не-администраторами - &lt;test&gt;" name="РегистрСведений.СобытияОСОрганизаций: Проверка доступа на Чтение Не-Администраторами - &lt;test&gt;" time="0" status="passed"/>
			<testcase classname="Проверка чтения не-администраторами - &lt;test&gt;" name="РегистрСведений.СостоянияПредметовВзаимодействий: Проверка доступа на Чтение Не-Администраторами - &lt;test&gt;" time="0.016" status="passed"/>
			<testcase classname="Проверка чтения не-администраторами - &lt;test&gt;" name="Константа.ТОРО_ПараметрыПодключенияАСУД: Проверка доступа на Чтение Не-Администраторами - &lt;test&gt;" time="0.031" status="passed"/>
			<testcase classname="Проверка чтения не-администраторами - &lt;test&gt;" name="РегистрСведений.ОчередьПередачиДанныхГИСМ: Проверка доступа на Чтение Не-Администраторами - &lt;test&gt;" time="0" status="passed"/>
			<testcase classname="Проверка чтения не-администраторами - &lt;test&gt;" name="РегистрНакопления.ПланыСборкиРазборки: Проверка доступа на Чтение Не-Администраторами - &lt;test&gt;" time="0" status="passed"/>
			<testcase classname="Проверка чтения не-администраторами - &lt;test&gt;" name="Справочник.КадровыйПереводПрисоединенныеФайлы: Проверка доступа на Чтение Не-Администраторами - &lt;test&gt;" time="0" status="passed"/>
			<testcase classname="Проверка чтения не-администраторами - &lt;test&gt;" name="Справочник.ВидыОповещенийКлиентам: Проверка доступа на Чтение Не-Администраторами - &lt;test&gt;" time="0" status="passed"/>
			<testcase classname="Проверка чтения не-администраторами - &lt;test&gt;" name="РегистрСведений.УсловияДоговораЗаймаСотруднику: Проверка доступа на Чтение Не-Администраторами - &lt;test&gt;" time="0" status="passed"/>
			<testcase classname="Проверка чтения не-администраторами - &lt;test&gt;" name="Справочник.ЛентыНовостей: Проверка доступа на Чтение Не-Администраторами - &lt;test&gt;" time="0.015" status="passed"/>
			<testcase classname="Проверка чтения не-администраторами - &lt;test&gt;" name="Константа.ИспользоватьОбъектыСтроительства: Проверка доступа на Чтение Не-Администраторами - &lt;test&gt;" time="0.015" status="passed"/>
			<testcase classname="Проверка чтения не-администраторами - &lt;test&gt;" name="Документ.БлокировкаВычетаНДС: Проверка доступа на Чтение Не-Администраторами - &lt;test&gt;" time="0.016" status="passed"/>
			<testcase classname="Проверка чтения не-администраторами - &lt;test&gt;" name="РегистрСведений.ТЦНастройкиВП: Проверка доступа на Чтение Не-Администраторами - &lt;test&gt;" time="0.015" status="passed"/>
			<testcase classname="Проверка чтения не-администраторами - &lt;test&gt;" name="РегистрСведений.ПрименениеРазрешенийНаИспользованиеВнешнихРесурсовОбластейДанных: Проверка доступа на Чтение Не-Администраторами - &lt;test&gt;" time="0.062" status="failure">
				<failure message="[Failed] Ожидали, что проверяемое значение (Ложь) является ИСТИНОЙ.
РегистрСведений.ПрименениеРазрешенийНаИспользованиеВнешнихРесурсовОбластейДанных недоступно для чтения ролями без привилегий
{ВнешняяОбработка.УтвержденияBDD.МодульОбъекта(293)}:	ВызватьИсключение Префикс + &quot; &quot; + СообщениеОшибки;
{ВнешняяОбработка.УтвержденияBDD.МодульОбъекта(46)}:		ВызватьОшибкуПроверки(СообщениеОшибки);
{ВнешняяОбработка.УтвержденияBDD.МодульОбъекта(53)}:	Возврат ЭтоИстина();
{ВнешняяОбработка.ПроверкаЧтенияНеАдминистраторами.МодульОбъекта(100)}:	Ожидаем.Что(ЧтениеДоступно, ПолноеИмяМетаданного + &quot; недоступно для чтения ролями без привилегий&quot;).ЕстьИстина();
{(1)}:КонтекстВыполнения.Тест_ПроверитьНеАдминистраторскиеПраваНаЧтение(Параметры[0],Параметры[1]);
{ВнешняяОбработка.xddTestRunner.МодульОбъекта(337)}:	Выполнить(ИcполняемыйКод);
{ВнешняяОбработка.xddTestRunner.МодульОбъекта(261)}:			ВыполнитьПроцедуруКонтекста(КонтекстВыполнения, ЭлементДереваТестов.ИмяМетода, ЭлементДереваТестов.Параметры);
{ВнешняяОбработка.xddTestRunner.Форма.УправляемаяФорма.Форма(913)}:	РезультатТестирования = ОбъектНаСервере.ВыполнитьТестовыйМетод(КонтекстВыполнения, ЭлементДереваТестов);
"/>
			</testcase>
			<testcase classname="Проверка чтения не-администраторами - &lt;test&gt;" name="РегистрСведений.ДанныеПроизводственногоКалендаряПомесячно: Проверка доступа на Чтение Не-Администраторами - &lt;test&gt;" time="0.016" status="passed"/>
			<testcase classname="Проверка чтения не-администраторами - &lt;test&gt;" name="Документ.ТОРО_СводноеВыполнениеЗаказов: Проверка доступа на Чтение Не-Администраторами - &lt;test&gt;" time="0.032" status="passed"/>
			<testcase classname="Проверка чтения не-администраторами - &lt;test&gt;" name="РегистрСведений.КатегорииНовостейИнтервалыВерсий: Проверка доступа на Чтение Не-Администраторами - &lt;test&gt;" time="0.031" status="passed"/>
			<testcase classname="Проверка чтения не-администраторами - &lt;test&gt;" name="Документ.СписаниеИзЭксплуатации: Проверка доступа на Чтение Не-Администраторами - &lt;test&gt;" time="0" status="passed"/>
			<testcase classname="Проверка чтения не-администраторами - &lt;test&gt;" name="РегистрСведений.СтатусФизическихЛицКакНалогоплательщиковНДФЛВторичный: Проверка доступа на Чтение Не-Администраторами - &lt;test&gt;" time="0.016" status="passed"/>
			<testcase classname="Проверка чтения не-администраторами - &lt;test&gt;" name="РегистрСведений.НоменклатураСегмента: Проверка доступа на Чтение Не-Администраторами - &lt;test&gt;" time="0" status="passed"/>
			<testcase classname="Проверка чтения не-администраторами - &lt;test&gt;" name="Справочник.ПачкаДокументовСЗВ_КПрисоединенныеФайлы: Проверка доступа на Чтение Не-Администраторами - &lt;test&gt;" time="0" status="passed"/>
			<testcase classname="Проверка чтения не-администраторами - &lt;test&gt;" name="Справочник.ОсобыеУсловияТрудаПФР: Проверка доступа на Чтение Не-Администраторами - &lt;test&gt;" time="0" status="passed"/>
			<testcase classname="Проверка чтения не-администраторами - &lt;test&gt;" name="РегистрСведений.НастройкиРасчетаРезервовОтпусков: Проверка доступа на Чтение Не-Администраторами - &lt;test&gt;" time="0.016" status="passed"/>
			<testcase classname="Проверка чтения не-администраторами - &lt;test&gt;" name="РегистрСведений.ПорядокУчетаНМАУУ: Проверка доступа на Чтение Не-Администраторами - &lt;test&gt;" time="0.031" status="passed"/>
			<testcase classname="Проверка чтения не-администраторами - &lt;test&gt;" name="Константа.ОграничиватьДоступНаУровнеЗаписей: Проверка доступа на Чтение Не-Администраторами - &lt;test&gt;" time="0.016" status="passed"/>
			<testcase classname="Проверка чтения не-администраторами - &lt;test&gt;" name="Документ.АмортизацияОСМеждународныйУчет: Проверка доступа на Чтение Не-Администраторами - &lt;test&gt;" time="0" status="passed"/>
			<testcase classname="Проверка чтения не-администраторами - &lt;test&gt;" name="РегистрСведений.СписокОрганизацийДляОтчетовУЗ: Проверка доступа на Чтение Не-Администраторами - &lt;test&gt;" time="0.079" status="failure">
				<failure message="[Failed] Ожидали, что проверяемое значение (Ложь) является ИСТИНОЙ.
РегистрСведений.СписокОрганизацийДляОтчетовУЗ недоступно для чтения ролями без привилегий
{ВнешняяОбработка.УтвержденияBDD.МодульОбъекта(293)}:	ВызватьИсключение Префикс + &quot; &quot; + СообщениеОшибки;
{ВнешняяОбработка.УтвержденияBDD.МодульОбъекта(46)}:		ВызватьОшибкуПроверки(СообщениеОшибки);
{ВнешняяОбработка.УтвержденияBDD.МодульОбъекта(53)}:	Возврат ЭтоИстина();
{ВнешняяОбработка.ПроверкаЧтенияНеАдминистраторами.МодульОбъекта(100)}:	Ожидаем.Что(ЧтениеДоступно, ПолноеИмяМетаданного + &quot; недоступно для чтения ролями без привилегий&quot;).ЕстьИстина();
{(1)}:КонтекстВыполнения.Тест_ПроверитьНеАдминистраторскиеПраваНаЧтение(Параметры[0],Параметры[1]);
{ВнешняяОбработка.xddTestRunner.МодульОбъекта(337)}:	Выполнить(ИcполняемыйКод);
{ВнешняяОбработка.xddTestRunner.МодульОбъекта(261)}:			ВыполнитьПроцедуруКонтекста(КонтекстВыполнения, ЭлементДереваТестов.ИмяМетода, ЭлементДереваТестов.Параметры);
{ВнешняяОбработка.xddTestRunner.Форма.УправляемаяФорма.Форма(913)}:	РезультатТестирования = ОбъектНаСервере.ВыполнитьТестовыйМетод(КонтекстВыполнения, ЭлементДереваТестов);
"/>
			</testcase>
			<testcase classname="Проверка чтения не-администраторами - &lt;test&gt;" name="РегистрСведений.ТОРО_ОбъектыИнтегрированныеАСУД: Проверка доступа на Чтение Не-Администраторами - &lt;test&gt;" time="0.016" status="passed"/>
			<testcase classname="Проверка чтения не-администраторами - &lt;test&gt;" name="Справочник.ОтчетКомитентуПрисоединенныеФайлы: Проверка доступа на Чтение Не-Администраторами - &lt;test&gt;" time="0" status="passed"/>
			<testcase classname="Проверка чтения не-администраторами - &lt;test&gt;" name="РегистрСведений.ТрудоваяДеятельностьФизическихЛиц: Проверка доступа на Чтение Не-Администраторами - &lt;test&gt;" time="0.016" status="passed"/>
			<testcase classname="Проверка чтения не-администраторами - &lt;test&gt;" name="Константа.УправлениеТорговлей: Проверка доступа на Чтение Не-Администраторами - &lt;test&gt;" time="0" status="passed"/>
			<testcase classname="Проверка чтения не-администраторами - &lt;test&gt;" name="Константа.УдалитьЛогинДоступаКСервисуMorpher: Проверка доступа на Чтение Не-Администраторами - &lt;test&gt;" time="0" status="passed"/>
			<testcase classname="Проверка чтения не-администраторами - &lt;test&gt;" name="РегистрСведений.ВариантыОбеспеченияРаботами: Проверка доступа на Чтение Не-Администраторами - &lt;test&gt;" time="0" status="passed"/>
			<testcase classname="Проверка чтения не-администраторами - &lt;test&gt;" name="РегистрСведений.РегламентныеЗаданияЗакрытияМесяца: Проверка доступа на Чтение Не-Администраторами - &lt;test&gt;" time="0.062" status="failure">
				<failure message="[Failed] Ожидали, что проверяемое значение (Ложь) является ИСТИНОЙ.
РегистрСведений.РегламентныеЗаданияЗакрытияМесяца недоступно для чтения ролями без привилегий
{ВнешняяОбработка.УтвержденияBDD.МодульОбъекта(293)}:	ВызватьИсключение Префикс + &quot; &quot; + СообщениеОшибки;
{ВнешняяОбработка.УтвержденияBDD.МодульОбъекта(46)}:		ВызватьОшибкуПроверки(СообщениеОшибки);
{ВнешняяОбработка.УтвержденияBDD.МодульОбъекта(53)}:	Возврат ЭтоИстина();
{ВнешняяОбработка.ПроверкаЧтенияНеАдминистраторами.МодульОбъекта(100)}:	Ожидаем.Что(ЧтениеДоступно, ПолноеИмяМетаданного + &quot; недоступно для чтения ролями без привилегий&quot;).ЕстьИстина();
{(1)}:КонтекстВыполнения.Тест_ПроверитьНеАдминистраторскиеПраваНаЧтение(Параметры[0],Параметры[1]);
{ВнешняяОбработка.xddTestRunner.МодульОбъекта(337)}:	Выполнить(ИcполняемыйКод);
{ВнешняяОбработка.xddTestRunner.МодульОбъекта(261)}:			ВыполнитьПроцедуруКонтекста(КонтекстВыполнения, ЭлементДереваТестов.ИмяМетода, ЭлементДереваТестов.Параметры);
{ВнешняяОбработка.xddTestRunner.Форма.УправляемаяФорма.Форма(913)}:	РезультатТестирования = ОбъектНаСервере.ВыполнитьТестовыйМетод(КонтекстВыполнения, ЭлементДереваТестов);
"/>
			</testcase>
			<testcase classname="Проверка чтения не-администраторами - &lt;test&gt;" name="Константа.ИспользоватьДоговорыМеждуОрганизациями: Проверка доступа на Чтение Не-Администраторами - &lt;test&gt;" time="0" status="passed"/>
			<testcase classname="Проверка чтения не-администраторами - &lt;test&gt;" name="Константа.СведенияОБлокируемыхОбъектах: Проверка доступа на Чтение Не-Администраторами - &lt;test&gt;" time="0" status="passed"/>
			<testcase classname="Проверка чтения не-администраторами - &lt;test&gt;" name="Справочник.ПрожиточныеМинимумы: Проверка доступа на Чтение Не-Администраторами - &lt;test&gt;" time="0" status="passed"/>
			<testcase classname="Проверка чтения не-администраторами - &lt;test&gt;" name="РегистрСведений.ОбластиПерсональныхДанных: Проверка доступа на Чтение Не-Администраторами - &lt;test&gt;" time="0.031" status="passed"/>
			<testcase classname="Проверка чтения не-администраторами - &lt;test&gt;" name="Константа.ОграничиватьДоступНаУровнеЗаписейПодразделенияОрганизаций: Проверка доступа на Чтение Не-Администраторами - &lt;test&gt;" time="0.016" status="passed"/>
			<testcase classname="Проверка чтения не-администраторами - &lt;test&gt;" name="РегистрСведений.СтатусыПроверкиИПодбораДокументовМОТП: Проверка доступа на Чтение Не-Администраторами - &lt;test&gt;" time="0" status="passed"/>
			<testcase classname="Проверка чтения не-администраторами - &lt;test&gt;" name="РегистрСведений.ПериодыСтажаПФР: Проверка доступа на Чтение Не-Администраторами - &lt;test&gt;" time="0.016" status="passed"/>
			<testcase classname="Проверка чтения не-администраторами - &lt;test&gt;" name="Справочник.ПретензииКлиентовПрисоединенныеФайлы: Проверка доступа на Чтение Не-Администраторами - &lt;test&gt;" time="0.016" status="passed"/>
			<testcase classname="Проверка чтения не-администраторами - &lt;test&gt;" name="Константа.АдресСервисаФормированияМЧБсPDF417: Проверка доступа на Чтение Не-Администраторами - &lt;test&gt;" time="0" status="passed"/>
			<testcase classname="Проверка чтения не-администраторами - &lt;test&gt;" name="Справочник.ПартииПроизводства: Проверка доступа на Чтение Не-Администраторами - &lt;test&gt;" time="0.015" status="passed"/>
			<testcase classname="Проверка чтения не-администраторами - &lt;test&gt;" name="РегистрНакопления.РасходыПриУСНОСиНМА: Проверка доступа на Чтение Не-Администраторами - &lt;test&gt;" time="0" status="passed"/>
			<testcase classname="Проверка чтения не-администраторами - &lt;test&gt;" name="РегистрНакопления.РасчетыСПоставщиками: Проверка доступа на Чтение Не-Администраторами - &lt;test&gt;" time="0.031" status="passed"/>
			<testcase classname="Проверка чтения не-администраторами - &lt;test&gt;" name="Документ.ПрочееОприходованиеТоваров: Проверка доступа на Чтение Не-Администраторами - &lt;test&gt;" time="0.015" status="passed"/>
			<testcase classname="Проверка чтения не-администраторами - &lt;test&gt;" name="Документ.ПачкаДокументовСЗВ_К: Проверка доступа на Чтение Не-Администраторами - &lt;test&gt;" time="0" status="passed"/>
			<testcase classname="Проверка чтения не-администраторами - &lt;test&gt;" name="РегистрНакопления.ЗаявкиНаВозвратТоваровОтКлиентов: Проверка доступа на Чтение Не-Администраторами - &lt;test&gt;" time="0.016" status="passed"/>
			<testcase classname="Проверка чтения не-администраторами - &lt;test&gt;" name="РегистрСведений.ТОРО_ОчередьОтложенныхЗаданий: Проверка доступа на Чтение Не-Администраторами - &lt;test&gt;" time="0.031" status="passed"/>
			<testcase classname="Проверка чтения не-администраторами - &lt;test&gt;" name="РегистрСведений.УдалитьЗначенияСовокупныхТарифныхСтавокСотрудниковИспр: Проверка доступа на Чтение Не-Администраторами - &lt;test&gt;" time="0.062" status="failure">
				<failure message="[Failed] Ожидали, что проверяемое значение (Ложь) является ИСТИНОЙ.
РегистрСведений.УдалитьЗначенияСовокупныхТарифныхСтавокСотрудниковИспр недоступно для чтения ролями без привилегий
{ВнешняяОбработка.УтвержденияBDD.МодульОбъекта(293)}:	ВызватьИсключение Префикс + &quot; &quot; + СообщениеОшибки;
{ВнешняяОбработка.УтвержденияBDD.МодульОбъекта(46)}:		ВызватьОшибкуПроверки(СообщениеОшибки);
{ВнешняяОбработка.УтвержденияBDD.МодульОбъекта(53)}:	Возврат ЭтоИстина();
{ВнешняяОбработка.ПроверкаЧтенияНеАдминистраторами.МодульОбъекта(100)}:	Ожидаем.Что(ЧтениеДоступно, ПолноеИмяМетаданного + &quot; недоступно для чтения ролями без привилегий&quot;).ЕстьИстина();
{(1)}:КонтекстВыполнения.Тест_ПроверитьНеАдминистраторскиеПраваНаЧтение(Параметры[0],Параметры[1]);
{ВнешняяОбработка.xddTestRunner.МодульОбъекта(337)}:	Выполнить(ИcполняемыйКод);
{ВнешняяОбработка.xddTestRunner.МодульОбъекта(261)}:			ВыполнитьПроцедуруКонтекста(КонтекстВыполнения, ЭлементДереваТестов.ИмяМетода, ЭлементДереваТестов.Параметры);
{ВнешняяОбработка.xddTestRunner.Форма.УправляемаяФорма.Форма(913)}:	РезультатТестирования = ОбъектНаСервере.ВыполнитьТестовыйМетод(КонтекстВыполнения, ЭлементДереваТестов);
"/>
			</testcase>
			<testcase classname="Проверка чтения не-администраторами - &lt;test&gt;" name="Документ.ПриобретениеУслугПоЛизингу: Проверка доступа на Чтение Не-Администраторами - &lt;test&gt;" time="0" status="passed"/>
			<testcase classname="Проверка чтения не-администраторами - &lt;test&gt;" name="Константа.ИспользоватьСертификатыНоменклатуры: Проверка доступа на Чтение Не-Администраторами - &lt;test&gt;" time="0" status="passed"/>
			<testcase classname="Проверка чтения не-администраторами - &lt;test&gt;" name="Константа.ИспользоватьПооперационноеПланирование: Проверка доступа на Чтение Не-Администраторами - &lt;test&gt;" time="0.016" status="passed"/>
			<testcase classname="Проверка чтения не-администраторами - &lt;test&gt;" name="Константа.mdm_НастройкиПараметровИмпортаНСИ: Проверка доступа на Чтение Не-Администраторами - &lt;test&gt;" time="0" status="passed"/>
			<testcase classname="Проверка чтения не-администраторами - &lt;test&gt;" name="РегистрСведений.НачальныеОстаткиОтпусков: Проверка доступа на Чтение Не-Администраторами - &lt;test&gt;" time="0" status="passed"/>
			<testcase classname="Проверка чтения не-администраторами - &lt;test&gt;" name="Справочник.ИнвентаризацияРасчетовПрисоединенныеФайлы: Проверка доступа на Чтение Не-Администраторами - &lt;test&gt;" time="0.016" status="passed"/>
			<testcase classname="Проверка чтения не-администраторами - &lt;test&gt;" name="Справочник.СообщенияОбластейДанных: Проверка доступа на Чтение Не-Администраторами - &lt;test&gt;" time="0.063" status="failure">
				<failure message="[Failed] Ожидали, что проверяемое значение (Ложь) является ИСТИНОЙ.
Справочник.СообщенияОбластейДанных недоступно для чтения ролями без привилегий
{ВнешняяОбработка.УтвержденияBDD.МодульОбъекта(293)}:	ВызватьИсключение Префикс + &quot; &quot; + СообщениеОшибки;
{ВнешняяОбработка.УтвержденияBDD.МодульОбъекта(46)}:		ВызватьОшибкуПроверки(СообщениеОшибки);
{ВнешняяОбработка.УтвержденияBDD.МодульОбъекта(53)}:	Возврат ЭтоИстина();
{ВнешняяОбработка.ПроверкаЧтенияНеАдминистраторами.МодульОбъекта(100)}:	Ожидаем.Что(ЧтениеДоступно, ПолноеИмяМетаданного + &quot; недоступно для чтения ролями без привилегий&quot;).ЕстьИстина();
{(1)}:КонтекстВыполнения.Тест_ПроверитьНеАдминистраторскиеПраваНаЧтение(Параметры[0],Параметры[1]);
{ВнешняяОбработка.xddTestRunner.МодульОбъекта(337)}:	Выполнить(ИcполняемыйКод);
{ВнешняяОбработка.xddTestRunner.МодульОбъекта(261)}:			ВыполнитьПроцедуруКонтекста(КонтекстВыполнения, ЭлементДереваТестов.ИмяМетода, ЭлементДереваТестов.Параметры);
{ВнешняяОбработка.xddTestRunner.Форма.УправляемаяФорма.Форма(913)}:	РезультатТестирования = ОбъектНаСервере.ВыполнитьТестовыйМетод(КонтекстВыполнения, ЭлементДереваТестов);
"/>
			</testcase>
			<testcase classname="Проверка чтения не-администраторами - &lt;test&gt;" name="РегистрСведений.УдалитьСведенияОВремениДляРасчетаСреднегоОбщий: Проверка доступа на Чтение Не-Администраторами - &lt;test&gt;" time="0.078" status="failure">
				<failure message="[Failed] Ожидали, что проверяемое значение (Ложь) является ИСТИНОЙ.
РегистрСведений.УдалитьСведенияОВремениДляРасчетаСреднегоОбщий недоступно для чтения ролями без привилегий
{ВнешняяОбработка.УтвержденияBDD.МодульОбъекта(293)}:	ВызватьИсключение Префикс + &quot; &quot; + СообщениеОшибки;
{ВнешняяОбработка.УтвержденияBDD.МодульОбъекта(46)}:		ВызватьОшибкуПроверки(СообщениеОшибки);
{ВнешняяОбработка.УтвержденияBDD.МодульОбъекта(53)}:	Возврат ЭтоИстина();
{ВнешняяОбработка.ПроверкаЧтенияНеАдминистраторами.МодульОбъекта(100)}:	Ожидаем.Что(ЧтениеДоступно, ПолноеИмяМетаданного + &quot; недоступно для чтения ролями без привилегий&quot;).ЕстьИстина();
{(1)}:КонтекстВыполнения.Тест_ПроверитьНеАдминистраторскиеПраваНаЧтение(Параметры[0],Параметры[1]);
{ВнешняяОбработка.xddTestRunner.МодульОбъекта(337)}:	Выполнить(ИcполняемыйКод);
{ВнешняяОбработка.xddTestRunner.МодульОбъекта(261)}:			ВыполнитьПроцедуруКонтекста(КонтекстВыполнения, ЭлементДереваТестов.ИмяМетода, ЭлементДереваТестов.Параметры);
{ВнешняяОбработка.xddTestRunner.Форма.УправляемаяФорма.Форма(913)}:	РезультатТестирования = ОбъектНаСервере.ВыполнитьТестовыйМетод(КонтекстВыполнения, ЭлементДереваТестов);
"/>
			</testcase>
			<testcase classname="Проверка чтения не-администраторами - &lt;test&gt;" name="РегистрНакопления.НДСЗаписиКнигиПокупок: Проверка доступа на Чтение Не-Администраторами - &lt;test&gt;" time="0" status="passed"/>
			<testcase classname="Проверка чтения не-администраторами - &lt;test&gt;" name="Справочник.ВидыПланов: Проверка доступа на Чтение Не-Администраторами - &lt;test&gt;" time="0.015" status="passed"/>
			<testcase classname="Проверка чтения не-администраторами - &lt;test&gt;" name="РегистрСведений.УспешныеОбменыССайтом: Проверка доступа на Чтение Не-Администраторами - &lt;test&gt;" time="0" status="passed"/>
			<testcase classname="Проверка чтения не-администраторами - &lt;test&gt;" name="Справочник.ВопросыШаблонаАнкеты: Проверка доступа на Чтение Не-Администраторами - &lt;test&gt;" time="0.016" status="passed"/>
			<testcase classname="Проверка чтения не-администраторами - &lt;test&gt;" name="Документ.ПоступлениеТоваровНаСклад: Проверка доступа на Чтение Не-Администраторами - &lt;test&gt;" time="0.016" status="passed"/>
			<testcase classname="Проверка чтения не-администраторами - &lt;test&gt;" name="РегистрСведений.ТОРО_СостоянияДокументов: Проверка доступа на Чтение Не-Администраторами - &lt;test&gt;" time="0.016" status="passed"/>
			<testcase classname="Проверка чтения не-администраторами - &lt;test&gt;" name="РегистрСведений.УдалитьИсторияИспользованияДолжностей: Проверка доступа на Чтение Не-Администраторами - &lt;test&gt;" time="0.063" status="failure">
				<failure message="[Failed] Ожидали, что проверяемое значение (Ложь) является ИСТИНОЙ.
РегистрСведений.УдалитьИсторияИспользованияДолжностей недоступно для чтения ролями без привилегий
{ВнешняяОбработка.УтвержденияBDD.МодульОбъекта(293)}:	ВызватьИсключение Префикс + &quot; &quot; + СообщениеОшибки;
{ВнешняяОбработка.УтвержденияBDD.МодульОбъекта(46)}:		ВызватьОшибкуПроверки(СообщениеОшибки);
{ВнешняяОбработка.УтвержденияBDD.МодульОбъекта(53)}:	Возврат ЭтоИстина();
{ВнешняяОбработка.ПроверкаЧтенияНеАдминистраторами.МодульОбъекта(100)}:	Ожидаем.Что(ЧтениеДоступно, ПолноеИмяМетаданного + &quot; недоступно для чтения ролями без привилегий&quot;).ЕстьИстина();
{(1)}:КонтекстВыполнения.Тест_ПроверитьНеАдминистраторскиеПраваНаЧтение(Параметры[0],Параметры[1]);
{ВнешняяОбработка.xddTestRunner.МодульОбъекта(337)}:	Выполнить(ИcполняемыйКод);
{ВнешняяОбработка.xddTestRunner.МодульОбъекта(261)}:			ВыполнитьПроцедуруКонтекста(КонтекстВыполнения, ЭлементДереваТестов.ИмяМетода, ЭлементДереваТестов.Параметры);
{ВнешняяОбработка.xddTestRunner.Форма.УправляемаяФорма.Форма(913)}:	РезультатТестирования = ОбъектНаСервере.ВыполнитьТестовыйМетод(КонтекстВыполнения, ЭлементДереваТестов);
"/>
			</testcase>
			<testcase classname="Проверка чтения не-администраторами - &lt;test&gt;" name="Константа.ХранитьФайлыВТомахНаДиске: Проверка доступа на Чтение Не-Администраторами - &lt;test&gt;" time="0" status="passed"/>
			<testcase classname="Проверка чтения не-администраторами - &lt;test&gt;" name="РегистрСведений.СостоянияОбменовДаннымиОбластейДанных: Проверка доступа на Чтение Не-Администраторами - &lt;test&gt;" time="0.063" status="failure">
				<failure message="[Failed] Ожидали, что проверяемое значение (Ложь) является ИСТИНОЙ.
РегистрСведений.СостоянияОбменовДаннымиОбластейДанных недоступно для чтения ролями без привилегий
{ВнешняяОбработка.УтвержденияBDD.МодульОбъекта(293)}:	ВызватьИсключение Префикс + &quot; &quot; + СообщениеОшибки;
{ВнешняяОбработка.УтвержденияBDD.МодульОбъекта(46)}:		ВызватьОшибкуПроверки(СообщениеОшибки);
{ВнешняяОбработка.УтвержденияBDD.МодульОбъекта(53)}:	Возврат ЭтоИстина();
{ВнешняяОбработка.ПроверкаЧтенияНеАдминистраторами.МодульОбъекта(100)}:	Ожидаем.Что(ЧтениеДоступно, ПолноеИмяМетаданного + &quot; недоступно для чтения ролями без привилегий&quot;).ЕстьИстина();
{(1)}:КонтекстВыполнения.Тест_ПроверитьНеАдминистраторскиеПраваНаЧтение(Параметры[0],Параметры[1]);
{ВнешняяОбработка.xddTestRunner.МодульОбъекта(337)}:	Выполнить(ИcполняемыйКод);
{ВнешняяОбработка.xddTestRunner.МодульОбъекта(261)}:			ВыполнитьПроцедуруКонтекста(КонтекстВыполнения, ЭлементДереваТестов.ИмяМетода, ЭлементДереваТестов.Параметры);
{ВнешняяОбработка.xddTestRunner.Форма.УправляемаяФорма.Форма(913)}:	РезультатТестирования = ОбъектНаСервере.ВыполнитьТестовыйМетод(КонтекстВыполнения, ЭлементДереваТестов);
"/>
			</testcase>
			<testcase classname="Проверка чтения не-администраторами - &lt;test&gt;" name="РегистрСведений.МестаВыплатыЗарплатыОрганизаций: Проверка доступа на Чтение Не-Администраторами - &lt;test&gt;" time="0" status="passed"/>
			<testcase classname="Проверка чтения не-администраторами - &lt;test&gt;" name="Документ.ПриобретениеУслугПрочихАктивов: Проверка доступа на Чтение Не-Администраторами - &lt;test&gt;" time="0.016" status="passed"/>
			<testcase classname="Проверка чтения не-администраторами - &lt;test&gt;" name="Документ.ПереоценкаОС: Проверка доступа на Чтение Не-Администраторами - &lt;test&gt;" time="0.016" status="passed"/>
			<testcase classname="Проверка чтения не-администраторами - &lt;test&gt;" name="Константа.ИспользоватьЗаданияДляУправленияТорговымиПредставителями: Проверка доступа на Чтение Не-Администраторами - &lt;test&gt;" time="0" status="passed"/>
			<testcase classname="Проверка чтения не-администраторами - &lt;test&gt;" name="Документ.ПеремещениеНМА2_4: Проверка доступа на Чтение Не-Администраторами - &lt;test&gt;" time="0" status="passed"/>
			<testcase classname="Проверка чтения не-администраторами - &lt;test&gt;" name="Справочник.КоллекцииНоменклатуры: Проверка доступа на Чтение Не-Администраторами - &lt;test&gt;" time="0.015" status="passed"/>
			<testcase classname="Проверка чтения не-администраторами - &lt;test&gt;" name="Константа.АктуализироватьВзаиморасчетыПриФормированииОтчетов: Проверка доступа на Чтение Не-Администраторами - &lt;test&gt;" time="0" status="passed"/>
			<testcase classname="Проверка чтения не-администраторами - &lt;test&gt;" name="Константа.ВестиУчетПлатежейВПлатон: Проверка доступа на Чтение Не-Администраторами - &lt;test&gt;" time="0" status="passed"/>
			<testcase classname="Проверка чтения не-администраторами - &lt;test&gt;" name="Документ.УстановкаЦенНоменклатуры: Проверка доступа на Чтение Не-Администраторами - &lt;test&gt;" time="0.016" status="passed"/>
			<testcase classname="Проверка чтения не-администраторами - &lt;test&gt;" name="РегистрНакопления.ПрочиеРасходыНезавершенногоПроизводства: Проверка доступа на Чтение Не-Администраторами - &lt;test&gt;" time="0.032" status="passed"/>
			<testcase classname="Проверка чтения не-администраторами - &lt;test&gt;" name="Константа.НеПечататьФискальныйЧекПриОтправкеЭлектронногоЧекаПокупателю: Проверка доступа на Чтение Не-Администраторами - &lt;test&gt;" time="0" status="passed"/>
			<testcase classname="Проверка чтения не-администраторами - &lt;test&gt;" name="Документ.ВводОстатковВнеоборотныхАктивов: Проверка доступа на Чтение Не-Администраторами - &lt;test&gt;" time="0" status="passed"/>
			<testcase classname="Проверка чтения не-администраторами - &lt;test&gt;" name="РегистрСведений.СправкиНДФЛДляИФНССведенияОВычетах: Проверка доступа на Чтение Не-Администраторами - &lt;test&gt;" time="0.063" status="failure">
				<failure message="[Failed] Ожидали, что проверяемое значение (Ложь) является ИСТИНОЙ.
РегистрСведений.СправкиНДФЛДляИФНССведенияОВычетах недоступно для чтения ролями без привилегий
{ВнешняяОбработка.УтвержденияBDD.МодульОбъекта(293)}:	ВызватьИсключение Префикс + &quot; &quot; + СообщениеОшибки;
{ВнешняяОбработка.УтвержденияBDD.МодульОбъекта(46)}:		ВызватьОшибкуПроверки(СообщениеОшибки);
{ВнешняяОбработка.УтвержденияBDD.МодульОбъекта(53)}:	Возврат ЭтоИстина();
{ВнешняяОбработка.ПроверкаЧтенияНеАдминистраторами.МодульОбъекта(100)}:	Ожидаем.Что(ЧтениеДоступно, ПолноеИмяМетаданного + &quot; недоступно для чтения ролями без привилегий&quot;).ЕстьИстина();
{(1)}:КонтекстВыполнения.Тест_ПроверитьНеАдминистраторскиеПраваНаЧтение(Параметры[0],Параметры[1]);
{ВнешняяОбработка.xddTestRunner.МодульОбъекта(337)}:	Выполнить(ИcполняемыйКод);
{ВнешняяОбработка.xddTestRunner.МодульОбъекта(261)}:			ВыполнитьПроцедуруКонтекста(КонтекстВыполнения, ЭлементДереваТестов.ИмяМетода, ЭлементДереваТестов.Параметры);
{ВнешняяОбработка.xddTestRunner.Форма.УправляемаяФорма.Форма(913)}:	РезультатТестирования = ОбъектНаСервере.ВыполнитьТестовыйМетод(КонтекстВыполнения, ЭлементДереваТестов);
"/>
			</testcase>
			<testcase classname="Проверка чтения не-администраторами - &lt;test&gt;" name="РегистрСведений.ТОРО_СценарныеУсловия: Проверка доступа на Чтение Не-Администраторами - &lt;test&gt;" time="0.015" status="passed"/>
			<testcase classname="Проверка чтения не-администраторами - &lt;test&gt;" name="Справочник.КлассификаторПродукцииПоВидамДеятельности: Проверка доступа на Чтение Не-Администраторами - &lt;test&gt;" time="0.016" status="passed"/>
			<testcase classname="Проверка чтения не-администраторами - &lt;test&gt;" name="Документ.ВозвратИзРегистра2ЕГАИС: Проверка доступа на Чтение Не-Администраторами - &lt;test&gt;" time="0" status="passed"/>
			<testcase classname="Проверка чтения не-администраторами - &lt;test&gt;" name="Константа.ИспользоватьТиповыеСоглашенияСКлиентами: Проверка доступа на Чтение Не-Администраторами - &lt;test&gt;" time="0" status="passed"/>
			<testcase classname="Проверка чтения не-администраторами - &lt;test&gt;" name="РегистрНакопления.ДниЧасыОтгулов: Проверка доступа на Чтение Не-Администраторами - &lt;test&gt;" time="0" status="passed"/>
			<testcase classname="Проверка чтения не-администраторами - &lt;test&gt;" name="РегистрСведений.СостоянияЗаказовНаПроизводство: Проверка доступа на Чтение Не-Администраторами - &lt;test&gt;" time="0.031" status="passed"/>
			<testcase classname="Проверка чтения не-администраторами - &lt;test&gt;" name="Справочник.НачислениеСписаниеРезервовПоСомнительнымДолгамПрисоединенныеФайлы: Проверка доступа на Чтение Не-Администраторами - &lt;test&gt;" time="0.016" status="passed"/>
			<testcase classname="Проверка чтения не-администраторами - &lt;test&gt;" name="Справочник.СведенияОЗастрахованныхЛицахСЗВ_МПрисоединенныеФайлы: Проверка доступа на Чтение Не-Администраторами - &lt;test&gt;" time="0" status="passed"/>
			<testcase classname="Проверка чтения не-администраторами - &lt;test&gt;" name="Справочник.ВыкупВозвратнойТарыКлиентомПрисоединенныеФайлы: Проверка доступа на Чтение Не-Администраторами - &lt;test&gt;" time="0.015" status="passed"/>
			<testcase classname="Проверка чтения не-администраторами - &lt;test&gt;" name="РегистрСведений.ПользователиИНастройкиДоступа: Проверка доступа на Чтение Не-Администраторами - &lt;test&gt;" time="0.016" status="passed"/>
			<testcase classname="Проверка чтения не-администраторами - &lt;test&gt;" name="Справочник.ТОРО_ПланВоздействийПрисоединенныеФайлы: Проверка доступа на Чтение Не-Администраторами - &lt;test&gt;" time="0.016" status="passed"/>
			<testcase classname="Проверка чтения не-администраторами - &lt;test&gt;" name="Документ.ТОРО_ПредписаниеНадзорногоОргана: Проверка доступа на Чтение Не-Администраторами - &lt;test&gt;" time="0.015" status="passed"/>
			<testcase classname="Проверка чтения не-администраторами - &lt;test&gt;" name="РегистрСведений.НаработкиТМЦВЭксплуатации: Проверка доступа на Чтение Не-Администраторами - &lt;test&gt;" time="0.031" status="passed"/>
			<testcase classname="Проверка чтения не-администраторами - &lt;test&gt;" name="Справочник.РемонтныеМероприятия: Проверка доступа на Чтение Не-Администраторами - &lt;test&gt;" time="0" status="passed"/>
			<testcase classname="Проверка чтения не-администраторами - &lt;test&gt;" name="Справочник.ТОРО_ВыполнениеРаботПоТПиРПрисоединенныеФайлы: Проверка доступа на Чтение Не-Администраторами - &lt;test&gt;" time="0.016" status="passed"/>
			<testcase classname="Проверка чтения не-администраторами - &lt;test&gt;" name="Справочник.ВидыКонтактнойИнформации: Проверка доступа на Чтение Не-Администраторами - &lt;test&gt;" time="0" status="passed"/>
			<testcase classname="Проверка чтения не-администраторами - &lt;test&gt;" name="Документ.КорректировкаНалогообложенияНДСПартийТоваров: Проверка доступа на Чтение Не-Администраторами - &lt;test&gt;" time="0.016" status="passed"/>
			<testcase classname="Проверка чтения не-администраторами - &lt;test&gt;" name="Документ.ОрдерНаПеремещениеТоваров: Проверка доступа на Чтение Не-Администраторами - &lt;test&gt;" time="0" status="passed"/>
			<testcase classname="Проверка чтения не-администраторами - &lt;test&gt;" name="РегистрНакопления.РасчетыСПоставщикамиПоСрокам: Проверка доступа на Чтение Не-Администраторами - &lt;test&gt;" time="0.015" status="passed"/>
			<testcase classname="Проверка чтения не-администраторами - &lt;test&gt;" name="Справочник.СправкиФизическихЛиц: Проверка доступа на Чтение Не-Администраторами - &lt;test&gt;" time="0.016" status="passed"/>
			<testcase classname="Проверка чтения не-администраторами - &lt;test&gt;" name="Справочник.ТОРО_ХранилищеШаблоновОповещений: Проверка доступа на Чтение Не-Администраторами - &lt;test&gt;" time="0.031" status="passed"/>
			<testcase classname="Проверка чтения не-администраторами - &lt;test&gt;" name="РегистрСведений.ВременныеИдентификаторыЗапросов: Проверка доступа на Чтение Не-Администраторами - &lt;test&gt;" time="0.031" status="passed"/>
			<testcase classname="Проверка чтения не-администраторами - &lt;test&gt;" name="Константа.ФормироватьУправленческийБаланс: Проверка доступа на Чтение Не-Администраторами - &lt;test&gt;" time="0" status="passed"/>
			<testcase classname="Проверка чтения не-администраторами - &lt;test&gt;" name="Документ.РаспределениеПроизводственныхЗатрат: Проверка доступа на Чтение Не-Администраторами - &lt;test&gt;" time="0.016" status="passed"/>
			<testcase classname="Проверка чтения не-администраторами - &lt;test&gt;" name="Справочник.НалоговыеОрганы: Проверка доступа на Чтение Не-Администраторами - &lt;test&gt;" time="0.015" status="passed"/>
			<testcase classname="Проверка чтения не-администраторами - &lt;test&gt;" name="РегистрСведений.РегистрацииВНалоговомОргане: Проверка доступа на Чтение Не-Администраторами - &lt;test&gt;" time="0.015" status="passed"/>
			<testcase classname="Проверка чтения не-администраторами - &lt;test&gt;" name="Справочник.ОтчетКомиссионераОСписанииПрисоединенныеФайлы: Проверка доступа на Чтение Не-Администраторами - &lt;test&gt;" time="0.016" status="passed"/>
			<testcase classname="Проверка чтения не-администраторами - &lt;test&gt;" name="Справочник.ПланЗакупокПрисоединенныеФайлы: Проверка доступа на Чтение Не-Администраторами - &lt;test&gt;" time="0.016" status="passed"/>
			<testcase classname="Проверка чтения не-администраторами - &lt;test&gt;" name="РегистрНакопления.ТоварыПолученныеОтПереработчика: Проверка доступа на Чтение Не-Администраторами - &lt;test&gt;" time="0.031" status="passed"/>
			<testcase classname="Проверка чтения не-администраторами - &lt;test&gt;" name="Справочник.Календари: Проверка доступа на Чтение Не-Администраторами - &lt;test&gt;" time="0" status="passed"/>
			<testcase classname="Проверка чтения не-администраторами - &lt;test&gt;" name="Справочник.ЗамещениеГосударственныхМуниципальныхДолжностейПФР: Проверка доступа на Чтение Не-Администраторами - &lt;test&gt;" time="0" status="passed"/>
			<testcase classname="Проверка чтения не-администраторами - &lt;test&gt;" name="Документ.ИзменениеСостоянияОС: Проверка доступа на Чтение Не-Администраторами - &lt;test&gt;" time="0.015" status="passed"/>
			<testcase classname="Проверка чтения не-администраторами - &lt;test&gt;" name="Справочник.ПереводНаОплатуПоСреднемуЗаработкуПрисоединенныеФайлы: Проверка доступа на Чтение Не-Администраторами - &lt;test&gt;" time="0" status="passed"/>
			<testcase classname="Проверка чтения не-администраторами - &lt;test&gt;" name="РегистрСведений.ТоварныеОграничения: Проверка доступа на Чтение Не-Администраторами - &lt;test&gt;" time="0" status="passed"/>
			<testcase classname="Проверка чтения не-администраторами - &lt;test&gt;" name="РегистрСведений.ТОРО_ФормированиеПланаПоставкиПоНазначениям: Проверка доступа на Чтение Не-Администраторами - &lt;test&gt;" time="0.016" status="passed"/>
			<testcase classname="Проверка чтения не-администраторами - &lt;test&gt;" name="Справочник.СчетФактураВыданныйПрисоединенныеФайлы: Проверка доступа на Чтение Не-Администраторами - &lt;test&gt;" time="0" status="passed"/>
			<testcase classname="Проверка чтения не-администраторами - &lt;test&gt;" name="Константа.ИспользоватьОтгрузкуБезПереходаПраваСобственности: Проверка доступа на Чтение Не-Администраторами - &lt;test&gt;" time="0" status="passed"/>
			<testcase classname="Проверка чтения не-администраторами - &lt;test&gt;" name="Справочник.ДополнительныеОбработчикиОчередиЗаданий: Проверка доступа на Чтение Не-Администраторами - &lt;test&gt;" time="0.032" status="passed"/>
			<testcase classname="Проверка чтения не-администраторами - &lt;test&gt;" name="Документ.КассоваяСмена: Проверка доступа на Чтение Не-Администраторами - &lt;test&gt;" time="0.016" status="passed"/>
			<testcase classname="Проверка чтения не-администраторами - &lt;test&gt;" name="Справочник.ОплатаПоСреднемуЗаработкуПрисоединенныеФайлы: Проверка доступа на Чтение Не-Администраторами - &lt;test&gt;" time="0" status="passed"/>
			<testcase classname="Проверка чтения не-администраторами - &lt;test&gt;" name="РегистрСведений.ПервоначальныеСведенияНМАНалоговыйУчет: Проверка доступа на Чтение Не-Администраторами - &lt;test&gt;" time="0.031" status="passed"/>
			<testcase classname="Проверка чтения не-администраторами - &lt;test&gt;" name="РегистрСведений.ЗаданияКОтражениюЭкземпляровБюджета: Проверка доступа на Чтение Не-Администраторами - &lt;test&gt;" time="0.062" status="failure">
				<failure message="[Failed] Ожидали, что проверяемое значение (Ложь) является ИСТИНОЙ.
РегистрСведений.ЗаданияКОтражениюЭкземпляровБюджета недоступно для чтения ролями без привилегий
{ВнешняяОбработка.УтвержденияBDD.МодульОбъекта(293)}:	ВызватьИсключение Префикс + &quot; &quot; + СообщениеОшибки;
{ВнешняяОбработка.УтвержденияBDD.МодульОбъекта(46)}:		ВызватьОшибкуПроверки(СообщениеОшибки);
{ВнешняяОбработка.УтвержденияBDD.МодульОбъекта(53)}:	Возврат ЭтоИстина();
{ВнешняяОбработка.ПроверкаЧтенияНеАдминистраторами.МодульОбъекта(100)}:	Ожидаем.Что(ЧтениеДоступно, ПолноеИмяМетаданного + &quot; недоступно для чтения ролями без привилегий&quot;).ЕстьИстина();
{(1)}:КонтекстВыполнения.Тест_ПроверитьНеАдминистраторскиеПраваНаЧтение(Параметры[0],Параметры[1]);
{ВнешняяОбработка.xddTestRunner.МодульОбъекта(337)}:	Выполнить(ИcполняемыйКод);
{ВнешняяОбработка.xddTestRunner.МодульОбъекта(261)}:			ВыполнитьПроцедуруКонтекста(КонтекстВыполнения, ЭлементДереваТестов.ИмяМетода, ЭлементДереваТестов.Параметры);
{ВнешняяОбработка.xddTestRunner.Форма.УправляемаяФорма.Форма(913)}:	РезультатТестирования = ОбъектНаСервере.ВыполнитьТестовыйМетод(КонтекстВыполнения, ЭлементДереваТестов);
"/>
			</testcase>
			<testcase classname="Проверка чтения не-администраторами - &lt;test&gt;" name="РегистрСведений.ТОРО_СобытияОповещений: Проверка доступа на Чтение Не-Администраторами - &lt;test&gt;" time="0.016" status="passed"/>
			<testcase classname="Проверка чтения не-администраторами - &lt;test&gt;" name="РегистрСведений.РасписаниеРаботыРабочихЦентров: Проверка доступа на Чтение Не-Администраторами - &lt;test&gt;" time="0.015" status="passed"/>
			<testcase classname="Проверка чтения не-администраторами - &lt;test&gt;" name="РегистрСведений.ТОРО_МоментыВыполненияАвтоматическогоФайловогоОбмена: Проверка доступа на Чтение Не-Администраторами - &lt;test&gt;" time="0.016" status="passed"/>
			<testcase classname="Проверка чтения не-администраторами - &lt;test&gt;" name="Документ.ДопЛистКнигиПокупокДляПередачиВЭлектронномВиде: Проверка доступа на Чтение Не-Администраторами - &lt;test&gt;" time="0" status="passed"/>
			<testcase classname="Проверка чтения не-администраторами - &lt;test&gt;" name="РегистрСведений.ТЦОшибки: Проверка доступа на Чтение Не-Администраторами - &lt;test&gt;" time="0.016" status="passed"/>
			<testcase classname="Проверка чтения не-администраторами - &lt;test&gt;" name="РегистрСведений.ИсточникиПервичногоИнтереса: Проверка доступа на Чтение Не-Администраторами - &lt;test&gt;" time="0.015" status="passed"/>
			<testcase classname="Проверка чтения не-администраторами - &lt;test&gt;" name="РегистрСведений.СтавкиНалогаНаИмущество: Проверка доступа на Чтение Не-Администраторами - &lt;test&gt;" time="0.015" status="passed"/>
			<testcase classname="Проверка чтения не-администраторами - &lt;test&gt;" name="Справочник.УдалитьСерверыДокументооборота: Проверка доступа на Чтение Не-Администраторами - &lt;test&gt;" time="0.062" status="failure">
				<failure message="[Failed] Ожидали, что проверяемое значение (Ложь) является ИСТИНОЙ.
Справочник.УдалитьСерверыДокументооборота недоступно для чтения ролями без привилегий
{ВнешняяОбработка.УтвержденияBDD.МодульОбъекта(293)}:	ВызватьИсключение Префикс + &quot; &quot; + СообщениеОшибки;
{ВнешняяОбработка.УтвержденияBDD.МодульОбъекта(46)}:		ВызватьОшибкуПроверки(СообщениеОшибки);
{ВнешняяОбработка.УтвержденияBDD.МодульОбъекта(53)}:	Возврат ЭтоИстина();
{ВнешняяОбработка.ПроверкаЧтенияНеАдминистраторами.МодульОбъекта(100)}:	Ожидаем.Что(ЧтениеДоступно, ПолноеИмяМетаданного + &quot; недоступно для чтения ролями без привилегий&quot;).ЕстьИстина();
{(1)}:КонтекстВыполнения.Тест_ПроверитьНеАдминистраторскиеПраваНаЧтение(Параметры[0],Параметры[1]);
{ВнешняяОбработка.xddTestRunner.МодульОбъекта(337)}:	Выполнить(ИcполняемыйКод);
{ВнешняяОбработка.xddTestRunner.МодульОбъекта(261)}:			ВыполнитьПроцедуруКонтекста(КонтекстВыполнения, ЭлементДереваТестов.ИмяМетода, ЭлементДереваТестов.Параметры);
{ВнешняяОбработка.xddTestRunner.Форма.УправляемаяФорма.Форма(913)}:	РезультатТестирования = ОбъектНаСервере.ВыполнитьТестовыйМетод(КонтекстВыполнения, ЭлементДереваТестов);
"/>
			</testcase>
			<testcase classname="Проверка чтения не-администраторами - &lt;test&gt;" name="РегистрСведений.УдалитьНастройкиВерсионированияОбъектов: Проверка доступа на Чтение Не-Администраторами - &lt;test&gt;" time="0.063" status="failure">
				<failure message="[Failed] Ожидали, что проверяемое значение (Ложь) является ИСТИНОЙ.
РегистрСведений.УдалитьНастройкиВерсионированияОбъектов недоступно для чтения ролями без привилегий
{ВнешняяОбработка.УтвержденияBDD.МодульОбъекта(293)}:	ВызватьИсключение Префикс + &quot; &quot; + СообщениеОшибки;
{ВнешняяОбработка.УтвержденияBDD.МодульОбъекта(46)}:		ВызватьОшибкуПроверки(СообщениеОшибки);
{ВнешняяОбработка.УтвержденияBDD.МодульОбъекта(53)}:	Возврат ЭтоИстина();
{ВнешняяОбработка.ПроверкаЧтенияНеАдминистраторами.МодульОбъекта(100)}:	Ожидаем.Что(ЧтениеДоступно, ПолноеИмяМетаданного + &quot; недоступно для чтения ролями без привилегий&quot;).ЕстьИстина();
{(1)}:КонтекстВыполнения.Тест_ПроверитьНеАдминистраторскиеПраваНаЧтение(Параметры[0],Параметры[1]);
{ВнешняяОбработка.xddTestRunner.МодульОбъекта(337)}:	Выполнить(ИcполняемыйКод);
{ВнешняяОбработка.xddTestRunner.МодульОбъекта(261)}:			ВыполнитьПроцедуруКонтекста(КонтекстВыполнения, ЭлементДереваТестов.ИмяМетода, ЭлементДереваТестов.Параметры);
{ВнешняяОбработка.xddTestRunner.Форма.УправляемаяФорма.Форма(913)}:	РезультатТестирования = ОбъектНаСервере.ВыполнитьТестовыйМетод(КонтекстВыполнения, ЭлементДереваТестов);
"/>
			</testcase>
			<testcase classname="Проверка чтения не-администраторами - &lt;test&gt;" name="Документ.НазначениеОпросов: Проверка доступа на Чтение Не-Администраторами - &lt;test&gt;" time="0" status="passed"/>
			<testcase classname="Проверка чтения не-администраторами - &lt;test&gt;" name="РегистрСведений.МестонахождениеОСБухгалтерскийУчет: Проверка доступа на Чтение Не-Администраторами - &lt;test&gt;" time="0" status="passed"/>
			<testcase classname="Проверка чтения не-администраторами - &lt;test&gt;" name="Справочник.ТОРО_ВидыПериодичностиВоздействий: Проверка доступа на Чтение Не-Администраторами - &lt;test&gt;" time="0.015" status="passed"/>
			<testcase classname="Проверка чтения не-администраторами - &lt;test&gt;" name="Константа.ИспользоватьУправлениеКоллекциями: Проверка доступа на Чтение Не-Администраторами - &lt;test&gt;" time="0.016" status="passed"/>
			<testcase classname="Проверка чтения не-администраторами - &lt;test&gt;" name="Константа.ИспользоватьВерсионированиеОбъектов: Проверка доступа на Чтение Не-Администраторами - &lt;test&gt;" time="0" status="passed"/>
			<testcase classname="Проверка чтения не-администраторами - &lt;test&gt;" name="РегистрСведений.ДанныеСостоянийСотрудниковИспр: Проверка доступа на Чтение Не-Администраторами - &lt;test&gt;" time="0.063" status="failure">
				<failure message="[Failed] Ожидали, что проверяемое значение (Ложь) является ИСТИНОЙ.
РегистрСведений.ДанныеСостоянийСотрудниковИспр недоступно для чтения ролями без привилегий
{ВнешняяОбработка.УтвержденияBDD.МодульОбъекта(293)}:	ВызватьИсключение Префикс + &quot; &quot; + СообщениеОшибки;
{ВнешняяОбработка.УтвержденияBDD.МодульОбъекта(46)}:		ВызватьОшибкуПроверки(СообщениеОшибки);
{ВнешняяОбработка.УтвержденияBDD.МодульОбъекта(53)}:	Возврат ЭтоИстина();
{ВнешняяОбработка.ПроверкаЧтенияНеАдминистраторами.МодульОбъекта(100)}:	Ожидаем.Что(ЧтениеДоступно, ПолноеИмяМетаданного + &quot; недоступно для чтения ролями без привилегий&quot;).ЕстьИстина();
{(1)}:КонтекстВыполнения.Тест_ПроверитьНеАдминистраторскиеПраваНаЧтение(Параметры[0],Параметры[1]);
{ВнешняяОбработка.xddTestRunner.МодульОбъекта(337)}:	Выполнить(ИcполняемыйКод);
{ВнешняяОбработка.xddTestRunner.МодульОбъекта(261)}:			ВыполнитьПроцедуруКонтекста(КонтекстВыполнения, ЭлементДереваТестов.ИмяМетода, ЭлементДереваТестов.Параметры);
{ВнешняяОбработка.xddTestRunner.Форма.УправляемаяФорма.Форма(913)}:	РезультатТестирования = ОбъектНаСервере.ВыполнитьТестовыйМетод(КонтекстВыполнения, ЭлементДереваТестов);
"/>
			</testcase>
			<testcase classname="Проверка чтения не-администраторами - &lt;test&gt;" name="Документ.РаспоряжениеНаПеремещениеДенежныхСредств: Проверка доступа на Чтение Не-Администраторами - &lt;test&gt;" time="0.016" status="passed"/>
			<testcase classname="Проверка чтения не-администраторами - &lt;test&gt;" name="ПланВидовХарактеристик.ВопросыДляАнкетирования: Проверка доступа на Чтение Не-Администраторами - &lt;test&gt;" time="0.016" status="passed"/>
			<testcase classname="Проверка чтения не-администраторами - &lt;test&gt;" name="Константа.ИспользоватьАмортизациюБухгалтерскогоУчетаВУправленческомУчете: Проверка доступа на Чтение Не-Администраторами - &lt;test&gt;" time="0.016" status="passed"/>
			<testcase classname="Проверка чтения не-администраторами - &lt;test&gt;" name="Справочник.ПередачаСырьяПереработчикуПрисоединенныеФайлы: Проверка доступа на Чтение Не-Администраторами - &lt;test&gt;" time="0" status="passed"/>
			<testcase classname="Проверка чтения не-администраторами - &lt;test&gt;" name="Справочник.НачислениеСписаниеРезервовПредстоящихРасходовПрисоединенныеФайлы: Проверка доступа на Чтение Не-Администраторами - &lt;test&gt;" time="0" status="passed"/>
			<testcase classname="Проверка чтения не-администраторами - &lt;test&gt;" name="Константа.ИспользоватьОтветственноеХранениеВПроцессеЗакупки: Проверка доступа на Чтение Не-Администраторами - &lt;test&gt;" time="0" status="passed"/>
			<testcase classname="Проверка чтения не-администраторами - &lt;test&gt;" name="Справочник.ТОРО_КодыПричинОтсутствия: Проверка доступа на Чтение Не-Администраторами - &lt;test&gt;" time="0.015" status="passed"/>
			<testcase classname="Проверка чтения не-администраторами - &lt;test&gt;" name="Справочник.ТЦКлиенты: Проверка доступа на Чтение Не-Администраторами - &lt;test&gt;" time="0.015" status="passed"/>
			<testcase classname="Проверка чтения не-администраторами - &lt;test&gt;" name="Документ.СведенияОЗаработкеСтажеЗастрахованныхЛицСЗВ_ИСХ: Проверка доступа на Чтение Не-Администраторами - &lt;test&gt;" time="0.016" status="passed"/>
			<testcase classname="Проверка чтения не-администраторами - &lt;test&gt;" name="Справочник.СчетФактураПолученныйАвансПрисоединенныеФайлы: Проверка доступа на Чтение Не-Администраторами - &lt;test&gt;" time="0" status="passed"/>
			<testcase classname="Проверка чтения не-администраторами - &lt;test&gt;" name="Константа.УчитыватьПравилаВнутреннегоТовародвиженияПриXYZКлассификацииНоменклатуры: Проверка доступа на Чтение Не-Администраторами - &lt;test&gt;" time="0.016" status="passed"/>
			<testcase classname="Проверка чтения не-администраторами - &lt;test&gt;" name="РегистрСведений.ОтборыПоЛентамНовостейПользовательские: Проверка доступа на Чтение Не-Администраторами - &lt;test&gt;" time="0.015" status="passed"/>
			<testcase classname="Проверка чтения не-администраторами - &lt;test&gt;" name="Константа.ФормироватьВидыЗапасовПоГруппамФинансовогоУчета: Проверка доступа на Чтение Не-Администраторами - &lt;test&gt;" time="0.016" status="passed"/>
			<testcase classname="Проверка чтения не-администраторами - &lt;test&gt;" name="Справочник.ДоговорЗаймаСотрудникуПрисоединенныеФайлы: Проверка доступа на Чтение Не-Администраторами - &lt;test&gt;" time="0" status="passed"/>
			<testcase classname="Проверка чтения не-администраторами - &lt;test&gt;" name="РегистрСведений.ИсторияПодарочныхСертификатов: Проверка доступа на Чтение Не-Администраторами - &lt;test&gt;" time="0.031" status="passed"/>
			<testcase classname="Проверка чтения не-администраторами - &lt;test&gt;" name="РегистрСведений.СостоянияПапокПисем: Проверка доступа на Чтение Не-Администраторами - &lt;test&gt;" time="0" status="passed"/>
			<testcase classname="Проверка чтения не-администраторами - &lt;test&gt;" name="Константа.ИспользоватьНачислениеЗарплаты: Проверка доступа на Чтение Не-Администраторами - &lt;test&gt;" time="0" status="passed"/>
			<testcase classname="Проверка чтения не-администраторами - &lt;test&gt;" name="Справочник.ТОРО_КоренныеПричиныДефектов: Проверка доступа на Чтение Не-Администраторами - &lt;test&gt;" time="0.016" status="passed"/>
			<testcase classname="Проверка чтения не-администраторами - &lt;test&gt;" name="Документ.АмортизацияНМА2_4: Проверка доступа на Чтение Не-Администраторами - &lt;test&gt;" time="0" status="passed"/>
			<testcase classname="Проверка чтения не-администраторами - &lt;test&gt;" name="Документ.ОтпускБезСохраненияОплаты: Проверка доступа на Чтение Не-Администраторами - &lt;test&gt;" time="0.015" status="passed"/>
			<testcase classname="Проверка чтения не-администраторами - &lt;test&gt;" name="Документ.ВыпускПродукции: Проверка доступа на Чтение Не-Администраторами - &lt;test&gt;" time="0.016" status="passed"/>
			<testcase classname="Проверка чтения не-администраторами - &lt;test&gt;" name="РегистрСведений.ТОРО_ТехнологическиеОперацииПоТК: Проверка доступа на Чтение Не-Администраторами - &lt;test&gt;" time="0.031" status="passed"/>
			<testcase classname="Проверка чтения не-администраторами - &lt;test&gt;" name="РегистрНакопления.ТОРО_РаспределенныеСтоимостиЗаказов: Проверка доступа на Чтение Не-Администраторами - &lt;test&gt;" time="0.016" status="passed"/>
			<testcase classname="Проверка чтения не-администраторами - &lt;test&gt;" name="РегистрСведений.ОстаткиПродукцииВЕТИС: Проверка доступа на Чтение Не-Администраторами - &lt;test&gt;" time="0.031" status="passed"/>
			<testcase classname="Проверка чтения не-администраторами - &lt;test&gt;" name="Документ.РегистрацияТранспортныхСредств: Проверка доступа на Чтение Не-Администраторами - &lt;test&gt;" time="0" status="passed"/>
			<testcase classname="Проверка чтения не-администраторами - &lt;test&gt;" name="РегистрСведений.СтатусыЗапросовРеестровСчетовФактур: Проверка доступа на Чтение Не-Администраторами - &lt;test&gt;" time="0.015" status="passed"/>
			<testcase classname="Проверка чтения не-администраторами - &lt;test&gt;" name="Константа.ИспользуетсяЕНВД: Проверка доступа на Чтение Не-Администраторами - &lt;test&gt;" time="0" status="passed"/>
			<testcase classname="Проверка чтения не-администраторами - &lt;test&gt;" name="Константа.УдалитьИмяСлужебногоПользователяМенеджераСервиса: Проверка доступа на Чтение Не-Администраторами - &lt;test&gt;" time="0.031" status="passed"/>
			<testcase classname="Проверка чтения не-администраторами - &lt;test&gt;" name="Справочник.ВидыОтправляемыхДокументов: Проверка доступа на Чтение Не-Администраторами - &lt;test&gt;" time="0.015" status="passed"/>
			<testcase classname="Проверка чтения не-администраторами - &lt;test&gt;" name="Константа.ВестиСведенияДляДекларацийАлкоВРознице: Проверка доступа на Чтение Не-Администраторами - &lt;test&gt;" time="0" status="passed"/>
			<testcase classname="Проверка чтения не-администраторами - &lt;test&gt;" name="РегистрСведений.СтатусыИнформированияГИСМ: Проверка доступа на Чтение Не-Администраторами - &lt;test&gt;" time="0" status="passed"/>
			<testcase classname="Проверка чтения не-администраторами - &lt;test&gt;" name="РегистрСведений.СтандартныеВычетыНаДетейНДФЛИспр: Проверка доступа на Чтение Не-Администраторами - &lt;test&gt;" time="0.062" status="failure">
				<failure message="[Failed] Ожидали, что проверяемое значение (Ложь) является ИСТИНОЙ.
РегистрСведений.СтандартныеВычетыНаДетейНДФЛИспр недоступно для чтения ролями без привилегий
{ВнешняяОбработка.УтвержденияBDD.МодульОбъекта(293)}:	ВызватьИсключение Префикс + &quot; &quot; + СообщениеОшибки;
{ВнешняяОбработка.УтвержденияBDD.МодульОбъекта(46)}:		ВызватьОшибкуПроверки(СообщениеОшибки);
{ВнешняяОбработка.УтвержденияBDD.МодульОбъекта(53)}:	Возврат ЭтоИстина();
{ВнешняяОбработка.ПроверкаЧтенияНеАдминистраторами.МодульОбъекта(100)}:	Ожидаем.Что(ЧтениеДоступно, ПолноеИмяМетаданного + &quot; недоступно для чтения ролями без привилегий&quot;).ЕстьИстина();
{(1)}:КонтекстВыполнения.Тест_ПроверитьНеАдминистраторскиеПраваНаЧтение(Параметры[0],Параметры[1]);
{ВнешняяОбработка.xddTestRunner.МодульОбъекта(337)}:	Выполнить(ИcполняемыйКод);
{ВнешняяОбработка.xddTestRunner.МодульОбъекта(261)}:			ВыполнитьПроцедуруКонтекста(КонтекстВыполнения, ЭлементДереваТестов.ИмяМетода, ЭлементДереваТестов.Параметры);
{ВнешняяОбработка.xddTestRunner.Форма.УправляемаяФорма.Форма(913)}:	РезультатТестирования = ОбъектНаСервере.ВыполнитьТестовыйМетод(КонтекстВыполнения, ЭлементДереваТестов);
"/>
			</testcase>
			<testcase classname="Проверка чтения не-администраторами - &lt;test&gt;" name="РегистрСведений.ОперацииДляДиспетчирования: Проверка доступа на Чтение Не-Администраторами - &lt;test&gt;" time="0.015" status="passed"/>
			<testcase classname="Проверка чтения не-администраторами - &lt;test&gt;" name="РегистрНакопления.РасчетыСФондамиПоСтраховымВзносам: Проверка доступа на Чтение Не-Администраторами - &lt;test&gt;" time="0" status="passed"/>
			<testcase classname="Проверка чтения не-администраторами - &lt;test&gt;" name="Справочник.ПачкаДокументовСПВ_1ПрисоединенныеФайлы: Проверка доступа на Чтение Не-Администраторами - &lt;test&gt;" time="0" status="passed"/>
			<testcase classname="Проверка чтения не-администраторами - &lt;test&gt;" name="Документ.ПодготовкаКПередачеОС: Проверка доступа на Чтение Не-Администраторами - &lt;test&gt;" time="0" status="passed"/>
			<testcase classname="Проверка чтения не-администраторами - &lt;test&gt;" name="РегистрСведений.РазрядыКатегорииСотрудниковИспр: Проверка доступа на Чтение Не-Администраторами - &lt;test&gt;" time="0" status="passed"/>
			<testcase classname="Проверка чтения не-администраторами - &lt;test&gt;" name="РегистрСведений.СостоянияЗаказовПоставщикам: Проверка доступа на Чтение Не-Администраторами - &lt;test&gt;" time="0.016" status="passed"/>
			<testcase classname="Проверка чтения не-администраторами - &lt;test&gt;" name="Константа.ИспользоватьАктыВыполненныхРаботПоНесколькимЗаказам: Проверка доступа на Чтение Не-Администраторами - &lt;test&gt;" time="0" status="passed"/>
			<testcase classname="Проверка чтения не-администраторами - &lt;test&gt;" name="Константа.УдалитьИспользоватьНесколькоОрганизацийБЭД: Проверка доступа на Чтение Не-Администраторами - &lt;test&gt;" time="0.015" status="passed"/>
			<testcase classname="Проверка чтения не-администраторами - &lt;test&gt;" name="Константа.АдресСервисаНаправленийСдачиОтчетности: Проверка доступа на Чтение Не-Администраторами - &lt;test&gt;" time="0.016" status="passed"/>
			<testcase classname="Проверка чтения не-администраторами - &lt;test&gt;" name="РегистрСведений.УчетнаяПолитикаОрганизаций: Проверка доступа на Чтение Не-Администраторами - &lt;test&gt;" time="0" status="passed"/>
			<testcase classname="Проверка чтения не-администраторами - &lt;test&gt;" name="РегистрСведений.ЗначенияБазовыхТарифов: Проверка доступа на Чтение Не-Администраторами - &lt;test&gt;" time="0" status="passed"/>
			<testcase classname="Проверка чтения не-администраторами - &lt;test&gt;" name="Документ.ТОРО_АктГотовностиКРемонту: Проверка доступа на Чтение Не-Администраторами - &lt;test&gt;" time="0.016" status="passed"/>
			<testcase classname="Проверка чтения не-администраторами - &lt;test&gt;" name="Константа.ИспользоватьСогласованиеЗаказовКлиентов: Проверка доступа на Чтение Не-Администраторами - &lt;test&gt;" time="0" status="passed"/>
			<testcase classname="Проверка чтения не-администраторами - &lt;test&gt;" name="Справочник.ЕГАИСПрисоединенныеФайлы: Проверка доступа на Чтение Не-Администраторами - &lt;test&gt;" time="0.016" status="passed"/>
			<testcase classname="Проверка чтения не-администраторами - &lt;test&gt;" name="РегистрСведений.УдалитьМестоСотрудникаВСтруктуреПредприятия: Проверка доступа на Чтение Не-Администраторами - &lt;test&gt;" time="0.062" status="failure">
				<failure message="[Failed] Ожидали, что проверяемое значение (Ложь) является ИСТИНОЙ.
РегистрСведений.УдалитьМестоСотрудникаВСтруктуреПредприятия недоступно для чтения ролями без привилегий
{ВнешняяОбработка.УтвержденияBDD.МодульОбъекта(293)}:	ВызватьИсключение Префикс + &quot; &quot; + СообщениеОшибки;
{ВнешняяОбработка.УтвержденияBDD.МодульОбъекта(46)}:		ВызватьОшибкуПроверки(СообщениеОшибки);
{ВнешняяОбработка.УтвержденияBDD.МодульОбъекта(53)}:	Возврат ЭтоИстина();
{ВнешняяОбработка.ПроверкаЧтенияНеАдминистраторами.МодульОбъекта(100)}:	Ожидаем.Что(ЧтениеДоступно, ПолноеИмяМетаданного + &quot; недоступно для чтения ролями без привилегий&quot;).ЕстьИстина();
{(1)}:КонтекстВыполнения.Тест_ПроверитьНеАдминистраторскиеПраваНаЧтение(Параметры[0],Параметры[1]);
{ВнешняяОбработка.xddTestRunner.МодульОбъекта(337)}:	Выполнить(ИcполняемыйКод);
{ВнешняяОбработка.xddTestRunner.МодульОбъекта(261)}:			ВыполнитьПроцедуруКонтекста(КонтекстВыполнения, ЭлементДереваТестов.ИмяМетода, ЭлементДереваТестов.Параметры);
{ВнешняяОбработка.xddTestRunner.Форма.УправляемаяФорма.Форма(913)}:	РезультатТестирования = ОбъектНаСервере.ВыполнитьТестовыйМетод(КонтекстВыполнения, ЭлементДереваТестов);
"/>
			</testcase>
			<testcase classname="Проверка чтения не-администраторами - &lt;test&gt;" name="Константа.ЕдиницаИзмеренияРазливнойПродукции: Проверка доступа на Чтение Не-Администраторами - &lt;test&gt;" time="0" status="passed"/>
			<testcase classname="Проверка чтения не-администраторами - &lt;test&gt;" name="Константа.РазрешенаРаботаСНовостями: Проверка доступа на Чтение Не-Администраторами - &lt;test&gt;" time="0" status="passed"/>
			<testcase classname="Проверка чтения не-администраторами - &lt;test&gt;" name="Константа.АдресПрограммногоИнтерфейсаСлужбыПоддержки: Проверка доступа на Чтение Не-Администраторами - &lt;test&gt;" time="0.016" status="passed"/>
			<testcase classname="Проверка чтения не-администраторами - &lt;test&gt;" name="Справочник.ТОРО_НастройкиОповещенийПоСобытиям: Проверка доступа на Чтение Не-Администраторами - &lt;test&gt;" time="0.032" status="passed"/>
			<testcase classname="Проверка чтения не-администраторами - &lt;test&gt;" name="Константа.УчитыватьПравилаВнутреннегоТовародвиженияПриABCКлассификацииНоменклатуры: Проверка доступа на Чтение Не-Администраторами - &lt;test&gt;" time="0" status="passed"/>
			<testcase classname="Проверка чтения не-администраторами - &lt;test&gt;" name="РегистрНакопления.УдалитьТОРО_АварийныйЗапас: Проверка доступа на Чтение Не-Администраторами - &lt;test&gt;" time="0.016" status="passed"/>
			<testcase classname="Проверка чтения не-администраторами - &lt;test&gt;" name="Документ.РазовоеНачисление: Проверка доступа на Чтение Не-Администраторами - &lt;test&gt;" time="0.016" status="passed"/>
			<testcase classname="Проверка чтения не-администраторами - &lt;test&gt;" name="Справочник.ТОРО_СпособыКонтроля: Проверка доступа на Чтение Не-Администраторами - &lt;test&gt;" time="0.016" status="passed"/>
			<testcase classname="Проверка чтения не-администраторами - &lt;test&gt;" name="Константа.ВыводитьДопКолонкиНДС: Проверка доступа на Чтение Не-Администраторами - &lt;test&gt;" time="0" status="passed"/>
			<testcase classname="Проверка чтения не-администраторами - &lt;test&gt;" name="РегистрСведений.УдалитьИсключаемыеИзОстатковОтпусковПериоды: Проверка доступа на Чтение Не-Администраторами - &lt;test&gt;" time="0.063" status="failure">
				<failure message="[Failed] Ожидали, что проверяемое значение (Ложь) является ИСТИНОЙ.
РегистрСведений.УдалитьИсключаемыеИзОстатковОтпусковПериоды недоступно для чтения ролями без привилегий
{ВнешняяОбработка.УтвержденияBDD.МодульОбъекта(293)}:	ВызватьИсключение Префикс + &quot; &quot; + СообщениеОшибки;
{ВнешняяОбработка.УтвержденияBDD.МодульОбъекта(46)}:		ВызватьОшибкуПроверки(СообщениеОшибки);
{ВнешняяОбработка.УтвержденияBDD.МодульОбъекта(53)}:	Возврат ЭтоИстина();
{ВнешняяОбработка.ПроверкаЧтенияНеАдминистраторами.МодульОбъекта(100)}:	Ожидаем.Что(ЧтениеДоступно, ПолноеИмяМетаданного + &quot; недоступно для чтения ролями без привилегий&quot;).ЕстьИстина();
{(1)}:КонтекстВыполнения.Тест_ПроверитьНеАдминистраторскиеПраваНаЧтение(Параметры[0],Параметры[1]);
{ВнешняяОбработка.xddTestRunner.МодульОбъекта(337)}:	Выполнить(ИcполняемыйКод);
{ВнешняяОбработка.xddTestRunner.МодульОбъекта(261)}:			ВыполнитьПроцедуруКонтекста(КонтекстВыполнения, ЭлементДереваТестов.ИмяМетода, ЭлементДереваТестов.Параметры);
{ВнешняяОбработка.xddTestRunner.Форма.УправляемаяФорма.Форма(913)}:	РезультатТестирования = ОбъектНаСервере.ВыполнитьТестовыйМетод(КонтекстВыполнения, ЭлементДереваТестов);
"/>
			</testcase>
			<testcase classname="Проверка чтения не-администраторами - &lt;test&gt;" name="РегистрСведений.АдресаЗонОтветственностиВЕТИС: Проверка доступа на Чтение Не-Администраторами - &lt;test&gt;" time="0.016" status="passed"/>
			<testcase classname="Проверка чтения не-администраторами - &lt;test&gt;" name="РегистрСведений.ПлановыйФОТИтоги: Проверка доступа на Чтение Не-Администраторами - &lt;test&gt;" time="0.016" status="passed"/>
			<testcase classname="Проверка чтения не-администраторами - &lt;test&gt;" name="Константа.ОтправлятьПисьмаВФорматеHTML: Проверка доступа на Чтение Не-Администраторами - &lt;test&gt;" time="0" status="passed"/>
			<testcase classname="Проверка чтения не-администраторами - &lt;test&gt;" name="Справочник.ПравилаИнтеграцииС1СДокументооборотом: Проверка доступа на Чтение Не-Администраторами - &lt;test&gt;" time="0.015" status="passed"/>
			<testcase classname="Проверка чтения не-администраторами - &lt;test&gt;" name="Справочник.ОснованияДосрочногоНазначенияПенсииДляСЗВК: Проверка доступа на Чтение Не-Администраторами - &lt;test&gt;" time="0.016" status="passed"/>
			<testcase classname="Проверка чтения не-администраторами - &lt;test&gt;" name="Документ.ТранспортнаяНакладная: Проверка доступа на Чтение Не-Администраторами - &lt;test&gt;" time="0.016" status="passed"/>
			<testcase classname="Проверка чтения не-администраторами - &lt;test&gt;" name="Константа.НезависимоеИспользованиеДополнительныхОтчетовИОбработокВМоделиСервиса: Проверка доступа на Чтение Не-Администраторами - &lt;test&gt;" time="0.016" status="passed"/>
			<testcase classname="Проверка чтения не-администраторами - &lt;test&gt;" name="РегистрСведений.УдалитьСостоянияПодработок: Проверка доступа на Чтение Не-Администраторами - &lt;test&gt;" time="0.047" status="failure">
				<failure message="[Failed] Ожидали, что проверяемое значение (Ложь) является ИСТИНОЙ.
РегистрСведений.УдалитьСостоянияПодработок недоступно для чтения ролями без привилегий
{ВнешняяОбработка.УтвержденияBDD.МодульОбъекта(293)}:	ВызватьИсключение Префикс + &quot; &quot; + СообщениеОшибки;
{ВнешняяОбработка.УтвержденияBDD.МодульОбъекта(46)}:		ВызватьОшибкуПроверки(СообщениеОшибки);
{ВнешняяОбработка.УтвержденияBDD.МодульОбъекта(53)}:	Возврат ЭтоИстина();
{ВнешняяОбработка.ПроверкаЧтенияНеАдминистраторами.МодульОбъекта(100)}:	Ожидаем.Что(ЧтениеДоступно, ПолноеИмяМетаданного + &quot; недоступно для чтения ролями без привилегий&quot;).ЕстьИстина();
{(1)}:КонтекстВыполнения.Тест_ПроверитьНеАдминистраторскиеПраваНаЧтение(Параметры[0],Параметры[1]);
{ВнешняяОбработка.xddTestRunner.МодульОбъекта(337)}:	Выполнить(ИcполняемыйКод);
{ВнешняяОбработка.xddTestRunner.МодульОбъекта(261)}:			ВыполнитьПроцедуруКонтекста(КонтекстВыполнения, ЭлементДереваТестов.ИмяМетода, ЭлементДереваТестов.Параметры);
{ВнешняяОбработка.xddTestRunner.Форма.УправляемаяФорма.Форма(913)}:	РезультатТестирования = ОбъектНаСервере.ВыполнитьТестовыйМетод(КонтекстВыполнения, ЭлементДереваТестов);
"/>
			</testcase>
			<testcase classname="Проверка чтения не-администраторами - &lt;test&gt;" name="Константа.ТОРО_ПараметрыОткрытияОбъектовАСУД: Проверка доступа на Чтение Не-Администраторами - &lt;test&gt;" time="0.015" status="passed"/>
			<testcase classname="Проверка чтения не-администраторами - &lt;test&gt;" name="РегистрСведений.СведенияКонтрактаДоговораСотрудникаИспр: Проверка доступа на Чтение Не-Администраторами - &lt;test&gt;" time="0.062" status="failure">
				<failure message="[Failed] Ожидали, что проверяемое значение (Ложь) является ИСТИНОЙ.
РегистрСведений.СведенияКонтрактаДоговораСотрудникаИспр недоступно для чтения ролями без привилегий
{ВнешняяОбработка.УтвержденияBDD.МодульОбъекта(293)}:	ВызватьИсключение Префикс + &quot; &quot; + СообщениеОшибки;
{ВнешняяОбработка.УтвержденияBDD.МодульОбъекта(46)}:		ВызватьОшибкуПроверки(СообщениеОшибки);
{ВнешняяОбработка.УтвержденияBDD.МодульОбъекта(53)}:	Возврат ЭтоИстина();
{ВнешняяОбработка.ПроверкаЧтенияНеАдминистраторами.МодульОбъекта(100)}:	Ожидаем.Что(ЧтениеДоступно, ПолноеИмяМетаданного + &quot; недоступно для чтения ролями без привилегий&quot;).ЕстьИстина();
{(1)}:КонтекстВыполнения.Тест_ПроверитьНеАдминистраторскиеПраваНаЧтение(Параметры[0],Параметры[1]);
{ВнешняяОбработка.xddTestRunner.МодульОбъекта(337)}:	Выполнить(ИcполняемыйКод);
{ВнешняяОбработка.xddTestRunner.МодульОбъекта(261)}:			ВыполнитьПроцедуруКонтекста(КонтекстВыполнения, ЭлементДереваТестов.ИмяМетода, ЭлементДереваТестов.Параметры);
{ВнешняяОбработка.xddTestRunner.Форма.УправляемаяФорма.Форма(913)}:	РезультатТестирования = ОбъектНаСервере.ВыполнитьТестовыйМетод(КонтекстВыполнения, ЭлементДереваТестов);
"/>
			</testcase>
			<testcase classname="Проверка чтения не-администраторами - &lt;test&gt;" name="Справочник.СписаниеПринятыхНаХранениеТоваровПрисоединенныеФайлы: Проверка доступа на Чтение Не-Администраторами - &lt;test&gt;" time="0.016" status="passed"/>
			<testcase classname="Проверка чтения не-администраторами - &lt;test&gt;" name="Справочник.ТОРО_ТиповыеДефекты: Проверка доступа на Чтение Не-Администраторами - &lt;test&gt;" time="0.016" status="passed"/>
			<testcase classname="Проверка чтения не-администраторами - &lt;test&gt;" name="Константа.ПараметрыОбработчиковОбновления: Проверка доступа на Чтение Не-Администраторами - &lt;test&gt;" time="0" status="passed"/>
			<testcase classname="Проверка чтения не-администраторами - &lt;test&gt;" name="РегистрСведений.ТОРО_ПризнакиРасчетаИТС: Проверка доступа на Чтение Не-Администраторами - &lt;test&gt;" time="0.016" status="passed"/>
			<testcase classname="Проверка чтения не-администраторами - &lt;test&gt;" name="Справочник.ПричиныВозникновенияПретензий: Проверка доступа на Чтение Не-Администраторами - &lt;test&gt;" time="0" status="passed"/>
			<testcase classname="Проверка чтения не-администраторами - &lt;test&gt;" name="Константа.НастройкаПроксиСервера: Проверка доступа на Чтение Не-Администраторами - &lt;test&gt;" time="0" status="passed"/>
			<testcase classname="Проверка чтения не-администраторами - &lt;test&gt;" name="РегистрНакопления.ДвиженияДенежныеСредстваКонтрагент: Проверка доступа на Чтение Не-Администраторами - &lt;test&gt;" time="0.031" status="passed"/>
			<testcase classname="Проверка чтения не-администраторами - &lt;test&gt;" name="Справочник.СтатьиБюджетов: Проверка доступа на Чтение Не-Администраторами - &lt;test&gt;" time="0" status="passed"/>
			<testcase classname="Проверка чтения не-администраторами - &lt;test&gt;" name="РегистрНакопления.ПереработкаПоГрафикуПроизводства: Проверка доступа на Чтение Не-Администраторами - &lt;test&gt;" time="0.015" status="passed"/>
			<testcase classname="Проверка чтения не-администраторами - &lt;test&gt;" name="РегистрСведений.БухучетЗарплатыОрганизаций: Проверка доступа на Чтение Не-Администраторами - &lt;test&gt;" time="0" status="passed"/>
			<testcase classname="Проверка чтения не-администраторами - &lt;test&gt;" name="РегистрСведений.ПредметыПапкиВзаимодействий: Проверка доступа на Чтение Не-Администраторами - &lt;test&gt;" time="0.016" status="passed"/>
			<testcase classname="Проверка чтения не-администраторами - &lt;test&gt;" name="РегистрСведений.БухучетЗарплатыПодразделений: Проверка доступа на Чтение Не-Администраторами - &lt;test&gt;" time="0" status="passed"/>
			<testcase classname="Проверка чтения не-администраторами - &lt;test&gt;" name="Справочник.ТОРО_ТехнологическиеОперацииПрисоединенныеФайлы: Проверка доступа на Чтение Не-Администраторами - &lt;test&gt;" time="0.031" status="passed"/>
			<testcase classname="Проверка чтения не-администраторами - &lt;test&gt;" name="Справочник.ТОРО_ЗаказНаТОПрисоединенныеФайлы: Проверка доступа на Чтение Не-Администраторами - &lt;test&gt;" time="0.032" status="passed"/>
			<testcase classname="Проверка чтения не-администраторами - &lt;test&gt;" name="Справочник.ГруппыИсполнителейЗадач: Проверка доступа на Чтение Не-Администраторами - &lt;test&gt;" time="0.062" status="failure">
				<failure message="[Failed] Ожидали, что проверяемое значение (Ложь) является ИСТИНОЙ.
Справочник.ГруппыИсполнителейЗадач недоступно для чтения ролями без привилегий
{ВнешняяОбработка.УтвержденияBDD.МодульОбъекта(293)}:	ВызватьИсключение Префикс + &quot; &quot; + СообщениеОшибки;
{ВнешняяОбработка.УтвержденияBDD.МодульОбъекта(46)}:		ВызватьОшибкуПроверки(СообщениеОшибки);
{ВнешняяОбработка.УтвержденияBDD.МодульОбъекта(53)}:	Возврат ЭтоИстина();
{ВнешняяОбработка.ПроверкаЧтенияНеАдминистраторами.МодульОбъекта(100)}:	Ожидаем.Что(ЧтениеДоступно, ПолноеИмяМетаданного + &quot; недоступно для чтения ролями без привилегий&quot;).ЕстьИстина();
{(1)}:КонтекстВыполнения.Тест_ПроверитьНеАдминистраторскиеПраваНаЧтение(Параметры[0],Параметры[1]);
{ВнешняяОбработка.xddTestRunner.МодульОбъекта(337)}:	Выполнить(ИcполняемыйКод);
{ВнешняяОбработка.xddTestRunner.МодульОбъекта(261)}:			ВыполнитьПроцедуруКонтекста(КонтекстВыполнения, ЭлементДереваТестов.ИмяМетода, ЭлементДереваТестов.Параметры);
{ВнешняяОбработка.xddTestRunner.Форма.УправляемаяФорма.Форма(913)}:	РезультатТестирования = ОбъектНаСервере.ВыполнитьТестовыйМетод(КонтекстВыполнения, ЭлементДереваТестов);
"/>
			</testcase>
			<testcase classname="Проверка чтения не-администраторами - &lt;test&gt;" name="РегистрСведений.НастройкиПодключенияВЕТИС: Проверка доступа на Чтение Не-Администраторами - &lt;test&gt;" time="0.016" status="passed"/>
			<testcase classname="Проверка чтения не-администраторами - &lt;test&gt;" name="РегистрСведений.ТОРО_ИсторияВыполненияБизнесПроцессов: Проверка доступа на Чтение Не-Администраторами - &lt;test&gt;" time="0.016" status="passed"/>
			<testcase classname="Проверка чтения не-администраторами - &lt;test&gt;" name="Константа.ДатаОбязательнойМаркировкиТабачнойПродукцииМОТП: Проверка доступа на Чтение Не-Администраторами - &lt;test&gt;" time="0" status="passed"/>
			<testcase classname="Проверка чтения не-администраторами - &lt;test&gt;" name="Справочник.МаркетинговыеМероприятия: Проверка доступа на Чтение Не-Администраторами - &lt;test&gt;" time="0" status="passed"/>
			<testcase classname="Проверка чтения не-администраторами - &lt;test&gt;" name="Константа.ИспользоватьСкрытиеПерсональныхДанныхСубъектов: Проверка доступа на Чтение Не-Администраторами - &lt;test&gt;" time="0.016" status="passed"/>
			<testcase classname="Проверка чтения не-администраторами - &lt;test&gt;" name="Справочник.ТОРО_ВнешниеИнформационныеСистемы: Проверка доступа на Чтение Не-Администраторами - &lt;test&gt;" time="0.016" status="passed"/>
			<testcase classname="Проверка чтения не-администраторами - &lt;test&gt;" name="Константа.ИспользоватьПланированиеПродаж: Проверка доступа на Чтение Не-Администраторами - &lt;test&gt;" time="0.016" status="passed"/>
			<testcase classname="Проверка чтения не-администраторами - &lt;test&gt;" name="РегистрСведений.ЗначенияНефинансовыхПоказателей: Проверка доступа на Чтение Не-Администраторами - &lt;test&gt;" time="0.031" status="passed"/>
			<testcase classname="Проверка чтения не-администраторами - &lt;test&gt;" name="Константа.НеЗакрыватьЗаказыКлиентовБезПолнойОплаты: Проверка доступа на Чтение Не-Администраторами - &lt;test&gt;" time="0" status="passed"/>
			<testcase classname="Проверка чтения не-администраторами - &lt;test&gt;" name="Документ.ТОРО_СозданныеЗаявкиНаТК: Проверка доступа на Чтение Не-Администраторами - &lt;test&gt;" time="0.016" status="passed"/>
			<testcase classname="Проверка чтения не-администраторами - &lt;test&gt;" name="Константа.ИспользоватьСинхронизациюДанныхВЛокальномРежиме: Проверка доступа на Чтение Не-Администраторами - &lt;test&gt;" time="0" status="passed"/>
			<testcase classname="Проверка чтения не-администраторами - &lt;test&gt;" name="РегистрСведений.СоставныеФайлы: Проверка доступа на Чтение Не-Администраторами - &lt;test&gt;" time="0.062" status="failure">
				<failure message="[Failed] Ожидали, что проверяемое значение (Ложь) является ИСТИНОЙ.
РегистрСведений.СоставныеФайлы недоступно для чтения ролями без привилегий
{ВнешняяОбработка.УтвержденияBDD.МодульОбъекта(293)}:	ВызватьИсключение Префикс + &quot; &quot; + СообщениеОшибки;
{ВнешняяОбработка.УтвержденияBDD.МодульОбъекта(46)}:		ВызватьОшибкуПроверки(СообщениеОшибки);
{ВнешняяОбработка.УтвержденияBDD.МодульОбъекта(53)}:	Возврат ЭтоИстина();
{ВнешняяОбработка.ПроверкаЧтенияНеАдминистраторами.МодульОбъекта(100)}:	Ожидаем.Что(ЧтениеДоступно, ПолноеИмяМетаданного + &quot; недоступно для чтения ролями без привилегий&quot;).ЕстьИстина();
{(1)}:КонтекстВыполнения.Тест_ПроверитьНеАдминистраторскиеПраваНаЧтение(Параметры[0],Параметры[1]);
{ВнешняяОбработка.xddTestRunner.МодульОбъекта(337)}:	Выполнить(ИcполняемыйКод);
{ВнешняяОбработка.xddTestRunner.МодульОбъекта(261)}:			ВыполнитьПроцедуруКонтекста(КонтекстВыполнения, ЭлементДереваТестов.ИмяМетода, ЭлементДереваТестов.Параметры);
{ВнешняяОбработка.xddTestRunner.Форма.УправляемаяФорма.Форма(913)}:	РезультатТестирования = ОбъектНаСервере.ВыполнитьТестовыйМетод(КонтекстВыполнения, ЭлементДереваТестов);
"/>
			</testcase>
			<testcase classname="Проверка чтения не-администраторами - &lt;test&gt;" name="Константа.НеИспользоватьСчетаНаОплатуНеВыбиратьВариантВыводаСкидок: Проверка доступа на Чтение Не-Администраторами - &lt;test&gt;" time="0" status="passed"/>
			<testcase classname="Проверка чтения не-администраторами - &lt;test&gt;" name="Константа.УдалитьИспользоватьПродажиНаЭкспорт: Проверка доступа на Чтение Не-Администраторами - &lt;test&gt;" time="0.016" status="passed"/>
			<testcase classname="Проверка чтения не-администраторами - &lt;test&gt;" name="Справочник.ШтатноеРасписаниеПрисоединенныеФайлы: Проверка доступа на Чтение Не-Администраторами - &lt;test&gt;" time="0.031" status="passed"/>
			<testcase classname="Проверка чтения не-администраторами - &lt;test&gt;" name="Документ.ПередачаМатериаловВПроизводство: Проверка доступа на Чтение Не-Администраторами - &lt;test&gt;" time="0.016" status="passed"/>
			<testcase classname="Проверка чтения не-администраторами - &lt;test&gt;" name="Константа.ПараметрыЦентраМониторинга: Проверка доступа на Чтение Не-Администраторами - &lt;test&gt;" time="0" status="passed"/>
			<testcase classname="Проверка чтения не-администраторами - &lt;test&gt;" name="РегистрНакопления.ГрафикОтгрузкиТоваров: Проверка доступа на Чтение Не-Администраторами - &lt;test&gt;" time="0.016" status="passed"/>
			<testcase classname="Проверка чтения не-администраторами - &lt;test&gt;" name="Документ.ИзменениеУсловийДоговораЗаймаСотруднику: Проверка доступа на Чтение Не-Администраторами - &lt;test&gt;" time="0" status="passed"/>
			<testcase classname="Проверка чтения не-администраторами - &lt;test&gt;" name="РегистрНакопления.ОтработанноеВремяПоСотрудникамКорректировка: Проверка доступа на Чтение Не-Администраторами - &lt;test&gt;" time="0.015" status="passed"/>
			<testcase classname="Проверка чтения не-администраторами - &lt;test&gt;" name="Документ.ИзменениеУсловийОплатыОтпускаПоУходуЗаРебенком: Проверка доступа на Чтение Не-Администраторами - &lt;test&gt;" time="0" status="passed"/>
			<testcase classname="Проверка чтения не-администраторами - &lt;test&gt;" name="Документ.ПереводКДругомуРаботодателю: Проверка доступа на Чтение Не-Администраторами - &lt;test&gt;" time="0" status="passed"/>
			<testcase classname="Проверка чтения не-администраторами - &lt;test&gt;" name="РегистрСведений.ДатыПоследнейЗагрузкиПочтовыхСообщений: Проверка доступа на Чтение Не-Администраторами - &lt;test&gt;" time="0.015" status="passed"/>
			<testcase classname="Проверка чтения не-администраторами - &lt;test&gt;" name="РегистрСведений.ТОРО_ПользователиСПравомПриемкиПоДокументамПеремещениеТоваров: Проверка доступа на Чтение Не-Администраторами - &lt;test&gt;" time="0.032" status="passed"/>
			<testcase classname="Проверка чтения не-администраторами - &lt;test&gt;" name="РегистрСведений.РассчитанныеОтборыПоНовостям_Пользовательские: Проверка доступа на Чтение Не-Администраторами - &lt;test&gt;" time="0.032" status="passed"/>
			<testcase classname="Проверка чтения не-администраторами - &lt;test&gt;" name="Константа.ТОРО_ПредупреждатьОДопМоделяхПриСогласовании: Проверка доступа на Чтение Не-Администраторами - &lt;test&gt;" time="0.016" status="passed"/>
			<testcase classname="Проверка чтения не-администраторами - &lt;test&gt;" name="Константа.ИспользоватьПричиныОтменыЗаказовКлиентов: Проверка доступа на Чтение Не-Администраторами - &lt;test&gt;" time="0.016" status="passed"/>
			<testcase classname="Проверка чтения не-администраторами - &lt;test&gt;" name="Справочник.ПоступлениеОтПереработчикаПрисоединенныеФайлы: Проверка доступа на Чтение Не-Администраторами - &lt;test&gt;" time="0.016" status="passed"/>
			<testcase classname="Проверка чтения не-администраторами - &lt;test&gt;" name="Константа.УдалитьИспользоватьНДС0: Проверка доступа на Чтение Не-Администраторами - &lt;test&gt;" time="0.015" status="passed"/>
			<testcase classname="Проверка чтения не-администраторами - &lt;test&gt;" name="РегистрСведений.РабочиеМестаУдержаний: Проверка доступа на Чтение Не-Администраторами - &lt;test&gt;" time="0" status="passed"/>
			<testcase classname="Проверка чтения не-администраторами - &lt;test&gt;" name="РегистрНакопления.СвободныеОстатки: Проверка доступа на Чтение Не-Администраторами - &lt;test&gt;" time="0.016" status="passed"/>
			<testcase classname="Проверка чтения не-администраторами - &lt;test&gt;" name="РегистрНакопления.ПрочиеАктивыПассивы: Проверка доступа на Чтение Не-Администраторами - &lt;test&gt;" time="0.031" status="passed"/>
			<testcase classname="Проверка чтения не-администраторами - &lt;test&gt;" name="Константа.КонтролироватьОстаткиТоваровОрганизацийКОформлениюПоПоступлениям: Проверка доступа на Чтение Не-Администраторами - &lt;test&gt;" time="0" status="passed"/>
			<testcase classname="Проверка чтения не-администраторами - &lt;test&gt;" name="РегистрСведений.ТОРО_ОбъектыСреднесрочногоПланирования: Проверка доступа на Чтение Не-Администраторами - &lt;test&gt;" time="0.016" status="passed"/>
			<testcase classname="Проверка чтения не-администраторами - &lt;test&gt;" name="Константа.МодельРаботыСКлючамиПередВыгрузкой: Проверка доступа на Чтение Не-Администраторами - &lt;test&gt;" time="0" status="passed"/>
			<testcase classname="Проверка чтения не-администраторами - &lt;test&gt;" name="Константа.БазоваяВерсия: Проверка доступа на Чтение Не-Администраторами - &lt;test&gt;" time="0" status="passed"/>
			<testcase classname="Проверка чтения не-администраторами - &lt;test&gt;" name="Константа.МаксимальныйРазмерФайлаДляПередачиВ1СДокументооборот: Проверка доступа на Чтение Не-Администраторами - &lt;test&gt;" time="0" status="passed"/>
			<testcase classname="Проверка чтения не-администраторами - &lt;test&gt;" name="Справочник.ЗаказПереработчикуПрисоединенныеФайлы: Проверка доступа на Чтение Не-Администраторами - &lt;test&gt;" time="0" status="passed"/>
			<testcase classname="Проверка чтения не-администраторами - &lt;test&gt;" name="Константа.ТОРО_ПараметрыПодключенияТТСЭА: Проверка доступа на Чтение Не-Администраторами - &lt;test&gt;" time="0.031" status="passed"/>
			<testcase classname="Проверка чтения не-администраторами - &lt;test&gt;" name="РегистрСведений.КлючиДоступаПользователей: Проверка доступа на Чтение Не-Администраторами - &lt;test&gt;" time="0.062" status="failure">
				<failure message="[Failed] Ожидали, что проверяемое значение (Ложь) является ИСТИНОЙ.
РегистрСведений.КлючиДоступаПользователей недоступно для чтения ролями без привилегий
{ВнешняяОбработка.УтвержденияBDD.МодульОбъекта(293)}:	ВызватьИсключение Префикс + &quot; &quot; + СообщениеОшибки;
{ВнешняяОбработка.УтвержденияBDD.МодульОбъекта(46)}:		ВызватьОшибкуПроверки(СообщениеОшибки);
{ВнешняяОбработка.УтвержденияBDD.МодульОбъекта(53)}:	Возврат ЭтоИстина();
{ВнешняяОбработка.ПроверкаЧтенияНеАдминистраторами.МодульОбъекта(100)}:	Ожидаем.Что(ЧтениеДоступно, ПолноеИмяМетаданного + &quot; недоступно для чтения ролями без привилегий&quot;).ЕстьИстина();
{(1)}:КонтекстВыполнения.Тест_ПроверитьНеАдминистраторскиеПраваНаЧтение(Параметры[0],Параметры[1]);
{ВнешняяОбработка.xddTestRunner.МодульОбъекта(337)}:	Выполнить(ИcполняемыйКод);
{ВнешняяОбработка.xddTestRunner.МодульОбъекта(261)}:			ВыполнитьПроцедуруКонтекста(КонтекстВыполнения, ЭлементДереваТестов.ИмяМетода, ЭлементДереваТестов.Параметры);
{ВнешняяОбработка.xddTestRunner.Форма.УправляемаяФорма.Форма(913)}:	РезультатТестирования = ОбъектНаСервере.ВыполнитьТестовыйМетод(КонтекстВыполнения, ЭлементДереваТестов);
"/>
			</testcase>
			<testcase classname="Проверка чтения не-администраторами - &lt;test&gt;" name="Справочник.СчетФактураКомиссионеруПрисоединенныеФайлы: Проверка доступа на Чтение Не-Администраторами - &lt;test&gt;" time="0" status="passed"/>
			<testcase classname="Проверка чтения не-администраторами - &lt;test&gt;" name="РегистрСведений.НастройкиТранспортаОбменаДанными: Проверка доступа на Чтение Не-Администраторами - &lt;test&gt;" time="0.063" status="failure">
				<failure message="[Failed] Ожидали, что проверяемое значение (Ложь) является ИСТИНОЙ.
РегистрСведений.НастройкиТранспортаОбменаДанными недоступно для чтения ролями без привилегий
{ВнешняяОбработка.УтвержденияBDD.МодульОбъекта(293)}:	ВызватьИсключение Префикс + &quot; &quot; + СообщениеОшибки;
{ВнешняяОбработка.УтвержденияBDD.МодульОбъекта(46)}:		ВызватьОшибкуПроверки(СообщениеОшибки);
{ВнешняяОбработка.УтвержденияBDD.МодульОбъекта(53)}:	Возврат ЭтоИстина();
{ВнешняяОбработка.ПроверкаЧтенияНеАдминистраторами.МодульОбъекта(100)}:	Ожидаем.Что(ЧтениеДоступно, ПолноеИмяМетаданного + &quot; недоступно для чтения ролями без привилегий&quot;).ЕстьИстина();
{(1)}:КонтекстВыполнения.Тест_ПроверитьНеАдминистраторскиеПраваНаЧтение(Параметры[0],Параметры[1]);
{ВнешняяОбработка.xddTestRunner.МодульОбъекта(337)}:	Выполнить(ИcполняемыйКод);
{ВнешняяОбработка.xddTestRunner.МодульОбъекта(261)}:			ВыполнитьПроцедуруКонтекста(КонтекстВыполнения, ЭлементДереваТестов.ИмяМетода, ЭлементДереваТестов.Параметры);
{ВнешняяОбработка.xddTestRunner.Форма.УправляемаяФорма.Форма(913)}:	РезультатТестирования = ОбъектНаСервере.ВыполнитьТестовыйМетод(КонтекстВыполнения, ЭлементДереваТестов);
"/>
			</testcase>
			<testcase classname="Проверка чтения не-администраторами - &lt;test&gt;" name="Справочник.ГруппыДоступаНоменклатуры: Проверка доступа на Чтение Не-Администраторами - &lt;test&gt;" time="0" status="passed"/>
			<testcase classname="Проверка чтения не-администраторами - &lt;test&gt;" name="Константа.ФиксироватьПервичныйИнтерес: Проверка доступа на Чтение Не-Администраторами - &lt;test&gt;" time="0.016" status="passed"/>
			<testcase classname="Проверка чтения не-администраторами - &lt;test&gt;" name="РегистрСведений.ОшибкиТеста: Проверка доступа на Чтение Не-Администраторами - &lt;test&gt;" time="0.016" status="passed"/>
			<testcase classname="Проверка чтения не-администраторами - &lt;test&gt;" name="Справочник.ШаблоныСообщений: Проверка доступа на Чтение Не-Администраторами - &lt;test&gt;" time="0.016" status="passed"/>
			<testcase classname="Проверка чтения не-администраторами - &lt;test&gt;" name="Константа.ЧасовойПоясОбластиДанных: Проверка доступа на Чтение Не-Администраторами - &lt;test&gt;" time="0" status="passed"/>
			<testcase classname="Проверка чтения не-администраторами - &lt;test&gt;" name="РегистрСведений.ТОРО_ОчередиСообщенийОбменаСИнтегрированнымиСистемами: Проверка доступа на Чтение Не-Администраторами - &lt;test&gt;" time="0.016" status="passed"/>
			<testcase classname="Проверка чтения не-администраторами - &lt;test&gt;" name="Константа.ИспользоватьСвязанныеДокументы1СДокументооборота: Проверка доступа на Чтение Не-Администраторами - &lt;test&gt;" time="0" status="passed"/>
			<testcase classname="Проверка чтения не-администраторами - &lt;test&gt;" name="Константа.ТОРО_ГлубинаХраненияЧастейАрхивов: Проверка доступа на Чтение Не-Администраторами - &lt;test&gt;" time="0.016" status="passed"/>
			<testcase classname="Проверка чтения не-администраторами - &lt;test&gt;" name="Константа.ИспользоватьАльтернативныйСерверДляЗагрузкиКурсовВалют: Проверка доступа на Чтение Не-Администраторами - &lt;test&gt;" time="0.016" status="passed"/>
			<testcase classname="Проверка чтения не-администраторами - &lt;test&gt;" name="РегистрСведений.ДокументыФизическихЛиц: Проверка доступа на Чтение Не-Администраторами - &lt;test&gt;" time="0" status="passed"/>
			<testcase classname="Проверка чтения не-администраторами - &lt;test&gt;" name="Справочник.ПередачаДавальцуПрисоединенныеФайлы: Проверка доступа на Чтение Не-Администраторами - &lt;test&gt;" time="0.016" status="passed"/>
			<testcase classname="Проверка чтения не-администраторами - &lt;test&gt;" name="Константа.ИспользоватьПрисоединенныеФайлыИнтегрированнойСистемы: Проверка доступа на Чтение Не-Администраторами - &lt;test&gt;" time="0" status="passed"/>
			<testcase classname="Проверка чтения не-администраторами - &lt;test&gt;" name="Константа.ИспользоватьДатыЗапретаЗагрузки: Проверка доступа на Чтение Не-Администраторами - &lt;test&gt;" time="0" status="passed"/>
			<testcase classname="Проверка чтения не-администраторами - &lt;test&gt;" name="Справочник.ТипоразмерыЯчеек: Проверка доступа на Чтение Не-Администраторами - &lt;test&gt;" time="0.016" status="passed"/>
			<testcase classname="Проверка чтения не-администраторами - &lt;test&gt;" name="Константа.РазрешатьПродажуАлкогольнойПродукцииБезСопоставленияЕГАИС: Проверка доступа на Чтение Не-Администраторами - &lt;test&gt;" time="0" status="passed"/>
			<testcase classname="Проверка чтения не-администраторами - &lt;test&gt;" name="Документ.ПересортицаТоваров: Проверка доступа на Чтение Не-Администраторами - &lt;test&gt;" time="0" status="passed"/>
			<testcase classname="Проверка чтения не-администраторами - &lt;test&gt;" name="Документ.ЗапросНаИнформационноеОбслуживаниеНалогоплательщика: Проверка доступа на Чтение Не-Администраторами - &lt;test&gt;" time="0" status="passed"/>
			<testcase classname="Проверка чтения не-администраторами - &lt;test&gt;" name="РегистрСведений.ПоследнийОбменСБанками: Проверка доступа на Чтение Не-Администраторами - &lt;test&gt;" time="0.016" status="passed"/>
			<testcase classname="Проверка чтения не-администраторами - &lt;test&gt;" name="РегистрНакопления.ПланыВыпускаИзделий: Проверка доступа на Чтение Не-Администраторами - &lt;test&gt;" time="0.015" status="passed"/>
			<testcase classname="Проверка чтения не-администраторами - &lt;test&gt;" name="РегистрНакопления.ТОРО_ПроведениеВходногоКонтроля: Проверка доступа на Чтение Не-Администраторами - &lt;test&gt;" time="0.016" status="passed"/>
			<testcase classname="Проверка чтения не-администраторами - &lt;test&gt;" name="РегистрСведений.ОбработчикиСобытийСинхронизацииДанных: Проверка доступа на Чтение Не-Администраторами - &lt;test&gt;" time="0.062" status="failure">
				<failure message="[Failed] Ожидали, что проверяемое значение (Ложь) является ИСТИНОЙ.
РегистрСведений.ОбработчикиСобытийСинхронизацииДанных недоступно для чтения ролями без привилегий
{ВнешняяОбработка.УтвержденияBDD.МодульОбъекта(293)}:	ВызватьИсключение Префикс + &quot; &quot; + СообщениеОшибки;
{ВнешняяОбработка.УтвержденияBDD.МодульОбъекта(46)}:		ВызватьОшибкуПроверки(СообщениеОшибки);
{ВнешняяОбработка.УтвержденияBDD.МодульОбъекта(53)}:	Возврат ЭтоИстина();
{ВнешняяОбработка.ПроверкаЧтенияНеАдминистраторами.МодульОбъекта(100)}:	Ожидаем.Что(ЧтениеДоступно, ПолноеИмяМетаданного + &quot; недоступно для чтения ролями без привилегий&quot;).ЕстьИстина();
{(1)}:КонтекстВыполнения.Тест_ПроверитьНеАдминистраторскиеПраваНаЧтение(Параметры[0],Параметры[1]);
{ВнешняяОбработка.xddTestRunner.МодульОбъекта(337)}:	Выполнить(ИcполняемыйКод);
{ВнешняяОбработка.xddTestRunner.МодульОбъекта(261)}:			ВыполнитьПроцедуруКонтекста(КонтекстВыполнения, ЭлементДереваТестов.ИмяМетода, ЭлементДереваТестов.Параметры);
{ВнешняяОбработка.xddTestRunner.Форма.УправляемаяФорма.Форма(913)}:	РезультатТестирования = ОбъектНаСервере.ВыполнитьТестовыйМетод(КонтекстВыполнения, ЭлементДереваТестов);
"/>
			</testcase>
			<testcase classname="Проверка чтения не-администраторами - &lt;test&gt;" name="Справочник.ДоверенностиНалогоплательщика: Проверка доступа на Чтение Не-Администраторами - &lt;test&gt;" time="0.016" status="passed"/>
			<testcase classname="Проверка чтения не-администраторами - &lt;test&gt;" name="РегистрСведений.ДлительностьПереналадки: Проверка доступа на Чтение Не-Администраторами - &lt;test&gt;" time="0.016" status="passed"/>
			<testcase classname="Проверка чтения не-администраторами - &lt;test&gt;" name="Константа.АдресУправленияКонференцией: Проверка доступа на Чтение Не-Администраторами - &lt;test&gt;" time="0" status="passed"/>
			<testcase classname="Проверка чтения не-администраторами - &lt;test&gt;" name="Справочник.УзлыОбъектовЭксплуатации: Проверка доступа на Чтение Не-Администраторами - &lt;test&gt;" time="0.016" status="passed"/>
			<testcase classname="Проверка чтения не-администраторами - &lt;test&gt;" name="Справочник.КомплектыФинансовыхОтчетов: Проверка доступа на Чтение Не-Администраторами - &lt;test&gt;" time="0.016" status="passed"/>
			<testcase classname="Проверка чтения не-администраторами - &lt;test&gt;" name="Константа.ПоддержкаПлатежейВСоответствииС275ФЗ: Проверка доступа на Чтение Не-Администраторами - &lt;test&gt;" time="0.015" status="passed"/>
			<testcase classname="Проверка чтения не-администраторами - &lt;test&gt;" name="РегистрНакопления.АвансовыеПлатежиИностранцевПоНДФЛ: Проверка доступа на Чтение Не-Администраторами - &lt;test&gt;" time="0.016" status="passed"/>
			<testcase classname="Проверка чтения не-администраторами - &lt;test&gt;" name="Документ.ПеремещениеТоваров: Проверка доступа на Чтение Не-Администраторами - &lt;test&gt;" time="0" status="passed"/>
			<testcase classname="Проверка чтения не-администраторами - &lt;test&gt;" name="РегистрСведений.ЗаданияКРасчетуСтоимостиВНА: Проверка доступа на Чтение Не-Администраторами - &lt;test&gt;" time="0.031" status="passed"/>
			<testcase classname="Проверка чтения не-администраторами - &lt;test&gt;" name="Константа.ТОРО_КраткаяСхемаСостоянийЗаказаНаТОиР: Проверка доступа на Чтение Не-Администраторами - &lt;test&gt;" time="0.016" status="passed"/>
			<testcase classname="Проверка чтения не-администраторами - &lt;test&gt;" name="Константа.ИспользоватьЭлектроннуюПодписьВМоделиСервиса: Проверка доступа на Чтение Не-Администраторами - &lt;test&gt;" time="0.016" status="passed"/>
			<testcase classname="Проверка чтения не-администраторами - &lt;test&gt;" name="РегистрСведений.ДанныеДляПодбораСотрудников: Проверка доступа на Чтение Не-Администраторами - &lt;test&gt;" time="0" status="passed"/>
			<testcase classname="Проверка чтения не-администраторами - &lt;test&gt;" name="РегистрНакопления.ОтработанноеВремяПоСотрудникамАвансом: Проверка доступа на Чтение Не-Администраторами - &lt;test&gt;" time="0.016" status="passed"/>
			<testcase classname="Проверка чтения не-администраторами - &lt;test&gt;" name="Документ.ПоступлениеОтПереработчика: Проверка доступа на Чтение Не-Администраторами - &lt;test&gt;" time="0.015" status="passed"/>
			<testcase classname="Проверка чтения не-администраторами - &lt;test&gt;" name="Справочник.ТОРО_СхемаДоступностиОбъектовСогласования: Проверка доступа на Чтение Не-Администраторами - &lt;test&gt;" time="0.016" status="passed"/>
			<testcase classname="Проверка чтения не-администраторами - &lt;test&gt;" name="РегистрСведений.НастройкиПроверкиОтчетностиПерсУчета: Проверка доступа на Чтение Не-Администраторами - &lt;test&gt;" time="0" status="passed"/>
			<testcase classname="Проверка чтения не-администраторами - &lt;test&gt;" name="Константа.ПеремещатьТоварыДругихОрганизаций: Проверка доступа на Чтение Не-Администраторами - &lt;test&gt;" time="0" status="passed"/>
			<testcase classname="Проверка чтения не-администраторами - &lt;test&gt;" name="Справочник.ЗаболеванияВЕТИС: Проверка доступа на Чтение Не-Администраторами - &lt;test&gt;" time="0" status="passed"/>
			<testcase classname="Проверка чтения не-администраторами - &lt;test&gt;" name="Константа.ДокументооборотСКонтролирующимиОрганами_СертификатСервераОнлайнПроверки: Проверка доступа на Чтение Не-Администраторами - &lt;test&gt;" time="0" status="passed"/>
			<testcase classname="Проверка чтения не-администраторами - &lt;test&gt;" name="Справочник.ЗначенияСвойствОбъектовИерархия: Проверка доступа на Чтение Не-Администраторами - &lt;test&gt;" time="0.015" status="passed"/>
			<testcase classname="Проверка чтения не-администраторами - &lt;test&gt;" name="Справочник.ТоварныеКатегории: Проверка доступа на Чтение Не-Администраторами - &lt;test&gt;" time="0" status="passed"/>
			<testcase classname="Проверка чтения не-администраторами - &lt;test&gt;" name="РегистрСведений.СостоянияРассылокОтчетов: Проверка доступа на Чтение Не-Администраторами - &lt;test&gt;" time="0" status="passed"/>
			<testcase classname="Проверка чтения не-администраторами - &lt;test&gt;" name="РегистрСведений.НастройкаРаспределенияПоНаправлениямДеятельности: Проверка доступа на Чтение Не-Администраторами - &lt;test&gt;" time="0" status="passed"/>
			<testcase classname="Проверка чтения не-администраторами - &lt;test&gt;" name="РегистрСведений.mdm_СтатистикаОбмена: Проверка доступа на Чтение Не-Администраторами - &lt;test&gt;" time="0" status="passed"/>
			<testcase classname="Проверка чтения не-администраторами - &lt;test&gt;" name="Константа.ИспользоватьОбменСПодключаемымОборудованиемOffline: Проверка доступа на Чтение Не-Администраторами - &lt;test&gt;" time="0" status="passed"/>
			<testcase classname="Проверка чтения не-администраторами - &lt;test&gt;" name="Константа.ВнешнийАдресУправляющегоПриложения: Проверка доступа на Чтение Не-Администраторами - &lt;test&gt;" time="0.015" status="passed"/>
			<testcase classname="Проверка чтения не-администраторами - &lt;test&gt;" name="Константа.УправлениеПредприятием: Проверка доступа на Чтение Не-Администраторами - &lt;test&gt;" time="0" status="passed"/>
			<testcase classname="Проверка чтения не-администраторами - &lt;test&gt;" name="Константа.ТЦИнтервалОпросаУправленияТестированием: Проверка доступа на Чтение Не-Администраторами - &lt;test&gt;" time="0.015" status="passed"/>
			<testcase classname="Проверка чтения не-администраторами - &lt;test&gt;" name="РегистрСведений.СообщенияОбменаДанными: Проверка доступа на Чтение Не-Администраторами - &lt;test&gt;" time="0.032" status="passed"/>
			<testcase classname="Проверка чтения не-администраторами - &lt;test&gt;" name="РегистрСведений.СведенияРеглОтчетАлкоЛицензии: Проверка доступа на Чтение Не-Администраторами - &lt;test&gt;" time="0.016" status="passed"/>
			<testcase classname="Проверка чтения не-администраторами - &lt;test&gt;" name="РегистрНакопления.ВзаиморасчетыСКонтрагентамиАкционерами: Проверка доступа на Чтение Не-Администраторами - &lt;test&gt;" time="0" status="passed"/>
			<testcase classname="Проверка чтения не-администраторами - &lt;test&gt;" name="Константа.КоличествоПериодовABCКлассификацииПартнеров: Проверка доступа на Чтение Не-Администраторами - &lt;test&gt;" time="0" status="passed"/>
			<testcase classname="Проверка чтения не-администраторами - &lt;test&gt;" name="Справочник.ТОРО_НастройкиСостоянийДокументов: Проверка доступа на Чтение Не-Администраторами - &lt;test&gt;" time="0.016" status="passed"/>
			<testcase classname="Проверка чтения не-администраторами - &lt;test&gt;" name="РегистрСведений.ОчередьПроизводственныхОпераций: Проверка доступа на Чтение Не-Администраторами - &lt;test&gt;" time="0.015" status="passed"/>
			<testcase classname="Проверка чтения не-администраторами - &lt;test&gt;" name="Справочник.ОрганизацииПрисоединенныеФайлы: Проверка доступа на Чтение Не-Администраторами - &lt;test&gt;" time="0.078" status="passed"/>
			<testcase classname="Проверка чтения не-администраторами - &lt;test&gt;" name="Константа.ТОРО_ИспользоватьПроксиТТСЭА: Проверка доступа на Чтение Не-Администраторами - &lt;test&gt;" time="0.032" status="passed"/>
			<testcase classname="Проверка чтения не-администраторами - &lt;test&gt;" name="Константа.РазрешатьИзменятьПроверенныеДокументыПоРеглУчету: Проверка доступа на Чтение Не-Администраторами - &lt;test&gt;" time="0.015" status="passed"/>
			<testcase classname="Проверка чтения не-администраторами - &lt;test&gt;" name="РегистрСведений.УдалитьВычетыПоДоходамНДФЛ: Проверка доступа на Чтение Не-Администраторами - &lt;test&gt;" time="0.032" status="passed"/>
			<testcase classname="Проверка чтения не-администраторами - &lt;test&gt;" name="Константа.ИспользоватьПланированиеПроизводства: Проверка доступа на Чтение Не-Администраторами - &lt;test&gt;" time="0" status="passed"/>
			<testcase classname="Проверка чтения не-администраторами - &lt;test&gt;" name="РегистрСведений.СоответствиеНоменклатурыМобильногоПриложения1СЗаказы: Проверка доступа на Чтение Не-Администраторами - &lt;test&gt;" time="0.016" status="passed"/>
			<testcase classname="Проверка чтения не-администраторами - &lt;test&gt;" name="Справочник.ПоставляемыеРасширения: Проверка доступа на Чтение Не-Администраторами - &lt;test&gt;" time="0.031" status="passed"/>
			<testcase classname="Проверка чтения не-администраторами - &lt;test&gt;" name="Справочник.ПремияПрисоединенныеФайлы: Проверка доступа на Чтение Не-Администраторами - &lt;test&gt;" time="0.015" status="passed"/>
			<testcase classname="Проверка чтения не-администраторами - &lt;test&gt;" name="РегистрСведений.ОтсутствияСдвигающиеРабочийГод: Проверка доступа на Чтение Не-Администраторами - &lt;test&gt;" time="0" status="passed"/>
			<testcase classname="Проверка чтения не-администраторами - &lt;test&gt;" name="РегистрНакопления.ДенежныеСредстваКВыплате: Проверка доступа на Чтение Не-Администраторами - &lt;test&gt;" time="0.031" status="passed"/>
			<testcase classname="Проверка чтения не-администраторами - &lt;test&gt;" name="РегистрНакопления.РасходыПриУСН: Проверка доступа на Чтение Не-Администраторами - &lt;test&gt;" time="0" status="passed"/>
			<testcase classname="Проверка чтения не-администраторами - &lt;test&gt;" name="Справочник.ТОРО_ПоказателиОтчетов: Проверка доступа на Чтение Не-Администраторами - &lt;test&gt;" time="0.016" status="passed"/>
			<testcase classname="Проверка чтения не-администраторами - &lt;test&gt;" name="РегистрСведений.РассчитанныеОтборыПоНовостям_Общие: Проверка доступа на Чтение Не-Администраторами - &lt;test&gt;" time="0.015" status="passed"/>
			<testcase classname="Проверка чтения не-администраторами - &lt;test&gt;" name="Константа.ИспользоватьФорматыМагазинов: Проверка доступа на Чтение Не-Администраторами - &lt;test&gt;" time="0.016" status="passed"/>
			<testcase classname="Проверка чтения не-администраторами - &lt;test&gt;" name="Справочник.ЗванияГражданскогоВоинскогоУчета: Проверка доступа на Чтение Не-Администраторами - &lt;test&gt;" time="0" status="passed"/>
			<testcase classname="Проверка чтения не-администраторами - &lt;test&gt;" name="ПланВидовХарактеристик.ОбъектыАдресацииЗадач: Проверка доступа на Чтение Не-Администраторами - &lt;test&gt;" time="0.016" status="passed"/>
			<testcase classname="Проверка чтения не-администраторами - &lt;test&gt;" name="Документ.ЗаявлениеВФССОВозмещенииВыплатРодителямДетейИнвалидов: Проверка доступа на Чтение Не-Администраторами - &lt;test&gt;" time="0.015" status="passed"/>
			<testcase classname="Проверка чтения не-администраторами - &lt;test&gt;" name="Справочник.ТОРО_КлассификаторИПМинэнерго: Проверка доступа на Чтение Не-Администраторами - &lt;test&gt;" time="0.015" status="passed"/>
			<testcase classname="Проверка чтения не-администраторами - &lt;test&gt;" name="РегистрСведений.ТОРО_ЗначенияВесовРанжирования: Проверка доступа на Чтение Не-Администраторами - &lt;test&gt;" time="0.031" status="passed"/>
			<testcase classname="Проверка чтения не-администраторами - &lt;test&gt;" name="Справочник.ТипыДокументовПодтверждающихЛьготуНДС: Проверка доступа на Чтение Не-Администраторами - &lt;test&gt;" time="0.015" status="passed"/>
			<testcase classname="Проверка чтения не-администраторами - &lt;test&gt;" name="Справочник.ТОРО_ПакетыУчетныхДокументов: Проверка доступа на Чтение Не-Администраторами - &lt;test&gt;" time="0.031" status="passed"/>
			<testcase classname="Проверка чтения не-администраторами - &lt;test&gt;" name="РегистрСведений.ШаблоныПечатиМашиночитаемыхФорм: Проверка доступа на Чтение Не-Администраторами - &lt;test&gt;" time="0.015" status="passed"/>
			<testcase classname="Проверка чтения не-администраторами - &lt;test&gt;" name="Константа.НомерЗаданияКПогашениюСтоимостиТМЦВЭксплуатации: Проверка доступа на Чтение Не-Администраторами - &lt;test&gt;" time="0.015" status="passed"/>
			<testcase classname="Проверка чтения не-администраторами - &lt;test&gt;" name="РегистрСведений.КлючиДоступаВнешнихПользователей: Проверка доступа на Чтение Не-Администраторами - &lt;test&gt;" time="0.063" status="failure">
				<failure message="[Failed] Ожидали, что проверяемое значение (Ложь) является ИСТИНОЙ.
РегистрСведений.КлючиДоступаВнешнихПользователей недоступно для чтения ролями без привилегий
{ВнешняяОбработка.УтвержденияBDD.МодульОбъекта(293)}:	ВызватьИсключение Префикс + &quot; &quot; + СообщениеОшибки;
{ВнешняяОбработка.УтвержденияBDD.МодульОбъекта(46)}:		ВызватьОшибкуПроверки(СообщениеОшибки);
{ВнешняяОбработка.УтвержденияBDD.МодульОбъекта(53)}:	Возврат ЭтоИстина();
{ВнешняяОбработка.ПроверкаЧтенияНеАдминистраторами.МодульОбъекта(100)}:	Ожидаем.Что(ЧтениеДоступно, ПолноеИмяМетаданного + &quot; недоступно для чтения ролями без привилегий&quot;).ЕстьИстина();
{(1)}:КонтекстВыполнения.Тест_ПроверитьНеАдминистраторскиеПраваНаЧтение(Параметры[0],Параметры[1]);
{ВнешняяОбработка.xddTestRunner.МодульОбъекта(337)}:	Выполнить(ИcполняемыйКод);
{ВнешняяОбработка.xddTestRunner.МодульОбъекта(261)}:			ВыполнитьПроцедуруКонтекста(КонтекстВыполнения, ЭлементДереваТестов.ИмяМетода, ЭлементДереваТестов.Параметры);
{ВнешняяОбработка.xddTestRunner.Форма.УправляемаяФорма.Форма(913)}:	РезультатТестирования = ОбъектНаСервере.ВыполнитьТестовыйМетод(КонтекстВыполнения, ЭлементДереваТестов);
"/>
			</testcase>
			<testcase classname="Проверка чтения не-администраторами - &lt;test&gt;" name="РегистрСведений.БлокировкиПооперационногоРасписания2_2: Проверка доступа на Чтение Не-Администраторами - &lt;test&gt;" time="0.015" status="passed"/>
			<testcase classname="Проверка чтения не-администраторами - &lt;test&gt;" name="РегистрНакопления.ОбеспечениеЗаказовРаботами: Проверка доступа на Чтение Не-Администраторами - &lt;test&gt;" time="0.016" status="passed"/>
			<testcase classname="Проверка чтения не-администраторами - &lt;test&gt;" name="РегистрСведений.ИнцидентыОграничениеСкоростиОтсылки: Проверка доступа на Чтение Не-Администраторами - &lt;test&gt;" time="0.031" status="passed"/>
			<testcase classname="Проверка чтения не-администраторами - &lt;test&gt;" name="Справочник.ОрганыПФР: Проверка доступа на Чтение Не-Администраторами - &lt;test&gt;" time="0.015" status="passed"/>
			<testcase classname="Проверка чтения не-администраторами - &lt;test&gt;" name="РегистрСведений.БухучетРаботСотрудников: Проверка доступа на Чтение Не-Администраторами - &lt;test&gt;" time="0.078" status="failure">
				<failure message="[Failed] Ожидали, что проверяемое значение (Ложь) является ИСТИНОЙ.
РегистрСведений.БухучетРаботСотрудников недоступно для чтения ролями без привилегий
{ВнешняяОбработка.УтвержденияBDD.МодульОбъекта(293)}:	ВызватьИсключение Префикс + &quot; &quot; + СообщениеОшибки;
{ВнешняяОбработка.УтвержденияBDD.МодульОбъекта(46)}:		ВызватьОшибкуПроверки(СообщениеОшибки);
{ВнешняяОбработка.УтвержденияBDD.МодульОбъекта(53)}:	Возврат ЭтоИстина();
{ВнешняяОбработка.ПроверкаЧтенияНеАдминистраторами.МодульОбъекта(100)}:	Ожидаем.Что(ЧтениеДоступно, ПолноеИмяМетаданного + &quot; недоступно для чтения ролями без привилегий&quot;).ЕстьИстина();
{(1)}:КонтекстВыполнения.Тест_ПроверитьНеАдминистраторскиеПраваНаЧтение(Параметры[0],Параметры[1]);
{ВнешняяОбработка.xddTestRunner.МодульОбъекта(337)}:	Выполнить(ИcполняемыйКод);
{ВнешняяОбработка.xddTestRunner.МодульОбъекта(261)}:			ВыполнитьПроцедуруКонтекста(КонтекстВыполнения, ЭлементДереваТестов.ИмяМетода, ЭлементДереваТестов.Параметры);
{ВнешняяОбработка.xddTestRunner.Форма.УправляемаяФорма.Форма(913)}:	РезультатТестирования = ОбъектНаСервере.ВыполнитьТестовыйМетод(КонтекстВыполнения, ЭлементДереваТестов);
"/>
			</testcase>
			<testcase classname="Проверка чтения не-администраторами - &lt;test&gt;" name="РегистрСведений.ПКУСотрудников: Проверка доступа на Чтение Не-Администраторами - &lt;test&gt;" time="0" status="passed"/>
			<testcase classname="Проверка чтения не-администраторами - &lt;test&gt;" name="Константа.КоличествоПотоковОбновленияИнформационнойБазы: Проверка доступа на Чтение Не-Администраторами - &lt;test&gt;" time="0.015" status="passed"/>
			<testcase classname="Проверка чтения не-администраторами - &lt;test&gt;" name="ПланВидовХарактеристик.РазделыДатЗапретаИзменения: Проверка доступа на Чтение Не-Администраторами - &lt;test&gt;" time="0.015" status="passed"/>
			<testcase classname="Проверка чтения не-администраторами - &lt;test&gt;" name="Справочник.ПричиныОтменыЗаказовКлиентов: Проверка доступа на Чтение Не-Администраторами - &lt;test&gt;" time="0.016" status="passed"/>
			<testcase classname="Проверка чтения не-администраторами - &lt;test&gt;" name="Константа.УдалитьПарольСлужебногоПользователяМенеджераСервиса: Проверка доступа на Чтение Не-Администраторами - &lt;test&gt;" time="0.016" status="passed"/>
			<testcase classname="Проверка чтения не-администраторами - &lt;test&gt;" name="Константа.ТОРО_ВидЦеныПлановойСтоимостиМатериаловИРабот: Проверка доступа на Чтение Не-Администраторами - &lt;test&gt;" time="0.016" status="passed"/>
			<testcase classname="Проверка чтения не-администраторами - &lt;test&gt;" name="Документ.ТОРО_АктПриемаПередачиТехническойДокументации: Проверка доступа на Чтение Не-Администраторами - &lt;test&gt;" time="0.016" status="passed"/>
			<testcase classname="Проверка чтения не-администраторами - &lt;test&gt;" name="РегистрСведений.ТОРО_ПользовательскиеНастройкиОбработок: Проверка доступа на Чтение Не-Администраторами - &lt;test&gt;" time="0.015" status="passed"/>
			<testcase classname="Проверка чтения не-администраторами - &lt;test&gt;" name="РегистрСведений.СведенияОСертификатахОбменСБанками: Проверка доступа на Чтение Не-Администраторами - &lt;test&gt;" time="0" status="passed"/>
			<testcase classname="Проверка чтения не-администраторами - &lt;test&gt;" name="Константа.ВалютаПредставления: Проверка доступа на Чтение Не-Администраторами - &lt;test&gt;" time="0.016" status="passed"/>
			<testcase classname="Проверка чтения не-администраторами - &lt;test&gt;" name="РегистрСведений.МножителиПартийИПолуфабрикатов: Проверка доступа на Чтение Не-Администраторами - &lt;test&gt;" time="0.031" status="passed"/>
			<testcase classname="Проверка чтения не-администраторами - &lt;test&gt;" name="Справочник.ПачкаРазделов6РасчетаРСВ_1ПрисоединенныеФайлы: Проверка доступа на Чтение Не-Администраторами - &lt;test&gt;" time="0.016" status="passed"/>
			<testcase classname="Проверка чтения не-администраторами - &lt;test&gt;" name="Справочник.ПланПроизводстваПрисоединенныеФайлы: Проверка доступа на Чтение Не-Администраторами - &lt;test&gt;" time="0" status="passed"/>
			<testcase classname="Проверка чтения не-администраторами - &lt;test&gt;" name="Справочник.ТОРО_ЗаявкаНаИзменениеНСИПрисоединенныеФайлы: Проверка доступа на Чтение Не-Администраторами - &lt;test&gt;" time="0.016" status="passed"/>
			<testcase classname="Проверка чтения не-администраторами - &lt;test&gt;" name="Документ.СчетФактураВыданный: Проверка доступа на Чтение Не-Администраторами - &lt;test&gt;" time="0" status="passed"/>
			<testcase classname="Проверка чтения не-администраторами - &lt;test&gt;" name="Константа.ИспользоватьСинхронизациюДанныхВМоделиСервисаСЛокальнойПрограммой: Проверка доступа на Чтение Не-Администраторами - &lt;test&gt;" time="0.016" status="passed"/>
			<testcase classname="Проверка чтения не-администраторами - &lt;test&gt;" name="Справочник.УпаковкиВЕТИС: Проверка доступа на Чтение Не-Администраторами - &lt;test&gt;" time="0.016" status="passed"/>
			<testcase classname="Проверка чтения не-администраторами - &lt;test&gt;" name="Справочник.ДокументыРеализацииПолномочийНалоговыхОрганов: Проверка доступа на Чтение Не-Администраторами - &lt;test&gt;" time="0.015" status="passed"/>
			<testcase classname="Проверка чтения не-администраторами - &lt;test&gt;" name="Справочник.ПереносОтпускаПрисоединенныеФайлы: Проверка доступа на Чтение Не-Администраторами - &lt;test&gt;" time="0" status="passed"/>
			<testcase classname="Проверка чтения не-администраторами - &lt;test&gt;" name="ПланВидовХарактеристик.ДолжностиПодключаемыеХарактеристики: Проверка доступа на Чтение Не-Администраторами - &lt;test&gt;" time="0.016" status="passed"/>
			<testcase classname="Проверка чтения не-администраторами - &lt;test&gt;" name="ПланСчетов.Хозрасчетный: Проверка доступа на Чтение Не-Администраторами - &lt;test&gt;" time="0" status="passed"/>
			<testcase classname="Проверка чтения не-администраторами - &lt;test&gt;" name="РегистрСведений.ТОРО_НастройкиОповещений: Проверка доступа на Чтение Не-Администраторами - &lt;test&gt;" time="0.015" status="passed"/>
			<testcase classname="Проверка чтения не-администраторами - &lt;test&gt;" name="РегистрСведений.РаспределениеРезультатовНачислений: Проверка доступа на Чтение Не-Администраторами - &lt;test&gt;" time="0" status="passed"/>
			<testcase classname="Проверка чтения не-администраторами - &lt;test&gt;" name="Документ.КнигаПродажДляПередачиВЭлектронномВиде: Проверка доступа на Чтение Не-Администраторами - &lt;test&gt;" time="0" status="passed"/>
			<testcase classname="Проверка чтения не-администраторами - &lt;test&gt;" name="Справочник.ГруппыОСМеждународныйУчет: Проверка доступа на Чтение Не-Администраторами - &lt;test&gt;" time="0.016" status="passed"/>
			<testcase classname="Проверка чтения не-администраторами - &lt;test&gt;" name="РегистрСведений.МестоУчетаНМА: Проверка доступа на Чтение Не-Администраторами - &lt;test&gt;" time="0.016" status="passed"/>
			<testcase classname="Проверка чтения не-администраторами - &lt;test&gt;" name="РегистрСведений.УдалитьНачальныеОстаткиОтпусков: Проверка доступа на Чтение Не-Администраторами - &lt;test&gt;" time="0.078" status="failure">
				<failure message="[Failed] Ожидали, что проверяемое значение (Ложь) является ИСТИНОЙ.
РегистрСведений.УдалитьНачальныеОстаткиОтпусков недоступно для чтения ролями без привилегий
{ВнешняяОбработка.УтвержденияBDD.МодульОбъекта(293)}:	ВызватьИсключение Префикс + &quot; &quot; + СообщениеОшибки;
{ВнешняяОбработка.УтвержденияBDD.МодульОбъекта(46)}:		ВызватьОшибкуПроверки(СообщениеОшибки);
{ВнешняяОбработка.УтвержденияBDD.МодульОбъекта(53)}:	Возврат ЭтоИстина();
{ВнешняяОбработка.ПроверкаЧтенияНеАдминистраторами.МодульОбъекта(100)}:	Ожидаем.Что(ЧтениеДоступно, ПолноеИмяМетаданного + &quot; недоступно для чтения ролями без привилегий&quot;).ЕстьИстина();
{(1)}:КонтекстВыполнения.Тест_ПроверитьНеАдминистраторскиеПраваНаЧтение(Параметры[0],Параметры[1]);
{ВнешняяОбработка.xddTestRunner.МодульОбъекта(337)}:	Выполнить(ИcполняемыйКод);
{ВнешняяОбработка.xddTestRunner.МодульОбъекта(261)}:			ВыполнитьПроцедуруКонтекста(КонтекстВыполнения, ЭлементДереваТестов.ИмяМетода, ЭлементДереваТестов.Параметры);
{ВнешняяОбработка.xddTestRunner.Форма.УправляемаяФорма.Форма(913)}:	РезультатТестирования = ОбъектНаСервере.ВыполнитьТестовыйМетод(КонтекстВыполнения, ЭлементДереваТестов);
"/>
			</testcase>
			<testcase classname="Проверка чтения не-администраторами - &lt;test&gt;" name="Константа.ИнтервалЗапросаИзмененныхДанныхВЕТИС: Проверка доступа на Чтение Не-Администраторами - &lt;test&gt;" time="0" status="passed"/>
			<testcase classname="Проверка чтения не-администраторами - &lt;test&gt;" name="Справочник.ЦелевыеСредства: Проверка доступа на Чтение Не-Администраторами - &lt;test&gt;" time="0.015" status="passed"/>
			<testcase classname="Проверка чтения не-администраторами - &lt;test&gt;" name="Справочник.ВариантыАнализаЦелевыхПоказателей: Проверка доступа на Чтение Не-Администраторами - &lt;test&gt;" time="0" status="passed"/>
			<testcase classname="Проверка чтения не-администраторами - &lt;test&gt;" name="РегистрСведений.НазначениеДополнительныхОбработок: Проверка доступа на Чтение Не-Администраторами - &lt;test&gt;" time="0.016" status="passed"/>
			<testcase classname="Проверка чтения не-администраторами - &lt;test&gt;" name="РегистрСведений.ТОРО_СостоянияДокументовНарушений: Проверка доступа на Чтение Не-Администраторами - &lt;test&gt;" time="0.016" status="passed"/>
			<testcase classname="Проверка чтения не-администраторами - &lt;test&gt;" name="РегистрНакопления.ВыручкаИСебестоимостьПродаж: Проверка доступа на Чтение Не-Администраторами - &lt;test&gt;" time="0.016" status="passed"/>
			<testcase classname="Проверка чтения не-администраторами - &lt;test&gt;" name="РегистрСведений.ТОРО_РодителиТехОбъектов: Проверка доступа на Чтение Не-Администраторами - &lt;test&gt;" time="0.016" status="passed"/>
			<testcase classname="Проверка чтения не-администраторами - &lt;test&gt;" name="Константа.ИспользованиеЭтаповОплатыВПродажах: Проверка доступа на Чтение Не-Администраторами - &lt;test&gt;" time="0" status="passed"/>
			<testcase classname="Проверка чтения не-администраторами - &lt;test&gt;" name="РегистрСведений.ПакетыОтчетности: Проверка доступа на Чтение Не-Администраторами - &lt;test&gt;" time="0.062" status="failure">
				<failure message="[Failed] Ожидали, что проверяемое значение (Ложь) является ИСТИНОЙ.
РегистрСведений.ПакетыОтчетности недоступно для чтения ролями без привилегий
{ВнешняяОбработка.УтвержденияBDD.МодульОбъекта(293)}:	ВызватьИсключение Префикс + &quot; &quot; + СообщениеОшибки;
{ВнешняяОбработка.УтвержденияBDD.МодульОбъекта(46)}:		ВызватьОшибкуПроверки(СообщениеОшибки);
{ВнешняяОбработка.УтвержденияBDD.МодульОбъекта(53)}:	Возврат ЭтоИстина();
{ВнешняяОбработка.ПроверкаЧтенияНеАдминистраторами.МодульОбъекта(100)}:	Ожидаем.Что(ЧтениеДоступно, ПолноеИмяМетаданного + &quot; недоступно для чтения ролями без привилегий&quot;).ЕстьИстина();
{(1)}:КонтекстВыполнения.Тест_ПроверитьНеАдминистраторскиеПраваНаЧтение(Параметры[0],Параметры[1]);
{ВнешняяОбработка.xddTestRunner.МодульОбъекта(337)}:	Выполнить(ИcполняемыйКод);
{ВнешняяОбработка.xddTestRunner.МодульОбъекта(261)}:			ВыполнитьПроцедуруКонтекста(КонтекстВыполнения, ЭлементДереваТестов.ИмяМетода, ЭлементДереваТестов.Параметры);
{ВнешняяОбработка.xddTestRunner.Форма.УправляемаяФорма.Форма(913)}:	РезультатТестирования = ОбъектНаСервере.ВыполнитьТестовыйМетод(КонтекстВыполнения, ЭлементДереваТестов);
"/>
			</testcase>
			<testcase classname="Проверка чтения не-администраторами - &lt;test&gt;" name="Справочник.ТОРО_ФормализованныйОтчетПрисоединенныеФайлы: Проверка доступа на Чтение Не-Администраторами - &lt;test&gt;" time="0.016" status="passed"/>
			<testcase classname="Проверка чтения не-администраторами - &lt;test&gt;" name="Справочник.УченыеЗвания: Проверка доступа на Чтение Не-Администраторами - &lt;test&gt;" time="0" status="passed"/>
			<testcase classname="Проверка чтения не-администраторами - &lt;test&gt;" name="Справочник.ПартииТМЦВЭксплуатации: Проверка доступа на Чтение Не-Администраторами - &lt;test&gt;" time="0.016" status="passed"/>
			<testcase classname="Проверка чтения не-администраторами - &lt;test&gt;" name="Документ.СторнированиеНачислений: Проверка доступа на Чтение Не-Администраторами - &lt;test&gt;" time="0.015" status="passed"/>
			<testcase classname="Проверка чтения не-администраторами - &lt;test&gt;" name="Справочник.МоделиБюджетированияПрисоединенныеФайлы: Проверка доступа на Чтение Не-Администраторами - &lt;test&gt;" time="0.031" status="passed"/>
			<testcase classname="Проверка чтения не-администраторами - &lt;test&gt;" name="Справочник.ТОРО_ЕдиницыОборудованияПрисоединенныеФайлы: Проверка доступа на Чтение Не-Администраторами - &lt;test&gt;" time="0.031" status="passed"/>
			<testcase classname="Проверка чтения не-администраторами - &lt;test&gt;" name="Документ.КорректировкаПриобретения: Проверка доступа на Чтение Не-Администраторами - &lt;test&gt;" time="0.015" status="passed"/>
			<testcase classname="Проверка чтения не-администраторами - &lt;test&gt;" name="Справочник.ТОРО_ПроведениеВходногоКонтроляПрисоединенныеФайлы: Проверка доступа на Чтение Не-Администраторами - &lt;test&gt;" time="0.016" status="passed"/>
			<testcase classname="Проверка чтения не-администраторами - &lt;test&gt;" name="Константа.ИспользоватьДатуИВремяВСрокахЗадач: Проверка доступа на Чтение Не-Администраторами - &lt;test&gt;" time="0" status="passed"/>
			<testcase classname="Проверка чтения не-администраторами - &lt;test&gt;" name="Константа.СоздаватьЭлектронныеПодписиНаСервере: Проверка доступа на Чтение Не-Администраторами - &lt;test&gt;" time="0.016" status="passed"/>
			<testcase classname="Проверка чтения не-администраторами - &lt;test&gt;" name="РегистрСведений.ЖурналСобытийОбменСБанками: Проверка доступа на Чтение Не-Администраторами - &lt;test&gt;" time="0.016" status="passed"/>
			<testcase classname="Проверка чтения не-администраторами - &lt;test&gt;" name="Справочник.УдалитьДокументыРеализацииПолномочийНалоговыхОрганов: Проверка доступа на Чтение Не-Администраторами - &lt;test&gt;" time="0.063" status="failure">
				<failure message="[Failed] Ожидали, что проверяемое значение (Ложь) является ИСТИНОЙ.
Справочник.УдалитьДокументыРеализацииПолномочийНалоговыхОрганов недоступно для чтения ролями без привилегий
{ВнешняяОбработка.УтвержденияBDD.МодульОбъекта(293)}:	ВызватьИсключение Префикс + &quot; &quot; + СообщениеОшибки;
{ВнешняяОбработка.УтвержденияBDD.МодульОбъекта(46)}:		ВызватьОшибкуПроверки(СообщениеОшибки);
{ВнешняяОбработка.УтвержденияBDD.МодульОбъекта(53)}:	Возврат ЭтоИстина();
{ВнешняяОбработка.ПроверкаЧтенияНеАдминистраторами.МодульОбъекта(100)}:	Ожидаем.Что(ЧтениеДоступно, ПолноеИмяМетаданного + &quot; недоступно для чтения ролями без привилегий&quot;).ЕстьИстина();
{(1)}:КонтекстВыполнения.Тест_ПроверитьНеАдминистраторскиеПраваНаЧтение(Параметры[0],Параметры[1]);
{ВнешняяОбработка.xddTestRunner.МодульОбъекта(337)}:	Выполнить(ИcполняемыйКод);
{ВнешняяОбработка.xddTestRunner.МодульОбъекта(261)}:			ВыполнитьПроцедуруКонтекста(КонтекстВыполнения, ЭлементДереваТестов.ИмяМетода, ЭлементДереваТестов.Параметры);
{ВнешняяОбработка.xddTestRunner.Форма.УправляемаяФорма.Форма(913)}:	РезультатТестирования = ОбъектНаСервере.ВыполнитьТестовыйМетод(КонтекстВыполнения, ЭлементДереваТестов);
"/>
			</testcase>
			<testcase classname="Проверка чтения не-администраторами - &lt;test&gt;" name="Константа.ИспользуетсяЕНВДВБюджетномУчреждении: Проверка доступа на Чтение Не-Администраторами - &lt;test&gt;" time="0.016" status="passed"/>
			<testcase classname="Проверка чтения не-администраторами - &lt;test&gt;" name="Справочник.ВнешниеПользователи: Проверка доступа на Чтение Не-Администраторами - &lt;test&gt;" time="0" status="passed"/>
			<testcase classname="Проверка чтения не-администраторами - &lt;test&gt;" name="Справочник.ОбъектыЭксплуатации: Проверка доступа на Чтение Не-Администраторами - &lt;test&gt;" time="0" status="passed"/>
			<testcase classname="Проверка чтения не-администраторами - &lt;test&gt;" name="Документ.ПланСборкиРазборки: Проверка доступа на Чтение Не-Администраторами - &lt;test&gt;" time="0" status="passed"/>
			<testcase classname="Проверка чтения не-администраторами - &lt;test&gt;" name="Константа.ИспользоватьЗаданияТорговымПредставителямДляПланирования: Проверка доступа на Чтение Не-Администраторами - &lt;test&gt;" time="0" status="passed"/>
			<testcase classname="Проверка чтения не-администраторами - &lt;test&gt;" name="Константа.ИспользоватьТТН: Проверка доступа на Чтение Не-Администраторами - &lt;test&gt;" time="0.016" status="passed"/>
			<testcase classname="Проверка чтения не-администраторами - &lt;test&gt;" name="РегистрСведений.ДанныеОбработанныеВЦентральномУзлеРИБ: Проверка доступа на Чтение Не-Администраторами - &lt;test&gt;" time="0.062" status="failure">
				<failure message="[Failed] Ожидали, что проверяемое значение (Ложь) является ИСТИНОЙ.
РегистрСведений.ДанныеОбработанныеВЦентральномУзлеРИБ недоступно для чтения ролями без привилегий
{ВнешняяОбработка.УтвержденияBDD.МодульОбъекта(293)}:	ВызватьИсключение Префикс + &quot; &quot; + СообщениеОшибки;
{ВнешняяОбработка.УтвержденияBDD.МодульОбъекта(46)}:		ВызватьОшибкуПроверки(СообщениеОшибки);
{ВнешняяОбработка.УтвержденияBDD.МодульОбъекта(53)}:	Возврат ЭтоИстина();
{ВнешняяОбработка.ПроверкаЧтенияНеАдминистраторами.МодульОбъекта(100)}:	Ожидаем.Что(ЧтениеДоступно, ПолноеИмяМетаданного + &quot; недоступно для чтения ролями без привилегий&quot;).ЕстьИстина();
{(1)}:КонтекстВыполнения.Тест_ПроверитьНеАдминистраторскиеПраваНаЧтение(Параметры[0],Параметры[1]);
{ВнешняяОбработка.xddTestRunner.МодульОбъекта(337)}:	Выполнить(ИcполняемыйКод);
{ВнешняяОбработка.xddTestRunner.МодульОбъекта(261)}:			ВыполнитьПроцедуруКонтекста(КонтекстВыполнения, ЭлементДереваТестов.ИмяМетода, ЭлементДереваТестов.Параметры);
{ВнешняяОбработка.xddTestRunner.Форма.УправляемаяФорма.Форма(913)}:	РезультатТестирования = ОбъектНаСервере.ВыполнитьТестовыйМетод(КонтекстВыполнения, ЭлементДереваТестов);
"/>
			</testcase>
			<testcase classname="Проверка чтения не-администраторами - &lt;test&gt;" name="Документ.ВозвратТоваровОтКлиента: Проверка доступа на Чтение Не-Администраторами - &lt;test&gt;" time="0" status="passed"/>
			<testcase classname="Проверка чтения не-администраторами - &lt;test&gt;" name="РегистрСведений.МестаВыплатыЗарплатыСотрудников: Проверка доступа на Чтение Не-Администраторами - &lt;test&gt;" time="0.016" status="passed"/>
			<testcase classname="Проверка чтения не-администраторами - &lt;test&gt;" name="Константа.ИспользоватьПроверкуКонтрагентов: Проверка доступа на Чтение Не-Администраторами - &lt;test&gt;" time="0" status="passed"/>
			<testcase classname="Проверка чтения не-администраторами - &lt;test&gt;" name="РегистрСведений.БронированиеСотрудников: Проверка доступа на Чтение Не-Администраторами - &lt;test&gt;" time="0" status="passed"/>
			<testcase classname="Проверка чтения не-администраторами - &lt;test&gt;" name="РегистрСведений.ТОРО_ПринятыеЧастиПакета: Проверка доступа на Чтение Не-Администраторами - &lt;test&gt;" time="0.031" status="passed"/>
			<testcase classname="Проверка чтения не-администраторами - &lt;test&gt;" name="Справочник.Субконто: Проверка доступа на Чтение Не-Администраторами - &lt;test&gt;" time="0" status="passed"/>
			<testcase classname="Проверка чтения не-администраторами - &lt;test&gt;" name="Документ.ПодтверждениеЗачисленияЗарплаты: Проверка доступа на Чтение Не-Администраторами - &lt;test&gt;" time="0.016" status="passed"/>
			<testcase classname="Проверка чтения не-администраторами - &lt;test&gt;" name="Константа.КоличествоДнейХраненияОтложенныхЧеков: Проверка доступа на Чтение Не-Администраторами - &lt;test&gt;" time="0" status="passed"/>
			<testcase classname="Проверка чтения не-администраторами - &lt;test&gt;" name="Справочник.ВидыОбщественноПолезнойДеятельностиСЗВК: Проверка доступа на Чтение Не-Администраторами - &lt;test&gt;" time="0" status="passed"/>
			<testcase classname="Проверка чтения не-администраторами - &lt;test&gt;" name="РегистрСведений.ТОРО_ПланыВоздействийПоЗаказам: Проверка доступа на Чтение Не-Администраторами - &lt;test&gt;" time="0.032" status="passed"/>
			<testcase classname="Проверка чтения не-администраторами - &lt;test&gt;" name="РегистрСведений.СостоянияВнутреннихЗаказов: Проверка доступа на Чтение Не-Администраторами - &lt;test&gt;" time="0.016" status="passed"/>
			<testcase classname="Проверка чтения не-администраторами - &lt;test&gt;" name="Константа.ИспользоватьАктыРасхожденийПослеОтгрузкиПоПередачамХранителю: Проверка доступа на Чтение Не-Администраторами - &lt;test&gt;" time="0" status="passed"/>
			<testcase classname="Проверка чтения не-администраторами - &lt;test&gt;" name="Документ.ПланЗакупок: Проверка доступа на Чтение Не-Администраторами - &lt;test&gt;" time="0" status="passed"/>
			<testcase classname="Проверка чтения не-администраторами - &lt;test&gt;" name="Справочник.КадровыйПереводСпискомПрисоединенныеФайлы: Проверка доступа на Чтение Не-Администраторами - &lt;test&gt;" time="0" status="passed"/>
			<testcase classname="Проверка чтения не-администраторами - &lt;test&gt;" name="Константа.НомерЗаданияОтраженияЭкземпляровБюджетов: Проверка доступа на Чтение Не-Администраторами - &lt;test&gt;" time="0" status="passed"/>
			<testcase classname="Проверка чтения не-администраторами - &lt;test&gt;" name="ПланВидовХарактеристик.КатегорииНовостей: Проверка доступа на Чтение Не-Администраторами - &lt;test&gt;" time="0.015" status="passed"/>
			<testcase classname="Проверка чтения не-администраторами - &lt;test&gt;" name="Справочник.ШаблоныЗаданийОчереди: Проверка доступа на Чтение Не-Администраторами - &lt;test&gt;" time="0.031" status="passed"/>
			<testcase classname="Проверка чтения не-администраторами - &lt;test&gt;" name="Справочник.КлючиАналитикиУчетаПартий: Проверка доступа на Чтение Не-Администраторами - &lt;test&gt;" time="0" status="passed"/>
			<testcase classname="Проверка чтения не-администраторами - &lt;test&gt;" name="Справочник.ПриобретениеУслугПрочихАктивовПрисоединенныеФайлы: Проверка доступа на Чтение Не-Администраторами - &lt;test&gt;" time="0.015" status="passed"/>
			<testcase classname="Проверка чтения не-администраторами - &lt;test&gt;" name="Документ.ИсходящаяСправкаОЗаработкеДляРасчетаПособий: Проверка доступа на Чтение Не-Администраторами - &lt;test&gt;" time="0.015" status="passed"/>
			<testcase classname="Проверка чтения не-администраторами - &lt;test&gt;" name="Константа.ИспользоватьРасширенныеВозможностиЗаказаКлиента: Проверка доступа на Чтение Не-Администраторами - &lt;test&gt;" time="0.015" status="passed"/>
			<testcase classname="Проверка чтения не-администраторами - &lt;test&gt;" name="Константа.РазрешитьОбособлениеТоваровСверхПотребности: Проверка доступа на Чтение Не-Администраторами - &lt;test&gt;" time="0" status="passed"/>
			<testcase classname="Проверка чтения не-администраторами - &lt;test&gt;" name="РегистрНакопления.ДетализацияПартийТоваровДляНДСиУСН: Проверка доступа на Чтение Не-Администраторами - &lt;test&gt;" time="0.032" status="passed"/>
			<testcase classname="Проверка чтения не-администраторами - &lt;test&gt;" name="Документ.ПоступлениеБезналичныхДенежныхСредств: Проверка доступа на Чтение Не-Администраторами - &lt;test&gt;" time="0" status="passed"/>
			<testcase classname="Проверка чтения не-администраторами - &lt;test&gt;" name="Справочник.ТОРО_ТипыИсточниковНормирования: Проверка доступа на Чтение Не-Администраторами - &lt;test&gt;" time="0.016" status="passed"/>
			<testcase classname="Проверка чтения не-администраторами - &lt;test&gt;" name="Документ.КомпенсацияЗаЗадержкуЗарплаты: Проверка доступа на Чтение Не-Администраторами - &lt;test&gt;" time="0" status="passed"/>
			<testcase classname="Проверка чтения не-администраторами - &lt;test&gt;" name="Справочник.ТОРО_ТиповыеУзлы: Проверка доступа на Чтение Не-Администраторами - &lt;test&gt;" time="0.016" status="passed"/>
			<testcase classname="Проверка чтения не-администраторами - &lt;test&gt;" name="РегистрСведений.НастройкиОбменаМинобороны: Проверка доступа на Чтение Не-Администраторами - &lt;test&gt;" time="0.015" status="passed"/>
			<testcase classname="Проверка чтения не-администраторами - &lt;test&gt;" name="Справочник.ПрофилиНастроекЭДО: Проверка доступа на Чтение Не-Администраторами - &lt;test&gt;" time="0.016" status="passed"/>
			<testcase classname="Проверка чтения не-администраторами - &lt;test&gt;" name="Справочник.ТОРО_ПонижающиеКоэффициентыДляТО: Проверка доступа на Чтение Не-Администраторами - &lt;test&gt;" time="0.016" status="passed"/>
			<testcase classname="Проверка чтения не-администраторами - &lt;test&gt;" name="Справочник.ТОРО_СводноеВыполнениеЗаказовПрисоединенныеФайлы: Проверка доступа на Чтение Не-Администраторами - &lt;test&gt;" time="0.015" status="passed"/>
			<testcase classname="Проверка чтения не-администраторами - &lt;test&gt;" name="Документ.ТОРО_КорректировкаЗаказаНаТПиР: Проверка доступа на Чтение Не-Администраторами - &lt;test&gt;" time="0.016" status="passed"/>
			<testcase classname="Проверка чтения не-администраторами - &lt;test&gt;" name="Константа.НеЗакрыватьЗаказыНаВнутреннееПотреблениеБезПолнойОтгрузки: Проверка доступа на Чтение Не-Администраторами - &lt;test&gt;" time="0" status="passed"/>
			<testcase classname="Проверка чтения не-администраторами - &lt;test&gt;" name="РегистрСведений.ТОРО_СтатусыДокументовРасчетаИТС: Проверка доступа на Чтение Не-Администраторами - &lt;test&gt;" time="0.015" status="passed"/>
			<testcase classname="Проверка чтения не-администраторами - &lt;test&gt;" name="Документ.УведомлениеОбОтгрузкеМаркированныхТоваровГИСМ: Проверка доступа на Чтение Не-Администраторами - &lt;test&gt;" time="0.015" status="passed"/>
			<testcase classname="Проверка чтения не-администраторами - &lt;test&gt;" name="Справочник.ГрафикиРаботыСотрудников: Проверка доступа на Чтение Не-Администраторами - &lt;test&gt;" time="0" status="passed"/>
			<testcase classname="Проверка чтения не-администраторами - &lt;test&gt;" name="РегистрСведений.СтандартныеВычетыНаДетейНДФЛ: Проверка доступа на Чтение Не-Администраторами - &lt;test&gt;" time="0.015" status="passed"/>
			<testcase classname="Проверка чтения не-администраторами - &lt;test&gt;" name="Константа.ДатаНачалаРегистрацииЗакупокПоЕГАИС: Проверка доступа на Чтение Не-Администраторами - &lt;test&gt;" time="0" status="passed"/>
			<testcase classname="Проверка чтения не-администраторами - &lt;test&gt;" name="Константа.СведенияОбОбновленииИБ: Проверка доступа на Чтение Не-Администраторами - &lt;test&gt;" time="0" status="passed"/>
			<testcase classname="Проверка чтения не-администраторами - &lt;test&gt;" name="РегистрСведений.СведенияРеглОтчетАлкоПрил16Декларация: Проверка доступа на Чтение Не-Администраторами - &lt;test&gt;" time="0.016" status="passed"/>
			<testcase classname="Проверка чтения не-администраторами - &lt;test&gt;" name="Константа.ИспользоватьАльтернативныйСерверДляЗагрузкиКлассификатораБанков: Проверка доступа на Чтение Не-Администраторами - &lt;test&gt;" time="0.016" status="passed"/>
			<testcase classname="Проверка чтения не-администраторами - &lt;test&gt;" name="РегистрСведений.ЗначенияПоказателейНачислений: Проверка доступа на Чтение Не-Администраторами - &lt;test&gt;" time="0" status="passed"/>
			<testcase classname="Проверка чтения не-администраторами - &lt;test&gt;" name="Константа.ИдентификаторИнформационнойБазы: Проверка доступа на Чтение Не-Администраторами - &lt;test&gt;" time="0" status="passed"/>
			<testcase classname="Проверка чтения не-администраторами - &lt;test&gt;" name="Константа.КоличествоДнейХраненияЗаархивированныхЧеков: Проверка доступа на Чтение Не-Администраторами - &lt;test&gt;" time="0" status="passed"/>
			<testcase classname="Проверка чтения не-администраторами - &lt;test&gt;" name="Справочник.ТОРО_ОтветственныеЛица: Проверка доступа на Чтение Не-Администраторами - &lt;test&gt;" time="0.016" status="passed"/>
			<testcase classname="Проверка чтения не-администраторами - &lt;test&gt;" name="ПланОбмена.ТОРО_МобильныйОбходчик: Проверка доступа на Чтение Не-Администраторами - &lt;test&gt;" time="0.016" status="passed"/>
			<testcase classname="Проверка чтения не-администраторами - &lt;test&gt;" name="РегистрНакопления.ПлановыеМатериальныеЗатраты: Проверка доступа на Чтение Не-Администраторами - &lt;test&gt;" time="0.016" status="passed"/>
			<testcase classname="Проверка чтения не-администраторами - &lt;test&gt;" name="Константа.НеЗакрыватьЗаказыПоставщикамБезПолногоПоступления: Проверка доступа на Чтение Не-Администраторами - &lt;test&gt;" time="0" status="passed"/>
			<testcase classname="Проверка чтения не-администраторами - &lt;test&gt;" name="Документ.ТОРО_АктПриемаПередачиМестаПроизводстваРабот: Проверка доступа на Чтение Не-Администраторами - &lt;test&gt;" time="0.015" status="passed"/>
			<testcase classname="Проверка чтения не-администраторами - &lt;test&gt;" name="РегистрСведений.РасценкиРаботСотрудников: Проверка доступа на Чтение Не-Администраторами - &lt;test&gt;" time="0" status="passed"/>
			<testcase classname="Проверка чтения не-администраторами - &lt;test&gt;" name="Справочник.ГруппыФинансовогоУчетаНоменклатуры: Проверка доступа на Чтение Не-Администраторами - &lt;test&gt;" time="0" status="passed"/>
			<testcase classname="Проверка чтения не-администраторами - &lt;test&gt;" name="Документ.ПачкаДокументовСЗВ_6_4: Проверка доступа на Чтение Не-Администраторами - &lt;test&gt;" time="0" status="passed"/>
			<testcase classname="Проверка чтения не-администраторами - &lt;test&gt;" name="Константа.ИспользуютсяПрофилиБезопасности: Проверка доступа на Чтение Не-Администраторами - &lt;test&gt;" time="0.016" status="passed"/>
			<testcase classname="Проверка чтения не-администраторами - &lt;test&gt;" name="РегистрНакопления.СведенияОДоходахНДФЛ: Проверка доступа на Чтение Не-Администраторами - &lt;test&gt;" time="0" status="passed"/>
			<testcase classname="Проверка чтения не-администраторами - &lt;test&gt;" name="Константа.ОтветственныйВДокументах: Проверка доступа на Чтение Не-Администраторами - &lt;test&gt;" time="0" status="passed"/>
			<testcase classname="Проверка чтения не-администраторами - &lt;test&gt;" name="Константа.ИспользоватьПередачиТоваровМеждуОрганизациями: Проверка доступа на Чтение Не-Администраторами - &lt;test&gt;" time="0.016" status="passed"/>
			<testcase classname="Проверка чтения не-администраторами - &lt;test&gt;" name="Справочник.ВзаимозачетЗадолженностиПрисоединенныеФайлы: Проверка доступа на Чтение Не-Администраторами - &lt;test&gt;" time="0" status="passed"/>
			<testcase classname="Проверка чтения не-администраторами - &lt;test&gt;" name="Константа.ИспользоватьВалютныеПлатежи: Проверка доступа на Чтение Не-Администраторами - &lt;test&gt;" time="0" status="passed"/>
			<testcase classname="Проверка чтения не-администраторами - &lt;test&gt;" name="Константа.ИспользоватьНапоминанияПользователя: Проверка доступа на Чтение Не-Администраторами - &lt;test&gt;" time="0" status="passed"/>
			<testcase classname="Проверка чтения не-администраторами - &lt;test&gt;" name="РегистрСведений.ПрименениеДополнительныхПериодическихПоказателейРасчетаЗарплатыСотрудников: Проверка доступа на Чтение Не-Администраторами - &lt;test&gt;" time="0" status="passed"/>
			<testcase classname="Проверка чтения не-администраторами - &lt;test&gt;" name="Константа.СписокЗапрещенныхРасширений: Проверка доступа на Чтение Не-Администраторами - &lt;test&gt;" time="0" status="passed"/>
			<testcase classname="Проверка чтения не-администраторами - &lt;test&gt;" name="РегистрСведений.КлючиДоступаНаборовГруппДоступа: Проверка доступа на Чтение Не-Администраторами - &lt;test&gt;" time="0.062" status="failure">
				<failure message="[Failed] Ожидали, что проверяемое значение (Ложь) является ИСТИНОЙ.
РегистрСведений.КлючиДоступаНаборовГруппДоступа недоступно для чтения ролями без привилегий
{ВнешняяОбработка.УтвержденияBDD.МодульОбъекта(293)}:	ВызватьИсключение Префикс + &quot; &quot; + СообщениеОшибки;
{ВнешняяОбработка.УтвержденияBDD.МодульОбъекта(46)}:		ВызватьОшибкуПроверки(СообщениеОшибки);
{ВнешняяОбработка.УтвержденияBDD.МодульОбъекта(53)}:	Возврат ЭтоИстина();
{ВнешняяОбработка.ПроверкаЧтенияНеАдминистраторами.МодульОбъекта(100)}:	Ожидаем.Что(ЧтениеДоступно, ПолноеИмяМетаданного + &quot; недоступно для чтения ролями без привилегий&quot;).ЕстьИстина();
{(1)}:КонтекстВыполнения.Тест_ПроверитьНеАдминистраторскиеПраваНаЧтение(Параметры[0],Параметры[1]);
{ВнешняяОбработка.xddTestRunner.МодульОбъекта(337)}:	Выполнить(ИcполняемыйКод);
{ВнешняяОбработка.xddTestRunner.МодульОбъекта(261)}:			ВыполнитьПроцедуруКонтекста(КонтекстВыполнения, ЭлементДереваТестов.ИмяМетода, ЭлементДереваТестов.Параметры);
{ВнешняяОбработка.xddTestRunner.Форма.УправляемаяФорма.Форма(913)}:	РезультатТестирования = ОбъектНаСервере.ВыполнитьТестовыйМетод(КонтекстВыполнения, ЭлементДереваТестов);
"/>
			</testcase>
			<testcase classname="Проверка чтения не-администраторами - &lt;test&gt;" name="РегистрСведений.СтандартныеВычетыПоНДФЛВторичный: Проверка доступа на Чтение Не-Администраторами - &lt;test&gt;" time="0.015" status="passed"/>
			<testcase classname="Проверка чтения не-администраторами - &lt;test&gt;" name="РегистрНакопления.ПартииПроизводственныхЗатрат: Проверка доступа на Чтение Не-Администраторами - &lt;test&gt;" time="0.015" status="passed"/>
			<testcase classname="Проверка чтения не-администраторами - &lt;test&gt;" name="Справочник.ТОРО_СопоставлениеНаправленийДеятельности: Проверка доступа на Чтение Не-Администраторами - &lt;test&gt;" time="0.016" status="passed"/>
			<testcase classname="Проверка чтения не-администраторами - &lt;test&gt;" name="Документ.ТОРО_ВыполнениеРаботПоТПиР: Проверка доступа на Чтение Не-Администраторами - &lt;test&gt;" time="0.031" status="passed"/>
			<testcase classname="Проверка чтения не-администраторами - &lt;test&gt;" name="РегистрСведений.УдалитьОчередьИзвлеченияТекста: Проверка доступа на Чтение Не-Администраторами - &lt;test&gt;" time="0.047" status="passed"/>
			<testcase classname="Проверка чтения не-администраторами - &lt;test&gt;" name="Документ.ПоручениеЭкспедитору: Проверка доступа на Чтение Не-Администраторами - &lt;test&gt;" time="0" status="passed"/>
			<testcase classname="Проверка чтения не-администраторами - &lt;test&gt;" name="РегистрСведений.ОсновныеДанныеКонтрактаДоговораСотрудникаИспр: Проверка доступа на Чтение Не-Администраторами - &lt;test&gt;" time="0.063" status="failure">
				<failure message="[Failed] Ожидали, что проверяемое значение (Ложь) является ИСТИНОЙ.
РегистрСведений.ОсновныеДанныеКонтрактаДоговораСотрудникаИспр недоступно для чтения ролями без привилегий
{ВнешняяОбработка.УтвержденияBDD.МодульОбъекта(293)}:	ВызватьИсключение Префикс + &quot; &quot; + СообщениеОшибки;
{ВнешняяОбработка.УтвержденияBDD.МодульОбъекта(46)}:		ВызватьОшибкуПроверки(СообщениеОшибки);
{ВнешняяОбработка.УтвержденияBDD.МодульОбъекта(53)}:	Возврат ЭтоИстина();
{ВнешняяОбработка.ПроверкаЧтенияНеАдминистраторами.МодульОбъекта(100)}:	Ожидаем.Что(ЧтениеДоступно, ПолноеИмяМетаданного + &quot; недоступно для чтения ролями без привилегий&quot;).ЕстьИстина();
{(1)}:КонтекстВыполнения.Тест_ПроверитьНеАдминистраторскиеПраваНаЧтение(Параметры[0],Параметры[1]);
{ВнешняяОбработка.xddTestRunner.МодульОбъекта(337)}:	Выполнить(ИcполняемыйКод);
{ВнешняяОбработка.xddTestRunner.МодульОбъекта(261)}:			ВыполнитьПроцедуруКонтекста(КонтекстВыполнения, ЭлементДереваТестов.ИмяМетода, ЭлементДереваТестов.Параметры);
{ВнешняяОбработка.xddTestRunner.Форма.УправляемаяФорма.Форма(913)}:	РезультатТестирования = ОбъектНаСервере.ВыполнитьТестовыйМетод(КонтекстВыполнения, ЭлементДереваТестов);
"/>
			</testcase>
			<testcase classname="Проверка чтения не-администраторами - &lt;test&gt;" name="Документ.РеестрДанныхЭЛНЗаполняемыхРаботодателем: Проверка доступа на Чтение Не-Администраторами - &lt;test&gt;" time="0" status="passed"/>
			<testcase classname="Проверка чтения не-администраторами - &lt;test&gt;" name="Константа.ТОРО_АдресСервисаПланПоставкиЕИСЗ: Проверка доступа на Чтение Не-Администраторами - &lt;test&gt;" time="0.016" status="passed"/>
			<testcase classname="Проверка чтения не-администраторами - &lt;test&gt;" name="Справочник.ЗаданиеТорговомуПредставителюПрисоединенныеФайлы: Проверка доступа на Чтение Не-Администраторами - &lt;test&gt;" time="0.015" status="passed"/>
			<testcase classname="Проверка чтения не-администраторами - &lt;test&gt;" name="Справочник.ДрайверыОборудования: Проверка доступа на Чтение Не-Администраторами - &lt;test&gt;" time="0" status="passed"/>
			<testcase classname="Проверка чтения не-администраторами - &lt;test&gt;" name="РегистрНакопления.УдалитьТОРО_ТоварыКОбособлениюАварийногоЗапаса: Проверка доступа на Чтение Не-Администраторами - &lt;test&gt;" time="0.016" status="passed"/>
			<testcase classname="Проверка чтения не-администраторами - &lt;test&gt;" name="Справочник.ПравилаОбработкиЭлектроннойПочты: Проверка доступа на Чтение Не-Администраторами - &lt;test&gt;" time="0" status="passed"/>
			<testcase classname="Проверка чтения не-администраторами - &lt;test&gt;" name="Документ.ЗапросСкладскогоЖурналаВЕТИС: Проверка доступа на Чтение Не-Администраторами - &lt;test&gt;" time="0" status="passed"/>
			<testcase classname="Проверка чтения не-администраторами - &lt;test&gt;" name="РегистрСведений.ОсновныеМаршрутныеКарты: Проверка доступа на Чтение Не-Администраторами - &lt;test&gt;" time="0.015" status="passed"/>
			<testcase classname="Проверка чтения не-администраторами - &lt;test&gt;" name="Справочник.НаправленияДеятельности: Проверка доступа на Чтение Не-Администраторами - &lt;test&gt;" time="0" status="passed"/>
			<testcase classname="Проверка чтения не-администраторами - &lt;test&gt;" name="РегистрСведений.ЗначенияСтроковыхРеквизитов: Проверка доступа на Чтение Не-Администраторами - &lt;test&gt;" time="0" status="passed"/>
			<testcase classname="Проверка чтения не-администраторами - &lt;test&gt;" name="РегистрСведений.СогласияНаОбработкуПерсональныхДанных: Проверка доступа на Чтение Не-Администраторами - &lt;test&gt;" time="0.015" status="passed"/>
			<testcase classname="Проверка чтения не-администраторами - &lt;test&gt;" name="Константа.ИспользоватьДопустимоеОтклонениеОтгрузкиПриемкиМерныхТоваров: Проверка доступа на Чтение Не-Администраторами - &lt;test&gt;" time="0.015" status="passed"/>
			<testcase classname="Проверка чтения не-администраторами - &lt;test&gt;" name="Справочник.ПоставляемыеДополнительныеОтчетыИОбработки: Проверка доступа на Чтение Не-Администраторами - &lt;test&gt;" time="0.047" status="passed"/>
			<testcase classname="Проверка чтения не-администраторами - &lt;test&gt;" name="Справочник.БанковскиеСчетаОрганизаций: Проверка доступа на Чтение Не-Администраторами - &lt;test&gt;" time="0.016" status="passed"/>
			<testcase classname="Проверка чтения не-администраторами - &lt;test&gt;" name="Документ.ПростойСотрудников: Проверка доступа на Чтение Не-Администраторами - &lt;test&gt;" time="0" status="passed"/>
			<testcase classname="Проверка чтения не-администраторами - &lt;test&gt;" name="РегистрСведений.ПараметрыАмортизацииОСУУ: Проверка доступа на Чтение Не-Администраторами - &lt;test&gt;" time="0.031" status="passed"/>
			<testcase classname="Проверка чтения не-администраторами - &lt;test&gt;" name="РегистрНакопления.ПартииПрочихРасходов: Проверка доступа на Чтение Не-Администраторами - &lt;test&gt;" time="0.031" status="passed"/>
			<testcase classname="Проверка чтения не-администраторами - &lt;test&gt;" name="РегистрСведений.ЭлектронныеПодписи: Проверка доступа на Чтение Не-Администраторами - &lt;test&gt;" time="0.016" status="passed"/>
			<testcase classname="Проверка чтения не-администраторами - &lt;test&gt;" name="Константа.ИспользоватьДокументыВнеоборотныхАктивовМеждународныйУчет: Проверка доступа на Чтение Не-Администраторами - &lt;test&gt;" time="0" status="passed"/>
			<testcase classname="Проверка чтения не-администраторами - &lt;test&gt;" name="Справочник.ТОРО_ТехническиеМестаПрисоединенныеФайлы: Проверка доступа на Чтение Не-Администраторами - &lt;test&gt;" time="0.032" status="passed"/>
			<testcase classname="Проверка чтения не-администраторами - &lt;test&gt;" name="РегистрСведений.ВыполнениеПроверокСостоянияСистемы: Проверка доступа на Чтение Не-Администраторами - &lt;test&gt;" time="0.032" status="passed"/>
			<testcase classname="Проверка чтения не-администраторами - &lt;test&gt;" name="РегистрСведений.РабочиеКаталогиФайлов: Проверка доступа на Чтение Не-Администраторами - &lt;test&gt;" time="0.062" status="failure">
				<failure message="[Failed] Ожидали, что проверяемое значение (Ложь) является ИСТИНОЙ.
РегистрСведений.РабочиеКаталогиФайлов недоступно для чтения ролями без привилегий
{ВнешняяОбработка.УтвержденияBDD.МодульОбъекта(293)}:	ВызватьИсключение Префикс + &quot; &quot; + СообщениеОшибки;
{ВнешняяОбработка.УтвержденияBDD.МодульОбъекта(46)}:		ВызватьОшибкуПроверки(СообщениеОшибки);
{ВнешняяОбработка.УтвержденияBDD.МодульОбъекта(53)}:	Возврат ЭтоИстина();
{ВнешняяОбработка.ПроверкаЧтенияНеАдминистраторами.МодульОбъекта(100)}:	Ожидаем.Что(ЧтениеДоступно, ПолноеИмяМетаданного + &quot; недоступно для чтения ролями без привилегий&quot;).ЕстьИстина();
{(1)}:КонтекстВыполнения.Тест_ПроверитьНеАдминистраторскиеПраваНаЧтение(Параметры[0],Параметры[1]);
{ВнешняяОбработка.xddTestRunner.МодульОбъекта(337)}:	Выполнить(ИcполняемыйКод);
{ВнешняяОбработка.xddTestRunner.МодульОбъекта(261)}:			ВыполнитьПроцедуруКонтекста(КонтекстВыполнения, ЭлементДереваТестов.ИмяМетода, ЭлементДереваТестов.Параметры);
{ВнешняяОбработка.xddTestRunner.Форма.УправляемаяФорма.Форма(913)}:	РезультатТестирования = ОбъектНаСервере.ВыполнитьТестовыйМетод(КонтекстВыполнения, ЭлементДереваТестов);
"/>
			</testcase>
			<testcase classname="Проверка чтения не-администраторами - &lt;test&gt;" name="Константа.СтруктураПредприятияНеСоответствуетСтруктуреЮридическихЛиц: Проверка доступа на Чтение Не-Администраторами - &lt;test&gt;" time="0" status="passed"/>
			<testcase classname="Проверка чтения не-администраторами - &lt;test&gt;" name="Справочник.УсловияТруда: Проверка доступа на Чтение Не-Администраторами - &lt;test&gt;" time="0.015" status="passed"/>
			<testcase classname="Проверка чтения не-администраторами - &lt;test&gt;" name="РегистрНакопления.ЗаказыНаПроизводствоСпецификации: Проверка доступа на Чтение Не-Администраторами - &lt;test&gt;" time="0.015" status="passed"/>
			<testcase classname="Проверка чтения не-администраторами - &lt;test&gt;" name="Константа.ОтложенноеОбновлениеВГлавномУзлеЗавершеноУспешно: Проверка доступа на Чтение Не-Администраторами - &lt;test&gt;" time="0" status="passed"/>
			<testcase classname="Проверка чтения не-администраторами - &lt;test&gt;" name="Документ.СписаниеТоваровУХранителя: Проверка доступа на Чтение Не-Администраторами - &lt;test&gt;" time="0" status="passed"/>
			<testcase classname="Проверка чтения не-администраторами - &lt;test&gt;" name="Константа.ИспользоватьУправлениеПроизводством2_2: Проверка доступа на Чтение Не-Администраторами - &lt;test&gt;" time="0" status="passed"/>
			<testcase classname="Проверка чтения не-администраторами - &lt;test&gt;" name="РегистрСведений.ЗаданияКРасчетуДлительностиПроизводства: Проверка доступа на Чтение Не-Администраторами - &lt;test&gt;" time="0.016" status="passed"/>
			<testcase classname="Проверка чтения не-администраторами - &lt;test&gt;" name="РегистрСведений.МиграцияПриложенийОчередьЗагрузки: Проверка доступа на Чтение Не-Администраторами - &lt;test&gt;" time="0.063" status="failure">
				<failure message="[Failed] Ожидали, что проверяемое значение (Ложь) является ИСТИНОЙ.
РегистрСведений.МиграцияПриложенийОчередьЗагрузки недоступно для чтения ролями без привилегий
{ВнешняяОбработка.УтвержденияBDD.МодульОбъекта(293)}:	ВызватьИсключение Префикс + &quot; &quot; + СообщениеОшибки;
{ВнешняяОбработка.УтвержденияBDD.МодульОбъекта(46)}:		ВызватьОшибкуПроверки(СообщениеОшибки);
{ВнешняяОбработка.УтвержденияBDD.МодульОбъекта(53)}:	Возврат ЭтоИстина();
{ВнешняяОбработка.ПроверкаЧтенияНеАдминистраторами.МодульОбъекта(100)}:	Ожидаем.Что(ЧтениеДоступно, ПолноеИмяМетаданного + &quot; недоступно для чтения ролями без привилегий&quot;).ЕстьИстина();
{(1)}:КонтекстВыполнения.Тест_ПроверитьНеАдминистраторскиеПраваНаЧтение(Параметры[0],Параметры[1]);
{ВнешняяОбработка.xddTestRunner.МодульОбъекта(337)}:	Выполнить(ИcполняемыйКод);
{ВнешняяОбработка.xddTestRunner.МодульОбъекта(261)}:			ВыполнитьПроцедуруКонтекста(КонтекстВыполнения, ЭлементДереваТестов.ИмяМетода, ЭлементДереваТестов.Параметры);
{ВнешняяОбработка.xddTestRunner.Форма.УправляемаяФорма.Форма(913)}:	РезультатТестирования = ОбъектНаСервере.ВыполнитьТестовыйМетод(КонтекстВыполнения, ЭлементДереваТестов);
"/>
			</testcase>
			<testcase classname="Проверка чтения не-администраторами - &lt;test&gt;" name="РегистрСведений.ТОРО_НастройкиОбязательногоЗаполненияKKS: Проверка доступа на Чтение Не-Администраторами - &lt;test&gt;" time="0.016" status="passed"/>
			<testcase classname="Проверка чтения не-администраторами - &lt;test&gt;" name="РегистрСведений.ОчередьСообщенийВ1СДокументооборот: Проверка доступа на Чтение Не-Администраторами - &lt;test&gt;" time="0" status="passed"/>
			<testcase classname="Проверка чтения не-администраторами - &lt;test&gt;" name="РегистрСведений.СоответствиеРегОтчетовУведомлениям: Проверка доступа на Чтение Не-Администраторами - &lt;test&gt;" time="0.015" status="passed"/>
			<testcase classname="Проверка чтения не-администраторами - &lt;test&gt;" name="РегистрСведений.СведенияТаможенныхДекларацийЭкспорт: Проверка доступа на Чтение Не-Администраторами - &lt;test&gt;" time="0.031" status="passed"/>
			<testcase classname="Проверка чтения не-администраторами - &lt;test&gt;" name="Константа.ИспользоватьУпрощеннуюСхемуОплатыВПродажах: Проверка доступа на Чтение Не-Администраторами - &lt;test&gt;" time="0" status="passed"/>
			<testcase classname="Проверка чтения не-администраторами - &lt;test&gt;" name="Справочник.ТОРО_СтатьиКБК: Проверка доступа на Чтение Не-Администраторами - &lt;test&gt;" time="0.016" status="passed"/>
			<testcase classname="Проверка чтения не-администраторами - &lt;test&gt;" name="Документ.КнигаПокупокДляПередачиВЭлектронномВиде: Проверка доступа на Чтение Не-Администраторами - &lt;test&gt;" time="0" status="passed"/>
			<testcase classname="Проверка чтения не-администраторами - &lt;test&gt;" name="Константа.ДокументооборотСКонтролирующимиОрганами_ВерсияВнешнегоМодуля: Проверка доступа на Чтение Не-Администраторами - &lt;test&gt;" time="0" status="passed"/>
			<testcase classname="Проверка чтения не-администраторами - &lt;test&gt;" name="Справочник.ТОРО_МаркиТипыГОСТыТУ: Проверка доступа на Чтение Не-Администраторами - &lt;test&gt;" time="0.016" status="passed"/>
			<testcase classname="Проверка чтения не-администраторами - &lt;test&gt;" name="РегистрСведений.СведенияОРежимахРаботыФормыСотрудника: Проверка доступа на Чтение Не-Администраторами - &lt;test&gt;" time="0" status="passed"/>
			<testcase classname="Проверка чтения не-администраторами - &lt;test&gt;" name="РегистрСведений.УдалитьВложенияНеформализованныхДокументов: Проверка доступа на Чтение Не-Администраторами - &lt;test&gt;" time="0.062" status="failure">
				<failure message="[Failed] Ожидали, что проверяемое значение (Ложь) является ИСТИНОЙ.
РегистрСведений.УдалитьВложенияНеформализованныхДокументов недоступно для чтения ролями без привилегий
{ВнешняяОбработка.УтвержденияBDD.МодульОбъекта(293)}:	ВызватьИсключение Префикс + &quot; &quot; + СообщениеОшибки;
{ВнешняяОбработка.УтвержденияBDD.МодульОбъекта(46)}:		ВызватьОшибкуПроверки(СообщениеОшибки);
{ВнешняяОбработка.УтвержденияBDD.МодульОбъекта(53)}:	Возврат ЭтоИстина();
{ВнешняяОбработка.ПроверкаЧтенияНеАдминистраторами.МодульОбъекта(100)}:	Ожидаем.Что(ЧтениеДоступно, ПолноеИмяМетаданного + &quot; недоступно для чтения ролями без привилегий&quot;).ЕстьИстина();
{(1)}:КонтекстВыполнения.Тест_ПроверитьНеАдминистраторскиеПраваНаЧтение(Параметры[0],Параметры[1]);
{ВнешняяОбработка.xddTestRunner.МодульОбъекта(337)}:	Выполнить(ИcполняемыйКод);
{ВнешняяОбработка.xddTestRunner.МодульОбъекта(261)}:			ВыполнитьПроцедуруКонтекста(КонтекстВыполнения, ЭлементДереваТестов.ИмяМетода, ЭлементДереваТестов.Параметры);
{ВнешняяОбработка.xddTestRunner.Форма.УправляемаяФорма.Форма(913)}:	РезультатТестирования = ОбъектНаСервере.ВыполнитьТестовыйМетод(КонтекстВыполнения, ЭлементДереваТестов);
"/>
			</testcase>
			<testcase classname="Проверка чтения не-администраторами - &lt;test&gt;" name="Справочник.КлассификаторВидовЭкономическойДеятельности: Проверка доступа на Чтение Не-Администраторами - &lt;test&gt;" time="0.016" status="passed"/>
			<testcase classname="Проверка чтения не-администраторами - &lt;test&gt;" name="Справочник.ИдентификаторыСервисовСопровождения: Проверка доступа на Чтение Не-Администраторами - &lt;test&gt;" time="0.015" status="passed"/>
			<testcase classname="Проверка чтения не-администраторами - &lt;test&gt;" name="РегистрНакопления.ИмущественныеВычетыНДФЛ: Проверка доступа на Чтение Не-Администраторами - &lt;test&gt;" time="0.015" status="passed"/>
			<testcase classname="Проверка чтения не-администраторами - &lt;test&gt;" name="Документ.ТОРО_КорректировкаЗаказаНаТО: Проверка доступа на Чтение Не-Администраторами - &lt;test&gt;" time="0.016" status="passed"/>
			<testcase classname="Проверка чтения не-администраторами - &lt;test&gt;" name="РегистрСведений.СведенияОНачисленияхДляРасчетаСреднегоЗаработкаОбщий: Проверка доступа на Чтение Не-Администраторами - &lt;test&gt;" time="0" status="passed"/>
			<testcase classname="Проверка чтения не-администраторами - &lt;test&gt;" name="Документ.АктСписанияЕГАИС: Проверка доступа на Чтение Не-Администраторами - &lt;test&gt;" time="0" status="passed"/>
			<testcase classname="Проверка чтения не-администраторами - &lt;test&gt;" name="ПланВидовХарактеристик.ТОРО_НастройкиНСИБДО: Проверка доступа на Чтение Не-Администраторами - &lt;test&gt;" time="0.016" status="passed"/>
			<testcase classname="Проверка чтения не-администраторами - &lt;test&gt;" name="Константа.ИспользоватьABCXYZКлассификациюНоменклатурыПоКоличествуПродаж: Проверка доступа на Чтение Не-Администраторами - &lt;test&gt;" time="0" status="passed"/>
			<testcase classname="Проверка чтения не-администраторами - &lt;test&gt;" name="Справочник.КассыККМ: Проверка доступа на Чтение Не-Администраторами - &lt;test&gt;" time="0.032" status="passed"/>
			<testcase classname="Проверка чтения не-администраторами - &lt;test&gt;" name="Константа.ИспользоватьЖурналПлатежей: Проверка доступа на Чтение Не-Администраторами - &lt;test&gt;" time="0" status="passed"/>
			<testcase classname="Проверка чтения не-администраторами - &lt;test&gt;" name="Справочник.ТОРО_УровеньСогласованияНСИБДО: Проверка доступа на Чтение Не-Администраторами - &lt;test&gt;" time="0.015" status="passed"/>
			<testcase classname="Проверка чтения не-администраторами - &lt;test&gt;" name="РегистрНакопления.ПринятаяВозвратнаяТара: Проверка доступа на Чтение Не-Администраторами - &lt;test&gt;" time="0.031" status="passed"/>
			<testcase classname="Проверка чтения не-администраторами - &lt;test&gt;" name="Справочник.ЭлектронноеПисьмоВходящееПрисоединенныеФайлы: Проверка доступа на Чтение Не-Администраторами - &lt;test&gt;" time="0.015" status="passed"/>
			<testcase classname="Проверка чтения не-администраторами - &lt;test&gt;" name="Константа.ИспользоватьПрисоединенныеФайлы1СДокументооборота: Проверка доступа на Чтение Не-Администраторами - &lt;test&gt;" time="0" status="passed"/>
			<testcase classname="Проверка чтения не-администраторами - &lt;test&gt;" name="РегистрНакопления.ПартииРасходовНаСебестоимостьТоваров: Проверка доступа на Чтение Не-Администраторами - &lt;test&gt;" time="0.047" status="passed"/>
			<testcase classname="Проверка чтения не-администраторами - &lt;test&gt;" name="Константа.ПоказыватьПодсказкиПоставщиковБизнесСеть: Проверка доступа на Чтение Не-Администраторами - &lt;test&gt;" time="0.015" status="passed"/>
			<testcase classname="Проверка чтения не-администраторами - &lt;test&gt;" name="РегистрНакопления.ЗарплатаКВыплатеАвансом: Проверка доступа на Чтение Не-Администраторами - &lt;test&gt;" time="0.016" status="passed"/>
			<testcase classname="Проверка чтения не-администраторами - &lt;test&gt;" name="РегистрСведений.СоответствиеРеквизитовРаботаСНоменклатурой: Проверка доступа на Чтение Не-Администраторами - &lt;test&gt;" time="0.016" status="passed"/>
			<testcase classname="Проверка чтения не-администраторами - &lt;test&gt;" name="РегистрСведений.ФискальныеОперации: Проверка доступа на Чтение Не-Администраторами - &lt;test&gt;" time="0.031" status="passed"/>
			<testcase classname="Проверка чтения не-администраторами - &lt;test&gt;" name="Справочник.ВозвратТоваровОтКлиентаПрисоединенныеФайлы: Проверка доступа на Чтение Не-Администраторами - &lt;test&gt;" time="0.016" status="passed"/>
			<testcase classname="Проверка чтения не-администраторами - &lt;test&gt;" name="Документ.РаспределениеВозвратныхОтходов: Проверка доступа на Чтение Не-Администраторами - &lt;test&gt;" time="0" status="passed"/>
			<testcase classname="Проверка чтения не-администраторами - &lt;test&gt;" name="Константа.НеИспользоватьСчетаНаОплатуВыбиратьВариантВыводаСкидок: Проверка доступа на Чтение Не-Администраторами - &lt;test&gt;" time="0" status="passed"/>
			<testcase classname="Проверка чтения не-администраторами - &lt;test&gt;" name="Константа.ИспользоватьОповещенияДляЗадачБюджетирования: Проверка доступа на Чтение Не-Администраторами - &lt;test&gt;" time="0" status="passed"/>
			<testcase classname="Проверка чтения не-администраторами - &lt;test&gt;" name="Константа.ИспользоватьНесколькоПроизводственныхКалендарей: Проверка доступа на Чтение Не-Администраторами - &lt;test&gt;" time="0" status="passed"/>
			<testcase classname="Проверка чтения не-администраторами - &lt;test&gt;" name="ПланОбмена.ОбменУправлениеПредприятиемЗарплатаИУправлениеПерсоналом25: Проверка доступа на Чтение Не-Администраторами - &lt;test&gt;" time="0.047" status="failure">
				<failure message="[Failed] Ожидали, что проверяемое значение (Ложь) является ИСТИНОЙ.
ПланОбмена.ОбменУправлениеПредприятиемЗарплатаИУправлениеПерсоналом25 недоступно для чтения ролями без привилегий
{ВнешняяОбработка.УтвержденияBDD.МодульОбъекта(293)}:	ВызватьИсключение Префикс + &quot; &quot; + СообщениеОшибки;
{ВнешняяОбработка.УтвержденияBDD.МодульОбъекта(46)}:		ВызватьОшибкуПроверки(СообщениеОшибки);
{ВнешняяОбработка.УтвержденияBDD.МодульОбъекта(53)}:	Возврат ЭтоИстина();
{ВнешняяОбработка.ПроверкаЧтенияНеАдминистраторами.МодульОбъекта(100)}:	Ожидаем.Что(ЧтениеДоступно, ПолноеИмяМетаданного + &quot; недоступно для чтения ролями без привилегий&quot;).ЕстьИстина();
{(1)}:КонтекстВыполнения.Тест_ПроверитьНеАдминистраторскиеПраваНаЧтение(Параметры[0],Параметры[1]);
{ВнешняяОбработка.xddTestRunner.МодульОбъекта(337)}:	Выполнить(ИcполняемыйКод);
{ВнешняяОбработка.xddTestRunner.МодульОбъекта(261)}:			ВыполнитьПроцедуруКонтекста(КонтекстВыполнения, ЭлементДереваТестов.ИмяМетода, ЭлементДереваТестов.Параметры);
{ВнешняяОбработка.xddTestRunner.Форма.УправляемаяФорма.Форма(913)}:	РезультатТестирования = ОбъектНаСервере.ВыполнитьТестовыйМетод(КонтекстВыполнения, ЭлементДереваТестов);
"/>
			</testcase>
			<testcase classname="Проверка чтения не-администраторами - &lt;test&gt;" name="РегистрСведений.ТОРО_РасчетИТСЭнергосубъекта: Проверка доступа на Чтение Не-Администраторами - &lt;test&gt;" time="0.015" status="passed"/>
			<testcase classname="Проверка чтения не-администраторами - &lt;test&gt;" name="Справочник.ВедомостьПрочихДоходовВКассуПрисоединенныеФайлы: Проверка доступа на Чтение Не-Администраторами - &lt;test&gt;" time="0" status="passed"/>
			<testcase classname="Проверка чтения не-администраторами - &lt;test&gt;" name="Документ.РазрешениеНаЗаменуМатериалов: Проверка доступа на Чтение Не-Администраторами - &lt;test&gt;" time="0.016" status="passed"/>
			<testcase classname="Проверка чтения не-администраторами - &lt;test&gt;" name="Справочник.ОтчетКомиссионераПрисоединенныеФайлы: Проверка доступа на Чтение Не-Администраторами - &lt;test&gt;" time="0" status="passed"/>
			<testcase classname="Проверка чтения не-администраторами - &lt;test&gt;" name="Справочник.ЯзыкиНародовМира: Проверка доступа на Чтение Не-Администраторами - &lt;test&gt;" time="0.015" status="passed"/>
			<testcase classname="Проверка чтения не-администраторами - &lt;test&gt;" name="Константа.НеИспользоватьРазделениеПоОбластямДанных: Проверка доступа на Чтение Не-Администраторами - &lt;test&gt;" time="0.015" status="passed"/>
			<testcase classname="Проверка чтения не-администраторами - &lt;test&gt;" name="Справочник.Валюты: Проверка доступа на Чтение Не-Администраторами - &lt;test&gt;" time="0" status="passed"/>
			<testcase classname="Проверка чтения не-администраторами - &lt;test&gt;" name="Документ.ОтчетОператораСистемыПлатон: Проверка доступа на Чтение Не-Администраторами - &lt;test&gt;" time="0.016" status="passed"/>
			<testcase classname="Проверка чтения не-администраторами - &lt;test&gt;" name="Константа.ПорядокУчетаВНАВУпрУчете: Проверка доступа на Чтение Не-Администраторами - &lt;test&gt;" time="0" status="passed"/>
			<testcase classname="Проверка чтения не-администраторами - &lt;test&gt;" name="Справочник.УдалитьОснованияИсчисляемогоСтраховогоСтажа: Проверка доступа на Чтение Не-Администраторами - &lt;test&gt;" time="0.031" status="passed"/>
			<testcase classname="Проверка чтения не-администраторами - &lt;test&gt;" name="РегистрСведений.ДоступностьТоваровДляВнешнихПользователей: Проверка доступа на Чтение Не-Администраторами - &lt;test&gt;" time="0.016" status="passed"/>
			<testcase classname="Проверка чтения не-администраторами - &lt;test&gt;" name="Документ.ИндивидуальныйГрафик: Проверка доступа на Чтение Не-Администраторами - &lt;test&gt;" time="0.015" status="passed"/>
			<testcase classname="Проверка чтения не-администраторами - &lt;test&gt;" name="РегистрСведений.ПредопределенныеВариантыОтчетовВерсийРасширений: Проверка доступа на Чтение Не-Администраторами - &lt;test&gt;" time="0" status="passed"/>
			<testcase classname="Проверка чтения не-администраторами - &lt;test&gt;" name="РегистрСведений.ГрафикНачисленийЛизинга: Проверка доступа на Чтение Не-Администраторами - &lt;test&gt;" time="0" status="passed"/>
			<testcase classname="Проверка чтения не-администраторами - &lt;test&gt;" name="Константа.ИспользоватьПервичныйСпрос: Проверка доступа на Чтение Не-Администраторами - &lt;test&gt;" time="0" status="passed"/>
			<testcase classname="Проверка чтения не-администраторами - &lt;test&gt;" name="Константа.УдалитьТипПровайдераЭП: Проверка доступа на Чтение Не-Администраторами - &lt;test&gt;" time="0.016" status="passed"/>
			<testcase classname="Проверка чтения не-администраторами - &lt;test&gt;" name="Документ.ОтпускаСотрудников: Проверка доступа на Чтение Не-Администраторами - &lt;test&gt;" time="0.015" status="passed"/>
			<testcase classname="Проверка чтения не-администраторами - &lt;test&gt;" name="Константа.КонтролироватьПревышениеЛимитовРасходаДенежныхСредств: Проверка доступа на Чтение Не-Администраторами - &lt;test&gt;" time="0.015" status="passed"/>
			<testcase classname="Проверка чтения не-администраторами - &lt;test&gt;" name="Справочник.СоставыВоеннослужащих: Проверка доступа на Чтение Не-Администраторами - &lt;test&gt;" time="0.016" status="passed"/>
			<testcase classname="Проверка чтения не-администраторами - &lt;test&gt;" name="РегистрСведений.УдалитьФайлыСведенийСпецоператоры: Проверка доступа на Чтение Не-Администраторами - &lt;test&gt;" time="0.063" status="failure">
				<failure message="[Failed] Ожидали, что проверяемое значение (Ложь) является ИСТИНОЙ.
РегистрСведений.УдалитьФайлыСведенийСпецоператоры недоступно для чтения ролями без привилегий
{ВнешняяОбработка.УтвержденияBDD.МодульОбъекта(293)}:	ВызватьИсключение Префикс + &quot; &quot; + СообщениеОшибки;
{ВнешняяОбработка.УтвержденияBDD.МодульОбъекта(46)}:		ВызватьОшибкуПроверки(СообщениеОшибки);
{ВнешняяОбработка.УтвержденияBDD.МодульОбъекта(53)}:	Возврат ЭтоИстина();
{ВнешняяОбработка.ПроверкаЧтенияНеАдминистраторами.МодульОбъекта(100)}:	Ожидаем.Что(ЧтениеДоступно, ПолноеИмяМетаданного + &quot; недоступно для чтения ролями без привилегий&quot;).ЕстьИстина();
{(1)}:КонтекстВыполнения.Тест_ПроверитьНеАдминистраторскиеПраваНаЧтение(Параметры[0],Параметры[1]);
{ВнешняяОбработка.xddTestRunner.МодульОбъекта(337)}:	Выполнить(ИcполняемыйКод);
{ВнешняяОбработка.xddTestRunner.МодульОбъекта(261)}:			ВыполнитьПроцедуруКонтекста(КонтекстВыполнения, ЭлементДереваТестов.ИмяМетода, ЭлементДереваТестов.Параметры);
{ВнешняяОбработка.xddTestRunner.Форма.УправляемаяФорма.Форма(913)}:	РезультатТестирования = ОбъектНаСервере.ВыполнитьТестовыйМетод(КонтекстВыполнения, ЭлементДереваТестов);
"/>
			</testcase>
			<testcase classname="Проверка чтения не-администраторами - &lt;test&gt;" name="РегистрСведений.ТОРО_ПозицииПотребностейПоЛотам: Проверка доступа на Чтение Не-Администраторами - &lt;test&gt;" time="0.031" status="passed"/>
			<testcase classname="Проверка чтения не-администраторами - &lt;test&gt;" name="РегистрСведений.НематериальныеАктивыМеждународныйУчет: Проверка доступа на Чтение Не-Администраторами - &lt;test&gt;" time="0" status="passed"/>
			<testcase classname="Проверка чтения не-администраторами - &lt;test&gt;" name="РегистрСведений.ТОРО_СостоянияЕО: Проверка доступа на Чтение Не-Администраторами - &lt;test&gt;" time="0.016" status="passed"/>
			<testcase classname="Проверка чтения не-администраторами - &lt;test&gt;" name="РегистрСведений.ТОРО_СостоянияОбъектовСогласования: Проверка доступа на Чтение Не-Администраторами - &lt;test&gt;" time="0.016" status="passed"/>
			<testcase classname="Проверка чтения не-администраторами - &lt;test&gt;" name="РегистрСведений.СозданныеСсылкиТеста: Проверка доступа на Чтение Не-Администраторами - &lt;test&gt;" time="0.015" status="passed"/>
			<testcase classname="Проверка чтения не-администраторами - &lt;test&gt;" name="Константа.ИспользоватьОбобщенныйУчетНекачественныхТоваров: Проверка доступа на Чтение Не-Администраторами - &lt;test&gt;" time="0" status="passed"/>
			<testcase classname="Проверка чтения не-администраторами - &lt;test&gt;" name="Константа.АктуализироватьДанныеПриФормированииОтчетов: Проверка доступа на Чтение Не-Администраторами - &lt;test&gt;" time="0" status="passed"/>
			<testcase classname="Проверка чтения не-администраторами - &lt;test&gt;" name="Константа.ПрефиксСервисаДляНовостей: Проверка доступа на Чтение Не-Администраторами - &lt;test&gt;" time="0.015" status="passed"/>
			<testcase classname="Проверка чтения не-администраторами - &lt;test&gt;" name="Справочник.ВидыЦен: Проверка доступа на Чтение Не-Администраторами - &lt;test&gt;" time="0.016" status="passed"/>
			<testcase classname="Проверка чтения не-администраторами - &lt;test&gt;" name="РегистрСведений.СоответствиеНоменклатурыВЕТИС: Проверка доступа на Чтение Не-Администраторами - &lt;test&gt;" time="0.031" status="passed"/>
			<testcase classname="Проверка чтения не-администраторами - &lt;test&gt;" name="Справочник.ТОРО_ОперацииЗапросовOData: Проверка доступа на Чтение Не-Администраторами - &lt;test&gt;" time="0.015" status="passed"/>
			<testcase classname="Проверка чтения не-администраторами - &lt;test&gt;" name="РегистрСведений.СоставГруппСотрудников: Проверка доступа на Чтение Не-Администраторами - &lt;test&gt;" time="0.016" status="passed"/>
			<testcase classname="Проверка чтения не-администраторами - &lt;test&gt;" name="РегистрСведений.ВсеОбновленияСПАРКОбщее: Проверка доступа на Чтение Не-Администраторами - &lt;test&gt;" time="0.031" status="passed"/>
			<testcase classname="Проверка чтения не-администраторами - &lt;test&gt;" name="РегистрНакопления.СтоимостьНМА: Проверка доступа на Чтение Не-Администраторами - &lt;test&gt;" time="0.032" status="passed"/>
			<testcase classname="Проверка чтения не-администраторами - &lt;test&gt;" name="Справочник.ОтправкиРПН: Проверка доступа на Чтение Не-Администраторами - &lt;test&gt;" time="0.015" status="passed"/>
			<testcase classname="Проверка чтения не-администраторами - &lt;test&gt;" name="РегистрСведений.ТОРО_ПоказателиСниженияРасчетаИТС: Проверка доступа на Чтение Не-Администраторами - &lt;test&gt;" time="0.016" status="passed"/>
			<testcase classname="Проверка чтения не-администраторами - &lt;test&gt;" name="Константа.ДатаЗагрузкиБазы: Проверка доступа на Чтение Не-Администраторами - &lt;test&gt;" time="0" status="passed"/>
			<testcase classname="Проверка чтения не-администраторами - &lt;test&gt;" name="Справочник.ЗаявлениеОНазначенииПенсииПрисоединенныеФайлы: Проверка доступа на Чтение Не-Администраторами - &lt;test&gt;" time="0.047" status="passed"/>
			<testcase classname="Проверка чтения не-администраторами - &lt;test&gt;" name="БизнесПроцесс.СогласованиеЗакупки: Проверка доступа на Чтение Не-Администраторами - &lt;test&gt;" time="0.015" status="passed"/>
			<testcase classname="Проверка чтения не-администраторами - &lt;test&gt;" name="РегистрСведений.РасчетНалогаУСН: Проверка доступа на Чтение Не-Администраторами - &lt;test&gt;" time="0" status="passed"/>
			<testcase classname="Проверка чтения не-администраторами - &lt;test&gt;" name="РегистрСведений.ПараметрыАмортизацииОСБухгалтерскийУчет: Проверка доступа на Чтение Не-Администраторами - &lt;test&gt;" time="0" status="passed"/>
			<testcase classname="Проверка чтения не-администраторами - &lt;test&gt;" name="РегистрСведений.НоменклатураПродаваемаяСовместно: Проверка доступа на Чтение Не-Администраторами - &lt;test&gt;" time="0" status="passed"/>
			<testcase classname="Проверка чтения не-администраторами - &lt;test&gt;" name="Справочник.ГруппыДоступа: Проверка доступа на Чтение Не-Администраторами - &lt;test&gt;" time="0.016" status="passed"/>
			<testcase classname="Проверка чтения не-администраторами - &lt;test&gt;" name="РегистрСведений.ТОРО_ИспользуемыеУслугиОрганизаций: Проверка доступа на Чтение Не-Администраторами - &lt;test&gt;" time="0.015" status="passed"/>
			<testcase classname="Проверка чтения не-администраторами - &lt;test&gt;" name="Константа.ИспользоватьОбменСБанками: Проверка доступа на Чтение Не-Администраторами - &lt;test&gt;" time="0.016" status="passed"/>
			<testcase classname="Проверка чтения не-администраторами - &lt;test&gt;" name="Документ.СправкаНДФЛ: Проверка доступа на Чтение Не-Администраторами - &lt;test&gt;" time="0.015" status="passed"/>
			<testcase classname="Проверка чтения не-администраторами - &lt;test&gt;" name="Константа.УдалитьКонтролироватьТоварыОрганизацийПриОтменеПриходов: Проверка доступа на Чтение Не-Администраторами - &lt;test&gt;" time="0.016" status="passed"/>
			<testcase classname="Проверка чтения не-администраторами - &lt;test&gt;" name="Документ.ОтчетДавальцу: Проверка доступа на Чтение Не-Администраторами - &lt;test&gt;" time="0" status="passed"/>
			<testcase classname="Проверка чтения не-администраторами - &lt;test&gt;" name="РегистрНакопления.ТОРО_ТоварыКЗакупкеПоПлануПоставки: Проверка доступа на Чтение Не-Администраторами - &lt;test&gt;" time="0.015" status="passed"/>
			<testcase classname="Проверка чтения не-администраторами - &lt;test&gt;" name="Константа.ИспользоватьЗаказыПоставщикамИЗаявкиНаРасходованиеДС: Проверка доступа на Чтение Не-Администраторами - &lt;test&gt;" time="0.016" status="passed"/>
			<testcase classname="Проверка чтения не-администраторами - &lt;test&gt;" name="РегистрСведений.ПакетыПогашенияСтоимостиТМЦ: Проверка доступа на Чтение Не-Администраторами - &lt;test&gt;" time="0.016" status="passed"/>
			<testcase classname="Проверка чтения не-администраторами - &lt;test&gt;" name="Справочник.ТОРО_ВидыДеятельностиЕИСЗ: Проверка доступа на Чтение Не-Администраторами - &lt;test&gt;" time="0.015" status="passed"/>
			<testcase classname="Проверка чтения не-администраторами - &lt;test&gt;" name="Справочник.ПачкаДокументовАДВ_2ПрисоединенныеФайлы: Проверка доступа на Чтение Не-Администраторами - &lt;test&gt;" time="0" status="passed"/>
			<testcase classname="Проверка чтения не-администраторами - &lt;test&gt;" name="Константа.ИспользоватьГруппыДоступаНоменклатуры: Проверка доступа на Чтение Не-Администраторами - &lt;test&gt;" time="0.016" status="passed"/>
			<testcase classname="Проверка чтения не-администраторами - &lt;test&gt;" name="Справочник.ФизическиеЛицаПрисоединенныеФайлы: Проверка доступа на Чтение Не-Администраторами - &lt;test&gt;" time="0.079" status="passed"/>
			<testcase classname="Проверка чтения не-администраторами - &lt;test&gt;" name="Константа.ИспользоватьВнутреннееПотребление: Проверка доступа на Чтение Не-Администраторами - &lt;test&gt;" time="0" status="passed"/>
			<testcase classname="Проверка чтения не-администраторами - &lt;test&gt;" name="ПланОбмена.ОбменССайтом: Проверка доступа на Чтение Не-Администраторами - &lt;test&gt;" time="0" status="passed"/>
			<testcase classname="Проверка чтения не-администраторами - &lt;test&gt;" name="Документ.СписаниеНМА2_4: Проверка доступа на Чтение Не-Администраторами - &lt;test&gt;" time="0.016" status="passed"/>
			<testcase classname="Проверка чтения не-администраторами - &lt;test&gt;" name="Документ.РаспределениеНДС: Проверка доступа на Чтение Не-Администраторами - &lt;test&gt;" time="0" status="passed"/>
			<testcase classname="Проверка чтения не-администраторами - &lt;test&gt;" name="Справочник.Должности: Проверка доступа на Чтение Не-Администраторами - &lt;test&gt;" time="0" status="passed"/>
			<testcase classname="Проверка чтения не-администраторами - &lt;test&gt;" name="Константа.ИспользоватьКомиссиюПриПродажахНеБазовая: Проверка доступа на Чтение Не-Администраторами - &lt;test&gt;" time="0.016" status="passed"/>
			<testcase classname="Проверка чтения не-администраторами - &lt;test&gt;" name="Константа.ИспользоватьСтатусыСборокТоваров: Проверка доступа на Чтение Не-Администраторами - &lt;test&gt;" time="0" status="passed"/>
			<testcase classname="Проверка чтения не-администраторами - &lt;test&gt;" name="Константа.КоличествоЭлементовВТранзакцииЗагрузкиДанных: Проверка доступа на Чтение Не-Администраторами - &lt;test&gt;" time="0" status="passed"/>
			<testcase classname="Проверка чтения не-администраторами - &lt;test&gt;" name="Константа.ДатаСинхронизацииТНВЭД: Проверка доступа на Чтение Не-Администраторами - &lt;test&gt;" time="0.016" status="passed"/>
			<testcase classname="Проверка чтения не-администраторами - &lt;test&gt;" name="ПланВидовХарактеристик.ВидыСубконтоМеждународные: Проверка доступа на Чтение Не-Администраторами - &lt;test&gt;" time="0" status="passed"/>
			<testcase classname="Проверка чтения не-администраторами - &lt;test&gt;" name="РегистрСведений.ПолучателиУдержаний: Проверка доступа на Чтение Не-Администраторами - &lt;test&gt;" time="0" status="passed"/>
			<testcase classname="Проверка чтения не-администраторами - &lt;test&gt;" name="Справочник.ТОРО_ВедомостьОбъемовРаботТПиРПрисоединенныеФайлы: Проверка доступа на Чтение Не-Администраторами - &lt;test&gt;" time="0.015" status="passed"/>
			<testcase classname="Проверка чтения не-администраторами - &lt;test&gt;" name="Справочник.ТипыИнформацииИнформационногоЦентра: Проверка доступа на Чтение Не-Администраторами - &lt;test&gt;" time="0.016" status="passed"/>
			<testcase classname="Проверка чтения не-администраторами - &lt;test&gt;" name="РегистрСведений.СвойстваЛокальныхКомпьютеровДляОблачногоАрхива: Проверка доступа на Чтение Не-Администраторами - &lt;test&gt;" time="0.109" status="failure">
				<failure message="[Failed] Ожидали, что проверяемое значение (Ложь) является ИСТИНОЙ.
РегистрСведений.СвойстваЛокальныхКомпьютеровДляОблачногоАрхива недоступно для чтения ролями без привилегий
{ВнешняяОбработка.УтвержденияBDD.МодульОбъекта(293)}:	ВызватьИсключение Префикс + &quot; &quot; + СообщениеОшибки;
{ВнешняяОбработка.УтвержденияBDD.МодульОбъекта(46)}:		ВызватьОшибкуПроверки(СообщениеОшибки);
{ВнешняяОбработка.УтвержденияBDD.МодульОбъекта(53)}:	Возврат ЭтоИстина();
{ВнешняяОбработка.ПроверкаЧтенияНеАдминистраторами.МодульОбъекта(100)}:	Ожидаем.Что(ЧтениеДоступно, ПолноеИмяМетаданного + &quot; недоступно для чтения ролями без привилегий&quot;).ЕстьИстина();
{(1)}:КонтекстВыполнения.Тест_ПроверитьНеАдминистраторскиеПраваНаЧтение(Параметры[0],Параметры[1]);
{ВнешняяОбработка.xddTestRunner.МодульОбъекта(337)}:	Выполнить(ИcполняемыйКод);
{ВнешняяОбработка.xddTestRunner.МодульОбъекта(261)}:			ВыполнитьПроцедуруКонтекста(КонтекстВыполнения, ЭлементДереваТестов.ИмяМетода, ЭлементДереваТестов.Параметры);
{ВнешняяОбработка.xddTestRunner.Форма.УправляемаяФорма.Форма(913)}:	РезультатТестирования = ОбъектНаСервере.ВыполнитьТестовыйМетод(КонтекстВыполнения, ЭлементДереваТестов);
"/>
			</testcase>
			<testcase classname="Проверка чтения не-администраторами - &lt;test&gt;" name="РегистрСведений.НормативыРаспределенияПлановПродажПоКатегориям: Проверка доступа на Чтение Не-Администраторами - &lt;test&gt;" time="0.016" status="passed"/>
			<testcase classname="Проверка чтения не-администраторами - &lt;test&gt;" name="РегистрСведений.СодержимоеТранспортныхКонтейнеров: Проверка доступа на Чтение Не-Администраторами - &lt;test&gt;" time="0.016" status="passed"/>
			<testcase classname="Проверка чтения не-администраторами - &lt;test&gt;" name="Документ.ОписьПачекСЗВ_6: Проверка доступа на Чтение Не-Администраторами - &lt;test&gt;" time="0.016" status="passed"/>
			<testcase classname="Проверка чтения не-администраторами - &lt;test&gt;" name="Документ.ОтчетКомитентуОСписании: Проверка доступа на Чтение Не-Администраторами - &lt;test&gt;" time="0.031" status="passed"/>
			<testcase classname="Проверка чтения не-администраторами - &lt;test&gt;" name="Константа.МаксимальныйРазмерФайлаПодтверждающегоДокумента: Проверка доступа на Чтение Не-Администраторами - &lt;test&gt;" time="0" status="passed"/>
			<testcase classname="Проверка чтения не-администраторами - &lt;test&gt;" name="Документ.ОтчетКомитенту: Проверка доступа на Чтение Не-Администраторами - &lt;test&gt;" time="0.016" status="passed"/>
			<testcase classname="Проверка чтения не-администраторами - &lt;test&gt;" name="РегистрСведений.МестоПозицииШтатногоРасписанияВСтруктуреПредприятия: Проверка доступа на Чтение Не-Администраторами - &lt;test&gt;" time="0" status="passed"/>
			<testcase classname="Проверка чтения не-администраторами - &lt;test&gt;" name="РегистрСведений.УчетнаяПолитикаОрганизацийДляМеждународногоУчета: Проверка доступа на Чтение Не-Администраторами - &lt;test&gt;" time="0.032" status="passed"/>
			<testcase classname="Проверка чтения не-администраторами - &lt;test&gt;" name="РегистрНакопления.ФактическиеОтпуска: Проверка доступа на Чтение Не-Администраторами - &lt;test&gt;" time="0" status="passed"/>
			<testcase classname="Проверка чтения не-администраторами - &lt;test&gt;" name="Справочник.ЗаявкаНаВозвратТоваровОтКлиентаПрисоединенныеФайлы: Проверка доступа на Чтение Не-Администраторами - &lt;test&gt;" time="0" status="passed"/>
			<testcase classname="Проверка чтения не-администраторами - &lt;test&gt;" name="Документ.ИзменениеПараметровНМА: Проверка доступа на Чтение Не-Администраторами - &lt;test&gt;" time="0" status="passed"/>
			<testcase classname="Проверка чтения не-администраторами - &lt;test&gt;" name="РегистрСведений.СтатусыЗастрахованныхФизическихЛиц: Проверка доступа на Чтение Не-Администраторами - &lt;test&gt;" time="0.016" status="passed"/>
			<testcase classname="Проверка чтения не-администраторами - &lt;test&gt;" name="Справочник.ПодтверждениеЗачисленияЗарплатыПрисоединенныеФайлы: Проверка доступа на Чтение Не-Администраторами - &lt;test&gt;" time="0.062" status="failure">
				<failure message="[Failed] Ожидали, что проверяемое значение (Ложь) является ИСТИНОЙ.
Справочник.ПодтверждениеЗачисленияЗарплатыПрисоединенныеФайлы недоступно для чтения ролями без привилегий
{ВнешняяОбработка.УтвержденияBDD.МодульОбъекта(293)}:	ВызватьИсключение Префикс + &quot; &quot; + СообщениеОшибки;
{ВнешняяОбработка.УтвержденияBDD.МодульОбъекта(46)}:		ВызватьОшибкуПроверки(СообщениеОшибки);
{ВнешняяОбработка.УтвержденияBDD.МодульОбъекта(53)}:	Возврат ЭтоИстина();
{ВнешняяОбработка.ПроверкаЧтенияНеАдминистраторами.МодульОбъекта(100)}:	Ожидаем.Что(ЧтениеДоступно, ПолноеИмяМетаданного + &quot; недоступно для чтения ролями без привилегий&quot;).ЕстьИстина();
{(1)}:КонтекстВыполнения.Тест_ПроверитьНеАдминистраторскиеПраваНаЧтение(Параметры[0],Параметры[1]);
{ВнешняяОбработка.xddTestRunner.МодульОбъекта(337)}:	Выполнить(ИcполняемыйКод);
{ВнешняяОбработка.xddTestRunner.МодульОбъекта(261)}:			ВыполнитьПроцедуруКонтекста(КонтекстВыполнения, ЭлементДереваТестов.ИмяМетода, ЭлементДереваТестов.Параметры);
{ВнешняяОбработка.xddTestRunner.Форма.УправляемаяФорма.Форма(913)}:	РезультатТестирования = ОбъектНаСервере.ВыполнитьТестовыйМетод(КонтекстВыполнения, ЭлементДереваТестов);
"/>
			</testcase>
			<testcase classname="Проверка чтения не-администраторами - &lt;test&gt;" name="РегистрСведений.ТОРО_НижниеУзлыИерархииРИСЭнергосубъекта: Проверка доступа на Чтение Не-Администраторами - &lt;test&gt;" time="0.063" status="failure">
				<failure message="[Failed] Ожидали, что проверяемое значение (Ложь) является ИСТИНОЙ.
РегистрСведений.ТОРО_НижниеУзлыИерархииРИСЭнергосубъекта недоступно для чтения ролями без привилегий
{ВнешняяОбработка.УтвержденияBDD.МодульОбъекта(293)}:	ВызватьИсключение Префикс + &quot; &quot; + СообщениеОшибки;
{ВнешняяОбработка.УтвержденияBDD.МодульОбъекта(46)}:		ВызватьОшибкуПроверки(СообщениеОшибки);
{ВнешняяОбработка.УтвержденияBDD.МодульОбъекта(53)}:	Возврат ЭтоИстина();
{ВнешняяОбработка.ПроверкаЧтенияНеАдминистраторами.МодульОбъекта(100)}:	Ожидаем.Что(ЧтениеДоступно, ПолноеИмяМетаданного + &quot; недоступно для чтения ролями без привилегий&quot;).ЕстьИстина();
{(1)}:КонтекстВыполнения.Тест_ПроверитьНеАдминистраторскиеПраваНаЧтение(Параметры[0],Параметры[1]);
{ВнешняяОбработка.xddTestRunner.МодульОбъекта(337)}:	Выполнить(ИcполняемыйКод);
{ВнешняяОбработка.xddTestRunner.МодульОбъекта(261)}:			ВыполнитьПроцедуруКонтекста(КонтекстВыполнения, ЭлементДереваТестов.ИмяМетода, ЭлементДереваТестов.Параметры);
{ВнешняяОбработка.xddTestRunner.Форма.УправляемаяФорма.Форма(913)}:	РезультатТестирования = ОбъектНаСервере.ВыполнитьТестовыйМетод(КонтекстВыполнения, ЭлементДереваТестов);
"/>
			</testcase>
			<testcase classname="Проверка чтения не-администраторами - &lt;test&gt;" name="РегистрНакопления.ВзаиморасчетыССотрудниками: Проверка доступа на Чтение Не-Администраторами - &lt;test&gt;" time="0" status="passed"/>
			<testcase classname="Проверка чтения не-администраторами - &lt;test&gt;" name="РегистрСведений.ТОРО_АвтоматическийОбменДаннымиФайловый: Проверка доступа на Чтение Не-Администраторами - &lt;test&gt;" time="0.032" status="passed"/>
			<testcase classname="Проверка чтения не-администраторами - &lt;test&gt;" name="Справочник.РеестрСЗВ_6_2ПрисоединенныеФайлы: Проверка доступа на Чтение Не-Администраторами - &lt;test&gt;" time="0.016" status="passed"/>
			<testcase classname="Проверка чтения не-администраторами - &lt;test&gt;" name="РегистрСведений.СлужебныеАдресныеСведения: Проверка доступа на Чтение Не-Администраторами - &lt;test&gt;" time="0.016" status="passed"/>
			<testcase classname="Проверка чтения не-администраторами - &lt;test&gt;" name="Документ.ФормированиеЗаписейРаздела7ДекларацииНДС: Проверка доступа на Чтение Не-Администраторами - &lt;test&gt;" time="0.016" status="passed"/>
			<testcase classname="Проверка чтения не-администраторами - &lt;test&gt;" name="РегистрСведений.ВерсииПодсистем: Проверка доступа на Чтение Не-Администраторами - &lt;test&gt;" time="0.047" status="passed"/>
			<testcase classname="Проверка чтения не-администраторами - &lt;test&gt;" name="РегистрСведений.ОбновлениеКлючейДоступаКДанным: Проверка доступа на Чтение Не-Администраторами - &lt;test&gt;" time="0.047" status="failure">
				<failure message="[Failed] Ожидали, что проверяемое значение (Ложь) является ИСТИНОЙ.
РегистрСведений.ОбновлениеКлючейДоступаКДанным недоступно для чтения ролями без привилегий
{ВнешняяОбработка.УтвержденияBDD.МодульОбъекта(293)}:	ВызватьИсключение Префикс + &quot; &quot; + СообщениеОшибки;
{ВнешняяОбработка.УтвержденияBDD.МодульОбъекта(46)}:		ВызватьОшибкуПроверки(СообщениеОшибки);
{ВнешняяОбработка.УтвержденияBDD.МодульОбъекта(53)}:	Возврат ЭтоИстина();
{ВнешняяОбработка.ПроверкаЧтенияНеАдминистраторами.МодульОбъекта(100)}:	Ожидаем.Что(ЧтениеДоступно, ПолноеИмяМетаданного + &quot; недоступно для чтения ролями без привилегий&quot;).ЕстьИстина();
{(1)}:КонтекстВыполнения.Тест_ПроверитьНеАдминистраторскиеПраваНаЧтение(Параметры[0],Параметры[1]);
{ВнешняяОбработка.xddTestRunner.МодульОбъекта(337)}:	Выполнить(ИcполняемыйКод);
{ВнешняяОбработка.xddTestRunner.МодульОбъекта(261)}:			ВыполнитьПроцедуруКонтекста(КонтекстВыполнения, ЭлементДереваТестов.ИмяМетода, ЭлементДереваТестов.Параметры);
{ВнешняяОбработка.xddTestRunner.Форма.УправляемаяФорма.Форма(913)}:	РезультатТестирования = ОбъектНаСервере.ВыполнитьТестовыйМетод(КонтекстВыполнения, ЭлементДереваТестов);
"/>
			</testcase>
			<testcase classname="Проверка чтения не-администраторами - &lt;test&gt;" name="РегистрСведений.ДатаЗагрузкиОтчетовКассЭвотор: Проверка доступа на Чтение Не-Администраторами - &lt;test&gt;" time="0.062" status="failure">
				<failure message="[Failed] Ожидали, что проверяемое значение (Ложь) является ИСТИНОЙ.
РегистрСведений.ДатаЗагрузкиОтчетовКассЭвотор недоступно для чтения ролями без привилегий
{ВнешняяОбработка.УтвержденияBDD.МодульОбъекта(293)}:	ВызватьИсключение Префикс + &quot; &quot; + СообщениеОшибки;
{ВнешняяОбработка.УтвержденияBDD.МодульОбъекта(46)}:		ВызватьОшибкуПроверки(СообщениеОшибки);
{ВнешняяОбработка.УтвержденияBDD.МодульОбъекта(53)}:	Возврат ЭтоИстина();
{ВнешняяОбработка.ПроверкаЧтенияНеАдминистраторами.МодульОбъекта(100)}:	Ожидаем.Что(ЧтениеДоступно, ПолноеИмяМетаданного + &quot; недоступно для чтения ролями без привилегий&quot;).ЕстьИстина();
{(1)}:КонтекстВыполнения.Тест_ПроверитьНеАдминистраторскиеПраваНаЧтение(Параметры[0],Параметры[1]);
{ВнешняяОбработка.xddTestRunner.МодульОбъекта(337)}:	Выполнить(ИcполняемыйКод);
{ВнешняяОбработка.xddTestRunner.МодульОбъекта(261)}:			ВыполнитьПроцедуруКонтекста(КонтекстВыполнения, ЭлементДереваТестов.ИмяМетода, ЭлементДереваТестов.Параметры);
{ВнешняяОбработка.xddTestRunner.Форма.УправляемаяФорма.Форма(913)}:	РезультатТестирования = ОбъектНаСервере.ВыполнитьТестовыйМетод(КонтекстВыполнения, ЭлементДереваТестов);
"/>
			</testcase>
			<testcase classname="Проверка чтения не-администраторами - &lt;test&gt;" name="Константа.ИспользоватьФасовкуВесовогоТовара: Проверка доступа на Чтение Не-Администраторами - &lt;test&gt;" time="0" status="passed"/>
			<testcase classname="Проверка чтения не-администраторами - &lt;test&gt;" name="Справочник.Организации: Проверка доступа на Чтение Не-Администраторами - &lt;test&gt;" time="0.015" status="passed"/>
			<testcase classname="Проверка чтения не-администраторами - &lt;test&gt;" name="Справочник.ИзменениеУсловийОплатыОтпускаПоУходуЗаРебенкомПрисоединенныеФайлы: Проверка доступа на Чтение Не-Администраторами - &lt;test&gt;" time="0" status="passed"/>
			<testcase classname="Проверка чтения не-администраторами - &lt;test&gt;" name="РегистрСведений.ГрафикЭтаповПроизводства: Проверка доступа на Чтение Не-Администраторами - &lt;test&gt;" time="0.031" status="passed"/>
			<testcase classname="Проверка чтения не-администраторами - &lt;test&gt;" name="Справочник.ПакетОбменСБанкамиПрисоединенныеФайлы: Проверка доступа на Чтение Не-Администраторами - &lt;test&gt;" time="0.016" status="passed"/>
			<testcase classname="Проверка чтения не-администраторами - &lt;test&gt;" name="Справочник.ПрочиеАктивыПассивы: Проверка доступа на Чтение Не-Администраторами - &lt;test&gt;" time="0.016" status="passed"/>
			<testcase classname="Проверка чтения не-администраторами - &lt;test&gt;" name="Константа.РазрешитьВыборВерсииФФДПриПечатиЧеков: Проверка доступа на Чтение Не-Администраторами - &lt;test&gt;" time="0.015" status="passed"/>
			<testcase classname="Проверка чтения не-администраторами - &lt;test&gt;" name="Константа.ИспользоватьВнутреннееСогласованиеСоглашенийСКлиентами: Проверка доступа на Чтение Не-Администраторами - &lt;test&gt;" time="0" status="passed"/>
			<testcase classname="Проверка чтения не-администраторами - &lt;test&gt;" name="Документ.АмортизацияНМАМеждународныйУчет: Проверка доступа на Чтение Не-Администраторами - &lt;test&gt;" time="0" status="passed"/>
			<testcase classname="Проверка чтения не-администраторами - &lt;test&gt;" name="РегистрСведений.ПервоначальныеСведенияНМА: Проверка доступа на Чтение Не-Администраторами - &lt;test&gt;" time="0.015" status="passed"/>
			<testcase classname="Проверка чтения не-администраторами - &lt;test&gt;" name="РегистрСведений.СведенияОНачисленияхДляРасчетаСреднегоЗаработкаФСС: Проверка доступа на Чтение Не-Администраторами - &lt;test&gt;" time="0.015" status="passed"/>
			<testcase classname="Проверка чтения не-администраторами - &lt;test&gt;" name="Документ.ПриемНаРаботу: Проверка доступа на Чтение Не-Администраторами - &lt;test&gt;" time="0" status="passed"/>
			<testcase classname="Проверка чтения не-администраторами - &lt;test&gt;" name="Справочник.УченыеСтепени: Проверка доступа на Чтение Не-Администраторами - &lt;test&gt;" time="0.016" status="passed"/>
			<testcase classname="Проверка чтения не-администраторами - &lt;test&gt;" name="Справочник.ГосударственныеКонтракты: Проверка доступа на Чтение Не-Администраторами - &lt;test&gt;" time="0" status="passed"/>
			<testcase classname="Проверка чтения не-администраторами - &lt;test&gt;" name="Константа.ИспользоватьСогласованиеСоглашенийСКлиентами: Проверка доступа на Чтение Не-Администраторами - &lt;test&gt;" time="0.015" status="passed"/>
			<testcase classname="Проверка чтения не-администраторами - &lt;test&gt;" name="Справочник.СценарииОбменовДанными: Проверка доступа на Чтение Не-Администраторами - &lt;test&gt;" time="0.015" status="passed"/>
			<testcase classname="Проверка чтения не-администраторами - &lt;test&gt;" name="Константа.ТОРО_КодЛИС: Проверка доступа на Чтение Не-Администраторами - &lt;test&gt;" time="0.016" status="passed"/>
			<testcase classname="Проверка чтения не-администраторами - &lt;test&gt;" name="Документ.СборкаТоваров: Проверка доступа на Чтение Не-Администраторами - &lt;test&gt;" time="0" status="passed"/>
			<testcase classname="Проверка чтения не-администраторами - &lt;test&gt;" name="ПланВидовХарактеристик.РеквизитыЭлементовФинансовыхОтчетов: Проверка доступа на Чтение Не-Администраторами - &lt;test&gt;" time="0.016" status="passed"/>
			<testcase classname="Проверка чтения не-администраторами - &lt;test&gt;" name="Константа.ИспользоватьАктыРасхожденийПослеПриемкиПоВозвратам: Проверка доступа на Чтение Не-Администраторами - &lt;test&gt;" time="0" status="passed"/>
			<testcase classname="Проверка чтения не-администраторами - &lt;test&gt;" name="Справочник.ОбщиеВнешниеКомпоненты: Проверка доступа на Чтение Не-Администраторами - &lt;test&gt;" time="0" status="passed"/>
			<testcase classname="Проверка чтения не-администраторами - &lt;test&gt;" name="РегистрСведений.УдалитьАналитикаУчетаПартийПроизводства: Проверка доступа на Чтение Не-Администраторами - &lt;test&gt;" time="0.062" status="failure">
				<failure message="[Failed] Ожидали, что проверяемое значение (Ложь) является ИСТИНОЙ.
РегистрСведений.УдалитьАналитикаУчетаПартийПроизводства недоступно для чтения ролями без привилегий
{ВнешняяОбработка.УтвержденияBDD.МодульОбъекта(293)}:	ВызватьИсключение Префикс + &quot; &quot; + СообщениеОшибки;
{ВнешняяОбработка.УтвержденияBDD.МодульОбъекта(46)}:		ВызватьОшибкуПроверки(СообщениеОшибки);
{ВнешняяОбработка.УтвержденияBDD.МодульОбъекта(53)}:	Возврат ЭтоИстина();
{ВнешняяОбработка.ПроверкаЧтенияНеАдминистраторами.МодульОбъекта(100)}:	Ожидаем.Что(ЧтениеДоступно, ПолноеИмяМетаданного + &quot; недоступно для чтения ролями без привилегий&quot;).ЕстьИстина();
{(1)}:КонтекстВыполнения.Тест_ПроверитьНеАдминистраторскиеПраваНаЧтение(Параметры[0],Параметры[1]);
{ВнешняяОбработка.xddTestRunner.МодульОбъекта(337)}:	Выполнить(ИcполняемыйКод);
{ВнешняяОбработка.xddTestRunner.МодульОбъекта(261)}:			ВыполнитьПроцедуруКонтекста(КонтекстВыполнения, ЭлементДереваТестов.ИмяМетода, ЭлементДереваТестов.Параметры);
{ВнешняяОбработка.xddTestRunner.Форма.УправляемаяФорма.Форма(913)}:	РезультатТестирования = ОбъектНаСервере.ВыполнитьТестовыйМетод(КонтекстВыполнения, ЭлементДереваТестов);
"/>
			</testcase>
			<testcase classname="Проверка чтения не-администраторами - &lt;test&gt;" name="Константа.ТОРО_ГруппаноменклатурыНеиспользуемые: Проверка доступа на Чтение Не-Администраторами - &lt;test&gt;" time="0.015" status="passed"/>
			<testcase classname="Проверка чтения не-администраторами - &lt;test&gt;" name="Константа.ИспользоватьСкладыВТабличнойЧастиДокументовЗакупки: Проверка доступа на Чтение Не-Администраторами - &lt;test&gt;" time="0.015" status="passed"/>
			<testcase classname="Проверка чтения не-администраторами - &lt;test&gt;" name="Справочник.ОтпускПоУходуЗаРебенкомПрисоединенныеФайлы: Проверка доступа на Чтение Не-Администраторами - &lt;test&gt;" time="0" status="passed"/>
			<testcase classname="Проверка чтения не-администраторами - &lt;test&gt;" name="РегистрСведений.ТОРО_ПредшествующиеВидыВоздействийЕО: Проверка доступа на Чтение Не-Администраторами - &lt;test&gt;" time="0.015" status="passed"/>
			<testcase classname="Проверка чтения не-администраторами - &lt;test&gt;" name="Справочник.СерверыДокументооборота: Проверка доступа на Чтение Не-Администраторами - &lt;test&gt;" time="0.015" status="passed"/>
			<testcase classname="Проверка чтения не-администраторами - &lt;test&gt;" name="РегистрСведений.ПоложенныеВидыЕжегодныхОтпусковИспр: Проверка доступа на Чтение Не-Администраторами - &lt;test&gt;" time="0.063" status="failure">
				<failure message="[Failed] Ожидали, что проверяемое значение (Ложь) является ИСТИНОЙ.
РегистрСведений.ПоложенныеВидыЕжегодныхОтпусковИспр недоступно для чтения ролями без привилегий
{ВнешняяОбработка.УтвержденияBDD.МодульОбъекта(293)}:	ВызватьИсключение Префикс + &quot; &quot; + СообщениеОшибки;
{ВнешняяОбработка.УтвержденияBDD.МодульОбъекта(46)}:		ВызватьОшибкуПроверки(СообщениеОшибки);
{ВнешняяОбработка.УтвержденияBDD.МодульОбъекта(53)}:	Возврат ЭтоИстина();
{ВнешняяОбработка.ПроверкаЧтенияНеАдминистраторами.МодульОбъекта(100)}:	Ожидаем.Что(ЧтениеДоступно, ПолноеИмяМетаданного + &quot; недоступно для чтения ролями без привилегий&quot;).ЕстьИстина();
{(1)}:КонтекстВыполнения.Тест_ПроверитьНеАдминистраторскиеПраваНаЧтение(Параметры[0],Параметры[1]);
{ВнешняяОбработка.xddTestRunner.МодульОбъекта(337)}:	Выполнить(ИcполняемыйКод);
{ВнешняяОбработка.xddTestRunner.МодульОбъекта(261)}:			ВыполнитьПроцедуруКонтекста(КонтекстВыполнения, ЭлементДереваТестов.ИмяМетода, ЭлементДереваТестов.Параметры);
{ВнешняяОбработка.xddTestRunner.Форма.УправляемаяФорма.Форма(913)}:	РезультатТестирования = ОбъектНаСервере.ВыполнитьТестовыйМетод(КонтекстВыполнения, ЭлементДереваТестов);
"/>
			</testcase>
			<testcase classname="Проверка чтения не-администраторами - &lt;test&gt;" name="РегистрСведений.ЗначенияРазовыхПоказателейРасчетаЗарплатыОрганизаций: Проверка доступа на Чтение Не-Администраторами - &lt;test&gt;" time="0" status="passed"/>
			<testcase classname="Проверка чтения не-администраторами - &lt;test&gt;" name="Константа.НеБазоваяВерсия: Проверка доступа на Чтение Не-Администраторами - &lt;test&gt;" time="0.015" status="passed"/>
			<testcase classname="Проверка чтения не-администраторами - &lt;test&gt;" name="РегистрНакопления.ЗначенияОперативныхПоказателейРасчетаЗарплатыПодразделений: Проверка доступа на Чтение Не-Администраторами - &lt;test&gt;" time="0" status="passed"/>
			<testcase classname="Проверка чтения не-администраторами - &lt;test&gt;" name="Справочник.ПредопределенныеВариантыОтчетов: Проверка доступа на Чтение Не-Администраторами - &lt;test&gt;" time="0" status="passed"/>
			<testcase classname="Проверка чтения не-администраторами - &lt;test&gt;" name="РегистрРасчета.Удержания: Проверка доступа на Чтение Не-Администраторами - &lt;test&gt;" time="0" status="passed"/>
			<testcase classname="Проверка чтения не-администраторами - &lt;test&gt;" name="Константа.ВалютаПлановойСебестоимостиПродукции: Проверка доступа на Чтение Не-Администраторами - &lt;test&gt;" time="0.016" status="passed"/>
			<testcase classname="Проверка чтения не-администраторами - &lt;test&gt;" name="Константа.НоваяАрхитектураВзаиморасчетов: Проверка доступа на Чтение Не-Администраторами - &lt;test&gt;" time="0" status="passed"/>
			<testcase classname="Проверка чтения не-администраторами - &lt;test&gt;" name="Документ.ПриобретениеТоваровУслуг: Проверка доступа на Чтение Не-Администраторами - &lt;test&gt;" time="0" status="passed"/>
			<testcase classname="Проверка чтения не-администраторами - &lt;test&gt;" name="Документ.ХодатайствоОБронированииГражданПребывающихВЗапасе: Проверка доступа на Чтение Не-Администраторами - &lt;test&gt;" time="0" status="passed"/>
			<testcase classname="Проверка чтения не-администраторами - &lt;test&gt;" name="РегистрСведений.ВидыЗанятостиСотрудниковИспр: Проверка доступа на Чтение Не-Администраторами - &lt;test&gt;" time="0.062" status="failure">
				<failure message="[Failed] Ожидали, что проверяемое значение (Ложь) является ИСТИНОЙ.
РегистрСведений.ВидыЗанятостиСотрудниковИспр недоступно для чтения ролями без привилегий
{ВнешняяОбработка.УтвержденияBDD.МодульОбъекта(293)}:	ВызватьИсключение Префикс + &quot; &quot; + СообщениеОшибки;
{ВнешняяОбработка.УтвержденияBDD.МодульОбъекта(46)}:		ВызватьОшибкуПроверки(СообщениеОшибки);
{ВнешняяОбработка.УтвержденияBDD.МодульОбъекта(53)}:	Возврат ЭтоИстина();
{ВнешняяОбработка.ПроверкаЧтенияНеАдминистраторами.МодульОбъекта(100)}:	Ожидаем.Что(ЧтениеДоступно, ПолноеИмяМетаданного + &quot; недоступно для чтения ролями без привилегий&quot;).ЕстьИстина();
{(1)}:КонтекстВыполнения.Тест_ПроверитьНеАдминистраторскиеПраваНаЧтение(Параметры[0],Параметры[1]);
{ВнешняяОбработка.xddTestRunner.МодульОбъекта(337)}:	Выполнить(ИcполняемыйКод);
{ВнешняяОбработка.xddTestRunner.МодульОбъекта(261)}:			ВыполнитьПроцедуруКонтекста(КонтекстВыполнения, ЭлементДереваТестов.ИмяМетода, ЭлементДереваТестов.Параметры);
{ВнешняяОбработка.xddTestRunner.Форма.УправляемаяФорма.Форма(913)}:	РезультатТестирования = ОбъектНаСервере.ВыполнитьТестовыйМетод(КонтекстВыполнения, ЭлементДереваТестов);
"/>
			</testcase>
			<testcase classname="Проверка чтения не-администраторами - &lt;test&gt;" name="Справочник.ОчередьЗаданийОбластейДанных: Проверка доступа на Чтение Не-Администраторами - &lt;test&gt;" time="0.063" status="failure">
				<failure message="[Failed] Ожидали, что проверяемое значение (Ложь) является ИСТИНОЙ.
Справочник.ОчередьЗаданийОбластейДанных недоступно для чтения ролями без привилегий
{ВнешняяОбработка.УтвержденияBDD.МодульОбъекта(293)}:	ВызватьИсключение Префикс + &quot; &quot; + СообщениеОшибки;
{ВнешняяОбработка.УтвержденияBDD.МодульОбъекта(46)}:		ВызватьОшибкуПроверки(СообщениеОшибки);
{ВнешняяОбработка.УтвержденияBDD.МодульОбъекта(53)}:	Возврат ЭтоИстина();
{ВнешняяОбработка.ПроверкаЧтенияНеАдминистраторами.МодульОбъекта(100)}:	Ожидаем.Что(ЧтениеДоступно, ПолноеИмяМетаданного + &quot; недоступно для чтения ролями без привилегий&quot;).ЕстьИстина();
{(1)}:КонтекстВыполнения.Тест_ПроверитьНеАдминистраторскиеПраваНаЧтение(Параметры[0],Параметры[1]);
{ВнешняяОбработка.xddTestRunner.МодульОбъекта(337)}:	Выполнить(ИcполняемыйКод);
{ВнешняяОбработка.xddTestRunner.МодульОбъекта(261)}:			ВыполнитьПроцедуруКонтекста(КонтекстВыполнения, ЭлементДереваТестов.ИмяМетода, ЭлементДереваТестов.Параметры);
{ВнешняяОбработка.xddTestRunner.Форма.УправляемаяФорма.Форма(913)}:	РезультатТестирования = ОбъектНаСервере.ВыполнитьТестовыйМетод(КонтекстВыполнения, ЭлементДереваТестов);
"/>
			</testcase>
			<testcase classname="Проверка чтения не-администраторами - &lt;test&gt;" name="Справочник.СчетНаОплатуКлиентуПрисоединенныеФайлы: Проверка доступа на Чтение Не-Администраторами - &lt;test&gt;" time="0.015" status="passed"/>
			<testcase classname="Проверка чтения не-администраторами - &lt;test&gt;" name="Документ.КомандировкиСотрудников: Проверка доступа на Чтение Не-Администраторами - &lt;test&gt;" time="0.015" status="passed"/>
			<testcase classname="Проверка чтения не-администраторами - &lt;test&gt;" name="Константа.ИспользоватьСтатусыДвиженийПродукцииИМатериалов: Проверка доступа на Чтение Не-Администраторами - &lt;test&gt;" time="0" status="passed"/>
			<testcase classname="Проверка чтения не-администраторами - &lt;test&gt;" name="РегистрСведений.ТОРО_ЛицаОтветственныеЗаНеснижаемыеМТР: Проверка доступа на Чтение Не-Администраторами - &lt;test&gt;" time="0.031" status="passed"/>
			<testcase classname="Проверка чтения не-администраторами - &lt;test&gt;" name="РегистрСведений.ТОРО_НастройкиИспользованияОповещенийВОбъектах: Проверка доступа на Чтение Не-Администраторами - &lt;test&gt;" time="0.015" status="passed"/>
			<testcase classname="Проверка чтения не-администраторами - &lt;test&gt;" name="РегистрСведений.ТОРО_СоответствиеМоделейВидовИспытанийАтрибутов: Проверка доступа на Чтение Не-Администраторами - &lt;test&gt;" time="0.016" status="passed"/>
			<testcase classname="Проверка чтения не-администраторами - &lt;test&gt;" name="Справочник.РассылкаКлиентамПрисоединенныеФайлы: Проверка доступа на Чтение Не-Администраторами - &lt;test&gt;" time="0.031" status="passed"/>
			<testcase classname="Проверка чтения не-администраторами - &lt;test&gt;" name="РегистрСведений.ПрименениеРазрешенийНаИспользованиеВнешнихРесурсовВМоделиСервиса: Проверка доступа на Чтение Не-Администраторами - &lt;test&gt;" time="0.031" status="passed"/>
			<testcase classname="Проверка чтения не-администраторами - &lt;test&gt;" name="Справочник.ВетеринарноСопроводительныйДокументВЕТИС: Проверка доступа на Чтение Не-Администраторами - &lt;test&gt;" time="0" status="passed"/>
			<testcase classname="Проверка чтения не-администраторами - &lt;test&gt;" name="РегистрНакопления.АмортизацияНМА: Проверка доступа на Чтение Не-Администраторами - &lt;test&gt;" time="0.015" status="passed"/>
			<testcase classname="Проверка чтения не-администраторами - &lt;test&gt;" name="Константа.ПорядокОформленияНакладныхРасходныхОрдеров: Проверка доступа на Чтение Не-Администраторами - &lt;test&gt;" time="0.016" status="passed"/>
			<testcase classname="Проверка чтения не-администраторами - &lt;test&gt;" name="Документ.ПостоянноеУдержаниеВПользуТретьихЛиц: Проверка доступа на Чтение Не-Администраторами - &lt;test&gt;" time="0" status="passed"/>
			<testcase classname="Проверка чтения не-администраторами - &lt;test&gt;" name="Справочник.ТОРО_АналитикаПланирования: Проверка доступа на Чтение Не-Администраторами - &lt;test&gt;" time="0.016" status="passed"/>
			<testcase classname="Проверка чтения не-администраторами - &lt;test&gt;" name="РегистрНакопления.ОценочныеОбязательстваПоСотрудникам: Проверка доступа на Чтение Не-Администраторами - &lt;test&gt;" time="0.015" status="passed"/>
			<testcase classname="Проверка чтения не-администраторами - &lt;test&gt;" name="Константа.ПисьмаОбменСБанками: Проверка доступа на Чтение Не-Администраторами - &lt;test&gt;" time="0.015" status="passed"/>
			<testcase classname="Проверка чтения не-администраторами - &lt;test&gt;" name="Константа.ИспользоватьУправленческуюОрганизацию: Проверка доступа на Чтение Не-Администраторами - &lt;test&gt;" time="0" status="passed"/>
			<testcase classname="Проверка чтения не-администраторами - &lt;test&gt;" name="РегистрСведений.ФайлыДокументовРеализацииПолномочийНалоговыхОрганов: Проверка доступа на Чтение Не-Администраторами - &lt;test&gt;" time="0.031" status="passed"/>
			<testcase classname="Проверка чтения не-администраторами - &lt;test&gt;" name="Справочник.ВидыАлкогольнойПродукции: Проверка доступа на Чтение Не-Администраторами - &lt;test&gt;" time="0" status="passed"/>
			<testcase classname="Проверка чтения не-администраторами - &lt;test&gt;" name="РегистрСведений.КлючиДоступаКОбъектам: Проверка доступа на Чтение Не-Администраторами - &lt;test&gt;" time="0.062" status="failure">
				<failure message="[Failed] Ожидали, что проверяемое значение (Ложь) является ИСТИНОЙ.
РегистрСведений.КлючиДоступаКОбъектам недоступно для чтения ролями без привилегий
{ВнешняяОбработка.УтвержденияBDD.МодульОбъекта(293)}:	ВызватьИсключение Префикс + &quot; &quot; + СообщениеОшибки;
{ВнешняяОбработка.УтвержденияBDD.МодульОбъекта(46)}:		ВызватьОшибкуПроверки(СообщениеОшибки);
{ВнешняяОбработка.УтвержденияBDD.МодульОбъекта(53)}:	Возврат ЭтоИстина();
{ВнешняяОбработка.ПроверкаЧтенияНеАдминистраторами.МодульОбъекта(100)}:	Ожидаем.Что(ЧтениеДоступно, ПолноеИмяМетаданного + &quot; недоступно для чтения ролями без привилегий&quot;).ЕстьИстина();
{(1)}:КонтекстВыполнения.Тест_ПроверитьНеАдминистраторскиеПраваНаЧтение(Параметры[0],Параметры[1]);
{ВнешняяОбработка.xddTestRunner.МодульОбъекта(337)}:	Выполнить(ИcполняемыйКод);
{ВнешняяОбработка.xddTestRunner.МодульОбъекта(261)}:			ВыполнитьПроцедуруКонтекста(КонтекстВыполнения, ЭлементДереваТестов.ИмяМетода, ЭлементДереваТестов.Параметры);
{ВнешняяОбработка.xddTestRunner.Форма.УправляемаяФорма.Форма(913)}:	РезультатТестирования = ОбъектНаСервере.ВыполнитьТестовыйМетод(КонтекстВыполнения, ЭлементДереваТестов);
"/>
			</testcase>
			<testcase classname="Проверка чтения не-администраторами - &lt;test&gt;" name="РегистрСведений.СведенияОВзносахВПФР: Проверка доступа на Чтение Не-Администраторами - &lt;test&gt;" time="0.015" status="passed"/>
			<testcase classname="Проверка чтения не-администраторами - &lt;test&gt;" name="Справочник.ТелефонныйЗвонокПрисоединенныеФайлы: Проверка доступа на Чтение Не-Администраторами - &lt;test&gt;" time="0" status="passed"/>
			<testcase classname="Проверка чтения не-администраторами - &lt;test&gt;" name="Документ.СписаниеОС2_4: Проверка доступа на Чтение Не-Администраторами - &lt;test&gt;" time="0.015" status="passed"/>
			<testcase classname="Проверка чтения не-администраторами - &lt;test&gt;" name="РегистрНакопления.УплатаНДФЛНалоговымиАгентамиКРаспределению: Проверка доступа на Чтение Не-Администраторами - &lt;test&gt;" time="0" status="passed"/>
			<testcase classname="Проверка чтения не-администраторами - &lt;test&gt;" name="Документ.ЗаказНаПроизводство: Проверка доступа на Чтение Не-Администраторами - &lt;test&gt;" time="0.015" status="passed"/>
			<testcase classname="Проверка чтения не-администраторами - &lt;test&gt;" name="Справочник.ТарифыПлатежныхАгентов: Проверка доступа на Чтение Не-Администраторами - &lt;test&gt;" time="0.016" status="passed"/>
			<testcase classname="Проверка чтения не-администраторами - &lt;test&gt;" name="Документ.ОперацияПоПлатежнойКарте: Проверка доступа на Чтение Не-Администраторами - &lt;test&gt;" time="0" status="passed"/>
			<testcase classname="Проверка чтения не-администраторами - &lt;test&gt;" name="Справочник.ПредприятияВЕТИС: Проверка доступа на Чтение Не-Администраторами - &lt;test&gt;" time="0.015" status="passed"/>
			<testcase classname="Проверка чтения не-администраторами - &lt;test&gt;" name="Константа.ИспользоватьОбщиеДополнительныеРеквизитыИСведения: Проверка доступа на Чтение Не-Администраторами - &lt;test&gt;" time="0" status="passed"/>
			<testcase classname="Проверка чтения не-администраторами - &lt;test&gt;" name="РегистрНакопления.ПланыЗакупок: Проверка доступа на Чтение Не-Администраторами - &lt;test&gt;" time="0" status="passed"/>
			<testcase classname="Проверка чтения не-администраторами - &lt;test&gt;" name="Документ.ТелефонныйЗвонок: Проверка доступа на Чтение Не-Администраторами - &lt;test&gt;" time="0.015" status="passed"/>
			<testcase classname="Проверка чтения не-администраторами - &lt;test&gt;" name="Справочник.ВидыНоменклатуры: Проверка доступа на Чтение Не-Администраторами - &lt;test&gt;" time="0.016" status="passed"/>
			<testcase classname="Проверка чтения не-администраторами - &lt;test&gt;" name="РегистрСведений.СертификатыШифрования: Проверка доступа на Чтение Не-Администраторами - &lt;test&gt;" time="0.079" status="failure">
				<failure message="[Failed] Ожидали, что проверяемое значение (Ложь) является ИСТИНОЙ.
РегистрСведений.СертификатыШифрования недоступно для чтения ролями без привилегий
{ВнешняяОбработка.УтвержденияBDD.МодульОбъекта(293)}:	ВызватьИсключение Префикс + &quot; &quot; + СообщениеОшибки;
{ВнешняяОбработка.УтвержденияBDD.МодульОбъекта(46)}:		ВызватьОшибкуПроверки(СообщениеОшибки);
{ВнешняяОбработка.УтвержденияBDD.МодульОбъекта(53)}:	Возврат ЭтоИстина();
{ВнешняяОбработка.ПроверкаЧтенияНеАдминистраторами.МодульОбъекта(100)}:	Ожидаем.Что(ЧтениеДоступно, ПолноеИмяМетаданного + &quot; недоступно для чтения ролями без привилегий&quot;).ЕстьИстина();
{(1)}:КонтекстВыполнения.Тест_ПроверитьНеАдминистраторскиеПраваНаЧтение(Параметры[0],Параметры[1]);
{ВнешняяОбработка.xddTestRunner.МодульОбъекта(337)}:	Выполнить(ИcполняемыйКод);
{ВнешняяОбработка.xddTestRunner.МодульОбъекта(261)}:			ВыполнитьПроцедуруКонтекста(КонтекстВыполнения, ЭлементДереваТестов.ИмяМетода, ЭлементДереваТестов.Параметры);
{ВнешняяОбработка.xddTestRunner.Форма.УправляемаяФорма.Форма(913)}:	РезультатТестирования = ОбъектНаСервере.ВыполнитьТестовыйМетод(КонтекстВыполнения, ЭлементДереваТестов);
"/>
			</testcase>
			<testcase classname="Проверка чтения не-администраторами - &lt;test&gt;" name="Документ.НачальнаяШтатнаяРасстановка: Проверка доступа на Чтение Не-Администраторами - &lt;test&gt;" time="0" status="passed"/>
			<testcase classname="Проверка чтения не-администраторами - &lt;test&gt;" name="Константа.ИспользоватьУправленческуюЗарплату: Проверка доступа на Чтение Не-Администраторами - &lt;test&gt;" time="0" status="passed"/>
			<testcase classname="Проверка чтения не-администраторами - &lt;test&gt;" name="Константа.ИспользоватьМногофункциональностьДокументов: Проверка доступа на Чтение Не-Администраторами - &lt;test&gt;" time="0" status="passed"/>
			<testcase classname="Проверка чтения не-администраторами - &lt;test&gt;" name="РегистрСведений.ПартнерыСегмента: Проверка доступа на Чтение Не-Администраторами - &lt;test&gt;" time="0.016" status="passed"/>
			<testcase classname="Проверка чтения не-администраторами - &lt;test&gt;" name="РегистрСведений.ПорядокПлатежногоКалендаря: Проверка доступа на Чтение Не-Администраторами - &lt;test&gt;" time="0.016" status="passed"/>
			<testcase classname="Проверка чтения не-администраторами - &lt;test&gt;" name="Справочник.Справки1ЕГАИС: Проверка доступа на Чтение Не-Администраторами - &lt;test&gt;" time="0" status="passed"/>
			<testcase classname="Проверка чтения не-администраторами - &lt;test&gt;" name="Константа.ДатаОбновленияСобытийСПАРКРиски: Проверка доступа на Чтение Не-Администраторами - &lt;test&gt;" time="0" status="passed"/>
			<testcase classname="Проверка чтения не-администраторами - &lt;test&gt;" name="Константа.ИспользоватьМаркетинговыеМероприятия: Проверка доступа на Чтение Не-Администраторами - &lt;test&gt;" time="0.016" status="passed"/>
			<testcase classname="Проверка чтения не-администраторами - &lt;test&gt;" name="Константа.ДатаСинхронизацииОКПД2: Проверка доступа на Чтение Не-Администраторами - &lt;test&gt;" time="0.016" status="passed"/>
			<testcase classname="Проверка чтения не-администраторами - &lt;test&gt;" name="РегистрНакопления.РаспоряженияНаПередачуИзПроизводства: Проверка доступа на Чтение Не-Администраторами - &lt;test&gt;" time="0" status="passed"/>
			<testcase classname="Проверка чтения не-администраторами - &lt;test&gt;" name="Константа.ТОРО_ИспользоватьДополнительныеРасходыДляТОиР: Проверка доступа на Чтение Не-Администраторами - &lt;test&gt;" time="0.031" status="passed"/>
			<testcase classname="Проверка чтения не-администраторами - &lt;test&gt;" name="РегистрСведений.ПорядокОтраженияПрочихОпераций: Проверка доступа на Чтение Не-Администраторами - &lt;test&gt;" time="0.015" status="passed"/>
			<testcase classname="Проверка чтения не-администраторами - &lt;test&gt;" name="Константа.ИспользоватьОтправкуSMSВШаблонахСообщений: Проверка доступа на Чтение Не-Администраторами - &lt;test&gt;" time="0" status="passed"/>
			<testcase classname="Проверка чтения не-администраторами - &lt;test&gt;" name="Документ.СписаниеЗадолженности: Проверка доступа на Чтение Не-Администраторами - &lt;test&gt;" time="0" status="passed"/>
			<testcase classname="Проверка чтения не-администраторами - &lt;test&gt;" name="Справочник.ВариантыОтветовАнкет: Проверка доступа на Чтение Не-Администраторами - &lt;test&gt;" time="0.016" status="passed"/>
			<testcase classname="Проверка чтения не-администраторами - &lt;test&gt;" name="РегистрСведений.НеобрабатываемыеТранспортныеСообщения: Проверка доступа на Чтение Не-Администраторами - &lt;test&gt;" time="0.062" status="failure">
				<failure message="[Failed] Ожидали, что проверяемое значение (Ложь) является ИСТИНОЙ.
РегистрСведений.НеобрабатываемыеТранспортныеСообщения недоступно для чтения ролями без привилегий
{ВнешняяОбработка.УтвержденияBDD.МодульОбъекта(293)}:	ВызватьИсключение Префикс + &quot; &quot; + СообщениеОшибки;
{ВнешняяОбработка.УтвержденияBDD.МодульОбъекта(46)}:		ВызватьОшибкуПроверки(СообщениеОшибки);
{ВнешняяОбработка.УтвержденияBDD.МодульОбъекта(53)}:	Возврат ЭтоИстина();
{ВнешняяОбработка.ПроверкаЧтенияНеАдминистраторами.МодульОбъекта(100)}:	Ожидаем.Что(ЧтениеДоступно, ПолноеИмяМетаданного + &quot; недоступно для чтения ролями без привилегий&quot;).ЕстьИстина();
{(1)}:КонтекстВыполнения.Тест_ПроверитьНеАдминистраторскиеПраваНаЧтение(Параметры[0],Параметры[1]);
{ВнешняяОбработка.xddTestRunner.МодульОбъекта(337)}:	Выполнить(ИcполняемыйКод);
{ВнешняяОбработка.xddTestRunner.МодульОбъекта(261)}:			ВыполнитьПроцедуруКонтекста(КонтекстВыполнения, ЭлементДереваТестов.ИмяМетода, ЭлементДереваТестов.Параметры);
{ВнешняяОбработка.xddTestRunner.Форма.УправляемаяФорма.Форма(913)}:	РезультатТестирования = ОбъектНаСервере.ВыполнитьТестовыйМетод(КонтекстВыполнения, ЭлементДереваТестов);
"/>
			</testcase>
			<testcase classname="Проверка чтения не-администраторами - &lt;test&gt;" name="РегистрСведений.УдалитьТОРО_НастройкиРемонтныхБригад: Проверка доступа на Чтение Не-Администраторами - &lt;test&gt;" time="0.015" status="passed"/>
			<testcase classname="Проверка чтения не-администраторами - &lt;test&gt;" name="РегистрСведений.ТОРО_ПланыВоздействийПоПредметам: Проверка доступа на Чтение Не-Администраторами - &lt;test&gt;" time="0.016" status="passed"/>
			<testcase classname="Проверка чтения не-администраторами - &lt;test&gt;" name="Документ.ЧекККМКоррекции: Проверка доступа на Чтение Не-Администраторами - &lt;test&gt;" time="0.016" status="passed"/>
			<testcase classname="Проверка чтения не-администраторами - &lt;test&gt;" name="Константа.ИспользоватьСегментыНоменклатуры: Проверка доступа на Чтение Не-Администраторами - &lt;test&gt;" time="0" status="passed"/>
			<testcase classname="Проверка чтения не-администраторами - &lt;test&gt;" name="РегистрНакопления.ТОРО_ИсполнениеЗаказовНаТПиР: Проверка доступа на Чтение Не-Администраторами - &lt;test&gt;" time="0.015" status="passed"/>
			<testcase classname="Проверка чтения не-администраторами - &lt;test&gt;" name="Справочник.Сотрудники: Проверка доступа на Чтение Не-Администраторами - &lt;test&gt;" time="0" status="passed"/>
			<testcase classname="Проверка чтения не-администраторами - &lt;test&gt;" name="РегистрНакопления.БухгалтерскиеВзаиморасчетыССотрудниками: Проверка доступа на Чтение Не-Администраторами - &lt;test&gt;" time="0" status="passed"/>
			<testcase classname="Проверка чтения не-администраторами - &lt;test&gt;" name="РегистрСведений.НачислениеАмортизацииНМАСпециальныйКоэффициентНалоговыйУчет: Проверка доступа на Чтение Не-Администраторами - &lt;test&gt;" time="0.015" status="passed"/>
			<testcase classname="Проверка чтения не-администраторами - &lt;test&gt;" name="РегистрСведений.ПорядокУчетаНМАБУ: Проверка доступа на Чтение Не-Администраторами - &lt;test&gt;" time="0.032" status="passed"/>
			<testcase classname="Проверка чтения не-администраторами - &lt;test&gt;" name="Константа.ПарольПользователяСервисаФормированияМЧБсPDF417: Проверка доступа на Чтение Не-Администраторами - &lt;test&gt;" time="0" status="passed"/>
			<testcase classname="Проверка чтения не-администраторами - &lt;test&gt;" name="РегистрСведений.НакопленныеСтажиФизическихЛиц: Проверка доступа на Чтение Не-Администраторами - &lt;test&gt;" time="0" status="passed"/>
			<testcase classname="Проверка чтения не-администраторами - &lt;test&gt;" name="Справочник.МаркетинговыеМероприятияПрисоединенныеФайлы: Проверка доступа на Чтение Не-Администраторами - &lt;test&gt;" time="0.031" status="passed"/>
			<testcase classname="Проверка чтения не-администраторами - &lt;test&gt;" name="Константа.mdm_ИспользоватьИнтеграциюКСУНСИ: Проверка доступа на Чтение Не-Администраторами - &lt;test&gt;" time="0" status="passed"/>
			<testcase classname="Проверка чтения не-администраторами - &lt;test&gt;" name="Документ.ИзделияИЗатратыНЗП: Проверка доступа на Чтение Не-Администраторами - &lt;test&gt;" time="0.015" status="passed"/>
			<testcase classname="Проверка чтения не-администраторами - &lt;test&gt;" name="РегистрСведений.УдалитьТарифыВзносовЗаЗанятыхНаРаботахСДосрочнойПенсией: Проверка доступа на Чтение Не-Администраторами - &lt;test&gt;" time="0.047" status="passed"/>
			<testcase classname="Проверка чтения не-администраторами - &lt;test&gt;" name="РегистрСведений.ПрименяемыеТарифыСтраховыхВзносов: Проверка доступа на Чтение Не-Администраторами - &lt;test&gt;" time="0" status="passed"/>
			<testcase classname="Проверка чтения не-администраторами - &lt;test&gt;" name="РегистрСведений.ПакетыАмортизацииНМА: Проверка доступа на Чтение Не-Администраторами - &lt;test&gt;" time="0" status="passed"/>
			<testcase classname="Проверка чтения не-администраторами - &lt;test&gt;" name="РегистрСведений.ЗаписиОСтажеДоНачалаЭксплуатации: Проверка доступа на Чтение Не-Администраторами - &lt;test&gt;" time="0" status="passed"/>
			<testcase classname="Проверка чтения не-администраторами - &lt;test&gt;" name="РегистрСведений.ПредставленияОснованийУвольнения: Проверка доступа на Чтение Не-Администраторами - &lt;test&gt;" time="0.015" status="passed"/>
			<testcase classname="Проверка чтения не-администраторами - &lt;test&gt;" name="Документ.АмортизацияОС: Проверка доступа на Чтение Не-Администраторами - &lt;test&gt;" time="0" status="passed"/>
			<testcase classname="Проверка чтения не-администраторами - &lt;test&gt;" name="Справочник.ВидыПрочихДоходовФизическихЛиц: Проверка доступа на Чтение Не-Администраторами - &lt;test&gt;" time="0.015" status="passed"/>
			<testcase classname="Проверка чтения не-администраторами - &lt;test&gt;" name="Справочник.ЗначенияСвойствОбъектов: Проверка доступа на Чтение Не-Администраторами - &lt;test&gt;" time="0" status="passed"/>
			<testcase classname="Проверка чтения не-администраторами - &lt;test&gt;" name="Константа.НомерЗаданияКРасчетуГрафикаПроизводства: Проверка доступа на Чтение Не-Администраторами - &lt;test&gt;" time="0" status="passed"/>
			<testcase classname="Проверка чтения не-администраторами - &lt;test&gt;" name="Справочник.ПоставляемыеДанные: Проверка доступа на Чтение Не-Администраторами - &lt;test&gt;" time="0.031" status="passed"/>
			<testcase classname="Проверка чтения не-администраторами - &lt;test&gt;" name="Константа.ИзменятьЗаданияЗаднимЧислом: Проверка доступа на Чтение Не-Администраторами - &lt;test&gt;" time="0.016" status="passed"/>
			<testcase classname="Проверка чтения не-администраторами - &lt;test&gt;" name="Документ.ТТНВходящаяЕГАИС: Проверка доступа на Чтение Не-Администраторами - &lt;test&gt;" time="0.016" status="passed"/>
			<testcase classname="Проверка чтения не-администраторами - &lt;test&gt;" name="Справочник.ОтчетПереработчикаПрисоединенныеФайлы: Проверка доступа на Чтение Не-Администраторами - &lt;test&gt;" time="0.015" status="passed"/>
			<testcase classname="Проверка чтения не-администраторами - &lt;test&gt;" name="РегистрСведений.УдалитьРегистрацияЗемельныхУчастков: Проверка доступа на Чтение Не-Администраторами - &lt;test&gt;" time="0.063" status="failure">
				<failure message="[Failed] Ожидали, что проверяемое значение (Ложь) является ИСТИНОЙ.
РегистрСведений.УдалитьРегистрацияЗемельныхУчастков недоступно для чтения ролями без привилегий
{ВнешняяОбработка.УтвержденияBDD.МодульОбъекта(293)}:	ВызватьИсключение Префикс + &quot; &quot; + СообщениеОшибки;
{ВнешняяОбработка.УтвержденияBDD.МодульОбъекта(46)}:		ВызватьОшибкуПроверки(СообщениеОшибки);
{ВнешняяОбработка.УтвержденияBDD.МодульОбъекта(53)}:	Возврат ЭтоИстина();
{ВнешняяОбработка.ПроверкаЧтенияНеАдминистраторами.МодульОбъекта(100)}:	Ожидаем.Что(ЧтениеДоступно, ПолноеИмяМетаданного + &quot; недоступно для чтения ролями без привилегий&quot;).ЕстьИстина();
{(1)}:КонтекстВыполнения.Тест_ПроверитьНеАдминистраторскиеПраваНаЧтение(Параметры[0],Параметры[1]);
{ВнешняяОбработка.xddTestRunner.МодульОбъекта(337)}:	Выполнить(ИcполняемыйКод);
{ВнешняяОбработка.xddTestRunner.МодульОбъекта(261)}:			ВыполнитьПроцедуруКонтекста(КонтекстВыполнения, ЭлементДереваТестов.ИмяМетода, ЭлементДереваТестов.Параметры);
{ВнешняяОбработка.xddTestRunner.Форма.УправляемаяФорма.Форма(913)}:	РезультатТестирования = ОбъектНаСервере.ВыполнитьТестовыйМетод(КонтекстВыполнения, ЭлементДереваТестов);
"/>
			</testcase>
			<testcase classname="Проверка чтения не-администраторами - &lt;test&gt;" name="Документ.РаботаСверхурочно: Проверка доступа на Чтение Не-Администраторами - &lt;test&gt;" time="0.016" status="passed"/>
			<testcase classname="Проверка чтения не-администраторами - &lt;test&gt;" name="Константа.ДатаПереходаНаПартионныйУчетВерсии22: Проверка доступа на Чтение Не-Администраторами - &lt;test&gt;" time="0.015" status="passed"/>
			<testcase classname="Проверка чтения не-администраторами - &lt;test&gt;" name="ПланВидовРасчета.Удержания: Проверка доступа на Чтение Не-Администраторами - &lt;test&gt;" time="0" status="passed"/>
			<testcase classname="Проверка чтения не-администраторами - &lt;test&gt;" name="Справочник.НоменклатураПрисоединенныеФайлы: Проверка доступа на Чтение Не-Администраторами - &lt;test&gt;" time="0.015" status="passed"/>
			<testcase classname="Проверка чтения не-администраторами - &lt;test&gt;" name="Константа.ШаблонЭтикеткиДляДоставки: Проверка доступа на Чтение Не-Администраторами - &lt;test&gt;" time="0" status="passed"/>
			<testcase classname="Проверка чтения не-администраторами - &lt;test&gt;" name="РегистрСведений.СостоянияПересчетовЯчеек: Проверка доступа на Чтение Не-Администраторами - &lt;test&gt;" time="0.032" status="passed"/>
			<testcase classname="Проверка чтения не-администраторами - &lt;test&gt;" name="Документ.НормативРаспределенияПлановПродажПоКатегориям: Проверка доступа на Чтение Не-Администраторами - &lt;test&gt;" time="0" status="passed"/>
			<testcase classname="Проверка чтения не-администраторами - &lt;test&gt;" name="Справочник.ОбластиХранения: Проверка доступа на Чтение Не-Администраторами - &lt;test&gt;" time="0.016" status="passed"/>
			<testcase classname="Проверка чтения не-администраторами - &lt;test&gt;" name="РегистрСведений.ДоступныеЛицензии: Проверка доступа на Чтение Не-Администраторами - &lt;test&gt;" time="0" status="passed"/>
			<testcase classname="Проверка чтения не-администраторами - &lt;test&gt;" name="Документ.ИзменениеПараметровОС: Проверка доступа на Чтение Не-Администраторами - &lt;test&gt;" time="0" status="passed"/>
			<testcase classname="Проверка чтения не-администраторами - &lt;test&gt;" name="Документ.ОперацияНалоговогоУчетаПоНДФЛ: Проверка доступа на Чтение Не-Администраторами - &lt;test&gt;" time="0" status="passed"/>
			<testcase classname="Проверка чтения не-администраторами - &lt;test&gt;" name="Константа.ИспользоватьЭлектроннуюПочтуВШаблонахСообщений: Проверка доступа на Чтение Не-Администраторами - &lt;test&gt;" time="0" status="passed"/>
			<testcase classname="Проверка чтения не-администраторами - &lt;test&gt;" name="Справочник.ПачкаДокументовСЗВ_6_1ПрисоединенныеФайлы: Проверка доступа на Чтение Не-Администраторами - &lt;test&gt;" time="0" status="passed"/>
			<testcase classname="Проверка чтения не-администраторами - &lt;test&gt;" name="Документ.ПланОстатков: Проверка доступа на Чтение Не-Администраторами - &lt;test&gt;" time="0.016" status="passed"/>
			<testcase classname="Проверка чтения не-администраторами - &lt;test&gt;" name="РегистрСведений.ПорядокРасчетаСтоимостиЕдиницыВремениСотрудников: Проверка доступа на Чтение Не-Администраторами - &lt;test&gt;" time="0" status="passed"/>
			<testcase classname="Проверка чтения не-администраторами - &lt;test&gt;" name="РегистрСведений.СоответствиеУсловийПродажМобильногоПриложения1СЗаказы: Проверка доступа на Чтение Не-Администраторами - &lt;test&gt;" time="0.016" status="passed"/>
			<testcase classname="Проверка чтения не-администраторами - &lt;test&gt;" name="Константа.ИспользоватьДоговорыСКлиентами: Проверка доступа на Чтение Не-Администраторами - &lt;test&gt;" time="0" status="passed"/>
			<testcase classname="Проверка чтения не-администраторами - &lt;test&gt;" name="Документ.ВосстановлениеНДСПоОбъектамНедвижимости: Проверка доступа на Чтение Не-Администраторами - &lt;test&gt;" time="0.015" status="passed"/>
			<testcase classname="Проверка чтения не-администраторами - &lt;test&gt;" name="Справочник.РегламентированныйОтчетПрисоединенныеФайлы: Проверка доступа на Чтение Не-Администраторами - &lt;test&gt;" time="0" status="passed"/>
			<testcase classname="Проверка чтения не-администраторами - &lt;test&gt;" name="Справочник.ИсторияПроверкиИКорректировкиДанныхПрисоединенныеФайлы: Проверка доступа на Чтение Не-Администраторами - &lt;test&gt;" time="0.062" status="failure">
				<failure message="[Failed] Ожидали, что проверяемое значение (Ложь) является ИСТИНОЙ.
Справочник.ИсторияПроверкиИКорректировкиДанныхПрисоединенныеФайлы недоступно для чтения ролями без привилегий
{ВнешняяОбработка.УтвержденияBDD.МодульОбъекта(293)}:	ВызватьИсключение Префикс + &quot; &quot; + СообщениеОшибки;
{ВнешняяОбработка.УтвержденияBDD.МодульОбъекта(46)}:		ВызватьОшибкуПроверки(СообщениеОшибки);
{ВнешняяОбработка.УтвержденияBDD.МодульОбъекта(53)}:	Возврат ЭтоИстина();
{ВнешняяОбработка.ПроверкаЧтенияНеАдминистраторами.МодульОбъекта(100)}:	Ожидаем.Что(ЧтениеДоступно, ПолноеИмяМетаданного + &quot; недоступно для чтения ролями без привилегий&quot;).ЕстьИстина();
{(1)}:КонтекстВыполнения.Тест_ПроверитьНеАдминистраторскиеПраваНаЧтение(Параметры[0],Параметры[1]);
{ВнешняяОбработка.xddTestRunner.МодульОбъекта(337)}:	Выполнить(ИcполняемыйКод);
{ВнешняяОбработка.xddTestRunner.МодульОбъекта(261)}:			ВыполнитьПроцедуруКонтекста(КонтекстВыполнения, ЭлементДереваТестов.ИмяМетода, ЭлементДереваТестов.Параметры);
{ВнешняяОбработка.xddTestRunner.Форма.УправляемаяФорма.Форма(913)}:	РезультатТестирования = ОбъектНаСервере.ВыполнитьТестовыйМетод(КонтекстВыполнения, ЭлементДереваТестов);
"/>
			</testcase>
			<testcase classname="Проверка чтения не-администраторами - &lt;test&gt;" name="РегистрНакопления.КонтролируемыеСделкиОрганизаций: Проверка доступа на Чтение Не-Администраторами - &lt;test&gt;" time="0" status="passed"/>
			<testcase classname="Проверка чтения не-администраторами - &lt;test&gt;" name="РегистрНакопления.РасчетыПоФинансовымИнструментам: Проверка доступа на Чтение Не-Администраторами - &lt;test&gt;" time="0.016" status="passed"/>
			<testcase classname="Проверка чтения не-администраторами - &lt;test&gt;" name="Документ.ЗаказДавальца: Проверка доступа на Чтение Не-Администраторами - &lt;test&gt;" time="0" status="passed"/>
			<testcase classname="Проверка чтения не-администраторами - &lt;test&gt;" name="Справочник.ВозвратСырьяОтПереработчикаПрисоединенныеФайлы: Проверка доступа на Чтение Не-Администраторами - &lt;test&gt;" time="0.031" status="passed"/>
			<testcase classname="Проверка чтения не-администраторами - &lt;test&gt;" name="Справочник.ТОРО_ЗаказНаТПиРПрисоединенныеФайлы: Проверка доступа на Чтение Не-Администраторами - &lt;test&gt;" time="0.015" status="passed"/>
			<testcase classname="Проверка чтения не-администраторами - &lt;test&gt;" name="Справочник.ЕдиныеНормыАмортизационныхОтчисленийОсновныхФондов: Проверка доступа на Чтение Не-Администраторами - &lt;test&gt;" time="0" status="passed"/>
			<testcase classname="Проверка чтения не-администраторами - &lt;test&gt;" name="Справочник.ПоступлениеСырьяОтДавальцаПрисоединенныеФайлы: Проверка доступа на Чтение Не-Администраторами - &lt;test&gt;" time="0.016" status="passed"/>
			<testcase classname="Проверка чтения не-администраторами - &lt;test&gt;" name="Справочник.ТОРО_ВидыРаботГрандСметы: Проверка доступа на Чтение Не-Администраторами - &lt;test&gt;" time="0.031" status="passed"/>
			<testcase classname="Проверка чтения не-администраторами - &lt;test&gt;" name="Справочник.ЭлектронноеПисьмоИсходящееПрисоединенныеФайлы: Проверка доступа на Чтение Не-Администраторами - &lt;test&gt;" time="0.015" status="passed"/>
			<testcase classname="Проверка чтения не-администраторами - &lt;test&gt;" name="Документ.ОтражениеРасхожденийПриИнкассацииДенежныхСредств: Проверка доступа на Чтение Не-Администраторами - &lt;test&gt;" time="0" status="passed"/>
			<testcase classname="Проверка чтения не-администраторами - &lt;test&gt;" name="РегистрСведений.ОтветыНаВопросыАнкет: Проверка доступа на Чтение Не-Администраторами - &lt;test&gt;" time="0.016" status="passed"/>
			<testcase classname="Проверка чтения не-администраторами - &lt;test&gt;" name="Константа.ИспользоватьСервисФормированияМЧБсPDF417: Проверка доступа на Чтение Не-Администраторами - &lt;test&gt;" time="0" status="passed"/>
			<testcase classname="Проверка чтения не-администраторами - &lt;test&gt;" name="Документ.РасходныйОрдерНаТовары: Проверка доступа на Чтение Не-Администраторами - &lt;test&gt;" time="0.031" status="passed"/>
			<testcase classname="Проверка чтения не-администраторами - &lt;test&gt;" name="РегистрСведений.ПлановыеУдержания: Проверка доступа на Чтение Не-Администраторами - &lt;test&gt;" time="0.015" status="passed"/>
			<testcase classname="Проверка чтения не-администраторами - &lt;test&gt;" name="Константа.ОтправлятьЭлектронныеЧекиПоEmailЧерезОФД: Проверка доступа на Чтение Не-Администраторами - &lt;test&gt;" time="0" status="passed"/>
			<testcase classname="Проверка чтения не-администраторами - &lt;test&gt;" name="РегистрСведений.ПраваРолей: Проверка доступа на Чтение Не-Администраторами - &lt;test&gt;" time="0.032" status="passed"/>
			<testcase classname="Проверка чтения не-администраторами - &lt;test&gt;" name="РегистрСведений.СостоянияОбменовССайтом: Проверка доступа на Чтение Не-Администраторами - &lt;test&gt;" time="0.016" status="passed"/>
			<testcase classname="Проверка чтения не-администраторами - &lt;test&gt;" name="РегистрСведений.УровниСокращенийАдресныхСведений: Проверка доступа на Чтение Не-Администраторами - &lt;test&gt;" time="0.016" status="passed"/>
			<testcase classname="Проверка чтения не-администраторами - &lt;test&gt;" name="РегистрСведений.ПараметрыИсчисленияПроцентаСевернойНадбавкиФизическихЛиц: Проверка доступа на Чтение Не-Администраторами - &lt;test&gt;" time="0" status="passed"/>
			<testcase classname="Проверка чтения не-администраторами - &lt;test&gt;" name="Документ.СчетФактураПолученный: Проверка доступа на Чтение Не-Администраторами - &lt;test&gt;" time="0" status="passed"/>
			<testcase classname="Проверка чтения не-администраторами - &lt;test&gt;" name="Справочник.УсловияОбслуживанияПартнеровТорговымиПредставителями: Проверка доступа на Чтение Не-Администраторами - &lt;test&gt;" time="0.015" status="passed"/>
			<testcase classname="Проверка чтения не-администраторами - &lt;test&gt;" name="Справочник.ВидыСделокСКлиентами: Проверка доступа на Чтение Не-Администраторами - &lt;test&gt;" time="0.016" status="passed"/>
			<testcase classname="Проверка чтения не-администраторами - &lt;test&gt;" name="Константа.ИспользоватьПодарочныеСертификаты: Проверка доступа на Чтение Не-Администраторами - &lt;test&gt;" time="0" status="passed"/>
			<testcase classname="Проверка чтения не-администраторами - &lt;test&gt;" name="Справочник.СтатьиФинансированияЗарплата: Проверка доступа на Чтение Не-Администраторами - &lt;test&gt;" time="0" status="passed"/>
			<testcase classname="Проверка чтения не-администраторами - &lt;test&gt;" name="РегистрНакопления.МатериалыИРаботыВПроизводстве: Проверка доступа на Чтение Не-Администраторами - &lt;test&gt;" time="0.031" status="passed"/>
			<testcase classname="Проверка чтения не-администраторами - &lt;test&gt;" name="Документ.ЗаказНаПеремещение: Проверка доступа на Чтение Не-Администраторами - &lt;test&gt;" time="0.015" status="passed"/>
			<testcase classname="Проверка чтения не-администраторами - &lt;test&gt;" name="Константа.ДатаНачалаУУНаПланеСчетовХозрасчетный: Проверка доступа на Чтение Не-Администраторами - &lt;test&gt;" time="0.016" status="passed"/>
			<testcase classname="Проверка чтения не-администраторами - &lt;test&gt;" name="РегистрСведений.СчетаРеглУчетаТребующиеНастройки: Проверка доступа на Чтение Не-Администраторами - &lt;test&gt;" time="0.015" status="passed"/>
			<testcase classname="Проверка чтения не-администраторами - &lt;test&gt;" name="Документ.ЗаявлениеНаПредоставлениеСтандартныхВычетовПоНДФЛ: Проверка доступа на Чтение Не-Администраторами - &lt;test&gt;" time="0.016" status="passed"/>
			<testcase classname="Проверка чтения не-администраторами - &lt;test&gt;" name="Константа.НеИспользоватьНесколькоКассККМ: Проверка доступа на Чтение Не-Администраторами - &lt;test&gt;" time="0" status="passed"/>
			<testcase classname="Проверка чтения не-администраторами - &lt;test&gt;" name="РегистрСведений.ГрафикиРаботыПоВидамВремени: Проверка доступа на Чтение Не-Администраторами - &lt;test&gt;" time="0" status="passed"/>
			<testcase classname="Проверка чтения не-администраторами - &lt;test&gt;" name="РегистрНакопления.ИсчисленныеСтраховыеВзносы: Проверка доступа на Чтение Не-Администраторами - &lt;test&gt;" time="0.015" status="passed"/>
			<testcase classname="Проверка чтения не-администраторами - &lt;test&gt;" name="ПланВидовХарактеристик.ШтатноеРасписаниеПодключаемыеХарактеристики: Проверка доступа на Чтение Не-Администраторами - &lt;test&gt;" time="0.016" status="passed"/>
			<testcase classname="Проверка чтения не-администраторами - &lt;test&gt;" name="Справочник.УтверждениеШтатногоРасписанияПрисоединенныеФайлы: Проверка доступа на Чтение Не-Администраторами - &lt;test&gt;" time="0.016" status="passed"/>
			<testcase classname="Проверка чтения не-администраторами - &lt;test&gt;" name="РегистрСведений.НастройкиВариантовОтчетов: Проверка доступа на Чтение Не-Администраторами - &lt;test&gt;" time="0" status="passed"/>
			<testcase classname="Проверка чтения не-администраторами - &lt;test&gt;" name="Константа.ИспользоватьСинхронизациюДанныхВМоделиСервиса: Проверка доступа на Чтение Не-Администраторами - &lt;test&gt;" time="0" status="passed"/>
			<testcase classname="Проверка чтения не-администраторами - &lt;test&gt;" name="РегистрСведений.ПериодыБолезниУходаЗаДетьми: Проверка доступа на Чтение Не-Администраторами - &lt;test&gt;" time="0.015" status="passed"/>
			<testcase classname="Проверка чтения не-администраторами - &lt;test&gt;" name="Документ.ОтчетКомиссионераОСписании: Проверка доступа на Чтение Не-Администраторами - &lt;test&gt;" time="0.031" status="passed"/>
			<testcase classname="Проверка чтения не-администраторами - &lt;test&gt;" name="Справочник.ТОРО_ТипыТМ: Проверка доступа на Чтение Не-Администраторами - &lt;test&gt;" time="0.015" status="passed"/>
			<testcase classname="Проверка чтения не-администраторами - &lt;test&gt;" name="Константа.МинимальнаяДостоверностьНоменклатурыПродаваемойСовместно: Проверка доступа на Чтение Не-Администраторами - &lt;test&gt;" time="0" status="passed"/>
			<testcase classname="Проверка чтения не-администраторами - &lt;test&gt;" name="Справочник.УдалитьКлючиАналитикиУчетаПартийПроизводства: Проверка доступа на Чтение Не-Администраторами - &lt;test&gt;" time="0.062" status="failure">
				<failure message="[Failed] Ожидали, что проверяемое значение (Ложь) является ИСТИНОЙ.
Справочник.УдалитьКлючиАналитикиУчетаПартийПроизводства недоступно для чтения ролями без привилегий
{ВнешняяОбработка.УтвержденияBDD.МодульОбъекта(293)}:	ВызватьИсключение Префикс + &quot; &quot; + СообщениеОшибки;
{ВнешняяОбработка.УтвержденияBDD.МодульОбъекта(46)}:		ВызватьОшибкуПроверки(СообщениеОшибки);
{ВнешняяОбработка.УтвержденияBDD.МодульОбъекта(53)}:	Возврат ЭтоИстина();
{ВнешняяОбработка.ПроверкаЧтенияНеАдминистраторами.МодульОбъекта(100)}:	Ожидаем.Что(ЧтениеДоступно, ПолноеИмяМетаданного + &quot; недоступно для чтения ролями без привилегий&quot;).ЕстьИстина();
{(1)}:КонтекстВыполнения.Тест_ПроверитьНеАдминистраторскиеПраваНаЧтение(Параметры[0],Параметры[1]);
{ВнешняяОбработка.xddTestRunner.МодульОбъекта(337)}:	Выполнить(ИcполняемыйКод);
{ВнешняяОбработка.xddTestRunner.МодульОбъекта(261)}:			ВыполнитьПроцедуруКонтекста(КонтекстВыполнения, ЭлементДереваТестов.ИмяМетода, ЭлементДереваТестов.Параметры);
{ВнешняяОбработка.xddTestRunner.Форма.УправляемаяФорма.Форма(913)}:	РезультатТестирования = ОбъектНаСервере.ВыполнитьТестовыйМетод(КонтекстВыполнения, ЭлементДереваТестов);
"/>
			</testcase>
			<testcase classname="Проверка чтения не-администраторами - &lt;test&gt;" name="РегистрСведений.ГрафикРаботыСотрудниковИспр: Проверка доступа на Чтение Не-Администраторами - &lt;test&gt;" time="0.063" status="failure">
				<failure message="[Failed] Ожидали, что проверяемое значение (Ложь) является ИСТИНОЙ.
РегистрСведений.ГрафикРаботыСотрудниковИспр недоступно для чтения ролями без привилегий
{ВнешняяОбработка.УтвержденияBDD.МодульОбъекта(293)}:	ВызватьИсключение Префикс + &quot; &quot; + СообщениеОшибки;
{ВнешняяОбработка.УтвержденияBDD.МодульОбъекта(46)}:		ВызватьОшибкуПроверки(СообщениеОшибки);
{ВнешняяОбработка.УтвержденияBDD.МодульОбъекта(53)}:	Возврат ЭтоИстина();
{ВнешняяОбработка.ПроверкаЧтенияНеАдминистраторами.МодульОбъекта(100)}:	Ожидаем.Что(ЧтениеДоступно, ПолноеИмяМетаданного + &quot; недоступно для чтения ролями без привилегий&quot;).ЕстьИстина();
{(1)}:КонтекстВыполнения.Тест_ПроверитьНеАдминистраторскиеПраваНаЧтение(Параметры[0],Параметры[1]);
{ВнешняяОбработка.xddTestRunner.МодульОбъекта(337)}:	Выполнить(ИcполняемыйКод);
{ВнешняяОбработка.xddTestRunner.МодульОбъекта(261)}:			ВыполнитьПроцедуруКонтекста(КонтекстВыполнения, ЭлементДереваТестов.ИмяМетода, ЭлементДереваТестов.Параметры);
{ВнешняяОбработка.xddTestRunner.Форма.УправляемаяФорма.Форма(913)}:	РезультатТестирования = ОбъектНаСервере.ВыполнитьТестовыйМетод(КонтекстВыполнения, ЭлементДереваТестов);
"/>
			</testcase>
			<testcase classname="Проверка чтения не-администраторами - &lt;test&gt;" name="Справочник.НомераГТД: Проверка доступа на Чтение Не-Администраторами - &lt;test&gt;" time="0.015" status="passed"/>
			<testcase classname="Проверка чтения не-администраторами - &lt;test&gt;" name="РегистрСведений.ДатыЗапретаФормированияПроводокМеждународныйУчет: Проверка доступа на Чтение Не-Администраторами - &lt;test&gt;" time="0.016" status="passed"/>
			<testcase classname="Проверка чтения не-администраторами - &lt;test&gt;" name="РегистрСведений.ПлановыеАвансы: Проверка доступа на Чтение Не-Администраторами - &lt;test&gt;" time="0" status="passed"/>
			<testcase classname="Проверка чтения не-администраторами - &lt;test&gt;" name="Справочник.ВидыМехаГИСМ: Проверка доступа на Чтение Не-Администраторами - &lt;test&gt;" time="0" status="passed"/>
			<testcase classname="Проверка чтения не-администраторами - &lt;test&gt;" name="РегистрСведений.ТОРО_ИзменениеОбъектовНСИ: Проверка доступа на Чтение Не-Администраторами - &lt;test&gt;" time="0.016" status="passed"/>
			<testcase classname="Проверка чтения не-администраторами - &lt;test&gt;" name="Справочник.ТОРО_СтатусыСогласования: Проверка доступа на Чтение Не-Администраторами - &lt;test&gt;" time="0.016" status="passed"/>
			<testcase classname="Проверка чтения не-администраторами - &lt;test&gt;" name="Справочник.СертификатыНоменклатуры: Проверка доступа на Чтение Не-Администраторами - &lt;test&gt;" time="0" status="passed"/>
			<testcase classname="Проверка чтения не-администраторами - &lt;test&gt;" name="Константа.ПериодABCКлассификацииПартнеров: Проверка доступа на Чтение Не-Администраторами - &lt;test&gt;" time="0" status="passed"/>
			<testcase classname="Проверка чтения не-администраторами - &lt;test&gt;" name="РегистрСведений.СтавкаРефинансированияЦБ: Проверка доступа на Чтение Не-Администраторами - &lt;test&gt;" time="0" status="passed"/>
			<testcase classname="Проверка чтения не-администраторами - &lt;test&gt;" name="РегистрНакопления.ПредоставленныеСтандартныеИСоциальныеВычетыНДФЛ: Проверка доступа на Чтение Не-Администраторами - &lt;test&gt;" time="0.015" status="passed"/>
			<testcase classname="Проверка чтения не-администраторами - &lt;test&gt;" name="Справочник.УдалитьВидыТарифовСтраховыхВзносов: Проверка доступа на Чтение Не-Администраторами - &lt;test&gt;" time="0.031" status="passed"/>
			<testcase classname="Проверка чтения не-администраторами - &lt;test&gt;" name="Справочник.НастройкиРМК: Проверка доступа на Чтение Не-Администраторами - &lt;test&gt;" time="0.031" status="passed"/>
		</testsuite>
	</testsuite>
</testsuites>
